<scene type="triangle">
<material name="defaultMat">
<type sval="shinydiffusemat"/>
</material>
<background name="world_background">
<color b="1" a="1" g="1" r="1"/>
<power fval="1"/>
<type sval="constant"/>
</background>
<integrator name="default">
<AO_color b="1" a="1" g="1" r="1"/>
<AO_distance fval="1"/>
<AO_samples ival="32"/>
<caustic_depth ival="10"/>
<caustic_mix ival="100"/>
<caustic_radius fval="0.25"/>
<caustics bval="true"/>
<do_AO bval="true"/>
<photons ival="500000"/>
<raydepth ival="2"/>
<shadowDepth ival="2"/>
<transpShad bval="false"/>
<type sval="directlighting"/>
</integrator>
<integrator name="volintegr">
<type sval="none"/>
</integrator>
<render>
<AA_inc_samples ival="1"/>
<AA_minsamples ival="1"/>
<AA_passes ival="1"/>
<AA_pixelwidth fval="1.5"/>
<AA_threshold fval="0.05"/>
<background_name sval="world_background"/>
<camera_name sval="cam"/>
<clamp_rgb bval="false"/>
<filter_type sval="box"/>
<gamma fval="1.8"/>
<integrator_name sval="default"/>
<threads ival="1"/>
<volintegrator_name sval="volintegr"/>
<width ival="800"/>
<height ival="600"/>
<xstart ival="0"/>
<ystart ival="0"/>
<z_channel bval="true"/>
</render>
<camera name="cam">
<from x="0.0" z="480.0" y="0.0"/>
<resx ival="640"/>
<resy ival="480"/>
<to x="0.0" z="0.0" y="0.0"/>
<type sval="perspective"/>
<up x="0.0" z="0.0" y="1.0"/>
</camera>
<camera name="cam">
<from x="0.0" z="768.0" y="0.0"/>
<resx ival="1024"/>
<resy ival="768"/>
<to x="0.0" z="0.0" y="0.0"/>
<type sval="perspective"/>
<up x="0.0" z="0.0" y="1.0"/>
</camera>
<mesh faces="5672" has_orco="false" has_uv="false" vertices="17016" type="0">
<p x="-0.35875" z="-4.43875" y="1.18875"/>
<p x="-0.220938" z="-4.17344" y="1.06281"/>
<p x="-0.22125" z="-4.33375" y="1.07"/>
<p x="-0.15793" z="-4.02793" y="0.986562"/>
<p x="-0.102188" z="-4.06969" y="0.929062"/>
<p x="-0.220938" z="-4.17344" y="1.06281"/>
<p x="0.01" z="-4.09" y="0.82"/>
<p x="-0.22125" z="-4.33375" y="1.07"/>
<p x="-0.102188" z="-4.06969" y="0.929062"/>
<p x="-0.220938" z="-4.17344" y="1.06281"/>
<p x="-0.102188" z="-4.06969" y="0.929062"/>
<p x="-0.22125" z="-4.33375" y="1.07"/>
<p x="-1.01937" z="5.12312" y="-0.125625"/>
<p x="-1.0675" z="5.45875" y="-0.02"/>
<p x="-1.13375" z="5.2325" y="0.11375"/>
<p x="-1.035" z="5.7925" y="0.1075"/>
<p x="-1.0925" z="5.55375" y="0.2475"/>
<p x="-1.0675" z="5.45875" y="-0.02"/>
<p x="-1.16875" z="5.33563" y="0.3625"/>
<p x="-1.13375" z="5.2325" y="0.11375"/>
<p x="-1.0925" z="5.55375" y="0.2475"/>
<p x="-1.0675" z="5.45875" y="-0.02"/>
<p x="-1.0925" z="5.55375" y="0.2475"/>
<p x="-1.13375" z="5.2325" y="0.11375"/>
<p x="2.025" z="-4.08625" y="0.1025"/>
<p x="2.025" z="-3.905" y="-0.215"/>
<p x="1.8075" z="-4.25125" y="0.47"/>
<p x="1.90875" z="-3.74125" y="-0.50125"/>
<p x="1.7325" z="-4.045" y="0.0875"/>
<p x="2.025" z="-3.905" y="-0.215"/>
<p x="1.455" z="-4.5175" y="1.055"/>
<p x="1.8075" z="-4.25125" y="0.47"/>
<p x="1.7325" z="-4.045" y="0.0875"/>
<p x="2.025" z="-3.905" y="-0.215"/>
<p x="1.7325" z="-4.045" y="0.0875"/>
<p x="1.8075" z="-4.25125" y="0.47"/>
<p x="1.39375" z="-3.555" y="-0.97375"/>
<p x="1.43375" z="-4.05" y="0.10125"/>
<p x="1.67" z="-3.62" y="-0.77"/>
<p x="1.455" z="-4.5175" y="1.055"/>
<p x="1.7325" z="-4.045" y="0.0875"/>
<p x="1.43375" z="-4.05" y="0.10125"/>
<p x="1.90875" z="-3.74125" y="-0.50125"/>
<p x="1.67" z="-3.62" y="-0.77"/>
<p x="1.7325" z="-4.045" y="0.0875"/>
<p x="1.43375" z="-4.05" y="0.10125"/>
<p x="1.7325" z="-4.045" y="0.0875"/>
<p x="1.67" z="-3.62" y="-0.77"/>
<p x="1.455" z="-4.5175" y="1.055"/>
<p x="1.43375" z="-4.05" y="0.10125"/>
<p x="1.195" z="-4.53" y="1.145"/>
<p x="1.39375" z="-3.555" y="-0.97375"/>
<p x="1.155" z="-4.035" y="0.07"/>
<p x="1.43375" z="-4.05" y="0.10125"/>
<p x="0.90625" z="-4.51625" y="1.19875"/>
<p x="1.195" z="-4.53" y="1.145"/>
<p x="1.155" z="-4.035" y="0.07"/>
<p x="1.43375" z="-4.05" y="0.10125"/>
<p x="1.155" z="-4.035" y="0.07"/>
<p x="1.195" z="-4.53" y="1.145"/>
<p x="0.90625" z="-4.51625" y="1.19875"/>
<p x="1.155" z="-4.035" y="0.07"/>
<p x="0.91625" z="-4.04125" y="0.06375"/>
<p x="1.39375" z="-3.555" y="-0.97375"/>
<p x="1.165" z="-3.56" y="-1.065"/>
<p x="1.155" z="-4.035" y="0.07"/>
<p x="0.96125" z="-3.62375" y="-1.09"/>
<p x="0.91625" z="-4.04125" y="0.06375"/>
<p x="1.165" z="-3.56" y="-1.065"/>
<p x="1.155" z="-4.035" y="0.07"/>
<p x="1.165" z="-3.56" y="-1.065"/>
<p x="0.91625" z="-4.04125" y="0.06375"/>
<p x="0.42" z="-4.3925" y="1.11875"/>
<p x="0.65" z="-4.475" y="1.19"/>
<p x="0.695" z="-4.0575" y="0.03625"/>
<p x="0.90625" z="-4.51625" y="1.19875"/>
<p x="0.91625" z="-4.04125" y="0.06375"/>
<p x="0.65" z="-4.475" y="1.19"/>
<p x="0.96125" z="-3.62375" y="-1.09"/>
<p x="0.695" z="-4.0575" y="0.03625"/>
<p x="0.91625" z="-4.04125" y="0.06375"/>
<p x="0.65" z="-4.475" y="1.19"/>
<p x="0.91625" z="-4.04125" y="0.06375"/>
<p x="0.695" z="-4.0575" y="0.03625"/>
<p x="0.96125" z="-3.62375" y="-1.09"/>
<p x="0.76" z="-3.735" y="-1.095"/>
<p x="0.695" z="-4.0575" y="0.03625"/>
<p x="0.57375" z="-3.83125" y="-1.06625"/>
<p x="0.5175" z="-4.0375" y="-0.22625"/>
<p x="0.76" z="-3.735" y="-1.095"/>
<p x="0.42" z="-4.3925" y="1.11875"/>
<p x="0.695" z="-4.0575" y="0.03625"/>
<p x="0.5175" z="-4.0375" y="-0.22625"/>
<p x="0.76" z="-3.735" y="-1.095"/>
<p x="0.5175" z="-4.0375" y="-0.22625"/>
<p x="0.695" z="-4.0575" y="0.03625"/>
<p x="0.57375" z="-3.83125" y="-1.06625"/>
<p x="0.415" z="-3.85" y="-0.99"/>
<p x="0.5175" z="-4.0375" y="-0.22625"/>
<p x="0.26875" z="-3.825" y="-0.87625"/>
<p x="0.32625" z="-4.08875" y="0.06375"/>
<p x="0.415" z="-3.85" y="-0.99"/>
<p x="0.42" z="-4.3925" y="1.11875"/>
<p x="0.5175" z="-4.0375" y="-0.22625"/>
<p x="0.32625" z="-4.08875" y="0.06375"/>
<p x="0.415" z="-3.85" y="-0.99"/>
<p x="0.32625" z="-4.08875" y="0.06375"/>
<p x="0.5175" z="-4.0375" y="-0.22625"/>
<p x="0.01" z="-4.09" y="0.82"/>
<p x="0.26" z="-4.29625" y="1.02625"/>
<p x="0.1525" z="-3.99125" y="0.045"/>
<p x="0.42" z="-4.3925" y="1.11875"/>
<p x="0.32625" z="-4.08875" y="0.06375"/>
<p x="0.26" z="-4.29625" y="1.02625"/>
<p x="0.26875" z="-3.825" y="-0.87625"/>
<p x="0.1525" z="-3.99125" y="0.045"/>
<p x="0.32625" z="-4.08875" y="0.06375"/>
<p x="0.26" z="-4.29625" y="1.02625"/>
<p x="0.32625" z="-4.08875" y="0.06375"/>
<p x="0.1525" z="-3.99125" y="0.045"/>
<p x="0.01" z="-4.09" y="0.82"/>
<p x="0.1525" z="-3.99125" y="0.045"/>
<p x="-0.01" z="-3.92" y="0.12"/>
<p x="0.26875" z="-3.825" y="-0.87625"/>
<p x="0.12" z="-3.79" y="-0.735"/>
<p x="0.1525" z="-3.99125" y="0.045"/>
<p x="-0.03" z="-3.75" y="-0.58"/>
<p x="-0.01" z="-3.92" y="0.12"/>
<p x="0.12" z="-3.79" y="-0.735"/>
<p x="0.1525" z="-3.99125" y="0.045"/>
<p x="0.12" z="-3.79" y="-0.735"/>
<p x="-0.01" z="-3.92" y="0.12"/>
<p x="-0.35875" z="-4.43875" y="1.18875"/>
<p x="-0.22125" z="-4.33375" y="1.07"/>
<p x="-0.165" z="-4.07375" y="0.24625"/>
<p x="0.01" z="-4.09" y="0.82"/>
<p x="-0.01" z="-3.92" y="0.12"/>
<p x="-0.22125" z="-4.33375" y="1.07"/>
<p x="-0.03" z="-3.75" y="-0.58"/>
<p x="-0.165" z="-4.07375" y="0.24625"/>
<p x="-0.01" z="-3.92" y="0.12"/>
<p x="-0.22125" z="-4.33375" y="1.07"/>
<p x="-0.01" z="-3.92" y="0.12"/>
<p x="-0.165" z="-4.07375" y="0.24625"/>
<p x="-0.03" z="-3.75" y="-0.58"/>
<p x="-0.11125" z="-3.7875" y="-0.69875"/>
<p x="-0.165" z="-4.07375" y="0.24625"/>
<p x="-0.195" z="-3.8125" y="-0.77625"/>
<p x="-0.27" z="-4.06375" y="-0.03"/>
<p x="-0.11125" z="-3.7875" y="-0.69875"/>
<p x="-0.35875" z="-4.43875" y="1.18875"/>
<p x="-0.165" z="-4.07375" y="0.24625"/>
<p x="-0.27" z="-4.06375" y="-0.03"/>
<p x="-0.11125" z="-3.7875" y="-0.69875"/>
<p x="-0.27" z="-4.06375" y="-0.03"/>
<p x="-0.165" z="-4.07375" y="0.24625"/>
<p x="-0.195" z="-3.8125" y="-0.77625"/>
<p x="-0.365" z="-3.85" y="-0.89"/>
<p x="-0.27" z="-4.06375" y="-0.03"/>
<p x="-0.6" z="-3.89375" y="-0.98"/>
<p x="-0.45875" z="-4.1825" y="0.15375"/>
<p x="-0.365" z="-3.85" y="-0.89"/>
<p x="-0.35875" z="-4.43875" y="1.18875"/>
<p x="-0.27" z="-4.06375" y="-0.03"/>
<p x="-0.45875" z="-4.1825" y="0.15375"/>
<p x="-0.365" z="-3.85" y="-0.89"/>
<p x="-0.45875" z="-4.1825" y="0.15375"/>
<p x="-0.27" z="-4.06375" y="-0.03"/>
<p x="-0.6" z="-3.89375" y="-0.98"/>
<p x="-0.6575" z="-4.285" y="0.46"/>
<p x="-0.45875" z="-4.1825" y="0.15375"/>
<p x="-0.71375" z="-4.52875" y="1.3525"/>
<p x="-0.54" z="-4.51" y="1.295"/>
<p x="-0.6575" z="-4.285" y="0.46"/>
<p x="-0.35875" z="-4.43875" y="1.18875"/>
<p x="-0.45875" z="-4.1825" y="0.15375"/>
<p x="-0.54" z="-4.51" y="1.295"/>
<p x="-0.6575" z="-4.285" y="0.46"/>
<p x="-0.54" z="-4.51" y="1.295"/>
<p x="-0.45875" z="-4.1825" y="0.15375"/>
<p x="-0.6" z="-3.89375" y="-0.98"/>
<p x="-0.8425" z="-4.2175" y="0.18375"/>
<p x="-0.6575" z="-4.285" y="0.46"/>
<p x="-1.04875" z="-4.50875" y="1.35875"/>
<p x="-0.875" z="-4.525" y="1.375"/>
<p x="-0.8425" z="-4.2175" y="0.18375"/>
<p x="-0.71375" z="-4.52875" y="1.3525"/>
<p x="-0.6575" z="-4.285" y="0.46"/>
<p x="-0.875" z="-4.525" y="1.375"/>
<p x="-0.8425" z="-4.2175" y="0.18375"/>
<p x="-0.875" z="-4.525" y="1.375"/>
<p x="-0.6575" z="-4.285" y="0.46"/>
<p x="-0.6" z="-3.89375" y="-0.98"/>
<p x="-0.895" z="-3.945" y="-1.01"/>
<p x="-0.8425" z="-4.2175" y="0.18375"/>
<p x="-1.19875" z="-4.00125" y="-0.96875"/>
<p x="-1.10125" z="-4.23625" y="0.165"/>
<p x="-0.895" z="-3.945" y="-1.01"/>
<p x="-1.04875" z="-4.50875" y="1.35875"/>
<p x="-0.8425" z="-4.2175" y="0.18375"/>
<p x="-1.10125" z="-4.23625" y="0.165"/>
<p x="-0.895" z="-3.945" y="-1.01"/>
<p x="-1.10125" z="-4.23625" y="0.165"/>
<p x="-0.8425" z="-4.2175" y="0.18375"/>
<p x="-1.19875" z="-4.00125" y="-0.96875"/>
<p x="-1.375" z="-4.29125" y="0.36375"/>
<p x="-1.10125" z="-4.23625" y="0.165"/>
<p x="-1.47625" z="-4.4675" y="1.2"/>
<p x="-1.26" z="-4.49" y="1.3"/>
<p x="-1.375" z="-4.29125" y="0.36375"/>
<p x="-1.04875" z="-4.50875" y="1.35875"/>
<p x="-1.10125" z="-4.23625" y="0.165"/>
<p x="-1.26" z="-4.49" y="1.3"/>
<p x="-1.375" z="-4.29125" y="0.36375"/>
<p x="-1.26" z="-4.49" y="1.3"/>
<p x="-1.10125" z="-4.23625" y="0.165"/>
<p x="-1.19875" z="-4.00125" y="-0.96875"/>
<p x="-1.54625" z="-4.2275" y="0.02625"/>
<p x="-1.375" z="-4.29125" y="0.36375"/>
<p x="-1.81625" z="-4.4125" y="0.88"/>
<p x="-1.665" z="-4.44" y="1.06"/>
<p x="-1.54625" z="-4.2275" y="0.02625"/>
<p x="-1.47625" z="-4.4675" y="1.2"/>
<p x="-1.375" z="-4.29125" y="0.36375"/>
<p x="-1.665" z="-4.44" y="1.06"/>
<p x="-1.54625" z="-4.2275" y="0.02625"/>
<p x="-1.665" z="-4.44" y="1.06"/>
<p x="-1.375" z="-4.29125" y="0.36375"/>
<p x="-1.19875" z="-4.00125" y="-0.96875"/>
<p x="-1.46" z="-4.06" y="-0.845"/>
<p x="-1.54625" z="-4.2275" y="0.02625"/>
<p x="-1.67625" z="-4.11875" y="-0.66375"/>
<p x="-1.73" z="-4.245" y="0.00875"/>
<p x="-1.46" z="-4.06" y="-0.845"/>
<p x="-1.81625" z="-4.4125" y="0.88"/>
<p x="-1.54625" z="-4.2275" y="0.02625"/>
<p x="-1.73" z="-4.245" y="0.00875"/>
<p x="-1.46" z="-4.06" y="-0.845"/>
<p x="-1.73" z="-4.245" y="0.00875"/>
<p x="-1.54625" z="-4.2275" y="0.02625"/>
<p x="-1.97875" z="-4.3575" y="0.4"/>
<p x="-1.92" z="-4.39" y="0.66"/>
<p x="-1.86625" z="-4.26375" y="-0.0125"/>
<p x="-1.81625" z="-4.4125" y="0.88"/>
<p x="-1.73" z="-4.245" y="0.00875"/>
<p x="-1.92" z="-4.39" y="0.66"/>
<p x="-1.67625" z="-4.11875" y="-0.66375"/>
<p x="-1.86625" z="-4.26375" y="-0.0125"/>
<p x="-1.73" z="-4.245" y="0.00875"/>
<p x="-1.92" z="-4.39" y="0.66"/>
<p x="-1.73" z="-4.245" y="0.00875"/>
<p x="-1.86625" z="-4.26375" y="-0.0125"/>
<p x="-1.67625" z="-4.11875" y="-0.66375"/>
<p x="-1.845" z="-4.175" y="-0.45"/>
<p x="-1.86625" z="-4.26375" y="-0.0125"/>
<p x="-1.955" z="-4.23375" y="-0.1975"/>
<p x="-1.995" z="-4.3" y="0.1"/>
<p x="-1.845" z="-4.175" y="-0.45"/>
<p x="-1.97875" z="-4.3575" y="0.4"/>
<p x="-1.86625" z="-4.26375" y="-0.0125"/>
<p x="-1.995" z="-4.3" y="0.1"/>
<p x="-1.845" z="-4.175" y="-0.45"/>
<p x="-1.995" z="-4.3" y="0.1"/>
<p x="-1.86625" z="-4.26375" y="-0.0125"/>
<p x="1.70063" z="-2.715" y="-0.29"/>
<p x="1.795" z="-3.16625" y="-0.415"/>
<p x="1.835" z="-2.8425" y="-0.16375"/>
<p x="1.90875" z="-3.74125" y="-0.50125"/>
<p x="1.91" z="-3.2275" y="-0.195"/>
<p x="1.795" z="-3.16625" y="-0.415"/>
<p x="1.88516" z="-2.93633" y="-0.0442578"/>
<p x="1.835" z="-2.8425" y="-0.16375"/>
<p x="1.91" z="-3.2275" y="-0.195"/>
<p x="1.795" z="-3.16625" y="-0.415"/>
<p x="1.91" z="-3.2275" y="-0.195"/>
<p x="1.835" z="-2.8425" y="-0.16375"/>
<p x="1.70063" z="-2.715" y="-0.29"/>
<p x="1.835" z="-2.8425" y="-0.16375"/>
<p x="1.755" z="-2.44625" y="-0.035"/>
<p x="1.88516" z="-2.93633" y="-0.0442578"/>
<p x="1.865" z="-2.665" y="0.09"/>
<p x="1.835" z="-2.8425" y="-0.16375"/>
<p x="1.83649" z="-2.25446" y="0.26892"/>
<p x="1.755" z="-2.44625" y="-0.035"/>
<p x="1.865" z="-2.665" y="0.09"/>
<p x="1.835" z="-2.8425" y="-0.16375"/>
<p x="1.865" z="-2.665" y="0.09"/>
<p x="1.755" z="-2.44625" y="-0.035"/>
<p x="1.83649" z="-2.25446" y="0.26892"/>
<p x="1.9" z="-2.62625" y="0.46125"/>
<p x="1.88625" z="-2.305" y="0.5475"/>
<p x="1.86558" z="-2.88588" y="0.707855"/>
<p x="1.875" z="-2.57625" y="0.6975"/>
<p x="1.9" z="-2.62625" y="0.46125"/>
<p x="1.85861" z="-2.31797" y="0.806798"/>
<p x="1.88625" z="-2.305" y="0.5475"/>
<p x="1.875" z="-2.57625" y="0.6975"/>
<p x="1.9" z="-2.62625" y="0.46125"/>
<p x="1.875" z="-2.57625" y="0.6975"/>
<p x="1.88625" z="-2.305" y="0.5475"/>
<p x="1.83649" z="-2.25446" y="0.26892"/>
<p x="1.90875" z="-2.7775" y="0.32625"/>
<p x="1.9" z="-2.62625" y="0.46125"/>
<p x="1.94437" z="-3.25312" y="0.365"/>
<p x="1.9025" z="-3.035" y="0.55625"/>
<p x="1.90875" z="-2.7775" y="0.32625"/>
<p x="1.86558" z="-2.88588" y="0.707855"/>
<p x="1.9" z="-2.62625" y="0.46125"/>
<p x="1.9025" z="-3.035" y="0.55625"/>
<p x="1.90875" z="-2.7775" y="0.32625"/>
<p x="1.9025" z="-3.035" y="0.55625"/>
<p x="1.9" z="-2.62625" y="0.46125"/>
<p x="1.94437" z="-3.25312" y="0.365"/>
<p x="1.90875" z="-2.7775" y="0.32625"/>
<p x="1.925" z="-3.0525" y="0.11"/>
<p x="1.83649" z="-2.25446" y="0.26892"/>
<p x="1.865" z="-2.665" y="0.09"/>
<p x="1.90875" z="-2.7775" y="0.32625"/>
<p x="1.88516" z="-2.93633" y="-0.0442578"/>
<p x="1.925" z="-3.0525" y="0.11"/>
<p x="1.865" z="-2.665" y="0.09"/>
<p x="1.90875" z="-2.7775" y="0.32625"/>
<p x="1.865" z="-2.665" y="0.09"/>
<p x="1.925" z="-3.0525" y="0.11"/>
<p x="1.94437" z="-3.25312" y="0.365"/>
<p x="1.925" z="-3.0525" y="0.11"/>
<p x="1.97375" z="-3.49125" y="-0.02375"/>
<p x="1.88516" z="-2.93633" y="-0.0442578"/>
<p x="1.91" z="-3.2275" y="-0.195"/>
<p x="1.925" z="-3.0525" y="0.11"/>
<p x="1.90875" z="-3.74125" y="-0.50125"/>
<p x="1.97375" z="-3.49125" y="-0.02375"/>
<p x="1.91" z="-3.2275" y="-0.195"/>
<p x="1.925" z="-3.0525" y="0.11"/>
<p x="1.91" z="-3.2275" y="-0.195"/>
<p x="1.97375" z="-3.49125" y="-0.02375"/>
<p x="1.94437" z="-3.25312" y="0.365"/>
<p x="1.97375" z="-3.49125" y="-0.02375"/>
<p x="1.9775" z="-3.67625" y="0.26625"/>
<p x="1.90875" z="-3.74125" y="-0.50125"/>
<p x="2.025" z="-3.905" y="-0.215"/>
<p x="1.97375" z="-3.49125" y="-0.02375"/>
<p x="2.025" z="-4.08625" y="0.1025"/>
<p x="1.9775" z="-3.67625" y="0.26625"/>
<p x="2.025" z="-3.905" y="-0.215"/>
<p x="1.97375" z="-3.49125" y="-0.02375"/>
<p x="2.025" z="-3.905" y="-0.215"/>
<p x="1.9775" z="-3.67625" y="0.26625"/>
<p x="1.71961" z="-3.68069" y="0.98146"/>
<p x="1.57" z="-3.76875" y="1.1825"/>
<p x="1.6725" z="-3.4475" y="1.095"/>
<p x="1.39812" z="-3.78" y="1.31938"/>
<p x="1.52625" z="-3.57" y="1.26875"/>
<p x="1.57" z="-3.76875" y="1.1825"/>
<p x="1.61313" z="-3.32" y="1.20938"/>
<p x="1.6725" z="-3.4475" y="1.095"/>
<p x="1.52625" z="-3.57" y="1.26875"/>
<p x="1.57" z="-3.76875" y="1.1825"/>
<p x="1.52625" z="-3.57" y="1.26875"/>
<p x="1.6725" z="-3.4475" y="1.095"/>
<p x="1.61313" z="-3.32" y="1.20938"/>
<p x="1.75" z="-3.15625" y="0.9725"/>
<p x="1.6725" z="-3.4475" y="1.095"/>
<p x="1.86558" z="-2.88588" y="0.707855"/>
<p x="1.80875" z="-3.26875" y="0.835"/>
<p x="1.75" z="-3.15625" y="0.9725"/>
<p x="1.71961" z="-3.68069" y="0.98146"/>
<p x="1.6725" z="-3.4475" y="1.095"/>
<p x="1.80875" z="-3.26875" y="0.835"/>
<p x="1.75" z="-3.15625" y="0.9725"/>
<p x="1.80875" z="-3.26875" y="0.835"/>
<p x="1.6725" z="-3.4475" y="1.095"/>
<p x="1.94437" z="-3.25312" y="0.365"/>
<p x="1.87625" z="-3.45875" y="0.655"/>
<p x="1.9025" z="-3.035" y="0.55625"/>
<p x="1.71961" z="-3.68069" y="0.98146"/>
<p x="1.80875" z="-3.26875" y="0.835"/>
<p x="1.87625" z="-3.45875" y="0.655"/>
<p x="1.86558" z="-2.88588" y="0.707855"/>
<p x="1.9025" z="-3.035" y="0.55625"/>
<p x="1.80875" z="-3.26875" y="0.835"/>
<p x="1.87625" z="-3.45875" y="0.655"/>
<p x="1.80875" z="-3.26875" y="0.835"/>
<p x="1.9025" z="-3.035" y="0.55625"/>
<p x="1.71961" z="-3.68069" y="0.98146"/>
<p x="1.87625" z="-3.45875" y="0.655"/>
<p x="1.8825" z="-3.86" y="0.59625"/>
<p x="1.94437" z="-3.25312" y="0.365"/>
<p x="1.9775" z="-3.67625" y="0.26625"/>
<p x="1.87625" z="-3.45875" y="0.655"/>
<p x="2.025" z="-4.08625" y="0.1025"/>
<p x="1.8825" z="-3.86" y="0.59625"/>
<p x="1.9775" z="-3.67625" y="0.26625"/>
<p x="1.87625" z="-3.45875" y="0.655"/>
<p x="1.9775" z="-3.67625" y="0.26625"/>
<p x="1.8825" z="-3.86" y="0.59625"/>
<p x="1.71961" z="-3.68069" y="0.98146"/>
<p x="1.8825" z="-3.86" y="0.59625"/>
<p x="1.74125" z="-4.10375" y="0.86625"/>
<p x="2.025" z="-4.08625" y="0.1025"/>
<p x="1.915" z="-4.26" y="0.465"/>
<p x="1.8825" z="-3.86" y="0.59625"/>
<p x="1.76" z="-4.4" y="0.78"/>
<p x="1.74125" z="-4.10375" y="0.86625"/>
<p x="1.915" z="-4.26" y="0.465"/>
<p x="1.8825" z="-3.86" y="0.59625"/>
<p x="1.915" z="-4.26" y="0.465"/>
<p x="1.74125" z="-4.10375" y="0.86625"/>
<p x="1.71961" z="-3.68069" y="0.98146"/>
<p x="1.74125" z="-4.10375" y="0.86625"/>
<p x="1.59875" z="-4.09125" y="1.07375"/>
<p x="1.76" z="-4.4" y="0.78"/>
<p x="1.625" z="-4.48" y="0.955"/>
<p x="1.74125" z="-4.10375" y="0.86625"/>
<p x="1.455" z="-4.5175" y="1.055"/>
<p x="1.59875" z="-4.09125" y="1.07375"/>
<p x="1.625" z="-4.48" y="0.955"/>
<p x="1.74125" z="-4.10375" y="0.86625"/>
<p x="1.625" z="-4.48" y="0.955"/>
<p x="1.59875" z="-4.09125" y="1.07375"/>
<p x="1.71961" z="-3.68069" y="0.98146"/>
<p x="1.59875" z="-4.09125" y="1.07375"/>
<p x="1.57" z="-3.76875" y="1.1825"/>
<p x="1.455" z="-4.5175" y="1.055"/>
<p x="1.41625" z="-4.06375" y="1.21"/>
<p x="1.59875" z="-4.09125" y="1.07375"/>
<p x="1.39812" z="-3.78" y="1.31938"/>
<p x="1.57" z="-3.76875" y="1.1825"/>
<p x="1.41625" z="-4.06375" y="1.21"/>
<p x="1.59875" z="-4.09125" y="1.07375"/>
<p x="1.41625" z="-4.06375" y="1.21"/>
<p x="1.57" z="-3.76875" y="1.1825"/>
<p x="1.43812" z="-3.01875" y="1.5325"/>
<p x="1.56375" z="-2.9475" y="1.39375"/>
<p x="1.52375" z="-3.18" y="1.37875"/>
<p x="1.64059" z="-2.93883" y="1.24793"/>
<p x="1.645" z="-3.0975" y="1.205"/>
<p x="1.56375" z="-2.9475" y="1.39375"/>
<p x="1.61313" z="-3.32" y="1.20938"/>
<p x="1.52375" z="-3.18" y="1.37875"/>
<p x="1.645" z="-3.0975" y="1.205"/>
<p x="1.56375" z="-2.9475" y="1.39375"/>
<p x="1.645" z="-3.0975" y="1.205"/>
<p x="1.52375" z="-3.18" y="1.37875"/>
<p x="1.86558" z="-2.88588" y="0.707855"/>
<p x="1.75" z="-3.15625" y="0.9725"/>
<p x="1.73625" z="-2.91375" y="1.04125"/>
<p x="1.61313" z="-3.32" y="1.20938"/>
<p x="1.645" z="-3.0975" y="1.205"/>
<p x="1.75" z="-3.15625" y="0.9725"/>
<p x="1.64059" z="-2.93883" y="1.24793"/>
<p x="1.73625" z="-2.91375" y="1.04125"/>
<p x="1.645" z="-3.0975" y="1.205"/>
<p x="1.75" z="-3.15625" y="0.9725"/>
<p x="1.645" z="-3.0975" y="1.205"/>
<p x="1.73625" z="-2.91375" y="1.04125"/>
<p x="1.86558" z="-2.88588" y="0.707855"/>
<p x="1.77375" z="-2.65875" y="1.01125"/>
<p x="1.875" z="-2.57625" y="0.6975"/>
<p x="1.58312" z="-2.41523" y="1.45725"/>
<p x="1.7725" z="-2.3825" y="1.06875"/>
<p x="1.77375" z="-2.65875" y="1.01125"/>
<p x="1.85861" z="-2.31797" y="0.806798"/>
<p x="1.875" z="-2.57625" y="0.6975"/>
<p x="1.7725" z="-2.3825" y="1.06875"/>
<p x="1.77375" z="-2.65875" y="1.01125"/>
<p x="1.7725" z="-2.3825" y="1.06875"/>
<p x="1.875" z="-2.57625" y="0.6975"/>
<p x="1.64059" z="-2.93883" y="1.24793"/>
<p x="1.64125" z="-2.74875" y="1.29125"/>
<p x="1.73625" z="-2.91375" y="1.04125"/>
<p x="1.58312" z="-2.41523" y="1.45725"/>
<p x="1.77375" z="-2.65875" y="1.01125"/>
<p x="1.64125" z="-2.74875" y="1.29125"/>
<p x="1.86558" z="-2.88588" y="0.707855"/>
<p x="1.73625" z="-2.91375" y="1.04125"/>
<p x="1.77375" z="-2.65875" y="1.01125"/>
<p x="1.64125" z="-2.74875" y="1.29125"/>
<p x="1.77375" z="-2.65875" y="1.01125"/>
<p x="1.73625" z="-2.91375" y="1.04125"/>
<p x="1.43812" z="-3.01875" y="1.5325"/>
<p x="1.51125" z="-2.7525" y="1.51625"/>
<p x="1.56375" z="-2.9475" y="1.39375"/>
<p x="1.58312" z="-2.41523" y="1.45725"/>
<p x="1.64125" z="-2.74875" y="1.29125"/>
<p x="1.51125" z="-2.7525" y="1.51625"/>
<p x="1.64059" z="-2.93883" y="1.24793"/>
<p x="1.56375" z="-2.9475" y="1.39375"/>
<p x="1.64125" z="-2.74875" y="1.29125"/>
<p x="1.51125" z="-2.7525" y="1.51625"/>
<p x="1.64125" z="-2.74875" y="1.29125"/>
<p x="1.56375" z="-2.9475" y="1.39375"/>
<p x="1.43812" z="-3.01875" y="1.5325"/>
<p x="1.3325" z="-2.9375" y="1.69625"/>
<p x="1.51125" z="-2.7525" y="1.51625"/>
<p x="1.19125" z="-2.89688" y="1.89938"/>
<p x="1.37125" z="-2.63375" y="1.73625"/>
<p x="1.3325" z="-2.9375" y="1.69625"/>
<p x="1.58312" z="-2.41523" y="1.45725"/>
<p x="1.51125" z="-2.7525" y="1.51625"/>
<p x="1.37125" z="-2.63375" y="1.73625"/>
<p x="1.3325" z="-2.9375" y="1.69625"/>
<p x="1.37125" z="-2.63375" y="1.73625"/>
<p x="1.51125" z="-2.7525" y="1.51625"/>
<p x="0.964863" z="-3.24123" y="1.93121"/>
<p x="1.06375" z="-3.1175" y="1.9325"/>
<p x="1.01" z="-3.3025" y="1.84375"/>
<p x="1.19125" z="-2.89688" y="1.89938"/>
<p x="1.14875" z="-3.15625" y="1.80875"/>
<p x="1.06375" z="-3.1175" y="1.9325"/>
<p x="1.05441" z="-3.38137" y="1.74333"/>
<p x="1.01" z="-3.3025" y="1.84375"/>
<p x="1.14875" z="-3.15625" y="1.80875"/>
<p x="1.06375" z="-3.1175" y="1.9325"/>
<p x="1.14875" z="-3.15625" y="1.80875"/>
<p x="1.01" z="-3.3025" y="1.84375"/>
<p x="1.43812" z="-3.01875" y="1.5325"/>
<p x="1.25" z="-3.2" y="1.66625"/>
<p x="1.3325" z="-2.9375" y="1.69625"/>
<p x="1.05441" z="-3.38137" y="1.74333"/>
<p x="1.14875" z="-3.15625" y="1.80875"/>
<p x="1.25" z="-3.2" y="1.66625"/>
<p x="1.19125" z="-2.89688" y="1.89938"/>
<p x="1.3325" z="-2.9375" y="1.69625"/>
<p x="1.14875" z="-3.15625" y="1.80875"/>
<p x="1.25" z="-3.2" y="1.66625"/>
<p x="1.14875" z="-3.15625" y="1.80875"/>
<p x="1.3325" z="-2.9375" y="1.69625"/>
<p x="1.05441" z="-3.38137" y="1.74333"/>
<p x="1.25" z="-3.2" y="1.66625"/>
<p x="1.18375" z="-3.4325" y="1.61875"/>
<p x="1.43812" z="-3.01875" y="1.5325"/>
<p x="1.36" z="-3.29" y="1.51375"/>
<p x="1.25" z="-3.2" y="1.66625"/>
<p x="1.29439" z="-3.50113" y="1.49907"/>
<p x="1.18375" z="-3.4325" y="1.61875"/>
<p x="1.36" z="-3.29" y="1.51375"/>
<p x="1.25" z="-3.2" y="1.66625"/>
<p x="1.36" z="-3.29" y="1.51375"/>
<p x="1.18375" z="-3.4325" y="1.61875"/>
<p x="1.43812" z="-3.01875" y="1.5325"/>
<p x="1.52375" z="-3.18" y="1.37875"/>
<p x="1.36" z="-3.29" y="1.51375"/>
<p x="1.61313" z="-3.32" y="1.20938"/>
<p x="1.45375" z="-3.42875" y="1.37375"/>
<p x="1.52375" z="-3.18" y="1.37875"/>
<p x="1.29439" z="-3.50113" y="1.49907"/>
<p x="1.36" z="-3.29" y="1.51375"/>
<p x="1.45375" z="-3.42875" y="1.37375"/>
<p x="1.52375" z="-3.18" y="1.37875"/>
<p x="1.45375" z="-3.42875" y="1.37375"/>
<p x="1.36" z="-3.29" y="1.51375"/>
<p x="1.29439" z="-3.50113" y="1.49907"/>
<p x="1.45375" z="-3.42875" y="1.37375"/>
<p x="1.3525" z="-3.62375" y="1.41125"/>
<p x="1.61313" z="-3.32" y="1.20938"/>
<p x="1.52625" z="-3.57" y="1.26875"/>
<p x="1.45375" z="-3.42875" y="1.37375"/>
<p x="1.39812" z="-3.78" y="1.31938"/>
<p x="1.3525" z="-3.62375" y="1.41125"/>
<p x="1.52625" z="-3.57" y="1.26875"/>
<p x="1.45375" z="-3.42875" y="1.37375"/>
<p x="1.52625" z="-3.57" y="1.26875"/>
<p x="1.3525" z="-3.62375" y="1.41125"/>
<p x="1.05084" z="-3.63102" y="1.57393"/>
<p x="1.18125" z="-3.5875" y="1.55125"/>
<p x="1.19375" z="-3.70875" y="1.46625"/>
<p x="1.29439" z="-3.50113" y="1.49907"/>
<p x="1.3525" z="-3.62375" y="1.41125"/>
<p x="1.18125" z="-3.5875" y="1.55125"/>
<p x="1.39812" z="-3.78" y="1.31938"/>
<p x="1.19375" z="-3.70875" y="1.46625"/>
<p x="1.3525" z="-3.62375" y="1.41125"/>
<p x="1.18125" z="-3.5875" y="1.55125"/>
<p x="1.3525" z="-3.62375" y="1.41125"/>
<p x="1.19375" z="-3.70875" y="1.46625"/>
<p x="1.05441" z="-3.38137" y="1.74333"/>
<p x="1.18375" z="-3.4325" y="1.61875"/>
<p x="1.0325" z="-3.52875" y="1.65375"/>
<p x="1.29439" z="-3.50113" y="1.49907"/>
<p x="1.18125" z="-3.5875" y="1.55125"/>
<p x="1.18375" z="-3.4325" y="1.61875"/>
<p x="1.05084" z="-3.63102" y="1.57393"/>
<p x="1.0325" z="-3.52875" y="1.65375"/>
<p x="1.18125" z="-3.5875" y="1.55125"/>
<p x="1.18375" z="-3.4325" y="1.61875"/>
<p x="1.18125" z="-3.5875" y="1.55125"/>
<p x="1.0325" z="-3.52875" y="1.65375"/>
<p x="1.05084" z="-3.63102" y="1.57393"/>
<p x="0.885" z="-3.6325" y="1.6175"/>
<p x="1.0325" z="-3.52875" y="1.65375"/>
<p x="0.725625" z="-3.6175" y="1.64813"/>
<p x="0.8825" z="-3.51875" y="1.71"/>
<p x="0.885" z="-3.6325" y="1.6175"/>
<p x="1.05441" z="-3.38137" y="1.74333"/>
<p x="1.0325" z="-3.52875" y="1.65375"/>
<p x="0.8825" z="-3.51875" y="1.71"/>
<p x="0.885" z="-3.6325" y="1.6175"/>
<p x="0.8825" z="-3.51875" y="1.71"/>
<p x="1.0325" z="-3.52875" y="1.65375"/>
<p x="0.79125" z="-3.41875" y="1.8725"/>
<p x="0.89" z="-3.34625" y="1.8975"/>
<p x="0.89875" z="-3.42375" y="1.80625"/>
<p x="0.964863" z="-3.24123" y="1.93121"/>
<p x="1.01" z="-3.3025" y="1.84375"/>
<p x="0.89" z="-3.34625" y="1.8975"/>
<p x="1.05441" z="-3.38137" y="1.74333"/>
<p x="0.89875" z="-3.42375" y="1.80625"/>
<p x="1.01" z="-3.3025" y="1.84375"/>
<p x="0.89" z="-3.34625" y="1.8975"/>
<p x="1.01" z="-3.3025" y="1.84375"/>
<p x="0.89875" z="-3.42375" y="1.80625"/>
<p x="0.79125" z="-3.41875" y="1.8725"/>
<p x="0.77" z="-3.515" y="1.76"/>
<p x="0.71" z="-3.48875" y="1.82"/>
<p x="0.725625" z="-3.6175" y="1.64813"/>
<p x="0.65125" z="-3.57" y="1.69875"/>
<p x="0.77" z="-3.515" y="1.76"/>
<p x="0.639727" z="-3.52668" y="1.75879"/>
<p x="0.71" z="-3.48875" y="1.82"/>
<p x="0.65125" z="-3.57" y="1.69875"/>
<p x="0.77" z="-3.515" y="1.76"/>
<p x="0.65125" z="-3.57" y="1.69875"/>
<p x="0.71" z="-3.48875" y="1.82"/>
<p x="0.79125" z="-3.41875" y="1.8725"/>
<p x="0.89875" z="-3.42375" y="1.80625"/>
<p x="0.77" z="-3.515" y="1.76"/>
<p x="1.05441" z="-3.38137" y="1.74333"/>
<p x="0.8825" z="-3.51875" y="1.71"/>
<p x="0.89875" z="-3.42375" y="1.80625"/>
<p x="0.725625" z="-3.6175" y="1.64813"/>
<p x="0.77" z="-3.515" y="1.76"/>
<p x="0.8825" z="-3.51875" y="1.71"/>
<p x="0.89875" z="-3.42375" y="1.80625"/>
<p x="0.8825" z="-3.51875" y="1.71"/>
<p x="0.77" z="-3.515" y="1.76"/>
<p x="0.725625" z="-3.6175" y="1.64813"/>
<p x="0.885" z="-3.6325" y="1.6175"/>
<p x="0.73625" z="-3.7325" y="1.55125"/>
<p x="1.05084" z="-3.63102" y="1.57393"/>
<p x="0.96375" z="-3.74875" y="1.5175"/>
<p x="0.885" z="-3.6325" y="1.6175"/>
<p x="0.818014" z="-3.94005" y="1.42674"/>
<p x="0.73625" z="-3.7325" y="1.55125"/>
<p x="0.96375" z="-3.74875" y="1.5175"/>
<p x="0.885" z="-3.6325" y="1.6175"/>
<p x="0.96375" z="-3.74875" y="1.5175"/>
<p x="0.73625" z="-3.7325" y="1.55125"/>
<p x="1.39812" z="-3.78" y="1.31938"/>
<p x="1.1625" z="-3.905" y="1.375"/>
<p x="1.19375" z="-3.70875" y="1.46625"/>
<p x="0.818014" z="-3.94005" y="1.42674"/>
<p x="0.96375" z="-3.74875" y="1.5175"/>
<p x="1.1625" z="-3.905" y="1.375"/>
<p x="1.05084" z="-3.63102" y="1.57393"/>
<p x="1.19375" z="-3.70875" y="1.46625"/>
<p x="0.96375" z="-3.74875" y="1.5175"/>
<p x="1.1625" z="-3.905" y="1.375"/>
<p x="0.96375" z="-3.74875" y="1.5175"/>
<p x="1.19375" z="-3.70875" y="1.46625"/>
<p x="1.39812" z="-3.78" y="1.31938"/>
<p x="1.41625" z="-4.06375" y="1.21"/>
<p x="1.1625" z="-3.905" y="1.375"/>
<p x="1.455" z="-4.5175" y="1.055"/>
<p x="1.1575" z="-4.205" y="1.26375"/>
<p x="1.41625" z="-4.06375" y="1.21"/>
<p x="0.818014" z="-3.94005" y="1.42674"/>
<p x="1.1625" z="-3.905" y="1.375"/>
<p x="1.1575" z="-4.205" y="1.26375"/>
<p x="1.41625" z="-4.06375" y="1.21"/>
<p x="1.1575" z="-4.205" y="1.26375"/>
<p x="1.1625" z="-3.905" y="1.375"/>
<p x="0.90625" z="-4.51625" y="1.19875"/>
<p x="0.87625" z="-4.28375" y="1.285"/>
<p x="1.195" z="-4.53" y="1.145"/>
<p x="0.818014" z="-3.94005" y="1.42674"/>
<p x="1.1575" z="-4.205" y="1.26375"/>
<p x="0.87625" z="-4.28375" y="1.285"/>
<p x="1.455" z="-4.5175" y="1.055"/>
<p x="1.195" z="-4.53" y="1.145"/>
<p x="1.1575" z="-4.205" y="1.26375"/>
<p x="0.87625" z="-4.28375" y="1.285"/>
<p x="1.1575" z="-4.205" y="1.26375"/>
<p x="1.195" z="-4.53" y="1.145"/>
<p x="0.90625" z="-4.51625" y="1.19875"/>
<p x="0.65" z="-4.475" y="1.19"/>
<p x="0.87625" z="-4.28375" y="1.285"/>
<p x="0.42" z="-4.3925" y="1.11875"/>
<p x="0.61375" z="-4.17875" y="1.3"/>
<p x="0.65" z="-4.475" y="1.19"/>
<p x="0.818014" z="-3.94005" y="1.42674"/>
<p x="0.87625" z="-4.28375" y="1.285"/>
<p x="0.61375" z="-4.17875" y="1.3"/>
<p x="0.65" z="-4.475" y="1.19"/>
<p x="0.61375" z="-4.17875" y="1.3"/>
<p x="0.87625" z="-4.28375" y="1.285"/>
<p x="0.348125" z="-3.90125" y="1.32"/>
<p x="0.5325" z="-3.935" y="1.3825"/>
<p x="0.40875" z="-4.115" y="1.25125"/>
<p x="0.818014" z="-3.94005" y="1.42674"/>
<p x="0.61375" z="-4.17875" y="1.3"/>
<p x="0.5325" z="-3.935" y="1.3825"/>
<p x="0.42" z="-4.3925" y="1.11875"/>
<p x="0.40875" z="-4.115" y="1.25125"/>
<p x="0.61375" z="-4.17875" y="1.3"/>
<p x="0.5325" z="-3.935" y="1.3825"/>
<p x="0.61375" z="-4.17875" y="1.3"/>
<p x="0.40875" z="-4.115" y="1.25125"/>
<p x="0.36" z="-3.59375" y="1.51125"/>
<p x="0.5625" z="-3.76" y="1.48625"/>
<p x="0.3825" z="-3.74375" y="1.425"/>
<p x="0.818014" z="-3.94005" y="1.42674"/>
<p x="0.5325" z="-3.935" y="1.3825"/>
<p x="0.5625" z="-3.76" y="1.48625"/>
<p x="0.348125" z="-3.90125" y="1.32"/>
<p x="0.3825" z="-3.74375" y="1.425"/>
<p x="0.5325" z="-3.935" y="1.3825"/>
<p x="0.5625" z="-3.76" y="1.48625"/>
<p x="0.5325" z="-3.935" y="1.3825"/>
<p x="0.3825" z="-3.74375" y="1.425"/>
<p x="0.36" z="-3.59375" y="1.51125"/>
<p x="0.57125" z="-3.64625" y="1.58375"/>
<p x="0.5625" z="-3.76" y="1.48625"/>
<p x="0.725625" z="-3.6175" y="1.64813"/>
<p x="0.73625" z="-3.7325" y="1.55125"/>
<p x="0.57125" z="-3.64625" y="1.58375"/>
<p x="0.818014" z="-3.94005" y="1.42674"/>
<p x="0.5625" z="-3.76" y="1.48625"/>
<p x="0.73625" z="-3.7325" y="1.55125"/>
<p x="0.57125" z="-3.64625" y="1.58375"/>
<p x="0.73625" z="-3.7325" y="1.55125"/>
<p x="0.5625" z="-3.76" y="1.48625"/>
<p x="0.725625" z="-3.6175" y="1.64813"/>
<p x="0.57125" z="-3.64625" y="1.58375"/>
<p x="0.65125" z="-3.57" y="1.69875"/>
<p x="0.36" z="-3.59375" y="1.51125"/>
<p x="0.54125" z="-3.55625" y="1.68125"/>
<p x="0.57125" z="-3.64625" y="1.58375"/>
<p x="0.639727" z="-3.52668" y="1.75879"/>
<p x="0.65125" z="-3.57" y="1.69875"/>
<p x="0.54125" z="-3.55625" y="1.68125"/>
<p x="0.57125" z="-3.64625" y="1.58375"/>
<p x="0.54125" z="-3.55625" y="1.68125"/>
<p x="0.65125" z="-3.57" y="1.69875"/>
<p x="0.36" z="-3.59375" y="1.51125"/>
<p x="0.3825" z="-3.74375" y="1.425"/>
<p x="0.245" z="-3.555" y="1.45"/>
<p x="0.348125" z="-3.90125" y="1.32"/>
<p x="0.2475" z="-3.715" y="1.35375"/>
<p x="0.3825" z="-3.74375" y="1.425"/>
<p x="0.155" z="-3.50625" y="1.38625"/>
<p x="0.245" z="-3.555" y="1.45"/>
<p x="0.2475" z="-3.715" y="1.35375"/>
<p x="0.3825" z="-3.74375" y="1.425"/>
<p x="0.2475" z="-3.715" y="1.35375"/>
<p x="0.245" z="-3.555" y="1.45"/>
<p x="0.348125" z="-3.90125" y="1.32"/>
<p x="0.21375" z="-3.855" y="1.235"/>
<p x="0.2475" z="-3.715" y="1.35375"/>
<p x="0.105" z="-3.8325" y="1.12812"/>
<p x="0.1425" z="-3.67625" y="1.2675"/>
<p x="0.21375" z="-3.855" y="1.235"/>
<p x="0.155" z="-3.50625" y="1.38625"/>
<p x="0.2475" z="-3.715" y="1.35375"/>
<p x="0.1425" z="-3.67625" y="1.2675"/>
<p x="0.21375" z="-3.855" y="1.235"/>
<p x="0.1425" z="-3.67625" y="1.2675"/>
<p x="0.2475" z="-3.715" y="1.35375"/>
<p x="0.348125" z="-3.90125" y="1.32"/>
<p x="0.40875" z="-4.115" y="1.25125"/>
<p x="0.25625" z="-4.00875" y="1.1925"/>
<p x="0.42" z="-4.3925" y="1.11875"/>
<p x="0.25625" z="-4.165" y="1.10625"/>
<p x="0.40875" z="-4.115" y="1.25125"/>
<p x="0.185117" z="-4.04422" y="1.09453"/>
<p x="0.25625" z="-4.00875" y="1.1925"/>
<p x="0.25625" z="-4.165" y="1.10625"/>
<p x="0.40875" z="-4.115" y="1.25125"/>
<p x="0.25625" z="-4.165" y="1.10625"/>
<p x="0.25625" z="-4.00875" y="1.1925"/>
<p x="0.105" z="-3.8325" y="1.12812"/>
<p x="0.21375" z="-3.855" y="1.235"/>
<p x="0.14375" z="-3.955" y="1.09875"/>
<p x="0.348125" z="-3.90125" y="1.32"/>
<p x="0.25625" z="-4.00875" y="1.1925"/>
<p x="0.21375" z="-3.855" y="1.235"/>
<p x="0.185117" z="-4.04422" y="1.09453"/>
<p x="0.14375" z="-3.955" y="1.09875"/>
<p x="0.25625" z="-4.00875" y="1.1925"/>
<p x="0.21375" z="-3.855" y="1.235"/>
<p x="0.25625" z="-4.00875" y="1.1925"/>
<p x="0.14375" z="-3.955" y="1.09875"/>
<p x="0.01" z="-4.09" y="0.82"/>
<p x="0.0525" z="-3.95875" y="0.97625"/>
<p x="0.125" z="-4.07625" y="0.9975"/>
<p x="0.105" z="-3.8325" y="1.12812"/>
<p x="0.14375" z="-3.955" y="1.09875"/>
<p x="0.0525" z="-3.95875" y="0.97625"/>
<p x="0.185117" z="-4.04422" y="1.09453"/>
<p x="0.125" z="-4.07625" y="0.9975"/>
<p x="0.14375" z="-3.955" y="1.09875"/>
<p x="0.0525" z="-3.95875" y="0.97625"/>
<p x="0.14375" z="-3.955" y="1.09875"/>
<p x="0.125" z="-4.07625" y="0.9975"/>
<p x="0.01" z="-4.09" y="0.82"/>
<p x="0.125" z="-4.07625" y="0.9975"/>
<p x="0.26" z="-4.29625" y="1.02625"/>
<p x="0.185117" z="-4.04422" y="1.09453"/>
<p x="0.25625" z="-4.165" y="1.10625"/>
<p x="0.125" z="-4.07625" y="0.9975"/>
<p x="0.42" z="-4.3925" y="1.11875"/>
<p x="0.26" z="-4.29625" y="1.02625"/>
<p x="0.25625" z="-4.165" y="1.10625"/>
<p x="0.125" z="-4.07625" y="0.9975"/>
<p x="0.25625" z="-4.165" y="1.10625"/>
<p x="0.26" z="-4.29625" y="1.02625"/>
<p x="0.01" z="-4.09" y="0.82"/>
<p x="-0.0525" z="-3.90875" y="0.8575"/>
<p x="0.0525" z="-3.95875" y="0.97625"/>
<p x="-0.09125" z="-3.7725" y="0.8975"/>
<p x="0.00875" z="-3.8075" y="1.01125"/>
<p x="-0.0525" z="-3.90875" y="0.8575"/>
<p x="0.105" z="-3.8325" y="1.12812"/>
<p x="0.0525" z="-3.95875" y="0.97625"/>
<p x="0.00875" z="-3.8075" y="1.01125"/>
<p x="-0.0525" z="-3.90875" y="0.8575"/>
<p x="0.00875" z="-3.8075" y="1.01125"/>
<p x="0.0525" z="-3.95875" y="0.97625"/>
<p x="-0.15793" z="-4.02793" y="0.986562"/>
<p x="-0.119688" z="-3.91844" y="0.935312"/>
<p x="-0.102188" z="-4.06969" y="0.929062"/>
<p x="-0.09125" z="-3.7725" y="0.8975"/>
<p x="-0.0525" z="-3.90875" y="0.8575"/>
<p x="-0.119688" z="-3.91844" y="0.935312"/>
<p x="0.01" z="-4.09" y="0.82"/>
<p x="-0.102188" z="-4.06969" y="0.929062"/>
<p x="-0.0525" z="-3.90875" y="0.8575"/>
<p x="-0.119688" z="-3.91844" y="0.935312"/>
<p x="-0.0525" z="-3.90875" y="0.8575"/>
<p x="-0.102188" z="-4.06969" y="0.929062"/>
<p x="1.03125" z="-2.21125" y="2.24125"/>
<p x="1.28375" z="-2.26125" y="1.91375"/>
<p x="1.15125" z="-2.55" y="2.045"/>
<p x="1.58312" z="-2.41523" y="1.45725"/>
<p x="1.37125" z="-2.63375" y="1.73625"/>
<p x="1.28375" z="-2.26125" y="1.91375"/>
<p x="1.19125" z="-2.89688" y="1.89938"/>
<p x="1.15125" z="-2.55" y="2.045"/>
<p x="1.37125" z="-2.63375" y="1.73625"/>
<p x="1.28375" z="-2.26125" y="1.91375"/>
<p x="1.37125" z="-2.63375" y="1.73625"/>
<p x="1.15125" z="-2.55" y="2.045"/>
<p x="0.878329" z="-2.87755" y="2.25186"/>
<p x="0.95625" z="-2.545" y="2.27375"/>
<p x="1.045" z="-2.85375" y="2.095"/>
<p x="1.03125" z="-2.21125" y="2.24125"/>
<p x="1.15125" z="-2.55" y="2.045"/>
<p x="0.95625" z="-2.545" y="2.27375"/>
<p x="1.19125" z="-2.89688" y="1.89938"/>
<p x="1.045" z="-2.85375" y="2.095"/>
<p x="1.15125" z="-2.55" y="2.045"/>
<p x="0.95625" z="-2.545" y="2.27375"/>
<p x="1.15125" z="-2.55" y="2.045"/>
<p x="1.045" z="-2.85375" y="2.095"/>
<p x="0.878329" z="-2.87755" y="2.25186"/>
<p x="1.045" z="-2.85375" y="2.095"/>
<p x="0.9575" z="-3.085" y="2.06375"/>
<p x="1.19125" z="-2.89688" y="1.89938"/>
<p x="1.06375" z="-3.1175" y="1.9325"/>
<p x="1.045" z="-2.85375" y="2.095"/>
<p x="0.964863" z="-3.24123" y="1.93121"/>
<p x="0.9575" z="-3.085" y="2.06375"/>
<p x="1.06375" z="-3.1175" y="1.9325"/>
<p x="1.045" z="-2.85375" y="2.095"/>
<p x="1.06375" z="-3.1175" y="1.9325"/>
<p x="0.9575" z="-3.085" y="2.06375"/>
<p x="0.878329" z="-2.87755" y="2.25186"/>
<p x="0.7025" z="-3.035" y="2.2775"/>
<p x="0.66125" z="-2.8775" y="2.37875"/>
<p x="0.555887" z="-3.14823" y="2.24552"/>
<p x="0.5" z="-3.04375" y="2.33"/>
<p x="0.7025" z="-3.035" y="2.2775"/>
<p x="0.44" z="-2.91063" y="2.42563"/>
<p x="0.66125" z="-2.8775" y="2.37875"/>
<p x="0.5" z="-3.04375" y="2.33"/>
<p x="0.7025" z="-3.035" y="2.2775"/>
<p x="0.5" z="-3.04375" y="2.33"/>
<p x="0.66125" z="-2.8775" y="2.37875"/>
<p x="0.79125" z="-3.41875" y="1.8725"/>
<p x="0.78" z="-3.3325" y="1.9825"/>
<p x="0.89" z="-3.34625" y="1.8975"/>
<p x="0.764205" z="-3.23495" y="2.09066"/>
<p x="0.86625" z="-3.23625" y="2.01875"/>
<p x="0.78" z="-3.3325" y="1.9825"/>
<p x="0.964863" z="-3.24123" y="1.93121"/>
<p x="0.89" z="-3.34625" y="1.8975"/>
<p x="0.86625" z="-3.23625" y="2.01875"/>
<p x="0.78" z="-3.3325" y="1.9825"/>
<p x="0.86625" z="-3.23625" y="2.01875"/>
<p x="0.89" z="-3.34625" y="1.8975"/>
<p x="0.764205" z="-3.23495" y="2.09066"/>
<p x="0.82125" z="-3.10125" y="2.16375"/>
<p x="0.86625" z="-3.23625" y="2.01875"/>
<p x="0.878329" z="-2.87755" y="2.25186"/>
<p x="0.9575" z="-3.085" y="2.06375"/>
<p x="0.82125" z="-3.10125" y="2.16375"/>
<p x="0.964863" z="-3.24123" y="1.93121"/>
<p x="0.86625" z="-3.23625" y="2.01875"/>
<p x="0.9575" z="-3.085" y="2.06375"/>
<p x="0.82125" z="-3.10125" y="2.16375"/>
<p x="0.9575" z="-3.085" y="2.06375"/>
<p x="0.86625" z="-3.23625" y="2.01875"/>
<p x="0.878329" z="-2.87755" y="2.25186"/>
<p x="0.82125" z="-3.10125" y="2.16375"/>
<p x="0.7025" z="-3.035" y="2.2775"/>
<p x="0.764205" z="-3.23495" y="2.09066"/>
<p x="0.6825" z="-3.18375" y="2.18"/>
<p x="0.82125" z="-3.10125" y="2.16375"/>
<p x="0.555887" z="-3.14823" y="2.24552"/>
<p x="0.7025" z="-3.035" y="2.2775"/>
<p x="0.6825" z="-3.18375" y="2.18"/>
<p x="0.82125" z="-3.10125" y="2.16375"/>
<p x="0.6825" z="-3.18375" y="2.18"/>
<p x="0.7025" z="-3.035" y="2.2775"/>
<p x="0.55671" z="-3.38359" y="1.98117"/>
<p x="0.54" z="-3.265" y="2.1375"/>
<p x="0.68125" z="-3.30875" y="2.06125"/>
<p x="0.555887" z="-3.14823" y="2.24552"/>
<p x="0.6825" z="-3.18375" y="2.18"/>
<p x="0.54" z="-3.265" y="2.1375"/>
<p x="0.764205" z="-3.23495" y="2.09066"/>
<p x="0.68125" z="-3.30875" y="2.06125"/>
<p x="0.6825" z="-3.18375" y="2.18"/>
<p x="0.54" z="-3.265" y="2.1375"/>
<p x="0.6825" z="-3.18375" y="2.18"/>
<p x="0.68125" z="-3.30875" y="2.06125"/>
<p x="0.764205" z="-3.23495" y="2.09066"/>
<p x="0.78" z="-3.3325" y="1.9825"/>
<p x="0.68125" z="-3.30875" y="2.06125"/>
<p x="0.79125" z="-3.41875" y="1.8725"/>
<p x="0.70375" z="-3.40125" y="1.93875"/>
<p x="0.78" z="-3.3325" y="1.9825"/>
<p x="0.55671" z="-3.38359" y="1.98117"/>
<p x="0.68125" z="-3.30875" y="2.06125"/>
<p x="0.70375" z="-3.40125" y="1.93875"/>
<p x="0.78" z="-3.3325" y="1.9825"/>
<p x="0.70375" z="-3.40125" y="1.93875"/>
<p x="0.68125" z="-3.30875" y="2.06125"/>
<p x="0.639727" z="-3.52668" y="1.75879"/>
<p x="0.62125" z="-3.47625" y="1.83375"/>
<p x="0.71" z="-3.48875" y="1.82"/>
<p x="0.55671" z="-3.38359" y="1.98117"/>
<p x="0.70375" z="-3.40125" y="1.93875"/>
<p x="0.62125" z="-3.47625" y="1.83375"/>
<p x="0.79125" z="-3.41875" y="1.8725"/>
<p x="0.71" z="-3.48875" y="1.82"/>
<p x="0.70375" z="-3.40125" y="1.93875"/>
<p x="0.62125" z="-3.47625" y="1.83375"/>
<p x="0.70375" z="-3.40125" y="1.93875"/>
<p x="0.71" z="-3.48875" y="1.82"/>
<p x="0.55671" z="-3.38359" y="1.98117"/>
<p x="0.62125" z="-3.47625" y="1.83375"/>
<p x="0.47" z="-3.49375" y="1.76375"/>
<p x="0.639727" z="-3.52668" y="1.75879"/>
<p x="0.54125" z="-3.55625" y="1.68125"/>
<p x="0.62125" z="-3.47625" y="1.83375"/>
<p x="0.36" z="-3.59375" y="1.51125"/>
<p x="0.47" z="-3.49375" y="1.76375"/>
<p x="0.54125" z="-3.55625" y="1.68125"/>
<p x="0.62125" z="-3.47625" y="1.83375"/>
<p x="0.54125" z="-3.55625" y="1.68125"/>
<p x="0.47" z="-3.49375" y="1.76375"/>
<p x="0.55671" z="-3.38359" y="1.98117"/>
<p x="0.47" z="-3.49375" y="1.76375"/>
<p x="0.37625" z="-3.4275" y="1.87375"/>
<p x="0.36" z="-3.59375" y="1.51125"/>
<p x="0.295" z="-3.4875" y="1.71"/>
<p x="0.47" z="-3.49375" y="1.76375"/>
<p x="0.221499" z="-3.41814" y="1.83093"/>
<p x="0.37625" z="-3.4275" y="1.87375"/>
<p x="0.295" z="-3.4875" y="1.71"/>
<p x="0.47" z="-3.49375" y="1.76375"/>
<p x="0.295" z="-3.4875" y="1.71"/>
<p x="0.37625" z="-3.4275" y="1.87375"/>
<p x="0.155" z="-3.50625" y="1.38625"/>
<p x="0.08625" z="-3.44625" y="1.5475"/>
<p x="0.245" z="-3.555" y="1.45"/>
<p x="0.0478419" z="-3.39841" y="1.68243"/>
<p x="0.18" z="-3.49" y="1.60125"/>
<p x="0.08625" z="-3.44625" y="1.5475"/>
<p x="0.36" z="-3.59375" y="1.51125"/>
<p x="0.245" z="-3.555" y="1.45"/>
<p x="0.18" z="-3.49" y="1.60125"/>
<p x="0.08625" z="-3.44625" y="1.5475"/>
<p x="0.18" z="-3.49" y="1.60125"/>
<p x="0.245" z="-3.555" y="1.45"/>
<p x="0.0478419" z="-3.39841" y="1.68243"/>
<p x="0.12375" z="-3.415" y="1.75625"/>
<p x="0.18" z="-3.49" y="1.60125"/>
<p x="0.221499" z="-3.41814" y="1.83093"/>
<p x="0.295" z="-3.4875" y="1.71"/>
<p x="0.12375" z="-3.415" y="1.75625"/>
<p x="0.36" z="-3.59375" y="1.51125"/>
<p x="0.18" z="-3.49" y="1.60125"/>
<p x="0.295" z="-3.4875" y="1.71"/>
<p x="0.12375" z="-3.415" y="1.75625"/>
<p x="0.295" z="-3.4875" y="1.71"/>
<p x="0.18" z="-3.49" y="1.60125"/>
<p x="0.55671" z="-3.38359" y="1.98117"/>
<p x="0.3425" z="-3.29375" y="2.09375"/>
<p x="0.54" z="-3.265" y="2.1375"/>
<p x="0.122652" z="-3.19078" y="2.16863"/>
<p x="0.36875" z="-3.185" y="2.21875"/>
<p x="0.3425" z="-3.29375" y="2.09375"/>
<p x="0.555887" z="-3.14823" y="2.24552"/>
<p x="0.54" z="-3.265" y="2.1375"/>
<p x="0.36875" z="-3.185" y="2.21875"/>
<p x="0.3425" z="-3.29375" y="2.09375"/>
<p x="0.36875" z="-3.185" y="2.21875"/>
<p x="0.54" z="-3.265" y="2.1375"/>
<p x="0.162383" z="-3.32637" y="2.00789"/>
<p x="0.31375" z="-3.35375" y="2.00375"/>
<p x="0.19875" z="-3.36625" y="1.94125"/>
<p x="0.55671" z="-3.38359" y="1.98117"/>
<p x="0.37625" z="-3.4275" y="1.87375"/>
<p x="0.31375" z="-3.35375" y="2.00375"/>
<p x="0.221499" z="-3.41814" y="1.83093"/>
<p x="0.19875" z="-3.36625" y="1.94125"/>
<p x="0.37625" z="-3.4275" y="1.87375"/>
<p x="0.31375" z="-3.35375" y="2.00375"/>
<p x="0.37625" z="-3.4275" y="1.87375"/>
<p x="0.19875" z="-3.36625" y="1.94125"/>
<p x="0.55671" z="-3.38359" y="1.98117"/>
<p x="0.31375" z="-3.35375" y="2.00375"/>
<p x="0.3425" z="-3.29375" y="2.09375"/>
<p x="0.162383" z="-3.32637" y="2.00789"/>
<p x="0.13875" z="-3.2875" y="2.065"/>
<p x="0.31375" z="-3.35375" y="2.00375"/>
<p x="0.122652" z="-3.19078" y="2.16863"/>
<p x="0.3425" z="-3.29375" y="2.09375"/>
<p x="0.13875" z="-3.2875" y="2.065"/>
<p x="0.31375" z="-3.35375" y="2.00375"/>
<p x="0.13875" z="-3.2875" y="2.065"/>
<p x="0.3425" z="-3.29375" y="2.09375"/>
<p x="0.44" z="-2.91063" y="2.42563"/>
<p x="0.5" z="-3.04375" y="2.33"/>
<p x="0.26625" z="-3.06375" y="2.3125"/>
<p x="0.555887" z="-3.14823" y="2.24552"/>
<p x="0.36875" z="-3.185" y="2.21875"/>
<p x="0.5" z="-3.04375" y="2.33"/>
<p x="0.122652" z="-3.19078" y="2.16863"/>
<p x="0.26625" z="-3.06375" y="2.3125"/>
<p x="0.36875" z="-3.185" y="2.21875"/>
<p x="0.5" z="-3.04375" y="2.33"/>
<p x="0.36875" z="-3.185" y="2.21875"/>
<p x="0.26625" z="-3.06375" y="2.3125"/>
<p x="0.44" z="-2.91063" y="2.42563"/>
<p x="0.26625" z="-3.06375" y="2.3125"/>
<p x="0.22125" z="-2.92875" y="2.4075"/>
<p x="0.122652" z="-3.19078" y="2.16863"/>
<p x="0.05875" z="-3.02375" y="2.29375"/>
<p x="0.26625" z="-3.06375" y="2.3125"/>
<p x="0.0525" z="-2.87" y="2.40375"/>
<p x="0.22125" z="-2.92875" y="2.4075"/>
<p x="0.05875" z="-3.02375" y="2.29375"/>
<p x="0.26625" z="-3.06375" y="2.3125"/>
<p x="0.05875" z="-3.02375" y="2.29375"/>
<p x="0.22125" z="-2.92875" y="2.4075"/>
<p x="0.44" z="-2.91063" y="2.42563"/>
<p x="0.22125" z="-2.92875" y="2.4075"/>
<p x="0.385" z="-2.7925" y="2.50125"/>
<p x="0.0525" z="-2.87" y="2.40375"/>
<p x="0.22375" z="-2.8" y="2.49"/>
<p x="0.22125" z="-2.92875" y="2.4075"/>
<p x="0.351836" z="-2.72547" y="2.53336"/>
<p x="0.385" z="-2.7925" y="2.50125"/>
<p x="0.22375" z="-2.8" y="2.49"/>
<p x="0.22125" z="-2.92875" y="2.4075"/>
<p x="0.22375" z="-2.8" y="2.49"/>
<p x="0.385" z="-2.7925" y="2.50125"/>
<p x="0.627059" z="-2.46588" y="2.5296"/>
<p x="0.46375" z="-2.635" y="2.55375"/>
<p x="0.44625" z="-2.49375" y="2.58625"/>
<p x="0.351836" z="-2.72547" y="2.53336"/>
<p x="0.31375" z="-2.6575" y="2.5575"/>
<p x="0.46375" z="-2.635" y="2.55375"/>
<p x="0.2675" z="-2.545" y="2.58625"/>
<p x="0.44625" z="-2.49375" y="2.58625"/>
<p x="0.31375" z="-2.6575" y="2.5575"/>
<p x="0.46375" z="-2.635" y="2.55375"/>
<p x="0.31375" z="-2.6575" y="2.5575"/>
<p x="0.44625" z="-2.49375" y="2.58625"/>
<p x="0.351836" z="-2.72547" y="2.53336"/>
<p x="0.46375" z="-2.635" y="2.55375"/>
<p x="0.385" z="-2.7925" y="2.50125"/>
<p x="0.627059" z="-2.46588" y="2.5296"/>
<p x="0.56625" z="-2.72" y="2.48625"/>
<p x="0.46375" z="-2.635" y="2.55375"/>
<p x="0.44" z="-2.91063" y="2.42563"/>
<p x="0.385" z="-2.7925" y="2.50125"/>
<p x="0.56625" z="-2.72" y="2.48625"/>
<p x="0.46375" z="-2.635" y="2.55375"/>
<p x="0.56625" z="-2.72" y="2.48625"/>
<p x="0.385" z="-2.7925" y="2.50125"/>
<p x="0.878329" z="-2.87755" y="2.25186"/>
<p x="0.66125" z="-2.8775" y="2.37875"/>
<p x="0.765" z="-2.63125" y="2.40625"/>
<p x="0.44" z="-2.91063" y="2.42563"/>
<p x="0.56625" z="-2.72" y="2.48625"/>
<p x="0.66125" z="-2.8775" y="2.37875"/>
<p x="0.627059" z="-2.46588" y="2.5296"/>
<p x="0.765" z="-2.63125" y="2.40625"/>
<p x="0.56625" z="-2.72" y="2.48625"/>
<p x="0.66125" z="-2.8775" y="2.37875"/>
<p x="0.56625" z="-2.72" y="2.48625"/>
<p x="0.765" z="-2.63125" y="2.40625"/>
<p x="0.878329" z="-2.87755" y="2.25186"/>
<p x="0.765" z="-2.63125" y="2.40625"/>
<p x="0.95625" z="-2.545" y="2.27375"/>
<p x="0.627059" z="-2.46588" y="2.5296"/>
<p x="0.83375" z="-2.32125" y="2.41625"/>
<p x="0.765" z="-2.63125" y="2.40625"/>
<p x="1.03125" z="-2.21125" y="2.24125"/>
<p x="0.95625" z="-2.545" y="2.27375"/>
<p x="0.83375" z="-2.32125" y="2.41625"/>
<p x="0.765" z="-2.63125" y="2.40625"/>
<p x="0.83375" z="-2.32125" y="2.41625"/>
<p x="0.95625" z="-2.545" y="2.27375"/>
<p x="0.627059" z="-2.46588" y="2.5296"/>
<p x="0.73" z="-2.1975" y="2.505"/>
<p x="0.83375" z="-2.32125" y="2.41625"/>
<p x="0.79625" z="-1.95" y="2.46188"/>
<p x="0.90125" z="-2.045" y="2.3875"/>
<p x="0.73" z="-2.1975" y="2.505"/>
<p x="1.03125" z="-2.21125" y="2.24125"/>
<p x="0.83375" z="-2.32125" y="2.41625"/>
<p x="0.90125" z="-2.045" y="2.3875"/>
<p x="0.73" z="-2.1975" y="2.505"/>
<p x="0.90125" z="-2.045" y="2.3875"/>
<p x="0.83375" z="-2.32125" y="2.41625"/>
<p x="0.506454" z="-2.16514" y="2.59898"/>
<p x="0.63875" z="-2.0625" y="2.5525"/>
<p x="0.5675" z="-2.29625" y="2.57875"/>
<p x="0.79625" z="-1.95" y="2.46188"/>
<p x="0.73" z="-2.1975" y="2.505"/>
<p x="0.63875" z="-2.0625" y="2.5525"/>
<p x="0.627059" z="-2.46588" y="2.5296"/>
<p x="0.5675" z="-2.29625" y="2.57875"/>
<p x="0.73" z="-2.1975" y="2.505"/>
<p x="0.63875" z="-2.0625" y="2.5525"/>
<p x="0.73" z="-2.1975" y="2.505"/>
<p x="0.5675" z="-2.29625" y="2.57875"/>
<p x="0.627059" z="-2.46588" y="2.5296"/>
<p x="0.44625" z="-2.49375" y="2.58625"/>
<p x="0.5675" z="-2.29625" y="2.57875"/>
<p x="0.2675" z="-2.545" y="2.58625"/>
<p x="0.39875" z="-2.35875" y="2.61125"/>
<p x="0.44625" z="-2.49375" y="2.58625"/>
<p x="0.506454" z="-2.16514" y="2.59898"/>
<p x="0.5675" z="-2.29625" y="2.57875"/>
<p x="0.39875" z="-2.35875" y="2.61125"/>
<p x="0.44625" z="-2.49375" y="2.58625"/>
<p x="0.39875" z="-2.35875" y="2.61125"/>
<p x="0.5675" z="-2.29625" y="2.57875"/>
<p x="0.1975" z="-2.25" y="2.6125"/>
<p x="0.36375" z="-2.1875" y="2.61875"/>
<p x="0.23125" z="-2.4075" y="2.61"/>
<p x="0.506454" z="-2.16514" y="2.59898"/>
<p x="0.39875" z="-2.35875" y="2.61125"/>
<p x="0.36375" z="-2.1875" y="2.61875"/>
<p x="0.2675" z="-2.545" y="2.58625"/>
<p x="0.23125" z="-2.4075" y="2.61"/>
<p x="0.39875" z="-2.35875" y="2.61125"/>
<p x="0.36375" z="-2.1875" y="2.61875"/>
<p x="0.39875" z="-2.35875" y="2.61125"/>
<p x="0.23125" z="-2.4075" y="2.61"/>
<p x="0.351836" z="-2.72547" y="2.53336"/>
<p x="0.22375" z="-2.8" y="2.49"/>
<p x="0.31375" z="-2.6575" y="2.5575"/>
<p x="0.0525" z="-2.87" y="2.40375"/>
<p x="0.13625" z="-2.71375" y="2.50875"/>
<p x="0.22375" z="-2.8" y="2.49"/>
<p x="0.2675" z="-2.545" y="2.58625"/>
<p x="0.31375" z="-2.6575" y="2.5575"/>
<p x="0.13625" z="-2.71375" y="2.50875"/>
<p x="0.22375" z="-2.8" y="2.49"/>
<p x="0.13625" z="-2.71375" y="2.50875"/>
<p x="0.31375" z="-2.6575" y="2.5575"/>
<p x="-0.016875" z="-2.58375" y="2.49938"/>
<p x="0.10875" z="-2.57875" y="2.54875"/>
<p x="-0.00625" z="-2.73875" y="2.4475"/>
<p x="0.2675" z="-2.545" y="2.58625"/>
<p x="0.13625" z="-2.71375" y="2.50875"/>
<p x="0.10875" z="-2.57875" y="2.54875"/>
<p x="0.0525" z="-2.87" y="2.40375"/>
<p x="-0.00625" z="-2.73875" y="2.4475"/>
<p x="0.13625" z="-2.71375" y="2.50875"/>
<p x="0.10875" z="-2.57875" y="2.54875"/>
<p x="0.13625" z="-2.71375" y="2.50875"/>
<p x="-0.00625" z="-2.73875" y="2.4475"/>
<p x="0.2675" z="-2.545" y="2.58625"/>
<p x="0.10875" z="-2.57875" y="2.54875"/>
<p x="0.23125" z="-2.4075" y="2.61"/>
<p x="-0.016875" z="-2.58375" y="2.49938"/>
<p x="0.09125" z="-2.4425" y="2.5775"/>
<p x="0.10875" z="-2.57875" y="2.54875"/>
<p x="0.1975" z="-2.25" y="2.6125"/>
<p x="0.23125" z="-2.4075" y="2.61"/>
<p x="0.09125" z="-2.4425" y="2.5775"/>
<p x="0.10875" z="-2.57875" y="2.54875"/>
<p x="0.09125" z="-2.4425" y="2.5775"/>
<p x="0.23125" z="-2.4075" y="2.61"/>
<p x="0.1975" z="-2.25" y="2.6125"/>
<p x="0.09125" z="-2.4425" y="2.5775"/>
<p x="0.06625" z="-2.3025" y="2.58125"/>
<p x="-0.016875" z="-2.58375" y="2.49938"/>
<p x="-0.0175" z="-2.45125" y="2.53375"/>
<p x="0.09125" z="-2.4425" y="2.5775"/>
<p x="-0.0234549" z="-2.31702" y="2.53729"/>
<p x="0.06625" z="-2.3025" y="2.58125"/>
<p x="-0.0175" z="-2.45125" y="2.53375"/>
<p x="0.09125" z="-2.4425" y="2.5775"/>
<p x="-0.0175" z="-2.45125" y="2.53375"/>
<p x="0.06625" z="-2.3025" y="2.58125"/>
<p x="0.122652" z="-3.19078" y="2.16863"/>
<p x="-0.055" z="-3.0575" y="2.2075"/>
<p x="0.05875" z="-3.02375" y="2.29375"/>
<p x="-0.174312" z="-2.85696" y="2.2651"/>
<p x="-0.06875" z="-2.895" y="2.33"/>
<p x="-0.055" z="-3.0575" y="2.2075"/>
<p x="0.0525" z="-2.87" y="2.40375"/>
<p x="0.05875" z="-3.02375" y="2.29375"/>
<p x="-0.06875" z="-2.895" y="2.33"/>
<p x="-0.055" z="-3.0575" y="2.2075"/>
<p x="-0.06875" z="-2.895" y="2.33"/>
<p x="0.05875" z="-3.02375" y="2.29375"/>
<p x="-0.016875" z="-2.58375" y="2.49938"/>
<p x="-0.00625" z="-2.73875" y="2.4475"/>
<p x="-0.11" z="-2.72" y="2.39375"/>
<p x="0.0525" z="-2.87" y="2.40375"/>
<p x="-0.06875" z="-2.895" y="2.33"/>
<p x="-0.00625" z="-2.73875" y="2.4475"/>
<p x="-0.174312" z="-2.85696" y="2.2651"/>
<p x="-0.11" z="-2.72" y="2.39375"/>
<p x="-0.06875" z="-2.895" y="2.33"/>
<p x="-0.00625" z="-2.73875" y="2.4475"/>
<p x="-0.06875" z="-2.895" y="2.33"/>
<p x="-0.11" z="-2.72" y="2.39375"/>
<p x="-0.201875" z="-2.43625" y="2.40063"/>
<p x="-0.10875" z="-2.38375" y="2.48375"/>
<p x="-0.115" z="-2.54625" y="2.4525"/>
<p x="-0.0234549" z="-2.31702" y="2.53729"/>
<p x="-0.0175" z="-2.45125" y="2.53375"/>
<p x="-0.10875" z="-2.38375" y="2.48375"/>
<p x="-0.016875" z="-2.58375" y="2.49938"/>
<p x="-0.115" z="-2.54625" y="2.4525"/>
<p x="-0.0175" z="-2.45125" y="2.53375"/>
<p x="-0.10875" z="-2.38375" y="2.48375"/>
<p x="-0.0175" z="-2.45125" y="2.53375"/>
<p x="-0.115" z="-2.54625" y="2.4525"/>
<p x="-0.016875" z="-2.58375" y="2.49938"/>
<p x="-0.11" z="-2.72" y="2.39375"/>
<p x="-0.115" z="-2.54625" y="2.4525"/>
<p x="-0.174312" z="-2.85696" y="2.2651"/>
<p x="-0.2" z="-2.635" y="2.35"/>
<p x="-0.11" z="-2.72" y="2.39375"/>
<p x="-0.201875" z="-2.43625" y="2.40063"/>
<p x="-0.115" z="-2.54625" y="2.4525"/>
<p x="-0.2" z="-2.635" y="2.35"/>
<p x="-0.11" z="-2.72" y="2.39375"/>
<p x="-0.2" z="-2.635" y="2.35"/>
<p x="-0.115" z="-2.54625" y="2.4525"/>
<p x="0.122652" z="-3.19078" y="2.16863"/>
<p x="-0.01625" z="-3.19875" y="2.09625"/>
<p x="-0.055" z="-3.0575" y="2.2075"/>
<p x="-0.0851749" z="-3.21598" y="1.99077"/>
<p x="-0.145" z="-3.04375" y="2.135"/>
<p x="-0.01625" z="-3.19875" y="2.09625"/>
<p x="-0.174312" z="-2.85696" y="2.2651"/>
<p x="-0.055" z="-3.0575" y="2.2075"/>
<p x="-0.145" z="-3.04375" y="2.135"/>
<p x="-0.01625" z="-3.19875" y="2.09625"/>
<p x="-0.145" z="-3.04375" y="2.135"/>
<p x="-0.055" z="-3.0575" y="2.2075"/>
<p x="0.162383" z="-3.32637" y="2.00789"/>
<p x="0.19875" z="-3.36625" y="1.94125"/>
<p x="0.0475" z="-3.29375" y="2.0075"/>
<p x="0.221499" z="-3.41814" y="1.83093"/>
<p x="0.06875" z="-3.34125" y="1.9"/>
<p x="0.19875" z="-3.36625" y="1.94125"/>
<p x="-0.0851749" z="-3.21598" y="1.99077"/>
<p x="0.0475" z="-3.29375" y="2.0075"/>
<p x="0.06875" z="-3.34125" y="1.9"/>
<p x="0.19875" z="-3.36625" y="1.94125"/>
<p x="0.06875" z="-3.34125" y="1.9"/>
<p x="0.0475" z="-3.29375" y="2.0075"/>
<p x="-0.0851749" z="-3.21598" y="1.99077"/>
<p x="-0.01625" z="-3.19875" y="2.09625"/>
<p x="0.0475" z="-3.29375" y="2.0075"/>
<p x="0.122652" z="-3.19078" y="2.16863"/>
<p x="0.13875" z="-3.2875" y="2.065"/>
<p x="-0.01625" z="-3.19875" y="2.09625"/>
<p x="0.162383" z="-3.32637" y="2.00789"/>
<p x="0.0475" z="-3.29375" y="2.0075"/>
<p x="0.13875" z="-3.2875" y="2.065"/>
<p x="-0.01625" z="-3.19875" y="2.09625"/>
<p x="0.13875" z="-3.2875" y="2.065"/>
<p x="0.0475" z="-3.29375" y="2.0075"/>
<p x="0.0478419" z="-3.39841" y="1.68243"/>
<p x="-0.02" z="-3.32125" y="1.81875"/>
<p x="0.12375" z="-3.415" y="1.75625"/>
<p x="-0.0851749" z="-3.21598" y="1.99077"/>
<p x="0.06875" z="-3.34125" y="1.9"/>
<p x="-0.02" z="-3.32125" y="1.81875"/>
<p x="0.221499" z="-3.41814" y="1.83093"/>
<p x="0.12375" z="-3.415" y="1.75625"/>
<p x="0.06875" z="-3.34125" y="1.9"/>
<p x="-0.02" z="-3.32125" y="1.81875"/>
<p x="0.06875" z="-3.34125" y="1.9"/>
<p x="0.12375" z="-3.415" y="1.75625"/>
<p x="-0.128798" z="-3.26639" y="1.61357"/>
<p x="-0.10875" z="-3.25625" y="1.8175"/>
<p x="-0.03875" z="-3.34" y="1.67"/>
<p x="-0.0851749" z="-3.21598" y="1.99077"/>
<p x="-0.02" z="-3.32125" y="1.81875"/>
<p x="-0.10875" z="-3.25625" y="1.8175"/>
<p x="0.0478419" z="-3.39841" y="1.68243"/>
<p x="-0.03875" z="-3.34" y="1.67"/>
<p x="-0.02" z="-3.32125" y="1.81875"/>
<p x="-0.10875" z="-3.25625" y="1.8175"/>
<p x="-0.02" z="-3.32125" y="1.81875"/>
<p x="-0.03875" z="-3.34" y="1.67"/>
<p x="-0.128798" z="-3.26639" y="1.61357"/>
<p x="-0.03875" z="-3.34" y="1.67"/>
<p x="0.00875" z="-3.39" y="1.49875"/>
<p x="0.0478419" z="-3.39841" y="1.68243"/>
<p x="0.08625" z="-3.44625" y="1.5475"/>
<p x="-0.03875" z="-3.34" y="1.67"/>
<p x="0.155" z="-3.50625" y="1.38625"/>
<p x="0.00875" z="-3.39" y="1.49875"/>
<p x="0.08625" z="-3.44625" y="1.5475"/>
<p x="-0.03875" z="-3.34" y="1.67"/>
<p x="0.08625" z="-3.44625" y="1.5475"/>
<p x="0.00875" z="-3.39" y="1.49875"/>
<p x="-0.00625" z="-3.3925" y="1.23875"/>
<p x="-0.055" z="-3.3475" y="1.385"/>
<p x="0.075" z="-3.45" y="1.315"/>
<p x="-0.128798" z="-3.26639" y="1.61357"/>
<p x="0.00875" z="-3.39" y="1.49875"/>
<p x="-0.055" z="-3.3475" y="1.385"/>
<p x="0.155" z="-3.50625" y="1.38625"/>
<p x="0.075" z="-3.45" y="1.315"/>
<p x="0.00875" z="-3.39" y="1.49875"/>
<p x="-0.055" z="-3.3475" y="1.385"/>
<p x="0.00875" z="-3.39" y="1.49875"/>
<p x="0.075" z="-3.45" y="1.315"/>
<p x="-0.00625" z="-3.3925" y="1.23875"/>
<p x="0.075" z="-3.45" y="1.315"/>
<p x="0.04875" z="-3.6325" y="1.1725"/>
<p x="0.155" z="-3.50625" y="1.38625"/>
<p x="0.1425" z="-3.67625" y="1.2675"/>
<p x="0.075" z="-3.45" y="1.315"/>
<p x="0.105" z="-3.8325" y="1.12812"/>
<p x="0.04875" z="-3.6325" y="1.1725"/>
<p x="0.1425" z="-3.67625" y="1.2675"/>
<p x="0.075" z="-3.45" y="1.315"/>
<p x="0.1425" z="-3.67625" y="1.2675"/>
<p x="0.04875" z="-3.6325" y="1.1725"/>
<p x="-0.09125" z="-3.7725" y="0.8975"/>
<p x="-0.045" z="-3.59" y="1.07125"/>
<p x="0.00875" z="-3.8075" y="1.01125"/>
<p x="-0.00625" z="-3.3925" y="1.23875"/>
<p x="0.04875" z="-3.6325" y="1.1725"/>
<p x="-0.045" z="-3.59" y="1.07125"/>
<p x="0.105" z="-3.8325" y="1.12812"/>
<p x="0.00875" z="-3.8075" y="1.01125"/>
<p x="0.04875" z="-3.6325" y="1.1725"/>
<p x="-0.045" z="-3.59" y="1.07125"/>
<p x="0.04875" z="-3.6325" y="1.1725"/>
<p x="0.00875" z="-3.8075" y="1.01125"/>
<p x="-0.09125" z="-3.7725" y="0.8975"/>
<p x="-0.145" z="-3.545" y="0.98"/>
<p x="-0.045" z="-3.59" y="1.07125"/>
<p x="-0.2" z="-3.29" y="1.08"/>
<p x="-0.075" z="-3.3525" y="1.18"/>
<p x="-0.145" z="-3.545" y="0.98"/>
<p x="-0.00625" z="-3.3925" y="1.23875"/>
<p x="-0.045" z="-3.59" y="1.07125"/>
<p x="-0.075" z="-3.3525" y="1.18"/>
<p x="-0.145" z="-3.545" y="0.98"/>
<p x="-0.075" z="-3.3525" y="1.18"/>
<p x="-0.045" z="-3.59" y="1.07125"/>
<p x="-0.2" z="-3.29" y="1.08"/>
<p x="-0.165" z="-3.27125" y="1.35625"/>
<p x="-0.075" z="-3.3525" y="1.18"/>
<p x="-0.128798" z="-3.26639" y="1.61357"/>
<p x="-0.055" z="-3.3475" y="1.385"/>
<p x="-0.165" z="-3.27125" y="1.35625"/>
<p x="-0.00625" z="-3.3925" y="1.23875"/>
<p x="-0.075" z="-3.3525" y="1.18"/>
<p x="-0.055" z="-3.3475" y="1.385"/>
<p x="-0.165" z="-3.27125" y="1.35625"/>
<p x="-0.055" z="-3.3475" y="1.385"/>
<p x="-0.075" z="-3.3525" y="1.18"/>
<p x="-0.33" z="-3.1" y="1.48"/>
<p x="-0.24125" z="-3.175" y="1.5275"/>
<p x="-0.265" z="-3.195" y="1.28"/>
<p x="-0.128798" z="-3.26639" y="1.61357"/>
<p x="-0.165" z="-3.27125" y="1.35625"/>
<p x="-0.24125" z="-3.175" y="1.5275"/>
<p x="-0.2" z="-3.29" y="1.08"/>
<p x="-0.265" z="-3.195" y="1.28"/>
<p x="-0.165" z="-3.27125" y="1.35625"/>
<p x="-0.24125" z="-3.175" y="1.5275"/>
<p x="-0.165" z="-3.27125" y="1.35625"/>
<p x="-0.265" z="-3.195" y="1.28"/>
<p x="-0.35" z="-2.98625" y="1.80375"/>
<p x="-0.245" z="-3.13375" y="1.71625"/>
<p x="-0.3425" z="-3.0375" y="1.68625"/>
<p x="-0.128798" z="-3.26639" y="1.61357"/>
<p x="-0.24125" z="-3.175" y="1.5275"/>
<p x="-0.245" z="-3.13375" y="1.71625"/>
<p x="-0.33" z="-3.1" y="1.48"/>
<p x="-0.3425" z="-3.0375" y="1.68625"/>
<p x="-0.24125" z="-3.175" y="1.5275"/>
<p x="-0.245" z="-3.13375" y="1.71625"/>
<p x="-0.24125" z="-3.175" y="1.5275"/>
<p x="-0.3425" z="-3.0375" y="1.68625"/>
<p x="-0.128798" z="-3.26639" y="1.61357"/>
<p x="-0.17625" z="-3.19" y="1.8125"/>
<p x="-0.10875" z="-3.25625" y="1.8175"/>
<p x="-0.213008" z="-3.11762" y="1.9082"/>
<p x="-0.17125" z="-3.15375" y="1.9425"/>
<p x="-0.17625" z="-3.19" y="1.8125"/>
<p x="-0.0851749" z="-3.21598" y="1.99077"/>
<p x="-0.10875" z="-3.25625" y="1.8175"/>
<p x="-0.17125" z="-3.15375" y="1.9425"/>
<p x="-0.17625" z="-3.19" y="1.8125"/>
<p x="-0.17125" z="-3.15375" y="1.9425"/>
<p x="-0.10875" z="-3.25625" y="1.8175"/>
<p x="-0.35" z="-2.98625" y="1.80375"/>
<p x="-0.265" z="-3.0675" y="1.8675"/>
<p x="-0.245" z="-3.13375" y="1.71625"/>
<p x="-0.213008" z="-3.11762" y="1.9082"/>
<p x="-0.17625" z="-3.19" y="1.8125"/>
<p x="-0.265" z="-3.0675" y="1.8675"/>
<p x="-0.128798" z="-3.26639" y="1.61357"/>
<p x="-0.245" z="-3.13375" y="1.71625"/>
<p x="-0.17625" z="-3.19" y="1.8125"/>
<p x="-0.265" z="-3.0675" y="1.8675"/>
<p x="-0.17625" z="-3.19" y="1.8125"/>
<p x="-0.245" z="-3.13375" y="1.71625"/>
<p x="-0.3675" z="-2.78" y="2.07125"/>
<p x="-0.26625" z="-3.01" y="1.985"/>
<p x="-0.36" z="-2.895" y="1.95"/>
<p x="-0.213008" z="-3.11762" y="1.9082"/>
<p x="-0.265" z="-3.0675" y="1.8675"/>
<p x="-0.26625" z="-3.01" y="1.985"/>
<p x="-0.35" z="-2.98625" y="1.80375"/>
<p x="-0.36" z="-2.895" y="1.95"/>
<p x="-0.265" z="-3.0675" y="1.8675"/>
<p x="-0.26625" z="-3.01" y="1.985"/>
<p x="-0.265" z="-3.0675" y="1.8675"/>
<p x="-0.36" z="-2.895" y="1.95"/>
<p x="-0.213008" z="-3.11762" y="1.9082"/>
<p x="-0.26625" z="-3.01" y="1.985"/>
<p x="-0.17125" z="-3.15375" y="1.9425"/>
<p x="-0.3675" z="-2.78" y="2.07125"/>
<p x="-0.22375" z="-3.0125" y="2.0625"/>
<p x="-0.26625" z="-3.01" y="1.985"/>
<p x="-0.0851749" z="-3.21598" y="1.99077"/>
<p x="-0.17125" z="-3.15375" y="1.9425"/>
<p x="-0.22375" z="-3.0125" y="2.0625"/>
<p x="-0.26625" z="-3.01" y="1.985"/>
<p x="-0.22375" z="-3.0125" y="2.0625"/>
<p x="-0.17125" z="-3.15375" y="1.9425"/>
<p x="-0.3675" z="-2.78" y="2.07125"/>
<p x="-0.26875" z="-2.8425" y="2.16375"/>
<p x="-0.22375" z="-3.0125" y="2.0625"/>
<p x="-0.174312" z="-2.85696" y="2.2651"/>
<p x="-0.145" z="-3.04375" y="2.135"/>
<p x="-0.26875" z="-2.8425" y="2.16375"/>
<p x="-0.0851749" z="-3.21598" y="1.99077"/>
<p x="-0.22375" z="-3.0125" y="2.0625"/>
<p x="-0.145" z="-3.04375" y="2.135"/>
<p x="-0.26875" z="-2.8425" y="2.16375"/>
<p x="-0.145" z="-3.04375" y="2.135"/>
<p x="-0.22375" z="-3.0125" y="2.0625"/>
<p x="-0.3675" z="-2.48875" y="2.205"/>
<p x="-0.2825" z="-2.6725" y="2.2475"/>
<p x="-0.37" z="-2.645" y="2.155"/>
<p x="-0.174312" z="-2.85696" y="2.2651"/>
<p x="-0.26875" z="-2.8425" y="2.16375"/>
<p x="-0.2825" z="-2.6725" y="2.2475"/>
<p x="-0.3675" z="-2.78" y="2.07125"/>
<p x="-0.37" z="-2.645" y="2.155"/>
<p x="-0.26875" z="-2.8425" y="2.16375"/>
<p x="-0.2825" z="-2.6725" y="2.2475"/>
<p x="-0.26875" z="-2.8425" y="2.16375"/>
<p x="-0.37" z="-2.645" y="2.155"/>
<p x="-0.3675" z="-2.48875" y="2.205"/>
<p x="-0.285" z="-2.48125" y="2.3025"/>
<p x="-0.2825" z="-2.6725" y="2.2475"/>
<p x="-0.201875" z="-2.43625" y="2.40063"/>
<p x="-0.2" z="-2.635" y="2.35"/>
<p x="-0.285" z="-2.48125" y="2.3025"/>
<p x="-0.174312" z="-2.85696" y="2.2651"/>
<p x="-0.2825" z="-2.6725" y="2.2475"/>
<p x="-0.2" z="-2.635" y="2.35"/>
<p x="-0.285" z="-2.48125" y="2.3025"/>
<p x="-0.2" z="-2.635" y="2.35"/>
<p x="-0.2825" z="-2.6725" y="2.2475"/>
<p x="-0.201875" z="-2.43625" y="2.40063"/>
<p x="-0.285" z="-2.48125" y="2.3025"/>
<p x="-0.27875" z="-2.27875" y="2.32375"/>
<p x="-0.3675" z="-2.48875" y="2.205"/>
<p x="-0.36" z="-2.31" y="2.225"/>
<p x="-0.285" z="-2.48125" y="2.3025"/>
<p x="-0.35625" z="-2.12" y="2.2275"/>
<p x="-0.27875" z="-2.27875" y="2.32375"/>
<p x="-0.36" z="-2.31" y="2.225"/>
<p x="-0.285" z="-2.48125" y="2.3025"/>
<p x="-0.36" z="-2.31" y="2.225"/>
<p x="-0.27875" z="-2.27875" y="2.32375"/>
<p x="-0.15375" z="-1.4925" y="2.305"/>
<p x="-0.06125" z="-1.67" y="2.41625"/>
<p x="-0.1725" z="-1.7725" y="2.36875"/>
<p x="0.04" z="-1.86375" y="2.51562"/>
<p x="-0.08125" z="-1.94625" y="2.46875"/>
<p x="-0.06125" z="-1.67" y="2.41625"/>
<p x="-0.180625" z="-2.01625" y="2.405"/>
<p x="-0.1725" z="-1.7725" y="2.36875"/>
<p x="-0.08125" z="-1.94625" y="2.46875"/>
<p x="-0.06125" z="-1.67" y="2.41625"/>
<p x="-0.08125" z="-1.94625" y="2.46875"/>
<p x="-0.1725" z="-1.7725" y="2.36875"/>
<p x="-0.180625" z="-2.01625" y="2.405"/>
<p x="-0.27375" z="-1.8625" y="2.3075"/>
<p x="-0.1725" z="-1.7725" y="2.36875"/>
<p x="-0.38" z="-1.74" y="2.22"/>
<p x="-0.2425" z="-1.59" y="2.27625"/>
<p x="-0.27375" z="-1.8625" y="2.3075"/>
<p x="-0.15375" z="-1.4925" y="2.305"/>
<p x="-0.1725" z="-1.7725" y="2.36875"/>
<p x="-0.2425" z="-1.59" y="2.27625"/>
<p x="-0.27375" z="-1.8625" y="2.3075"/>
<p x="-0.2425" z="-1.59" y="2.27625"/>
<p x="-0.1725" z="-1.7725" y="2.36875"/>
<p x="-0.180625" z="-2.01625" y="2.405"/>
<p x="-0.2725" z="-2.07625" y="2.32375"/>
<p x="-0.27375" z="-1.8625" y="2.3075"/>
<p x="-0.35625" z="-2.12" y="2.2275"/>
<p x="-0.365" z="-1.93" y="2.225"/>
<p x="-0.2725" z="-2.07625" y="2.32375"/>
<p x="-0.38" z="-1.74" y="2.22"/>
<p x="-0.27375" z="-1.8625" y="2.3075"/>
<p x="-0.365" z="-1.93" y="2.225"/>
<p x="-0.2725" z="-2.07625" y="2.32375"/>
<p x="-0.365" z="-1.93" y="2.225"/>
<p x="-0.27375" z="-1.8625" y="2.3075"/>
<p x="-0.201875" z="-2.43625" y="2.40063"/>
<p x="-0.27875" z="-2.27875" y="2.32375"/>
<p x="-0.19125" z="-2.2375" y="2.41375"/>
<p x="-0.35625" z="-2.12" y="2.2275"/>
<p x="-0.2725" z="-2.07625" y="2.32375"/>
<p x="-0.27875" z="-2.27875" y="2.32375"/>
<p x="-0.180625" z="-2.01625" y="2.405"/>
<p x="-0.19125" z="-2.2375" y="2.41375"/>
<p x="-0.2725" z="-2.07625" y="2.32375"/>
<p x="-0.27875" z="-2.27875" y="2.32375"/>
<p x="-0.2725" z="-2.07625" y="2.32375"/>
<p x="-0.19125" z="-2.2375" y="2.41375"/>
<p x="-0.201875" z="-2.43625" y="2.40063"/>
<p x="-0.19125" z="-2.2375" y="2.41375"/>
<p x="-0.10875" z="-2.38375" y="2.48375"/>
<p x="-0.180625" z="-2.01625" y="2.405"/>
<p x="-0.095" z="-2.1875" y="2.4875"/>
<p x="-0.19125" z="-2.2375" y="2.41375"/>
<p x="-0.0234549" z="-2.31702" y="2.53729"/>
<p x="-0.10875" z="-2.38375" y="2.48375"/>
<p x="-0.095" z="-2.1875" y="2.4875"/>
<p x="-0.19125" z="-2.2375" y="2.41375"/>
<p x="-0.095" z="-2.1875" y="2.4875"/>
<p x="-0.10875" z="-2.38375" y="2.48375"/>
<p x="-0.180625" z="-2.01625" y="2.405"/>
<p x="-0.08125" z="-1.94625" y="2.46875"/>
<p x="-0.095" z="-2.1875" y="2.4875"/>
<p x="0.04" z="-1.86375" y="2.51562"/>
<p x="0.0050" z="-2.13125" y="2.545"/>
<p x="-0.08125" z="-1.94625" y="2.46875"/>
<p x="-0.0234549" z="-2.31702" y="2.53729"/>
<p x="-0.095" z="-2.1875" y="2.4875"/>
<p x="0.0050" z="-2.13125" y="2.545"/>
<p x="-0.08125" z="-1.94625" y="2.46875"/>
<p x="0.0050" z="-2.13125" y="2.545"/>
<p x="-0.095" z="-2.1875" y="2.4875"/>
<p x="0.506454" z="-2.16514" y="2.59898"/>
<p x="0.50625" z="-1.9575" y="2.5825"/>
<p x="0.63875" z="-2.0625" y="2.5525"/>
<p x="0.483137" z="-1.66863" y="2.53353"/>
<p x="0.66875" z="-1.805" y="2.51125"/>
<p x="0.50625" z="-1.9575" y="2.5825"/>
<p x="0.79625" z="-1.95" y="2.46188"/>
<p x="0.63875" z="-2.0625" y="2.5525"/>
<p x="0.66875" z="-1.805" y="2.51125"/>
<p x="0.50625" z="-1.9575" y="2.5825"/>
<p x="0.66875" z="-1.805" y="2.51125"/>
<p x="0.63875" z="-2.0625" y="2.5525"/>
<p x="0.506454" z="-2.16514" y="2.59898"/>
<p x="0.36375" z="-2.1875" y="2.61875"/>
<p x="0.50625" z="-1.9575" y="2.5825"/>
<p x="0.1975" z="-2.25" y="2.6125"/>
<p x="0.32375" z="-1.9775" y="2.595"/>
<p x="0.36375" z="-2.1875" y="2.61875"/>
<p x="0.483137" z="-1.66863" y="2.53353"/>
<p x="0.50625" z="-1.9575" y="2.5825"/>
<p x="0.32375" z="-1.9775" y="2.595"/>
<p x="0.36375" z="-2.1875" y="2.61875"/>
<p x="0.32375" z="-1.9775" y="2.595"/>
<p x="0.50625" z="-1.9575" y="2.5825"/>
<p x="0.1975" z="-2.25" y="2.6125"/>
<p x="0.06625" z="-2.3025" y="2.58125"/>
<p x="0.13875" z="-2.0625" y="2.5825"/>
<p x="-0.0234549" z="-2.31702" y="2.53729"/>
<p x="0.0050" z="-2.13125" y="2.545"/>
<p x="0.06625" z="-2.3025" y="2.58125"/>
<p x="0.04" z="-1.86375" y="2.51562"/>
<p x="0.13875" z="-2.0625" y="2.5825"/>
<p x="0.0050" z="-2.13125" y="2.545"/>
<p x="0.06625" z="-2.3025" y="2.58125"/>
<p x="0.0050" z="-2.13125" y="2.545"/>
<p x="0.13875" z="-2.0625" y="2.5825"/>
<p x="0.1975" z="-2.25" y="2.6125"/>
<p x="0.13875" z="-2.0625" y="2.5825"/>
<p x="0.32375" z="-1.9775" y="2.595"/>
<p x="0.04" z="-1.86375" y="2.51562"/>
<p x="0.22875" z="-1.75875" y="2.5375"/>
<p x="0.13875" z="-2.0625" y="2.5825"/>
<p x="0.483137" z="-1.66863" y="2.53353"/>
<p x="0.32375" z="-1.9775" y="2.595"/>
<p x="0.22875" z="-1.75875" y="2.5375"/>
<p x="0.13875" z="-2.0625" y="2.5825"/>
<p x="0.22875" z="-1.75875" y="2.5375"/>
<p x="0.32375" z="-1.9775" y="2.595"/>
<p x="0.136875" z="-1.25" y="2.37812"/>
<p x="0.31375" z="-1.43375" y="2.46125"/>
<p x="0.09" z="-1.54875" y="2.44625"/>
<p x="0.483137" z="-1.66863" y="2.53353"/>
<p x="0.22875" z="-1.75875" y="2.5375"/>
<p x="0.31375" z="-1.43375" y="2.46125"/>
<p x="0.04" z="-1.86375" y="2.51562"/>
<p x="0.09" z="-1.54875" y="2.44625"/>
<p x="0.22875" z="-1.75875" y="2.5375"/>
<p x="0.31375" z="-1.43375" y="2.46125"/>
<p x="0.22875" z="-1.75875" y="2.5375"/>
<p x="0.09" z="-1.54875" y="2.44625"/>
<p x="0.04" z="-1.86375" y="2.51562"/>
<p x="-0.06125" z="-1.67" y="2.41625"/>
<p x="0.09" z="-1.54875" y="2.44625"/>
<p x="-0.15375" z="-1.4925" y="2.305"/>
<p x="-0.06" z="-1.3825" y="2.36125"/>
<p x="-0.06125" z="-1.67" y="2.41625"/>
<p x="0.136875" z="-1.25" y="2.37812"/>
<p x="0.09" z="-1.54875" y="2.44625"/>
<p x="-0.06" z="-1.3825" y="2.36125"/>
<p x="-0.06125" z="-1.67" y="2.41625"/>
<p x="-0.06" z="-1.3825" y="2.36125"/>
<p x="0.09" z="-1.54875" y="2.44625"/>
<p x="0.136875" z="-1.25" y="2.37812"/>
<p x="-0.06" z="-1.3825" y="2.36125"/>
<p x="-0.06" z="-1.14875" y="2.34"/>
<p x="-0.15375" z="-1.4925" y="2.305"/>
<p x="-0.225" z="-1.285" y="2.325"/>
<p x="-0.06" z="-1.3825" y="2.36125"/>
<p x="-0.309458" z="-1.05466" y="2.33223"/>
<p x="-0.06" z="-1.14875" y="2.34"/>
<p x="-0.225" z="-1.285" y="2.325"/>
<p x="-0.06" z="-1.3825" y="2.36125"/>
<p x="-0.225" z="-1.285" y="2.325"/>
<p x="-0.06" z="-1.14875" y="2.34"/>
<p x="-0.372734" z="-1.36543" y="2.29727"/>
<p x="-0.365" z="-1.25125" y="2.31875"/>
<p x="-0.29375" z="-1.4175" y="2.295"/>
<p x="-0.309458" z="-1.05466" y="2.33223"/>
<p x="-0.225" z="-1.285" y="2.325"/>
<p x="-0.365" z="-1.25125" y="2.31875"/>
<p x="-0.15375" z="-1.4925" y="2.305"/>
<p x="-0.29375" z="-1.4175" y="2.295"/>
<p x="-0.225" z="-1.285" y="2.325"/>
<p x="-0.365" z="-1.25125" y="2.31875"/>
<p x="-0.225" z="-1.285" y="2.325"/>
<p x="-0.29375" z="-1.4175" y="2.295"/>
<p x="-0.38" z="-1.74" y="2.22"/>
<p x="-0.37625" z="-1.49875" y="2.27375"/>
<p x="-0.2425" z="-1.59" y="2.27625"/>
<p x="-0.372734" z="-1.36543" y="2.29727"/>
<p x="-0.29375" z="-1.4175" y="2.295"/>
<p x="-0.37625" z="-1.49875" y="2.27375"/>
<p x="-0.15375" z="-1.4925" y="2.305"/>
<p x="-0.2425" z="-1.59" y="2.27625"/>
<p x="-0.29375" z="-1.4175" y="2.295"/>
<p x="-0.37625" z="-1.49875" y="2.27375"/>
<p x="-0.29375" z="-1.4175" y="2.295"/>
<p x="-0.2425" z="-1.59" y="2.27625"/>
<p x="-0.38" z="-1.74" y="2.22"/>
<p x="-0.48625" z="-1.4775" y="2.30125"/>
<p x="-0.37625" z="-1.49875" y="2.27375"/>
<p x="-0.541408" z="-1.28448" y="2.34159"/>
<p x="-0.4475" z="-1.32375" y="2.31"/>
<p x="-0.48625" z="-1.4775" y="2.30125"/>
<p x="-0.372734" z="-1.36543" y="2.29727"/>
<p x="-0.37625" z="-1.49875" y="2.27375"/>
<p x="-0.4475" z="-1.32375" y="2.31"/>
<p x="-0.48625" z="-1.4775" y="2.30125"/>
<p x="-0.4475" z="-1.32375" y="2.31"/>
<p x="-0.37625" z="-1.49875" y="2.27375"/>
<p x="-0.309458" z="-1.05466" y="2.33223"/>
<p x="-0.365" z="-1.25125" y="2.31875"/>
<p x="-0.485" z="-1.165" y="2.34375"/>
<p x="-0.372734" z="-1.36543" y="2.29727"/>
<p x="-0.4475" z="-1.32375" y="2.31"/>
<p x="-0.365" z="-1.25125" y="2.31875"/>
<p x="-0.541408" z="-1.28448" y="2.34159"/>
<p x="-0.485" z="-1.165" y="2.34375"/>
<p x="-0.4475" z="-1.32375" y="2.31"/>
<p x="-0.365" z="-1.25125" y="2.31875"/>
<p x="-0.4475" z="-1.32375" y="2.31"/>
<p x="-0.485" z="-1.165" y="2.34375"/>
<p x="-0.747212" z="-1.00483" y="2.37918"/>
<p x="-0.54625" z="-1.015" y="2.35625"/>
<p x="-0.6175" z="-1.16375" y="2.37125"/>
<p x="-0.309458" z="-1.05466" y="2.33223"/>
<p x="-0.485" z="-1.165" y="2.34375"/>
<p x="-0.54625" z="-1.015" y="2.35625"/>
<p x="-0.541408" z="-1.28448" y="2.34159"/>
<p x="-0.6175" z="-1.16375" y="2.37125"/>
<p x="-0.485" z="-1.165" y="2.34375"/>
<p x="-0.54625" z="-1.015" y="2.35625"/>
<p x="-0.485" z="-1.165" y="2.34375"/>
<p x="-0.6175" z="-1.16375" y="2.37125"/>
<p x="-1.18437" z="-1.13062" y="2.36437"/>
<p x="-0.97625" z="-1.03375" y="2.37625"/>
<p x="-1.00375" z="-1.235" y="2.41125"/>
<p x="-0.747212" z="-1.00483" y="2.37918"/>
<p x="-0.83" z="-1.20125" y="2.40625"/>
<p x="-0.97625" z="-1.03375" y="2.37625"/>
<p x="-0.886069" z="-1.33664" y="2.42748"/>
<p x="-1.00375" z="-1.235" y="2.41125"/>
<p x="-0.83" z="-1.20125" y="2.40625"/>
<p x="-0.97625" z="-1.03375" y="2.37625"/>
<p x="-0.83" z="-1.20125" y="2.40625"/>
<p x="-1.00375" z="-1.235" y="2.41125"/>
<p x="-1.1651" z="-1.56451" y="2.46069"/>
<p x="-1.185" z="-1.35125" y="2.41125"/>
<p x="-1.01625" z="-1.4075" y="2.44375"/>
<p x="-1.18437" z="-1.13062" y="2.36437"/>
<p x="-1.00375" z="-1.235" y="2.41125"/>
<p x="-1.185" z="-1.35125" y="2.41125"/>
<p x="-0.886069" z="-1.33664" y="2.42748"/>
<p x="-1.01625" z="-1.4075" y="2.44375"/>
<p x="-1.00375" z="-1.235" y="2.41125"/>
<p x="-1.185" z="-1.35125" y="2.41125"/>
<p x="-1.00375" z="-1.235" y="2.41125"/>
<p x="-1.01625" z="-1.4075" y="2.44375"/>
<p x="-1.1651" z="-1.56451" y="2.46069"/>
<p x="-1.01625" z="-1.4075" y="2.44375"/>
<p x="-0.98125" z="-1.56625" y="2.48"/>
<p x="-0.886069" z="-1.33664" y="2.42748"/>
<p x="-0.87375" z="-1.45" y="2.4475"/>
<p x="-1.01625" z="-1.4075" y="2.44375"/>
<p x="-0.878164" z="-1.55723" y="2.47242"/>
<p x="-0.98125" z="-1.56625" y="2.48"/>
<p x="-0.87375" z="-1.45" y="2.4475"/>
<p x="-1.01625" z="-1.4075" y="2.44375"/>
<p x="-0.87375" z="-1.45" y="2.4475"/>
<p x="-0.98125" z="-1.56625" y="2.48"/>
<p x="-0.886069" z="-1.33664" y="2.42748"/>
<p x="-0.77" z="-1.38125" y="2.4225"/>
<p x="-0.87375" z="-1.45" y="2.4475"/>
<p x="-0.65" z="-1.5175" y="2.38875"/>
<p x="-0.79" z="-1.555" y="2.4575"/>
<p x="-0.77" z="-1.38125" y="2.4225"/>
<p x="-0.878164" z="-1.55723" y="2.47242"/>
<p x="-0.87375" z="-1.45" y="2.4475"/>
<p x="-0.79" z="-1.555" y="2.4575"/>
<p x="-0.77" z="-1.38125" y="2.4225"/>
<p x="-0.79" z="-1.555" y="2.4575"/>
<p x="-0.87375" z="-1.45" y="2.4475"/>
<p x="-0.747212" z="-1.00483" y="2.37918"/>
<p x="-0.70375" z="-1.26125" y="2.3975"/>
<p x="-0.83" z="-1.20125" y="2.40625"/>
<p x="-0.65" z="-1.5175" y="2.38875"/>
<p x="-0.77" z="-1.38125" y="2.4225"/>
<p x="-0.70375" z="-1.26125" y="2.3975"/>
<p x="-0.886069" z="-1.33664" y="2.42748"/>
<p x="-0.83" z="-1.20125" y="2.40625"/>
<p x="-0.77" z="-1.38125" y="2.4225"/>
<p x="-0.70375" z="-1.26125" y="2.3975"/>
<p x="-0.77" z="-1.38125" y="2.4225"/>
<p x="-0.83" z="-1.20125" y="2.40625"/>
<p x="-0.541408" z="-1.28448" y="2.34159"/>
<p x="-0.60125" z="-1.37625" y="2.36125"/>
<p x="-0.6175" z="-1.16375" y="2.37125"/>
<p x="-0.65" z="-1.5175" y="2.38875"/>
<p x="-0.70375" z="-1.26125" y="2.3975"/>
<p x="-0.60125" z="-1.37625" y="2.36125"/>
<p x="-0.747212" z="-1.00483" y="2.37918"/>
<p x="-0.6175" z="-1.16375" y="2.37125"/>
<p x="-0.70375" z="-1.26125" y="2.3975"/>
<p x="-0.60125" z="-1.37625" y="2.36125"/>
<p x="-0.70375" z="-1.26125" y="2.3975"/>
<p x="-0.6175" z="-1.16375" y="2.37125"/>
<p x="-0.38" z="-1.74" y="2.22"/>
<p x="-0.555" z="-1.59625" y="2.33875"/>
<p x="-0.48625" z="-1.4775" y="2.30125"/>
<p x="-0.65" z="-1.5175" y="2.38875"/>
<p x="-0.60125" z="-1.37625" y="2.36125"/>
<p x="-0.555" z="-1.59625" y="2.33875"/>
<p x="-0.541408" z="-1.28448" y="2.34159"/>
<p x="-0.48625" z="-1.4775" y="2.30125"/>
<p x="-0.60125" z="-1.37625" y="2.36125"/>
<p x="-0.555" z="-1.59625" y="2.33875"/>
<p x="-0.60125" z="-1.37625" y="2.36125"/>
<p x="-0.48625" z="-1.4775" y="2.30125"/>
<p x="-0.584825" z="-2.09326" y="2.41598"/>
<p x="-0.62125" z="-1.81125" y="2.41625"/>
<p x="-0.4825" z="-1.87875" y="2.32375"/>
<p x="-0.65" z="-1.5175" y="2.38875"/>
<p x="-0.555" z="-1.59625" y="2.33875"/>
<p x="-0.62125" z="-1.81125" y="2.41625"/>
<p x="-0.38" z="-1.74" y="2.22"/>
<p x="-0.4825" z="-1.87875" y="2.32375"/>
<p x="-0.555" z="-1.59625" y="2.33875"/>
<p x="-0.62125" z="-1.81125" y="2.41625"/>
<p x="-0.555" z="-1.59625" y="2.33875"/>
<p x="-0.4825" z="-1.87875" y="2.32375"/>
<p x="-0.9" z="-1.95875" y="2.55063"/>
<p x="-0.76375" z="-1.7775" y="2.4875"/>
<p x="-0.75625" z="-2.01" y="2.50375"/>
<p x="-0.65" z="-1.5175" y="2.38875"/>
<p x="-0.62125" z="-1.81125" y="2.41625"/>
<p x="-0.76375" z="-1.7775" y="2.4875"/>
<p x="-0.584825" z="-2.09326" y="2.41598"/>
<p x="-0.75625" z="-2.01" y="2.50375"/>
<p x="-0.62125" z="-1.81125" y="2.41625"/>
<p x="-0.76375" z="-1.7775" y="2.4875"/>
<p x="-0.62125" z="-1.81125" y="2.41625"/>
<p x="-0.75625" z="-2.01" y="2.50375"/>
<p x="-0.878164" z="-1.55723" y="2.47242"/>
<p x="-0.79" z="-1.555" y="2.4575"/>
<p x="-0.88875" z="-1.7125" y="2.5075"/>
<p x="-0.65" z="-1.5175" y="2.38875"/>
<p x="-0.76375" z="-1.7775" y="2.4875"/>
<p x="-0.79" z="-1.555" y="2.4575"/>
<p x="-0.9" z="-1.95875" y="2.55063"/>
<p x="-0.88875" z="-1.7125" y="2.5075"/>
<p x="-0.76375" z="-1.7775" y="2.4875"/>
<p x="-0.79" z="-1.555" y="2.4575"/>
<p x="-0.76375" z="-1.7775" y="2.4875"/>
<p x="-0.88875" z="-1.7125" y="2.5075"/>
<p x="-0.9" z="-1.95875" y="2.55063"/>
<p x="-1.02875" z="-1.7875" y="2.5275"/>
<p x="-0.88875" z="-1.7125" y="2.5075"/>
<p x="-1.1651" z="-1.56451" y="2.46069"/>
<p x="-0.98125" z="-1.56625" y="2.48"/>
<p x="-1.02875" z="-1.7875" y="2.5275"/>
<p x="-0.878164" z="-1.55723" y="2.47242"/>
<p x="-0.88875" z="-1.7125" y="2.5075"/>
<p x="-0.98125" z="-1.56625" y="2.48"/>
<p x="-1.02875" z="-1.7875" y="2.5275"/>
<p x="-0.98125" z="-1.56625" y="2.48"/>
<p x="-0.88875" z="-1.7125" y="2.5075"/>
<p x="-1.18188" z="-2.0375" y="2.53687"/>
<p x="-1.18125" z="-1.815" y="2.5075"/>
<p x="-1.04125" z="-2.01" y="2.56375"/>
<p x="-1.1651" z="-1.56451" y="2.46069"/>
<p x="-1.02875" z="-1.7875" y="2.5275"/>
<p x="-1.18125" z="-1.815" y="2.5075"/>
<p x="-0.9" z="-1.95875" y="2.55063"/>
<p x="-1.04125" z="-2.01" y="2.56375"/>
<p x="-1.02875" z="-1.7875" y="2.5275"/>
<p x="-1.18125" z="-1.815" y="2.5075"/>
<p x="-1.02875" z="-1.7875" y="2.5275"/>
<p x="-1.04125" z="-2.01" y="2.56375"/>
<p x="-1.56063" z="-2.38062" y="2.35"/>
<p x="-1.63375" z="-2.25875" y="2.3025"/>
<p x="-1.5225" z="-2.2525" y="2.385"/>
<p x="-1.68832" z="-2.16093" y="2.23318"/>
<p x="-1.6175" z="-2.1225" y="2.3175"/>
<p x="-1.63375" z="-2.25875" y="2.3025"/>
<p x="-1.51375" z="-2.1025" y="2.3925"/>
<p x="-1.5225" z="-2.2525" y="2.385"/>
<p x="-1.6175" z="-2.1225" y="2.3175"/>
<p x="-1.63375" z="-2.25875" y="2.3025"/>
<p x="-1.6175" z="-2.1225" y="2.3175"/>
<p x="-1.5225" z="-2.2525" y="2.385"/>
<p x="-1.4915" z="-2.67973" y="2.29739"/>
<p x="-1.58125" z="-2.64375" y="2.2575"/>
<p x="-1.5025" z="-2.5325" y="2.3525"/>
<p x="-1.64439" z="-2.59757" y="2.2087"/>
<p x="-1.60375" z="-2.49875" y="2.295"/>
<p x="-1.58125" z="-2.64375" y="2.2575"/>
<p x="-1.56063" z="-2.38062" y="2.35"/>
<p x="-1.5025" z="-2.5325" y="2.3525"/>
<p x="-1.60375" z="-2.49875" y="2.295"/>
<p x="-1.58125" z="-2.64375" y="2.2575"/>
<p x="-1.60375" z="-2.49875" y="2.295"/>
<p x="-1.5025" z="-2.5325" y="2.3525"/>
<p x="-1.4915" z="-2.67973" y="2.29739"/>
<p x="-1.5025" z="-2.5325" y="2.3525"/>
<p x="-1.35875" z="-2.58875" y="2.39125"/>
<p x="-1.56063" z="-2.38062" y="2.35"/>
<p x="-1.405" z="-2.4025" y="2.4225"/>
<p x="-1.5025" z="-2.5325" y="2.3525"/>
<p x="-1.18164" z="-2.43962" y="2.48955"/>
<p x="-1.35875" z="-2.58875" y="2.39125"/>
<p x="-1.405" z="-2.4025" y="2.4225"/>
<p x="-1.5025" z="-2.5325" y="2.3525"/>
<p x="-1.405" z="-2.4025" y="2.4225"/>
<p x="-1.35875" z="-2.58875" y="2.39125"/>
<p x="-1.51375" z="-2.1025" y="2.3925"/>
<p x="-1.35375" z="-2.255" y="2.4625"/>
<p x="-1.5225" z="-2.2525" y="2.385"/>
<p x="-1.18164" z="-2.43962" y="2.48955"/>
<p x="-1.405" z="-2.4025" y="2.4225"/>
<p x="-1.35375" z="-2.255" y="2.4625"/>
<p x="-1.56063" z="-2.38062" y="2.35"/>
<p x="-1.5225" z="-2.2525" y="2.385"/>
<p x="-1.405" z="-2.4025" y="2.4225"/>
<p x="-1.35375" z="-2.255" y="2.4625"/>
<p x="-1.405" z="-2.4025" y="2.4225"/>
<p x="-1.5225" z="-2.2525" y="2.385"/>
<p x="-1.18164" z="-2.43962" y="2.48955"/>
<p x="-1.35375" z="-2.255" y="2.4625"/>
<p x="-1.185" z="-2.2275" y="2.52875"/>
<p x="-1.51375" z="-2.1025" y="2.3925"/>
<p x="-1.3525" z="-2.0775" y="2.4725"/>
<p x="-1.35375" z="-2.255" y="2.4625"/>
<p x="-1.18188" z="-2.0375" y="2.53687"/>
<p x="-1.185" z="-2.2275" y="2.52875"/>
<p x="-1.3525" z="-2.0775" y="2.4725"/>
<p x="-1.35375" z="-2.255" y="2.4625"/>
<p x="-1.3525" z="-2.0775" y="2.4725"/>
<p x="-1.185" z="-2.2275" y="2.52875"/>
<p x="-0.947204" z="-2.25234" y="2.54066"/>
<p x="-1.0375" z="-2.33875" y="2.53375"/>
<p x="-1.06" z="-2.17875" y="2.5625"/>
<p x="-1.18164" z="-2.43962" y="2.48955"/>
<p x="-1.185" z="-2.2275" y="2.52875"/>
<p x="-1.0375" z="-2.33875" y="2.53375"/>
<p x="-1.18188" z="-2.0375" y="2.53687"/>
<p x="-1.06" z="-2.17875" y="2.5625"/>
<p x="-1.185" z="-2.2275" y="2.52875"/>
<p x="-1.0375" z="-2.33875" y="2.53375"/>
<p x="-1.185" z="-2.2275" y="2.52875"/>
<p x="-1.06" z="-2.17875" y="2.5625"/>
<p x="-1.18188" z="-2.0375" y="2.53687"/>
<p x="-1.04125" z="-2.01" y="2.56375"/>
<p x="-1.06" z="-2.17875" y="2.5625"/>
<p x="-0.9" z="-1.95875" y="2.55063"/>
<p x="-0.92125" z="-2.13" y="2.55625"/>
<p x="-1.04125" z="-2.01" y="2.56375"/>
<p x="-0.947204" z="-2.25234" y="2.54066"/>
<p x="-1.06" z="-2.17875" y="2.5625"/>
<p x="-0.92125" z="-2.13" y="2.55625"/>
<p x="-1.04125" z="-2.01" y="2.56375"/>
<p x="-0.92125" z="-2.13" y="2.55625"/>
<p x="-1.06" z="-2.17875" y="2.5625"/>
<p x="-1.18164" z="-2.43962" y="2.48955"/>
<p x="-1.0375" z="-2.33875" y="2.53375"/>
<p x="-0.95875" z="-2.49125" y="2.495"/>
<p x="-0.947204" z="-2.25234" y="2.54066"/>
<p x="-0.85375" z="-2.3725" y="2.50125"/>
<p x="-1.0375" z="-2.33875" y="2.53375"/>
<p x="-0.75873" z="-2.55314" y="2.44774"/>
<p x="-0.95875" z="-2.49125" y="2.495"/>
<p x="-0.85375" z="-2.3725" y="2.50125"/>
<p x="-1.0375" z="-2.33875" y="2.53375"/>
<p x="-0.85375" z="-2.3725" y="2.50125"/>
<p x="-0.95875" z="-2.49125" y="2.495"/>
<p x="-0.75873" z="-2.55314" y="2.44774"/>
<p x="-0.92625" z="-2.63625" y="2.455"/>
<p x="-0.95875" z="-2.49125" y="2.495"/>
<p x="-1.0391" z="-2.69727" y="2.43215"/>
<p x="-1.08" z="-2.605" y="2.45875"/>
<p x="-0.92625" z="-2.63625" y="2.455"/>
<p x="-1.18164" z="-2.43962" y="2.48955"/>
<p x="-0.95875" z="-2.49125" y="2.495"/>
<p x="-1.08" z="-2.605" y="2.45875"/>
<p x="-0.92625" z="-2.63625" y="2.455"/>
<p x="-1.08" z="-2.605" y="2.45875"/>
<p x="-0.95875" z="-2.49125" y="2.495"/>
<p x="-0.945625" z="-2.8975" y="2.32875"/>
<p x="-0.9975" z="-2.785" y="2.39875"/>
<p x="-0.82375" z="-2.74375" y="2.395"/>
<p x="-1.0391" z="-2.69727" y="2.43215"/>
<p x="-0.92625" z="-2.63625" y="2.455"/>
<p x="-0.9975" z="-2.785" y="2.39875"/>
<p x="-0.75873" z="-2.55314" y="2.44774"/>
<p x="-0.82375" z="-2.74375" y="2.395"/>
<p x="-0.92625" z="-2.63625" y="2.455"/>
<p x="-0.9975" z="-2.785" y="2.39875"/>
<p x="-0.92625" z="-2.63625" y="2.455"/>
<p x="-0.82375" z="-2.74375" y="2.395"/>
<p x="-1.30042" z="-2.91159" y="2.23995"/>
<p x="-1.14" z="-2.77125" y="2.38375"/>
<p x="-1.125" z="-2.91875" y="2.2975"/>
<p x="-1.0391" z="-2.69727" y="2.43215"/>
<p x="-0.9975" z="-2.785" y="2.39875"/>
<p x="-1.14" z="-2.77125" y="2.38375"/>
<p x="-0.945625" z="-2.8975" y="2.32875"/>
<p x="-1.125" z="-2.91875" y="2.2975"/>
<p x="-0.9975" z="-2.785" y="2.39875"/>
<p x="-1.14" z="-2.77125" y="2.38375"/>
<p x="-0.9975" z="-2.785" y="2.39875"/>
<p x="-1.125" z="-2.91875" y="2.2975"/>
<p x="-1.18164" z="-2.43962" y="2.48955"/>
<p x="-1.08" z="-2.605" y="2.45875"/>
<p x="-1.23875" z="-2.68125" y="2.3925"/>
<p x="-1.0391" z="-2.69727" y="2.43215"/>
<p x="-1.14" z="-2.77125" y="2.38375"/>
<p x="-1.08" z="-2.605" y="2.45875"/>
<p x="-1.30042" z="-2.91159" y="2.23995"/>
<p x="-1.23875" z="-2.68125" y="2.3925"/>
<p x="-1.14" z="-2.77125" y="2.38375"/>
<p x="-1.08" z="-2.605" y="2.45875"/>
<p x="-1.14" z="-2.77125" y="2.38375"/>
<p x="-1.23875" z="-2.68125" y="2.3925"/>
<p x="-1.30042" z="-2.91159" y="2.23995"/>
<p x="-1.40625" z="-2.775" y="2.28"/>
<p x="-1.23875" z="-2.68125" y="2.3925"/>
<p x="-1.4915" z="-2.67973" y="2.29739"/>
<p x="-1.35875" z="-2.58875" y="2.39125"/>
<p x="-1.40625" z="-2.775" y="2.28"/>
<p x="-1.18164" z="-2.43962" y="2.48955"/>
<p x="-1.23875" z="-2.68125" y="2.3925"/>
<p x="-1.35875" z="-2.58875" y="2.39125"/>
<p x="-1.40625" z="-2.775" y="2.28"/>
<p x="-1.35875" z="-2.58875" y="2.39125"/>
<p x="-1.23875" z="-2.68125" y="2.3925"/>
<p x="-1.4915" z="-2.67973" y="2.29739"/>
<p x="-1.40625" z="-2.775" y="2.28"/>
<p x="-1.56375" z="-2.785" y="2.175"/>
<p x="-1.30042" z="-2.91159" y="2.23995"/>
<p x="-1.5025" z="-2.91" y="2.11125"/>
<p x="-1.40625" z="-2.775" y="2.28"/>
<p x="-1.6896" z="-2.89122" y="1.94394"/>
<p x="-1.56375" z="-2.785" y="2.175"/>
<p x="-1.5025" z="-2.91" y="2.11125"/>
<p x="-1.40625" z="-2.775" y="2.28"/>
<p x="-1.5025" z="-2.91" y="2.11125"/>
<p x="-1.56375" z="-2.785" y="2.175"/>
<p x="-1.4915" z="-2.67973" y="2.29739"/>
<p x="-1.56375" z="-2.785" y="2.175"/>
<p x="-1.58125" z="-2.64375" y="2.2575"/>
<p x="-1.6896" z="-2.89122" y="1.94394"/>
<p x="-1.66375" z="-2.725" y="2.1125"/>
<p x="-1.56375" z="-2.785" y="2.175"/>
<p x="-1.64439" z="-2.59757" y="2.2087"/>
<p x="-1.58125" z="-2.64375" y="2.2575"/>
<p x="-1.66375" z="-2.725" y="2.1125"/>
<p x="-1.56375" z="-2.785" y="2.175"/>
<p x="-1.66375" z="-2.725" y="2.1125"/>
<p x="-1.58125" z="-2.64375" y="2.2575"/>
<p x="-1.30042" z="-2.91159" y="2.23995"/>
<p x="-1.45875" z="-3.0425" y="2.025"/>
<p x="-1.5025" z="-2.91" y="2.11125"/>
<p x="-1.54477" z="-3.15655" y="1.84177"/>
<p x="-1.5975" z="-3.0475" y="1.90125"/>
<p x="-1.45875" z="-3.0425" y="2.025"/>
<p x="-1.6896" z="-2.89122" y="1.94394"/>
<p x="-1.5025" z="-2.91" y="2.11125"/>
<p x="-1.5975" z="-3.0475" y="1.90125"/>
<p x="-1.45875" z="-3.0425" y="2.025"/>
<p x="-1.5975" z="-3.0475" y="1.90125"/>
<p x="-1.5025" z="-2.91" y="2.11125"/>
<p x="-1.30042" z="-2.91159" y="2.23995"/>
<p x="-1.3625" z="-3.08375" y="2.05375"/>
<p x="-1.45875" z="-3.0425" y="2.025"/>
<p x="-1.39758" z="-3.17668" y="1.92727"/>
<p x="-1.4575" z="-3.17375" y="1.89125"/>
<p x="-1.3625" z="-3.08375" y="2.05375"/>
<p x="-1.54477" z="-3.15655" y="1.84177"/>
<p x="-1.45875" z="-3.0425" y="2.025"/>
<p x="-1.4575" z="-3.17375" y="1.89125"/>
<p x="-1.3625" z="-3.08375" y="2.05375"/>
<p x="-1.4575" z="-3.17375" y="1.89125"/>
<p x="-1.45875" z="-3.0425" y="2.025"/>
<p x="-1.30042" z="-2.91159" y="2.23995"/>
<p x="-1.24875" z="-3.04625" y="2.1475"/>
<p x="-1.3625" z="-3.08375" y="2.05375"/>
<p x="-1.20999" z="-3.15774" y="2.03196"/>
<p x="-1.34125" z="-3.17375" y="1.96625"/>
<p x="-1.24875" z="-3.04625" y="2.1475"/>
<p x="-1.39758" z="-3.17668" y="1.92727"/>
<p x="-1.3625" z="-3.08375" y="2.05375"/>
<p x="-1.34125" z="-3.17375" y="1.96625"/>
<p x="-1.24875" z="-3.04625" y="2.1475"/>
<p x="-1.34125" z="-3.17375" y="1.96625"/>
<p x="-1.3625" z="-3.08375" y="2.05375"/>
<p x="-0.945625" z="-2.8975" y="2.32875"/>
<p x="-1.0925" z="-3.02875" y="2.205"/>
<p x="-1.125" z="-2.91875" y="2.2975"/>
<p x="-1.20999" z="-3.15774" y="2.03196"/>
<p x="-1.24875" z="-3.04625" y="2.1475"/>
<p x="-1.0925" z="-3.02875" y="2.205"/>
<p x="-1.30042" z="-2.91159" y="2.23995"/>
<p x="-1.125" z="-2.91875" y="2.2975"/>
<p x="-1.24875" z="-3.04625" y="2.1475"/>
<p x="-1.0925" z="-3.02875" y="2.205"/>
<p x="-1.24875" z="-3.04625" y="2.1475"/>
<p x="-1.125" z="-2.91875" y="2.2975"/>
<p x="-0.835704" z="-3.04393" y="2.18655"/>
<p x="-1.0025" z="-3.0975" y="2.14"/>
<p x="-0.89875" z="-2.995" y="2.24375"/>
<p x="-1.20999" z="-3.15774" y="2.03196"/>
<p x="-1.0925" z="-3.02875" y="2.205"/>
<p x="-1.0025" z="-3.0975" y="2.14"/>
<p x="-0.945625" z="-2.8975" y="2.32875"/>
<p x="-0.89875" z="-2.995" y="2.24375"/>
<p x="-1.0925" z="-3.02875" y="2.205"/>
<p x="-1.0025" z="-3.0975" y="2.14"/>
<p x="-1.0925" z="-3.02875" y="2.205"/>
<p x="-0.89875" z="-2.995" y="2.24375"/>
<p x="-0.791875" z="-3.15375" y="2.02687"/>
<p x="-0.99875" z="-3.1675" y="2.04"/>
<p x="-0.82875" z="-3.09875" y="2.1225"/>
<p x="-1.20999" z="-3.15774" y="2.03196"/>
<p x="-1.0025" z="-3.0975" y="2.14"/>
<p x="-0.99875" z="-3.1675" y="2.04"/>
<p x="-0.835704" z="-3.04393" y="2.18655"/>
<p x="-0.82875" z="-3.09875" y="2.1225"/>
<p x="-1.0025" z="-3.0975" y="2.14"/>
<p x="-0.99875" z="-3.1675" y="2.04"/>
<p x="-1.0025" z="-3.0975" y="2.14"/>
<p x="-0.82875" z="-3.09875" y="2.1225"/>
<p x="-0.596636" z="-3.11934" y="1.88861"/>
<p x="-0.675" z="-3.1325" y="1.97375"/>
<p x="-0.57625" z="-3.04125" y="2.01875"/>
<p x="-0.791875" z="-3.15375" y="2.02687"/>
<p x="-0.67625" z="-3.0625" y="2.0975"/>
<p x="-0.675" z="-3.1325" y="1.97375"/>
<p x="-0.57375" z="-2.9725" y="2.11"/>
<p x="-0.57625" z="-3.04125" y="2.01875"/>
<p x="-0.67625" z="-3.0625" y="2.0975"/>
<p x="-0.675" z="-3.1325" y="1.97375"/>
<p x="-0.67625" z="-3.0625" y="2.0975"/>
<p x="-0.57625" z="-3.04125" y="2.01875"/>
<p x="-0.835704" z="-3.04393" y="2.18655"/>
<p x="-0.69625" z="-3.01125" y="2.16625"/>
<p x="-0.82875" z="-3.09875" y="2.1225"/>
<p x="-0.57375" z="-2.9725" y="2.11"/>
<p x="-0.67625" z="-3.0625" y="2.0975"/>
<p x="-0.69625" z="-3.01125" y="2.16625"/>
<p x="-0.791875" z="-3.15375" y="2.02687"/>
<p x="-0.82875" z="-3.09875" y="2.1225"/>
<p x="-0.67625" z="-3.0625" y="2.0975"/>
<p x="-0.69625" z="-3.01125" y="2.16625"/>
<p x="-0.67625" z="-3.0625" y="2.0975"/>
<p x="-0.82875" z="-3.09875" y="2.1225"/>
<p x="-0.835704" z="-3.04393" y="2.18655"/>
<p x="-0.7175" z="-2.95375" y="2.2275"/>
<p x="-0.69625" z="-3.01125" y="2.16625"/>
<p x="-0.583042" z="-2.82108" y="2.24931"/>
<p x="-0.57625" z="-2.91125" y="2.17875"/>
<p x="-0.7175" z="-2.95375" y="2.2275"/>
<p x="-0.57375" z="-2.9725" y="2.11"/>
<p x="-0.69625" z="-3.01125" y="2.16625"/>
<p x="-0.57625" z="-2.91125" y="2.17875"/>
<p x="-0.7175" z="-2.95375" y="2.2275"/>
<p x="-0.57625" z="-2.91125" y="2.17875"/>
<p x="-0.69625" z="-3.01125" y="2.16625"/>
<p x="-0.835704" z="-3.04393" y="2.18655"/>
<p x="-0.89875" z="-2.995" y="2.24375"/>
<p x="-0.7175" z="-2.95375" y="2.2275"/>
<p x="-0.945625" z="-2.8975" y="2.32875"/>
<p x="-0.75875" z="-2.86375" y="2.3075"/>
<p x="-0.89875" z="-2.995" y="2.24375"/>
<p x="-0.583042" z="-2.82108" y="2.24931"/>
<p x="-0.7175" z="-2.95375" y="2.2275"/>
<p x="-0.75875" z="-2.86375" y="2.3075"/>
<p x="-0.89875" z="-2.995" y="2.24375"/>
<p x="-0.75875" z="-2.86375" y="2.3075"/>
<p x="-0.7175" z="-2.95375" y="2.2275"/>
<p x="-0.75873" z="-2.55314" y="2.44774"/>
<p x="-0.66875" z="-2.71375" y="2.3575"/>
<p x="-0.82375" z="-2.74375" y="2.395"/>
<p x="-0.583042" z="-2.82108" y="2.24931"/>
<p x="-0.75875" z="-2.86375" y="2.3075"/>
<p x="-0.66875" z="-2.71375" y="2.3575"/>
<p x="-0.945625" z="-2.8975" y="2.32875"/>
<p x="-0.82375" z="-2.74375" y="2.395"/>
<p x="-0.75875" z="-2.86375" y="2.3075"/>
<p x="-0.66875" z="-2.71375" y="2.3575"/>
<p x="-0.75875" z="-2.86375" y="2.3075"/>
<p x="-0.82375" z="-2.74375" y="2.395"/>
<p x="-0.562734" z="-2.53246" y="2.36973"/>
<p x="-0.56" z="-2.665" y="2.325"/>
<p x="-0.625" z="-2.5375" y="2.40625"/>
<p x="-0.583042" z="-2.82108" y="2.24931"/>
<p x="-0.66875" z="-2.71375" y="2.3575"/>
<p x="-0.56" z="-2.665" y="2.325"/>
<p x="-0.75873" z="-2.55314" y="2.44774"/>
<p x="-0.625" z="-2.5375" y="2.40625"/>
<p x="-0.66875" z="-2.71375" y="2.3575"/>
<p x="-0.56" z="-2.665" y="2.325"/>
<p x="-0.66875" z="-2.71375" y="2.3575"/>
<p x="-0.625" z="-2.5375" y="2.40625"/>
<p x="-0.562734" z="-2.53246" y="2.36973"/>
<p x="-0.625" z="-2.5375" y="2.40625"/>
<p x="-0.56375" z="-2.36875" y="2.39625"/>
<p x="-0.75873" z="-2.55314" y="2.44774"/>
<p x="-0.6775" z="-2.3375" y="2.45375"/>
<p x="-0.625" z="-2.5375" y="2.40625"/>
<p x="-0.584825" z="-2.09326" y="2.41598"/>
<p x="-0.56375" z="-2.36875" y="2.39625"/>
<p x="-0.6775" z="-2.3375" y="2.45375"/>
<p x="-0.625" z="-2.5375" y="2.40625"/>
<p x="-0.6775" z="-2.3375" y="2.45375"/>
<p x="-0.56375" z="-2.36875" y="2.39625"/>
<p x="-0.584825" z="-2.09326" y="2.41598"/>
<p x="-0.6775" z="-2.3375" y="2.45375"/>
<p x="-0.78375" z="-2.19875" y="2.5025"/>
<p x="-0.75873" z="-2.55314" y="2.44774"/>
<p x="-0.85375" z="-2.3725" y="2.50125"/>
<p x="-0.6775" z="-2.3375" y="2.45375"/>
<p x="-0.947204" z="-2.25234" y="2.54066"/>
<p x="-0.78375" z="-2.19875" y="2.5025"/>
<p x="-0.85375" z="-2.3725" y="2.50125"/>
<p x="-0.6775" z="-2.3375" y="2.45375"/>
<p x="-0.85375" z="-2.3725" y="2.50125"/>
<p x="-0.78375" z="-2.19875" y="2.5025"/>
<p x="-0.584825" z="-2.09326" y="2.41598"/>
<p x="-0.78375" z="-2.19875" y="2.5025"/>
<p x="-0.75625" z="-2.01" y="2.50375"/>
<p x="-0.947204" z="-2.25234" y="2.54066"/>
<p x="-0.92125" z="-2.13" y="2.55625"/>
<p x="-0.78375" z="-2.19875" y="2.5025"/>
<p x="-0.9" z="-1.95875" y="2.55063"/>
<p x="-0.75625" z="-2.01" y="2.50375"/>
<p x="-0.92125" z="-2.13" y="2.55625"/>
<p x="-0.78375" z="-2.19875" y="2.5025"/>
<p x="-0.92125" z="-2.13" y="2.55625"/>
<p x="-0.75625" z="-2.01" y="2.50375"/>
<p x="-0.35625" z="-2.12" y="2.2275"/>
<p x="-0.43875" z="-2.0975" y="2.3025"/>
<p x="-0.365" z="-1.93" y="2.225"/>
<p x="-0.584825" z="-2.09326" y="2.41598"/>
<p x="-0.4825" z="-1.87875" y="2.32375"/>
<p x="-0.43875" z="-2.0975" y="2.3025"/>
<p x="-0.38" z="-1.74" y="2.22"/>
<p x="-0.365" z="-1.93" y="2.225"/>
<p x="-0.4825" z="-1.87875" y="2.32375"/>
<p x="-0.43875" z="-2.0975" y="2.3025"/>
<p x="-0.4825" z="-1.87875" y="2.32375"/>
<p x="-0.365" z="-1.93" y="2.225"/>
<p x="-0.35625" z="-2.12" y="2.2275"/>
<p x="-0.36" z="-2.31" y="2.225"/>
<p x="-0.43875" z="-2.0975" y="2.3025"/>
<p x="-0.3675" z="-2.48875" y="2.205"/>
<p x="-0.4675" z="-2.29625" y="2.3225"/>
<p x="-0.36" z="-2.31" y="2.225"/>
<p x="-0.584825" z="-2.09326" y="2.41598"/>
<p x="-0.43875" z="-2.0975" y="2.3025"/>
<p x="-0.4675" z="-2.29625" y="2.3225"/>
<p x="-0.36" z="-2.31" y="2.225"/>
<p x="-0.4675" z="-2.29625" y="2.3225"/>
<p x="-0.43875" z="-2.0975" y="2.3025"/>
<p x="-0.562734" z="-2.53246" y="2.36973"/>
<p x="-0.56375" z="-2.36875" y="2.39625"/>
<p x="-0.49375" z="-2.515" y="2.31625"/>
<p x="-0.584825" z="-2.09326" y="2.41598"/>
<p x="-0.4675" z="-2.29625" y="2.3225"/>
<p x="-0.56375" z="-2.36875" y="2.39625"/>
<p x="-0.3675" z="-2.48875" y="2.205"/>
<p x="-0.49375" z="-2.515" y="2.31625"/>
<p x="-0.4675" z="-2.29625" y="2.3225"/>
<p x="-0.56375" z="-2.36875" y="2.39625"/>
<p x="-0.4675" z="-2.29625" y="2.3225"/>
<p x="-0.49375" z="-2.515" y="2.31625"/>
<p x="-0.562734" z="-2.53246" y="2.36973"/>
<p x="-0.49375" z="-2.515" y="2.31625"/>
<p x="-0.56" z="-2.665" y="2.325"/>
<p x="-0.3675" z="-2.48875" y="2.205"/>
<p x="-0.46625" z="-2.67625" y="2.23375"/>
<p x="-0.49375" z="-2.515" y="2.31625"/>
<p x="-0.583042" z="-2.82108" y="2.24931"/>
<p x="-0.56" z="-2.665" y="2.325"/>
<p x="-0.46625" z="-2.67625" y="2.23375"/>
<p x="-0.49375" z="-2.515" y="2.31625"/>
<p x="-0.46625" z="-2.67625" y="2.23375"/>
<p x="-0.56" z="-2.665" y="2.325"/>
<p x="-0.3675" z="-2.78" y="2.07125"/>
<p x="-0.46625" z="-2.7975" y="2.16875"/>
<p x="-0.37" z="-2.645" y="2.155"/>
<p x="-0.583042" z="-2.82108" y="2.24931"/>
<p x="-0.46625" z="-2.67625" y="2.23375"/>
<p x="-0.46625" z="-2.7975" y="2.16875"/>
<p x="-0.3675" z="-2.48875" y="2.205"/>
<p x="-0.37" z="-2.645" y="2.155"/>
<p x="-0.46625" z="-2.67625" y="2.23375"/>
<p x="-0.46625" z="-2.7975" y="2.16875"/>
<p x="-0.46625" z="-2.67625" y="2.23375"/>
<p x="-0.37" z="-2.645" y="2.155"/>
<p x="-0.583042" z="-2.82108" y="2.24931"/>
<p x="-0.46625" z="-2.7975" y="2.16875"/>
<p x="-0.57625" z="-2.91125" y="2.17875"/>
<p x="-0.3675" z="-2.78" y="2.07125"/>
<p x="-0.46625" z="-2.8875" y="2.0925"/>
<p x="-0.46625" z="-2.7975" y="2.16875"/>
<p x="-0.57375" z="-2.9725" y="2.11"/>
<p x="-0.57625" z="-2.91125" y="2.17875"/>
<p x="-0.46625" z="-2.8875" y="2.0925"/>
<p x="-0.46625" z="-2.7975" y="2.16875"/>
<p x="-0.46625" z="-2.8875" y="2.0925"/>
<p x="-0.57625" z="-2.91125" y="2.17875"/>
<p x="-0.57375" z="-2.9725" y="2.11"/>
<p x="-0.46625" z="-2.8875" y="2.0925"/>
<p x="-0.46625" z="-2.97125" y="1.98625"/>
<p x="-0.3675" z="-2.78" y="2.07125"/>
<p x="-0.36" z="-2.895" y="1.95"/>
<p x="-0.46625" z="-2.8875" y="2.0925"/>
<p x="-0.35" z="-2.98625" y="1.80375"/>
<p x="-0.46625" z="-2.97125" y="1.98625"/>
<p x="-0.36" z="-2.895" y="1.95"/>
<p x="-0.46625" z="-2.8875" y="2.0925"/>
<p x="-0.36" z="-2.895" y="1.95"/>
<p x="-0.46625" z="-2.97125" y="1.98625"/>
<p x="-0.596636" z="-3.11934" y="1.88861"/>
<p x="-0.57625" z="-3.04125" y="2.01875"/>
<p x="-0.49125" z="-3.06625" y="1.85375"/>
<p x="-0.57375" z="-2.9725" y="2.11"/>
<p x="-0.46625" z="-2.97125" y="1.98625"/>
<p x="-0.57625" z="-3.04125" y="2.01875"/>
<p x="-0.35" z="-2.98625" y="1.80375"/>
<p x="-0.49125" z="-3.06625" y="1.85375"/>
<p x="-0.46625" z="-2.97125" y="1.98625"/>
<p x="-0.57625" z="-3.04125" y="2.01875"/>
<p x="-0.46625" z="-2.97125" y="1.98625"/>
<p x="-0.49125" z="-3.06625" y="1.85375"/>
<p x="-1.0915" z="-3.30075" y="1.8057"/>
<p x="-1.165" z="-3.2475" y="1.90375"/>
<p x="-0.9525" z="-3.2375" y="1.91125"/>
<p x="-1.20999" z="-3.15774" y="2.03196"/>
<p x="-0.99875" z="-3.1675" y="2.04"/>
<p x="-1.165" z="-3.2475" y="1.90375"/>
<p x="-0.791875" z="-3.15375" y="2.02687"/>
<p x="-0.9525" z="-3.2375" y="1.91125"/>
<p x="-0.99875" z="-3.1675" y="2.04"/>
<p x="-1.165" z="-3.2475" y="1.90375"/>
<p x="-0.99875" z="-3.1675" y="2.04"/>
<p x="-0.9525" z="-3.2375" y="1.91125"/>
<p x="-1.54477" z="-3.15655" y="1.84177"/>
<p x="-1.4575" z="-3.17375" y="1.89125"/>
<p x="-1.525" z="-3.2725" y="1.71875"/>
<p x="-1.39758" z="-3.17668" y="1.92727"/>
<p x="-1.42625" z="-3.26" y="1.80625"/>
<p x="-1.4575" z="-3.17375" y="1.89125"/>
<p x="-1.42858" z="-3.39507" y="1.63399"/>
<p x="-1.525" z="-3.2725" y="1.71875"/>
<p x="-1.42625" z="-3.26" y="1.80625"/>
<p x="-1.4575" z="-3.17375" y="1.89125"/>
<p x="-1.42625" z="-3.26" y="1.80625"/>
<p x="-1.525" z="-3.2725" y="1.71875"/>
<p x="-1.39758" z="-3.17668" y="1.92727"/>
<p x="-1.34125" z="-3.17375" y="1.96625"/>
<p x="-1.42625" z="-3.26" y="1.80625"/>
<p x="-1.20999" z="-3.15774" y="2.03196"/>
<p x="-1.33375" z="-3.2725" y="1.8325"/>
<p x="-1.34125" z="-3.17375" y="1.96625"/>
<p x="-1.42858" z="-3.39507" y="1.63399"/>
<p x="-1.42625" z="-3.26" y="1.80625"/>
<p x="-1.33375" z="-3.2725" y="1.8325"/>
<p x="-1.34125" z="-3.17375" y="1.96625"/>
<p x="-1.33375" z="-3.2725" y="1.8325"/>
<p x="-1.42625" z="-3.26" y="1.80625"/>
<p x="-1.42858" z="-3.39507" y="1.63399"/>
<p x="-1.33375" z="-3.2725" y="1.8325"/>
<p x="-1.25625" z="-3.33125" y="1.74375"/>
<p x="-1.20999" z="-3.15774" y="2.03196"/>
<p x="-1.165" z="-3.2475" y="1.90375"/>
<p x="-1.33375" z="-3.2725" y="1.8325"/>
<p x="-1.0915" z="-3.30075" y="1.8057"/>
<p x="-1.25625" z="-3.33125" y="1.74375"/>
<p x="-1.165" z="-3.2475" y="1.90375"/>
<p x="-1.33375" z="-3.2725" y="1.8325"/>
<p x="-1.165" z="-3.2475" y="1.90375"/>
<p x="-1.25625" z="-3.33125" y="1.74375"/>
<p x="-1.0915" z="-3.30075" y="1.8057"/>
<p x="-1.10125" z="-3.35125" y="1.69375"/>
<p x="-1.25625" z="-3.33125" y="1.74375"/>
<p x="-1.09" z="-3.3775" y="1.6225"/>
<p x="-1.2275" z="-3.4025" y="1.64375"/>
<p x="-1.10125" z="-3.35125" y="1.69375"/>
<p x="-1.42858" z="-3.39507" y="1.63399"/>
<p x="-1.25625" z="-3.33125" y="1.74375"/>
<p x="-1.2275" z="-3.4025" y="1.64375"/>
<p x="-1.10125" z="-3.35125" y="1.69375"/>
<p x="-1.2275" z="-3.4025" y="1.64375"/>
<p x="-1.25625" z="-3.33125" y="1.74375"/>
<p x="-1.09" z="-3.3775" y="1.6225"/>
<p x="-1.10125" z="-3.35125" y="1.69375"/>
<p x="-0.93" z="-3.365" y="1.61"/>
<p x="-1.0915" z="-3.30075" y="1.8057"/>
<p x="-0.9375" z="-3.31375" y="1.74125"/>
<p x="-1.10125" z="-3.35125" y="1.69375"/>
<p x="-0.78375" z="-3.34375" y="1.5725"/>
<p x="-0.93" z="-3.365" y="1.61"/>
<p x="-0.9375" z="-3.31375" y="1.74125"/>
<p x="-1.10125" z="-3.35125" y="1.69375"/>
<p x="-0.9375" z="-3.31375" y="1.74125"/>
<p x="-0.93" z="-3.365" y="1.61"/>
<p x="-0.791875" z="-3.15375" y="2.02687"/>
<p x="-0.7875" z="-3.23875" y="1.84375"/>
<p x="-0.9525" z="-3.2375" y="1.91125"/>
<p x="-0.78375" z="-3.34375" y="1.5725"/>
<p x="-0.9375" z="-3.31375" y="1.74125"/>
<p x="-0.7875" z="-3.23875" y="1.84375"/>
<p x="-1.0915" z="-3.30075" y="1.8057"/>
<p x="-0.9525" z="-3.2375" y="1.91125"/>
<p x="-0.9375" z="-3.31375" y="1.74125"/>
<p x="-0.7875" z="-3.23875" y="1.84375"/>
<p x="-0.9375" z="-3.31375" y="1.74125"/>
<p x="-0.9525" z="-3.2375" y="1.91125"/>
<p x="-0.791875" z="-3.15375" y="2.02687"/>
<p x="-0.675" z="-3.1325" y="1.97375"/>
<p x="-0.7875" z="-3.23875" y="1.84375"/>
<p x="-0.596636" z="-3.11934" y="1.88861"/>
<p x="-0.675" z="-3.22125" y="1.7625"/>
<p x="-0.675" z="-3.1325" y="1.97375"/>
<p x="-0.78375" z="-3.34375" y="1.5725"/>
<p x="-0.7875" z="-3.23875" y="1.84375"/>
<p x="-0.675" z="-3.22125" y="1.7625"/>
<p x="-0.675" z="-3.1325" y="1.97375"/>
<p x="-0.675" z="-3.22125" y="1.7625"/>
<p x="-0.7875" z="-3.23875" y="1.84375"/>
<p x="-0.78375" z="-3.34375" y="1.5725"/>
<p x="-0.675" z="-3.22125" y="1.7625"/>
<p x="-0.645" z="-3.31" y="1.5"/>
<p x="-0.596636" z="-3.11934" y="1.88861"/>
<p x="-0.5575" z="-3.1825" y="1.685"/>
<p x="-0.675" z="-3.22125" y="1.7625"/>
<p x="-0.52125" z="-3.25875" y="1.44125"/>
<p x="-0.645" z="-3.31" y="1.5"/>
<p x="-0.5575" z="-3.1825" y="1.685"/>
<p x="-0.675" z="-3.22125" y="1.7625"/>
<p x="-0.5575" z="-3.1825" y="1.685"/>
<p x="-0.645" z="-3.31" y="1.5"/>
<p x="-0.596636" z="-3.11934" y="1.88861"/>
<p x="-0.49125" z="-3.06625" y="1.85375"/>
<p x="-0.5575" z="-3.1825" y="1.685"/>
<p x="-0.35" z="-2.98625" y="1.80375"/>
<p x="-0.43875" z="-3.12625" y="1.63625"/>
<p x="-0.49125" z="-3.06625" y="1.85375"/>
<p x="-0.52125" z="-3.25875" y="1.44125"/>
<p x="-0.5575" z="-3.1825" y="1.685"/>
<p x="-0.43875" z="-3.12625" y="1.63625"/>
<p x="-0.49125" z="-3.06625" y="1.85375"/>
<p x="-0.43875" z="-3.12625" y="1.63625"/>
<p x="-0.5575" z="-3.1825" y="1.685"/>
<p x="-0.35" z="-2.98625" y="1.80375"/>
<p x="-0.3425" z="-3.0375" y="1.68625"/>
<p x="-0.43875" z="-3.12625" y="1.63625"/>
<p x="-0.33" z="-3.1" y="1.48"/>
<p x="-0.4425" z="-3.20625" y="1.43625"/>
<p x="-0.3425" z="-3.0375" y="1.68625"/>
<p x="-0.52125" z="-3.25875" y="1.44125"/>
<p x="-0.43875" z="-3.12625" y="1.63625"/>
<p x="-0.4425" z="-3.20625" y="1.43625"/>
<p x="-0.3425" z="-3.0375" y="1.68625"/>
<p x="-0.4425" z="-3.20625" y="1.43625"/>
<p x="-0.43875" z="-3.12625" y="1.63625"/>
<p x="-0.2" z="-3.29" y="1.08"/>
<p x="-0.31875" z="-3.3225" y="1.22875"/>
<p x="-0.265" z="-3.195" y="1.28"/>
<p x="-0.52125" z="-3.25875" y="1.44125"/>
<p x="-0.4425" z="-3.20625" y="1.43625"/>
<p x="-0.31875" z="-3.3225" y="1.22875"/>
<p x="-0.33" z="-3.1" y="1.48"/>
<p x="-0.265" z="-3.195" y="1.28"/>
<p x="-0.4425" z="-3.20625" y="1.43625"/>
<p x="-0.31875" z="-3.3225" y="1.22875"/>
<p x="-0.4425" z="-3.20625" y="1.43625"/>
<p x="-0.265" z="-3.195" y="1.28"/>
<p x="-0.78375" z="-3.34375" y="1.5725"/>
<p x="-0.915" z="-3.51375" y="1.58"/>
<p x="-0.93" z="-3.365" y="1.61"/>
<p x="-1.07313" z="-3.60375" y="1.58437"/>
<p x="-1.09375" z="-3.46" y="1.615"/>
<p x="-0.915" z="-3.51375" y="1.58"/>
<p x="-1.09" z="-3.3775" y="1.6225"/>
<p x="-0.93" z="-3.365" y="1.61"/>
<p x="-1.09375" z="-3.46" y="1.615"/>
<p x="-0.915" z="-3.51375" y="1.58"/>
<p x="-1.09375" z="-3.46" y="1.615"/>
<p x="-0.93" z="-3.365" y="1.61"/>
<p x="-1.09" z="-3.3775" y="1.6225"/>
<p x="-1.09375" z="-3.46" y="1.615"/>
<p x="-1.2275" z="-3.4025" y="1.64375"/>
<p x="-1.07313" z="-3.60375" y="1.58437"/>
<p x="-1.26" z="-3.51875" y="1.5975"/>
<p x="-1.09375" z="-3.46" y="1.615"/>
<p x="-1.42858" z="-3.39507" y="1.63399"/>
<p x="-1.2275" z="-3.4025" y="1.64375"/>
<p x="-1.26" z="-3.51875" y="1.5975"/>
<p x="-1.09375" z="-3.46" y="1.615"/>
<p x="-1.26" z="-3.51875" y="1.5975"/>
<p x="-1.2275" z="-3.4025" y="1.64375"/>
<p x="-1.32375" z="-3.8475" y="1.475"/>
<p x="-1.395" z="-3.6125" y="1.53375"/>
<p x="-1.21875" z="-3.68125" y="1.55375"/>
<p x="-1.42858" z="-3.39507" y="1.63399"/>
<p x="-1.26" z="-3.51875" y="1.5975"/>
<p x="-1.395" z="-3.6125" y="1.53375"/>
<p x="-1.07313" z="-3.60375" y="1.58437"/>
<p x="-1.21875" z="-3.68125" y="1.55375"/>
<p x="-1.26" z="-3.51875" y="1.5975"/>
<p x="-1.395" z="-3.6125" y="1.53375"/>
<p x="-1.26" z="-3.51875" y="1.5975"/>
<p x="-1.21875" z="-3.68125" y="1.55375"/>
<p x="-1.32375" z="-3.8475" y="1.475"/>
<p x="-1.21875" z="-3.68125" y="1.55375"/>
<p x="-1.135" z="-3.88625" y="1.5025"/>
<p x="-1.07313" z="-3.60375" y="1.58437"/>
<p x="-1.02" z="-3.7575" y="1.53625"/>
<p x="-1.21875" z="-3.68125" y="1.55375"/>
<p x="-0.967477" z="-3.94662" y="1.49141"/>
<p x="-1.135" z="-3.88625" y="1.5025"/>
<p x="-1.02" z="-3.7575" y="1.53625"/>
<p x="-1.21875" z="-3.68125" y="1.55375"/>
<p x="-1.02" z="-3.7575" y="1.53625"/>
<p x="-1.135" z="-3.88625" y="1.5025"/>
<p x="-1.07313" z="-3.60375" y="1.58437"/>
<p x="-0.86375" z="-3.70625" y="1.52125"/>
<p x="-1.02" z="-3.7575" y="1.53625"/>
<p x="-0.645688" z="-3.8697" y="1.41"/>
<p x="-0.82625" z="-3.92" y="1.47125"/>
<p x="-0.86375" z="-3.70625" y="1.52125"/>
<p x="-0.967477" z="-3.94662" y="1.49141"/>
<p x="-1.02" z="-3.7575" y="1.53625"/>
<p x="-0.82625" z="-3.92" y="1.47125"/>
<p x="-0.86375" z="-3.70625" y="1.52125"/>
<p x="-0.82625" z="-3.92" y="1.47125"/>
<p x="-1.02" z="-3.7575" y="1.53625"/>
<p x="-1.07313" z="-3.60375" y="1.58437"/>
<p x="-0.915" z="-3.51375" y="1.58"/>
<p x="-0.86375" z="-3.70625" y="1.52125"/>
<p x="-0.78375" z="-3.34375" y="1.5725"/>
<p x="-0.72875" z="-3.57" y="1.5025"/>
<p x="-0.915" z="-3.51375" y="1.58"/>
<p x="-0.645688" z="-3.8697" y="1.41"/>
<p x="-0.86375" z="-3.70625" y="1.52125"/>
<p x="-0.72875" z="-3.57" y="1.5025"/>
<p x="-0.915" z="-3.51375" y="1.58"/>
<p x="-0.72875" z="-3.57" y="1.5025"/>
<p x="-0.86375" z="-3.70625" y="1.52125"/>
<p x="-0.52125" z="-3.25875" y="1.44125"/>
<p x="-0.5625" z="-3.58125" y="1.4"/>
<p x="-0.645" z="-3.31" y="1.5"/>
<p x="-0.645688" z="-3.8697" y="1.41"/>
<p x="-0.72875" z="-3.57" y="1.5025"/>
<p x="-0.5625" z="-3.58125" y="1.4"/>
<p x="-0.78375" z="-3.34375" y="1.5725"/>
<p x="-0.645" z="-3.31" y="1.5"/>
<p x="-0.72875" z="-3.57" y="1.5025"/>
<p x="-0.5625" z="-3.58125" y="1.4"/>
<p x="-0.72875" z="-3.57" y="1.5025"/>
<p x="-0.645" z="-3.31" y="1.5"/>
<p x="-0.52125" z="-3.25875" y="1.44125"/>
<p x="-0.39375" z="-3.63" y="1.24625"/>
<p x="-0.5625" z="-3.58125" y="1.4"/>
<p x="-0.318711" z="-3.86535" y="1.16072"/>
<p x="-0.4575" z="-3.8675" y="1.28875"/>
<p x="-0.39375" z="-3.63" y="1.24625"/>
<p x="-0.645688" z="-3.8697" y="1.41"/>
<p x="-0.5625" z="-3.58125" y="1.4"/>
<p x="-0.4575" z="-3.8675" y="1.28875"/>
<p x="-0.39375" z="-3.63" y="1.24625"/>
<p x="-0.4575" z="-3.8675" y="1.28875"/>
<p x="-0.5625" z="-3.58125" y="1.4"/>
<p x="-0.52125" z="-3.25875" y="1.44125"/>
<p x="-0.31875" z="-3.3225" y="1.22875"/>
<p x="-0.2875" z="-3.54375" y="1.1375"/>
<p x="-0.2" z="-3.29" y="1.08"/>
<p x="-0.145" z="-3.545" y="0.98"/>
<p x="-0.31875" z="-3.3225" y="1.22875"/>
<p x="-0.09125" z="-3.7725" y="0.8975"/>
<p x="-0.2875" z="-3.54375" y="1.1375"/>
<p x="-0.145" z="-3.545" y="0.98"/>
<p x="-0.31875" z="-3.3225" y="1.22875"/>
<p x="-0.145" z="-3.545" y="0.98"/>
<p x="-0.2875" z="-3.54375" y="1.1375"/>
<p x="-0.52125" z="-3.25875" y="1.44125"/>
<p x="-0.2875" z="-3.54375" y="1.1375"/>
<p x="-0.39375" z="-3.63" y="1.24625"/>
<p x="-0.09125" z="-3.7725" y="0.8975"/>
<p x="-0.226562" z="-3.77781" y="1.05719"/>
<p x="-0.2875" z="-3.54375" y="1.1375"/>
<p x="-0.318711" z="-3.86535" y="1.16072"/>
<p x="-0.39375" z="-3.63" y="1.24625"/>
<p x="-0.226562" z="-3.77781" y="1.05719"/>
<p x="-0.2875" z="-3.54375" y="1.1375"/>
<p x="-0.226562" z="-3.77781" y="1.05719"/>
<p x="-0.39375" z="-3.63" y="1.24625"/>
<p x="-0.09125" z="-3.7725" y="0.8975"/>
<p x="-0.119688" z="-3.91844" y="0.935312"/>
<p x="-0.226562" z="-3.77781" y="1.05719"/>
<p x="-0.15793" z="-4.02793" y="0.986562"/>
<p x="-0.218437" z="-3.97969" y="1.05281"/>
<p x="-0.119688" z="-3.91844" y="0.935312"/>
<p x="-0.318711" z="-3.86535" y="1.16072"/>
<p x="-0.226562" z="-3.77781" y="1.05719"/>
<p x="-0.218437" z="-3.97969" y="1.05281"/>
<p x="-0.119688" z="-3.91844" y="0.935312"/>
<p x="-0.218437" z="-3.97969" y="1.05281"/>
<p x="-0.226562" z="-3.77781" y="1.05719"/>
<p x="-1.32375" z="-3.8475" y="1.475"/>
<p x="-1.135" z="-3.88625" y="1.5025"/>
<p x="-1.2" z="-4.1575" y="1.41875"/>
<p x="-0.967477" z="-3.94662" y="1.49141"/>
<p x="-1.00875" z="-4.18125" y="1.445"/>
<p x="-1.135" z="-3.88625" y="1.5025"/>
<p x="-1.04875" z="-4.50875" y="1.35875"/>
<p x="-1.2" z="-4.1575" y="1.41875"/>
<p x="-1.00875" z="-4.18125" y="1.445"/>
<p x="-1.135" z="-3.88625" y="1.5025"/>
<p x="-1.00875" z="-4.18125" y="1.445"/>
<p x="-1.2" z="-4.1575" y="1.41875"/>
<p x="-0.71375" z="-4.52875" y="1.3525"/>
<p x="-0.875" z="-4.525" y="1.375"/>
<p x="-0.84125" z="-4.19875" y="1.4325"/>
<p x="-1.04875" z="-4.50875" y="1.35875"/>
<p x="-1.00875" z="-4.18125" y="1.445"/>
<p x="-0.875" z="-4.525" y="1.375"/>
<p x="-0.967477" z="-3.94662" y="1.49141"/>
<p x="-0.84125" z="-4.19875" y="1.4325"/>
<p x="-1.00875" z="-4.18125" y="1.445"/>
<p x="-0.875" z="-4.525" y="1.375"/>
<p x="-1.00875" z="-4.18125" y="1.445"/>
<p x="-0.84125" z="-4.19875" y="1.4325"/>
<p x="-0.967477" z="-3.94662" y="1.49141"/>
<p x="-0.82625" z="-3.92" y="1.47125"/>
<p x="-0.84125" z="-4.19875" y="1.4325"/>
<p x="-0.645688" z="-3.8697" y="1.41"/>
<p x="-0.6725" z="-4.2" y="1.385"/>
<p x="-0.82625" z="-3.92" y="1.47125"/>
<p x="-0.71375" z="-4.52875" y="1.3525"/>
<p x="-0.84125" z="-4.19875" y="1.4325"/>
<p x="-0.6725" z="-4.2" y="1.385"/>
<p x="-0.82625" z="-3.92" y="1.47125"/>
<p x="-0.6725" z="-4.2" y="1.385"/>
<p x="-0.84125" z="-4.19875" y="1.4325"/>
<p x="-0.71375" z="-4.52875" y="1.3525"/>
<p x="-0.6725" z="-4.2" y="1.385"/>
<p x="-0.54" z="-4.51" y="1.295"/>
<p x="-0.645688" z="-3.8697" y="1.41"/>
<p x="-0.49875" z="-4.18375" y="1.30125"/>
<p x="-0.6725" z="-4.2" y="1.385"/>
<p x="-0.35875" z="-4.43875" y="1.18875"/>
<p x="-0.54" z="-4.51" y="1.295"/>
<p x="-0.49875" z="-4.18375" y="1.30125"/>
<p x="-0.6725" z="-4.2" y="1.385"/>
<p x="-0.49875" z="-4.18375" y="1.30125"/>
<p x="-0.54" z="-4.51" y="1.295"/>
<p x="-0.35875" z="-4.43875" y="1.18875"/>
<p x="-0.49875" z="-4.18375" y="1.30125"/>
<p x="-0.342812" z="-4.10906" y="1.18469"/>
<p x="-0.645688" z="-3.8697" y="1.41"/>
<p x="-0.4575" z="-3.8675" y="1.28875"/>
<p x="-0.49875" z="-4.18375" y="1.30125"/>
<p x="-0.318711" z="-3.86535" y="1.16072"/>
<p x="-0.342812" z="-4.10906" y="1.18469"/>
<p x="-0.4575" z="-3.8675" y="1.28875"/>
<p x="-0.49875" z="-4.18375" y="1.30125"/>
<p x="-0.4575" z="-3.8675" y="1.28875"/>
<p x="-0.342812" z="-4.10906" y="1.18469"/>
<p x="-0.35875" z="-4.43875" y="1.18875"/>
<p x="-0.342812" z="-4.10906" y="1.18469"/>
<p x="-0.220938" z="-4.17344" y="1.06281"/>
<p x="-0.318711" z="-3.86535" y="1.16072"/>
<p x="-0.218437" z="-3.97969" y="1.05281"/>
<p x="-0.342812" z="-4.10906" y="1.18469"/>
<p x="-0.15793" z="-4.02793" y="0.986562"/>
<p x="-0.220938" z="-4.17344" y="1.06281"/>
<p x="-0.218437" z="-3.97969" y="1.05281"/>
<p x="-0.342812" z="-4.10906" y="1.18469"/>
<p x="-0.218437" z="-3.97969" y="1.05281"/>
<p x="-0.220938" z="-4.17344" y="1.06281"/>
<p x="-1.54477" z="-3.15655" y="1.84177"/>
<p x="-1.525" z="-3.2725" y="1.71875"/>
<p x="-1.62375" z="-3.21375" y="1.70125"/>
<p x="-1.42858" z="-3.39507" y="1.63399"/>
<p x="-1.59" z="-3.375" y="1.56875"/>
<p x="-1.525" z="-3.2725" y="1.71875"/>
<p x="-1.68898" z="-3.29402" y="1.55877"/>
<p x="-1.62375" z="-3.21375" y="1.70125"/>
<p x="-1.59" z="-3.375" y="1.56875"/>
<p x="-1.525" z="-3.2725" y="1.71875"/>
<p x="-1.59" z="-3.375" y="1.56875"/>
<p x="-1.62375" z="-3.21375" y="1.70125"/>
<p x="-1.6896" z="-2.89122" y="1.94394"/>
<p x="-1.5975" z="-3.0475" y="1.90125"/>
<p x="-1.71375" z="-3.11625" y="1.70625"/>
<p x="-1.54477" z="-3.15655" y="1.84177"/>
<p x="-1.62375" z="-3.21375" y="1.70125"/>
<p x="-1.5975" z="-3.0475" y="1.90125"/>
<p x="-1.68898" z="-3.29402" y="1.55877"/>
<p x="-1.71375" z="-3.11625" y="1.70625"/>
<p x="-1.62375" z="-3.21375" y="1.70125"/>
<p x="-1.5975" z="-3.0475" y="1.90125"/>
<p x="-1.62375" z="-3.21375" y="1.70125"/>
<p x="-1.71375" z="-3.11625" y="1.70625"/>
<p x="-1.6896" z="-2.89122" y="1.94394"/>
<p x="-1.7875" z="-2.7525" y="1.91875"/>
<p x="-1.66375" z="-2.725" y="2.1125"/>
<p x="-1.83636" z="-2.6287" y="1.91121"/>
<p x="-1.73875" z="-2.63625" y="2.06625"/>
<p x="-1.7875" z="-2.7525" y="1.91875"/>
<p x="-1.64439" z="-2.59757" y="2.2087"/>
<p x="-1.66375" z="-2.725" y="2.1125"/>
<p x="-1.73875" z="-2.63625" y="2.06625"/>
<p x="-1.7875" z="-2.7525" y="1.91875"/>
<p x="-1.73875" z="-2.63625" y="2.06625"/>
<p x="-1.66375" z="-2.725" y="2.1125"/>
<p x="-1.56063" z="-2.38062" y="2.35"/>
<p x="-1.65875" z="-2.38125" y="2.2625"/>
<p x="-1.63375" z="-2.25875" y="2.3025"/>
<p x="-1.74075" z="-2.39664" y="2.14739"/>
<p x="-1.7225" z="-2.27375" y="2.1875"/>
<p x="-1.65875" z="-2.38125" y="2.2625"/>
<p x="-1.68832" z="-2.16093" y="2.23318"/>
<p x="-1.63375" z="-2.25875" y="2.3025"/>
<p x="-1.7225" z="-2.27375" y="2.1875"/>
<p x="-1.65875" z="-2.38125" y="2.2625"/>
<p x="-1.7225" z="-2.27375" y="2.1875"/>
<p x="-1.63375" z="-2.25875" y="2.3025"/>
<p x="-1.74075" z="-2.39664" y="2.14739"/>
<p x="-1.65875" z="-2.38125" y="2.2625"/>
<p x="-1.69375" z="-2.5025" y="2.1875"/>
<p x="-1.56063" z="-2.38062" y="2.35"/>
<p x="-1.60375" z="-2.49875" y="2.295"/>
<p x="-1.65875" z="-2.38125" y="2.2625"/>
<p x="-1.64439" z="-2.59757" y="2.2087"/>
<p x="-1.69375" z="-2.5025" y="2.1875"/>
<p x="-1.60375" z="-2.49875" y="2.295"/>
<p x="-1.65875" z="-2.38125" y="2.2625"/>
<p x="-1.60375" z="-2.49875" y="2.295"/>
<p x="-1.69375" z="-2.5025" y="2.1875"/>
<p x="-1.74075" z="-2.39664" y="2.14739"/>
<p x="-1.69375" z="-2.5025" y="2.1875"/>
<p x="-1.79625" z="-2.5" y="2.03125"/>
<p x="-1.64439" z="-2.59757" y="2.2087"/>
<p x="-1.73875" z="-2.63625" y="2.06625"/>
<p x="-1.69375" z="-2.5025" y="2.1875"/>
<p x="-1.83636" z="-2.6287" y="1.91121"/>
<p x="-1.79625" z="-2.5" y="2.03125"/>
<p x="-1.73875" z="-2.63625" y="2.06625"/>
<p x="-1.69375" z="-2.5025" y="2.1875"/>
<p x="-1.73875" z="-2.63625" y="2.06625"/>
<p x="-1.79625" z="-2.5" y="2.03125"/>
<p x="-1.83636" z="-2.6287" y="1.91121"/>
<p x="-1.87875" z="-2.4625" y="1.87625"/>
<p x="-1.79625" z="-2.5" y="2.03125"/>
<p x="-1.88679" z="-2.18322" y="1.89399"/>
<p x="-1.81" z="-2.3175" y="2.0375"/>
<p x="-1.87875" z="-2.4625" y="1.87625"/>
<p x="-1.74075" z="-2.39664" y="2.14739"/>
<p x="-1.79625" z="-2.5" y="2.03125"/>
<p x="-1.81" z="-2.3175" y="2.0375"/>
<p x="-1.87875" z="-2.4625" y="1.87625"/>
<p x="-1.81" z="-2.3175" y="2.0375"/>
<p x="-1.79625" z="-2.5" y="2.03125"/>
<p x="-1.74075" z="-2.39664" y="2.14739"/>
<p x="-1.81" z="-2.3175" y="2.0375"/>
<p x="-1.7225" z="-2.27375" y="2.1875"/>
<p x="-1.88679" z="-2.18322" y="1.89399"/>
<p x="-1.77125" z="-2.14875" y="2.10375"/>
<p x="-1.81" z="-2.3175" y="2.0375"/>
<p x="-1.68832" z="-2.16093" y="2.23318"/>
<p x="-1.7225" z="-2.27375" y="2.1875"/>
<p x="-1.77125" z="-2.14875" y="2.10375"/>
<p x="-1.81" z="-2.3175" y="2.0375"/>
<p x="-1.77125" z="-2.14875" y="2.10375"/>
<p x="-1.7225" z="-2.27375" y="2.1875"/>
<p x="-1.18188" z="-2.0375" y="2.53687"/>
<p x="-1.35875" z="-1.86625" y="2.45375"/>
<p x="-1.18125" z="-1.815" y="2.5075"/>
<p x="-1.50282" z="-1.75205" y="2.3685"/>
<p x="-1.365" z="-1.665" y="2.4175"/>
<p x="-1.35875" z="-1.86625" y="2.45375"/>
<p x="-1.1651" z="-1.56451" y="2.46069"/>
<p x="-1.18125" z="-1.815" y="2.5075"/>
<p x="-1.365" z="-1.665" y="2.4175"/>
<p x="-1.35875" z="-1.86625" y="2.45375"/>
<p x="-1.365" z="-1.665" y="2.4175"/>
<p x="-1.18125" z="-1.815" y="2.5075"/>
<p x="-1.50282" z="-1.75205" y="2.3685"/>
<p x="-1.35875" z="-1.86625" y="2.45375"/>
<p x="-1.5175" z="-1.9175" y="2.38"/>
<p x="-1.18188" z="-2.0375" y="2.53687"/>
<p x="-1.3525" z="-2.0775" y="2.4725"/>
<p x="-1.35875" z="-1.86625" y="2.45375"/>
<p x="-1.51375" z="-2.1025" y="2.3925"/>
<p x="-1.5175" z="-1.9175" y="2.38"/>
<p x="-1.3525" z="-2.0775" y="2.4725"/>
<p x="-1.35875" z="-1.86625" y="2.45375"/>
<p x="-1.3525" z="-2.0775" y="2.4725"/>
<p x="-1.5175" z="-1.9175" y="2.38"/>
<p x="-1.50282" z="-1.75205" y="2.3685"/>
<p x="-1.5175" z="-1.9175" y="2.38"/>
<p x="-1.60375" z="-1.78125" y="2.3025"/>
<p x="-1.51375" z="-2.1025" y="2.3925"/>
<p x="-1.61375" z="-1.96" y="2.3075"/>
<p x="-1.5175" z="-1.9175" y="2.38"/>
<p x="-1.6903" z="-1.82559" y="2.19696"/>
<p x="-1.60375" z="-1.78125" y="2.3025"/>
<p x="-1.61375" z="-1.96" y="2.3075"/>
<p x="-1.5175" z="-1.9175" y="2.38"/>
<p x="-1.61375" z="-1.96" y="2.3075"/>
<p x="-1.60375" z="-1.78125" y="2.3025"/>
<p x="-1.6903" z="-1.82559" y="2.19696"/>
<p x="-1.61375" z="-1.96" y="2.3075"/>
<p x="-1.6925" z="-2.0275" y="2.21375"/>
<p x="-1.51375" z="-2.1025" y="2.3925"/>
<p x="-1.6175" z="-2.1225" y="2.3175"/>
<p x="-1.61375" z="-1.96" y="2.3075"/>
<p x="-1.68832" z="-2.16093" y="2.23318"/>
<p x="-1.6925" z="-2.0275" y="2.21375"/>
<p x="-1.6175" z="-2.1225" y="2.3175"/>
<p x="-1.61375" z="-1.96" y="2.3075"/>
<p x="-1.6175" z="-2.1225" y="2.3175"/>
<p x="-1.6925" z="-2.0275" y="2.21375"/>
<p x="-1.68832" z="-2.16093" y="2.23318"/>
<p x="-1.77125" z="-2.14875" y="2.10375"/>
<p x="-1.6925" z="-2.0275" y="2.21375"/>
<p x="-1.88679" z="-2.18322" y="1.89399"/>
<p x="-1.78875" z="-1.98" y="2.05625"/>
<p x="-1.77125" z="-2.14875" y="2.10375"/>
<p x="-1.6903" z="-1.82559" y="2.19696"/>
<p x="-1.6925" z="-2.0275" y="2.21375"/>
<p x="-1.78875" z="-1.98" y="2.05625"/>
<p x="-1.77125" z="-2.14875" y="2.10375"/>
<p x="-1.78875" z="-1.98" y="2.05625"/>
<p x="-1.6925" z="-2.0275" y="2.21375"/>
<p x="-1.545" z="-1.48313" y="2.29375"/>
<p x="-1.53" z="-1.6325" y="2.33375"/>
<p x="-1.64" z="-1.64125" y="2.245"/>
<p x="-1.50282" z="-1.75205" y="2.3685"/>
<p x="-1.60375" z="-1.78125" y="2.3025"/>
<p x="-1.53" z="-1.6325" y="2.33375"/>
<p x="-1.6903" z="-1.82559" y="2.19696"/>
<p x="-1.64" z="-1.64125" y="2.245"/>
<p x="-1.60375" z="-1.78125" y="2.3025"/>
<p x="-1.53" z="-1.6325" y="2.33375"/>
<p x="-1.60375" z="-1.78125" y="2.3025"/>
<p x="-1.64" z="-1.64125" y="2.245"/>
<p x="-1.545" z="-1.48313" y="2.29375"/>
<p x="-1.37" z="-1.5" y="2.38375"/>
<p x="-1.53" z="-1.6325" y="2.33375"/>
<p x="-1.1651" z="-1.56451" y="2.46069"/>
<p x="-1.365" z="-1.665" y="2.4175"/>
<p x="-1.37" z="-1.5" y="2.38375"/>
<p x="-1.50282" z="-1.75205" y="2.3685"/>
<p x="-1.53" z="-1.6325" y="2.33375"/>
<p x="-1.365" z="-1.665" y="2.4175"/>
<p x="-1.37" z="-1.5" y="2.38375"/>
<p x="-1.365" z="-1.665" y="2.4175"/>
<p x="-1.53" z="-1.6325" y="2.33375"/>
<p x="-1.1651" z="-1.56451" y="2.46069"/>
<p x="-1.37" z="-1.5" y="2.38375"/>
<p x="-1.185" z="-1.35125" y="2.41125"/>
<p x="-1.545" z="-1.48313" y="2.29375"/>
<p x="-1.38" z="-1.3" y="2.3375"/>
<p x="-1.37" z="-1.5" y="2.38375"/>
<p x="-1.18437" z="-1.13062" y="2.36437"/>
<p x="-1.185" z="-1.35125" y="2.41125"/>
<p x="-1.38" z="-1.3" y="2.3375"/>
<p x="-1.37" z="-1.5" y="2.38375"/>
<p x="-1.38" z="-1.3" y="2.3375"/>
<p x="-1.185" z="-1.35125" y="2.41125"/>
<p x="-1.18437" z="-1.13062" y="2.36437"/>
<p x="-1.38" z="-1.3" y="2.3375"/>
<p x="-1.395" z="-1.04875" y="2.275"/>
<p x="-1.545" z="-1.48313" y="2.29375"/>
<p x="-1.57" z="-1.24375" y="2.22625"/>
<p x="-1.38" z="-1.3" y="2.3375"/>
<p x="-1.58438" z="-0.97625" y="2.1625"/>
<p x="-1.395" z="-1.04875" y="2.275"/>
<p x="-1.57" z="-1.24375" y="2.22625"/>
<p x="-1.38" z="-1.3" y="2.3375"/>
<p x="-1.57" z="-1.24375" y="2.22625"/>
<p x="-1.395" z="-1.04875" y="2.275"/>
<p x="-1.545" z="-1.48313" y="2.29375"/>
<p x="-1.64" z="-1.64125" y="2.245"/>
<p x="-1.68" z="-1.43375" y="2.17125"/>
<p x="-1.6903" z="-1.82559" y="2.19696"/>
<p x="-1.74375" z="-1.60125" y="2.10875"/>
<p x="-1.64" z="-1.64125" y="2.245"/>
<p x="-1.78813" z="-1.355" y="2.03125"/>
<p x="-1.68" z="-1.43375" y="2.17125"/>
<p x="-1.74375" z="-1.60125" y="2.10875"/>
<p x="-1.64" z="-1.64125" y="2.245"/>
<p x="-1.74375" z="-1.60125" y="2.10875"/>
<p x="-1.68" z="-1.43375" y="2.17125"/>
<p x="-1.58438" z="-0.97625" y="2.1625"/>
<p x="-1.70625" z="-1.1875" y="2.10625"/>
<p x="-1.70625" z="-0.93625" y="2.065"/>
<p x="-1.78813" z="-1.355" y="2.03125"/>
<p x="-1.795" z="-1.12125" y="1.99875"/>
<p x="-1.70625" z="-1.1875" y="2.10625"/>
<p x="-1.77907" z="-0.907021" y="1.97898"/>
<p x="-1.70625" z="-0.93625" y="2.065"/>
<p x="-1.795" z="-1.12125" y="1.99875"/>
<p x="-1.70625" z="-1.1875" y="2.10625"/>
<p x="-1.795" z="-1.12125" y="1.99875"/>
<p x="-1.70625" z="-0.93625" y="2.065"/>
<p x="-1.58438" z="-0.97625" y="2.1625"/>
<p x="-1.57" z="-1.24375" y="2.22625"/>
<p x="-1.70625" z="-1.1875" y="2.10625"/>
<p x="-1.545" z="-1.48313" y="2.29375"/>
<p x="-1.68" z="-1.43375" y="2.17125"/>
<p x="-1.57" z="-1.24375" y="2.22625"/>
<p x="-1.78813" z="-1.355" y="2.03125"/>
<p x="-1.70625" z="-1.1875" y="2.10625"/>
<p x="-1.68" z="-1.43375" y="2.17125"/>
<p x="-1.57" z="-1.24375" y="2.22625"/>
<p x="-1.68" z="-1.43375" y="2.17125"/>
<p x="-1.70625" z="-1.1875" y="2.10625"/>
<p x="-1.78813" z="-1.355" y="2.03125"/>
<p x="-1.86875" z="-1.22375" y="1.90125"/>
<p x="-1.795" z="-1.12125" y="1.99875"/>
<p x="-1.94539" z="-1.06883" y="1.71607"/>
<p x="-1.855" z="-0.97125" y="1.88875"/>
<p x="-1.86875" z="-1.22375" y="1.90125"/>
<p x="-1.77907" z="-0.907021" y="1.97898"/>
<p x="-1.795" z="-1.12125" y="1.99875"/>
<p x="-1.855" z="-0.97125" y="1.88875"/>
<p x="-1.86875" z="-1.22375" y="1.90125"/>
<p x="-1.855" z="-0.97125" y="1.88875"/>
<p x="-1.795" z="-1.12125" y="1.99875"/>
<p x="-2.02875" z="-0.714375" y="1.17375"/>
<p x="-1.9975" z="-0.875" y="1.45375"/>
<p x="-2.0825" z="-0.9775" y="1.1275"/>
<p x="-1.94539" z="-1.06883" y="1.71607"/>
<p x="-2.055" z="-1.15625" y="1.385"/>
<p x="-1.9975" z="-0.875" y="1.45375"/>
<p x="-2.13188" z="-1.24" y="1.0625"/>
<p x="-2.0825" z="-0.9775" y="1.1275"/>
<p x="-2.055" z="-1.15625" y="1.385"/>
<p x="-1.9975" z="-0.875" y="1.45375"/>
<p x="-2.055" z="-1.15625" y="1.385"/>
<p x="-2.0825" z="-0.9775" y="1.1275"/>
<p x="-2.10739" z="-0.897751" y="0.659797"/>
<p x="-2.085" z="-0.81" y="0.88125"/>
<p x="-2.1325" z="-1.06375" y="0.82375"/>
<p x="-2.02875" z="-0.714375" y="1.17375"/>
<p x="-2.0825" z="-0.9775" y="1.1275"/>
<p x="-2.085" z="-0.81" y="0.88125"/>
<p x="-2.13188" z="-1.24" y="1.0625"/>
<p x="-2.1325" z="-1.06375" y="0.82375"/>
<p x="-2.0825" z="-0.9775" y="1.1275"/>
<p x="-2.085" z="-0.81" y="0.88125"/>
<p x="-2.0825" z="-0.9775" y="1.1275"/>
<p x="-2.1325" z="-1.06375" y="0.82375"/>
<p x="-2.02875" z="-0.714375" y="1.17375"/>
<p x="-2.085" z="-0.81" y="0.88125"/>
<p x="-2.015" z="-0.52875" y="0.94125"/>
<p x="-2.10739" z="-0.897751" y="0.659797"/>
<p x="-2.05625" z="-0.6725" y="0.68625"/>
<p x="-2.085" z="-0.81" y="0.88125"/>
<p x="-1.99159" z="-0.450547" y="0.74925"/>
<p x="-2.015" z="-0.52875" y="0.94125"/>
<p x="-2.05625" z="-0.6725" y="0.68625"/>
<p x="-2.085" z="-0.81" y="0.88125"/>
<p x="-2.05625" z="-0.6725" y="0.68625"/>
<p x="-2.015" z="-0.52875" y="0.94125"/>
<p x="-1.91187" z="-1.68625" y="1.83687"/>
<p x="-1.9375" z="-1.40625" y="1.785"/>
<p x="-1.8475" z="-1.5025" y="1.94625"/>
<p x="-1.94539" z="-1.06883" y="1.71607"/>
<p x="-1.86875" z="-1.22375" y="1.90125"/>
<p x="-1.9375" z="-1.40625" y="1.785"/>
<p x="-1.78813" z="-1.355" y="2.03125"/>
<p x="-1.8475" z="-1.5025" y="1.94625"/>
<p x="-1.86875" z="-1.22375" y="1.90125"/>
<p x="-1.9375" z="-1.40625" y="1.785"/>
<p x="-1.86875" z="-1.22375" y="1.90125"/>
<p x="-1.8475" z="-1.5025" y="1.94625"/>
<p x="-1.78813" z="-1.355" y="2.03125"/>
<p x="-1.74375" z="-1.60125" y="2.10875"/>
<p x="-1.8475" z="-1.5025" y="1.94625"/>
<p x="-1.6903" z="-1.82559" y="2.19696"/>
<p x="-1.80875" z="-1.7625" y="2.0125"/>
<p x="-1.74375" z="-1.60125" y="2.10875"/>
<p x="-1.91187" z="-1.68625" y="1.83687"/>
<p x="-1.8475" z="-1.5025" y="1.94625"/>
<p x="-1.80875" z="-1.7625" y="2.0125"/>
<p x="-1.74375" z="-1.60125" y="2.10875"/>
<p x="-1.80875" z="-1.7625" y="2.0125"/>
<p x="-1.8475" z="-1.5025" y="1.94625"/>
<p x="-1.6903" z="-1.82559" y="2.19696"/>
<p x="-1.78875" z="-1.98" y="2.05625"/>
<p x="-1.80875" z="-1.7625" y="2.0125"/>
<p x="-1.88679" z="-2.18322" y="1.89399"/>
<p x="-1.88875" z="-1.91625" y="1.88625"/>
<p x="-1.78875" z="-1.98" y="2.05625"/>
<p x="-1.91187" z="-1.68625" y="1.83687"/>
<p x="-1.80875" z="-1.7625" y="2.0125"/>
<p x="-1.88875" z="-1.91625" y="1.88625"/>
<p x="-1.78875" z="-1.98" y="2.05625"/>
<p x="-1.88875" z="-1.91625" y="1.88625"/>
<p x="-1.80875" z="-1.7625" y="2.0125"/>
<p x="-1.91187" z="-1.68625" y="1.83687"/>
<p x="-1.88875" z="-1.91625" y="1.88625"/>
<p x="-1.98125" z="-1.8475" y="1.725"/>
<p x="-1.88679" z="-2.18322" y="1.89399"/>
<p x="-1.9725" z="-2.02875" y="1.75125"/>
<p x="-1.88875" z="-1.91625" y="1.88625"/>
<p x="-2.03841" z="-1.96877" y="1.62814"/>
<p x="-1.98125" z="-1.8475" y="1.725"/>
<p x="-1.9725" z="-2.02875" y="1.75125"/>
<p x="-1.88875" z="-1.91625" y="1.88625"/>
<p x="-1.9725" z="-2.02875" y="1.75125"/>
<p x="-1.98125" z="-1.8475" y="1.725"/>
<p x="-2.03841" z="-1.96877" y="1.62814"/>
<p x="-1.9725" z="-2.02875" y="1.75125"/>
<p x="-2.06375" z="-2.12625" y="1.58875"/>
<p x="-1.88679" z="-2.18322" y="1.89399"/>
<p x="-2.00375" z="-2.24875" y="1.68125"/>
<p x="-1.9725" z="-2.02875" y="1.75125"/>
<p x="-2.08729" z="-2.30952" y="1.52"/>
<p x="-2.06375" z="-2.12625" y="1.58875"/>
<p x="-2.00375" z="-2.24875" y="1.68125"/>
<p x="-1.9725" z="-2.02875" y="1.75125"/>
<p x="-2.00375" z="-2.24875" y="1.68125"/>
<p x="-2.06375" z="-2.12625" y="1.58875"/>
<p x="-2.08729" z="-2.30952" y="1.52"/>
<p x="-2.00375" z="-2.24875" y="1.68125"/>
<p x="-2.0475" z="-2.4925" y="1.53625"/>
<p x="-1.88679" z="-2.18322" y="1.89399"/>
<p x="-1.95625" z="-2.46375" y="1.71375"/>
<p x="-2.00375" z="-2.24875" y="1.68125"/>
<p x="-1.97875" z="-2.7125" y="1.57688"/>
<p x="-2.0475" z="-2.4925" y="1.53625"/>
<p x="-1.95625" z="-2.46375" y="1.71375"/>
<p x="-2.00375" z="-2.24875" y="1.68125"/>
<p x="-1.95625" z="-2.46375" y="1.71375"/>
<p x="-2.0475" z="-2.4925" y="1.53625"/>
<p x="-1.97875" z="-2.7125" y="1.57688"/>
<p x="-1.95625" z="-2.46375" y="1.71375"/>
<p x="-1.89875" z="-2.6675" y="1.76375"/>
<p x="-1.88679" z="-2.18322" y="1.89399"/>
<p x="-1.87875" z="-2.4625" y="1.87625"/>
<p x="-1.95625" z="-2.46375" y="1.71375"/>
<p x="-1.83636" z="-2.6287" y="1.91121"/>
<p x="-1.89875" z="-2.6675" y="1.76375"/>
<p x="-1.87875" z="-2.4625" y="1.87625"/>
<p x="-1.95625" z="-2.46375" y="1.71375"/>
<p x="-1.87875" z="-2.4625" y="1.87625"/>
<p x="-1.89875" z="-2.6675" y="1.76375"/>
<p x="-1.97875" z="-2.7125" y="1.57688"/>
<p x="-1.89875" z="-2.6675" y="1.76375"/>
<p x="-1.86" z="-2.845" y="1.7225"/>
<p x="-1.83636" z="-2.6287" y="1.91121"/>
<p x="-1.7875" z="-2.7525" y="1.91875"/>
<p x="-1.89875" z="-2.6675" y="1.76375"/>
<p x="-1.6896" z="-2.89122" y="1.94394"/>
<p x="-1.86" z="-2.845" y="1.7225"/>
<p x="-1.7875" z="-2.7525" y="1.91875"/>
<p x="-1.89875" z="-2.6675" y="1.76375"/>
<p x="-1.7875" z="-2.7525" y="1.91875"/>
<p x="-1.86" z="-2.845" y="1.7225"/>
<p x="-1.97875" z="-2.7125" y="1.57688"/>
<p x="-1.86" z="-2.845" y="1.7225"/>
<p x="-1.95875" z="-2.92625" y="1.4825"/>
<p x="-1.6896" z="-2.89122" y="1.94394"/>
<p x="-1.825" z="-3.03375" y="1.63"/>
<p x="-1.86" z="-2.845" y="1.7225"/>
<p x="-1.92382" z="-3.18069" y="1.36667"/>
<p x="-1.95875" z="-2.92625" y="1.4825"/>
<p x="-1.825" z="-3.03375" y="1.63"/>
<p x="-1.86" z="-2.845" y="1.7225"/>
<p x="-1.825" z="-3.03375" y="1.63"/>
<p x="-1.95875" z="-2.92625" y="1.4825"/>
<p x="-1.68898" z="-3.29402" y="1.55877"/>
<p x="-1.785" z="-3.26375" y="1.49"/>
<p x="-1.71375" z="-3.11625" y="1.70625"/>
<p x="-1.92382" z="-3.18069" y="1.36667"/>
<p x="-1.825" z="-3.03375" y="1.63"/>
<p x="-1.785" z="-3.26375" y="1.49"/>
<p x="-1.6896" z="-2.89122" y="1.94394"/>
<p x="-1.71375" z="-3.11625" y="1.70625"/>
<p x="-1.825" z="-3.03375" y="1.63"/>
<p x="-1.785" z="-3.26375" y="1.49"/>
<p x="-1.825" z="-3.03375" y="1.63"/>
<p x="-1.71375" z="-3.11625" y="1.70625"/>
<p x="-1.68898" z="-3.29402" y="1.55877"/>
<p x="-1.68125" z="-3.4625" y="1.44625"/>
<p x="-1.785" z="-3.26375" y="1.49"/>
<p x="-1.64438" z="-3.69437" y="1.36438"/>
<p x="-1.80125" z="-3.465" y="1.33625"/>
<p x="-1.68125" z="-3.4625" y="1.44625"/>
<p x="-1.92382" z="-3.18069" y="1.36667"/>
<p x="-1.785" z="-3.26375" y="1.49"/>
<p x="-1.80125" z="-3.465" y="1.33625"/>
<p x="-1.68125" z="-3.4625" y="1.44625"/>
<p x="-1.80125" z="-3.465" y="1.33625"/>
<p x="-1.785" z="-3.26375" y="1.49"/>
<p x="-1.68898" z="-3.29402" y="1.55877"/>
<p x="-1.59" z="-3.375" y="1.56875"/>
<p x="-1.68125" z="-3.4625" y="1.44625"/>
<p x="-1.42858" z="-3.39507" y="1.63399"/>
<p x="-1.545" z="-3.55875" y="1.48875"/>
<p x="-1.59" z="-3.375" y="1.56875"/>
<p x="-1.64438" z="-3.69437" y="1.36438"/>
<p x="-1.68125" z="-3.4625" y="1.44625"/>
<p x="-1.545" z="-3.55875" y="1.48875"/>
<p x="-1.59" z="-3.375" y="1.56875"/>
<p x="-1.545" z="-3.55875" y="1.48875"/>
<p x="-1.68125" z="-3.4625" y="1.44625"/>
<p x="-1.32375" z="-3.8475" y="1.475"/>
<p x="-1.49" z="-3.80625" y="1.4225"/>
<p x="-1.395" z="-3.6125" y="1.53375"/>
<p x="-1.64438" z="-3.69437" y="1.36438"/>
<p x="-1.545" z="-3.55875" y="1.48875"/>
<p x="-1.49" z="-3.80625" y="1.4225"/>
<p x="-1.42858" z="-3.39507" y="1.63399"/>
<p x="-1.395" z="-3.6125" y="1.53375"/>
<p x="-1.545" z="-3.55875" y="1.48875"/>
<p x="-1.49" z="-3.80625" y="1.4225"/>
<p x="-1.545" z="-3.55875" y="1.48875"/>
<p x="-1.395" z="-3.6125" y="1.53375"/>
<p x="-1.64438" z="-3.69437" y="1.36438"/>
<p x="-1.49" z="-3.80625" y="1.4225"/>
<p x="-1.5875" z="-4.00625" y="1.285"/>
<p x="-1.32375" z="-3.8475" y="1.475"/>
<p x="-1.39875" z="-4.13125" y="1.35875"/>
<p x="-1.49" z="-3.80625" y="1.4225"/>
<p x="-1.47625" z="-4.4675" y="1.2"/>
<p x="-1.5875" z="-4.00625" y="1.285"/>
<p x="-1.39875" z="-4.13125" y="1.35875"/>
<p x="-1.49" z="-3.80625" y="1.4225"/>
<p x="-1.39875" z="-4.13125" y="1.35875"/>
<p x="-1.5875" z="-4.00625" y="1.285"/>
<p x="-1.04875" z="-4.50875" y="1.35875"/>
<p x="-1.26" z="-4.49" y="1.3"/>
<p x="-1.2" z="-4.1575" y="1.41875"/>
<p x="-1.47625" z="-4.4675" y="1.2"/>
<p x="-1.39875" z="-4.13125" y="1.35875"/>
<p x="-1.26" z="-4.49" y="1.3"/>
<p x="-1.32375" z="-3.8475" y="1.475"/>
<p x="-1.2" z="-4.1575" y="1.41875"/>
<p x="-1.39875" z="-4.13125" y="1.35875"/>
<p x="-1.26" z="-4.49" y="1.3"/>
<p x="-1.39875" z="-4.13125" y="1.35875"/>
<p x="-1.2" z="-4.1575" y="1.41875"/>
<p x="-2.12921" z="-1.76039" y="1.39862"/>
<p x="-2.03625" z="-1.41125" y="1.5625"/>
<p x="-2.015" z="-1.6675" y="1.65375"/>
<p x="-1.94539" z="-1.06883" y="1.71607"/>
<p x="-1.9375" z="-1.40625" y="1.785"/>
<p x="-2.03625" z="-1.41125" y="1.5625"/>
<p x="-1.91187" z="-1.68625" y="1.83687"/>
<p x="-2.015" z="-1.6675" y="1.65375"/>
<p x="-1.9375" z="-1.40625" y="1.785"/>
<p x="-2.03625" z="-1.41125" y="1.5625"/>
<p x="-1.9375" z="-1.40625" y="1.785"/>
<p x="-2.015" z="-1.6675" y="1.65375"/>
<p x="-2.03841" z="-1.96877" y="1.62814"/>
<p x="-2.0775" z="-1.8825" y="1.5475"/>
<p x="-1.98125" z="-1.8475" y="1.725"/>
<p x="-2.12921" z="-1.76039" y="1.39862"/>
<p x="-2.015" z="-1.6675" y="1.65375"/>
<p x="-2.0775" z="-1.8825" y="1.5475"/>
<p x="-1.91187" z="-1.68625" y="1.83687"/>
<p x="-1.98125" z="-1.8475" y="1.725"/>
<p x="-2.015" z="-1.6675" y="1.65375"/>
<p x="-2.0775" z="-1.8825" y="1.5475"/>
<p x="-2.015" z="-1.6675" y="1.65375"/>
<p x="-1.98125" z="-1.8475" y="1.725"/>
<p x="-2.12921" z="-1.76039" y="1.39862"/>
<p x="-2.0775" z="-1.8825" y="1.5475"/>
<p x="-2.17" z="-2.0425" y="1.3275"/>
<p x="-2.03841" z="-1.96877" y="1.62814"/>
<p x="-2.1175" z="-2.0775" y="1.475"/>
<p x="-2.0775" z="-1.8825" y="1.5475"/>
<p x="-2.17898" z="-2.23636" y="1.30757"/>
<p x="-2.17" z="-2.0425" y="1.3275"/>
<p x="-2.1175" z="-2.0775" y="1.475"/>
<p x="-2.0775" z="-1.8825" y="1.5475"/>
<p x="-2.1175" z="-2.0775" y="1.475"/>
<p x="-2.17" z="-2.0425" y="1.3275"/>
<p x="-2.17898" z="-2.23636" y="1.30757"/>
<p x="-2.1175" z="-2.0775" y="1.475"/>
<p x="-2.14" z="-2.28125" y="1.415"/>
<p x="-2.03841" z="-1.96877" y="1.62814"/>
<p x="-2.06375" z="-2.12625" y="1.58875"/>
<p x="-2.1175" z="-2.0775" y="1.475"/>
<p x="-2.08729" z="-2.30952" y="1.52"/>
<p x="-2.14" z="-2.28125" y="1.415"/>
<p x="-2.06375" z="-2.12625" y="1.58875"/>
<p x="-2.1175" z="-2.0775" y="1.475"/>
<p x="-2.06375" z="-2.12625" y="1.58875"/>
<p x="-2.14" z="-2.28125" y="1.415"/>
<p x="-2.17898" z="-2.23636" y="1.30757"/>
<p x="-2.14" z="-2.28125" y="1.415"/>
<p x="-2.1875" z="-2.435" y="1.22875"/>
<p x="-2.08729" z="-2.30952" y="1.52"/>
<p x="-2.12625" z="-2.495" y="1.37875"/>
<p x="-2.14" z="-2.28125" y="1.415"/>
<p x="-2.14823" z="-2.70559" y="1.19872"/>
<p x="-2.1875" z="-2.435" y="1.22875"/>
<p x="-2.12625" z="-2.495" y="1.37875"/>
<p x="-2.14" z="-2.28125" y="1.415"/>
<p x="-2.12625" z="-2.495" y="1.37875"/>
<p x="-2.1875" z="-2.435" y="1.22875"/>
<p x="-2.14823" z="-2.70559" y="1.19872"/>
<p x="-2.12625" z="-2.495" y="1.37875"/>
<p x="-2.06625" z="-2.73" y="1.39"/>
<p x="-2.08729" z="-2.30952" y="1.52"/>
<p x="-2.0475" z="-2.4925" y="1.53625"/>
<p x="-2.12625" z="-2.495" y="1.37875"/>
<p x="-1.97875" z="-2.7125" y="1.57688"/>
<p x="-2.06625" z="-2.73" y="1.39"/>
<p x="-2.0475" z="-2.4925" y="1.53625"/>
<p x="-2.12625" z="-2.495" y="1.37875"/>
<p x="-2.0475" z="-2.4925" y="1.53625"/>
<p x="-2.06625" z="-2.73" y="1.39"/>
<p x="-1.97875" z="-2.7125" y="1.57688"/>
<p x="-1.95875" z="-2.92625" y="1.4825"/>
<p x="-2.06625" z="-2.73" y="1.39"/>
<p x="-1.92382" z="-3.18069" y="1.36667"/>
<p x="-2.04875" z="-2.945" y="1.295"/>
<p x="-1.95875" z="-2.92625" y="1.4825"/>
<p x="-2.14823" z="-2.70559" y="1.19872"/>
<p x="-2.06625" z="-2.73" y="1.39"/>
<p x="-2.04875" z="-2.945" y="1.295"/>
<p x="-1.95875" z="-2.92625" y="1.4825"/>
<p x="-2.04875" z="-2.945" y="1.295"/>
<p x="-2.06625" z="-2.73" y="1.39"/>
<p x="-1.92382" z="-3.18069" y="1.36667"/>
<p x="-2.02625" z="-3.1575" y="1.21625"/>
<p x="-2.04875" z="-2.945" y="1.295"/>
<p x="-2.08152" z="-3.12574" y="1.09883"/>
<p x="-2.115" z="-2.95875" y="1.12625"/>
<p x="-2.02625" z="-3.1575" y="1.21625"/>
<p x="-2.14823" z="-2.70559" y="1.19872"/>
<p x="-2.04875" z="-2.945" y="1.295"/>
<p x="-2.115" z="-2.95875" y="1.12625"/>
<p x="-2.02625" z="-3.1575" y="1.21625"/>
<p x="-2.115" z="-2.95875" y="1.12625"/>
<p x="-2.04875" z="-2.945" y="1.295"/>
<p x="-1.92382" z="-3.18069" y="1.36667"/>
<p x="-1.92875" z="-3.42" y="1.2125"/>
<p x="-2.02625" z="-3.1575" y="1.21625"/>
<p x="-1.94284" z="-3.64608" y="1.03921"/>
<p x="-2.04" z="-3.31125" y="1.06625"/>
<p x="-1.92875" z="-3.42" y="1.2125"/>
<p x="-2.08152" z="-3.12574" y="1.09883"/>
<p x="-2.02625" z="-3.1575" y="1.21625"/>
<p x="-2.04" z="-3.31125" y="1.06625"/>
<p x="-1.92875" z="-3.42" y="1.2125"/>
<p x="-2.04" z="-3.31125" y="1.06625"/>
<p x="-2.02625" z="-3.1575" y="1.21625"/>
<p x="-1.92382" z="-3.18069" y="1.36667"/>
<p x="-1.80125" z="-3.465" y="1.33625"/>
<p x="-1.92875" z="-3.42" y="1.2125"/>
<p x="-1.64438" z="-3.69437" y="1.36438"/>
<p x="-1.77875" z="-3.725" y="1.225"/>
<p x="-1.80125" z="-3.465" y="1.33625"/>
<p x="-1.94284" z="-3.64608" y="1.03921"/>
<p x="-1.92875" z="-3.42" y="1.2125"/>
<p x="-1.77875" z="-3.725" y="1.225"/>
<p x="-1.80125" z="-3.465" y="1.33625"/>
<p x="-1.77875" z="-3.725" y="1.225"/>
<p x="-1.92875" z="-3.42" y="1.2125"/>
<p x="-1.47625" z="-4.4675" y="1.2"/>
<p x="-1.72875" z="-4.0625" y="1.13375"/>
<p x="-1.5875" z="-4.00625" y="1.285"/>
<p x="-1.94284" z="-3.64608" y="1.03921"/>
<p x="-1.77875" z="-3.725" y="1.225"/>
<p x="-1.72875" z="-4.0625" y="1.13375"/>
<p x="-1.64438" z="-3.69437" y="1.36438"/>
<p x="-1.5875" z="-4.00625" y="1.285"/>
<p x="-1.77875" z="-3.725" y="1.225"/>
<p x="-1.72875" z="-4.0625" y="1.13375"/>
<p x="-1.77875" z="-3.725" y="1.225"/>
<p x="-1.5875" z="-4.00625" y="1.285"/>
<p x="-1.47625" z="-4.4675" y="1.2"/>
<p x="-1.665" z="-4.44" y="1.06"/>
<p x="-1.72875" z="-4.0625" y="1.13375"/>
<p x="-1.81625" z="-4.4125" y="0.88"/>
<p x="-1.87875" z="-4.02375" y="0.9525"/>
<p x="-1.665" z="-4.44" y="1.06"/>
<p x="-1.94284" z="-3.64608" y="1.03921"/>
<p x="-1.72875" z="-4.0625" y="1.13375"/>
<p x="-1.87875" z="-4.02375" y="0.9525"/>
<p x="-1.665" z="-4.44" y="1.06"/>
<p x="-1.87875" z="-4.02375" y="0.9525"/>
<p x="-1.72875" z="-4.0625" y="1.13375"/>
<p x="-2.13188" z="-1.24" y="1.0625"/>
<p x="-2.055" z="-1.15625" y="1.385"/>
<p x="-2.12625" z="-1.46375" y="1.27625"/>
<p x="-1.94539" z="-1.06883" y="1.71607"/>
<p x="-2.03625" z="-1.41125" y="1.5625"/>
<p x="-2.055" z="-1.15625" y="1.385"/>
<p x="-2.12921" z="-1.76039" y="1.39862"/>
<p x="-2.12625" z="-1.46375" y="1.27625"/>
<p x="-2.03625" z="-1.41125" y="1.5625"/>
<p x="-2.055" z="-1.15625" y="1.385"/>
<p x="-2.03625" z="-1.41125" y="1.5625"/>
<p x="-2.12625" z="-1.46375" y="1.27625"/>
<p x="-2.22243" z="-1.67336" y="0.914498"/>
<p x="-2.18375" z="-1.4925" y="1.0"/>
<p x="-2.195" z="-1.73125" y="1.13"/>
<p x="-2.13188" z="-1.24" y="1.0625"/>
<p x="-2.12625" z="-1.46375" y="1.27625"/>
<p x="-2.18375" z="-1.4925" y="1.0"/>
<p x="-2.12921" z="-1.76039" y="1.39862"/>
<p x="-2.195" z="-1.73125" y="1.13"/>
<p x="-2.12625" z="-1.46375" y="1.27625"/>
<p x="-2.18375" z="-1.4925" y="1.0"/>
<p x="-2.12625" z="-1.46375" y="1.27625"/>
<p x="-2.195" z="-1.73125" y="1.13"/>
<p x="-2.13188" z="-1.24" y="1.0625"/>
<p x="-2.17875" z="-1.32625" y="0.7725"/>
<p x="-2.1325" z="-1.06375" y="0.82375"/>
<p x="-2.19688" z="-1.40438" y="0.526875"/>
<p x="-2.14875" z="-1.13375" y="0.57625"/>
<p x="-2.17875" z="-1.32625" y="0.7725"/>
<p x="-2.10739" z="-0.897751" y="0.659797"/>
<p x="-2.1325" z="-1.06375" y="0.82375"/>
<p x="-2.14875" z="-1.13375" y="0.57625"/>
<p x="-2.17875" z="-1.32625" y="0.7725"/>
<p x="-2.14875" z="-1.13375" y="0.57625"/>
<p x="-2.1325" z="-1.06375" y="0.82375"/>
<p x="-2.22243" z="-1.67336" y="0.914498"/>
<p x="-2.2175" z="-1.53375" y="0.73125"/>
<p x="-2.18375" z="-1.4925" y="1.0"/>
<p x="-2.19688" z="-1.40438" y="0.526875"/>
<p x="-2.17875" z="-1.32625" y="0.7725"/>
<p x="-2.2175" z="-1.53375" y="0.73125"/>
<p x="-2.13188" z="-1.24" y="1.0625"/>
<p x="-2.18375" z="-1.4925" y="1.0"/>
<p x="-2.17875" z="-1.32625" y="0.7725"/>
<p x="-2.2175" z="-1.53375" y="0.73125"/>
<p x="-2.17875" z="-1.32625" y="0.7725"/>
<p x="-2.18375" z="-1.4925" y="1.0"/>
<p x="-2.22243" z="-1.67336" y="0.914498"/>
<p x="-2.24625" z="-1.71125" y="0.68625"/>
<p x="-2.2175" z="-1.53375" y="0.73125"/>
<p x="-2.25" z="-1.7525" y="0.453125"/>
<p x="-2.2275" z="-1.575" y="0.495"/>
<p x="-2.24625" z="-1.71125" y="0.68625"/>
<p x="-2.19688" z="-1.40438" y="0.526875"/>
<p x="-2.2175" z="-1.53375" y="0.73125"/>
<p x="-2.2275" z="-1.575" y="0.495"/>
<p x="-2.24625" z="-1.71125" y="0.68625"/>
<p x="-2.2275" z="-1.575" y="0.495"/>
<p x="-2.2175" z="-1.53375" y="0.73125"/>
<p x="-2.22243" z="-1.67336" y="0.914498"/>
<p x="-2.25125" z="-1.90625" y="0.89"/>
<p x="-2.24625" z="-1.71125" y="0.68625"/>
<p x="-2.28396" z="-2.26078" y="0.796027"/>
<p x="-2.27625" z="-1.9625" y="0.61"/>
<p x="-2.25125" z="-1.90625" y="0.89"/>
<p x="-2.25" z="-1.7525" y="0.453125"/>
<p x="-2.24625" z="-1.71125" y="0.68625"/>
<p x="-2.27625" z="-1.9625" y="0.61"/>
<p x="-2.25125" z="-1.90625" y="0.89"/>
<p x="-2.27625" z="-1.9625" y="0.61"/>
<p x="-2.24625" z="-1.71125" y="0.68625"/>
<p x="-2.12921" z="-1.76039" y="1.39862"/>
<p x="-2.2225" z="-2.01125" y="1.1125"/>
<p x="-2.195" z="-1.73125" y="1.13"/>
<p x="-2.28396" z="-2.26078" y="0.796027"/>
<p x="-2.25125" z="-1.90625" y="0.89"/>
<p x="-2.2225" z="-2.01125" y="1.1125"/>
<p x="-2.22243" z="-1.67336" y="0.914498"/>
<p x="-2.195" z="-1.73125" y="1.13"/>
<p x="-2.25125" z="-1.90625" y="0.89"/>
<p x="-2.2225" z="-2.01125" y="1.1125"/>
<p x="-2.25125" z="-1.90625" y="0.89"/>
<p x="-2.195" z="-1.73125" y="1.13"/>
<p x="-2.17898" z="-2.23636" y="1.30757"/>
<p x="-2.22875" z="-2.26375" y="1.11"/>
<p x="-2.17" z="-2.0425" y="1.3275"/>
<p x="-2.28396" z="-2.26078" y="0.796027"/>
<p x="-2.2225" z="-2.01125" y="1.1125"/>
<p x="-2.22875" z="-2.26375" y="1.11"/>
<p x="-2.12921" z="-1.76039" y="1.39862"/>
<p x="-2.17" z="-2.0425" y="1.3275"/>
<p x="-2.2225" z="-2.01125" y="1.1125"/>
<p x="-2.22875" z="-2.26375" y="1.11"/>
<p x="-2.2225" z="-2.01125" y="1.1125"/>
<p x="-2.17" z="-2.0425" y="1.3275"/>
<p x="-2.14823" z="-2.70559" y="1.19872"/>
<p x="-2.23" z="-2.52875" y="0.985"/>
<p x="-2.1875" z="-2.435" y="1.22875"/>
<p x="-2.28396" z="-2.26078" y="0.796027"/>
<p x="-2.22875" z="-2.26375" y="1.11"/>
<p x="-2.23" z="-2.52875" y="0.985"/>
<p x="-2.17898" z="-2.23636" y="1.30757"/>
<p x="-2.1875" z="-2.435" y="1.22875"/>
<p x="-2.22875" z="-2.26375" y="1.11"/>
<p x="-2.23" z="-2.52875" y="0.985"/>
<p x="-2.22875" z="-2.26375" y="1.11"/>
<p x="-2.1875" z="-2.435" y="1.22875"/>
<p x="-2.20892" z="-3.00235" y="0.655593"/>
<p x="-2.2625" z="-2.6425" y="0.72625"/>
<p x="-2.19625" z="-2.82125" y="0.9225"/>
<p x="-2.28396" z="-2.26078" y="0.796027"/>
<p x="-2.23" z="-2.52875" y="0.985"/>
<p x="-2.2625" z="-2.6425" y="0.72625"/>
<p x="-2.14823" z="-2.70559" y="1.19872"/>
<p x="-2.19625" z="-2.82125" y="0.9225"/>
<p x="-2.23" z="-2.52875" y="0.985"/>
<p x="-2.2625" z="-2.6425" y="0.72625"/>
<p x="-2.23" z="-2.52875" y="0.985"/>
<p x="-2.19625" z="-2.82125" y="0.9225"/>
<p x="-2.20892" z="-3.00235" y="0.655593"/>
<p x="-2.19625" z="-2.82125" y="0.9225"/>
<p x="-2.135" z="-3.09375" y="0.93875"/>
<p x="-2.14823" z="-2.70559" y="1.19872"/>
<p x="-2.115" z="-2.95875" y="1.12625"/>
<p x="-2.19625" z="-2.82125" y="0.9225"/>
<p x="-2.08152" z="-3.12574" y="1.09883"/>
<p x="-2.135" z="-3.09375" y="0.93875"/>
<p x="-2.115" z="-2.95875" y="1.12625"/>
<p x="-2.19625" z="-2.82125" y="0.9225"/>
<p x="-2.115" z="-2.95875" y="1.12625"/>
<p x="-2.135" z="-3.09375" y="0.93875"/>
<p x="-2.20892" z="-3.00235" y="0.655593"/>
<p x="-2.135" z="-3.09375" y="0.93875"/>
<p x="-2.1" z="-3.3325" y="0.83375"/>
<p x="-2.08152" z="-3.12574" y="1.09883"/>
<p x="-2.04" z="-3.31125" y="1.06625"/>
<p x="-2.135" z="-3.09375" y="0.93875"/>
<p x="-1.94284" z="-3.64608" y="1.03921"/>
<p x="-2.1" z="-3.3325" y="0.83375"/>
<p x="-2.04" z="-3.31125" y="1.06625"/>
<p x="-2.135" z="-3.09375" y="0.93875"/>
<p x="-2.04" z="-3.31125" y="1.06625"/>
<p x="-2.1" z="-3.3325" y="0.83375"/>
<p x="-1.94284" z="-3.64608" y="1.03921"/>
<p x="-2.04625" z="-3.625" y="0.78875"/>
<p x="-2.1" z="-3.3325" y="0.83375"/>
<p x="-2.10911" z="-3.60177" y="0.497543"/>
<p x="-2.15875" z="-3.28375" y="0.57125"/>
<p x="-2.04625" z="-3.625" y="0.78875"/>
<p x="-2.20892" z="-3.00235" y="0.655593"/>
<p x="-2.1" z="-3.3325" y="0.83375"/>
<p x="-2.15875" z="-3.28375" y="0.57125"/>
<p x="-2.04625" z="-3.625" y="0.78875"/>
<p x="-2.15875" z="-3.28375" y="0.57125"/>
<p x="-2.1" z="-3.3325" y="0.83375"/>
<p x="-2.29094" z="-2.59148" y="0.425156"/>
<p x="-2.3025" z="-2.4725" y="0.56125"/>
<p x="-2.27" z="-2.74375" y="0.4925"/>
<p x="-2.28396" z="-2.26078" y="0.796027"/>
<p x="-2.2625" z="-2.6425" y="0.72625"/>
<p x="-2.3025" z="-2.4725" y="0.56125"/>
<p x="-2.20892" z="-3.00235" y="0.655593"/>
<p x="-2.27" z="-2.74375" y="0.4925"/>
<p x="-2.2625" z="-2.6425" y="0.72625"/>
<p x="-2.3025" z="-2.4725" y="0.56125"/>
<p x="-2.2625" z="-2.6425" y="0.72625"/>
<p x="-2.27" z="-2.74375" y="0.4925"/>
<p x="-2.28655" z="-2.29859" y="0.298774"/>
<p x="-2.3" z="-2.22875" y="0.495"/>
<p x="-2.29625" z="-2.4625" y="0.3575"/>
<p x="-2.28396" z="-2.26078" y="0.796027"/>
<p x="-2.3025" z="-2.4725" y="0.56125"/>
<p x="-2.3" z="-2.22875" y="0.495"/>
<p x="-2.29094" z="-2.59148" y="0.425156"/>
<p x="-2.29625" z="-2.4625" y="0.3575"/>
<p x="-2.3025" z="-2.4725" y="0.56125"/>
<p x="-2.3" z="-2.22875" y="0.495"/>
<p x="-2.3025" z="-2.4725" y="0.56125"/>
<p x="-2.29625" z="-2.4625" y="0.3575"/>
<p x="-2.25" z="-1.7525" y="0.453125"/>
<p x="-2.27625" z="-1.9625" y="0.61"/>
<p x="-2.2775" z="-2.0375" y="0.37375"/>
<p x="-2.28396" z="-2.26078" y="0.796027"/>
<p x="-2.3" z="-2.22875" y="0.495"/>
<p x="-2.27625" z="-1.9625" y="0.61"/>
<p x="-2.28655" z="-2.29859" y="0.298774"/>
<p x="-2.2775" z="-2.0375" y="0.37375"/>
<p x="-2.3" z="-2.22875" y="0.495"/>
<p x="-2.27625" z="-1.9625" y="0.61"/>
<p x="-2.3" z="-2.22875" y="0.495"/>
<p x="-2.2775" z="-2.0375" y="0.37375"/>
<p x="-2.28655" z="-2.29859" y="0.298774"/>
<p x="-2.26625" z="-2.27625" y="0.20625"/>
<p x="-2.2775" z="-2.0375" y="0.37375"/>
<p x="-2.2125" z="-2.22625" y="0.119375"/>
<p x="-2.25125" z="-1.95375" y="0.2775"/>
<p x="-2.26625" z="-2.27625" y="0.20625"/>
<p x="-2.25" z="-1.7525" y="0.453125"/>
<p x="-2.2775" z="-2.0375" y="0.37375"/>
<p x="-2.25125" z="-1.95375" y="0.2775"/>
<p x="-2.26625" z="-2.27625" y="0.20625"/>
<p x="-2.25125" z="-1.95375" y="0.2775"/>
<p x="-2.2775" z="-2.0375" y="0.37375"/>
<p x="-2.2125" z="-2.22625" y="0.119375"/>
<p x="-2.26625" z="-2.27625" y="0.20625"/>
<p x="-2.2" z="-2.555" y="0.05875"/>
<p x="-2.28655" z="-2.29859" y="0.298774"/>
<p x="-2.26" z="-2.5575" y="0.18"/>
<p x="-2.26625" z="-2.27625" y="0.20625"/>
<p x="-2.18197" z="-2.91476" y="0.0740576"/>
<p x="-2.2" z="-2.555" y="0.05875"/>
<p x="-2.26" z="-2.5575" y="0.18"/>
<p x="-2.26625" z="-2.27625" y="0.20625"/>
<p x="-2.26" z="-2.5575" y="0.18"/>
<p x="-2.2" z="-2.555" y="0.05875"/>
<p x="-2.29094" z="-2.59148" y="0.425156"/>
<p x="-2.26125" z="-2.72375" y="0.28375"/>
<p x="-2.29625" z="-2.4625" y="0.3575"/>
<p x="-2.18197" z="-2.91476" y="0.0740576"/>
<p x="-2.26" z="-2.5575" y="0.18"/>
<p x="-2.26125" z="-2.72375" y="0.28375"/>
<p x="-2.28655" z="-2.29859" y="0.298774"/>
<p x="-2.29625" z="-2.4625" y="0.3575"/>
<p x="-2.26" z="-2.5575" y="0.18"/>
<p x="-2.26125" z="-2.72375" y="0.28375"/>
<p x="-2.26" z="-2.5575" y="0.18"/>
<p x="-2.29625" z="-2.4625" y="0.3575"/>
<p x="-2.18197" z="-2.91476" y="0.0740576"/>
<p x="-2.26125" z="-2.72375" y="0.28375"/>
<p x="-2.21875" z="-2.9975" y="0.36625"/>
<p x="-2.29094" z="-2.59148" y="0.425156"/>
<p x="-2.27" z="-2.74375" y="0.4925"/>
<p x="-2.26125" z="-2.72375" y="0.28375"/>
<p x="-2.20892" z="-3.00235" y="0.655593"/>
<p x="-2.21875" z="-2.9975" y="0.36625"/>
<p x="-2.27" z="-2.74375" y="0.4925"/>
<p x="-2.26125" z="-2.72375" y="0.28375"/>
<p x="-2.27" z="-2.74375" y="0.4925"/>
<p x="-2.21875" z="-2.9975" y="0.36625"/>
<p x="-2.20892" z="-3.00235" y="0.655593"/>
<p x="-2.15875" z="-3.28375" y="0.57125"/>
<p x="-2.21875" z="-2.9975" y="0.36625"/>
<p x="-2.10911" z="-3.60177" y="0.497543"/>
<p x="-2.1725" z="-3.235" y="0.295"/>
<p x="-2.15875" z="-3.28375" y="0.57125"/>
<p x="-2.18197" z="-2.91476" y="0.0740576"/>
<p x="-2.21875" z="-2.9975" y="0.36625"/>
<p x="-2.1725" z="-3.235" y="0.295"/>
<p x="-2.15875" z="-3.28375" y="0.57125"/>
<p x="-2.1725" z="-3.235" y="0.295"/>
<p x="-2.21875" z="-2.9975" y="0.36625"/>
<p x="-2.18197" z="-2.91476" y="0.0740576"/>
<p x="-2.1725" z="-3.235" y="0.295"/>
<p x="-2.1225" z="-3.23625" y="0.0175"/>
<p x="-2.10911" z="-3.60177" y="0.497543"/>
<p x="-2.125" z="-3.50625" y="0.17625"/>
<p x="-2.1725" z="-3.235" y="0.295"/>
<p x="-2.08883" z="-3.45633" y="-0.0224219"/>
<p x="-2.1225" z="-3.23625" y="0.0175"/>
<p x="-2.125" z="-3.50625" y="0.17625"/>
<p x="-2.1725" z="-3.235" y="0.295"/>
<p x="-2.125" z="-3.50625" y="0.17625"/>
<p x="-2.1225" z="-3.23625" y="0.0175"/>
<p x="-1.81625" z="-4.4125" y="0.88"/>
<p x="-1.9875" z="-3.98375" y="0.7275"/>
<p x="-1.87875" z="-4.02375" y="0.9525"/>
<p x="-2.10911" z="-3.60177" y="0.497543"/>
<p x="-2.04625" z="-3.625" y="0.78875"/>
<p x="-1.9875" z="-3.98375" y="0.7275"/>
<p x="-1.94284" z="-3.64608" y="1.03921"/>
<p x="-1.87875" z="-4.02375" y="0.9525"/>
<p x="-2.04625" z="-3.625" y="0.78875"/>
<p x="-1.9875" z="-3.98375" y="0.7275"/>
<p x="-2.04625" z="-3.625" y="0.78875"/>
<p x="-1.87875" z="-4.02375" y="0.9525"/>
<p x="-1.97875" z="-4.3575" y="0.4"/>
<p x="-2.03125" z="-4.04625" y="0.44875"/>
<p x="-1.92" z="-4.39" y="0.66"/>
<p x="-2.10911" z="-3.60177" y="0.497543"/>
<p x="-1.9875" z="-3.98375" y="0.7275"/>
<p x="-2.03125" z="-4.04625" y="0.44875"/>
<p x="-1.81625" z="-4.4125" y="0.88"/>
<p x="-1.92" z="-4.39" y="0.66"/>
<p x="-1.9875" z="-3.98375" y="0.7275"/>
<p x="-2.03125" z="-4.04625" y="0.44875"/>
<p x="-1.9875" z="-3.98375" y="0.7275"/>
<p x="-1.92" z="-4.39" y="0.66"/>
<p x="-2.08883" z="-3.45633" y="-0.0224219"/>
<p x="-2.125" z="-3.50625" y="0.17625"/>
<p x="-2.04375" z="-3.72" y="-0.08"/>
<p x="-2.10911" z="-3.60177" y="0.497543"/>
<p x="-2.065" z="-3.8875" y="0.17375"/>
<p x="-2.125" z="-3.50625" y="0.17625"/>
<p x="-1.955" z="-4.23375" y="-0.1975"/>
<p x="-2.04375" z="-3.72" y="-0.08"/>
<p x="-2.065" z="-3.8875" y="0.17375"/>
<p x="-2.125" z="-3.50625" y="0.17625"/>
<p x="-2.065" z="-3.8875" y="0.17375"/>
<p x="-2.04375" z="-3.72" y="-0.08"/>
<p x="-1.955" z="-4.23375" y="-0.1975"/>
<p x="-2.065" z="-3.8875" y="0.17375"/>
<p x="-1.995" z="-4.3" y="0.1"/>
<p x="-2.10911" z="-3.60177" y="0.497543"/>
<p x="-2.03125" z="-4.04625" y="0.44875"/>
<p x="-2.065" z="-3.8875" y="0.17375"/>
<p x="-1.97875" z="-4.3575" y="0.4"/>
<p x="-1.995" z="-4.3" y="0.1"/>
<p x="-2.03125" z="-4.04625" y="0.44875"/>
<p x="-2.065" z="-3.8875" y="0.17375"/>
<p x="-2.03125" z="-4.04625" y="0.44875"/>
<p x="-1.995" z="-4.3" y="0.1"/>
<p x="-1.955" z="-4.23375" y="-0.1975"/>
<p x="-1.91875" z="-3.755" y="-0.34625"/>
<p x="-2.04375" z="-3.72" y="-0.08"/>
<p x="-1.81113" z="-3.31007" y="-0.471202"/>
<p x="-2.01625" z="-3.405" y="-0.20625"/>
<p x="-1.91875" z="-3.755" y="-0.34625"/>
<p x="-2.08883" z="-3.45633" y="-0.0224219"/>
<p x="-2.04375" z="-3.72" y="-0.08"/>
<p x="-2.01625" z="-3.405" y="-0.20625"/>
<p x="-1.91875" z="-3.755" y="-0.34625"/>
<p x="-2.01625" z="-3.405" y="-0.20625"/>
<p x="-2.04375" z="-3.72" y="-0.08"/>
<p x="-1.955" z="-4.23375" y="-0.1975"/>
<p x="-1.845" z="-4.175" y="-0.45"/>
<p x="-1.91875" z="-3.755" y="-0.34625"/>
<p x="-1.67625" z="-4.11875" y="-0.66375"/>
<p x="-1.7325" z="-3.8" y="-0.585"/>
<p x="-1.845" z="-4.175" y="-0.45"/>
<p x="-1.81113" z="-3.31007" y="-0.471202"/>
<p x="-1.91875" z="-3.755" y="-0.34625"/>
<p x="-1.7325" z="-3.8" y="-0.585"/>
<p x="-1.845" z="-4.175" y="-0.45"/>
<p x="-1.7325" z="-3.8" y="-0.585"/>
<p x="-1.91875" z="-3.755" y="-0.34625"/>
<p x="-1.19875" z="-4.00125" y="-0.96875"/>
<p x="-1.5275" z="-3.63375" y="-0.745"/>
<p x="-1.46" z="-4.06" y="-0.845"/>
<p x="-1.81113" z="-3.31007" y="-0.471202"/>
<p x="-1.7325" z="-3.8" y="-0.585"/>
<p x="-1.5275" z="-3.63375" y="-0.745"/>
<p x="-1.67625" z="-4.11875" y="-0.66375"/>
<p x="-1.46" z="-4.06" y="-0.845"/>
<p x="-1.7325" z="-3.8" y="-0.585"/>
<p x="-1.5275" z="-3.63375" y="-0.745"/>
<p x="-1.7325" z="-3.8" y="-0.585"/>
<p x="-1.46" z="-4.06" y="-0.845"/>
<p x="-1.19875" z="-4.00125" y="-0.96875"/>
<p x="-1.27125" z="-3.47375" y="-0.85875"/>
<p x="-1.5275" z="-3.63375" y="-0.745"/>
<p x="-1.30031" z="-3.21023" y="-0.804883"/>
<p x="-1.5075" z="-3.25" y="-0.71"/>
<p x="-1.27125" z="-3.47375" y="-0.85875"/>
<p x="-1.81113" z="-3.31007" y="-0.471202"/>
<p x="-1.5275" z="-3.63375" y="-0.745"/>
<p x="-1.5075" z="-3.25" y="-0.71"/>
<p x="-1.27125" z="-3.47375" y="-0.85875"/>
<p x="-1.5075" z="-3.25" y="-0.71"/>
<p x="-1.5275" z="-3.63375" y="-0.745"/>
<p x="-1.30031" z="-3.21023" y="-0.804883"/>
<p x="-1.32375" z="-3.0125" y="-0.7575"/>
<p x="-1.5075" z="-3.25" y="-0.71"/>
<p x="-1.36375" z="-2.76437" y="-0.6875"/>
<p x="-1.6075" z="-2.975" y="-0.59875"/>
<p x="-1.32375" z="-3.0125" y="-0.7575"/>
<p x="-1.81113" z="-3.31007" y="-0.471202"/>
<p x="-1.5075" z="-3.25" y="-0.71"/>
<p x="-1.6075" z="-2.975" y="-0.59875"/>
<p x="-1.32375" z="-3.0125" y="-0.7575"/>
<p x="-1.6075" z="-2.975" y="-0.59875"/>
<p x="-1.5075" z="-3.25" y="-0.71"/>
<p x="-0.775593" z="-3.12451" y="-0.822056"/>
<p x="-1.0725" z="-2.87125" y="-0.77125"/>
<p x="-1.0875" z="-3.18625" y="-0.8525"/>
<p x="-1.36375" z="-2.76437" y="-0.6875"/>
<p x="-1.32375" z="-3.0125" y="-0.7575"/>
<p x="-1.0725" z="-2.87125" y="-0.77125"/>
<p x="-1.30031" z="-3.21023" y="-0.804883"/>
<p x="-1.0875" z="-3.18625" y="-0.8525"/>
<p x="-1.32375" z="-3.0125" y="-0.7575"/>
<p x="-1.0725" z="-2.87125" y="-0.77125"/>
<p x="-1.32375" z="-3.0125" y="-0.7575"/>
<p x="-1.0875" z="-3.18625" y="-0.8525"/>
<p x="-1.30031" z="-3.21023" y="-0.804883"/>
<p x="-1.27125" z="-3.47375" y="-0.85875"/>
<p x="-1.0875" z="-3.18625" y="-0.8525"/>
<p x="-1.19875" z="-4.00125" y="-0.96875"/>
<p x="-0.96625" z="-3.54125" y="-0.92875"/>
<p x="-1.27125" z="-3.47375" y="-0.85875"/>
<p x="-0.775593" z="-3.12451" y="-0.822056"/>
<p x="-1.0875" z="-3.18625" y="-0.8525"/>
<p x="-0.96625" z="-3.54125" y="-0.92875"/>
<p x="-1.27125" z="-3.47375" y="-0.85875"/>
<p x="-0.96625" z="-3.54125" y="-0.92875"/>
<p x="-1.0875" z="-3.18625" y="-0.8525"/>
<p x="-0.6" z="-3.89375" y="-0.98"/>
<p x="-0.67" z="-3.545" y="-0.90875"/>
<p x="-0.895" z="-3.945" y="-1.01"/>
<p x="-0.775593" z="-3.12451" y="-0.822056"/>
<p x="-0.96625" z="-3.54125" y="-0.92875"/>
<p x="-0.67" z="-3.545" y="-0.90875"/>
<p x="-1.19875" z="-4.00125" y="-0.96875"/>
<p x="-0.895" z="-3.945" y="-1.01"/>
<p x="-0.96625" z="-3.54125" y="-0.92875"/>
<p x="-0.67" z="-3.545" y="-0.90875"/>
<p x="-0.96625" z="-3.54125" y="-0.92875"/>
<p x="-0.895" z="-3.945" y="-1.01"/>
<p x="-0.6" z="-3.89375" y="-0.98"/>
<p x="-0.415" z="-3.59375" y="-0.83625"/>
<p x="-0.67" z="-3.545" y="-0.90875"/>
<p x="-0.265" z="-3.40625" y="-0.679375"/>
<p x="-0.4775" z="-3.26875" y="-0.7675"/>
<p x="-0.415" z="-3.59375" y="-0.83625"/>
<p x="-0.775593" z="-3.12451" y="-0.822056"/>
<p x="-0.67" z="-3.545" y="-0.90875"/>
<p x="-0.4775" z="-3.26875" y="-0.7675"/>
<p x="-0.415" z="-3.59375" y="-0.83625"/>
<p x="-0.4775" z="-3.26875" y="-0.7675"/>
<p x="-0.67" z="-3.545" y="-0.90875"/>
<p x="-0.6" z="-3.89375" y="-0.98"/>
<p x="-0.365" z="-3.85" y="-0.89"/>
<p x="-0.415" z="-3.59375" y="-0.83625"/>
<p x="-0.195" z="-3.8125" y="-0.77625"/>
<p x="-0.225" z="-3.655" y="-0.7425"/>
<p x="-0.365" z="-3.85" y="-0.89"/>
<p x="-0.265" z="-3.40625" y="-0.679375"/>
<p x="-0.415" z="-3.59375" y="-0.83625"/>
<p x="-0.225" z="-3.655" y="-0.7425"/>
<p x="-0.365" z="-3.85" y="-0.89"/>
<p x="-0.225" z="-3.655" y="-0.7425"/>
<p x="-0.415" z="-3.59375" y="-0.83625"/>
<p x="-0.03" z="-3.75" y="-0.58"/>
<p x="-0.1225" z="-3.56125" y="-0.60875"/>
<p x="-0.11125" z="-3.7875" y="-0.69875"/>
<p x="-0.265" z="-3.40625" y="-0.679375"/>
<p x="-0.225" z="-3.655" y="-0.7425"/>
<p x="-0.1225" z="-3.56125" y="-0.60875"/>
<p x="-0.195" z="-3.8125" y="-0.77625"/>
<p x="-0.11125" z="-3.7875" y="-0.69875"/>
<p x="-0.225" z="-3.655" y="-0.7425"/>
<p x="-0.1225" z="-3.56125" y="-0.60875"/>
<p x="-0.225" z="-3.655" y="-0.7425"/>
<p x="-0.11125" z="-3.7875" y="-0.69875"/>
<p x="-0.265" z="-3.40625" y="-0.679375"/>
<p x="-0.1225" z="-3.56125" y="-0.60875"/>
<p x="-0.14" z="-3.31125" y="-0.515"/>
<p x="-0.03" z="-3.75" y="-0.58"/>
<p x="-0.0175" z="-3.44375" y="-0.4175"/>
<p x="-0.1225" z="-3.56125" y="-0.60875"/>
<p x="-0.01375" z="-3.24875" y="-0.3175"/>
<p x="-0.14" z="-3.31125" y="-0.515"/>
<p x="-0.0175" z="-3.44375" y="-0.4175"/>
<p x="-0.1225" z="-3.56125" y="-0.60875"/>
<p x="-0.0175" z="-3.44375" y="-0.4175"/>
<p x="-0.14" z="-3.31125" y="-0.515"/>
<p x="-0.01375" z="-3.24875" y="-0.3175"/>
<p x="-0.0175" z="-3.44375" y="-0.4175"/>
<p x="0.12375" z="-3.3075" y="-0.535"/>
<p x="-0.03" z="-3.75" y="-0.58"/>
<p x="0.11875" z="-3.5525" y="-0.64625"/>
<p x="-0.0175" z="-3.44375" y="-0.4175"/>
<p x="0.26125" z="-3.36937" y="-0.7175"/>
<p x="0.12375" z="-3.3075" y="-0.535"/>
<p x="0.11875" z="-3.5525" y="-0.64625"/>
<p x="-0.0175" z="-3.44375" y="-0.4175"/>
<p x="0.11875" z="-3.5525" y="-0.64625"/>
<p x="0.12375" z="-3.3075" y="-0.535"/>
<p x="0.26875" z="-3.825" y="-0.87625"/>
<p x="0.2625" z="-3.6" y="-0.8025"/>
<p x="0.12" z="-3.79" y="-0.735"/>
<p x="0.26125" z="-3.36937" y="-0.7175"/>
<p x="0.11875" z="-3.5525" y="-0.64625"/>
<p x="0.2625" z="-3.6" y="-0.8025"/>
<p x="-0.03" z="-3.75" y="-0.58"/>
<p x="0.12" z="-3.79" y="-0.735"/>
<p x="0.11875" z="-3.5525" y="-0.64625"/>
<p x="0.2625" z="-3.6" y="-0.8025"/>
<p x="0.11875" z="-3.5525" y="-0.64625"/>
<p x="0.12" z="-3.79" y="-0.735"/>
<p x="0.26125" z="-3.36937" y="-0.7175"/>
<p x="0.40125" z="-3.43625" y="-0.8475"/>
<p x="0.40125" z="-3.22875" y="-0.76875"/>
<p x="0.53075" z="-3.51364" y="-0.94075"/>
<p x="0.5575" z="-3.3525" y="-0.89375"/>
<p x="0.40125" z="-3.43625" y="-0.8475"/>
<p x="0.55375" z="-3.14" y="-0.803125"/>
<p x="0.40125" z="-3.22875" y="-0.76875"/>
<p x="0.5575" z="-3.3525" y="-0.89375"/>
<p x="0.40125" z="-3.43625" y="-0.8475"/>
<p x="0.5575" z="-3.3525" y="-0.89375"/>
<p x="0.40125" z="-3.22875" y="-0.76875"/>
<p x="0.26875" z="-3.825" y="-0.87625"/>
<p x="0.40625" z="-3.645" y="-0.91875"/>
<p x="0.2625" z="-3.6" y="-0.8025"/>
<p x="0.53075" z="-3.51364" y="-0.94075"/>
<p x="0.40125" z="-3.43625" y="-0.8475"/>
<p x="0.40625" z="-3.645" y="-0.91875"/>
<p x="0.26125" z="-3.36937" y="-0.7175"/>
<p x="0.2625" z="-3.6" y="-0.8025"/>
<p x="0.40125" z="-3.43625" y="-0.8475"/>
<p x="0.40625" z="-3.645" y="-0.91875"/>
<p x="0.40125" z="-3.43625" y="-0.8475"/>
<p x="0.2625" z="-3.6" y="-0.8025"/>
<p x="0.57375" z="-3.83125" y="-1.06625"/>
<p x="0.56625" z="-3.685" y="-1.01375"/>
<p x="0.415" z="-3.85" y="-0.99"/>
<p x="0.53075" z="-3.51364" y="-0.94075"/>
<p x="0.40625" z="-3.645" y="-0.91875"/>
<p x="0.56625" z="-3.685" y="-1.01375"/>
<p x="0.26875" z="-3.825" y="-0.87625"/>
<p x="0.415" z="-3.85" y="-0.99"/>
<p x="0.40625" z="-3.645" y="-0.91875"/>
<p x="0.56625" z="-3.685" y="-1.01375"/>
<p x="0.40625" z="-3.645" y="-0.91875"/>
<p x="0.415" z="-3.85" y="-0.99"/>
<p x="0.96125" z="-3.62375" y="-1.09"/>
<p x="0.7" z="-3.53125" y="-1.0075"/>
<p x="0.76" z="-3.735" y="-1.095"/>
<p x="0.53075" z="-3.51364" y="-0.94075"/>
<p x="0.56625" z="-3.685" y="-1.01375"/>
<p x="0.7" z="-3.53125" y="-1.0075"/>
<p x="0.57375" z="-3.83125" y="-1.06625"/>
<p x="0.76" z="-3.735" y="-1.095"/>
<p x="0.56625" z="-3.685" y="-1.01375"/>
<p x="0.7" z="-3.53125" y="-1.0075"/>
<p x="0.56625" z="-3.685" y="-1.01375"/>
<p x="0.76" z="-3.735" y="-1.095"/>
<p x="0.55375" z="-3.14" y="-0.803125"/>
<p x="0.5575" z="-3.3525" y="-0.89375"/>
<p x="0.745" z="-3.32375" y="-0.93625"/>
<p x="0.53075" z="-3.51364" y="-0.94075"/>
<p x="0.7" z="-3.53125" y="-1.0075"/>
<p x="0.5575" z="-3.3525" y="-0.89375"/>
<p x="0.96125" z="-3.62375" y="-1.09"/>
<p x="0.745" z="-3.32375" y="-0.93625"/>
<p x="0.7" z="-3.53125" y="-1.0075"/>
<p x="0.5575" z="-3.3525" y="-0.89375"/>
<p x="0.7" z="-3.53125" y="-1.0075"/>
<p x="0.745" z="-3.32375" y="-0.93625"/>
<p x="0.96125" z="-3.62375" y="-1.09"/>
<p x="0.94375" z="-3.2225" y="-0.915"/>
<p x="0.745" z="-3.32375" y="-0.93625"/>
<p x="0.935625" z="-2.8925" y="-0.75125"/>
<p x="0.73125" z="-3.04375" y="-0.8075"/>
<p x="0.94375" z="-3.2225" y="-0.915"/>
<p x="0.55375" z="-3.14" y="-0.803125"/>
<p x="0.745" z="-3.32375" y="-0.93625"/>
<p x="0.73125" z="-3.04375" y="-0.8075"/>
<p x="0.94375" z="-3.2225" y="-0.915"/>
<p x="0.73125" z="-3.04375" y="-0.8075"/>
<p x="0.745" z="-3.32375" y="-0.93625"/>
<p x="1.39375" z="-3.555" y="-0.97375"/>
<p x="1.39375" z="-3.42375" y="-0.91"/>
<p x="1.165" z="-3.56" y="-1.065"/>
<p x="1.37938" z="-3.16563" y="-0.798125"/>
<p x="1.16" z="-3.34" y="-0.96125"/>
<p x="1.39375" z="-3.42375" y="-0.91"/>
<p x="0.96125" z="-3.62375" y="-1.09"/>
<p x="1.165" z="-3.56" y="-1.065"/>
<p x="1.16" z="-3.34" y="-0.96125"/>
<p x="1.39375" z="-3.42375" y="-0.91"/>
<p x="1.16" z="-3.34" y="-0.96125"/>
<p x="1.165" z="-3.56" y="-1.065"/>
<p x="0.96125" z="-3.62375" y="-1.09"/>
<p x="1.16" z="-3.34" y="-0.96125"/>
<p x="0.94375" z="-3.2225" y="-0.915"/>
<p x="1.37938" z="-3.16563" y="-0.798125"/>
<p x="1.15625" z="-3.0375" y="-0.81"/>
<p x="1.16" z="-3.34" y="-0.96125"/>
<p x="0.935625" z="-2.8925" y="-0.75125"/>
<p x="0.94375" z="-3.2225" y="-0.915"/>
<p x="1.15625" z="-3.0375" y="-0.81"/>
<p x="1.16" z="-3.34" y="-0.96125"/>
<p x="1.15625" z="-3.0375" y="-0.81"/>
<p x="0.94375" z="-3.2225" y="-0.915"/>
<p x="0.935625" z="-2.8925" y="-0.75125"/>
<p x="1.15625" z="-3.0375" y="-0.81"/>
<p x="1.17" z="-2.71125" y="-0.625"/>
<p x="1.37938" z="-3.16563" y="-0.798125"/>
<p x="1.3775" z="-2.8325" y="-0.62875"/>
<p x="1.15625" z="-3.0375" y="-0.81"/>
<p x="1.36113" z="-2.55027" y="-0.472614"/>
<p x="1.17" z="-2.71125" y="-0.625"/>
<p x="1.3775" z="-2.8325" y="-0.62875"/>
<p x="1.15625" z="-3.0375" y="-0.81"/>
<p x="1.3775" z="-2.8325" y="-0.62875"/>
<p x="1.17" z="-2.71125" y="-0.625"/>
<p x="1.90875" z="-3.74125" y="-0.50125"/>
<p x="1.64" z="-3.36125" y="-0.67875"/>
<p x="1.67" z="-3.62" y="-0.77"/>
<p x="1.37938" z="-3.16563" y="-0.798125"/>
<p x="1.39375" z="-3.42375" y="-0.91"/>
<p x="1.64" z="-3.36125" y="-0.67875"/>
<p x="1.39375" z="-3.555" y="-0.97375"/>
<p x="1.67" z="-3.62" y="-0.77"/>
<p x="1.39375" z="-3.42375" y="-0.91"/>
<p x="1.64" z="-3.36125" y="-0.67875"/>
<p x="1.39375" z="-3.42375" y="-0.91"/>
<p x="1.67" z="-3.62" y="-0.77"/>
<p x="1.70063" z="-2.715" y="-0.29"/>
<p x="1.58625" z="-2.98125" y="-0.5525"/>
<p x="1.795" z="-3.16625" y="-0.415"/>
<p x="1.37938" z="-3.16563" y="-0.798125"/>
<p x="1.64" z="-3.36125" y="-0.67875"/>
<p x="1.58625" z="-2.98125" y="-0.5525"/>
<p x="1.90875" z="-3.74125" y="-0.50125"/>
<p x="1.795" z="-3.16625" y="-0.415"/>
<p x="1.64" z="-3.36125" y="-0.67875"/>
<p x="1.58625" z="-2.98125" y="-0.5525"/>
<p x="1.64" z="-3.36125" y="-0.67875"/>
<p x="1.795" z="-3.16625" y="-0.415"/>
<p x="1.36113" z="-2.55027" y="-0.472614"/>
<p x="1.3775" z="-2.8325" y="-0.62875"/>
<p x="1.52875" z="-2.5925" y="-0.40125"/>
<p x="1.37938" z="-3.16563" y="-0.798125"/>
<p x="1.58625" z="-2.98125" y="-0.5525"/>
<p x="1.3775" z="-2.8325" y="-0.62875"/>
<p x="1.70063" z="-2.715" y="-0.29"/>
<p x="1.52875" z="-2.5925" y="-0.40125"/>
<p x="1.58625" z="-2.98125" y="-0.5525"/>
<p x="1.3775" z="-2.8325" y="-0.62875"/>
<p x="1.58625" z="-2.98125" y="-0.5525"/>
<p x="1.52875" z="-2.5925" y="-0.40125"/>
<p x="1.36113" z="-2.55027" y="-0.472614"/>
<p x="1.52875" z="-2.5925" y="-0.40125"/>
<p x="1.39875" z="-2.285" y="-0.29875"/>
<p x="1.70063" z="-2.715" y="-0.29"/>
<p x="1.58625" z="-2.32125" y="-0.1725"/>
<p x="1.52875" z="-2.5925" y="-0.40125"/>
<p x="1.41637" z="-1.99579" y="-0.115688"/>
<p x="1.39875" z="-2.285" y="-0.29875"/>
<p x="1.58625" z="-2.32125" y="-0.1725"/>
<p x="1.52875" z="-2.5925" y="-0.40125"/>
<p x="1.58625" z="-2.32125" y="-0.1725"/>
<p x="1.39875" z="-2.285" y="-0.29875"/>
<p x="1.83649" z="-2.25446" y="0.26892"/>
<p x="1.65375" z="-2.10625" y="0.04"/>
<p x="1.755" z="-2.44625" y="-0.035"/>
<p x="1.41637" z="-1.99579" y="-0.115688"/>
<p x="1.58625" z="-2.32125" y="-0.1725"/>
<p x="1.65375" z="-2.10625" y="0.04"/>
<p x="1.70063" z="-2.715" y="-0.29"/>
<p x="1.755" z="-2.44625" y="-0.035"/>
<p x="1.58625" z="-2.32125" y="-0.1725"/>
<p x="1.65375" z="-2.10625" y="0.04"/>
<p x="1.58625" z="-2.32125" y="-0.1725"/>
<p x="1.755" z="-2.44625" y="-0.035"/>
<p x="0.935625" z="-2.8925" y="-0.75125"/>
<p x="0.725" z="-2.76" y="-0.6575"/>
<p x="0.73125" z="-3.04375" y="-0.8075"/>
<p x="0.536875" z="-2.65875" y="-0.54125"/>
<p x="0.5425" z="-2.8925" y="-0.68"/>
<p x="0.725" z="-2.76" y="-0.6575"/>
<p x="0.55375" z="-3.14" y="-0.803125"/>
<p x="0.73125" z="-3.04375" y="-0.8075"/>
<p x="0.5425" z="-2.8925" y="-0.68"/>
<p x="0.725" z="-2.76" y="-0.6575"/>
<p x="0.5425" z="-2.8925" y="-0.68"/>
<p x="0.73125" z="-3.04375" y="-0.8075"/>
<p x="0.935625" z="-2.8925" y="-0.75125"/>
<p x="0.95" z="-2.59" y="-0.5775"/>
<p x="0.725" z="-2.76" y="-0.6575"/>
<p x="0.9625" z="-2.31937" y="-0.41"/>
<p x="0.7325" z="-2.50375" y="-0.4975"/>
<p x="0.95" z="-2.59" y="-0.5775"/>
<p x="0.536875" z="-2.65875" y="-0.54125"/>
<p x="0.725" z="-2.76" y="-0.6575"/>
<p x="0.7325" z="-2.50375" y="-0.4975"/>
<p x="0.95" z="-2.59" y="-0.5775"/>
<p x="0.7325" z="-2.50375" y="-0.4975"/>
<p x="0.725" z="-2.76" y="-0.6575"/>
<p x="1.36113" z="-2.55027" y="-0.472614"/>
<p x="1.1875" z="-2.40375" y="-0.44"/>
<p x="1.17" z="-2.71125" y="-0.625"/>
<p x="0.9625" z="-2.31937" y="-0.41"/>
<p x="0.95" z="-2.59" y="-0.5775"/>
<p x="1.1875" z="-2.40375" y="-0.44"/>
<p x="0.935625" z="-2.8925" y="-0.75125"/>
<p x="1.17" z="-2.71125" y="-0.625"/>
<p x="0.95" z="-2.59" y="-0.5775"/>
<p x="1.1875" z="-2.40375" y="-0.44"/>
<p x="0.95" z="-2.59" y="-0.5775"/>
<p x="1.17" z="-2.71125" y="-0.625"/>
<p x="1.41637" z="-1.99579" y="-0.115688"/>
<p x="1.1875" z="-2.1325" y="-0.2775"/>
<p x="1.39875" z="-2.285" y="-0.29875"/>
<p x="0.9625" z="-2.31937" y="-0.41"/>
<p x="1.1875" z="-2.40375" y="-0.44"/>
<p x="1.1875" z="-2.1325" y="-0.2775"/>
<p x="1.36113" z="-2.55027" y="-0.472614"/>
<p x="1.39875" z="-2.285" y="-0.29875"/>
<p x="1.1875" z="-2.40375" y="-0.44"/>
<p x="1.1875" z="-2.1325" y="-0.2775"/>
<p x="1.1875" z="-2.40375" y="-0.44"/>
<p x="1.39875" z="-2.285" y="-0.29875"/>
<p x="0.926273" z="-1.94343" y="-0.211276"/>
<p x="0.955" z="-2.11125" y="-0.2775"/>
<p x="1.17375" z="-1.94125" y="-0.1725"/>
<p x="0.9625" z="-2.31937" y="-0.41"/>
<p x="1.1875" z="-2.1325" y="-0.2775"/>
<p x="0.955" z="-2.11125" y="-0.2775"/>
<p x="1.41637" z="-1.99579" y="-0.115688"/>
<p x="1.17375" z="-1.94125" y="-0.1725"/>
<p x="1.1875" z="-2.1325" y="-0.2775"/>
<p x="0.955" z="-2.11125" y="-0.2775"/>
<p x="1.1875" z="-2.1325" y="-0.2775"/>
<p x="1.17375" z="-1.94125" y="-0.1725"/>
<p x="0.51875" z="-2.29875" y="-0.296875"/>
<p x="0.7325" z="-2.2925" y="-0.35"/>
<p x="0.71" z="-2.1425" y="-0.27"/>
<p x="0.9625" z="-2.31937" y="-0.41"/>
<p x="0.955" z="-2.11125" y="-0.2775"/>
<p x="0.7325" z="-2.2925" y="-0.35"/>
<p x="0.926273" z="-1.94343" y="-0.211276"/>
<p x="0.71" z="-2.1425" y="-0.27"/>
<p x="0.955" z="-2.11125" y="-0.2775"/>
<p x="0.7325" z="-2.2925" y="-0.35"/>
<p x="0.955" z="-2.11125" y="-0.2775"/>
<p x="0.71" z="-2.1425" y="-0.27"/>
<p x="0.536875" z="-2.65875" y="-0.54125"/>
<p x="0.7325" z="-2.50375" y="-0.4975"/>
<p x="0.53625" z="-2.4525" y="-0.3925"/>
<p x="0.9625" z="-2.31937" y="-0.41"/>
<p x="0.7325" z="-2.2925" y="-0.35"/>
<p x="0.7325" z="-2.50375" y="-0.4975"/>
<p x="0.51875" z="-2.29875" y="-0.296875"/>
<p x="0.53625" z="-2.4525" y="-0.3925"/>
<p x="0.7325" z="-2.2925" y="-0.35"/>
<p x="0.7325" z="-2.50375" y="-0.4975"/>
<p x="0.7325" z="-2.2925" y="-0.35"/>
<p x="0.53625" z="-2.4525" y="-0.3925"/>
<p x="0.51875" z="-2.29875" y="-0.296875"/>
<p x="0.385" z="-2.415" y="-0.30875"/>
<p x="0.53625" z="-2.4525" y="-0.3925"/>
<p x="0.2775" z="-2.48125" y="-0.2325"/>
<p x="0.39625" z="-2.57" y="-0.405"/>
<p x="0.385" z="-2.415" y="-0.30875"/>
<p x="0.536875" z="-2.65875" y="-0.54125"/>
<p x="0.53625" z="-2.4525" y="-0.3925"/>
<p x="0.39625" z="-2.57" y="-0.405"/>
<p x="0.385" z="-2.415" y="-0.30875"/>
<p x="0.39625" z="-2.57" y="-0.405"/>
<p x="0.53625" z="-2.4525" y="-0.3925"/>
<p x="0.2775" z="-2.48125" y="-0.2325"/>
<p x="0.27125" z="-2.66625" y="-0.3675"/>
<p x="0.39625" z="-2.57" y="-0.405"/>
<p x="0.266875" z="-2.88" y="-0.49625"/>
<p x="0.39625" z="-2.76875" y="-0.54"/>
<p x="0.27125" z="-2.66625" y="-0.3675"/>
<p x="0.536875" z="-2.65875" y="-0.54125"/>
<p x="0.39625" z="-2.57" y="-0.405"/>
<p x="0.39625" z="-2.76875" y="-0.54"/>
<p x="0.27125" z="-2.66625" y="-0.3675"/>
<p x="0.39625" z="-2.76875" y="-0.54"/>
<p x="0.39625" z="-2.57" y="-0.405"/>
<p x="0.55375" z="-3.14" y="-0.803125"/>
<p x="0.4" z="-2.99875" y="-0.665"/>
<p x="0.40125" z="-3.22875" y="-0.76875"/>
<p x="0.266875" z="-2.88" y="-0.49625"/>
<p x="0.265" z="-3.12875" y="-0.615"/>
<p x="0.4" z="-2.99875" y="-0.665"/>
<p x="0.26125" z="-3.36937" y="-0.7175"/>
<p x="0.40125" z="-3.22875" y="-0.76875"/>
<p x="0.265" z="-3.12875" y="-0.615"/>
<p x="0.4" z="-2.99875" y="-0.665"/>
<p x="0.265" z="-3.12875" y="-0.615"/>
<p x="0.40125" z="-3.22875" y="-0.76875"/>
<p x="0.536875" z="-2.65875" y="-0.54125"/>
<p x="0.39625" z="-2.76875" y="-0.54"/>
<p x="0.5425" z="-2.8925" y="-0.68"/>
<p x="0.266875" z="-2.88" y="-0.49625"/>
<p x="0.4" z="-2.99875" y="-0.665"/>
<p x="0.39625" z="-2.76875" y="-0.54"/>
<p x="0.55375" z="-3.14" y="-0.803125"/>
<p x="0.5425" z="-2.8925" y="-0.68"/>
<p x="0.4" z="-2.99875" y="-0.665"/>
<p x="0.39625" z="-2.76875" y="-0.54"/>
<p x="0.4" z="-2.99875" y="-0.665"/>
<p x="0.5425" z="-2.8925" y="-0.68"/>
<p x="0.26125" z="-3.36937" y="-0.7175"/>
<p x="0.265" z="-3.12875" y="-0.615"/>
<p x="0.12375" z="-3.3075" y="-0.535"/>
<p x="0.266875" z="-2.88" y="-0.49625"/>
<p x="0.1275" z="-3.04625" y="-0.4125"/>
<p x="0.265" z="-3.12875" y="-0.615"/>
<p x="-0.01375" z="-3.24875" y="-0.3175"/>
<p x="0.12375" z="-3.3075" y="-0.535"/>
<p x="0.1275" z="-3.04625" y="-0.4125"/>
<p x="0.265" z="-3.12875" y="-0.615"/>
<p x="0.1275" z="-3.04625" y="-0.4125"/>
<p x="0.12375" z="-3.3075" y="-0.535"/>
<p x="-0.02" z="-2.68" y="-0.04"/>
<p x="0.12875" z="-2.79125" y="-0.2825"/>
<p x="0.135" z="-2.58" y="-0.15"/>
<p x="0.266875" z="-2.88" y="-0.49625"/>
<p x="0.27125" z="-2.66625" y="-0.3675"/>
<p x="0.12875" z="-2.79125" y="-0.2825"/>
<p x="0.2775" z="-2.48125" y="-0.2325"/>
<p x="0.135" z="-2.58" y="-0.15"/>
<p x="0.27125" z="-2.66625" y="-0.3675"/>
<p x="0.12875" z="-2.79125" y="-0.2825"/>
<p x="0.27125" z="-2.66625" y="-0.3675"/>
<p x="0.135" z="-2.58" y="-0.15"/>
<p x="-0.01375" z="-3.24875" y="-0.3175"/>
<p x="0.1275" z="-3.04625" y="-0.4125"/>
<p x="-0.01375" z="-3.0425" y="-0.215"/>
<p x="0.266875" z="-2.88" y="-0.49625"/>
<p x="0.12875" z="-2.79125" y="-0.2825"/>
<p x="0.1275" z="-3.04625" y="-0.4125"/>
<p x="-0.02" z="-2.68" y="-0.04"/>
<p x="-0.01375" z="-3.0425" y="-0.215"/>
<p x="0.12875" z="-2.79125" y="-0.2825"/>
<p x="0.1275" z="-3.04625" y="-0.4125"/>
<p x="0.12875" z="-2.79125" y="-0.2825"/>
<p x="-0.01375" z="-3.0425" y="-0.215"/>
<p x="-2.18197" z="-2.91476" y="0.0740576"/>
<p x="-2.1225" z="-3.23625" y="0.0175"/>
<p x="-2.025" z="-3.07375" y="-0.20375"/>
<p x="-2.08883" z="-3.45633" y="-0.0224219"/>
<p x="-2.01625" z="-3.405" y="-0.20625"/>
<p x="-2.1225" z="-3.23625" y="0.0175"/>
<p x="-1.81113" z="-3.31007" y="-0.471202"/>
<p x="-2.025" z="-3.07375" y="-0.20375"/>
<p x="-2.01625" z="-3.405" y="-0.20625"/>
<p x="-2.1225" z="-3.23625" y="0.0175"/>
<p x="-2.01625" z="-3.405" y="-0.20625"/>
<p x="-2.025" z="-3.07375" y="-0.20375"/>
<p x="-1.88937" z="-2.55187" y="-0.3075"/>
<p x="-2.05875" z="-2.7475" y="-0.14625"/>
<p x="-1.85875" z="-2.8925" y="-0.38375"/>
<p x="-2.18197" z="-2.91476" y="0.0740576"/>
<p x="-2.025" z="-3.07375" y="-0.20375"/>
<p x="-2.05875" z="-2.7475" y="-0.14625"/>
<p x="-1.81113" z="-3.31007" y="-0.471202"/>
<p x="-1.85875" z="-2.8925" y="-0.38375"/>
<p x="-2.025" z="-3.07375" y="-0.20375"/>
<p x="-2.05875" z="-2.7475" y="-0.14625"/>
<p x="-2.025" z="-3.07375" y="-0.20375"/>
<p x="-1.85875" z="-2.8925" y="-0.38375"/>
<p x="-1.81113" z="-3.31007" y="-0.471202"/>
<p x="-1.6075" z="-2.975" y="-0.59875"/>
<p x="-1.85875" z="-2.8925" y="-0.38375"/>
<p x="-1.36375" z="-2.76437" y="-0.6875"/>
<p x="-1.6375" z="-2.6825" y="-0.52625"/>
<p x="-1.6075" z="-2.975" y="-0.59875"/>
<p x="-1.88937" z="-2.55187" y="-0.3075"/>
<p x="-1.85875" z="-2.8925" y="-0.38375"/>
<p x="-1.6375" z="-2.6825" y="-0.52625"/>
<p x="-1.6075" z="-2.975" y="-0.59875"/>
<p x="-1.6375" z="-2.6825" y="-0.52625"/>
<p x="-1.85875" z="-2.8925" y="-0.38375"/>
<p x="-1.88937" z="-2.55187" y="-0.3075"/>
<p x="-1.6375" z="-2.6825" y="-0.52625"/>
<p x="-1.6625" z="-2.38625" y="-0.43875"/>
<p x="-1.36375" z="-2.76437" y="-0.6875"/>
<p x="-1.40375" z="-2.48125" y="-0.5975"/>
<p x="-1.6375" z="-2.6825" y="-0.52625"/>
<p x="-1.4655" z="-2.24991" y="-0.498612"/>
<p x="-1.6625" z="-2.38625" y="-0.43875"/>
<p x="-1.40375" z="-2.48125" y="-0.5975"/>
<p x="-1.6375" z="-2.6825" y="-0.52625"/>
<p x="-1.40375" z="-2.48125" y="-0.5975"/>
<p x="-1.6625" z="-2.38625" y="-0.43875"/>
<p x="-1.4655" z="-2.24991" y="-0.498612"/>
<p x="-1.40375" z="-2.48125" y="-0.5975"/>
<p x="-1.25875" z="-2.2425" y="-0.5525"/>
<p x="-1.36375" z="-2.76437" y="-0.6875"/>
<p x="-1.1525" z="-2.54125" y="-0.66375"/>
<p x="-1.40375" z="-2.48125" y="-0.5975"/>
<p x="-1.00784" z="-2.27148" y="-0.550685"/>
<p x="-1.25875" z="-2.2425" y="-0.5525"/>
<p x="-1.1525" z="-2.54125" y="-0.66375"/>
<p x="-1.40375" z="-2.48125" y="-0.5975"/>
<p x="-1.1525" z="-2.54125" y="-0.66375"/>
<p x="-1.25875" z="-2.2425" y="-0.5525"/>
<p x="-1.00784" z="-2.27148" y="-0.550685"/>
<p x="-1.1525" z="-2.54125" y="-0.66375"/>
<p x="-0.86125" z="-2.69" y="-0.68875"/>
<p x="-1.36375" z="-2.76437" y="-0.6875"/>
<p x="-1.0725" z="-2.87125" y="-0.77125"/>
<p x="-1.1525" z="-2.54125" y="-0.66375"/>
<p x="-0.775593" z="-3.12451" y="-0.822056"/>
<p x="-0.86125" z="-2.69" y="-0.68875"/>
<p x="-1.0725" z="-2.87125" y="-0.77125"/>
<p x="-1.1525" z="-2.54125" y="-0.66375"/>
<p x="-1.0725" z="-2.87125" y="-0.77125"/>
<p x="-0.86125" z="-2.69" y="-0.68875"/>
<p x="-0.775593" z="-3.12451" y="-0.822056"/>
<p x="-0.55625" z="-2.91" y="-0.67625"/>
<p x="-0.86125" z="-2.69" y="-0.68875"/>
<p x="-0.372356" z="-2.77186" y="-0.507153"/>
<p x="-0.685" z="-2.5275" y="-0.565"/>
<p x="-0.55625" z="-2.91" y="-0.67625"/>
<p x="-1.00784" z="-2.27148" y="-0.550685"/>
<p x="-0.86125" z="-2.69" y="-0.68875"/>
<p x="-0.685" z="-2.5275" y="-0.565"/>
<p x="-0.55625" z="-2.91" y="-0.67625"/>
<p x="-0.685" z="-2.5275" y="-0.565"/>
<p x="-0.86125" z="-2.69" y="-0.68875"/>
<p x="-0.265" z="-3.40625" y="-0.679375"/>
<p x="-0.31" z="-3.1125" y="-0.60375"/>
<p x="-0.4775" z="-3.26875" y="-0.7675"/>
<p x="-0.372356" z="-2.77186" y="-0.507153"/>
<p x="-0.55625" z="-2.91" y="-0.67625"/>
<p x="-0.31" z="-3.1125" y="-0.60375"/>
<p x="-0.775593" z="-3.12451" y="-0.822056"/>
<p x="-0.4775" z="-3.26875" y="-0.7675"/>
<p x="-0.55625" z="-2.91" y="-0.67625"/>
<p x="-0.31" z="-3.1125" y="-0.60375"/>
<p x="-0.55625" z="-2.91" y="-0.67625"/>
<p x="-0.4775" z="-3.26875" y="-0.7675"/>
<p x="-0.01375" z="-3.24875" y="-0.3175"/>
<p x="-0.16375" z="-3.0275" y="-0.4125"/>
<p x="-0.14" z="-3.31125" y="-0.515"/>
<p x="-0.372356" z="-2.77186" y="-0.507153"/>
<p x="-0.31" z="-3.1125" y="-0.60375"/>
<p x="-0.16375" z="-3.0275" y="-0.4125"/>
<p x="-0.265" z="-3.40625" y="-0.679375"/>
<p x="-0.14" z="-3.31125" y="-0.515"/>
<p x="-0.31" z="-3.1125" y="-0.60375"/>
<p x="-0.16375" z="-3.0275" y="-0.4125"/>
<p x="-0.31" z="-3.1125" y="-0.60375"/>
<p x="-0.14" z="-3.31125" y="-0.515"/>
<p x="-0.02" z="-2.68" y="-0.04"/>
<p x="-0.175" z="-2.76125" y="-0.29375"/>
<p x="-0.01375" z="-3.0425" y="-0.215"/>
<p x="-0.372356" z="-2.77186" y="-0.507153"/>
<p x="-0.16375" z="-3.0275" y="-0.4125"/>
<p x="-0.175" z="-2.76125" y="-0.29375"/>
<p x="-0.01375" z="-3.24875" y="-0.3175"/>
<p x="-0.01375" z="-3.0425" y="-0.215"/>
<p x="-0.16375" z="-3.0275" y="-0.4125"/>
<p x="-0.175" z="-2.76125" y="-0.29375"/>
<p x="-0.16375" z="-3.0275" y="-0.4125"/>
<p x="-0.01375" z="-3.0425" y="-0.215"/>
<p x="-0.32625" z="-2.41125" y="-0.26875"/>
<p x="-0.3375" z="-2.55" y="-0.3625"/>
<p x="-0.20125" z="-2.5175" y="-0.19625"/>
<p x="-0.372356" z="-2.77186" y="-0.507153"/>
<p x="-0.175" z="-2.76125" y="-0.29375"/>
<p x="-0.3375" z="-2.55" y="-0.3625"/>
<p x="-0.02" z="-2.68" y="-0.04"/>
<p x="-0.20125" z="-2.5175" y="-0.19625"/>
<p x="-0.175" z="-2.76125" y="-0.29375"/>
<p x="-0.3375" z="-2.55" y="-0.3625"/>
<p x="-0.175" z="-2.76125" y="-0.29375"/>
<p x="-0.20125" z="-2.5175" y="-0.19625"/>
<p x="-0.707295" z="-2.15475" y="-0.395228"/>
<p x="-0.565" z="-2.41" y="-0.4475"/>
<p x="-0.51" z="-2.2825" y="-0.36625"/>
<p x="-0.372356" z="-2.77186" y="-0.507153"/>
<p x="-0.3375" z="-2.55" y="-0.3625"/>
<p x="-0.565" z="-2.41" y="-0.4475"/>
<p x="-0.32625" z="-2.41125" y="-0.26875"/>
<p x="-0.51" z="-2.2825" y="-0.36625"/>
<p x="-0.3375" z="-2.55" y="-0.3625"/>
<p x="-0.565" z="-2.41" y="-0.4475"/>
<p x="-0.3375" z="-2.55" y="-0.3625"/>
<p x="-0.51" z="-2.2825" y="-0.36625"/>
<p x="-1.00784" z="-2.27148" y="-0.550685"/>
<p x="-0.685" z="-2.5275" y="-0.565"/>
<p x="-0.83" z="-2.19625" y="-0.46"/>
<p x="-0.372356" z="-2.77186" y="-0.507153"/>
<p x="-0.565" z="-2.41" y="-0.4475"/>
<p x="-0.685" z="-2.5275" y="-0.565"/>
<p x="-0.707295" z="-2.15475" y="-0.395228"/>
<p x="-0.83" z="-2.19625" y="-0.46"/>
<p x="-0.565" z="-2.41" y="-0.4475"/>
<p x="-0.685" z="-2.5275" y="-0.565"/>
<p x="-0.565" z="-2.41" y="-0.4475"/>
<p x="-0.83" z="-2.19625" y="-0.46"/>
<p x="-0.707295" z="-2.15475" y="-0.395228"/>
<p x="-0.8925" z="-1.9975" y="-0.39125"/>
<p x="-0.83" z="-2.19625" y="-0.46"/>
<p x="-1.06" z="-1.83437" y="-0.36125"/>
<p x="-1.0675" z="-2.00375" y="-0.4275"/>
<p x="-0.8925" z="-1.9975" y="-0.39125"/>
<p x="-1.00784" z="-2.27148" y="-0.550685"/>
<p x="-0.83" z="-2.19625" y="-0.46"/>
<p x="-1.0675" z="-2.00375" y="-0.4275"/>
<p x="-0.8925" z="-1.9975" y="-0.39125"/>
<p x="-1.0675" z="-2.00375" y="-0.4275"/>
<p x="-0.83" z="-2.19625" y="-0.46"/>
<p x="-1.06" z="-1.83437" y="-0.36125"/>
<p x="-1.24125" z="-1.7725" y="-0.35375"/>
<p x="-1.0675" z="-2.00375" y="-0.4275"/>
<p x="-1.4788" z="-1.69875" y="-0.297161"/>
<p x="-1.245" z="-1.995" y="-0.44375"/>
<p x="-1.24125" z="-1.7725" y="-0.35375"/>
<p x="-1.00784" z="-2.27148" y="-0.550685"/>
<p x="-1.0675" z="-2.00375" y="-0.4275"/>
<p x="-1.245" z="-1.995" y="-0.44375"/>
<p x="-1.24125" z="-1.7725" y="-0.35375"/>
<p x="-1.245" z="-1.995" y="-0.44375"/>
<p x="-1.0675" z="-2.00375" y="-0.4275"/>
<p x="-1.00784" z="-2.27148" y="-0.550685"/>
<p x="-1.245" z="-1.995" y="-0.44375"/>
<p x="-1.25875" z="-2.2425" y="-0.5525"/>
<p x="-1.4788" z="-1.69875" y="-0.297161"/>
<p x="-1.4525" z="-2.01375" y="-0.41625"/>
<p x="-1.245" z="-1.995" y="-0.44375"/>
<p x="-1.4655" z="-2.24991" y="-0.498612"/>
<p x="-1.25875" z="-2.2425" y="-0.5525"/>
<p x="-1.4525" z="-2.01375" y="-0.41625"/>
<p x="-1.245" z="-1.995" y="-0.44375"/>
<p x="-1.4525" z="-2.01375" y="-0.41625"/>
<p x="-1.25875" z="-2.2425" y="-0.5525"/>
<p x="-2.18197" z="-2.91476" y="0.0740576"/>
<p x="-2.05875" z="-2.7475" y="-0.14625"/>
<p x="-2.2" z="-2.555" y="0.05875"/>
<p x="-1.88937" z="-2.55187" y="-0.3075"/>
<p x="-2.08625" z="-2.41125" y="-0.07875"/>
<p x="-2.05875" z="-2.7475" y="-0.14625"/>
<p x="-2.2125" z="-2.22625" y="0.119375"/>
<p x="-2.2" z="-2.555" y="0.05875"/>
<p x="-2.08625" z="-2.41125" y="-0.07875"/>
<p x="-2.05875" z="-2.7475" y="-0.14625"/>
<p x="-2.08625" z="-2.41125" y="-0.07875"/>
<p x="-2.2" z="-2.555" y="0.05875"/>
<p x="-1.88937" z="-2.55187" y="-0.3075"/>
<p x="-1.91" z="-2.23875" y="-0.22125"/>
<p x="-2.08625" z="-2.41125" y="-0.07875"/>
<p x="-1.9175" z="-1.94688" y="-0.135625"/>
<p x="-2.09125" z="-2.08875" y="-0.0075"/>
<p x="-1.91" z="-2.23875" y="-0.22125"/>
<p x="-2.2125" z="-2.22625" y="0.119375"/>
<p x="-2.08625" z="-2.41125" y="-0.07875"/>
<p x="-2.09125" z="-2.08875" y="-0.0075"/>
<p x="-1.91" z="-2.23875" y="-0.22125"/>
<p x="-2.09125" z="-2.08875" y="-0.0075"/>
<p x="-2.08625" z="-2.41125" y="-0.07875"/>
<p x="-1.4655" z="-2.24991" y="-0.498612"/>
<p x="-1.685" z="-2.10125" y="-0.33875"/>
<p x="-1.6625" z="-2.38625" y="-0.43875"/>
<p x="-1.9175" z="-1.94688" y="-0.135625"/>
<p x="-1.91" z="-2.23875" y="-0.22125"/>
<p x="-1.685" z="-2.10125" y="-0.33875"/>
<p x="-1.88937" z="-2.55187" y="-0.3075"/>
<p x="-1.6625" z="-2.38625" y="-0.43875"/>
<p x="-1.91" z="-2.23875" y="-0.22125"/>
<p x="-1.685" z="-2.10125" y="-0.33875"/>
<p x="-1.91" z="-2.23875" y="-0.22125"/>
<p x="-1.6625" z="-2.38625" y="-0.43875"/>
<p x="-1.4655" z="-2.24991" y="-0.498612"/>
<p x="-1.4525" z="-2.01375" y="-0.41625"/>
<p x="-1.685" z="-2.10125" y="-0.33875"/>
<p x="-1.4788" z="-1.69875" y="-0.297161"/>
<p x="-1.70375" z="-1.845" y="-0.24375"/>
<p x="-1.4525" z="-2.01375" y="-0.41625"/>
<p x="-1.9175" z="-1.94688" y="-0.135625"/>
<p x="-1.685" z="-2.10125" y="-0.33875"/>
<p x="-1.70375" z="-1.845" y="-0.24375"/>
<p x="-1.4525" z="-2.01375" y="-0.41625"/>
<p x="-1.70375" z="-1.845" y="-0.24375"/>
<p x="-1.685" z="-2.10125" y="-0.33875"/>
<p x="-1.9175" z="-1.94688" y="-0.135625"/>
<p x="-1.70375" z="-1.845" y="-0.24375"/>
<p x="-1.9125" z="-1.7175" y="-0.075"/>
<p x="-1.4788" z="-1.69875" y="-0.297161"/>
<p x="-1.74875" z="-1.5775" y="-0.13875"/>
<p x="-1.70375" z="-1.845" y="-0.24375"/>
<p x="-1.89367" z="-1.5391" y="-0.0351563"/>
<p x="-1.9125" z="-1.7175" y="-0.075"/>
<p x="-1.74875" z="-1.5775" y="-0.13875"/>
<p x="-1.70375" z="-1.845" y="-0.24375"/>
<p x="-1.74875" z="-1.5775" y="-0.13875"/>
<p x="-1.9125" z="-1.7175" y="-0.075"/>
<p x="-2.14029" z="-1.56862" y="0.216273"/>
<p x="-2.0725" z="-1.7975" y="0.05"/>
<p x="-2.01125" z="-1.52875" y="0.0675"/>
<p x="-1.9175" z="-1.94688" y="-0.135625"/>
<p x="-1.9125" z="-1.7175" y="-0.075"/>
<p x="-2.0725" z="-1.7975" y="0.05"/>
<p x="-1.89367" z="-1.5391" y="-0.0351563"/>
<p x="-2.01125" z="-1.52875" y="0.0675"/>
<p x="-1.9125" z="-1.7175" y="-0.075"/>
<p x="-2.0725" z="-1.7975" y="0.05"/>
<p x="-1.9125" z="-1.7175" y="-0.075"/>
<p x="-2.01125" z="-1.52875" y="0.0675"/>
<p x="-1.9175" z="-1.94688" y="-0.135625"/>
<p x="-2.0725" z="-1.7975" y="0.05"/>
<p x="-2.09125" z="-2.08875" y="-0.0075"/>
<p x="-2.14029" z="-1.56862" y="0.216273"/>
<p x="-2.19" z="-1.8975" y="0.1775"/>
<p x="-2.0725" z="-1.7975" y="0.05"/>
<p x="-2.2125" z="-2.22625" y="0.119375"/>
<p x="-2.09125" z="-2.08875" y="-0.0075"/>
<p x="-2.19" z="-1.8975" y="0.1775"/>
<p x="-2.0725" z="-1.7975" y="0.05"/>
<p x="-2.19" z="-1.8975" y="0.1775"/>
<p x="-2.09125" z="-2.08875" y="-0.0075"/>
<p x="-2.14029" z="-1.56862" y="0.216273"/>
<p x="-2.22125" z="-1.685" y="0.32875"/>
<p x="-2.19" z="-1.8975" y="0.1775"/>
<p x="-2.25" z="-1.7525" y="0.453125"/>
<p x="-2.25125" z="-1.95375" y="0.2775"/>
<p x="-2.22125" z="-1.685" y="0.32875"/>
<p x="-2.2125" z="-2.22625" y="0.119375"/>
<p x="-2.19" z="-1.8975" y="0.1775"/>
<p x="-2.25125" z="-1.95375" y="0.2775"/>
<p x="-2.22125" z="-1.685" y="0.32875"/>
<p x="-2.25125" z="-1.95375" y="0.2775"/>
<p x="-2.19" z="-1.8975" y="0.1775"/>
<p x="-2.19688" z="-1.40438" y="0.526875"/>
<p x="-2.2275" z="-1.575" y="0.495"/>
<p x="-2.185" z="-1.46" y="0.36375"/>
<p x="-2.25" z="-1.7525" y="0.453125"/>
<p x="-2.22125" z="-1.685" y="0.32875"/>
<p x="-2.2275" z="-1.575" y="0.495"/>
<p x="-2.14029" z="-1.56862" y="0.216273"/>
<p x="-2.185" z="-1.46" y="0.36375"/>
<p x="-2.22125" z="-1.685" y="0.32875"/>
<p x="-2.2275" z="-1.575" y="0.495"/>
<p x="-2.22125" z="-1.685" y="0.32875"/>
<p x="-2.185" z="-1.46" y="0.36375"/>
<p x="-1.49813" z="-0.091875" y="0.19375"/>
<p x="-1.47" z="-0.3075" y="0.07"/>
<p x="-1.28625" z="-0.0975" y="0.08625"/>
<p x="-1.44" z="-0.545625" y="-0.03"/>
<p x="-1.25125" z="-0.3425" y="-0.03125"/>
<p x="-1.47" z="-0.3075" y="0.07"/>
<p x="-1.03706" z="-0.116278" y="-0.0250027"/>
<p x="-1.28625" z="-0.0975" y="0.08625"/>
<p x="-1.25125" z="-0.3425" y="-0.03125"/>
<p x="-1.47" z="-0.3075" y="0.07"/>
<p x="-1.25125" z="-0.3425" y="-0.03125"/>
<p x="-1.28625" z="-0.0975" y="0.08625"/>
<p x="-1.03706" z="-0.116278" y="-0.0250027"/>
<p x="-1.25125" z="-0.3425" y="-0.03125"/>
<p x="-1.015" z="-0.43125" y="-0.1625"/>
<p x="-1.44" z="-0.545625" y="-0.03"/>
<p x="-1.19875" z="-0.62375" y="-0.155"/>
<p x="-1.25125" z="-0.3425" y="-0.03125"/>
<p x="-0.914757" z="-0.745192" y="-0.294374"/>
<p x="-1.015" z="-0.43125" y="-0.1625"/>
<p x="-1.19875" z="-0.62375" y="-0.155"/>
<p x="-1.25125" z="-0.3425" y="-0.03125"/>
<p x="-1.19875" z="-0.62375" y="-0.155"/>
<p x="-1.015" z="-0.43125" y="-0.1625"/>
<p x="-0.914757" z="-0.745192" y="-0.294374"/>
<p x="-1.19875" z="-0.62375" y="-0.155"/>
<p x="-1.17625" z="-0.88125" y="-0.225"/>
<p x="-1.44" z="-0.545625" y="-0.03"/>
<p x="-1.39" z="-0.78625" y="-0.1125"/>
<p x="-1.19875" z="-0.62375" y="-0.155"/>
<p x="-1.3385" z="-0.968794" y="-0.168977"/>
<p x="-1.17625" z="-0.88125" y="-0.225"/>
<p x="-1.39" z="-0.78625" y="-0.1125"/>
<p x="-1.19875" z="-0.62375" y="-0.155"/>
<p x="-1.39" z="-0.78625" y="-0.1125"/>
<p x="-1.17625" z="-0.88125" y="-0.225"/>
<p x="-1.3385" z="-0.968794" y="-0.168977"/>
<p x="-1.2275" z="-1.0775" y="-0.23125"/>
<p x="-1.17625" z="-0.88125" y="-0.225"/>
<p x="-1.13353" z="-1.26412" y="-0.275688"/>
<p x="-1.005" z="-1.02375" y="-0.29"/>
<p x="-1.2275" z="-1.0775" y="-0.23125"/>
<p x="-0.914757" z="-0.745192" y="-0.294374"/>
<p x="-1.17625" z="-0.88125" y="-0.225"/>
<p x="-1.005" z="-1.02375" y="-0.29"/>
<p x="-1.2275" z="-1.0775" y="-0.23125"/>
<p x="-1.005" z="-1.02375" y="-0.29"/>
<p x="-1.17625" z="-0.88125" y="-0.225"/>
<p x="-0.724531" z="-0.370039" y="-0.285195"/>
<p x="-0.85" z="-0.28" y="-0.19125"/>
<p x="-0.795" z="-0.5025" y="-0.29125"/>
<p x="-1.03706" z="-0.116278" y="-0.0250027"/>
<p x="-1.015" z="-0.43125" y="-0.1625"/>
<p x="-0.85" z="-0.28" y="-0.19125"/>
<p x="-0.914757" z="-0.745192" y="-0.294374"/>
<p x="-0.795" z="-0.5025" y="-0.29125"/>
<p x="-1.015" z="-0.43125" y="-0.1625"/>
<p x="-0.85" z="-0.28" y="-0.19125"/>
<p x="-1.015" z="-0.43125" y="-0.1625"/>
<p x="-0.795" z="-0.5025" y="-0.29125"/>
<p x="-0.724531" z="-0.370039" y="-0.285195"/>
<p x="-0.67125" z="-0.22875" y="-0.26125"/>
<p x="-0.85" z="-0.28" y="-0.19125"/>
<p x="-0.61098" z="-0.0351977" y="-0.217744"/>
<p x="-0.81625" z="-0.06125" y="-0.12375"/>
<p x="-0.67125" z="-0.22875" y="-0.26125"/>
<p x="-1.03706" z="-0.116278" y="-0.0250027"/>
<p x="-0.85" z="-0.28" y="-0.19125"/>
<p x="-0.81625" z="-0.06125" y="-0.12375"/>
<p x="-0.67125" z="-0.22875" y="-0.26125"/>
<p x="-0.81625" z="-0.06125" y="-0.12375"/>
<p x="-0.85" z="-0.28" y="-0.19125"/>
<p x="-0.914757" z="-0.745192" y="-0.294374"/>
<p x="-0.63" z="-0.615" y="-0.36625"/>
<p x="-0.795" z="-0.5025" y="-0.29125"/>
<p x="-0.398925" z="-0.44088" y="-0.381075"/>
<p x="-0.59875" z="-0.4225" y="-0.345"/>
<p x="-0.63" z="-0.615" y="-0.36625"/>
<p x="-0.724531" z="-0.370039" y="-0.285195"/>
<p x="-0.795" z="-0.5025" y="-0.29125"/>
<p x="-0.59875" z="-0.4225" y="-0.345"/>
<p x="-0.63" z="-0.615" y="-0.36625"/>
<p x="-0.59875" z="-0.4225" y="-0.345"/>
<p x="-0.795" z="-0.5025" y="-0.29125"/>
<p x="-0.398925" z="-0.44088" y="-0.381075"/>
<p x="-0.63" z="-0.615" y="-0.36625"/>
<p x="-0.4" z="-0.655" y="-0.40375"/>
<p x="-0.914757" z="-0.745192" y="-0.294374"/>
<p x="-0.60125" z="-0.8275" y="-0.385"/>
<p x="-0.63" z="-0.615" y="-0.36625"/>
<p x="-0.36384" z="-0.833749" y="-0.417295"/>
<p x="-0.4" z="-0.655" y="-0.40375"/>
<p x="-0.60125" z="-0.8275" y="-0.385"/>
<p x="-0.63" z="-0.615" y="-0.36625"/>
<p x="-0.60125" z="-0.8275" y="-0.385"/>
<p x="-0.4" z="-0.655" y="-0.40375"/>
<p x="-0.914757" z="-0.745192" y="-0.294374"/>
<p x="-0.705" z="-1.02" y="-0.36125"/>
<p x="-0.60125" z="-0.8275" y="-0.385"/>
<p x="-0.425209" z="-1.2728" y="-0.40798"/>
<p x="-0.41125" z="-1.0125" y="-0.41375"/>
<p x="-0.705" z="-1.02" y="-0.36125"/>
<p x="-0.36384" z="-0.833749" y="-0.417295"/>
<p x="-0.60125" z="-0.8275" y="-0.385"/>
<p x="-0.41125" z="-1.0125" y="-0.41375"/>
<p x="-0.705" z="-1.02" y="-0.36125"/>
<p x="-0.41125" z="-1.0125" y="-0.41375"/>
<p x="-0.60125" z="-0.8275" y="-0.385"/>
<p x="-1.13353" z="-1.26412" y="-0.275688"/>
<p x="-0.81875" z="-1.23375" y="-0.33875"/>
<p x="-1.005" z="-1.02375" y="-0.29"/>
<p x="-0.425209" z="-1.2728" y="-0.40798"/>
<p x="-0.705" z="-1.02" y="-0.36125"/>
<p x="-0.81875" z="-1.23375" y="-0.33875"/>
<p x="-0.914757" z="-0.745192" y="-0.294374"/>
<p x="-1.005" z="-1.02375" y="-0.29"/>
<p x="-0.705" z="-1.02" y="-0.36125"/>
<p x="-0.81875" z="-1.23375" y="-0.33875"/>
<p x="-0.705" z="-1.02" y="-0.36125"/>
<p x="-1.005" z="-1.02375" y="-0.29"/>
<p x="-0.814498" z="-1.6357" y="-0.365887"/>
<p x="-0.67625" z="-1.4725" y="-0.37875"/>
<p x="-0.9525" z="-1.46625" y="-0.32875"/>
<p x="-0.425209" z="-1.2728" y="-0.40798"/>
<p x="-0.81875" z="-1.23375" y="-0.33875"/>
<p x="-0.67625" z="-1.4725" y="-0.37875"/>
<p x="-1.13353" z="-1.26412" y="-0.275688"/>
<p x="-0.9525" z="-1.46625" y="-0.32875"/>
<p x="-0.81875" z="-1.23375" y="-0.33875"/>
<p x="-0.67625" z="-1.4725" y="-0.37875"/>
<p x="-0.81875" z="-1.23375" y="-0.33875"/>
<p x="-0.9525" z="-1.46625" y="-0.32875"/>
<p x="-0.399341" z="-1.7857" y="-0.422432"/>
<p x="-0.41375" z="-1.58125" y="-0.4175"/>
<p x="-0.59875" z="-1.695" y="-0.4"/>
<p x="-0.425209" z="-1.2728" y="-0.40798"/>
<p x="-0.67625" z="-1.4725" y="-0.37875"/>
<p x="-0.41375" z="-1.58125" y="-0.4175"/>
<p x="-0.814498" z="-1.6357" y="-0.365887"/>
<p x="-0.59875" z="-1.695" y="-0.4"/>
<p x="-0.67625" z="-1.4725" y="-0.37875"/>
<p x="-0.41375" z="-1.58125" y="-0.4175"/>
<p x="-0.67625" z="-1.4725" y="-0.37875"/>
<p x="-0.59875" z="-1.695" y="-0.4"/>
<p x="-0.814498" z="-1.6357" y="-0.365887"/>
<p x="-0.745" z="-1.8025" y="-0.38625"/>
<p x="-0.59875" z="-1.695" y="-0.4"/>
<p x="-0.595978" z="-1.9753" y="-0.399215"/>
<p x="-0.50625" z="-1.88125" y="-0.415"/>
<p x="-0.745" z="-1.8025" y="-0.38625"/>
<p x="-0.399341" z="-1.7857" y="-0.422432"/>
<p x="-0.59875" z="-1.695" y="-0.4"/>
<p x="-0.50625" z="-1.88125" y="-0.415"/>
<p x="-0.745" z="-1.8025" y="-0.38625"/>
<p x="-0.50625" z="-1.88125" y="-0.415"/>
<p x="-0.59875" z="-1.695" y="-0.4"/>
<p x="-0.399341" z="-1.7857" y="-0.422432"/>
<p x="-0.50625" z="-1.88125" y="-0.415"/>
<p x="-0.2925" z="-1.95875" y="-0.43125"/>
<p x="-0.595978" z="-1.9753" y="-0.399215"/>
<p x="-0.38125" z="-2.05875" y="-0.42375"/>
<p x="-0.50625" z="-1.88125" y="-0.415"/>
<p x="-0.1925" z="-2.14125" y="-0.429375"/>
<p x="-0.2925" z="-1.95875" y="-0.43125"/>
<p x="-0.38125" z="-2.05875" y="-0.42375"/>
<p x="-0.50625" z="-1.88125" y="-0.415"/>
<p x="-0.38125" z="-2.05875" y="-0.42375"/>
<p x="-0.2925" z="-1.95875" y="-0.43125"/>
<p x="-0.1925" z="-2.14125" y="-0.429375"/>
<p x="-0.38125" z="-2.05875" y="-0.42375"/>
<p x="-0.255" z="-2.22625" y="-0.41625"/>
<p x="-0.595978" z="-1.9753" y="-0.399215"/>
<p x="-0.395" z="-2.16875" y="-0.39875"/>
<p x="-0.38125" z="-2.05875" y="-0.42375"/>
<p x="-0.282109" z="-2.27367" y="-0.394258"/>
<p x="-0.255" z="-2.22625" y="-0.41625"/>
<p x="-0.395" z="-2.16875" y="-0.39875"/>
<p x="-0.38125" z="-2.05875" y="-0.42375"/>
<p x="-0.395" z="-2.16875" y="-0.39875"/>
<p x="-0.255" z="-2.22625" y="-0.41625"/>
<p x="-1.13353" z="-1.26412" y="-0.275688"/>
<p x="-1.2275" z="-1.0775" y="-0.23125"/>
<p x="-1.325" z="-1.2425" y="-0.2325"/>
<p x="-1.3385" z="-0.968794" y="-0.168977"/>
<p x="-1.40625" z="-1.08125" y="-0.1625"/>
<p x="-1.2275" z="-1.0775" y="-0.23125"/>
<p x="-1.44121" z="-1.19211" y="-0.179102"/>
<p x="-1.325" z="-1.2425" y="-0.2325"/>
<p x="-1.40625" z="-1.08125" y="-0.1625"/>
<p x="-1.2275" z="-1.0775" y="-0.23125"/>
<p x="-1.40625" z="-1.08125" y="-0.1625"/>
<p x="-1.325" z="-1.2425" y="-0.2325"/>
<p x="-1.78027" z="-0.907975" y="0.0834453"/>
<p x="-1.56875" z="-1.1075" y="-0.0975"/>
<p x="-1.5375" z="-0.9175" y="-0.0625"/>
<p x="-1.44121" z="-1.19211" y="-0.179102"/>
<p x="-1.40625" z="-1.08125" y="-0.1625"/>
<p x="-1.56875" z="-1.1075" y="-0.0975"/>
<p x="-1.3385" z="-0.968794" y="-0.168977"/>
<p x="-1.5375" z="-0.9175" y="-0.0625"/>
<p x="-1.40625" z="-1.08125" y="-0.1625"/>
<p x="-1.56875" z="-1.1075" y="-0.0975"/>
<p x="-1.40625" z="-1.08125" y="-0.1625"/>
<p x="-1.5375" z="-0.9175" y="-0.0625"/>
<p x="-1.3385" z="-0.968794" y="-0.168977"/>
<p x="-1.39" z="-0.78625" y="-0.1125"/>
<p x="-1.5375" z="-0.9175" y="-0.0625"/>
<p x="-1.44" z="-0.545625" y="-0.03"/>
<p x="-1.60625" z="-0.70875" y="0.01625"/>
<p x="-1.39" z="-0.78625" y="-0.1125"/>
<p x="-1.78027" z="-0.907975" y="0.0834453"/>
<p x="-1.5375" z="-0.9175" y="-0.0625"/>
<p x="-1.60625" z="-0.70875" y="0.01625"/>
<p x="-1.39" z="-0.78625" y="-0.1125"/>
<p x="-1.60625" z="-0.70875" y="0.01625"/>
<p x="-1.5375" z="-0.9175" y="-0.0625"/>
<p x="-1.78027" z="-0.907975" y="0.0834453"/>
<p x="-1.60625" z="-0.70875" y="0.01625"/>
<p x="-1.73" z="-0.585" y="0.145"/>
<p x="-1.44" z="-0.545625" y="-0.03"/>
<p x="-1.60375" z="-0.4875" y="0.0725"/>
<p x="-1.60625" z="-0.70875" y="0.01625"/>
<p x="-1.68152" z="-0.436055" y="0.159375"/>
<p x="-1.73" z="-0.585" y="0.145"/>
<p x="-1.60375" z="-0.4875" y="0.0725"/>
<p x="-1.60625" z="-0.70875" y="0.01625"/>
<p x="-1.60375" z="-0.4875" y="0.0725"/>
<p x="-1.73" z="-0.585" y="0.145"/>
<p x="-1.68152" z="-0.436055" y="0.159375"/>
<p x="-1.60375" z="-0.4875" y="0.0725"/>
<p x="-1.62875" z="-0.3" y="0.175"/>
<p x="-1.44" z="-0.545625" y="-0.03"/>
<p x="-1.47" z="-0.3075" y="0.07"/>
<p x="-1.60375" z="-0.4875" y="0.0725"/>
<p x="-1.49813" z="-0.091875" y="0.19375"/>
<p x="-1.62875" z="-0.3" y="0.175"/>
<p x="-1.47" z="-0.3075" y="0.07"/>
<p x="-1.60375" z="-0.4875" y="0.0725"/>
<p x="-1.47" z="-0.3075" y="0.07"/>
<p x="-1.62875" z="-0.3" y="0.175"/>
<p x="-1.68152" z="-0.436055" y="0.159375"/>
<p x="-1.75375" z="-0.37875" y="0.2675"/>
<p x="-1.73" z="-0.585" y="0.145"/>
<p x="-1.83073" z="-0.245576" y="0.494825"/>
<p x="-1.845" z="-0.58" y="0.2775"/>
<p x="-1.75375" z="-0.37875" y="0.2675"/>
<p x="-1.78027" z="-0.907975" y="0.0834453"/>
<p x="-1.73" z="-0.585" y="0.145"/>
<p x="-1.845" z="-0.58" y="0.2775"/>
<p x="-1.75375" z="-0.37875" y="0.2675"/>
<p x="-1.845" z="-0.58" y="0.2775"/>
<p x="-1.73" z="-0.585" y="0.145"/>
<p x="-1.83073" z="-0.245576" y="0.494825"/>
<p x="-1.75375" z="-0.37875" y="0.2675"/>
<p x="-1.6675" z="-0.12125" y="0.33125"/>
<p x="-1.68152" z="-0.436055" y="0.159375"/>
<p x="-1.62875" z="-0.3" y="0.175"/>
<p x="-1.75375" z="-0.37875" y="0.2675"/>
<p x="-1.49813" z="-0.091875" y="0.19375"/>
<p x="-1.6675" z="-0.12125" y="0.33125"/>
<p x="-1.62875" z="-0.3" y="0.175"/>
<p x="-1.75375" z="-0.37875" y="0.2675"/>
<p x="-1.62875" z="-0.3" y="0.175"/>
<p x="-1.6675" z="-0.12125" y="0.33125"/>
<p x="-2.03125" z="-0.87125" y="0.37625"/>
<p x="-1.94625" z="-0.87375" y="0.25375"/>
<p x="-1.93875" z="-0.5725" y="0.4125"/>
<p x="-1.78027" z="-0.907975" y="0.0834453"/>
<p x="-1.845" z="-0.58" y="0.2775"/>
<p x="-1.94625" z="-0.87375" y="0.25375"/>
<p x="-1.83073" z="-0.245576" y="0.494825"/>
<p x="-1.93875" z="-0.5725" y="0.4125"/>
<p x="-1.845" z="-0.58" y="0.2775"/>
<p x="-1.94625" z="-0.87375" y="0.25375"/>
<p x="-1.845" z="-0.58" y="0.2775"/>
<p x="-1.93875" z="-0.5725" y="0.4125"/>
<p x="-1.83073" z="-0.245576" y="0.494825"/>
<p x="-1.9325" z="-0.3425" y="0.655"/>
<p x="-1.93875" z="-0.5725" y="0.4125"/>
<p x="-1.99159" z="-0.450547" y="0.74925"/>
<p x="-2.01" z="-0.60625" y="0.53875"/>
<p x="-1.9325" z="-0.3425" y="0.655"/>
<p x="-2.03125" z="-0.87125" y="0.37625"/>
<p x="-1.93875" z="-0.5725" y="0.4125"/>
<p x="-2.01" z="-0.60625" y="0.53875"/>
<p x="-1.9325" z="-0.3425" y="0.655"/>
<p x="-2.01" z="-0.60625" y="0.53875"/>
<p x="-1.93875" z="-0.5725" y="0.4125"/>
<p x="-2.03125" z="-0.87125" y="0.37625"/>
<p x="-2.01" z="-0.60625" y="0.53875"/>
<p x="-2.08375" z="-0.87625" y="0.50125"/>
<p x="-1.99159" z="-0.450547" y="0.74925"/>
<p x="-2.05625" z="-0.6725" y="0.68625"/>
<p x="-2.01" z="-0.60625" y="0.53875"/>
<p x="-2.10739" z="-0.897751" y="0.659797"/>
<p x="-2.08375" z="-0.87625" y="0.50125"/>
<p x="-2.05625" z="-0.6725" y="0.68625"/>
<p x="-2.01" z="-0.60625" y="0.53875"/>
<p x="-2.05625" z="-0.6725" y="0.68625"/>
<p x="-2.08375" z="-0.87625" y="0.50125"/>
<p x="-2.03125" z="-0.87125" y="0.37625"/>
<p x="-2.08375" z="-0.87625" y="0.50125"/>
<p x="-2.13125" z="-1.175" y="0.41"/>
<p x="-2.10739" z="-0.897751" y="0.659797"/>
<p x="-2.14875" z="-1.13375" y="0.57625"/>
<p x="-2.08375" z="-0.87625" y="0.50125"/>
<p x="-2.19688" z="-1.40438" y="0.526875"/>
<p x="-2.13125" z="-1.175" y="0.41"/>
<p x="-2.14875" z="-1.13375" y="0.57625"/>
<p x="-2.08375" z="-0.87625" y="0.50125"/>
<p x="-2.14875" z="-1.13375" y="0.57625"/>
<p x="-2.13125" z="-1.175" y="0.41"/>
<p x="-2.03125" z="-0.87125" y="0.37625"/>
<p x="-2.13125" z="-1.175" y="0.41"/>
<p x="-2.0825" z="-1.20875" y="0.28625"/>
<p x="-2.19688" z="-1.40438" y="0.526875"/>
<p x="-2.185" z="-1.46" y="0.36375"/>
<p x="-2.13125" z="-1.175" y="0.41"/>
<p x="-2.14029" z="-1.56862" y="0.216273"/>
<p x="-2.0825" z="-1.20875" y="0.28625"/>
<p x="-2.185" z="-1.46" y="0.36375"/>
<p x="-2.13125" z="-1.175" y="0.41"/>
<p x="-2.185" z="-1.46" y="0.36375"/>
<p x="-2.0825" z="-1.20875" y="0.28625"/>
<p x="-2.14029" z="-1.56862" y="0.216273"/>
<p x="-1.99125" z="-1.2225" y="0.16125"/>
<p x="-2.0825" z="-1.20875" y="0.28625"/>
<p x="-1.78027" z="-0.907975" y="0.0834453"/>
<p x="-1.94625" z="-0.87375" y="0.25375"/>
<p x="-1.99125" z="-1.2225" y="0.16125"/>
<p x="-2.03125" z="-0.87125" y="0.37625"/>
<p x="-2.0825" z="-1.20875" y="0.28625"/>
<p x="-1.94625" z="-0.87375" y="0.25375"/>
<p x="-1.99125" z="-1.2225" y="0.16125"/>
<p x="-1.94625" z="-0.87375" y="0.25375"/>
<p x="-2.0825" z="-1.20875" y="0.28625"/>
<p x="-2.14029" z="-1.56862" y="0.216273"/>
<p x="-2.01125" z="-1.52875" y="0.0675"/>
<p x="-1.99125" z="-1.2225" y="0.16125"/>
<p x="-1.89367" z="-1.5391" y="-0.0351563"/>
<p x="-1.86" z="-1.32" y="0.01125"/>
<p x="-2.01125" z="-1.52875" y="0.0675"/>
<p x="-1.78027" z="-0.907975" y="0.0834453"/>
<p x="-1.99125" z="-1.2225" y="0.16125"/>
<p x="-1.86" z="-1.32" y="0.01125"/>
<p x="-2.01125" z="-1.52875" y="0.0675"/>
<p x="-1.86" z="-1.32" y="0.01125"/>
<p x="-1.99125" z="-1.2225" y="0.16125"/>
<p x="-1.89367" z="-1.5391" y="-0.0351563"/>
<p x="-1.74875" z="-1.5775" y="-0.13875"/>
<p x="-1.86" z="-1.32" y="0.01125"/>
<p x="-1.4788" z="-1.69875" y="-0.297161"/>
<p x="-1.655" z="-1.3125" y="-0.11125"/>
<p x="-1.74875" z="-1.5775" y="-0.13875"/>
<p x="-1.78027" z="-0.907975" y="0.0834453"/>
<p x="-1.86" z="-1.32" y="0.01125"/>
<p x="-1.655" z="-1.3125" y="-0.11125"/>
<p x="-1.74875" z="-1.5775" y="-0.13875"/>
<p x="-1.655" z="-1.3125" y="-0.11125"/>
<p x="-1.86" z="-1.32" y="0.01125"/>
<p x="-1.78027" z="-0.907975" y="0.0834453"/>
<p x="-1.655" z="-1.3125" y="-0.11125"/>
<p x="-1.56875" z="-1.1075" y="-0.0975"/>
<p x="-1.4788" z="-1.69875" y="-0.297161"/>
<p x="-1.46625" z="-1.35125" y="-0.21125"/>
<p x="-1.655" z="-1.3125" y="-0.11125"/>
<p x="-1.44121" z="-1.19211" y="-0.179102"/>
<p x="-1.56875" z="-1.1075" y="-0.0975"/>
<p x="-1.46625" z="-1.35125" y="-0.21125"/>
<p x="-1.655" z="-1.3125" y="-0.11125"/>
<p x="-1.46625" z="-1.35125" y="-0.21125"/>
<p x="-1.56875" z="-1.1075" y="-0.0975"/>
<p x="-1.44121" z="-1.19211" y="-0.179102"/>
<p x="-1.46625" z="-1.35125" y="-0.21125"/>
<p x="-1.325" z="-1.2425" y="-0.2325"/>
<p x="-1.4788" z="-1.69875" y="-0.297161"/>
<p x="-1.30875" z="-1.485" y="-0.285"/>
<p x="-1.46625" z="-1.35125" y="-0.21125"/>
<p x="-1.13353" z="-1.26412" y="-0.275688"/>
<p x="-1.325" z="-1.2425" y="-0.2325"/>
<p x="-1.30875" z="-1.485" y="-0.285"/>
<p x="-1.46625" z="-1.35125" y="-0.21125"/>
<p x="-1.30875" z="-1.485" y="-0.285"/>
<p x="-1.325" z="-1.2425" y="-0.2325"/>
<p x="-1.13353" z="-1.26412" y="-0.275688"/>
<p x="-1.30875" z="-1.485" y="-0.285"/>
<p x="-1.145" z="-1.57375" y="-0.31375"/>
<p x="-1.4788" z="-1.69875" y="-0.297161"/>
<p x="-1.24125" z="-1.7725" y="-0.35375"/>
<p x="-1.30875" z="-1.485" y="-0.285"/>
<p x="-1.06" z="-1.83437" y="-0.36125"/>
<p x="-1.145" z="-1.57375" y="-0.31375"/>
<p x="-1.24125" z="-1.7725" y="-0.35375"/>
<p x="-1.30875" z="-1.485" y="-0.285"/>
<p x="-1.24125" z="-1.7725" y="-0.35375"/>
<p x="-1.145" z="-1.57375" y="-0.31375"/>
<p x="-0.814498" z="-1.6357" y="-0.365887"/>
<p x="-0.9525" z="-1.46625" y="-0.32875"/>
<p x="-0.965" z="-1.7075" y="-0.35"/>
<p x="-1.13353" z="-1.26412" y="-0.275688"/>
<p x="-1.145" z="-1.57375" y="-0.31375"/>
<p x="-0.9525" z="-1.46625" y="-0.32875"/>
<p x="-1.06" z="-1.83437" y="-0.36125"/>
<p x="-0.965" z="-1.7075" y="-0.35"/>
<p x="-1.145" z="-1.57375" y="-0.31375"/>
<p x="-0.9525" z="-1.46625" y="-0.32875"/>
<p x="-1.145" z="-1.57375" y="-0.31375"/>
<p x="-0.965" z="-1.7075" y="-0.35"/>
<p x="-1.06" z="-1.83437" y="-0.36125"/>
<p x="-0.84875" z="-1.88875" y="-0.37625"/>
<p x="-0.965" z="-1.7075" y="-0.35"/>
<p x="-0.595978" z="-1.9753" y="-0.399215"/>
<p x="-0.745" z="-1.8025" y="-0.38625"/>
<p x="-0.84875" z="-1.88875" y="-0.37625"/>
<p x="-0.814498" z="-1.6357" y="-0.365887"/>
<p x="-0.965" z="-1.7075" y="-0.35"/>
<p x="-0.745" z="-1.8025" y="-0.38625"/>
<p x="-0.84875" z="-1.88875" y="-0.37625"/>
<p x="-0.745" z="-1.8025" y="-0.38625"/>
<p x="-0.965" z="-1.7075" y="-0.35"/>
<p x="-0.707295" z="-2.15475" y="-0.395228"/>
<p x="-0.68375" z="-2.045" y="-0.3725"/>
<p x="-0.8925" z="-1.9975" y="-0.39125"/>
<p x="-0.595978" z="-1.9753" y="-0.399215"/>
<p x="-0.84875" z="-1.88875" y="-0.37625"/>
<p x="-0.68375" z="-2.045" y="-0.3725"/>
<p x="-1.06" z="-1.83437" y="-0.36125"/>
<p x="-0.8925" z="-1.9975" y="-0.39125"/>
<p x="-0.84875" z="-1.88875" y="-0.37625"/>
<p x="-0.68375" z="-2.045" y="-0.3725"/>
<p x="-0.84875" z="-1.88875" y="-0.37625"/>
<p x="-0.8925" z="-1.9975" y="-0.39125"/>
<p x="-0.707295" z="-2.15475" y="-0.395228"/>
<p x="-0.51" z="-2.2825" y="-0.36625"/>
<p x="-0.68375" z="-2.045" y="-0.3725"/>
<p x="-0.32625" z="-2.41125" y="-0.26875"/>
<p x="-0.47375" z="-2.185" y="-0.36"/>
<p x="-0.51" z="-2.2825" y="-0.36625"/>
<p x="-0.595978" z="-1.9753" y="-0.399215"/>
<p x="-0.68375" z="-2.045" y="-0.3725"/>
<p x="-0.47375" z="-2.185" y="-0.36"/>
<p x="-0.51" z="-2.2825" y="-0.36625"/>
<p x="-0.47375" z="-2.185" y="-0.36"/>
<p x="-0.68375" z="-2.045" y="-0.3725"/>
<p x="-0.282109" z="-2.27367" y="-0.394258"/>
<p x="-0.395" z="-2.16875" y="-0.39875"/>
<p x="-0.30375" z="-2.31625" y="-0.36"/>
<p x="-0.595978" z="-1.9753" y="-0.399215"/>
<p x="-0.47375" z="-2.185" y="-0.36"/>
<p x="-0.395" z="-2.16875" y="-0.39875"/>
<p x="-0.32625" z="-2.41125" y="-0.26875"/>
<p x="-0.30375" z="-2.31625" y="-0.36"/>
<p x="-0.47375" z="-2.185" y="-0.36"/>
<p x="-0.395" z="-2.16875" y="-0.39875"/>
<p x="-0.47375" z="-2.185" y="-0.36"/>
<p x="-0.30375" z="-2.31625" y="-0.36"/>
<p x="-0.32625" z="-2.41125" y="-0.26875"/>
<p x="-0.17875" z="-2.43125" y="-0.30375"/>
<p x="-0.30375" z="-2.31625" y="-0.36"/>
<p x="-0.07375" z="-2.385" y="-0.353125"/>
<p x="-0.18875" z="-2.34125" y="-0.38375"/>
<p x="-0.17875" z="-2.43125" y="-0.30375"/>
<p x="-0.282109" z="-2.27367" y="-0.394258"/>
<p x="-0.30375" z="-2.31625" y="-0.36"/>
<p x="-0.18875" z="-2.34125" y="-0.38375"/>
<p x="-0.17875" z="-2.43125" y="-0.30375"/>
<p x="-0.18875" z="-2.34125" y="-0.38375"/>
<p x="-0.30375" z="-2.31625" y="-0.36"/>
<p x="-0.282109" z="-2.27367" y="-0.394258"/>
<p x="-0.18875" z="-2.34125" y="-0.38375"/>
<p x="-0.255" z="-2.22625" y="-0.41625"/>
<p x="-0.07375" z="-2.385" y="-0.353125"/>
<p x="-0.115" z="-2.28375" y="-0.4075"/>
<p x="-0.18875" z="-2.34125" y="-0.38375"/>
<p x="-0.1925" z="-2.14125" y="-0.429375"/>
<p x="-0.255" z="-2.22625" y="-0.41625"/>
<p x="-0.115" z="-2.28375" y="-0.4075"/>
<p x="-0.18875" z="-2.34125" y="-0.38375"/>
<p x="-0.115" z="-2.28375" y="-0.4075"/>
<p x="-0.255" z="-2.22625" y="-0.41625"/>
<p x="-0.1925" z="-2.14125" y="-0.429375"/>
<p x="-0.115" z="-2.28375" y="-0.4075"/>
<p x="-0.04375" z="-2.17375" y="-0.4225"/>
<p x="-0.07375" z="-2.385" y="-0.353125"/>
<p x="0.01375" z="-2.29875" y="-0.395"/>
<p x="-0.115" z="-2.28375" y="-0.4075"/>
<p x="0.1" z="-2.175" y="-0.408125"/>
<p x="-0.04375" z="-2.17375" y="-0.4225"/>
<p x="0.01375" z="-2.29875" y="-0.395"/>
<p x="-0.115" z="-2.28375" y="-0.4075"/>
<p x="0.01375" z="-2.29875" y="-0.395"/>
<p x="-0.04375" z="-2.17375" y="-0.4225"/>
<p x="0.199375" z="-2.35812" y="-0.325625"/>
<p x="0.29625" z="-2.255" y="-0.35125"/>
<p x="0.1525" z="-2.28375" y="-0.38"/>
<p x="0.4125" z="-2.1125" y="-0.341875"/>
<p x="0.24625" z="-2.15125" y="-0.38375"/>
<p x="0.29625" z="-2.255" y="-0.35125"/>
<p x="0.1" z="-2.175" y="-0.408125"/>
<p x="0.1525" z="-2.28375" y="-0.38"/>
<p x="0.24625" z="-2.15125" y="-0.38375"/>
<p x="0.29625" z="-2.255" y="-0.35125"/>
<p x="0.24625" z="-2.15125" y="-0.38375"/>
<p x="0.1525" z="-2.28375" y="-0.38"/>
<p x="0.1" z="-2.175" y="-0.408125"/>
<p x="0.01375" z="-2.29875" y="-0.395"/>
<p x="0.1525" z="-2.28375" y="-0.38"/>
<p x="-0.07375" z="-2.385" y="-0.353125"/>
<p x="0.05875" z="-2.39375" y="-0.3275"/>
<p x="0.01375" z="-2.29875" y="-0.395"/>
<p x="0.199375" z="-2.35812" y="-0.325625"/>
<p x="0.1525" z="-2.28375" y="-0.38"/>
<p x="0.05875" z="-2.39375" y="-0.3275"/>
<p x="0.01375" z="-2.29875" y="-0.395"/>
<p x="0.05875" z="-2.39375" y="-0.3275"/>
<p x="0.1525" z="-2.28375" y="-0.38"/>
<p x="-0.02" z="-2.68" y="-0.04"/>
<p x="-0.0475" z="-2.50125" y="-0.23375"/>
<p x="-0.20125" z="-2.5175" y="-0.19625"/>
<p x="-0.07375" z="-2.385" y="-0.353125"/>
<p x="-0.17875" z="-2.43125" y="-0.30375"/>
<p x="-0.0475" z="-2.50125" y="-0.23375"/>
<p x="-0.32625" z="-2.41125" y="-0.26875"/>
<p x="-0.20125" z="-2.5175" y="-0.19625"/>
<p x="-0.17875" z="-2.43125" y="-0.30375"/>
<p x="-0.0475" z="-2.50125" y="-0.23375"/>
<p x="-0.17875" z="-2.43125" y="-0.30375"/>
<p x="-0.20125" z="-2.5175" y="-0.19625"/>
<p x="0.199375" z="-2.35812" y="-0.325625"/>
<p x="0.05875" z="-2.39375" y="-0.3275"/>
<p x="0.095" z="-2.49625" y="-0.225"/>
<p x="-0.07375" z="-2.385" y="-0.353125"/>
<p x="-0.0475" z="-2.50125" y="-0.23375"/>
<p x="0.05875" z="-2.39375" y="-0.3275"/>
<p x="-0.02" z="-2.68" y="-0.04"/>
<p x="0.095" z="-2.49625" y="-0.225"/>
<p x="-0.0475" z="-2.50125" y="-0.23375"/>
<p x="0.05875" z="-2.39375" y="-0.3275"/>
<p x="-0.0475" z="-2.50125" y="-0.23375"/>
<p x="0.095" z="-2.49625" y="-0.225"/>
<p x="0.2775" z="-2.48125" y="-0.2325"/>
<p x="0.24375" z="-2.4325" y="-0.26625"/>
<p x="0.135" z="-2.58" y="-0.15"/>
<p x="0.199375" z="-2.35812" y="-0.325625"/>
<p x="0.095" z="-2.49625" y="-0.225"/>
<p x="0.24375" z="-2.4325" y="-0.26625"/>
<p x="-0.02" z="-2.68" y="-0.04"/>
<p x="0.135" z="-2.58" y="-0.15"/>
<p x="0.095" z="-2.49625" y="-0.225"/>
<p x="0.24375" z="-2.4325" y="-0.26625"/>
<p x="0.095" z="-2.49625" y="-0.225"/>
<p x="0.135" z="-2.58" y="-0.15"/>
<p x="0.199375" z="-2.35812" y="-0.325625"/>
<p x="0.24375" z="-2.4325" y="-0.26625"/>
<p x="0.3475" z="-2.32" y="-0.30625"/>
<p x="0.2775" z="-2.48125" y="-0.2325"/>
<p x="0.385" z="-2.415" y="-0.30875"/>
<p x="0.24375" z="-2.4325" y="-0.26625"/>
<p x="0.51875" z="-2.29875" y="-0.296875"/>
<p x="0.3475" z="-2.32" y="-0.30625"/>
<p x="0.385" z="-2.415" y="-0.30875"/>
<p x="0.24375" z="-2.4325" y="-0.26625"/>
<p x="0.385" z="-2.415" y="-0.30875"/>
<p x="0.3475" z="-2.32" y="-0.30625"/>
<p x="0.199375" z="-2.35812" y="-0.325625"/>
<p x="0.3475" z="-2.32" y="-0.30625"/>
<p x="0.29625" z="-2.255" y="-0.35125"/>
<p x="0.51875" z="-2.29875" y="-0.296875"/>
<p x="0.47625" z="-2.205" y="-0.30125"/>
<p x="0.3475" z="-2.32" y="-0.30625"/>
<p x="0.4125" z="-2.1125" y="-0.341875"/>
<p x="0.29625" z="-2.255" y="-0.35125"/>
<p x="0.47625" z="-2.205" y="-0.30125"/>
<p x="0.3475" z="-2.32" y="-0.30625"/>
<p x="0.47625" z="-2.205" y="-0.30125"/>
<p x="0.29625" z="-2.255" y="-0.35125"/>
<p x="0.926273" z="-1.94343" y="-0.211276"/>
<p x="0.64375" z="-2.03375" y="-0.275"/>
<p x="0.71" z="-2.1425" y="-0.27"/>
<p x="0.4125" z="-2.1125" y="-0.341875"/>
<p x="0.47625" z="-2.205" y="-0.30125"/>
<p x="0.64375" z="-2.03375" y="-0.275"/>
<p x="0.51875" z="-2.29875" y="-0.296875"/>
<p x="0.71" z="-2.1425" y="-0.27"/>
<p x="0.47625" z="-2.205" y="-0.30125"/>
<p x="0.64375" z="-2.03375" y="-0.275"/>
<p x="0.47625" z="-2.205" y="-0.30125"/>
<p x="0.71" z="-2.1425" y="-0.27"/>
<p x="-0.359068" z="-0.0935461" y="-0.28"/>
<p x="-0.45875" z="-0.075" y="-0.26875"/>
<p x="-0.37875" z="-0.23" y="-0.3275"/>
<p x="-0.61098" z="-0.0351977" y="-0.217744"/>
<p x="-0.5025" z="-0.24" y="-0.31625"/>
<p x="-0.45875" z="-0.075" y="-0.26875"/>
<p x="-0.398925" z="-0.44088" y="-0.381075"/>
<p x="-0.37875" z="-0.23" y="-0.3275"/>
<p x="-0.5025" z="-0.24" y="-0.31625"/>
<p x="-0.45875" z="-0.075" y="-0.26875"/>
<p x="-0.5025" z="-0.24" y="-0.31625"/>
<p x="-0.37875" z="-0.23" y="-0.3275"/>
<p x="-0.398925" z="-0.44088" y="-0.381075"/>
<p x="-0.5025" z="-0.24" y="-0.31625"/>
<p x="-0.59875" z="-0.4225" y="-0.345"/>
<p x="-0.61098" z="-0.0351977" y="-0.217744"/>
<p x="-0.67125" z="-0.22875" y="-0.26125"/>
<p x="-0.5025" z="-0.24" y="-0.31625"/>
<p x="-0.724531" z="-0.370039" y="-0.285195"/>
<p x="-0.59875" z="-0.4225" y="-0.345"/>
<p x="-0.67125" z="-0.22875" y="-0.26125"/>
<p x="-0.5025" z="-0.24" y="-0.31625"/>
<p x="-0.67125" z="-0.22875" y="-0.26125"/>
<p x="-0.59875" z="-0.4225" y="-0.345"/>
<p x="-0.359068" z="-0.0935461" y="-0.28"/>
<p x="-0.37875" z="-0.23" y="-0.3275"/>
<p x="-0.2825" z="-0.17625" y="-0.305"/>
<p x="-0.398925" z="-0.44088" y="-0.381075"/>
<p x="-0.25375" z="-0.32625" y="-0.355"/>
<p x="-0.37875" z="-0.23" y="-0.3275"/>
<p x="-0.189909" z="-0.234205" y="-0.31075"/>
<p x="-0.2825" z="-0.17625" y="-0.305"/>
<p x="-0.25375" z="-0.32625" y="-0.355"/>
<p x="-0.37875" z="-0.23" y="-0.3275"/>
<p x="-0.25375" z="-0.32625" y="-0.355"/>
<p x="-0.2825" z="-0.17625" y="-0.305"/>
<p x="-0.189909" z="-0.234205" y="-0.31075"/>
<p x="-0.19" z="-0.1325" y="-0.26625"/>
<p x="-0.2825" z="-0.17625" y="-0.305"/>
<p x="-0.195978" z="-0.0516819" y="-0.230841"/>
<p x="-0.27625" z="-0.0575" y="-0.2575"/>
<p x="-0.19" z="-0.1325" y="-0.26625"/>
<p x="-0.359068" z="-0.0935461" y="-0.28"/>
<p x="-0.2825" z="-0.17625" y="-0.305"/>
<p x="-0.27625" z="-0.0575" y="-0.2575"/>
<p x="-0.19" z="-0.1325" y="-0.26625"/>
<p x="-0.27625" z="-0.0575" y="-0.2575"/>
<p x="-0.2825" z="-0.17625" y="-0.305"/>
<p x="-0.00852925" z="-0.138234" y="-0.201961"/>
<p x="-0.115" z="-0.0975" y="-0.22"/>
<p x="-0.095" z="-0.2075" y="-0.27"/>
<p x="-0.195978" z="-0.0516819" y="-0.230841"/>
<p x="-0.19" z="-0.1325" y="-0.26625"/>
<p x="-0.115" z="-0.0975" y="-0.22"/>
<p x="-0.189909" z="-0.234205" y="-0.31075"/>
<p x="-0.095" z="-0.2075" y="-0.27"/>
<p x="-0.19" z="-0.1325" y="-0.26625"/>
<p x="-0.115" z="-0.0975" y="-0.22"/>
<p x="-0.19" z="-0.1325" y="-0.26625"/>
<p x="-0.095" z="-0.2075" y="-0.27"/>
<p x="-0.00852925" z="-0.138234" y="-0.201961"/>
<p x="0.0225" z="-0.27375" y="-0.2825"/>
<p x="0.12125" z="-0.1575" y="-0.225"/>
<p x="0.0423871" z="-0.467596" y="-0.360384"/>
<p x="0.15875" z="-0.2775" y="-0.2925"/>
<p x="0.0225" z="-0.27375" y="-0.2825"/>
<p x="0.268824" z="-0.118139" y="-0.23049"/>
<p x="0.12125" z="-0.1575" y="-0.225"/>
<p x="0.15875" z="-0.2775" y="-0.2925"/>
<p x="0.0225" z="-0.27375" y="-0.2825"/>
<p x="0.15875" z="-0.2775" y="-0.2925"/>
<p x="0.12125" z="-0.1575" y="-0.225"/>
<p x="-0.189909" z="-0.234205" y="-0.31075"/>
<p x="-0.10375" z="-0.33875" y="-0.335"/>
<p x="-0.095" z="-0.2075" y="-0.27"/>
<p x="0.0423871" z="-0.467596" y="-0.360384"/>
<p x="0.0225" z="-0.27375" y="-0.2825"/>
<p x="-0.10375" z="-0.33875" y="-0.335"/>
<p x="-0.00852925" z="-0.138234" y="-0.201961"/>
<p x="-0.095" z="-0.2075" y="-0.27"/>
<p x="0.0225" z="-0.27375" y="-0.2825"/>
<p x="-0.10375" z="-0.33875" y="-0.335"/>
<p x="0.0225" z="-0.27375" y="-0.2825"/>
<p x="-0.095" z="-0.2075" y="-0.27"/>
<p x="-0.398925" z="-0.44088" y="-0.381075"/>
<p x="-0.195" z="-0.4875" y="-0.3875"/>
<p x="-0.25375" z="-0.32625" y="-0.355"/>
<p x="0.0423871" z="-0.467596" y="-0.360384"/>
<p x="-0.10375" z="-0.33875" y="-0.335"/>
<p x="-0.195" z="-0.4875" y="-0.3875"/>
<p x="-0.189909" z="-0.234205" y="-0.31075"/>
<p x="-0.25375" z="-0.32625" y="-0.355"/>
<p x="-0.10375" z="-0.33875" y="-0.335"/>
<p x="-0.195" z="-0.4875" y="-0.3875"/>
<p x="-0.10375" z="-0.33875" y="-0.335"/>
<p x="-0.25375" z="-0.32625" y="-0.355"/>
<p x="-0.36384" z="-0.833749" y="-0.417295"/>
<p x="-0.16375" z="-0.67625" y="-0.4075"/>
<p x="-0.4" z="-0.655" y="-0.40375"/>
<p x="0.0423871" z="-0.467596" y="-0.360384"/>
<p x="-0.195" z="-0.4875" y="-0.3875"/>
<p x="-0.16375" z="-0.67625" y="-0.4075"/>
<p x="-0.398925" z="-0.44088" y="-0.381075"/>
<p x="-0.4" z="-0.655" y="-0.40375"/>
<p x="-0.195" z="-0.4875" y="-0.3875"/>
<p x="-0.16375" z="-0.67625" y="-0.4075"/>
<p x="-0.195" z="-0.4875" y="-0.3875"/>
<p x="-0.4" z="-0.655" y="-0.40375"/>
<p x="0.091875" z="-0.91625" y="-0.408125"/>
<p x="0.06875" z="-0.70125" y="-0.39625"/>
<p x="-0.155" z="-0.885" y="-0.42125"/>
<p x="0.0423871" z="-0.467596" y="-0.360384"/>
<p x="-0.16375" z="-0.67625" y="-0.4075"/>
<p x="0.06875" z="-0.70125" y="-0.39625"/>
<p x="-0.36384" z="-0.833749" y="-0.417295"/>
<p x="-0.155" z="-0.885" y="-0.42125"/>
<p x="-0.16375" z="-0.67625" y="-0.4075"/>
<p x="0.06875" z="-0.70125" y="-0.39625"/>
<p x="-0.16375" z="-0.67625" y="-0.4075"/>
<p x="-0.155" z="-0.885" y="-0.42125"/>
<p x="-0.36384" z="-0.833749" y="-0.417295"/>
<p x="-0.41125" z="-1.0125" y="-0.41375"/>
<p x="-0.155" z="-0.885" y="-0.42125"/>
<p x="-0.425209" z="-1.2728" y="-0.40798"/>
<p x="-0.1425" z="-1.07875" y="-0.42125"/>
<p x="-0.41125" z="-1.0125" y="-0.41375"/>
<p x="0.091875" z="-0.91625" y="-0.408125"/>
<p x="-0.155" z="-0.885" y="-0.42125"/>
<p x="-0.1425" z="-1.07875" y="-0.42125"/>
<p x="-0.41125" z="-1.0125" y="-0.41375"/>
<p x="-0.1425" z="-1.07875" y="-0.42125"/>
<p x="-0.155" z="-0.885" y="-0.42125"/>
<p x="0.091875" z="-0.91625" y="-0.408125"/>
<p x="-0.1425" z="-1.07875" y="-0.42125"/>
<p x="0.12" z="-1.10875" y="-0.405"/>
<p x="-0.425209" z="-1.2728" y="-0.40798"/>
<p x="-0.0775" z="-1.2775" y="-0.4175"/>
<p x="-0.1425" z="-1.07875" y="-0.42125"/>
<p x="0.180625" z="-1.29812" y="-0.398125"/>
<p x="0.12" z="-1.10875" y="-0.405"/>
<p x="-0.0775" z="-1.2775" y="-0.4175"/>
<p x="-0.1425" z="-1.07875" y="-0.42125"/>
<p x="-0.0775" z="-1.2775" y="-0.4175"/>
<p x="0.12" z="-1.10875" y="-0.405"/>
<p x="-0.049375" z="-1.77062" y="-0.425"/>
<p x="0.13375" z="-1.74875" y="-0.4075"/>
<p x="0.04125" z="-1.51" y="-0.415"/>
<p x="0.30375" z="-1.7375" y="-0.373125"/>
<p x="0.24875" z="-1.5225" y="-0.38625"/>
<p x="0.13375" z="-1.74875" y="-0.4075"/>
<p x="0.180625" z="-1.29812" y="-0.398125"/>
<p x="0.04125" z="-1.51" y="-0.415"/>
<p x="0.24875" z="-1.5225" y="-0.38625"/>
<p x="0.13375" z="-1.74875" y="-0.4075"/>
<p x="0.24875" z="-1.5225" y="-0.38625"/>
<p x="0.04125" z="-1.51" y="-0.415"/>
<p x="0.180625" z="-1.29812" y="-0.398125"/>
<p x="-0.0775" z="-1.2775" y="-0.4175"/>
<p x="0.04125" z="-1.51" y="-0.415"/>
<p x="-0.425209" z="-1.2728" y="-0.40798"/>
<p x="-0.19625" z="-1.5275" y="-0.42375"/>
<p x="-0.0775" z="-1.2775" y="-0.4175"/>
<p x="-0.049375" z="-1.77062" y="-0.425"/>
<p x="0.04125" z="-1.51" y="-0.415"/>
<p x="-0.19625" z="-1.5275" y="-0.42375"/>
<p x="-0.0775" z="-1.2775" y="-0.4175"/>
<p x="-0.19625" z="-1.5275" y="-0.42375"/>
<p x="0.04125" z="-1.51" y="-0.415"/>
<p x="-0.049375" z="-1.77062" y="-0.425"/>
<p x="-0.19625" z="-1.5275" y="-0.42375"/>
<p x="-0.2325" z="-1.7775" y="-0.43"/>
<p x="-0.425209" z="-1.2728" y="-0.40798"/>
<p x="-0.41375" z="-1.58125" y="-0.4175"/>
<p x="-0.19625" z="-1.5275" y="-0.42375"/>
<p x="-0.399341" z="-1.7857" y="-0.422432"/>
<p x="-0.2325" z="-1.7775" y="-0.43"/>
<p x="-0.41375" z="-1.58125" y="-0.4175"/>
<p x="-0.19625" z="-1.5275" y="-0.42375"/>
<p x="-0.41375" z="-1.58125" y="-0.4175"/>
<p x="-0.2325" z="-1.7775" y="-0.43"/>
<p x="-0.399341" z="-1.7857" y="-0.422432"/>
<p x="-0.2925" z="-1.95875" y="-0.43125"/>
<p x="-0.2325" z="-1.7775" y="-0.43"/>
<p x="-0.1925" z="-2.14125" y="-0.429375"/>
<p x="-0.1175" z="-1.99125" y="-0.4325"/>
<p x="-0.2925" z="-1.95875" y="-0.43125"/>
<p x="-0.049375" z="-1.77062" y="-0.425"/>
<p x="-0.2325" z="-1.7775" y="-0.43"/>
<p x="-0.1175" z="-1.99125" y="-0.4325"/>
<p x="-0.2925" z="-1.95875" y="-0.43125"/>
<p x="-0.1175" z="-1.99125" y="-0.4325"/>
<p x="-0.2325" z="-1.7775" y="-0.43"/>
<p x="0.1" z="-2.175" y="-0.408125"/>
<p x="0.0375" z="-1.99125" y="-0.42125"/>
<p x="-0.04375" z="-2.17375" y="-0.4225"/>
<p x="-0.049375" z="-1.77062" y="-0.425"/>
<p x="-0.1175" z="-1.99125" y="-0.4325"/>
<p x="0.0375" z="-1.99125" y="-0.42125"/>
<p x="-0.1925" z="-2.14125" y="-0.429375"/>
<p x="-0.04375" z="-2.17375" y="-0.4225"/>
<p x="-0.1175" z="-1.99125" y="-0.4325"/>
<p x="0.0375" z="-1.99125" y="-0.42125"/>
<p x="-0.1175" z="-1.99125" y="-0.4325"/>
<p x="-0.04375" z="-2.17375" y="-0.4225"/>
<p x="0.1" z="-2.175" y="-0.408125"/>
<p x="0.19375" z="-1.97125" y="-0.39875"/>
<p x="0.0375" z="-1.99125" y="-0.42125"/>
<p x="0.30375" z="-1.7375" y="-0.373125"/>
<p x="0.13375" z="-1.74875" y="-0.4075"/>
<p x="0.19375" z="-1.97125" y="-0.39875"/>
<p x="-0.049375" z="-1.77062" y="-0.425"/>
<p x="0.0375" z="-1.99125" y="-0.42125"/>
<p x="0.13375" z="-1.74875" y="-0.4075"/>
<p x="0.19375" z="-1.97125" y="-0.39875"/>
<p x="0.13375" z="-1.74875" y="-0.4075"/>
<p x="0.0375" z="-1.99125" y="-0.42125"/>
<p x="0.4125" z="-2.1125" y="-0.341875"/>
<p x="0.35375" z="-1.9425" y="-0.3625"/>
<p x="0.24625" z="-2.15125" y="-0.38375"/>
<p x="0.30375" z="-1.7375" y="-0.373125"/>
<p x="0.19375" z="-1.97125" y="-0.39875"/>
<p x="0.35375" z="-1.9425" y="-0.3625"/>
<p x="0.1" z="-2.175" y="-0.408125"/>
<p x="0.24625" z="-2.15125" y="-0.38375"/>
<p x="0.19375" z="-1.97125" y="-0.39875"/>
<p x="0.35375" z="-1.9425" y="-0.3625"/>
<p x="0.19375" z="-1.97125" y="-0.39875"/>
<p x="0.24625" z="-2.15125" y="-0.38375"/>
<p x="0.669375" z="-1.69063" y="-0.25875"/>
<p x="0.47875" z="-1.73375" y="-0.32125"/>
<p x="0.54875" z="-1.8975" y="-0.305"/>
<p x="0.30375" z="-1.7375" y="-0.373125"/>
<p x="0.35375" z="-1.9425" y="-0.3625"/>
<p x="0.47875" z="-1.73375" y="-0.32125"/>
<p x="0.4125" z="-2.1125" y="-0.341875"/>
<p x="0.54875" z="-1.8975" y="-0.305"/>
<p x="0.35375" z="-1.9425" y="-0.3625"/>
<p x="0.47875" z="-1.73375" y="-0.32125"/>
<p x="0.35375" z="-1.9425" y="-0.3625"/>
<p x="0.54875" z="-1.8975" y="-0.305"/>
<p x="0.56125" z="-1.45625" y="-0.28625"/>
<p x="0.42875" z="-1.57625" y="-0.335"/>
<p x="0.61" z="-1.5725" y="-0.27125"/>
<p x="0.30375" z="-1.7375" y="-0.373125"/>
<p x="0.47875" z="-1.73375" y="-0.32125"/>
<p x="0.42875" z="-1.57625" y="-0.335"/>
<p x="0.669375" z="-1.69063" y="-0.25875"/>
<p x="0.61" z="-1.5725" y="-0.27125"/>
<p x="0.47875" z="-1.73375" y="-0.32125"/>
<p x="0.42875" z="-1.57625" y="-0.335"/>
<p x="0.47875" z="-1.73375" y="-0.32125"/>
<p x="0.61" z="-1.5725" y="-0.27125"/>
<p x="0.180625" z="-1.29812" y="-0.398125"/>
<p x="0.24875" z="-1.5225" y="-0.38625"/>
<p x="0.37875" z="-1.39375" y="-0.35125"/>
<p x="0.30375" z="-1.7375" y="-0.373125"/>
<p x="0.42875" z="-1.57625" y="-0.335"/>
<p x="0.24875" z="-1.5225" y="-0.38625"/>
<p x="0.56125" z="-1.45625" y="-0.28625"/>
<p x="0.37875" z="-1.39375" y="-0.35125"/>
<p x="0.42875" z="-1.57625" y="-0.335"/>
<p x="0.24875" z="-1.5225" y="-0.38625"/>
<p x="0.42875" z="-1.57625" y="-0.335"/>
<p x="0.37875" z="-1.39375" y="-0.35125"/>
<p x="0.56125" z="-1.45625" y="-0.28625"/>
<p x="0.5175" z="-1.3" y="-0.30375"/>
<p x="0.37875" z="-1.39375" y="-0.35125"/>
<p x="0.459818" z="-1.13459" y="-0.329159"/>
<p x="0.335" z="-1.20875" y="-0.36625"/>
<p x="0.5175" z="-1.3" y="-0.30375"/>
<p x="0.180625" z="-1.29812" y="-0.398125"/>
<p x="0.37875" z="-1.39375" y="-0.35125"/>
<p x="0.335" z="-1.20875" y="-0.36625"/>
<p x="0.5175" z="-1.3" y="-0.30375"/>
<p x="0.335" z="-1.20875" y="-0.36625"/>
<p x="0.37875" z="-1.39375" y="-0.35125"/>
<p x="0.180625" z="-1.29812" y="-0.398125"/>
<p x="0.335" z="-1.20875" y="-0.36625"/>
<p x="0.12" z="-1.10875" y="-0.405"/>
<p x="0.459818" z="-1.13459" y="-0.329159"/>
<p x="0.30375" z="-1.0125" y="-0.3775"/>
<p x="0.335" z="-1.20875" y="-0.36625"/>
<p x="0.091875" z="-0.91625" y="-0.408125"/>
<p x="0.12" z="-1.10875" y="-0.405"/>
<p x="0.30375" z="-1.0125" y="-0.3775"/>
<p x="0.335" z="-1.20875" y="-0.36625"/>
<p x="0.30375" z="-1.0125" y="-0.3775"/>
<p x="0.12" z="-1.10875" y="-0.405"/>
<p x="0.091875" z="-0.91625" y="-0.408125"/>
<p x="0.30375" z="-1.0125" y="-0.3775"/>
<p x="0.28375" z="-0.77625" y="-0.38"/>
<p x="0.459818" z="-1.13459" y="-0.329159"/>
<p x="0.47375" z="-0.92375" y="-0.33125"/>
<p x="0.30375" z="-1.0125" y="-0.3775"/>
<p x="0.474808" z="-0.630017" y="-0.337161"/>
<p x="0.28375" z="-0.77625" y="-0.38"/>
<p x="0.47375" z="-0.92375" y="-0.33125"/>
<p x="0.30375" z="-1.0125" y="-0.3775"/>
<p x="0.47375" z="-0.92375" y="-0.33125"/>
<p x="0.28375" z="-0.77625" y="-0.38"/>
<p x="0.474808" z="-0.630017" y="-0.337161"/>
<p x="0.2525" z="-0.56625" y="-0.36875"/>
<p x="0.28375" z="-0.77625" y="-0.38"/>
<p x="0.0423871" z="-0.467596" y="-0.360384"/>
<p x="0.06875" z="-0.70125" y="-0.39625"/>
<p x="0.2525" z="-0.56625" y="-0.36875"/>
<p x="0.091875" z="-0.91625" y="-0.408125"/>
<p x="0.28375" z="-0.77625" y="-0.38"/>
<p x="0.06875" z="-0.70125" y="-0.39625"/>
<p x="0.2525" z="-0.56625" y="-0.36875"/>
<p x="0.06875" z="-0.70125" y="-0.39625"/>
<p x="0.28375" z="-0.77625" y="-0.38"/>
<p x="0.342734" z="-0.36" y="-0.324258"/>
<p x="0.24125" z="-0.40125" y="-0.34"/>
<p x="0.38375" z="-0.4575" y="-0.3425"/>
<p x="0.0423871" z="-0.467596" y="-0.360384"/>
<p x="0.2525" z="-0.56625" y="-0.36875"/>
<p x="0.24125" z="-0.40125" y="-0.34"/>
<p x="0.474808" z="-0.630017" y="-0.337161"/>
<p x="0.38375" z="-0.4575" y="-0.3425"/>
<p x="0.2525" z="-0.56625" y="-0.36875"/>
<p x="0.24125" z="-0.40125" y="-0.34"/>
<p x="0.2525" z="-0.56625" y="-0.36875"/>
<p x="0.38375" z="-0.4575" y="-0.3425"/>
<p x="0.268824" z="-0.118139" y="-0.23049"/>
<p x="0.15875" z="-0.2775" y="-0.2925"/>
<p x="0.305" z="-0.2625" y="-0.29375"/>
<p x="0.0423871" z="-0.467596" y="-0.360384"/>
<p x="0.24125" z="-0.40125" y="-0.34"/>
<p x="0.15875" z="-0.2775" y="-0.2925"/>
<p x="0.342734" z="-0.36" y="-0.324258"/>
<p x="0.305" z="-0.2625" y="-0.29375"/>
<p x="0.24125" z="-0.40125" y="-0.34"/>
<p x="0.15875" z="-0.2775" y="-0.2925"/>
<p x="0.24125" z="-0.40125" y="-0.34"/>
<p x="0.305" z="-0.2625" y="-0.29375"/>
<p x="0.342734" z="-0.36" y="-0.324258"/>
<p x="0.4325" z="-0.31875" y="-0.3025"/>
<p x="0.305" z="-0.2625" y="-0.29375"/>
<p x="0.545625" z="-0.250625" y="-0.255625"/>
<p x="0.42375" z="-0.1725" y="-0.25"/>
<p x="0.4325" z="-0.31875" y="-0.3025"/>
<p x="0.268824" z="-0.118139" y="-0.23049"/>
<p x="0.305" z="-0.2625" y="-0.29375"/>
<p x="0.42375" z="-0.1725" y="-0.25"/>
<p x="0.4325" z="-0.31875" y="-0.3025"/>
<p x="0.42375" z="-0.1725" y="-0.25"/>
<p x="0.305" z="-0.2625" y="-0.29375"/>
<p x="0.474808" z="-0.630017" y="-0.337161"/>
<p x="0.51625" z="-0.41875" y="-0.3075"/>
<p x="0.38375" z="-0.4575" y="-0.3425"/>
<p x="0.545625" z="-0.250625" y="-0.255625"/>
<p x="0.4325" z="-0.31875" y="-0.3025"/>
<p x="0.51625" z="-0.41875" y="-0.3075"/>
<p x="0.342734" z="-0.36" y="-0.324258"/>
<p x="0.38375" z="-0.4575" y="-0.3425"/>
<p x="0.4325" z="-0.31875" y="-0.3025"/>
<p x="0.51625" z="-0.41875" y="-0.3075"/>
<p x="0.4325" z="-0.31875" y="-0.3025"/>
<p x="0.38375" z="-0.4575" y="-0.3425"/>
<p x="0.711864" z="-0.37075" y="-0.196363"/>
<p x="0.625" z="-0.32375" y="-0.24125"/>
<p x="0.60625" z="-0.47875" y="-0.27875"/>
<p x="0.545625" z="-0.250625" y="-0.255625"/>
<p x="0.51625" z="-0.41875" y="-0.3075"/>
<p x="0.625" z="-0.32375" y="-0.24125"/>
<p x="0.474808" z="-0.630017" y="-0.337161"/>
<p x="0.60625" z="-0.47875" y="-0.27875"/>
<p x="0.51625" z="-0.41875" y="-0.3075"/>
<p x="0.625" z="-0.32375" y="-0.24125"/>
<p x="0.51625" z="-0.41875" y="-0.3075"/>
<p x="0.60625" z="-0.47875" y="-0.27875"/>
<p x="0.474808" z="-0.630017" y="-0.337161"/>
<p x="0.67" z="-0.63375" y="-0.255"/>
<p x="0.60625" z="-0.47875" y="-0.27875"/>
<p x="0.815046" z="-0.599341" y="-0.163931"/>
<p x="0.7575" z="-0.47" y="-0.185"/>
<p x="0.67" z="-0.63375" y="-0.255"/>
<p x="0.711864" z="-0.37075" y="-0.196363"/>
<p x="0.60625" z="-0.47875" y="-0.27875"/>
<p x="0.7575" z="-0.47" y="-0.185"/>
<p x="0.67" z="-0.63375" y="-0.255"/>
<p x="0.7575" z="-0.47" y="-0.185"/>
<p x="0.60625" z="-0.47875" y="-0.27875"/>
<p x="0.80941" z="-1.05813" y="-0.170785"/>
<p x="0.8025" z="-0.80125" y="-0.18"/>
<p x="0.64875" z="-0.86125" y="-0.26"/>
<p x="0.815046" z="-0.599341" y="-0.163931"/>
<p x="0.67" z="-0.63375" y="-0.255"/>
<p x="0.8025" z="-0.80125" y="-0.18"/>
<p x="0.474808" z="-0.630017" y="-0.337161"/>
<p x="0.64875" z="-0.86125" y="-0.26"/>
<p x="0.67" z="-0.63375" y="-0.255"/>
<p x="0.8025" z="-0.80125" y="-0.18"/>
<p x="0.67" z="-0.63375" y="-0.255"/>
<p x="0.64875" z="-0.86125" y="-0.26"/>
<p x="0.474808" z="-0.630017" y="-0.337161"/>
<p x="0.47375" z="-0.92375" y="-0.33125"/>
<p x="0.64875" z="-0.86125" y="-0.26"/>
<p x="0.459818" z="-1.13459" y="-0.329159"/>
<p x="0.62" z="-1.1175" y="-0.265"/>
<p x="0.47375" z="-0.92375" y="-0.33125"/>
<p x="0.80941" z="-1.05813" y="-0.170785"/>
<p x="0.64875" z="-0.86125" y="-0.26"/>
<p x="0.62" z="-1.1175" y="-0.265"/>
<p x="0.47375" z="-0.92375" y="-0.33125"/>
<p x="0.62" z="-1.1175" y="-0.265"/>
<p x="0.64875" z="-0.86125" y="-0.26"/>
<p x="0.80941" z="-1.05813" y="-0.170785"/>
<p x="0.62" z="-1.1175" y="-0.265"/>
<p x="0.69625" z="-1.28375" y="-0.2275"/>
<p x="0.459818" z="-1.13459" y="-0.329159"/>
<p x="0.5175" z="-1.3" y="-0.30375"/>
<p x="0.62" z="-1.1175" y="-0.265"/>
<p x="0.56125" z="-1.45625" y="-0.28625"/>
<p x="0.69625" z="-1.28375" y="-0.2275"/>
<p x="0.5175" z="-1.3" y="-0.30375"/>
<p x="0.62" z="-1.1175" y="-0.265"/>
<p x="0.5175" z="-1.3" y="-0.30375"/>
<p x="0.69625" z="-1.28375" y="-0.2275"/>
<p x="0.56125" z="-1.45625" y="-0.28625"/>
<p x="0.74125" z="-1.39625" y="-0.21375"/>
<p x="0.69625" z="-1.28375" y="-0.2275"/>
<p x="0.915625" z="-1.32875" y="-0.145"/>
<p x="0.86625" z="-1.20875" y="-0.14875"/>
<p x="0.74125" z="-1.39625" y="-0.21375"/>
<p x="0.80941" z="-1.05813" y="-0.170785"/>
<p x="0.69625" z="-1.28375" y="-0.2275"/>
<p x="0.86625" z="-1.20875" y="-0.14875"/>
<p x="0.74125" z="-1.39625" y="-0.21375"/>
<p x="0.86625" z="-1.20875" y="-0.14875"/>
<p x="0.69625" z="-1.28375" y="-0.2275"/>
<p x="0.915625" z="-1.32875" y="-0.145"/>
<p x="0.74125" z="-1.39625" y="-0.21375"/>
<p x="0.7875" z="-1.50625" y="-0.2075"/>
<p x="0.56125" z="-1.45625" y="-0.28625"/>
<p x="0.61" z="-1.5725" y="-0.27125"/>
<p x="0.74125" z="-1.39625" y="-0.21375"/>
<p x="0.669375" z="-1.69063" y="-0.25875"/>
<p x="0.7875" z="-1.50625" y="-0.2075"/>
<p x="0.61" z="-1.5725" y="-0.27125"/>
<p x="0.74125" z="-1.39625" y="-0.21375"/>
<p x="0.61" z="-1.5725" y="-0.27125"/>
<p x="0.7875" z="-1.50625" y="-0.2075"/>
<p x="0.669375" z="-1.69063" y="-0.25875"/>
<p x="0.855" z="-1.645" y="-0.20375"/>
<p x="0.7875" z="-1.50625" y="-0.2075"/>
<p x="1.0143" z="-1.61991" y="-0.157386"/>
<p x="0.9625" z="-1.48375" y="-0.15375"/>
<p x="0.855" z="-1.645" y="-0.20375"/>
<p x="0.915625" z="-1.32875" y="-0.145"/>
<p x="0.7875" z="-1.50625" y="-0.2075"/>
<p x="0.9625" z="-1.48375" y="-0.15375"/>
<p x="0.855" z="-1.645" y="-0.20375"/>
<p x="0.9625" z="-1.48375" y="-0.15375"/>
<p x="0.7875" z="-1.50625" y="-0.2075"/>
<p x="0.926273" z="-1.94343" y="-0.211276"/>
<p x="0.98125" z="-1.76" y="-0.17875"/>
<p x="0.77375" z="-1.83125" y="-0.23875"/>
<p x="1.0143" z="-1.61991" y="-0.157386"/>
<p x="0.855" z="-1.645" y="-0.20375"/>
<p x="0.98125" z="-1.76" y="-0.17875"/>
<p x="0.669375" z="-1.69063" y="-0.25875"/>
<p x="0.77375" z="-1.83125" y="-0.23875"/>
<p x="0.855" z="-1.645" y="-0.20375"/>
<p x="0.98125" z="-1.76" y="-0.17875"/>
<p x="0.855" z="-1.645" y="-0.20375"/>
<p x="0.77375" z="-1.83125" y="-0.23875"/>
<p x="0.4125" z="-2.1125" y="-0.341875"/>
<p x="0.64375" z="-2.03375" y="-0.275"/>
<p x="0.54875" z="-1.8975" y="-0.305"/>
<p x="0.926273" z="-1.94343" y="-0.211276"/>
<p x="0.77375" z="-1.83125" y="-0.23875"/>
<p x="0.64375" z="-2.03375" y="-0.275"/>
<p x="0.669375" z="-1.69063" y="-0.25875"/>
<p x="0.54875" z="-1.8975" y="-0.305"/>
<p x="0.77375" z="-1.83125" y="-0.23875"/>
<p x="0.64375" z="-2.03375" y="-0.275"/>
<p x="0.77375" z="-1.83125" y="-0.23875"/>
<p x="0.54875" z="-1.8975" y="-0.305"/>
<p x="0.76" z="0.22375" y="0.025625"/>
<p x="0.64" z="0.2675" y="-0.05125"/>
<p x="0.66125" z="0.13125" y="-0.0675"/>
<p x="0.53766" z="0.261114" y="-0.10075"/>
<p x="0.54375" z="0.1525" y="-0.11375"/>
<p x="0.64" z="0.2675" y="-0.05125"/>
<p x="0.560625" z="0.03375" y="-0.14875"/>
<p x="0.66125" z="0.13125" y="-0.0675"/>
<p x="0.54375" z="0.1525" y="-0.11375"/>
<p x="0.64" z="0.2675" y="-0.05125"/>
<p x="0.54375" z="0.1525" y="-0.11375"/>
<p x="0.66125" z="0.13125" y="-0.0675"/>
<p x="1.14598" z="-1.04108" y="0.00686349"/>
<p x="0.975" z="-1.05" y="-0.08125"/>
<p x="1.02875" z="-1.18125" y="-0.0775"/>
<p x="0.80941" z="-1.05813" y="-0.170785"/>
<p x="0.86625" z="-1.20875" y="-0.14875"/>
<p x="0.975" z="-1.05" y="-0.08125"/>
<p x="0.915625" z="-1.32875" y="-0.145"/>
<p x="1.02875" z="-1.18125" y="-0.0775"/>
<p x="0.86625" z="-1.20875" y="-0.14875"/>
<p x="0.975" z="-1.05" y="-0.08125"/>
<p x="0.86625" z="-1.20875" y="-0.14875"/>
<p x="1.02875" z="-1.18125" y="-0.0775"/>
<p x="1.14598" z="-1.04108" y="0.00686349"/>
<p x="1.02875" z="-1.18125" y="-0.0775"/>
<p x="1.21125" z="-1.255" y="-0.015"/>
<p x="0.915625" z="-1.32875" y="-0.145"/>
<p x="1.09" z="-1.35125" y="-0.08875"/>
<p x="1.02875" z="-1.18125" y="-0.0775"/>
<p x="1.24468" z="-1.41991" y="-0.0425228"/>
<p x="1.21125" z="-1.255" y="-0.015"/>
<p x="1.09" z="-1.35125" y="-0.08875"/>
<p x="1.02875" z="-1.18125" y="-0.0775"/>
<p x="1.09" z="-1.35125" y="-0.08875"/>
<p x="1.21125" z="-1.255" y="-0.015"/>
<p x="0.915625" z="-1.32875" y="-0.145"/>
<p x="0.9625" z="-1.48375" y="-0.15375"/>
<p x="1.09" z="-1.35125" y="-0.08875"/>
<p x="1.0143" z="-1.61991" y="-0.157386"/>
<p x="1.14125" z="-1.52" y="-0.10375"/>
<p x="0.9625" z="-1.48375" y="-0.15375"/>
<p x="1.24468" z="-1.41991" y="-0.0425228"/>
<p x="1.09" z="-1.35125" y="-0.08875"/>
<p x="1.14125" z="-1.52" y="-0.10375"/>
<p x="0.9625" z="-1.48375" y="-0.15375"/>
<p x="1.14125" z="-1.52" y="-0.10375"/>
<p x="1.09" z="-1.35125" y="-0.08875"/>
<p x="1.24468" z="-1.41991" y="-0.0425228"/>
<p x="1.14125" z="-1.52" y="-0.10375"/>
<p x="1.315" z="-1.54875" y="-0.04125"/>
<p x="1.0143" z="-1.61991" y="-0.157386"/>
<p x="1.16625" z="-1.66625" y="-0.11625"/>
<p x="1.14125" z="-1.52" y="-0.10375"/>
<p x="1.35125" z="-1.68562" y="-0.050625"/>
<p x="1.315" z="-1.54875" y="-0.04125"/>
<p x="1.16625" z="-1.66625" y="-0.11625"/>
<p x="1.14125" z="-1.52" y="-0.10375"/>
<p x="1.16625" z="-1.66625" y="-0.11625"/>
<p x="1.315" z="-1.54875" y="-0.04125"/>
<p x="1.35125" z="-1.68562" y="-0.050625"/>
<p x="1.16625" z="-1.66625" y="-0.11625"/>
<p x="1.1675" z="-1.80375" y="-0.13125"/>
<p x="1.0143" z="-1.61991" y="-0.157386"/>
<p x="0.98125" z="-1.76" y="-0.17875"/>
<p x="1.16625" z="-1.66625" y="-0.11625"/>
<p x="0.926273" z="-1.94343" y="-0.211276"/>
<p x="1.1675" z="-1.80375" y="-0.13125"/>
<p x="0.98125" z="-1.76" y="-0.17875"/>
<p x="1.16625" z="-1.66625" y="-0.11625"/>
<p x="0.98125" z="-1.76" y="-0.17875"/>
<p x="1.1675" z="-1.80375" y="-0.13125"/>
<p x="1.35125" z="-1.68562" y="-0.050625"/>
<p x="1.1675" z="-1.80375" y="-0.13125"/>
<p x="1.375" z="-1.8125" y="-0.065"/>
<p x="0.926273" z="-1.94343" y="-0.211276"/>
<p x="1.17375" z="-1.94125" y="-0.1725"/>
<p x="1.1675" z="-1.80375" y="-0.13125"/>
<p x="1.41637" z="-1.99579" y="-0.115688"/>
<p x="1.375" z="-1.8125" y="-0.065"/>
<p x="1.17375" z="-1.94125" y="-0.1725"/>
<p x="1.1675" z="-1.80375" y="-0.13125"/>
<p x="1.17375" z="-1.94125" y="-0.1725"/>
<p x="1.375" z="-1.8125" y="-0.065"/>
<p x="1.83649" z="-2.25446" y="0.26892"/>
<p x="1.74375" z="-1.93" y="0.195"/>
<p x="1.65375" z="-2.10625" y="0.04"/>
<p x="1.67207" z="-1.76084" y="0.148227"/>
<p x="1.57625" z="-1.865" y="0.04625"/>
<p x="1.74375" z="-1.93" y="0.195"/>
<p x="1.41637" z="-1.99579" y="-0.115688"/>
<p x="1.65375" z="-2.10625" y="0.04"/>
<p x="1.57625" z="-1.865" y="0.04625"/>
<p x="1.74375" z="-1.93" y="0.195"/>
<p x="1.57625" z="-1.865" y="0.04625"/>
<p x="1.65375" z="-2.10625" y="0.04"/>
<p x="1.35125" z="-1.68562" y="-0.050625"/>
<p x="1.375" z="-1.8125" y="-0.065"/>
<p x="1.53125" z="-1.7075" y="0.0425"/>
<p x="1.41637" z="-1.99579" y="-0.115688"/>
<p x="1.57625" z="-1.865" y="0.04625"/>
<p x="1.375" z="-1.8125" y="-0.065"/>
<p x="1.67207" z="-1.76084" y="0.148227"/>
<p x="1.53125" z="-1.7075" y="0.0425"/>
<p x="1.57625" z="-1.865" y="0.04625"/>
<p x="1.375" z="-1.8125" y="-0.065"/>
<p x="1.57625" z="-1.865" y="0.04625"/>
<p x="1.53125" z="-1.7075" y="0.0425"/>
<p x="1.67207" z="-1.76084" y="0.148227"/>
<p x="1.63375" z="-1.595" y="0.15875"/>
<p x="1.53125" z="-1.7075" y="0.0425"/>
<p x="1.54598" z="-1.37941" y="0.155688"/>
<p x="1.4775" z="-1.5575" y="0.045"/>
<p x="1.63375" z="-1.595" y="0.15875"/>
<p x="1.35125" z="-1.68562" y="-0.050625"/>
<p x="1.53125" z="-1.7075" y="0.0425"/>
<p x="1.4775" z="-1.5575" y="0.045"/>
<p x="1.63375" z="-1.595" y="0.15875"/>
<p x="1.4775" z="-1.5575" y="0.045"/>
<p x="1.53125" z="-1.7075" y="0.0425"/>
<p x="1.35125" z="-1.68562" y="-0.050625"/>
<p x="1.4775" z="-1.5575" y="0.045"/>
<p x="1.315" z="-1.54875" y="-0.04125"/>
<p x="1.54598" z="-1.37941" y="0.155688"/>
<p x="1.38" z="-1.4" y="0.03"/>
<p x="1.4775" z="-1.5575" y="0.045"/>
<p x="1.24468" z="-1.41991" y="-0.0425228"/>
<p x="1.315" z="-1.54875" y="-0.04125"/>
<p x="1.38" z="-1.4" y="0.03"/>
<p x="1.4775" z="-1.5575" y="0.045"/>
<p x="1.38" z="-1.4" y="0.03"/>
<p x="1.315" z="-1.54875" y="-0.04125"/>
<p x="1.24468" z="-1.41991" y="-0.0425228"/>
<p x="1.38" z="-1.4" y="0.03"/>
<p x="1.21125" z="-1.255" y="-0.015"/>
<p x="1.54598" z="-1.37941" y="0.155688"/>
<p x="1.3525" z="-1.205" y="0.07625"/>
<p x="1.38" z="-1.4" y="0.03"/>
<p x="1.14598" z="-1.04108" y="0.00686349"/>
<p x="1.21125" z="-1.255" y="-0.015"/>
<p x="1.3525" z="-1.205" y="0.07625"/>
<p x="1.38" z="-1.4" y="0.03"/>
<p x="1.3525" z="-1.205" y="0.07625"/>
<p x="1.21125" z="-1.255" y="-0.015"/>
<p x="1.14598" z="-1.04108" y="0.00686349"/>
<p x="1.3525" z="-1.205" y="0.07625"/>
<p x="1.32625" z="-0.9925" y="0.12125"/>
<p x="1.54598" z="-1.37941" y="0.155688"/>
<p x="1.49375" z="-1.12625" y="0.21125"/>
<p x="1.3525" z="-1.205" y="0.07625"/>
<p x="1.465" z="-0.901875" y="0.260625"/>
<p x="1.32625" z="-0.9925" y="0.12125"/>
<p x="1.49375" z="-1.12625" y="0.21125"/>
<p x="1.3525" z="-1.205" y="0.07625"/>
<p x="1.49375" z="-1.12625" y="0.21125"/>
<p x="1.32625" z="-0.9925" y="0.12125"/>
<p x="1.415" z="-0.405" y="0.37875"/>
<p x="1.3325" z="-0.54125" y="0.2375"/>
<p x="1.45125" z="-0.655" y="0.3225"/>
<p x="1.25234" z="-0.652705" y="0.140841"/>
<p x="1.34625" z="-0.77125" y="0.185"/>
<p x="1.3325" z="-0.54125" y="0.2375"/>
<p x="1.465" z="-0.901875" y="0.260625"/>
<p x="1.45125" z="-0.655" y="0.3225"/>
<p x="1.34625" z="-0.77125" y="0.185"/>
<p x="1.3325" z="-0.54125" y="0.2375"/>
<p x="1.34625" z="-0.77125" y="0.185"/>
<p x="1.45125" z="-0.655" y="0.3225"/>
<p x="1.465" z="-0.901875" y="0.260625"/>
<p x="1.34625" z="-0.77125" y="0.185"/>
<p x="1.32625" z="-0.9925" y="0.12125"/>
<p x="1.25234" z="-0.652705" y="0.140841"/>
<p x="1.20875" z="-0.835" y="0.0775"/>
<p x="1.34625" z="-0.77125" y="0.185"/>
<p x="1.14598" z="-1.04108" y="0.00686349"/>
<p x="1.32625" z="-0.9925" y="0.12125"/>
<p x="1.20875" z="-0.835" y="0.0775"/>
<p x="1.34625" z="-0.77125" y="0.185"/>
<p x="1.20875" z="-0.835" y="0.0775"/>
<p x="1.32625" z="-0.9925" y="0.12125"/>
<p x="1.14598" z="-1.04108" y="0.00686349"/>
<p x="1.20875" z="-0.835" y="0.0775"/>
<p x="1.06875" z="-0.89" y="-0.01375"/>
<p x="1.25234" z="-0.652705" y="0.140841"/>
<p x="1.13875" z="-0.68875" y="0.05875"/>
<p x="1.20875" z="-0.835" y="0.0775"/>
<p x="1.02748" z="-0.75309" y="-0.0232725"/>
<p x="1.06875" z="-0.89" y="-0.01375"/>
<p x="1.13875" z="-0.68875" y="0.05875"/>
<p x="1.20875" z="-0.835" y="0.0775"/>
<p x="1.13875" z="-0.68875" y="0.05875"/>
<p x="1.06875" z="-0.89" y="-0.01375"/>
<p x="0.80941" z="-1.05813" y="-0.170785"/>
<p x="0.975" z="-1.05" y="-0.08125"/>
<p x="0.93875" z="-0.90125" y="-0.095"/>
<p x="1.14598" z="-1.04108" y="0.00686349"/>
<p x="1.06875" z="-0.89" y="-0.01375"/>
<p x="0.975" z="-1.05" y="-0.08125"/>
<p x="1.02748" z="-0.75309" y="-0.0232725"/>
<p x="0.93875" z="-0.90125" y="-0.095"/>
<p x="1.06875" z="-0.89" y="-0.01375"/>
<p x="0.975" z="-1.05" y="-0.08125"/>
<p x="1.06875" z="-0.89" y="-0.01375"/>
<p x="0.93875" z="-0.90125" y="-0.095"/>
<p x="1.02748" z="-0.75309" y="-0.0232725"/>
<p x="0.93" z="-0.67875" y="-0.085"/>
<p x="0.93875" z="-0.90125" y="-0.095"/>
<p x="0.815046" z="-0.599341" y="-0.163931"/>
<p x="0.8025" z="-0.80125" y="-0.18"/>
<p x="0.93" z="-0.67875" y="-0.085"/>
<p x="0.80941" z="-1.05813" y="-0.170785"/>
<p x="0.93875" z="-0.90125" y="-0.095"/>
<p x="0.8025" z="-0.80125" y="-0.18"/>
<p x="0.93" z="-0.67875" y="-0.085"/>
<p x="0.8025" z="-0.80125" y="-0.18"/>
<p x="0.93875" z="-0.90125" y="-0.095"/>
<p x="0.760659" z="-0.0959777" y="-0.0809321"/>
<p x="0.66125" z="-0.1675" y="-0.17625"/>
<p x="0.7575" z="-0.23625" y="-0.12875"/>
<p x="0.545625" z="-0.250625" y="-0.255625"/>
<p x="0.625" z="-0.32375" y="-0.24125"/>
<p x="0.66125" z="-0.1675" y="-0.17625"/>
<p x="0.711864" z="-0.37075" y="-0.196363"/>
<p x="0.7575" z="-0.23625" y="-0.12875"/>
<p x="0.625" z="-0.32375" y="-0.24125"/>
<p x="0.66125" z="-0.1675" y="-0.17625"/>
<p x="0.625" z="-0.32375" y="-0.24125"/>
<p x="0.7575" z="-0.23625" y="-0.12875"/>
<p x="0.711864" z="-0.37075" y="-0.196363"/>
<p x="0.86625" z="-0.3225" y="-0.06625"/>
<p x="0.7575" z="-0.23625" y="-0.12875"/>
<p x="1.06399" z="-0.254932" y="0.122432"/>
<p x="0.88125" z="-0.14125" y="0.0025"/>
<p x="0.86625" z="-0.3225" y="-0.06625"/>
<p x="0.760659" z="-0.0959777" y="-0.0809321"/>
<p x="0.7575" z="-0.23625" y="-0.12875"/>
<p x="0.88125" z="-0.14125" y="0.0025"/>
<p x="0.86625" z="-0.3225" y="-0.06625"/>
<p x="0.88125" z="-0.14125" y="0.0025"/>
<p x="0.7575" z="-0.23625" y="-0.12875"/>
<p x="0.711864" z="-0.37075" y="-0.196363"/>
<p x="0.7575" z="-0.47" y="-0.185"/>
<p x="0.86625" z="-0.3225" y="-0.06625"/>
<p x="0.815046" z="-0.599341" y="-0.163931"/>
<p x="0.9275" z="-0.46" y="-0.05125"/>
<p x="0.7575" z="-0.47" y="-0.185"/>
<p x="1.06399" z="-0.254932" y="0.122432"/>
<p x="0.86625" z="-0.3225" y="-0.06625"/>
<p x="0.9275" z="-0.46" y="-0.05125"/>
<p x="0.7575" z="-0.47" y="-0.185"/>
<p x="0.9275" z="-0.46" y="-0.05125"/>
<p x="0.86625" z="-0.3225" y="-0.06625"/>
<p x="1.06399" z="-0.254932" y="0.122432"/>
<p x="0.9275" z="-0.46" y="-0.05125"/>
<p x="1.055" z="-0.54125" y="0.035"/>
<p x="0.815046" z="-0.599341" y="-0.163931"/>
<p x="0.93" z="-0.67875" y="-0.085"/>
<p x="0.9275" z="-0.46" y="-0.05125"/>
<p x="1.02748" z="-0.75309" y="-0.0232725"/>
<p x="1.055" z="-0.54125" y="0.035"/>
<p x="0.93" z="-0.67875" y="-0.085"/>
<p x="0.9275" z="-0.46" y="-0.05125"/>
<p x="0.93" z="-0.67875" y="-0.085"/>
<p x="1.055" z="-0.54125" y="0.035"/>
<p x="1.02748" z="-0.75309" y="-0.0232725"/>
<p x="1.13875" z="-0.68875" y="0.05875"/>
<p x="1.055" z="-0.54125" y="0.035"/>
<p x="1.25234" z="-0.652705" y="0.140841"/>
<p x="1.1925" z="-0.4825" y="0.1475"/>
<p x="1.13875" z="-0.68875" y="0.05875"/>
<p x="1.06399" z="-0.254932" y="0.122432"/>
<p x="1.055" z="-0.54125" y="0.035"/>
<p x="1.1925" z="-0.4825" y="0.1475"/>
<p x="1.13875" z="-0.68875" y="0.05875"/>
<p x="1.1925" z="-0.4825" y="0.1475"/>
<p x="1.055" z="-0.54125" y="0.035"/>
<p x="1.06399" z="-0.254932" y="0.122432"/>
<p x="1.1925" z="-0.4825" y="0.1475"/>
<p x="1.26875" z="-0.32375" y="0.26625"/>
<p x="1.25234" z="-0.652705" y="0.140841"/>
<p x="1.3325" z="-0.54125" y="0.2375"/>
<p x="1.1925" z="-0.4825" y="0.1475"/>
<p x="1.415" z="-0.405" y="0.37875"/>
<p x="1.26875" z="-0.32375" y="0.26625"/>
<p x="1.3325" z="-0.54125" y="0.2375"/>
<p x="1.1925" z="-0.4825" y="0.1475"/>
<p x="1.3325" z="-0.54125" y="0.2375"/>
<p x="1.26875" z="-0.32375" y="0.26625"/>
<p x="1.415" z="-0.405" y="0.37875"/>
<p x="1.36125" z="-0.175" y="0.4225"/>
<p x="1.26875" z="-0.32375" y="0.26625"/>
<p x="1.30234" z="0.0542047" y="0.46"/>
<p x="1.2025" z="-0.08625" y="0.3025"/>
<p x="1.36125" z="-0.175" y="0.4225"/>
<p x="1.06399" z="-0.254932" y="0.122432"/>
<p x="1.26875" z="-0.32375" y="0.26625"/>
<p x="1.2025" z="-0.08625" y="0.3025"/>
<p x="1.36125" z="-0.175" y="0.4225"/>
<p x="1.2025" z="-0.08625" y="0.3025"/>
<p x="1.26875" z="-0.32375" y="0.26625"/>
<p x="1.06399" z="-0.254932" y="0.122432"/>
<p x="1.2025" z="-0.08625" y="0.3025"/>
<p x="1.0275" z="0.07375" y="0.20875"/>
<p x="1.30234" z="0.0542047" y="0.46"/>
<p x="1.16125" z="0.2025" y="0.3825"/>
<p x="1.2025" z="-0.08625" y="0.3025"/>
<p x="0.989375" z="0.345625" y="0.255625"/>
<p x="1.0275" z="0.07375" y="0.20875"/>
<p x="1.16125" z="0.2025" y="0.3825"/>
<p x="1.2025" z="-0.08625" y="0.3025"/>
<p x="1.16125" z="0.2025" y="0.3825"/>
<p x="1.0275" z="0.07375" y="0.20875"/>
<p x="0.76" z="0.22375" y="0.025625"/>
<p x="0.9075" z="0.0375" y="0.09"/>
<p x="0.86875" z="0.27625" y="0.12125"/>
<p x="1.06399" z="-0.254932" y="0.122432"/>
<p x="1.0275" z="0.07375" y="0.20875"/>
<p x="0.9075" z="0.0375" y="0.09"/>
<p x="0.989375" z="0.345625" y="0.255625"/>
<p x="0.86875" z="0.27625" y="0.12125"/>
<p x="1.0275" z="0.07375" y="0.20875"/>
<p x="0.9075" z="0.0375" y="0.09"/>
<p x="1.0275" z="0.07375" y="0.20875"/>
<p x="0.86875" z="0.27625" y="0.12125"/>
<p x="0.76" z="0.22375" y="0.025625"/>
<p x="0.7825" z="0.0425" y="-0.01375"/>
<p x="0.9075" z="0.0375" y="0.09"/>
<p x="0.760659" z="-0.0959777" y="-0.0809321"/>
<p x="0.88125" z="-0.14125" y="0.0025"/>
<p x="0.7825" z="0.0425" y="-0.01375"/>
<p x="1.06399" z="-0.254932" y="0.122432"/>
<p x="0.9075" z="0.0375" y="0.09"/>
<p x="0.88125" z="-0.14125" y="0.0025"/>
<p x="0.7825" z="0.0425" y="-0.01375"/>
<p x="0.88125" z="-0.14125" y="0.0025"/>
<p x="0.9075" z="0.0375" y="0.09"/>
<p x="0.76" z="0.22375" y="0.025625"/>
<p x="0.66125" z="0.13125" y="-0.0675"/>
<p x="0.7825" z="0.0425" y="-0.01375"/>
<p x="0.560625" z="0.03375" y="-0.14875"/>
<p x="0.67375" z="-0.01625" y="-0.115"/>
<p x="0.66125" z="0.13125" y="-0.0675"/>
<p x="0.760659" z="-0.0959777" y="-0.0809321"/>
<p x="0.7825" z="0.0425" y="-0.01375"/>
<p x="0.67375" z="-0.01625" y="-0.115"/>
<p x="0.66125" z="0.13125" y="-0.0675"/>
<p x="0.67375" z="-0.01625" y="-0.115"/>
<p x="0.7825" z="0.0425" y="-0.01375"/>
<p x="0.560625" z="0.03375" y="-0.14875"/>
<p x="0.5575" z="-0.105" y="-0.19875"/>
<p x="0.67375" z="-0.01625" y="-0.115"/>
<p x="0.545625" z="-0.250625" y="-0.255625"/>
<p x="0.66125" z="-0.1675" y="-0.17625"/>
<p x="0.5575" z="-0.105" y="-0.19875"/>
<p x="0.760659" z="-0.0959777" y="-0.0809321"/>
<p x="0.67375" z="-0.01625" y="-0.115"/>
<p x="0.66125" z="-0.1675" y="-0.17625"/>
<p x="0.5575" z="-0.105" y="-0.19875"/>
<p x="0.66125" z="-0.1675" y="-0.17625"/>
<p x="0.67375" z="-0.01625" y="-0.115"/>
<p x="1.793" z="-1.58327" y="0.422432"/>
<p x="1.75875" z="-1.70875" y="0.27"/>
<p x="1.8275" z="-1.8425" y="0.39125"/>
<p x="1.67207" z="-1.76084" y="0.148227"/>
<p x="1.74375" z="-1.93" y="0.195"/>
<p x="1.75875" z="-1.70875" y="0.27"/>
<p x="1.83649" z="-2.25446" y="0.26892"/>
<p x="1.8275" z="-1.8425" y="0.39125"/>
<p x="1.74375" z="-1.93" y="0.195"/>
<p x="1.75875" z="-1.70875" y="0.27"/>
<p x="1.74375" z="-1.93" y="0.195"/>
<p x="1.8275" z="-1.8425" y="0.39125"/>
<p x="1.793" z="-1.58327" y="0.422432"/>
<p x="1.70375" z="-1.45875" y="0.30625"/>
<p x="1.75875" z="-1.70875" y="0.27"/>
<p x="1.54598" z="-1.37941" y="0.155688"/>
<p x="1.63375" z="-1.595" y="0.15875"/>
<p x="1.70375" z="-1.45875" y="0.30625"/>
<p x="1.67207" z="-1.76084" y="0.148227"/>
<p x="1.75875" z="-1.70875" y="0.27"/>
<p x="1.63375" z="-1.595" y="0.15875"/>
<p x="1.70375" z="-1.45875" y="0.30625"/>
<p x="1.63375" z="-1.595" y="0.15875"/>
<p x="1.75875" z="-1.70875" y="0.27"/>
<p x="1.70216" z="-0.985593" y="0.605983"/>
<p x="1.6425" z="-1.195" y="0.3525"/>
<p x="1.75625" z="-1.3175" y="0.5125"/>
<p x="1.54598" z="-1.37941" y="0.155688"/>
<p x="1.70375" z="-1.45875" y="0.30625"/>
<p x="1.6425" z="-1.195" y="0.3525"/>
<p x="1.793" z="-1.58327" y="0.422432"/>
<p x="1.75625" z="-1.3175" y="0.5125"/>
<p x="1.70375" z="-1.45875" y="0.30625"/>
<p x="1.6425" z="-1.195" y="0.3525"/>
<p x="1.70375" z="-1.45875" y="0.30625"/>
<p x="1.75625" z="-1.3175" y="0.5125"/>
<p x="1.465" z="-0.901875" y="0.260625"/>
<p x="1.49375" z="-1.12625" y="0.21125"/>
<p x="1.59375" z="-0.95" y="0.40125"/>
<p x="1.54598" z="-1.37941" y="0.155688"/>
<p x="1.6425" z="-1.195" y="0.3525"/>
<p x="1.49375" z="-1.12625" y="0.21125"/>
<p x="1.70216" z="-0.985593" y="0.605983"/>
<p x="1.59375" z="-0.95" y="0.40125"/>
<p x="1.6425" z="-1.195" y="0.3525"/>
<p x="1.49375" z="-1.12625" y="0.21125"/>
<p x="1.6425" z="-1.195" y="0.3525"/>
<p x="1.59375" z="-0.95" y="0.40125"/>
<p x="1.60889" z="-0.545978" y="0.631591"/>
<p x="1.55875" z="-0.72375" y="0.445"/>
<p x="1.64875" z="-0.73" y="0.6325"/>
<p x="1.465" z="-0.901875" y="0.260625"/>
<p x="1.59375" z="-0.95" y="0.40125"/>
<p x="1.55875" z="-0.72375" y="0.445"/>
<p x="1.70216" z="-0.985593" y="0.605983"/>
<p x="1.64875" z="-0.73" y="0.6325"/>
<p x="1.59375" z="-0.95" y="0.40125"/>
<p x="1.55875" z="-0.72375" y="0.445"/>
<p x="1.59375" z="-0.95" y="0.40125"/>
<p x="1.64875" z="-0.73" y="0.6325"/>
<p x="1.60889" z="-0.545978" y="0.631591"/>
<p x="1.52875" z="-0.47875" y="0.50125"/>
<p x="1.55875" z="-0.72375" y="0.445"/>
<p x="1.415" z="-0.405" y="0.37875"/>
<p x="1.45125" z="-0.655" y="0.3225"/>
<p x="1.52875" z="-0.47875" y="0.50125"/>
<p x="1.465" z="-0.901875" y="0.260625"/>
<p x="1.55875" z="-0.72375" y="0.445"/>
<p x="1.45125" z="-0.655" y="0.3225"/>
<p x="1.52875" z="-0.47875" y="0.50125"/>
<p x="1.45125" z="-0.655" y="0.3225"/>
<p x="1.55875" z="-0.72375" y="0.445"/>
<p x="1.5275" z="-0.07" y="0.760625"/>
<p x="1.4875" z="-0.23625" y="0.5575"/>
<p x="1.58375" z="-0.3325" y="0.71375"/>
<p x="1.415" z="-0.405" y="0.37875"/>
<p x="1.52875" z="-0.47875" y="0.50125"/>
<p x="1.4875" z="-0.23625" y="0.5575"/>
<p x="1.60889" z="-0.545978" y="0.631591"/>
<p x="1.58375" z="-0.3325" y="0.71375"/>
<p x="1.52875" z="-0.47875" y="0.50125"/>
<p x="1.4875" z="-0.23625" y="0.5575"/>
<p x="1.52875" z="-0.47875" y="0.50125"/>
<p x="1.58375" z="-0.3325" y="0.71375"/>
<p x="1.5275" z="-0.07" y="0.760625"/>
<p x="1.425" z="0.03" y="0.59875"/>
<p x="1.4875" z="-0.23625" y="0.5575"/>
<p x="1.30234" z="0.0542047" y="0.46"/>
<p x="1.36125" z="-0.175" y="0.4225"/>
<p x="1.425" z="0.03" y="0.59875"/>
<p x="1.415" z="-0.405" y="0.37875"/>
<p x="1.4875" z="-0.23625" y="0.5575"/>
<p x="1.36125" z="-0.175" y="0.4225"/>
<p x="1.425" z="0.03" y="0.59875"/>
<p x="1.36125" z="-0.175" y="0.4225"/>
<p x="1.4875" z="-0.23625" y="0.5575"/>
<p x="1.4775" z="0.2125" y="1.23687"/>
<p x="1.53" z="0.06625" y="0.99125"/>
<p x="1.56375" z="-0.12875" y="1.20375"/>
<p x="1.5275" z="-0.07" y="0.760625"/>
<p x="1.6025" z="-0.2475" y="0.955"/>
<p x="1.53" z="0.06625" y="0.99125"/>
<p x="1.64035" z="-0.479599" y="1.16239"/>
<p x="1.56375" z="-0.12875" y="1.20375"/>
<p x="1.6025" z="-0.2475" y="0.955"/>
<p x="1.53" z="0.06625" y="0.99125"/>
<p x="1.6025" z="-0.2475" y="0.955"/>
<p x="1.56375" z="-0.12875" y="1.20375"/>
<p x="1.60889" z="-0.545978" y="0.631591"/>
<p x="1.64875" z="-0.50375" y="0.845"/>
<p x="1.58375" z="-0.3325" y="0.71375"/>
<p x="1.64035" z="-0.479599" y="1.16239"/>
<p x="1.6025" z="-0.2475" y="0.955"/>
<p x="1.64875" z="-0.50375" y="0.845"/>
<p x="1.5275" z="-0.07" y="0.760625"/>
<p x="1.58375" z="-0.3325" y="0.71375"/>
<p x="1.6025" z="-0.2475" y="0.955"/>
<p x="1.64875" z="-0.50375" y="0.845"/>
<p x="1.6025" z="-0.2475" y="0.955"/>
<p x="1.58375" z="-0.3325" y="0.71375"/>
<p x="1.60889" z="-0.545978" y="0.631591"/>
<p x="1.64875" z="-0.73" y="0.6325"/>
<p x="1.64875" z="-0.50375" y="0.845"/>
<p x="1.70216" z="-0.985593" y="0.605983"/>
<p x="1.69375" z="-0.725" y="0.8675"/>
<p x="1.64875" z="-0.73" y="0.6325"/>
<p x="1.64035" z="-0.479599" y="1.16239"/>
<p x="1.64875" z="-0.50375" y="0.845"/>
<p x="1.69375" z="-0.725" y="0.8675"/>
<p x="1.64875" z="-0.73" y="0.6325"/>
<p x="1.69375" z="-0.725" y="0.8675"/>
<p x="1.64875" z="-0.50375" y="0.845"/>
<p x="1.7275" z="-1.03" y="1.12563"/>
<p x="1.70375" z="-0.77625" y="1.095"/>
<p x="1.74625" z="-0.985" y="0.87375"/>
<p x="1.64035" z="-0.479599" y="1.16239"/>
<p x="1.69375" z="-0.725" y="0.8675"/>
<p x="1.70375" z="-0.77625" y="1.095"/>
<p x="1.70216" z="-0.985593" y="0.605983"/>
<p x="1.74625" z="-0.985" y="0.87375"/>
<p x="1.69375" z="-0.725" y="0.8675"/>
<p x="1.70375" z="-0.77625" y="1.095"/>
<p x="1.69375" z="-0.725" y="0.8675"/>
<p x="1.74625" z="-0.985" y="0.87375"/>
<p x="1.7275" z="-1.03" y="1.12563"/>
<p x="1.74625" z="-0.985" y="0.87375"/>
<p x="1.77625" z="-1.28125" y="1.01"/>
<p x="1.70216" z="-0.985593" y="0.605983"/>
<p x="1.78875" z="-1.25875" y="0.75125"/>
<p x="1.74625" z="-0.985" y="0.87375"/>
<p x="1.83063" z="-1.58375" y="0.866875"/>
<p x="1.77625" z="-1.28125" y="1.01"/>
<p x="1.78875" z="-1.25875" y="0.75125"/>
<p x="1.74625" z="-0.985" y="0.87375"/>
<p x="1.78875" z="-1.25875" y="0.75125"/>
<p x="1.77625" z="-1.28125" y="1.01"/>
<p x="1.793" z="-1.58327" y="0.422432"/>
<p x="1.82875" z="-1.5725" y="0.61375"/>
<p x="1.75625" z="-1.3175" y="0.5125"/>
<p x="1.83063" z="-1.58375" y="0.866875"/>
<p x="1.78875" z="-1.25875" y="0.75125"/>
<p x="1.82875" z="-1.5725" y="0.61375"/>
<p x="1.70216" z="-0.985593" y="0.605983"/>
<p x="1.75625" z="-1.3175" y="0.5125"/>
<p x="1.78875" z="-1.25875" y="0.75125"/>
<p x="1.82875" z="-1.5725" y="0.61375"/>
<p x="1.78875" z="-1.25875" y="0.75125"/>
<p x="1.75625" z="-1.3175" y="0.5125"/>
<p x="1.793" z="-1.58327" y="0.422432"/>
<p x="1.8275" z="-1.8425" y="0.39125"/>
<p x="1.82875" z="-1.5725" y="0.61375"/>
<p x="1.83649" z="-2.25446" y="0.26892"/>
<p x="1.86" z="-1.91875" y="0.58375"/>
<p x="1.8275" z="-1.8425" y="0.39125"/>
<p x="1.83063" z="-1.58375" y="0.866875"/>
<p x="1.82875" z="-1.5725" y="0.61375"/>
<p x="1.86" z="-1.91875" y="0.58375"/>
<p x="1.8275" z="-1.8425" y="0.39125"/>
<p x="1.86" z="-1.91875" y="0.58375"/>
<p x="1.82875" z="-1.5725" y="0.61375"/>
<p x="1.83649" z="-2.25446" y="0.26892"/>
<p x="1.88625" z="-2.305" y="0.5475"/>
<p x="1.86" z="-1.91875" y="0.58375"/>
<p x="1.85861" z="-2.31797" y="0.806798"/>
<p x="1.85" z="-1.98125" y="0.8375"/>
<p x="1.88625" z="-2.305" y="0.5475"/>
<p x="1.83063" z="-1.58375" y="0.866875"/>
<p x="1.86" z="-1.91875" y="0.58375"/>
<p x="1.85" z="-1.98125" y="0.8375"/>
<p x="1.88625" z="-2.305" y="0.5475"/>
<p x="1.85" z="-1.98125" y="0.8375"/>
<p x="1.86" z="-1.91875" y="0.58375"/>
<p x="1.5997" z="-1.62069" y="1.52176"/>
<p x="1.7625" z="-1.625" y="1.1525"/>
<p x="1.76" z="-2.02375" y="1.1425"/>
<p x="1.83063" z="-1.58375" y="0.866875"/>
<p x="1.85" z="-1.98125" y="0.8375"/>
<p x="1.7625" z="-1.625" y="1.1525"/>
<p x="1.85861" z="-2.31797" y="0.806798"/>
<p x="1.76" z="-2.02375" y="1.1425"/>
<p x="1.85" z="-1.98125" y="0.8375"/>
<p x="1.7625" z="-1.625" y="1.1525"/>
<p x="1.85" z="-1.98125" y="0.8375"/>
<p x="1.76" z="-2.02375" y="1.1425"/>
<p x="1.5997" z="-1.62069" y="1.52176"/>
<p x="1.76" z="-2.02375" y="1.1425"/>
<p x="1.595" z="-2.02125" y="1.48375"/>
<p x="1.85861" z="-2.31797" y="0.806798"/>
<p x="1.7725" z="-2.3825" y="1.06875"/>
<p x="1.76" z="-2.02375" y="1.1425"/>
<p x="1.58312" z="-2.41523" y="1.45725"/>
<p x="1.595" z="-2.02125" y="1.48375"/>
<p x="1.7725" z="-2.3825" y="1.06875"/>
<p x="1.76" z="-2.02375" y="1.1425"/>
<p x="1.7725" z="-2.3825" y="1.06875"/>
<p x="1.595" z="-2.02125" y="1.48375"/>
<p x="1.155" z="-1.68875" y="2.1375"/>
<p x="1.21625" z="-1.44" y="2.09375"/>
<p x="1.38625" z="-1.6725" y="1.84875"/>
<p x="1.26562" z="-1.20812" y="2.05437"/>
<p x="1.40625" z="-1.3875" y="1.85875"/>
<p x="1.21625" z="-1.44" y="2.09375"/>
<p x="1.5997" z="-1.62069" y="1.52176"/>
<p x="1.38625" z="-1.6725" y="1.84875"/>
<p x="1.40625" z="-1.3875" y="1.85875"/>
<p x="1.21625" z="-1.44" y="2.09375"/>
<p x="1.40625" z="-1.3875" y="1.85875"/>
<p x="1.38625" z="-1.6725" y="1.84875"/>
<p x="1.5997" z="-1.62069" y="1.52176"/>
<p x="1.595" z="-2.02125" y="1.48375"/>
<p x="1.38625" z="-1.6725" y="1.84875"/>
<p x="1.58312" z="-2.41523" y="1.45725"/>
<p x="1.36" z="-1.97875" y="1.84375"/>
<p x="1.595" z="-2.02125" y="1.48375"/>
<p x="1.155" z="-1.68875" y="2.1375"/>
<p x="1.38625" z="-1.6725" y="1.84875"/>
<p x="1.36" z="-1.97875" y="1.84375"/>
<p x="1.595" z="-2.02125" y="1.48375"/>
<p x="1.36" z="-1.97875" y="1.84375"/>
<p x="1.38625" z="-1.6725" y="1.84875"/>
<p x="1.03125" z="-2.21125" y="2.24125"/>
<p x="1.10625" z="-1.95" y="2.17625"/>
<p x="1.28375" z="-2.26125" y="1.91375"/>
<p x="1.155" z="-1.68875" y="2.1375"/>
<p x="1.36" z="-1.97875" y="1.84375"/>
<p x="1.10625" z="-1.95" y="2.17625"/>
<p x="1.58312" z="-2.41523" y="1.45725"/>
<p x="1.28375" z="-2.26125" y="1.91375"/>
<p x="1.36" z="-1.97875" y="1.84375"/>
<p x="1.10625" z="-1.95" y="2.17625"/>
<p x="1.36" z="-1.97875" y="1.84375"/>
<p x="1.28375" z="-2.26125" y="1.91375"/>
<p x="1.155" z="-1.68875" y="2.1375"/>
<p x="1.10625" z="-1.95" y="2.17625"/>
<p x="0.96625" z="-1.7925" y="2.33625"/>
<p x="1.03125" z="-2.21125" y="2.24125"/>
<p x="0.90125" z="-2.045" y="2.3875"/>
<p x="1.10625" z="-1.95" y="2.17625"/>
<p x="0.79625" z="-1.95" y="2.46188"/>
<p x="0.96625" z="-1.7925" y="2.33625"/>
<p x="0.90125" z="-2.045" y="2.3875"/>
<p x="1.10625" z="-1.95" y="2.17625"/>
<p x="0.90125" z="-2.045" y="2.3875"/>
<p x="0.96625" z="-1.7925" y="2.33625"/>
<p x="1.155" z="-1.68875" y="2.1375"/>
<p x="1.035" z="-1.53375" y="2.27625"/>
<p x="1.21625" z="-1.44" y="2.09375"/>
<p x="0.933125" z="-1.39437" y="2.33875"/>
<p x="1.105" z="-1.28" y="2.2125"/>
<p x="1.035" z="-1.53375" y="2.27625"/>
<p x="1.26562" z="-1.20812" y="2.05437"/>
<p x="1.21625" z="-1.44" y="2.09375"/>
<p x="1.105" z="-1.28" y="2.2125"/>
<p x="1.035" z="-1.53375" y="2.27625"/>
<p x="1.105" z="-1.28" y="2.2125"/>
<p x="1.21625" z="-1.44" y="2.09375"/>
<p x="0.933125" z="-1.39437" y="2.33875"/>
<p x="1.035" z="-1.53375" y="2.27625"/>
<p x="0.8575" z="-1.6775" y="2.40625"/>
<p x="1.155" z="-1.68875" y="2.1375"/>
<p x="0.96625" z="-1.7925" y="2.33625"/>
<p x="1.035" z="-1.53375" y="2.27625"/>
<p x="0.79625" z="-1.95" y="2.46188"/>
<p x="0.8575" z="-1.6775" y="2.40625"/>
<p x="0.96625" z="-1.7925" y="2.33625"/>
<p x="1.035" z="-1.53375" y="2.27625"/>
<p x="0.96625" z="-1.7925" y="2.33625"/>
<p x="0.8575" z="-1.6775" y="2.40625"/>
<p x="0.79625" z="-1.95" y="2.46188"/>
<p x="0.66875" z="-1.805" y="2.51125"/>
<p x="0.8575" z="-1.6775" y="2.40625"/>
<p x="0.483137" z="-1.66863" y="2.53353"/>
<p x="0.72625" z="-1.52125" y="2.45"/>
<p x="0.66875" z="-1.805" y="2.51125"/>
<p x="0.933125" z="-1.39437" y="2.33875"/>
<p x="0.8575" z="-1.6775" y="2.40625"/>
<p x="0.72625" z="-1.52125" y="2.45"/>
<p x="0.66875" z="-1.805" y="2.51125"/>
<p x="0.72625" z="-1.52125" y="2.45"/>
<p x="0.8575" z="-1.6775" y="2.40625"/>
<p x="0.483137" z="-1.66863" y="2.53353"/>
<p x="0.575" z="-1.33375" y="2.445"/>
<p x="0.72625" z="-1.52125" y="2.45"/>
<p x="0.668125" z="-1.06125" y="2.37375"/>
<p x="0.80875" z="-1.2225" y="2.37375"/>
<p x="0.575" z="-1.33375" y="2.445"/>
<p x="0.933125" z="-1.39437" y="2.33875"/>
<p x="0.72625" z="-1.52125" y="2.45"/>
<p x="0.80875" z="-1.2225" y="2.37375"/>
<p x="0.575" z="-1.33375" y="2.445"/>
<p x="0.80875" z="-1.2225" y="2.37375"/>
<p x="0.72625" z="-1.52125" y="2.45"/>
<p x="1.83063" z="-1.58375" y="0.866875"/>
<p x="1.7625" z="-1.625" y="1.1525"/>
<p x="1.77625" z="-1.28125" y="1.01"/>
<p x="1.5997" z="-1.62069" y="1.52176"/>
<p x="1.68625" z="-1.30625" y="1.31375"/>
<p x="1.7625" z="-1.625" y="1.1525"/>
<p x="1.7275" z="-1.03" y="1.12563"/>
<p x="1.77625" z="-1.28125" y="1.01"/>
<p x="1.68625" z="-1.30625" y="1.31375"/>
<p x="1.7625" z="-1.625" y="1.1525"/>
<p x="1.68625" z="-1.30625" y="1.31375"/>
<p x="1.77625" z="-1.28125" y="1.01"/>
<p x="1.49438" z="-0.99625" y="1.71562"/>
<p x="1.62375" z="-1.05" y="1.435"/>
<p x="1.5425" z="-1.255" y="1.6325"/>
<p x="1.7275" z="-1.03" y="1.12563"/>
<p x="1.68625" z="-1.30625" y="1.31375"/>
<p x="1.62375" z="-1.05" y="1.435"/>
<p x="1.5997" z="-1.62069" y="1.52176"/>
<p x="1.5425" z="-1.255" y="1.6325"/>
<p x="1.68625" z="-1.30625" y="1.31375"/>
<p x="1.62375" z="-1.05" y="1.435"/>
<p x="1.68625" z="-1.30625" y="1.31375"/>
<p x="1.5425" z="-1.255" y="1.6325"/>
<p x="1.7275" z="-1.03" y="1.12563"/>
<p x="1.65875" z="-0.86125" y="1.32875"/>
<p x="1.70375" z="-0.77625" y="1.095"/>
<p x="1.59637" z="-0.78668" y="1.4752"/>
<p x="1.6275" z="-0.68375" y="1.3575"/>
<p x="1.65875" z="-0.86125" y="1.32875"/>
<p x="1.64035" z="-0.479599" y="1.16239"/>
<p x="1.70375" z="-0.77625" y="1.095"/>
<p x="1.6275" z="-0.68375" y="1.3575"/>
<p x="1.65875" z="-0.86125" y="1.32875"/>
<p x="1.6275" z="-0.68375" y="1.3575"/>
<p x="1.70375" z="-0.77625" y="1.095"/>
<p x="1.49438" z="-0.99625" y="1.71562"/>
<p x="1.56" z="-0.87125" y="1.575"/>
<p x="1.62375" z="-1.05" y="1.435"/>
<p x="1.59637" z="-0.78668" y="1.4752"/>
<p x="1.65875" z="-0.86125" y="1.32875"/>
<p x="1.56" z="-0.87125" y="1.575"/>
<p x="1.7275" z="-1.03" y="1.12563"/>
<p x="1.62375" z="-1.05" y="1.435"/>
<p x="1.65875" z="-0.86125" y="1.32875"/>
<p x="1.56" z="-0.87125" y="1.575"/>
<p x="1.65875" z="-0.86125" y="1.32875"/>
<p x="1.62375" z="-1.05" y="1.435"/>
<p x="1.43853" z="-0.596468" y="1.72333"/>
<p x="1.535" z="-0.715" y="1.5875"/>
<p x="1.46375" z="-0.81" y="1.74875"/>
<p x="1.59637" z="-0.78668" y="1.4752"/>
<p x="1.56" z="-0.87125" y="1.575"/>
<p x="1.535" z="-0.715" y="1.5875"/>
<p x="1.49438" z="-0.99625" y="1.71562"/>
<p x="1.46375" z="-0.81" y="1.74875"/>
<p x="1.56" z="-0.87125" y="1.575"/>
<p x="1.535" z="-0.715" y="1.5875"/>
<p x="1.56" z="-0.87125" y="1.575"/>
<p x="1.46375" z="-0.81" y="1.74875"/>
<p x="1.43853" z="-0.596468" y="1.72333"/>
<p x="1.54" z="-0.5175" y="1.4875"/>
<p x="1.535" z="-0.715" y="1.5875"/>
<p x="1.64035" z="-0.479599" y="1.16239"/>
<p x="1.6275" z="-0.68375" y="1.3575"/>
<p x="1.54" z="-0.5175" y="1.4875"/>
<p x="1.59637" z="-0.78668" y="1.4752"/>
<p x="1.535" z="-0.715" y="1.5875"/>
<p x="1.6275" z="-0.68375" y="1.3575"/>
<p x="1.54" z="-0.5175" y="1.4875"/>
<p x="1.6275" z="-0.68375" y="1.3575"/>
<p x="1.535" z="-0.715" y="1.5875"/>
<p x="1.64035" z="-0.479599" y="1.16239"/>
<p x="1.5175" z="-0.25125" y="1.43"/>
<p x="1.56375" z="-0.12875" y="1.20375"/>
<p x="1.39589" z="-0.0534549" y="1.61384"/>
<p x="1.43875" z="0.08" y="1.45625"/>
<p x="1.5175" z="-0.25125" y="1.43"/>
<p x="1.4775" z="0.2125" y="1.23687"/>
<p x="1.56375" z="-0.12875" y="1.20375"/>
<p x="1.43875" z="0.08" y="1.45625"/>
<p x="1.5175" z="-0.25125" y="1.43"/>
<p x="1.43875" z="0.08" y="1.45625"/>
<p x="1.56375" z="-0.12875" y="1.20375"/>
<p x="1.64035" z="-0.479599" y="1.16239"/>
<p x="1.54" z="-0.5175" y="1.4875"/>
<p x="1.5175" z="-0.25125" y="1.43"/>
<p x="1.43853" z="-0.596468" y="1.72333"/>
<p x="1.43" z="-0.3275" y="1.65"/>
<p x="1.54" z="-0.5175" y="1.4875"/>
<p x="1.39589" z="-0.0534549" y="1.61384"/>
<p x="1.5175" z="-0.25125" y="1.43"/>
<p x="1.43" z="-0.3275" y="1.65"/>
<p x="1.54" z="-0.5175" y="1.4875"/>
<p x="1.43" z="-0.3275" y="1.65"/>
<p x="1.5175" z="-0.25125" y="1.43"/>
<p x="1.39589" z="-0.0534549" y="1.61384"/>
<p x="1.43" z="-0.3275" y="1.65"/>
<p x="1.32" z="-0.06125" y="1.76"/>
<p x="1.43853" z="-0.596468" y="1.72333"/>
<p x="1.35625" z="-0.3625" y="1.7925"/>
<p x="1.43" z="-0.3275" y="1.65"/>
<p x="1.26188" z="-0.143125" y="1.85938"/>
<p x="1.32" z="-0.06125" y="1.76"/>
<p x="1.35625" z="-0.3625" y="1.7925"/>
<p x="1.43" z="-0.3275" y="1.65"/>
<p x="1.35625" z="-0.3625" y="1.7925"/>
<p x="1.32" z="-0.06125" y="1.76"/>
<p x="1.29273" z="-0.510313" y="1.9009"/>
<p x="1.285" z="-0.375" y="1.88"/>
<p x="1.3525" z="-0.5575" y="1.84375"/>
<p x="1.26188" z="-0.143125" y="1.85938"/>
<p x="1.35625" z="-0.3625" y="1.7925"/>
<p x="1.285" z="-0.375" y="1.88"/>
<p x="1.43853" z="-0.596468" y="1.72333"/>
<p x="1.3525" z="-0.5575" y="1.84375"/>
<p x="1.35625" z="-0.3625" y="1.7925"/>
<p x="1.285" z="-0.375" y="1.88"/>
<p x="1.35625" z="-0.3625" y="1.7925"/>
<p x="1.3525" z="-0.5575" y="1.84375"/>
<p x="1.29273" z="-0.510313" y="1.9009"/>
<p x="1.225" z="-0.4525" y="1.96"/>
<p x="1.285" z="-0.375" y="1.88"/>
<p x="1.09412" z="-0.375298" y="2.05098"/>
<p x="1.18625" z="-0.24" y="1.95375"/>
<p x="1.225" z="-0.4525" y="1.96"/>
<p x="1.26188" z="-0.143125" y="1.85938"/>
<p x="1.285" z="-0.375" y="1.88"/>
<p x="1.18625" z="-0.24" y="1.95375"/>
<p x="1.225" z="-0.4525" y="1.96"/>
<p x="1.18625" z="-0.24" y="1.95375"/>
<p x="1.285" z="-0.375" y="1.88"/>
<p x="1.29273" z="-0.510313" y="1.9009"/>
<p x="1.3" z="-0.645" y="1.9325"/>
<p x="1.225" z="-0.4525" y="1.96"/>
<p x="1.30375" z="-0.829375" y="1.9825"/>
<p x="1.2025" z="-0.62375" y="2.03125"/>
<p x="1.3" z="-0.645" y="1.9325"/>
<p x="1.09412" z="-0.375298" y="2.05098"/>
<p x="1.225" z="-0.4525" y="1.96"/>
<p x="1.2025" z="-0.62375" y="2.03125"/>
<p x="1.3" z="-0.645" y="1.9325"/>
<p x="1.2025" z="-0.62375" y="2.03125"/>
<p x="1.225" z="-0.4525" y="1.96"/>
<p x="1.43853" z="-0.596468" y="1.72333"/>
<p x="1.38375" z="-0.75" y="1.8575"/>
<p x="1.3525" z="-0.5575" y="1.84375"/>
<p x="1.30375" z="-0.829375" y="1.9825"/>
<p x="1.3" z="-0.645" y="1.9325"/>
<p x="1.38375" z="-0.75" y="1.8575"/>
<p x="1.29273" z="-0.510313" y="1.9009"/>
<p x="1.3525" z="-0.5575" y="1.84375"/>
<p x="1.3" z="-0.645" y="1.9325"/>
<p x="1.38375" z="-0.75" y="1.8575"/>
<p x="1.3" z="-0.645" y="1.9325"/>
<p x="1.3525" z="-0.5575" y="1.84375"/>
<p x="1.43853" z="-0.596468" y="1.72333"/>
<p x="1.46375" z="-0.81" y="1.74875"/>
<p x="1.38375" z="-0.75" y="1.8575"/>
<p x="1.49438" z="-0.99625" y="1.71562"/>
<p x="1.3925" z="-0.925" y="1.88375"/>
<p x="1.46375" z="-0.81" y="1.74875"/>
<p x="1.30375" z="-0.829375" y="1.9825"/>
<p x="1.38375" z="-0.75" y="1.8575"/>
<p x="1.3925" z="-0.925" y="1.88375"/>
<p x="1.46375" z="-0.81" y="1.74875"/>
<p x="1.3925" z="-0.925" y="1.88375"/>
<p x="1.38375" z="-0.75" y="1.8575"/>
<p x="1.49438" z="-0.99625" y="1.71562"/>
<p x="1.5425" z="-1.255" y="1.6325"/>
<p x="1.40125" z="-1.13125" y="1.88125"/>
<p x="1.5997" z="-1.62069" y="1.52176"/>
<p x="1.40625" z="-1.3875" y="1.85875"/>
<p x="1.5425" z="-1.255" y="1.6325"/>
<p x="1.26562" z="-1.20812" y="2.05437"/>
<p x="1.40125" z="-1.13125" y="1.88125"/>
<p x="1.40625" z="-1.3875" y="1.85875"/>
<p x="1.5425" z="-1.255" y="1.6325"/>
<p x="1.40625" z="-1.3875" y="1.85875"/>
<p x="1.40125" z="-1.13125" y="1.88125"/>
<p x="1.30375" z="-0.829375" y="1.9825"/>
<p x="1.3925" z="-0.925" y="1.88375"/>
<p x="1.29" z="-1.00375" y="2.025"/>
<p x="1.49438" z="-0.99625" y="1.71562"/>
<p x="1.40125" z="-1.13125" y="1.88125"/>
<p x="1.3925" z="-0.925" y="1.88375"/>
<p x="1.26562" z="-1.20812" y="2.05437"/>
<p x="1.29" z="-1.00375" y="2.025"/>
<p x="1.40125" z="-1.13125" y="1.88125"/>
<p x="1.3925" z="-0.925" y="1.88375"/>
<p x="1.40125" z="-1.13125" y="1.88125"/>
<p x="1.29" z="-1.00375" y="2.025"/>
<p x="1.26562" z="-1.20812" y="2.05437"/>
<p x="1.105" z="-1.28" y="2.2125"/>
<p x="1.1575" z="-1.03875" y="2.1525"/>
<p x="0.933125" z="-1.39437" y="2.33875"/>
<p x="0.99875" z="-1.10875" y="2.26875"/>
<p x="1.105" z="-1.28" y="2.2125"/>
<p x="1.04438" z="-0.851875" y="2.20375"/>
<p x="1.1575" z="-1.03875" y="2.1525"/>
<p x="0.99875" z="-1.10875" y="2.26875"/>
<p x="1.105" z="-1.28" y="2.2125"/>
<p x="0.99875" z="-1.10875" y="2.26875"/>
<p x="1.1575" z="-1.03875" y="2.1525"/>
<p x="1.26562" z="-1.20812" y="2.05437"/>
<p x="1.1575" z="-1.03875" y="2.1525"/>
<p x="1.29" z="-1.00375" y="2.025"/>
<p x="1.04438" z="-0.851875" y="2.20375"/>
<p x="1.18875" z="-0.82625" y="2.095"/>
<p x="1.1575" z="-1.03875" y="2.1525"/>
<p x="1.30375" z="-0.829375" y="1.9825"/>
<p x="1.29" z="-1.00375" y="2.025"/>
<p x="1.18875" z="-0.82625" y="2.095"/>
<p x="1.1575" z="-1.03875" y="2.1525"/>
<p x="1.18875" z="-0.82625" y="2.095"/>
<p x="1.29" z="-1.00375" y="2.025"/>
<p x="1.04438" z="-0.851875" y="2.20375"/>
<p x="1.0725" z="-0.625" y="2.13375"/>
<p x="1.18875" z="-0.82625" y="2.095"/>
<p x="1.09412" z="-0.375298" y="2.05098"/>
<p x="1.2025" z="-0.62375" y="2.03125"/>
<p x="1.0725" z="-0.625" y="2.13375"/>
<p x="1.30375" z="-0.829375" y="1.9825"/>
<p x="1.18875" z="-0.82625" y="2.095"/>
<p x="1.2025" z="-0.62375" y="2.03125"/>
<p x="1.0725" z="-0.625" y="2.13375"/>
<p x="1.2025" z="-0.62375" y="2.03125"/>
<p x="1.18875" z="-0.82625" y="2.095"/>
<p x="1.04438" z="-0.851875" y="2.20375"/>
<p x="0.91375" z="-0.7275" y="2.2425"/>
<p x="1.0725" z="-0.625" y="2.13375"/>
<p x="0.791773" z="-0.657386" y="2.25804"/>
<p x="0.93625" z="-0.5" y="2.1675"/>
<p x="0.91375" z="-0.7275" y="2.2425"/>
<p x="1.09412" z="-0.375298" y="2.05098"/>
<p x="1.0725" z="-0.625" y="2.13375"/>
<p x="0.93625" z="-0.5" y="2.1675"/>
<p x="0.91375" z="-0.7275" y="2.2425"/>
<p x="0.93625" z="-0.5" y="2.1675"/>
<p x="1.0725" z="-0.625" y="2.13375"/>
<p x="0.668125" z="-1.06125" y="2.37375"/>
<p x="0.8725" z="-0.9525" y="2.305"/>
<p x="0.80875" z="-1.2225" y="2.37375"/>
<p x="1.04438" z="-0.851875" y="2.20375"/>
<p x="0.99875" z="-1.10875" y="2.26875"/>
<p x="0.8725" z="-0.9525" y="2.305"/>
<p x="0.933125" z="-1.39437" y="2.33875"/>
<p x="0.80875" z="-1.2225" y="2.37375"/>
<p x="0.99875" z="-1.10875" y="2.26875"/>
<p x="0.8725" z="-0.9525" y="2.305"/>
<p x="0.99875" z="-1.10875" y="2.26875"/>
<p x="0.80875" z="-1.2225" y="2.37375"/>
<p x="1.04438" z="-0.851875" y="2.20375"/>
<p x="0.8725" z="-0.9525" y="2.305"/>
<p x="0.91375" z="-0.7275" y="2.2425"/>
<p x="0.668125" z="-1.06125" y="2.37375"/>
<p x="0.73375" z="-0.84875" y="2.32"/>
<p x="0.8725" z="-0.9525" y="2.305"/>
<p x="0.791773" z="-0.657386" y="2.25804"/>
<p x="0.91375" z="-0.7275" y="2.2425"/>
<p x="0.73375" z="-0.84875" y="2.32"/>
<p x="0.8725" z="-0.9525" y="2.305"/>
<p x="0.73375" z="-0.84875" y="2.32"/>
<p x="0.91375" z="-0.7275" y="2.2425"/>
<p x="0.764997" z="-0.15951" y="2.12569"/>
<p x="0.9375" z="-0.25875" y="2.0975"/>
<p x="0.77625" z="-0.46" y="2.195"/>
<p x="1.09412" z="-0.375298" y="2.05098"/>
<p x="0.93625" z="-0.5" y="2.1675"/>
<p x="0.9375" z="-0.25875" y="2.0975"/>
<p x="0.791773" z="-0.657386" y="2.25804"/>
<p x="0.77625" z="-0.46" y="2.195"/>
<p x="0.93625" z="-0.5" y="2.1675"/>
<p x="0.9375" z="-0.25875" y="2.0975"/>
<p x="0.93625" z="-0.5" y="2.1675"/>
<p x="0.77625" z="-0.46" y="2.195"/>
<p x="0.136875" z="-1.25" y="2.37812"/>
<p x="0.41125" z="-1.1525" y="2.39"/>
<p x="0.31375" z="-1.43375" y="2.46125"/>
<p x="0.668125" z="-1.06125" y="2.37375"/>
<p x="0.575" z="-1.33375" y="2.445"/>
<p x="0.41125" z="-1.1525" y="2.39"/>
<p x="0.483137" z="-1.66863" y="2.53353"/>
<p x="0.31375" z="-1.43375" y="2.46125"/>
<p x="0.575" z="-1.33375" y="2.445"/>
<p x="0.41125" z="-1.1525" y="2.39"/>
<p x="0.575" z="-1.33375" y="2.445"/>
<p x="0.31375" z="-1.43375" y="2.46125"/>
<p x="0.668125" z="-1.06125" y="2.37375"/>
<p x="0.52" z="-0.9425" y="2.34375"/>
<p x="0.73375" z="-0.84875" y="2.32"/>
<p x="0.382841" z="-0.794112" y="2.29872"/>
<p x="0.6275" z="-0.72" y="2.2875"/>
<p x="0.52" z="-0.9425" y="2.34375"/>
<p x="0.791773" z="-0.657386" y="2.25804"/>
<p x="0.73375" z="-0.84875" y="2.32"/>
<p x="0.6275" z="-0.72" y="2.2875"/>
<p x="0.52" z="-0.9425" y="2.34375"/>
<p x="0.6275" z="-0.72" y="2.2875"/>
<p x="0.73375" z="-0.84875" y="2.32"/>
<p x="0.136875" z="-1.25" y="2.37812"/>
<p x="0.23375" z="-1.03375" y="2.3425"/>
<p x="0.41125" z="-1.1525" y="2.39"/>
<p x="0.382841" z="-0.794112" y="2.29872"/>
<p x="0.52" z="-0.9425" y="2.34375"/>
<p x="0.23375" z="-1.03375" y="2.3425"/>
<p x="0.668125" z="-1.06125" y="2.37375"/>
<p x="0.41125" z="-1.1525" y="2.39"/>
<p x="0.52" z="-0.9425" y="2.34375"/>
<p x="0.23375" z="-1.03375" y="2.3425"/>
<p x="0.52" z="-0.9425" y="2.34375"/>
<p x="0.41125" z="-1.1525" y="2.39"/>
<p x="0.136875" z="-1.25" y="2.37812"/>
<p x="-0.06" z="-1.14875" y="2.34"/>
<p x="0.23375" z="-1.03375" y="2.3425"/>
<p x="-0.309458" z="-1.05466" y="2.33223"/>
<p x="0.045" z="-0.95625" y="2.3225"/>
<p x="-0.06" z="-1.14875" y="2.34"/>
<p x="0.382841" z="-0.794112" y="2.29872"/>
<p x="0.23375" z="-1.03375" y="2.3425"/>
<p x="0.045" z="-0.95625" y="2.3225"/>
<p x="-0.06" z="-1.14875" y="2.34"/>
<p x="0.045" z="-0.95625" y="2.3225"/>
<p x="0.23375" z="-1.03375" y="2.3425"/>
<p x="0.764997" z="-0.15951" y="2.12569"/>
<p x="0.77625" z="-0.46" y="2.195"/>
<p x="0.585" z="-0.4625" y="2.21625"/>
<p x="0.791773" z="-0.657386" y="2.25804"/>
<p x="0.6275" z="-0.72" y="2.2875"/>
<p x="0.77625" z="-0.46" y="2.195"/>
<p x="0.382841" z="-0.794112" y="2.29872"/>
<p x="0.585" z="-0.4625" y="2.21625"/>
<p x="0.6275" z="-0.72" y="2.2875"/>
<p x="0.77625" z="-0.46" y="2.195"/>
<p x="0.6275" z="-0.72" y="2.2875"/>
<p x="0.585" z="-0.4625" y="2.21625"/>
<p x="0.764997" z="-0.15951" y="2.12569"/>
<p x="0.585" z="-0.4625" y="2.21625"/>
<p x="0.53375" z="-0.1475" y="2.17"/>
<p x="0.382841" z="-0.794112" y="2.29872"/>
<p x="0.385" z="-0.42125" y="2.23125"/>
<p x="0.585" z="-0.4625" y="2.21625"/>
<p x="0.303956" z="-0.0681153" y="2.18561"/>
<p x="0.53375" z="-0.1475" y="2.17"/>
<p x="0.385" z="-0.42125" y="2.23125"/>
<p x="0.585" z="-0.4625" y="2.21625"/>
<p x="0.385" z="-0.42125" y="2.23125"/>
<p x="0.53375" z="-0.1475" y="2.17"/>
<p x="0.0757813" z="-0.636992" y="2.26879"/>
<p x="0.18875" z="-0.41875" y="2.2375"/>
<p x="0.185" z="-0.70125" y="2.2825"/>
<p x="0.303956" z="-0.0681153" y="2.18561"/>
<p x="0.385" z="-0.42125" y="2.23125"/>
<p x="0.18875" z="-0.41875" y="2.2375"/>
<p x="0.382841" z="-0.794112" y="2.29872"/>
<p x="0.185" z="-0.70125" y="2.2825"/>
<p x="0.385" z="-0.42125" y="2.23125"/>
<p x="0.18875" z="-0.41875" y="2.2375"/>
<p x="0.385" z="-0.42125" y="2.23125"/>
<p x="0.185" z="-0.70125" y="2.2825"/>
<p x="0.0757813" z="-0.636992" y="2.26879"/>
<p x="0.185" z="-0.70125" y="2.2825"/>
<p x="-0.06625" z="-0.82375" y="2.2975"/>
<p x="0.382841" z="-0.794112" y="2.29872"/>
<p x="0.045" z="-0.95625" y="2.3225"/>
<p x="0.185" z="-0.70125" y="2.2825"/>
<p x="-0.309458" z="-1.05466" y="2.33223"/>
<p x="-0.06625" z="-0.82375" y="2.2975"/>
<p x="0.045" z="-0.95625" y="2.3225"/>
<p x="0.185" z="-0.70125" y="2.2825"/>
<p x="0.045" z="-0.95625" y="2.3225"/>
<p x="-0.06625" z="-0.82375" y="2.2975"/>
<p x="0.303956" z="-0.0681153" y="2.18561"/>
<p x="0.18875" z="-0.41875" y="2.2375"/>
<p x="0.0625" z="-0.30375" y="2.21"/>
<p x="0.0757813" z="-0.636992" y="2.26879"/>
<p x="-0.0325" z="-0.5775" y="2.25625"/>
<p x="0.18875" z="-0.41875" y="2.2375"/>
<p x="-0.165625" z="-0.5" y="2.23937"/>
<p x="0.0625" z="-0.30375" y="2.21"/>
<p x="-0.0325" z="-0.5775" y="2.25625"/>
<p x="0.18875" z="-0.41875" y="2.2375"/>
<p x="-0.0325" z="-0.5775" y="2.25625"/>
<p x="0.0625" z="-0.30375" y="2.21"/>
<p x="0.303956" z="-0.0681153" y="2.18561"/>
<p x="0.0625" z="-0.30375" y="2.21"/>
<p x="0.09375" z="-0.11" y="2.16875"/>
<p x="-0.165625" z="-0.5" y="2.23937"/>
<p x="-0.08875" z="-0.2975" y="2.19125"/>
<p x="0.0625" z="-0.30375" y="2.21"/>
<p x="-0.0533637" z="-0.135998" y="2.15589"/>
<p x="0.09375" z="-0.11" y="2.16875"/>
<p x="-0.08875" z="-0.2975" y="2.19125"/>
<p x="0.0625" z="-0.30375" y="2.21"/>
<p x="-0.08875" z="-0.2975" y="2.19125"/>
<p x="0.09375" z="-0.11" y="2.16875"/>
<p x="-0.348125" z="-0.18375" y="2.18438"/>
<p x="-0.195" z="-0.18125" y="2.16625"/>
<p x="-0.27125" z="-0.375" y="2.215"/>
<p x="-0.0533637" z="-0.135998" y="2.15589"/>
<p x="-0.08875" z="-0.2975" y="2.19125"/>
<p x="-0.195" z="-0.18125" y="2.16625"/>
<p x="-0.165625" z="-0.5" y="2.23937"/>
<p x="-0.27125" z="-0.375" y="2.215"/>
<p x="-0.08875" z="-0.2975" y="2.19125"/>
<p x="-0.195" z="-0.18125" y="2.16625"/>
<p x="-0.08875" z="-0.2975" y="2.19125"/>
<p x="-0.27125" z="-0.375" y="2.215"/>
<p x="0.0757813" z="-0.636992" y="2.26879"/>
<p x="-0.06625" z="-0.82375" y="2.2975"/>
<p x="-0.0325" z="-0.5775" y="2.25625"/>
<p x="-0.309458" z="-1.05466" y="2.33223"/>
<p x="-0.2525" z="-0.765" y="2.29"/>
<p x="-0.06625" z="-0.82375" y="2.2975"/>
<p x="-0.165625" z="-0.5" y="2.23937"/>
<p x="-0.0325" z="-0.5775" y="2.25625"/>
<p x="-0.2525" z="-0.765" y="2.29"/>
<p x="-0.06625" z="-0.82375" y="2.2975"/>
<p x="-0.2525" z="-0.765" y="2.29"/>
<p x="-0.0325" z="-0.5775" y="2.25625"/>
<p x="-0.309458" z="-1.05466" y="2.33223"/>
<p x="-0.54625" z="-1.015" y="2.35625"/>
<p x="-0.445" z="-0.84125" y="2.3225"/>
<p x="-0.747212" z="-1.00483" y="2.37918"/>
<p x="-0.615" z="-0.8425" y="2.35"/>
<p x="-0.54625" z="-1.015" y="2.35625"/>
<p x="-0.527549" z="-0.634017" y="2.2997"/>
<p x="-0.445" z="-0.84125" y="2.3225"/>
<p x="-0.615" z="-0.8425" y="2.35"/>
<p x="-0.54625" z="-1.015" y="2.35625"/>
<p x="-0.615" z="-0.8425" y="2.35"/>
<p x="-0.445" z="-0.84125" y="2.3225"/>
<p x="-0.527549" z="-0.634017" y="2.2997"/>
<p x="-0.35375" z="-0.60125" y="2.27125"/>
<p x="-0.445" z="-0.84125" y="2.3225"/>
<p x="-0.165625" z="-0.5" y="2.23937"/>
<p x="-0.2525" z="-0.765" y="2.29"/>
<p x="-0.35375" z="-0.60125" y="2.27125"/>
<p x="-0.309458" z="-1.05466" y="2.33223"/>
<p x="-0.445" z="-0.84125" y="2.3225"/>
<p x="-0.2525" z="-0.765" y="2.29"/>
<p x="-0.35375" z="-0.60125" y="2.27125"/>
<p x="-0.2525" z="-0.765" y="2.29"/>
<p x="-0.445" z="-0.84125" y="2.3225"/>
<p x="-0.348125" z="-0.18375" y="2.18438"/>
<p x="-0.27125" z="-0.375" y="2.215"/>
<p x="-0.425" z="-0.4025" y="2.2375"/>
<p x="-0.165625" z="-0.5" y="2.23937"/>
<p x="-0.35375" z="-0.60125" y="2.27125"/>
<p x="-0.27125" z="-0.375" y="2.215"/>
<p x="-0.527549" z="-0.634017" y="2.2997"/>
<p x="-0.425" z="-0.4025" y="2.2375"/>
<p x="-0.35375" z="-0.60125" y="2.27125"/>
<p x="-0.27125" z="-0.375" y="2.215"/>
<p x="-0.35375" z="-0.60125" y="2.27125"/>
<p x="-0.425" z="-0.4025" y="2.2375"/>
<p x="-0.348125" z="-0.18375" y="2.18438"/>
<p x="-0.425" z="-0.4025" y="2.2375"/>
<p x="-0.48375" z="-0.18125" y="2.1975"/>
<p x="-0.527549" z="-0.634017" y="2.2997"/>
<p x="-0.5475" z="-0.38375" y="2.2425"/>
<p x="-0.425" z="-0.4025" y="2.2375"/>
<p x="-0.582523" z="-0.185319" y="2.20177"/>
<p x="-0.48375" z="-0.18125" y="2.1975"/>
<p x="-0.5475" z="-0.38375" y="2.2425"/>
<p x="-0.425" z="-0.4025" y="2.2375"/>
<p x="-0.5475" z="-0.38375" y="2.2425"/>
<p x="-0.48375" z="-0.18125" y="2.1975"/>
<p x="-0.711773" z="-0.438227" y="2.26"/>
<p x="-0.64625" z="-0.32" y="2.23"/>
<p x="-0.62875" z="-0.52375" y="2.2825"/>
<p x="-0.582523" z="-0.185319" y="2.20177"/>
<p x="-0.5475" z="-0.38375" y="2.2425"/>
<p x="-0.64625" z="-0.32" y="2.23"/>
<p x="-0.527549" z="-0.634017" y="2.2997"/>
<p x="-0.62875" z="-0.52375" y="2.2825"/>
<p x="-0.5475" z="-0.38375" y="2.2425"/>
<p x="-0.64625" z="-0.32" y="2.23"/>
<p x="-0.5475" z="-0.38375" y="2.2425"/>
<p x="-0.62875" z="-0.52375" y="2.2825"/>
<p x="-0.582523" z="-0.185319" y="2.20177"/>
<p x="-0.64625" z="-0.32" y="2.23"/>
<p x="-0.67375" z="-0.12125" y="2.19125"/>
<p x="-0.711773" z="-0.438227" y="2.26"/>
<p x="-0.75625" z="-0.28625" y="2.22125"/>
<p x="-0.64625" z="-0.32" y="2.23"/>
<p x="-0.783125" z="-0.1025" y="2.1875"/>
<p x="-0.67375" z="-0.12125" y="2.19125"/>
<p x="-0.75625" z="-0.28625" y="2.22125"/>
<p x="-0.64625" z="-0.32" y="2.23"/>
<p x="-0.75625" z="-0.28625" y="2.22125"/>
<p x="-0.67375" z="-0.12125" y="2.19125"/>
<p x="-0.787751" z="-0.682249" y="2.33393"/>
<p x="-0.885" z="-0.585" y="2.29875"/>
<p x="-0.735" z="-0.57875" y="2.30375"/>
<p x="-0.935522" z="-0.447953" y="2.25327"/>
<p x="-0.82125" z="-0.45375" y="2.2625"/>
<p x="-0.885" z="-0.585" y="2.29875"/>
<p x="-0.711773" z="-0.438227" y="2.26"/>
<p x="-0.735" z="-0.57875" y="2.30375"/>
<p x="-0.82125" z="-0.45375" y="2.2625"/>
<p x="-0.885" z="-0.585" y="2.29875"/>
<p x="-0.82125" z="-0.45375" y="2.2625"/>
<p x="-0.735" z="-0.57875" y="2.30375"/>
<p x="-0.711773" z="-0.438227" y="2.26"/>
<p x="-0.62875" z="-0.52375" y="2.2825"/>
<p x="-0.735" z="-0.57875" y="2.30375"/>
<p x="-0.527549" z="-0.634017" y="2.2997"/>
<p x="-0.66375" z="-0.69375" y="2.3325"/>
<p x="-0.62875" z="-0.52375" y="2.2825"/>
<p x="-0.787751" z="-0.682249" y="2.33393"/>
<p x="-0.735" z="-0.57875" y="2.30375"/>
<p x="-0.66375" z="-0.69375" y="2.3325"/>
<p x="-0.62875" z="-0.52375" y="2.2825"/>
<p x="-0.66375" z="-0.69375" y="2.3325"/>
<p x="-0.735" z="-0.57875" y="2.30375"/>
<p x="-0.527549" z="-0.634017" y="2.2997"/>
<p x="-0.615" z="-0.8425" y="2.35"/>
<p x="-0.66375" z="-0.69375" y="2.3325"/>
<p x="-0.747212" z="-1.00483" y="2.37918"/>
<p x="-0.7775" z="-0.79875" y="2.35375"/>
<p x="-0.615" z="-0.8425" y="2.35"/>
<p x="-0.787751" z="-0.682249" y="2.33393"/>
<p x="-0.66375" z="-0.69375" y="2.3325"/>
<p x="-0.7775" z="-0.79875" y="2.35375"/>
<p x="-0.615" z="-0.8425" y="2.35"/>
<p x="-0.7775" z="-0.79875" y="2.35375"/>
<p x="-0.66375" z="-0.69375" y="2.3325"/>
<p x="-1.17197" z="-0.621986" y="2.25998"/>
<p x="-0.945" z="-0.6875" y="2.3175"/>
<p x="-0.96625" z="-0.835" y="2.34"/>
<p x="-0.787751" z="-0.682249" y="2.33393"/>
<p x="-0.7775" z="-0.79875" y="2.35375"/>
<p x="-0.945" z="-0.6875" y="2.3175"/>
<p x="-0.747212" z="-1.00483" y="2.37918"/>
<p x="-0.96625" z="-0.835" y="2.34"/>
<p x="-0.7775" z="-0.79875" y="2.35375"/>
<p x="-0.945" z="-0.6875" y="2.3175"/>
<p x="-0.7775" z="-0.79875" y="2.35375"/>
<p x="-0.96625" z="-0.835" y="2.34"/>
<p x="-1.18437" z="-1.13062" y="2.36437"/>
<p x="-1.18375" z="-0.8975" y="2.3125"/>
<p x="-0.97625" z="-1.03375" y="2.37625"/>
<p x="-1.17197" z="-0.621986" y="2.25998"/>
<p x="-0.96625" z="-0.835" y="2.34"/>
<p x="-1.18375" z="-0.8975" y="2.3125"/>
<p x="-0.747212" z="-1.00483" y="2.37918"/>
<p x="-0.97625" z="-1.03375" y="2.37625"/>
<p x="-0.96625" z="-0.835" y="2.34"/>
<p x="-1.18375" z="-0.8975" y="2.3125"/>
<p x="-0.96625" z="-0.835" y="2.34"/>
<p x="-0.97625" z="-1.03375" y="2.37625"/>
<p x="-1.17197" z="-0.621986" y="2.25998"/>
<p x="-1.02875" z="-0.51625" y="2.2625"/>
<p x="-0.945" z="-0.6875" y="2.3175"/>
<p x="-0.935522" z="-0.447953" y="2.25327"/>
<p x="-0.885" z="-0.585" y="2.29875"/>
<p x="-1.02875" z="-0.51625" y="2.2625"/>
<p x="-0.787751" z="-0.682249" y="2.33393"/>
<p x="-0.945" z="-0.6875" y="2.3175"/>
<p x="-0.885" z="-0.585" y="2.29875"/>
<p x="-1.02875" z="-0.51625" y="2.2625"/>
<p x="-0.885" z="-0.585" y="2.29875"/>
<p x="-0.945" z="-0.6875" y="2.3175"/>
<p x="-0.711773" z="-0.438227" y="2.26"/>
<p x="-0.82125" z="-0.45375" y="2.2625"/>
<p x="-0.75625" z="-0.28625" y="2.22125"/>
<p x="-0.935522" z="-0.447953" y="2.25327"/>
<p x="-0.875" z="-0.285" y="2.21625"/>
<p x="-0.82125" z="-0.45375" y="2.2625"/>
<p x="-0.783125" z="-0.1025" y="2.1875"/>
<p x="-0.75625" z="-0.28625" y="2.22125"/>
<p x="-0.875" z="-0.285" y="2.21625"/>
<p x="-0.82125" z="-0.45375" y="2.2625"/>
<p x="-0.875" z="-0.285" y="2.21625"/>
<p x="-0.75625" z="-0.28625" y="2.22125"/>
<p x="-0.783125" z="-0.1025" y="2.1875"/>
<p x="-0.875" z="-0.285" y="2.21625"/>
<p x="-0.885" z="-0.08625" y="2.17875"/>
<p x="-0.935522" z="-0.447953" y="2.25327"/>
<p x="-0.98375" z="-0.2975" y="2.21"/>
<p x="-0.875" z="-0.285" y="2.21625"/>
<p x="-0.98875" z="-0.09375" y="2.16875"/>
<p x="-0.885" z="-0.08625" y="2.17875"/>
<p x="-0.98375" z="-0.2975" y="2.21"/>
<p x="-0.875" z="-0.285" y="2.21625"/>
<p x="-0.98375" z="-0.2975" y="2.21"/>
<p x="-0.885" z="-0.08625" y="2.17875"/>
<p x="-0.98875" z="-0.09375" y="2.16875"/>
<p x="-0.98375" z="-0.2975" y="2.21"/>
<p x="-1.08875" z="-0.3425" y="2.21375"/>
<p x="-0.935522" z="-0.447953" y="2.25327"/>
<p x="-1.02875" z="-0.51625" y="2.2625"/>
<p x="-0.98375" z="-0.2975" y="2.21"/>
<p x="-1.17197" z="-0.621986" y="2.25998"/>
<p x="-1.08875" z="-0.3425" y="2.21375"/>
<p x="-1.02875" z="-0.51625" y="2.2625"/>
<p x="-0.98375" z="-0.2975" y="2.21"/>
<p x="-1.02875" z="-0.51625" y="2.2625"/>
<p x="-1.08875" z="-0.3425" y="2.21375"/>
<p x="-1.21682" z="-0.156454" y="2.15468"/>
<p x="-1.0975" z="-0.14125" y="2.17625"/>
<p x="-1.22125" z="-0.3525" y="2.19375"/>
<p x="-0.98875" z="-0.09375" y="2.16875"/>
<p x="-1.08875" z="-0.3425" y="2.21375"/>
<p x="-1.0975" z="-0.14125" y="2.17625"/>
<p x="-1.17197" z="-0.621986" y="2.25998"/>
<p x="-1.22125" z="-0.3525" y="2.19375"/>
<p x="-1.08875" z="-0.3425" y="2.21375"/>
<p x="-1.0975" z="-0.14125" y="2.17625"/>
<p x="-1.08875" z="-0.3425" y="2.21375"/>
<p x="-1.22125" z="-0.3525" y="2.19375"/>
<p x="-1.18437" z="-1.13062" y="2.36437"/>
<p x="-1.395" z="-1.04875" y="2.275"/>
<p x="-1.18375" z="-0.8975" y="2.3125"/>
<p x="-1.58438" z="-0.97625" y="2.1625"/>
<p x="-1.4025" z="-0.78" y="2.21125"/>
<p x="-1.395" z="-1.04875" y="2.275"/>
<p x="-1.17197" z="-0.621986" y="2.25998"/>
<p x="-1.18375" z="-0.8975" y="2.3125"/>
<p x="-1.4025" z="-0.78" y="2.21125"/>
<p x="-1.395" z="-1.04875" y="2.275"/>
<p x="-1.4025" z="-0.78" y="2.21125"/>
<p x="-1.18375" z="-0.8975" y="2.3125"/>
<p x="-1.21682" z="-0.156454" y="2.15468"/>
<p x="-1.22125" z="-0.3525" y="2.19375"/>
<p x="-1.37625" z="-0.2475" y="2.10875"/>
<p x="-1.17197" z="-0.621986" y="2.25998"/>
<p x="-1.4025" z="-0.50375" y="2.1525"/>
<p x="-1.22125" z="-0.3525" y="2.19375"/>
<p x="-1.5796" z="-0.359415" y="2.01951"/>
<p x="-1.37625" z="-0.2475" y="2.10875"/>
<p x="-1.4025" z="-0.50375" y="2.1525"/>
<p x="-1.22125" z="-0.3525" y="2.19375"/>
<p x="-1.4025" z="-0.50375" y="2.1525"/>
<p x="-1.37625" z="-0.2475" y="2.10875"/>
<p x="-1.5796" z="-0.359415" y="2.01951"/>
<p x="-1.4025" z="-0.50375" y="2.1525"/>
<p x="-1.58375" z="-0.68625" y="2.10125"/>
<p x="-1.17197" z="-0.621986" y="2.25998"/>
<p x="-1.4025" z="-0.78" y="2.21125"/>
<p x="-1.4025" z="-0.50375" y="2.1525"/>
<p x="-1.58438" z="-0.97625" y="2.1625"/>
<p x="-1.58375" z="-0.68625" y="2.10125"/>
<p x="-1.4025" z="-0.78" y="2.21125"/>
<p x="-1.4025" z="-0.50375" y="2.1525"/>
<p x="-1.4025" z="-0.78" y="2.21125"/>
<p x="-1.58375" z="-0.68625" y="2.10125"/>
<p x="-1.58438" z="-0.97625" y="2.1625"/>
<p x="-1.70625" z="-0.93625" y="2.065"/>
<p x="-1.58375" z="-0.68625" y="2.10125"/>
<p x="-1.77907" z="-0.907021" y="1.97898"/>
<p x="-1.7075" z="-0.66625" y="2.0"/>
<p x="-1.70625" z="-0.93625" y="2.065"/>
<p x="-1.5796" z="-0.359415" y="2.01951"/>
<p x="-1.58375" z="-0.68625" y="2.10125"/>
<p x="-1.7075" z="-0.66625" y="2.0"/>
<p x="-1.70625" z="-0.93625" y="2.065"/>
<p x="-1.7075" z="-0.66625" y="2.0"/>
<p x="-1.58375" z="-0.68625" y="2.10125"/>
<p x="-1.77907" z="-0.907021" y="1.97898"/>
<p x="-1.855" z="-0.97125" y="1.88875"/>
<p x="-1.805" z="-0.71125" y="1.89125"/>
<p x="-1.94539" z="-1.06883" y="1.71607"/>
<p x="-1.89875" z="-0.77625" y="1.72625"/>
<p x="-1.855" z="-0.97125" y="1.88875"/>
<p x="-1.8275" z="-0.484375" y="1.73438"/>
<p x="-1.805" z="-0.71125" y="1.89125"/>
<p x="-1.89875" z="-0.77625" y="1.72625"/>
<p x="-1.855" z="-0.97125" y="1.88875"/>
<p x="-1.89875" z="-0.77625" y="1.72625"/>
<p x="-1.805" z="-0.71125" y="1.89125"/>
<p x="-1.8275" z="-0.484375" y="1.73438"/>
<p x="-1.72" z="-0.41" y="1.895"/>
<p x="-1.805" z="-0.71125" y="1.89125"/>
<p x="-1.5796" z="-0.359415" y="2.01951"/>
<p x="-1.7075" z="-0.66625" y="2.0"/>
<p x="-1.72" z="-0.41" y="1.895"/>
<p x="-1.77907" z="-0.907021" y="1.97898"/>
<p x="-1.805" z="-0.71125" y="1.89125"/>
<p x="-1.7075" z="-0.66625" y="2.0"/>
<p x="-1.72" z="-0.41" y="1.895"/>
<p x="-1.7075" z="-0.66625" y="2.0"/>
<p x="-1.805" z="-0.71125" y="1.89125"/>
<p x="-1.8275" z="-0.484375" y="1.73438"/>
<p x="-1.72625" z="-0.165" y="1.735"/>
<p x="-1.72" z="-0.41" y="1.895"/>
<p x="-1.59206" z="0.151276" y="1.76441"/>
<p x="-1.615" z="-0.11" y="1.88625"/>
<p x="-1.72625" z="-0.165" y="1.735"/>
<p x="-1.5796" z="-0.359415" y="2.01951"/>
<p x="-1.72" z="-0.41" y="1.895"/>
<p x="-1.615" z="-0.11" y="1.88625"/>
<p x="-1.72625" z="-0.165" y="1.735"/>
<p x="-1.615" z="-0.11" y="1.88625"/>
<p x="-1.72" z="-0.41" y="1.895"/>
<p x="-1.8275" z="-0.484375" y="1.73438"/>
<p x="-1.89875" z="-0.77625" y="1.72625"/>
<p x="-1.9325" z="-0.58375" y="1.47875"/>
<p x="-1.94539" z="-1.06883" y="1.71607"/>
<p x="-1.9975" z="-0.875" y="1.45375"/>
<p x="-1.89875" z="-0.77625" y="1.72625"/>
<p x="-2.02875" z="-0.714375" y="1.17375"/>
<p x="-1.9325" z="-0.58375" y="1.47875"/>
<p x="-1.9975" z="-0.875" y="1.45375"/>
<p x="-1.89875" z="-0.77625" y="1.72625"/>
<p x="-1.9975" z="-0.875" y="1.45375"/>
<p x="-1.9325" z="-0.58375" y="1.47875"/>
<p x="0.268824" z="-0.118139" y="-0.23049"/>
<p x="0.42375" z="-0.1725" y="-0.25"/>
<p x="0.4225" z="-0.03625" y="-0.1975"/>
<p x="0.545625" z="-0.250625" y="-0.255625"/>
<p x="0.5575" z="-0.105" y="-0.19875"/>
<p x="0.42375" z="-0.1725" y="-0.25"/>
<p x="0.560625" z="0.03375" y="-0.14875"/>
<p x="0.4225" z="-0.03625" y="-0.1975"/>
<p x="0.5575" z="-0.105" y="-0.19875"/>
<p x="0.42375" z="-0.1725" y="-0.25"/>
<p x="0.5575" z="-0.105" y="-0.19875"/>
<p x="0.4225" z="-0.03625" y="-0.1975"/>
<p x="0.53766" z="0.261114" y="-0.10075"/>
<p x="0.43625" z="0.20875" y="-0.13125"/>
<p x="0.54375" z="0.1525" y="-0.11375"/>
<p x="0.309805" z="0.158724" y="-0.14098"/>
<p x="0.4275" z="0.09125" y="-0.155"/>
<p x="0.43625" z="0.20875" y="-0.13125"/>
<p x="0.560625" z="0.03375" y="-0.14875"/>
<p x="0.54375" z="0.1525" y="-0.11375"/>
<p x="0.4275" z="0.09125" y="-0.155"/>
<p x="0.43625" z="0.20875" y="-0.13125"/>
<p x="0.4275" z="0.09125" y="-0.155"/>
<p x="0.54375" z="0.1525" y="-0.11375"/>
<p x="0.560625" z="0.03375" y="-0.14875"/>
<p x="0.4275" z="0.09125" y="-0.155"/>
<p x="0.4225" z="-0.03625" y="-0.1975"/>
<p x="0.309805" z="0.158724" y="-0.14098"/>
<p x="0.30375" z="0.025" y="-0.17625"/>
<p x="0.4275" z="0.09125" y="-0.155"/>
<p x="0.268824" z="-0.118139" y="-0.23049"/>
<p x="0.4225" z="-0.03625" y="-0.1975"/>
<p x="0.30375" z="0.025" y="-0.17625"/>
<p x="0.4275" z="0.09125" y="-0.155"/>
<p x="0.30375" z="0.025" y="-0.17625"/>
<p x="0.4225" z="-0.03625" y="-0.1975"/>
<p x="0.268824" z="-0.118139" y="-0.23049"/>
<p x="0.30375" z="0.025" y="-0.17625"/>
<p x="0.1975" z="-0.05" y="-0.18125"/>
<p x="0.309805" z="0.158724" y="-0.14098"/>
<p x="0.22875" z="0.05125" y="-0.14375"/>
<p x="0.30375" z="0.025" y="-0.17625"/>
<p x="0.159068" z="-0.0172948" y="-0.135795"/>
<p x="0.1975" z="-0.05" y="-0.18125"/>
<p x="0.22875" z="0.05125" y="-0.14375"/>
<p x="0.30375" z="0.025" y="-0.17625"/>
<p x="0.22875" z="0.05125" y="-0.14375"/>
<p x="0.1975" z="-0.05" y="-0.18125"/>
<p x="-0.00852925" z="-0.138234" y="-0.201961"/>
<p x="0.12125" z="-0.1575" y="-0.225"/>
<p x="0.09375" z="-0.08" y="-0.15625"/>
<p x="0.268824" z="-0.118139" y="-0.23049"/>
<p x="0.1975" z="-0.05" y="-0.18125"/>
<p x="0.12125" z="-0.1575" y="-0.225"/>
<p x="0.159068" z="-0.0172948" y="-0.135795"/>
<p x="0.09375" z="-0.08" y="-0.15625"/>
<p x="0.1975" z="-0.05" y="-0.18125"/>
<p x="0.12125" z="-0.1575" y="-0.225"/>
<p x="0.1975" z="-0.05" y="-0.18125"/>
<p x="0.09375" z="-0.08" y="-0.15625"/>
<p x="0.159068" z="-0.0172948" y="-0.135795"/>
<p x="0.22875" z="0.05125" y="-0.14375"/>
<p x="0.1625" z="0.055" y="-0.1"/>
<p x="0.309805" z="0.158724" y="-0.14098"/>
<p x="0.21375" z="0.13875" y="-0.1175"/>
<p x="0.22875" z="0.05125" y="-0.14375"/>
<p x="0.154113" z="0.12" y="-0.0867275"/>
<p x="0.1625" z="0.055" y="-0.1"/>
<p x="0.21375" z="0.13875" y="-0.1175"/>
<p x="0.22875" z="0.05125" y="-0.14375"/>
<p x="0.21375" z="0.13875" y="-0.1175"/>
<p x="0.1625" z="0.055" y="-0.1"/>
<p x="0.154113" z="0.12" y="-0.0867275"/>
<p x="0.09625" z="0.07125" y="-0.055"/>
<p x="0.1625" z="0.055" y="-0.1"/>
<p x="0.019375" z="0.04" y="-0.046875"/>
<p x="0.08625" z="-0.0075" y="-0.0875"/>
<p x="0.09625" z="0.07125" y="-0.055"/>
<p x="0.159068" z="-0.0172948" y="-0.135795"/>
<p x="0.1625" z="0.055" y="-0.1"/>
<p x="0.08625" z="-0.0075" y="-0.0875"/>
<p x="0.09625" z="0.07125" y="-0.055"/>
<p x="0.08625" z="-0.0075" y="-0.0875"/>
<p x="0.1625" z="0.055" y="-0.1"/>
<p x="0.159068" z="-0.0172948" y="-0.135795"/>
<p x="0.08625" z="-0.0075" y="-0.0875"/>
<p x="0.09375" z="-0.08" y="-0.15625"/>
<p x="0.019375" z="0.04" y="-0.046875"/>
<p x="0.0025" z="-0.04375" y="-0.11125"/>
<p x="0.08625" z="-0.0075" y="-0.0875"/>
<p x="-0.00852925" z="-0.138234" y="-0.201961"/>
<p x="0.09375" z="-0.08" y="-0.15625"/>
<p x="0.0025" z="-0.04375" y="-0.11125"/>
<p x="0.08625" z="-0.0075" y="-0.0875"/>
<p x="0.0025" z="-0.04375" y="-0.11125"/>
<p x="0.09375" z="-0.08" y="-0.15625"/>
<p x="-0.00852925" z="-0.138234" y="-0.201961"/>
<p x="0.0025" z="-0.04375" y="-0.11125"/>
<p x="-0.08125" z="-0.04" y="-0.16"/>
<p x="0.019375" z="0.04" y="-0.046875"/>
<p x="-0.06" z="0.03625" y="-0.09625"/>
<p x="0.0025" z="-0.04375" y="-0.11125"/>
<p x="-0.136545" z="0.0424316" y="-0.150841"/>
<p x="-0.08125" z="-0.04" y="-0.16"/>
<p x="-0.06" z="0.03625" y="-0.09625"/>
<p x="0.0025" z="-0.04375" y="-0.11125"/>
<p x="-0.06" z="0.03625" y="-0.09625"/>
<p x="-0.08125" z="-0.04" y="-0.16"/>
<p x="-0.136545" z="0.0424316" y="-0.150841"/>
<p x="-0.17" z="-0.0025" y="-0.19375"/>
<p x="-0.08125" z="-0.04" y="-0.16"/>
<p x="-0.195978" z="-0.0516819" y="-0.230841"/>
<p x="-0.115" z="-0.0975" y="-0.22"/>
<p x="-0.17" z="-0.0025" y="-0.19375"/>
<p x="-0.00852925" z="-0.138234" y="-0.201961"/>
<p x="-0.08125" z="-0.04" y="-0.16"/>
<p x="-0.115" z="-0.0975" y="-0.22"/>
<p x="-0.17" z="-0.0025" y="-0.19375"/>
<p x="-0.115" z="-0.0975" y="-0.22"/>
<p x="-0.08125" z="-0.04" y="-0.16"/>
<p x="-0.341168" z="0.146027" y="-0.205593"/>
<p x="-0.2675" z="0.0275" y="-0.21875"/>
<p x="-0.22" z="0.08625" y="-0.17875"/>
<p x="-0.195978" z="-0.0516819" y="-0.230841"/>
<p x="-0.17" z="-0.0025" y="-0.19375"/>
<p x="-0.2675" z="0.0275" y="-0.21875"/>
<p x="-0.136545" z="0.0424316" y="-0.150841"/>
<p x="-0.22" z="0.08625" y="-0.17875"/>
<p x="-0.17" z="-0.0025" y="-0.19375"/>
<p x="-0.2675" z="0.0275" y="-0.21875"/>
<p x="-0.17" z="-0.0025" y="-0.19375"/>
<p x="-0.22" z="0.08625" y="-0.17875"/>
<p x="-0.359068" z="-0.0935461" y="-0.28"/>
<p x="-0.27625" z="-0.0575" y="-0.2575"/>
<p x="-0.3725" z="0.01375" y="-0.24125"/>
<p x="-0.195978" z="-0.0516819" y="-0.230841"/>
<p x="-0.2675" z="0.0275" y="-0.21875"/>
<p x="-0.27625" z="-0.0575" y="-0.2575"/>
<p x="-0.341168" z="0.146027" y="-0.205593"/>
<p x="-0.3725" z="0.01375" y="-0.24125"/>
<p x="-0.2675" z="0.0275" y="-0.21875"/>
<p x="-0.27625" z="-0.0575" y="-0.2575"/>
<p x="-0.2675" z="0.0275" y="-0.21875"/>
<p x="-0.3725" z="0.01375" y="-0.24125"/>
<p x="-0.341168" z="0.146027" y="-0.205593"/>
<p x="-0.48125" z="0.06" y="-0.22"/>
<p x="-0.3725" z="0.01375" y="-0.24125"/>
<p x="-0.61098" z="-0.0351977" y="-0.217744"/>
<p x="-0.45875" z="-0.075" y="-0.26875"/>
<p x="-0.48125" z="0.06" y="-0.22"/>
<p x="-0.359068" z="-0.0935461" y="-0.28"/>
<p x="-0.3725" z="0.01375" y="-0.24125"/>
<p x="-0.45875" z="-0.075" y="-0.26875"/>
<p x="-0.48125" z="0.06" y="-0.22"/>
<p x="-0.45875" z="-0.075" y="-0.26875"/>
<p x="-0.3725" z="0.01375" y="-0.24125"/>
<p x="-0.595625" z="0.263125" y="-0.139375"/>
<p x="-0.59625" z="0.11875" y="-0.16875"/>
<p x="-0.47125" z="0.1975" y="-0.1925"/>
<p x="-0.61098" z="-0.0351977" y="-0.217744"/>
<p x="-0.48125" z="0.06" y="-0.22"/>
<p x="-0.59625" z="0.11875" y="-0.16875"/>
<p x="-0.341168" z="0.146027" y="-0.205593"/>
<p x="-0.47125" z="0.1975" y="-0.1925"/>
<p x="-0.48125" z="0.06" y="-0.22"/>
<p x="-0.59625" z="0.11875" y="-0.16875"/>
<p x="-0.48125" z="0.06" y="-0.22"/>
<p x="-0.47125" z="0.1975" y="-0.1925"/>
<p x="-0.855704" z="0.201499" y="0.0039311"/>
<p x="-0.75625" z="0.0925" y="-0.095"/>
<p x="-0.72625" z="0.21875" y="-0.0725"/>
<p x="-0.61098" z="-0.0351977" y="-0.217744"/>
<p x="-0.59625" z="0.11875" y="-0.16875"/>
<p x="-0.75625" z="0.0925" y="-0.095"/>
<p x="-0.595625" z="0.263125" y="-0.139375"/>
<p x="-0.72625" z="0.21875" y="-0.0725"/>
<p x="-0.59625" z="0.11875" y="-0.16875"/>
<p x="-0.75625" z="0.0925" y="-0.095"/>
<p x="-0.59625" z="0.11875" y="-0.16875"/>
<p x="-0.72625" z="0.21875" y="-0.0725"/>
<p x="-1.03706" z="-0.116278" y="-0.0250027"/>
<p x="-0.81625" z="-0.06125" y="-0.12375"/>
<p x="-0.9275" z="0.08875" y="0.00625"/>
<p x="-0.61098" z="-0.0351977" y="-0.217744"/>
<p x="-0.75625" z="0.0925" y="-0.095"/>
<p x="-0.81625" z="-0.06125" y="-0.12375"/>
<p x="-0.855704" z="0.201499" y="0.0039311"/>
<p x="-0.9275" z="0.08875" y="0.00625"/>
<p x="-0.75625" z="0.0925" y="-0.095"/>
<p x="-0.81625" z="-0.06125" y="-0.12375"/>
<p x="-0.75625" z="0.0925" y="-0.095"/>
<p x="-0.9275" z="0.08875" y="0.00625"/>
<p x="-1.105" z="0.2975" y="0.18"/>
<p x="-1.09625" z="0.10125" y="0.0975"/>
<p x="-0.97125" z="0.245" y="0.0875"/>
<p x="-1.03706" z="-0.116278" y="-0.0250027"/>
<p x="-0.9275" z="0.08875" y="0.00625"/>
<p x="-1.09625" z="0.10125" y="0.0975"/>
<p x="-0.855704" z="0.201499" y="0.0039311"/>
<p x="-0.97125" z="0.245" y="0.0875"/>
<p x="-0.9275" z="0.08875" y="0.00625"/>
<p x="-1.09625" z="0.10125" y="0.0975"/>
<p x="-0.9275" z="0.08875" y="0.00625"/>
<p x="-0.97125" z="0.245" y="0.0875"/>
<p x="-1.105" z="0.2975" y="0.18"/>
<p x="-1.29" z="0.13625" y="0.205"/>
<p x="-1.09625" z="0.10125" y="0.0975"/>
<p x="-1.49813" z="-0.091875" y="0.19375"/>
<p x="-1.28625" z="-0.0975" y="0.08625"/>
<p x="-1.29" z="0.13625" y="0.205"/>
<p x="-1.03706" z="-0.116278" y="-0.0250027"/>
<p x="-1.09625" z="0.10125" y="0.0975"/>
<p x="-1.28625" z="-0.0975" y="0.08625"/>
<p x="-1.29" z="0.13625" y="0.205"/>
<p x="-1.28625" z="-0.0975" y="0.08625"/>
<p x="-1.09625" z="0.10125" y="0.0975"/>
<p x="-1.105" z="0.2975" y="0.18"/>
<p x="-1.27125" z="0.385" y="0.3175"/>
<p x="-1.29" z="0.13625" y="0.205"/>
<p x="-1.4298" z="0.482151" y="0.53"/>
<p x="-1.47875" z="0.17125" y="0.35"/>
<p x="-1.27125" z="0.385" y="0.3175"/>
<p x="-1.49813" z="-0.091875" y="0.19375"/>
<p x="-1.29" z="0.13625" y="0.205"/>
<p x="-1.47875" z="0.17125" y="0.35"/>
<p x="-1.27125" z="0.385" y="0.3175"/>
<p x="-1.47875" z="0.17125" y="0.35"/>
<p x="-1.29" z="0.13625" y="0.205"/>
<p x="-1.83073" z="-0.245576" y="0.494825"/>
<p x="-1.6675" z="-0.12125" y="0.33125"/>
<p x="-1.635" z="0.13125" y="0.51875"/>
<p x="-1.49813" z="-0.091875" y="0.19375"/>
<p x="-1.47875" z="0.17125" y="0.35"/>
<p x="-1.6675" z="-0.12125" y="0.33125"/>
<p x="-1.4298" z="0.482151" y="0.53"/>
<p x="-1.635" z="0.13125" y="0.51875"/>
<p x="-1.47875" z="0.17125" y="0.35"/>
<p x="-1.6675" z="-0.12125" y="0.33125"/>
<p x="-1.47875" z="0.17125" y="0.35"/>
<p x="-1.635" z="0.13125" y="0.51875"/>
<p x="-1.4298" z="0.482151" y="0.53"/>
<p x="-1.58" z="0.375" y="0.77"/>
<p x="-1.635" z="0.13125" y="0.51875"/>
<p x="-1.66152" z="0.286992" y="0.910938"/>
<p x="-1.7325" z="0.09375" y="0.75375"/>
<p x="-1.58" z="0.375" y="0.77"/>
<p x="-1.83073" z="-0.245576" y="0.494825"/>
<p x="-1.635" z="0.13125" y="0.51875"/>
<p x="-1.7325" z="0.09375" y="0.75375"/>
<p x="-1.58" z="0.375" y="0.77"/>
<p x="-1.7325" z="0.09375" y="0.75375"/>
<p x="-1.635" z="0.13125" y="0.51875"/>
<p x="-1.50784" z="0.682056" y="1.2097"/>
<p x="-1.59375" z="0.4575" y="1.05"/>
<p x="-1.4725" z="0.6325" y="0.84875"/>
<p x="-1.66152" z="0.286992" y="0.910938"/>
<p x="-1.58" z="0.375" y="0.77"/>
<p x="-1.59375" z="0.4575" y="1.05"/>
<p x="-1.4298" z="0.482151" y="0.53"/>
<p x="-1.4725" z="0.6325" y="0.84875"/>
<p x="-1.58" z="0.375" y="0.77"/>
<p x="-1.59375" z="0.4575" y="1.05"/>
<p x="-1.58" z="0.375" y="0.77"/>
<p x="-1.4725" z="0.6325" y="0.84875"/>
<p x="-1.80477" z="0.0279458" y="1.23399"/>
<p x="-1.73" z="0.195" y="1.03625"/>
<p x="-1.65625" z="0.37875" y="1.26375"/>
<p x="-1.66152" z="0.286992" y="0.910938"/>
<p x="-1.59375" z="0.4575" y="1.05"/>
<p x="-1.73" z="0.195" y="1.03625"/>
<p x="-1.50784" z="0.682056" y="1.2097"/>
<p x="-1.65625" z="0.37875" y="1.26375"/>
<p x="-1.59375" z="0.4575" y="1.05"/>
<p x="-1.73" z="0.195" y="1.03625"/>
<p x="-1.59375" z="0.4575" y="1.05"/>
<p x="-1.65625" z="0.37875" y="1.26375"/>
<p x="-1.83073" z="-0.245576" y="0.494825"/>
<p x="-1.7325" z="0.09375" y="0.75375"/>
<p x="-1.8425" z="-0.085" y="0.855"/>
<p x="-1.66152" z="0.286992" y="0.910938"/>
<p x="-1.73" z="0.195" y="1.03625"/>
<p x="-1.7325" z="0.09375" y="0.75375"/>
<p x="-1.80477" z="0.0279458" y="1.23399"/>
<p x="-1.8425" z="-0.085" y="0.855"/>
<p x="-1.73" z="0.195" y="1.03625"/>
<p x="-1.7325" z="0.09375" y="0.75375"/>
<p x="-1.73" z="0.195" y="1.03625"/>
<p x="-1.8425" z="-0.085" y="0.855"/>
<p x="-1.83073" z="-0.245576" y="0.494825"/>
<p x="-1.8425" z="-0.085" y="0.855"/>
<p x="-1.9325" z="-0.3425" y="0.655"/>
<p x="-1.80477" z="0.0279458" y="1.23399"/>
<p x="-1.92375" z="-0.25" y="0.9475"/>
<p x="-1.8425" z="-0.085" y="0.855"/>
<p x="-1.99159" z="-0.450547" y="0.74925"/>
<p x="-1.9325" z="-0.3425" y="0.655"/>
<p x="-1.92375" z="-0.25" y="0.9475"/>
<p x="-1.8425" z="-0.085" y="0.855"/>
<p x="-1.92375" z="-0.25" y="0.9475"/>
<p x="-1.9325" z="-0.3425" y="0.655"/>
<p x="-2.02875" z="-0.714375" y="1.17375"/>
<p x="-2.015" z="-0.52875" y="0.94125"/>
<p x="-1.935" z="-0.36875" y="1.215"/>
<p x="-1.99159" z="-0.450547" y="0.74925"/>
<p x="-1.92375" z="-0.25" y="0.9475"/>
<p x="-2.015" z="-0.52875" y="0.94125"/>
<p x="-1.80477" z="0.0279458" y="1.23399"/>
<p x="-1.935" z="-0.36875" y="1.215"/>
<p x="-1.92375" z="-0.25" y="0.9475"/>
<p x="-2.015" z="-0.52875" y="0.94125"/>
<p x="-1.92375" z="-0.25" y="0.9475"/>
<p x="-1.935" z="-0.36875" y="1.215"/>
<p x="-1.8275" z="-0.484375" y="1.73438"/>
<p x="-1.9325" z="-0.58375" y="1.47875"/>
<p x="-1.8325" z="-0.2375" y="1.4975"/>
<p x="-2.02875" z="-0.714375" y="1.17375"/>
<p x="-1.935" z="-0.36875" y="1.215"/>
<p x="-1.9325" z="-0.58375" y="1.47875"/>
<p x="-1.80477" z="0.0279458" y="1.23399"/>
<p x="-1.8325" z="-0.2375" y="1.4975"/>
<p x="-1.935" z="-0.36875" y="1.215"/>
<p x="-1.9325" z="-0.58375" y="1.47875"/>
<p x="-1.935" z="-0.36875" y="1.215"/>
<p x="-1.8325" z="-0.2375" y="1.4975"/>
<p x="-1.80477" z="0.0279458" y="1.23399"/>
<p x="-1.7225" z="0.065" y="1.5525"/>
<p x="-1.8325" z="-0.2375" y="1.4975"/>
<p x="-1.59206" z="0.151276" y="1.76441"/>
<p x="-1.72625" z="-0.165" y="1.735"/>
<p x="-1.7225" z="0.065" y="1.5525"/>
<p x="-1.8275" z="-0.484375" y="1.73438"/>
<p x="-1.8325" z="-0.2375" y="1.4975"/>
<p x="-1.72625" z="-0.165" y="1.735"/>
<p x="-1.7225" z="0.065" y="1.5525"/>
<p x="-1.72625" z="-0.165" y="1.735"/>
<p x="-1.8325" z="-0.2375" y="1.4975"/>
<p x="-1.59206" z="0.151276" y="1.76441"/>
<p x="-1.7225" z="0.065" y="1.5525"/>
<p x="-1.60625" z="0.32" y="1.64875"/>
<p x="-1.80477" z="0.0279458" y="1.23399"/>
<p x="-1.68" z="0.2825" y="1.45875"/>
<p x="-1.7225" z="0.065" y="1.5525"/>
<p x="-1.59215" z="0.424531" y="1.57461"/>
<p x="-1.60625" z="0.32" y="1.64875"/>
<p x="-1.68" z="0.2825" y="1.45875"/>
<p x="-1.7225" z="0.065" y="1.5525"/>
<p x="-1.68" z="0.2825" y="1.45875"/>
<p x="-1.60625" z="0.32" y="1.64875"/>
<p x="-1.50784" z="0.682056" y="1.2097"/>
<p x="-1.56125" z="0.53375" y="1.465"/>
<p x="-1.65625" z="0.37875" y="1.26375"/>
<p x="-1.59215" z="0.424531" y="1.57461"/>
<p x="-1.68" z="0.2825" y="1.45875"/>
<p x="-1.56125" z="0.53375" y="1.465"/>
<p x="-1.80477" z="0.0279458" y="1.23399"/>
<p x="-1.65625" z="0.37875" y="1.26375"/>
<p x="-1.68" z="0.2825" y="1.45875"/>
<p x="-1.56125" z="0.53375" y="1.465"/>
<p x="-1.68" z="0.2825" y="1.45875"/>
<p x="-1.65625" z="0.37875" y="1.26375"/>
<p x="-1.2302" z="1.48167" y="-0.0450975"/>
<p x="-1.34375" z="1.415" y="0.13625"/>
<p x="-1.2325" z="1.31125" y="0.03125"/>
<p x="-1.41314" z="1.37579" y="0.323237"/>
<p x="-1.30125" z="1.235" y="0.1625"/>
<p x="-1.34375" z="1.415" y="0.13625"/>
<p x="-1.22457" z="1.18969" y="0.0763672"/>
<p x="-1.2325" z="1.31125" y="0.03125"/>
<p x="-1.30125" z="1.235" y="0.1625"/>
<p x="-1.34375" z="1.415" y="0.13625"/>
<p x="-1.30125" z="1.235" y="0.1625"/>
<p x="-1.2325" z="1.31125" y="0.03125"/>
<p x="1.41062" z="1.11375" y="0.774375"/>
<p x="1.44875" z="1.34375" y="0.79625"/>
<p x="1.42125" z="1.2875" y="0.63875"/>
<p x="1.47625" z="1.57563" y="0.83375"/>
<p x="1.46375" z="1.545" y="0.67375"/>
<p x="1.44875" z="1.34375" y="0.79625"/>
<p x="1.425" z="1.5125" y="0.536875"/>
<p x="1.42125" z="1.2875" y="0.63875"/>
<p x="1.46375" z="1.545" y="0.67375"/>
<p x="1.44875" z="1.34375" y="0.79625"/>
<p x="1.46375" z="1.545" y="0.67375"/>
<p x="1.42125" z="1.2875" y="0.63875"/>
<p x="1.41062" z="1.11375" y="0.774375"/>
<p x="1.42125" z="1.2875" y="0.63875"/>
<p x="1.37" z="1.03125" y="0.63375"/>
<p x="1.425" z="1.5125" y="0.536875"/>
<p x="1.36125" z="1.22625" y="0.50875"/>
<p x="1.42125" z="1.2875" y="0.63875"/>
<p x="1.27812" z="0.979375" y="0.48125"/>
<p x="1.37" z="1.03125" y="0.63375"/>
<p x="1.36125" z="1.22625" y="0.50875"/>
<p x="1.42125" z="1.2875" y="0.63875"/>
<p x="1.36125" z="1.22625" y="0.50875"/>
<p x="1.37" z="1.03125" y="0.63375"/>
<p x="1.27812" z="0.979375" y="0.48125"/>
<p x="1.2975" z="0.8225" y="0.6075"/>
<p x="1.37" z="1.03125" y="0.63375"/>
<p x="1.34117" z="0.625508" y="0.751936"/>
<p x="1.375" z="0.89125" y="0.7875"/>
<p x="1.2975" z="0.8225" y="0.6075"/>
<p x="1.41062" z="1.11375" y="0.774375"/>
<p x="1.37" z="1.03125" y="0.63375"/>
<p x="1.375" z="0.89125" y="0.7875"/>
<p x="1.2975" z="0.8225" y="0.6075"/>
<p x="1.375" z="0.89125" y="0.7875"/>
<p x="1.37" z="1.03125" y="0.63375"/>
<p x="0.989375" z="0.345625" y="0.255625"/>
<p x="1.16125" z="0.2025" y="0.3825"/>
<p x="1.1575" z="0.4775" y="0.4725"/>
<p x="1.30234" z="0.0542047" y="0.46"/>
<p x="1.31875" z="0.31" y="0.59375"/>
<p x="1.16125" z="0.2025" y="0.3825"/>
<p x="1.34117" z="0.625508" y="0.751936"/>
<p x="1.1575" z="0.4775" y="0.4725"/>
<p x="1.31875" z="0.31" y="0.59375"/>
<p x="1.16125" z="0.2025" y="0.3825"/>
<p x="1.31875" z="0.31" y="0.59375"/>
<p x="1.1575" z="0.4775" y="0.4725"/>
<p x="1.34117" z="0.625508" y="0.751936"/>
<p x="1.31875" z="0.31" y="0.59375"/>
<p x="1.44625" z="0.26" y="0.79"/>
<p x="1.30234" z="0.0542047" y="0.46"/>
<p x="1.425" z="0.03" y="0.59875"/>
<p x="1.31875" z="0.31" y="0.59375"/>
<p x="1.5275" z="-0.07" y="0.760625"/>
<p x="1.44625" z="0.26" y="0.79"/>
<p x="1.425" z="0.03" y="0.59875"/>
<p x="1.31875" z="0.31" y="0.59375"/>
<p x="1.425" z="0.03" y="0.59875"/>
<p x="1.44625" z="0.26" y="0.79"/>
<p x="1.5275" z="-0.07" y="0.760625"/>
<p x="1.53" z="0.06625" y="0.99125"/>
<p x="1.44625" z="0.26" y="0.79"/>
<p x="1.4775" z="0.2125" y="1.23687"/>
<p x="1.44375" z="0.42" y="1.0075"/>
<p x="1.53" z="0.06625" y="0.99125"/>
<p x="1.34117" z="0.625508" y="0.751936"/>
<p x="1.44625" z="0.26" y="0.79"/>
<p x="1.44375" z="0.42" y="1.0075"/>
<p x="1.53" z="0.06625" y="0.99125"/>
<p x="1.44375" z="0.42" y="1.0075"/>
<p x="1.44625" z="0.26" y="0.79"/>
<p x="1.34688" z="0.873125" y="1.24187"/>
<p x="1.3875" z="0.74" y="1.0"/>
<p x="1.38875" z="0.56625" y="1.2475"/>
<p x="1.34117" z="0.625508" y="0.751936"/>
<p x="1.44375" z="0.42" y="1.0075"/>
<p x="1.3875" z="0.74" y="1.0"/>
<p x="1.4775" z="0.2125" y="1.23687"/>
<p x="1.38875" z="0.56625" y="1.2475"/>
<p x="1.44375" z="0.42" y="1.0075"/>
<p x="1.3875" z="0.74" y="1.0"/>
<p x="1.44375" z="0.42" y="1.0075"/>
<p x="1.38875" z="0.56625" y="1.2475"/>
<p x="1.24813" z="1.43938" y="0.21875"/>
<p x="1.26125" z="1.20125" y="0.34"/>
<p x="1.35125" z="1.4675" y="0.385"/>
<p x="1.27812" z="0.979375" y="0.48125"/>
<p x="1.36125" z="1.22625" y="0.50875"/>
<p x="1.26125" z="1.20125" y="0.34"/>
<p x="1.425" z="1.5125" y="0.536875"/>
<p x="1.35125" z="1.4675" y="0.385"/>
<p x="1.36125" z="1.22625" y="0.50875"/>
<p x="1.26125" z="1.20125" y="0.34"/>
<p x="1.36125" z="1.22625" y="0.50875"/>
<p x="1.35125" z="1.4675" y="0.385"/>
<p x="1.24813" z="1.43938" y="0.21875"/>
<p x="1.145" z="1.42625" y="0.09"/>
<p x="1.13875" z="1.22625" y="0.15875"/>
<p x="1.05075" z="1.43036" y="-0.00420466"/>
<p x="1.0225" z="1.2725" y="0.015"/>
<p x="1.145" z="1.42625" y="0.09"/>
<p x="0.989215" z="1.06235" y="0.065883"/>
<p x="1.13875" z="1.22625" y="0.15875"/>
<p x="1.0225" z="1.2725" y="0.015"/>
<p x="1.145" z="1.42625" y="0.09"/>
<p x="1.0225" z="1.2725" y="0.015"/>
<p x="1.13875" z="1.22625" y="0.15875"/>
<p x="1.24813" z="1.43938" y="0.21875"/>
<p x="1.13875" z="1.22625" y="0.15875"/>
<p x="1.26125" z="1.20125" y="0.34"/>
<p x="0.989215" z="1.06235" y="0.065883"/>
<p x="1.14125" z="1.0125" y="0.26625"/>
<p x="1.13875" z="1.22625" y="0.15875"/>
<p x="1.27812" z="0.979375" y="0.48125"/>
<p x="1.26125" z="1.20125" y="0.34"/>
<p x="1.14125" z="1.0125" y="0.26625"/>
<p x="1.13875" z="1.22625" y="0.15875"/>
<p x="1.14125" z="1.0125" y="0.26625"/>
<p x="1.26125" z="1.20125" y="0.34"/>
<p x="1.01784" z="0.700182" y="0.248774"/>
<p x="1.15" z="0.82" y="0.37625"/>
<p x="0.99625" z="0.85125" y="0.1575"/>
<p x="1.27812" z="0.979375" y="0.48125"/>
<p x="1.14125" z="1.0125" y="0.26625"/>
<p x="1.15" z="0.82" y="0.37625"/>
<p x="0.989215" z="1.06235" y="0.065883"/>
<p x="0.99625" z="0.85125" y="0.1575"/>
<p x="1.14125" z="1.0125" y="0.26625"/>
<p x="1.15" z="0.82" y="0.37625"/>
<p x="1.14125" z="1.0125" y="0.26625"/>
<p x="0.99625" z="0.85125" y="0.1575"/>
<p x="1.01784" z="0.700182" y="0.248774"/>
<p x="1.16" z="0.66875" y="0.4675"/>
<p x="1.15" z="0.82" y="0.37625"/>
<p x="1.34117" z="0.625508" y="0.751936"/>
<p x="1.2975" z="0.8225" y="0.6075"/>
<p x="1.16" z="0.66875" y="0.4675"/>
<p x="1.27812" z="0.979375" y="0.48125"/>
<p x="1.15" z="0.82" y="0.37625"/>
<p x="1.2975" z="0.8225" y="0.6075"/>
<p x="1.16" z="0.66875" y="0.4675"/>
<p x="1.2975" z="0.8225" y="0.6075"/>
<p x="1.15" z="0.82" y="0.37625"/>
<p x="1.01784" z="0.700182" y="0.248774"/>
<p x="0.98875" z="0.5475" y="0.2625"/>
<p x="1.16" z="0.66875" y="0.4675"/>
<p x="0.989375" z="0.345625" y="0.255625"/>
<p x="1.1575" z="0.4775" y="0.4725"/>
<p x="0.98875" z="0.5475" y="0.2625"/>
<p x="1.34117" z="0.625508" y="0.751936"/>
<p x="1.16" z="0.66875" y="0.4675"/>
<p x="1.1575" z="0.4775" y="0.4725"/>
<p x="0.98875" z="0.5475" y="0.2625"/>
<p x="1.1575" z="0.4775" y="0.4725"/>
<p x="1.16" z="0.66875" y="0.4675"/>
<p x="0.989375" z="0.345625" y="0.255625"/>
<p x="0.85" z="0.47875" y="0.10875"/>
<p x="0.86875" z="0.27625" y="0.12125"/>
<p x="0.728798" z="0.602387" y="-0.0267776"/>
<p x="0.74" z="0.4025" y="0.0175"/>
<p x="0.85" z="0.47875" y="0.10875"/>
<p x="0.76" z="0.22375" y="0.025625"/>
<p x="0.86875" z="0.27625" y="0.12125"/>
<p x="0.74" z="0.4025" y="0.0175"/>
<p x="0.85" z="0.47875" y="0.10875"/>
<p x="0.74" z="0.4025" y="0.0175"/>
<p x="0.86875" z="0.27625" y="0.12125"/>
<p x="1.01784" z="0.700182" y="0.248774"/>
<p x="0.88625" z="0.6625" y="0.09875"/>
<p x="0.98875" z="0.5475" y="0.2625"/>
<p x="0.728798" z="0.602387" y="-0.0267776"/>
<p x="0.85" z="0.47875" y="0.10875"/>
<p x="0.88625" z="0.6625" y="0.09875"/>
<p x="0.989375" z="0.345625" y="0.255625"/>
<p x="0.98875" z="0.5475" y="0.2625"/>
<p x="0.85" z="0.47875" y="0.10875"/>
<p x="0.88625" z="0.6625" y="0.09875"/>
<p x="0.85" z="0.47875" y="0.10875"/>
<p x="0.98875" z="0.5475" y="0.2625"/>
<p x="0.989215" z="1.06235" y="0.065883"/>
<p x="0.86" z="0.8225" y="0.0225"/>
<p x="0.99625" z="0.85125" y="0.1575"/>
<p x="0.728798" z="0.602387" y="-0.0267776"/>
<p x="0.88625" z="0.6625" y="0.09875"/>
<p x="0.86" z="0.8225" y="0.0225"/>
<p x="1.01784" z="0.700182" y="0.248774"/>
<p x="0.99625" z="0.85125" y="0.1575"/>
<p x="0.88625" z="0.6625" y="0.09875"/>
<p x="0.86" z="0.8225" y="0.0225"/>
<p x="0.88625" z="0.6625" y="0.09875"/>
<p x="0.99625" z="0.85125" y="0.1575"/>
<p x="0.704113" z="0.914093" y="-0.112796"/>
<p x="0.72" z="0.77625" y="-0.06375"/>
<p x="0.82625" z="0.96125" y="-0.04375"/>
<p x="0.728798" z="0.602387" y="-0.0267776"/>
<p x="0.86" z="0.8225" y="0.0225"/>
<p x="0.72" z="0.77625" y="-0.06375"/>
<p x="0.989215" z="1.06235" y="0.065883"/>
<p x="0.82625" z="0.96125" y="-0.04375"/>
<p x="0.86" z="0.8225" y="0.0225"/>
<p x="0.72" z="0.77625" y="-0.06375"/>
<p x="0.86" z="0.8225" y="0.0225"/>
<p x="0.82625" z="0.96125" y="-0.04375"/>
<p x="0.989215" z="1.06235" y="0.065883"/>
<p x="0.8775" z="1.18875" y="-0.08125"/>
<p x="0.82625" z="0.96125" y="-0.04375"/>
<p x="0.7775" z="1.365" y="-0.210625"/>
<p x="0.7425" z="1.115" y="-0.16"/>
<p x="0.8775" z="1.18875" y="-0.08125"/>
<p x="0.704113" z="0.914093" y="-0.112796"/>
<p x="0.82625" z="0.96125" y="-0.04375"/>
<p x="0.7425" z="1.115" y="-0.16"/>
<p x="0.8775" z="1.18875" y="-0.08125"/>
<p x="0.7425" z="1.115" y="-0.16"/>
<p x="0.82625" z="0.96125" y="-0.04375"/>
<p x="1.05075" z="1.43036" y="-0.00420466"/>
<p x="0.92375" z="1.3725" y="-0.10375"/>
<p x="1.0225" z="1.2725" y="0.015"/>
<p x="0.7775" z="1.365" y="-0.210625"/>
<p x="0.8775" z="1.18875" y="-0.08125"/>
<p x="0.92375" z="1.3725" y="-0.10375"/>
<p x="0.989215" z="1.06235" y="0.065883"/>
<p x="1.0225" z="1.2725" y="0.015"/>
<p x="0.8775" z="1.18875" y="-0.08125"/>
<p x="0.92375" z="1.3725" y="-0.10375"/>
<p x="0.8775" z="1.18875" y="-0.08125"/>
<p x="1.0225" z="1.2725" y="0.015"/>
<p x="0.704113" z="0.914093" y="-0.112796"/>
<p x="0.7425" z="1.115" y="-0.16"/>
<p x="0.625" z="1.06875" y="-0.21875"/>
<p x="0.7775" z="1.365" y="-0.210625"/>
<p x="0.66125" z="1.355" y="-0.28"/>
<p x="0.7425" z="1.115" y="-0.16"/>
<p x="0.5225" z="1.30062" y="-0.3225"/>
<p x="0.625" z="1.06875" y="-0.21875"/>
<p x="0.66125" z="1.355" y="-0.28"/>
<p x="0.7425" z="1.115" y="-0.16"/>
<p x="0.66125" z="1.355" y="-0.28"/>
<p x="0.625" z="1.06875" y="-0.21875"/>
<p x="0.704113" z="0.914093" y="-0.112796"/>
<p x="0.625" z="1.06875" y="-0.21875"/>
<p x="0.5925" z="0.85375" y="-0.1575"/>
<p x="0.5225" z="1.30062" y="-0.3225"/>
<p x="0.48" z="1.04125" y="-0.26125"/>
<p x="0.625" z="1.06875" y="-0.21875"/>
<p x="0.403939" z="0.799182" y="-0.203589"/>
<p x="0.5925" z="0.85375" y="-0.1575"/>
<p x="0.48" z="1.04125" y="-0.26125"/>
<p x="0.625" z="1.06875" y="-0.21875"/>
<p x="0.48" z="1.04125" y="-0.26125"/>
<p x="0.5925" z="0.85375" y="-0.1575"/>
<p x="0.403939" z="0.799182" y="-0.203589"/>
<p x="0.58375" z="0.69125" y="-0.12125"/>
<p x="0.5925" z="0.85375" y="-0.1575"/>
<p x="0.728798" z="0.602387" y="-0.0267776"/>
<p x="0.72" z="0.77625" y="-0.06375"/>
<p x="0.58375" z="0.69125" y="-0.12125"/>
<p x="0.704113" z="0.914093" y="-0.112796"/>
<p x="0.5925" z="0.85375" y="-0.1575"/>
<p x="0.72" z="0.77625" y="-0.06375"/>
<p x="0.58375" z="0.69125" y="-0.12125"/>
<p x="0.72" z="0.77625" y="-0.06375"/>
<p x="0.5925" z="0.85375" y="-0.1575"/>
<p x="0.430625" z="0.436875" y="-0.138125"/>
<p x="0.5625" z="0.52375" y="-0.1075"/>
<p x="0.455" z="0.60625" y="-0.1575"/>
<p x="0.728798" z="0.602387" y="-0.0267776"/>
<p x="0.58375" z="0.69125" y="-0.12125"/>
<p x="0.5625" z="0.52375" y="-0.1075"/>
<p x="0.403939" z="0.799182" y="-0.203589"/>
<p x="0.455" z="0.60625" y="-0.1575"/>
<p x="0.58375" z="0.69125" y="-0.12125"/>
<p x="0.5625" z="0.52375" y="-0.1075"/>
<p x="0.58375" z="0.69125" y="-0.12125"/>
<p x="0.455" z="0.60625" y="-0.1575"/>
<p x="0.53766" z="0.261114" y="-0.10075"/>
<p x="0.61875" z="0.40375" y="-0.06875"/>
<p x="0.4925" z="0.34875" y="-0.11625"/>
<p x="0.728798" z="0.602387" y="-0.0267776"/>
<p x="0.5625" z="0.52375" y="-0.1075"/>
<p x="0.61875" z="0.40375" y="-0.06875"/>
<p x="0.430625" z="0.436875" y="-0.138125"/>
<p x="0.4925" z="0.34875" y="-0.11625"/>
<p x="0.5625" z="0.52375" y="-0.1075"/>
<p x="0.61875" z="0.40375" y="-0.06875"/>
<p x="0.5625" z="0.52375" y="-0.1075"/>
<p x="0.4925" z="0.34875" y="-0.11625"/>
<p x="0.76" z="0.22375" y="0.025625"/>
<p x="0.74" z="0.4025" y="0.0175"/>
<p x="0.64" z="0.2675" y="-0.05125"/>
<p x="0.728798" z="0.602387" y="-0.0267776"/>
<p x="0.61875" z="0.40375" y="-0.06875"/>
<p x="0.74" z="0.4025" y="0.0175"/>
<p x="0.53766" z="0.261114" y="-0.10075"/>
<p x="0.64" z="0.2675" y="-0.05125"/>
<p x="0.61875" z="0.40375" y="-0.06875"/>
<p x="0.74" z="0.4025" y="0.0175"/>
<p x="0.61875" z="0.40375" y="-0.06875"/>
<p x="0.64" z="0.2675" y="-0.05125"/>
<p x="-0.136545" z="0.0424316" y="-0.150841"/>
<p x="-0.06" z="0.03625" y="-0.09625"/>
<p x="-0.11875" z="0.11375" y="-0.1275"/>
<p x="0.019375" z="0.04" y="-0.046875"/>
<p x="-0.0225" z="0.1125" y="-0.07125"/>
<p x="-0.06" z="0.03625" y="-0.09625"/>
<p x="-0.05375" z="0.200625" y="-0.1225"/>
<p x="-0.11875" z="0.11375" y="-0.1275"/>
<p x="-0.0225" z="0.1125" y="-0.07125"/>
<p x="-0.06" z="0.03625" y="-0.09625"/>
<p x="-0.0225" z="0.1125" y="-0.07125"/>
<p x="-0.11875" z="0.11375" y="-0.1275"/>
<p x="0.237578" z="0.505742" y="-0.171211"/>
<p x="0.33375" z="0.485" y="-0.16"/>
<p x="0.2975" z="0.6125" y="-0.185"/>
<p x="0.430625" z="0.436875" y="-0.138125"/>
<p x="0.455" z="0.60625" y="-0.1575"/>
<p x="0.33375" z="0.485" y="-0.16"/>
<p x="0.403939" z="0.799182" y="-0.203589"/>
<p x="0.2975" z="0.6125" y="-0.185"/>
<p x="0.455" z="0.60625" y="-0.1575"/>
<p x="0.33375" z="0.485" y="-0.16"/>
<p x="0.455" z="0.60625" y="-0.1575"/>
<p x="0.2975" z="0.6125" y="-0.185"/>
<p x="0.430625" z="0.436875" y="-0.138125"/>
<p x="0.33375" z="0.485" y="-0.16"/>
<p x="0.29625" z="0.3525" y="-0.14375"/>
<p x="0.237578" z="0.505742" y="-0.171211"/>
<p x="0.1925" z="0.41375" y="-0.15875"/>
<p x="0.33375" z="0.485" y="-0.16"/>
<p x="0.158039" z="0.288824" y="-0.136568"/>
<p x="0.29625" z="0.3525" y="-0.14375"/>
<p x="0.1925" z="0.41375" y="-0.15875"/>
<p x="0.33375" z="0.485" y="-0.16"/>
<p x="0.1925" z="0.41375" y="-0.15875"/>
<p x="0.29625" z="0.3525" y="-0.14375"/>
<p x="0.430625" z="0.436875" y="-0.138125"/>
<p x="0.36625" z="0.2925" y="-0.13625"/>
<p x="0.4925" z="0.34875" y="-0.11625"/>
<p x="0.309805" z="0.158724" y="-0.14098"/>
<p x="0.43625" z="0.20875" y="-0.13125"/>
<p x="0.36625" z="0.2925" y="-0.13625"/>
<p x="0.53766" z="0.261114" y="-0.10075"/>
<p x="0.4925" z="0.34875" y="-0.11625"/>
<p x="0.43625" z="0.20875" y="-0.13125"/>
<p x="0.36625" z="0.2925" y="-0.13625"/>
<p x="0.43625" z="0.20875" y="-0.13125"/>
<p x="0.4925" z="0.34875" y="-0.11625"/>
<p x="0.158039" z="0.288824" y="-0.136568"/>
<p x="0.24875" z="0.23875" y="-0.1325"/>
<p x="0.29625" z="0.3525" y="-0.14375"/>
<p x="0.309805" z="0.158724" y="-0.14098"/>
<p x="0.36625" z="0.2925" y="-0.13625"/>
<p x="0.24875" z="0.23875" y="-0.1325"/>
<p x="0.430625" z="0.436875" y="-0.138125"/>
<p x="0.29625" z="0.3525" y="-0.14375"/>
<p x="0.36625" z="0.2925" y="-0.13625"/>
<p x="0.24875" z="0.23875" y="-0.1325"/>
<p x="0.36625" z="0.2925" y="-0.13625"/>
<p x="0.29625" z="0.3525" y="-0.14375"/>
<p x="0.154113" z="0.12" y="-0.0867275"/>
<p x="0.21375" z="0.13875" y="-0.1175"/>
<p x="0.16875" z="0.19125" y="-0.1075"/>
<p x="0.309805" z="0.158724" y="-0.14098"/>
<p x="0.24875" z="0.23875" y="-0.1325"/>
<p x="0.21375" z="0.13875" y="-0.1175"/>
<p x="0.158039" z="0.288824" y="-0.136568"/>
<p x="0.16875" z="0.19125" y="-0.1075"/>
<p x="0.24875" z="0.23875" y="-0.1325"/>
<p x="0.21375" z="0.13875" y="-0.1175"/>
<p x="0.24875" z="0.23875" y="-0.1325"/>
<p x="0.16875" z="0.19125" y="-0.1075"/>
<p x="0.154113" z="0.12" y="-0.0867275"/>
<p x="0.16875" z="0.19125" y="-0.1075"/>
<p x="0.115" z="0.14375" y="-0.07"/>
<p x="0.158039" z="0.288824" y="-0.136568"/>
<p x="0.1075" z="0.205" y="-0.1"/>
<p x="0.16875" z="0.19125" y="-0.1075"/>
<p x="0.0803125" z="0.158789" y="-0.0721094"/>
<p x="0.115" z="0.14375" y="-0.07"/>
<p x="0.1075" z="0.205" y="-0.1"/>
<p x="0.16875" z="0.19125" y="-0.1075"/>
<p x="0.1075" z="0.205" y="-0.1"/>
<p x="0.115" z="0.14375" y="-0.07"/>
<p x="-0.05375" z="0.200625" y="-0.1225"/>
<p x="0.03625" z="0.17375" y="-0.085"/>
<p x="0.03875" z="0.27" y="-0.13"/>
<p x="0.0803125" z="0.158789" y="-0.0721094"/>
<p x="0.1075" z="0.205" y="-0.1"/>
<p x="0.03625" z="0.17375" y="-0.085"/>
<p x="0.158039" z="0.288824" y="-0.136568"/>
<p x="0.03875" z="0.27" y="-0.13"/>
<p x="0.1075" z="0.205" y="-0.1"/>
<p x="0.03625" z="0.17375" y="-0.085"/>
<p x="0.1075" z="0.205" y="-0.1"/>
<p x="0.03875" z="0.27" y="-0.13"/>
<p x="-0.05375" z="0.200625" y="-0.1225"/>
<p x="-0.0225" z="0.1125" y="-0.07125"/>
<p x="0.03625" z="0.17375" y="-0.085"/>
<p x="0.019375" z="0.04" y="-0.046875"/>
<p x="0.05125" z="0.11125" y="-0.0475"/>
<p x="-0.0225" z="0.1125" y="-0.07125"/>
<p x="0.0803125" z="0.158789" y="-0.0721094"/>
<p x="0.03625" z="0.17375" y="-0.085"/>
<p x="0.05125" z="0.11125" y="-0.0475"/>
<p x="-0.0225" z="0.1125" y="-0.07125"/>
<p x="0.05125" z="0.11125" y="-0.0475"/>
<p x="0.03625" z="0.17375" y="-0.085"/>
<p x="0.0803125" z="0.158789" y="-0.0721094"/>
<p x="0.05125" z="0.11125" y="-0.0475"/>
<p x="0.115" z="0.14375" y="-0.07"/>
<p x="0.019375" z="0.04" y="-0.046875"/>
<p x="0.09625" z="0.07125" y="-0.055"/>
<p x="0.05125" z="0.11125" y="-0.0475"/>
<p x="0.154113" z="0.12" y="-0.0867275"/>
<p x="0.115" z="0.14375" y="-0.07"/>
<p x="0.09625" z="0.07125" y="-0.055"/>
<p x="0.05125" z="0.11125" y="-0.0475"/>
<p x="0.09625" z="0.07125" y="-0.055"/>
<p x="0.115" z="0.14375" y="-0.07"/>
<p x="0.158039" z="0.288824" y="-0.136568"/>
<p x="0.0425" z="0.40125" y="-0.16375"/>
<p x="0.03875" z="0.27" y="-0.13"/>
<p x="-0.0911681" z="0.541168" y="-0.194391"/>
<p x="-0.085" z="0.33625" y="-0.16375"/>
<p x="0.0425" z="0.40125" y="-0.16375"/>
<p x="-0.05375" z="0.200625" y="-0.1225"/>
<p x="0.03875" z="0.27" y="-0.13"/>
<p x="-0.085" z="0.33625" y="-0.16375"/>
<p x="0.0425" z="0.40125" y="-0.16375"/>
<p x="-0.085" z="0.33625" y="-0.16375"/>
<p x="0.03875" z="0.27" y="-0.13"/>
<p x="0.237578" z="0.505742" y="-0.171211"/>
<p x="0.12375" z="0.53" y="-0.1825"/>
<p x="0.1925" z="0.41375" y="-0.15875"/>
<p x="-0.0911681" z="0.541168" y="-0.194391"/>
<p x="0.0425" z="0.40125" y="-0.16375"/>
<p x="0.12375" z="0.53" y="-0.1825"/>
<p x="0.158039" z="0.288824" y="-0.136568"/>
<p x="0.1925" z="0.41375" y="-0.15875"/>
<p x="0.0425" z="0.40125" y="-0.16375"/>
<p x="0.12375" z="0.53" y="-0.1825"/>
<p x="0.0425" z="0.40125" y="-0.16375"/>
<p x="0.1925" z="0.41375" y="-0.15875"/>
<p x="0.403939" z="0.799182" y="-0.203589"/>
<p x="0.1425" z="0.67625" y="-0.20125"/>
<p x="0.2975" z="0.6125" y="-0.185"/>
<p x="-0.0911681" z="0.541168" y="-0.194391"/>
<p x="0.12375" z="0.53" y="-0.1825"/>
<p x="0.1425" z="0.67625" y="-0.20125"/>
<p x="0.237578" z="0.505742" y="-0.171211"/>
<p x="0.2975" z="0.6125" y="-0.185"/>
<p x="0.12375" z="0.53" y="-0.1825"/>
<p x="0.1425" z="0.67625" y="-0.20125"/>
<p x="0.12375" z="0.53" y="-0.1825"/>
<p x="0.2975" z="0.6125" y="-0.185"/>
<p x="-0.0815907" z="0.830182" y="-0.231023"/>
<p x="-0.0675" z="0.7075" y="-0.205"/>
<p x="0.13375" z="0.82375" y="-0.22375"/>
<p x="-0.0911681" z="0.541168" y="-0.194391"/>
<p x="0.1425" z="0.67625" y="-0.20125"/>
<p x="-0.0675" z="0.7075" y="-0.205"/>
<p x="0.403939" z="0.799182" y="-0.203589"/>
<p x="0.13375" z="0.82375" y="-0.22375"/>
<p x="0.1425" z="0.67625" y="-0.20125"/>
<p x="-0.0675" z="0.7075" y="-0.205"/>
<p x="0.1425" z="0.67625" y="-0.20125"/>
<p x="0.13375" z="0.82375" y="-0.22375"/>
<p x="0.5225" z="1.30062" y="-0.3225"/>
<p x="0.32375" z="1.22625" y="-0.335"/>
<p x="0.48" z="1.04125" y="-0.26125"/>
<p x="0.09125" z="1.16125" y="-0.331875"/>
<p x="0.2725" z="1.00625" y="-0.2725"/>
<p x="0.32375" z="1.22625" y="-0.335"/>
<p x="0.403939" z="0.799182" y="-0.203589"/>
<p x="0.48" z="1.04125" y="-0.26125"/>
<p x="0.2725" z="1.00625" y="-0.2725"/>
<p x="0.32375" z="1.22625" y="-0.335"/>
<p x="0.2725" z="1.00625" y="-0.2725"/>
<p x="0.48" z="1.04125" y="-0.26125"/>
<p x="0.403939" z="0.799182" y="-0.203589"/>
<p x="0.2725" z="1.00625" y="-0.2725"/>
<p x="0.13375" z="0.82375" y="-0.22375"/>
<p x="0.09125" z="1.16125" y="-0.331875"/>
<p x="0.01625" z="0.97" y="-0.27375"/>
<p x="0.2725" z="1.00625" y="-0.2725"/>
<p x="-0.0815907" z="0.830182" y="-0.231023"/>
<p x="0.13375" z="0.82375" y="-0.22375"/>
<p x="0.01625" z="0.97" y="-0.27375"/>
<p x="0.2725" z="1.00625" y="-0.2725"/>
<p x="0.01625" z="0.97" y="-0.27375"/>
<p x="0.13375" z="0.82375" y="-0.22375"/>
<p x="-0.0815907" z="0.830182" y="-0.231023"/>
<p x="0.01625" z="0.97" y="-0.27375"/>
<p x="-0.22625" z="0.92125" y="-0.28"/>
<p x="0.09125" z="1.16125" y="-0.331875"/>
<p x="-0.17375" z="1.08875" y="-0.34125"/>
<p x="0.01625" z="0.97" y="-0.27375"/>
<p x="-0.404375" z="1.00312" y="-0.324375"/>
<p x="-0.22625" z="0.92125" y="-0.28"/>
<p x="-0.17375" z="1.08875" y="-0.34125"/>
<p x="0.01625" z="0.97" y="-0.27375"/>
<p x="-0.17375" z="1.08875" y="-0.34125"/>
<p x="-0.22625" z="0.92125" y="-0.28"/>
<p x="-0.0815907" z="0.830182" y="-0.231023"/>
<p x="-0.22625" z="0.92125" y="-0.28"/>
<p x="-0.24375" z="0.7775" y="-0.22375"/>
<p x="-0.404375" z="1.00312" y="-0.324375"/>
<p x="-0.4075" z="0.8425" y="-0.24375"/>
<p x="-0.22625" z="0.92125" y="-0.28"/>
<p x="-0.366545" z="0.732432" y="-0.202523"/>
<p x="-0.24375" z="0.7775" y="-0.22375"/>
<p x="-0.4075" z="0.8425" y="-0.24375"/>
<p x="-0.22625" z="0.92125" y="-0.28"/>
<p x="-0.4075" z="0.8425" y="-0.24375"/>
<p x="-0.24375" z="0.7775" y="-0.22375"/>
<p x="-0.366545" z="0.732432" y="-0.202523"/>
<p x="-0.24125" z="0.6575" y="-0.20125"/>
<p x="-0.24375" z="0.7775" y="-0.22375"/>
<p x="-0.0911681" z="0.541168" y="-0.194391"/>
<p x="-0.0675" z="0.7075" y="-0.205"/>
<p x="-0.24125" z="0.6575" y="-0.20125"/>
<p x="-0.0815907" z="0.830182" y="-0.231023"/>
<p x="-0.24375" z="0.7775" y="-0.22375"/>
<p x="-0.0675" z="0.7075" y="-0.205"/>
<p x="-0.24125" z="0.6575" y="-0.20125"/>
<p x="-0.0675" z="0.7075" y="-0.205"/>
<p x="-0.24375" z="0.7775" y="-0.22375"/>
<p x="-0.396069" z="0.514681" y="-0.185704"/>
<p x="-0.2725" z="0.525" y="-0.20125"/>
<p x="-0.3875" z="0.63875" y="-0.1825"/>
<p x="-0.0911681" z="0.541168" y="-0.194391"/>
<p x="-0.24125" z="0.6575" y="-0.20125"/>
<p x="-0.2725" z="0.525" y="-0.20125"/>
<p x="-0.366545" z="0.732432" y="-0.202523"/>
<p x="-0.3875" z="0.63875" y="-0.1825"/>
<p x="-0.24125" z="0.6575" y="-0.20125"/>
<p x="-0.2725" z="0.525" y="-0.20125"/>
<p x="-0.24125" z="0.6575" y="-0.20125"/>
<p x="-0.3875" z="0.63875" y="-0.1825"/>
<p x="-0.341168" z="0.146027" y="-0.205593"/>
<p x="-0.22" z="0.08625" y="-0.17875"/>
<p x="-0.18625" z="0.2" y="-0.1675"/>
<p x="-0.136545" z="0.0424316" y="-0.150841"/>
<p x="-0.11875" z="0.11375" y="-0.1275"/>
<p x="-0.22" z="0.08625" y="-0.17875"/>
<p x="-0.05375" z="0.200625" y="-0.1225"/>
<p x="-0.18625" z="0.2" y="-0.1675"/>
<p x="-0.11875" z="0.11375" y="-0.1275"/>
<p x="-0.22" z="0.08625" y="-0.17875"/>
<p x="-0.11875" z="0.11375" y="-0.1275"/>
<p x="-0.18625" z="0.2" y="-0.1675"/>
<p x="-0.05375" z="0.200625" y="-0.1225"/>
<p x="-0.085" z="0.33625" y="-0.16375"/>
<p x="-0.18625" z="0.2" y="-0.1675"/>
<p x="-0.0911681" z="0.541168" y="-0.194391"/>
<p x="-0.22875" z="0.3525" y="-0.19375"/>
<p x="-0.085" z="0.33625" y="-0.16375"/>
<p x="-0.341168" z="0.146027" y="-0.205593"/>
<p x="-0.18625" z="0.2" y="-0.1675"/>
<p x="-0.22875" z="0.3525" y="-0.19375"/>
<p x="-0.085" z="0.33625" y="-0.16375"/>
<p x="-0.22875" z="0.3525" y="-0.19375"/>
<p x="-0.18625" z="0.2" y="-0.1675"/>
<p x="-0.341168" z="0.146027" y="-0.205593"/>
<p x="-0.22875" z="0.3525" y="-0.19375"/>
<p x="-0.35875" z="0.3525" y="-0.19875"/>
<p x="-0.0911681" z="0.541168" y="-0.194391"/>
<p x="-0.2725" z="0.525" y="-0.20125"/>
<p x="-0.22875" z="0.3525" y="-0.19375"/>
<p x="-0.396069" z="0.514681" y="-0.185704"/>
<p x="-0.35875" z="0.3525" y="-0.19875"/>
<p x="-0.2725" z="0.525" y="-0.20125"/>
<p x="-0.22875" z="0.3525" y="-0.19375"/>
<p x="-0.2725" z="0.525" y="-0.20125"/>
<p x="-0.35875" z="0.3525" y="-0.19875"/>
<p x="-0.341168" z="0.146027" y="-0.205593"/>
<p x="-0.35875" z="0.3525" y="-0.19875"/>
<p x="-0.47125" z="0.1975" y="-0.1925"/>
<p x="-0.396069" z="0.514681" y="-0.185704"/>
<p x="-0.49" z="0.39" y="-0.16875"/>
<p x="-0.35875" z="0.3525" y="-0.19875"/>
<p x="-0.595625" z="0.263125" y="-0.139375"/>
<p x="-0.47125" z="0.1975" y="-0.1925"/>
<p x="-0.49" z="0.39" y="-0.16875"/>
<p x="-0.35875" z="0.3525" y="-0.19875"/>
<p x="-0.49" z="0.39" y="-0.16875"/>
<p x="-0.47125" z="0.1975" y="-0.1925"/>
<p x="-1.50784" z="0.682056" y="1.2097"/>
<p x="-1.43" z="0.8625" y="0.85"/>
<p x="-1.44625" z="0.95875" y="1.1675"/>
<p x="-1.36177" z="1.0103" y="0.516674"/>
<p x="-1.44375" z="1.16625" y="0.8575"/>
<p x="-1.43" z="0.8625" y="0.85"/>
<p x="-1.45318" z="1.22327" y="1.15457"/>
<p x="-1.44625" z="0.95875" y="1.1675"/>
<p x="-1.44375" z="1.16625" y="0.8575"/>
<p x="-1.43" z="0.8625" y="0.85"/>
<p x="-1.44375" z="1.16625" y="0.8575"/>
<p x="-1.44625" z="0.95875" y="1.1675"/>
<p x="-1.4298" z="0.482151" y="0.53"/>
<p x="-1.3675" z="0.745" y="0.55125"/>
<p x="-1.4725" z="0.6325" y="0.84875"/>
<p x="-1.36177" z="1.0103" y="0.516674"/>
<p x="-1.43" z="0.8625" y="0.85"/>
<p x="-1.3675" z="0.745" y="0.55125"/>
<p x="-1.50784" z="0.682056" y="1.2097"/>
<p x="-1.4725" z="0.6325" y="0.84875"/>
<p x="-1.43" z="0.8625" y="0.85"/>
<p x="-1.3675" z="0.745" y="0.55125"/>
<p x="-1.43" z="0.8625" y="0.85"/>
<p x="-1.4725" z="0.6325" y="0.84875"/>
<p x="-1.105" z="0.2975" y="0.18"/>
<p x="-1.11625" z="0.47625" y="0.2175"/>
<p x="-1.27125" z="0.385" y="0.3175"/>
<p x="-1.15018" z="0.628318" y="0.232796"/>
<p x="-1.26" z="0.6025" y="0.35375"/>
<p x="-1.11625" z="0.47625" y="0.2175"/>
<p x="-1.4298" z="0.482151" y="0.53"/>
<p x="-1.27125" z="0.385" y="0.3175"/>
<p x="-1.26" z="0.6025" y="0.35375"/>
<p x="-1.11625" z="0.47625" y="0.2175"/>
<p x="-1.26" z="0.6025" y="0.35375"/>
<p x="-1.27125" z="0.385" y="0.3175"/>
<p x="-1.15018" z="0.628318" y="0.232796"/>
<p x="-1.2525" z="0.7825" y="0.3325"/>
<p x="-1.26" z="0.6025" y="0.35375"/>
<p x="-1.36177" z="1.0103" y="0.516674"/>
<p x="-1.3675" z="0.745" y="0.55125"/>
<p x="-1.2525" z="0.7825" y="0.3325"/>
<p x="-1.4298" z="0.482151" y="0.53"/>
<p x="-1.26" z="0.6025" y="0.35375"/>
<p x="-1.3675" z="0.745" y="0.55125"/>
<p x="-1.2525" z="0.7825" y="0.3325"/>
<p x="-1.3675" z="0.745" y="0.55125"/>
<p x="-1.26" z="0.6025" y="0.35375"/>
<p x="-1.14137" z="0.859905" y="0.16088"/>
<p x="-1.26" z="0.9325" y="0.3"/>
<p x="-1.1375" z="0.72875" y="0.20375"/>
<p x="-1.36177" z="1.0103" y="0.516674"/>
<p x="-1.2525" z="0.7825" y="0.3325"/>
<p x="-1.26" z="0.9325" y="0.3"/>
<p x="-1.15018" z="0.628318" y="0.232796"/>
<p x="-1.1375" z="0.72875" y="0.20375"/>
<p x="-1.2525" z="0.7825" y="0.3325"/>
<p x="-1.26" z="0.9325" y="0.3"/>
<p x="-1.2525" z="0.7825" y="0.3325"/>
<p x="-1.1375" z="0.72875" y="0.20375"/>
<p x="-1.14137" z="0.859905" y="0.16088"/>
<p x="-0.99875" z="0.64375" y="0.1"/>
<p x="-0.94375" z="0.765" y="0.03125"/>
<p x="-0.896875" z="0.461875" y="0.04875"/>
<p x="-0.82375" z="0.555" y="-0.0050"/>
<p x="-0.99875" z="0.64375" y="0.1"/>
<p x="-0.721168" z="0.707647" y="-0.0884481"/>
<p x="-0.94375" z="0.765" y="0.03125"/>
<p x="-0.82375" z="0.555" y="-0.0050"/>
<p x="-0.99875" z="0.64375" y="0.1"/>
<p x="-0.82375" z="0.555" y="-0.0050"/>
<p x="-0.94375" z="0.765" y="0.03125"/>
<p x="-1.15018" z="0.628318" y="0.232796"/>
<p x="-1.03375" z="0.5475" y="0.13625"/>
<p x="-1.1375" z="0.72875" y="0.20375"/>
<p x="-0.896875" z="0.461875" y="0.04875"/>
<p x="-0.99875" z="0.64375" y="0.1"/>
<p x="-1.03375" z="0.5475" y="0.13625"/>
<p x="-1.14137" z="0.859905" y="0.16088"/>
<p x="-1.1375" z="0.72875" y="0.20375"/>
<p x="-0.99875" z="0.64375" y="0.1"/>
<p x="-1.03375" z="0.5475" y="0.13625"/>
<p x="-0.99875" z="0.64375" y="0.1"/>
<p x="-1.1375" z="0.72875" y="0.20375"/>
<p x="-1.105" z="0.2975" y="0.18"/>
<p x="-0.985" z="0.39125" y="0.115"/>
<p x="-1.11625" z="0.47625" y="0.2175"/>
<p x="-0.896875" z="0.461875" y="0.04875"/>
<p x="-1.03375" z="0.5475" y="0.13625"/>
<p x="-0.985" z="0.39125" y="0.115"/>
<p x="-1.15018" z="0.628318" y="0.232796"/>
<p x="-1.11625" z="0.47625" y="0.2175"/>
<p x="-1.03375" z="0.5475" y="0.13625"/>
<p x="-0.985" z="0.39125" y="0.115"/>
<p x="-1.03375" z="0.5475" y="0.13625"/>
<p x="-1.11625" z="0.47625" y="0.2175"/>
<p x="-0.855704" z="0.201499" y="0.0039311"/>
<p x="-0.8625" z="0.3175" y="0.03"/>
<p x="-0.97125" z="0.245" y="0.0875"/>
<p x="-0.896875" z="0.461875" y="0.04875"/>
<p x="-0.985" z="0.39125" y="0.115"/>
<p x="-0.8625" z="0.3175" y="0.03"/>
<p x="-1.105" z="0.2975" y="0.18"/>
<p x="-0.97125" z="0.245" y="0.0875"/>
<p x="-0.985" z="0.39125" y="0.115"/>
<p x="-0.8625" z="0.3175" y="0.03"/>
<p x="-0.985" z="0.39125" y="0.115"/>
<p x="-0.97125" z="0.245" y="0.0875"/>
<p x="-0.595625" z="0.263125" y="-0.139375"/>
<p x="-0.745" z="0.36375" y="-0.04875"/>
<p x="-0.72625" z="0.21875" y="-0.0725"/>
<p x="-0.896875" z="0.461875" y="0.04875"/>
<p x="-0.8625" z="0.3175" y="0.03"/>
<p x="-0.745" z="0.36375" y="-0.04875"/>
<p x="-0.855704" z="0.201499" y="0.0039311"/>
<p x="-0.72625" z="0.21875" y="-0.0725"/>
<p x="-0.8625" z="0.3175" y="0.03"/>
<p x="-0.745" z="0.36375" y="-0.04875"/>
<p x="-0.8625" z="0.3175" y="0.03"/>
<p x="-0.72625" z="0.21875" y="-0.0725"/>
<p x="-0.721168" z="0.707647" y="-0.0884481"/>
<p x="-0.82375" z="0.555" y="-0.0050"/>
<p x="-0.6475" z="0.4625" y="-0.1025"/>
<p x="-0.896875" z="0.461875" y="0.04875"/>
<p x="-0.745" z="0.36375" y="-0.04875"/>
<p x="-0.82375" z="0.555" y="-0.0050"/>
<p x="-0.595625" z="0.263125" y="-0.139375"/>
<p x="-0.6475" z="0.4625" y="-0.1025"/>
<p x="-0.745" z="0.36375" y="-0.04875"/>
<p x="-0.82375" z="0.555" y="-0.0050"/>
<p x="-0.745" z="0.36375" y="-0.04875"/>
<p x="-0.6475" z="0.4625" y="-0.1025"/>
<p x="-0.721168" z="0.707647" y="-0.0884481"/>
<p x="-0.6475" z="0.4625" y="-0.1025"/>
<p x="-0.535" z="0.58125" y="-0.1425"/>
<p x="-0.595625" z="0.263125" y="-0.139375"/>
<p x="-0.49" z="0.39" y="-0.16875"/>
<p x="-0.6475" z="0.4625" y="-0.1025"/>
<p x="-0.396069" z="0.514681" y="-0.185704"/>
<p x="-0.535" z="0.58125" y="-0.1425"/>
<p x="-0.49" z="0.39" y="-0.16875"/>
<p x="-0.6475" z="0.4625" y="-0.1025"/>
<p x="-0.49" z="0.39" y="-0.16875"/>
<p x="-0.535" z="0.58125" y="-0.1425"/>
<p x="-0.721168" z="0.707647" y="-0.0884481"/>
<p x="-0.535" z="0.58125" y="-0.1425"/>
<p x="-0.52" z="0.7275" y="-0.1675"/>
<p x="-0.396069" z="0.514681" y="-0.185704"/>
<p x="-0.3875" z="0.63875" y="-0.1825"/>
<p x="-0.535" z="0.58125" y="-0.1425"/>
<p x="-0.366545" z="0.732432" y="-0.202523"/>
<p x="-0.52" z="0.7275" y="-0.1675"/>
<p x="-0.3875" z="0.63875" y="-0.1825"/>
<p x="-0.535" z="0.58125" y="-0.1425"/>
<p x="-0.3875" z="0.63875" y="-0.1825"/>
<p x="-0.52" z="0.7275" y="-0.1675"/>
<p x="-0.366545" z="0.732432" y="-0.202523"/>
<p x="-0.4075" z="0.8425" y="-0.24375"/>
<p x="-0.52" z="0.7275" y="-0.1675"/>
<p x="-0.404375" z="1.00312" y="-0.324375"/>
<p x="-0.5725" z="0.875" y="-0.225"/>
<p x="-0.4075" z="0.8425" y="-0.24375"/>
<p x="-0.721168" z="0.707647" y="-0.0884481"/>
<p x="-0.52" z="0.7275" y="-0.1675"/>
<p x="-0.5725" z="0.875" y="-0.225"/>
<p x="-0.4075" z="0.8425" y="-0.24375"/>
<p x="-0.5725" z="0.875" y="-0.225"/>
<p x="-0.52" z="0.7275" y="-0.1675"/>
<p x="-0.404375" z="1.00312" y="-0.324375"/>
<p x="-0.5625" z="1.08" y="-0.32625"/>
<p x="-0.5725" z="0.875" y="-0.225"/>
<p x="-0.693125" z="1.2025" y="-0.321875"/>
<p x="-0.71125" z="0.97" y="-0.21375"/>
<p x="-0.5625" z="1.08" y="-0.32625"/>
<p x="-0.721168" z="0.707647" y="-0.0884481"/>
<p x="-0.5725" z="0.875" y="-0.225"/>
<p x="-0.71125" z="0.97" y="-0.21375"/>
<p x="-0.5625" z="1.08" y="-0.32625"/>
<p x="-0.71125" z="0.97" y="-0.21375"/>
<p x="-0.5725" z="0.875" y="-0.225"/>
<p x="-0.721168" z="0.707647" y="-0.0884481"/>
<p x="-0.8725" z="0.935" y="-0.09875"/>
<p x="-0.94375" z="0.765" y="0.03125"/>
<p x="-0.980625" z="1.13625" y="-0.123125"/>
<p x="-1.0475" z="0.97125" y="0.01375"/>
<p x="-0.8725" z="0.935" y="-0.09875"/>
<p x="-1.14137" z="0.859905" y="0.16088"/>
<p x="-0.94375" z="0.765" y="0.03125"/>
<p x="-1.0475" z="0.97125" y="0.01375"/>
<p x="-0.8725" z="0.935" y="-0.09875"/>
<p x="-1.0475" z="0.97125" y="0.01375"/>
<p x="-0.94375" z="0.765" y="0.03125"/>
<p x="-0.721168" z="0.707647" y="-0.0884481"/>
<p x="-0.71125" z="0.97" y="-0.21375"/>
<p x="-0.8725" z="0.935" y="-0.09875"/>
<p x="-0.693125" z="1.2025" y="-0.321875"/>
<p x="-0.82875" z="1.135" y="-0.22625"/>
<p x="-0.71125" z="0.97" y="-0.21375"/>
<p x="-0.980625" z="1.13625" y="-0.123125"/>
<p x="-0.8725" z="0.935" y="-0.09875"/>
<p x="-0.82875" z="1.135" y="-0.22625"/>
<p x="-0.71125" z="0.97" y="-0.21375"/>
<p x="-0.82875" z="1.135" y="-0.22625"/>
<p x="-0.8725" z="0.935" y="-0.09875"/>
<p x="-0.980625" z="1.13625" y="-0.123125"/>
<p x="-0.82875" z="1.135" y="-0.22625"/>
<p x="-0.94625" z="1.29125" y="-0.21"/>
<p x="-0.693125" z="1.2025" y="-0.321875"/>
<p x="-0.81375" z="1.335" y="-0.3075"/>
<p x="-0.82875" z="1.135" y="-0.22625"/>
<p x="-0.917568" z="1.4285" y="-0.276636"/>
<p x="-0.94625" z="1.29125" y="-0.21"/>
<p x="-0.81375" z="1.335" y="-0.3075"/>
<p x="-0.82875" z="1.135" y="-0.22625"/>
<p x="-0.81375" z="1.335" y="-0.3075"/>
<p x="-0.94625" z="1.29125" y="-0.21"/>
<p x="-0.917568" z="1.4285" y="-0.276636"/>
<p x="-1.0525" z="1.44375" y="-0.18875"/>
<p x="-0.94625" z="1.29125" y="-0.21"/>
<p x="-1.2302" z="1.48167" y="-0.0450975"/>
<p x="-1.09875" z="1.31" y="-0.1"/>
<p x="-1.0525" z="1.44375" y="-0.18875"/>
<p x="-0.980625" z="1.13625" y="-0.123125"/>
<p x="-0.94625" z="1.29125" y="-0.21"/>
<p x="-1.09875" z="1.31" y="-0.1"/>
<p x="-1.0525" z="1.44375" y="-0.18875"/>
<p x="-1.09875" z="1.31" y="-0.1"/>
<p x="-0.94625" z="1.29125" y="-0.21"/>
<p x="-1.22457" z="1.18969" y="0.0763672"/>
<p x="-1.1325" z="1.16" y="-0.01"/>
<p x="-1.2325" z="1.31125" y="0.03125"/>
<p x="-0.980625" z="1.13625" y="-0.123125"/>
<p x="-1.09875" z="1.31" y="-0.1"/>
<p x="-1.1325" z="1.16" y="-0.01"/>
<p x="-1.2302" z="1.48167" y="-0.0450975"/>
<p x="-1.2325" z="1.31125" y="0.03125"/>
<p x="-1.09875" z="1.31" y="-0.1"/>
<p x="-1.1325" z="1.16" y="-0.01"/>
<p x="-1.09875" z="1.31" y="-0.1"/>
<p x="-1.2325" z="1.31125" y="0.03125"/>
<p x="-1.22457" z="1.18969" y="0.0763672"/>
<p x="-1.2025" z="1.06375" y="0.1175"/>
<p x="-1.1325" z="1.16" y="-0.01"/>
<p x="-1.14137" z="0.859905" y="0.16088"/>
<p x="-1.0475" z="0.97125" y="0.01375"/>
<p x="-1.2025" z="1.06375" y="0.1175"/>
<p x="-0.980625" z="1.13625" y="-0.123125"/>
<p x="-1.1325" z="1.16" y="-0.01"/>
<p x="-1.0475" z="0.97125" y="0.01375"/>
<p x="-1.2025" z="1.06375" y="0.1175"/>
<p x="-1.0475" z="0.97125" y="0.01375"/>
<p x="-1.1325" z="1.16" y="-0.01"/>
<p x="-1.14137" z="0.859905" y="0.16088"/>
<p x="-1.2025" z="1.06375" y="0.1175"/>
<p x="-1.2925" z="1.08625" y="0.25"/>
<p x="-1.22457" z="1.18969" y="0.0763672"/>
<p x="-1.30125" z="1.235" y="0.1625"/>
<p x="-1.2025" z="1.06375" y="0.1175"/>
<p x="-1.41314" z="1.37579" y="0.323237"/>
<p x="-1.2925" z="1.08625" y="0.25"/>
<p x="-1.30125" z="1.235" y="0.1625"/>
<p x="-1.2025" z="1.06375" y="0.1175"/>
<p x="-1.30125" z="1.235" y="0.1625"/>
<p x="-1.2925" z="1.08625" y="0.25"/>
<p x="-1.41314" z="1.37579" y="0.323237"/>
<p x="-1.3825" z="1.2225" y="0.42125"/>
<p x="-1.2925" z="1.08625" y="0.25"/>
<p x="-1.36177" z="1.0103" y="0.516674"/>
<p x="-1.26" z="0.9325" y="0.3"/>
<p x="-1.3825" z="1.2225" y="0.42125"/>
<p x="-1.14137" z="0.859905" y="0.16088"/>
<p x="-1.2925" z="1.08625" y="0.25"/>
<p x="-1.26" z="0.9325" y="0.3"/>
<p x="-1.3825" z="1.2225" y="0.42125"/>
<p x="-1.26" z="0.9325" y="0.3"/>
<p x="-1.2925" z="1.08625" y="0.25"/>
<p x="-1.45318" z="1.22327" y="1.15457"/>
<p x="-1.44375" z="1.16625" y="0.8575"/>
<p x="-1.49125" z="1.5075" y="1.02625"/>
<p x="-1.36177" z="1.0103" y="0.516674"/>
<p x="-1.46375" z="1.42" y="0.6875"/>
<p x="-1.44375" z="1.16625" y="0.8575"/>
<p x="-1.57431" z="1.85744" y="0.938925"/>
<p x="-1.49125" z="1.5075" y="1.02625"/>
<p x="-1.46375" z="1.42" y="0.6875"/>
<p x="-1.44375" z="1.16625" y="0.8575"/>
<p x="-1.46375" z="1.42" y="0.6875"/>
<p x="-1.49125" z="1.5075" y="1.02625"/>
<p x="-1.57431" z="1.85744" y="0.938925"/>
<p x="-1.46375" z="1.42" y="0.6875"/>
<p x="-1.50875" z="1.605" y="0.59375"/>
<p x="-1.36177" z="1.0103" y="0.516674"/>
<p x="-1.3825" z="1.2225" y="0.42125"/>
<p x="-1.46375" z="1.42" y="0.6875"/>
<p x="-1.41314" z="1.37579" y="0.323237"/>
<p x="-1.50875" z="1.605" y="0.59375"/>
<p x="-1.3825" z="1.2225" y="0.42125"/>
<p x="-1.46375" z="1.42" y="0.6875"/>
<p x="-1.3825" z="1.2225" y="0.42125"/>
<p x="-1.50875" z="1.605" y="0.59375"/>
<p x="-1.2302" z="1.48167" y="-0.0450975"/>
<p x="-1.38875" z="1.57375" y="0.0975"/>
<p x="-1.34375" z="1.415" y="0.13625"/>
<p x="-1.50655" z="1.69793" y="0.218227"/>
<p x="-1.46875" z="1.56125" y="0.27625"/>
<p x="-1.38875" z="1.57375" y="0.0975"/>
<p x="-1.41314" z="1.37579" y="0.323237"/>
<p x="-1.34375" z="1.415" y="0.13625"/>
<p x="-1.46875" z="1.56125" y="0.27625"/>
<p x="-1.38875" z="1.57375" y="0.0975"/>
<p x="-1.46875" z="1.56125" y="0.27625"/>
<p x="-1.34375" z="1.415" y="0.13625"/>
<p x="-1.34579" z="0.827939" y="1.71764"/>
<p x="-1.48875" z="0.57875" y="1.65"/>
<p x="-1.44" z="0.79" y="1.47625"/>
<p x="-1.59215" z="0.424531" y="1.57461"/>
<p x="-1.56125" z="0.53375" y="1.465"/>
<p x="-1.48875" z="0.57875" y="1.65"/>
<p x="-1.50784" z="0.682056" y="1.2097"/>
<p x="-1.44" z="0.79" y="1.47625"/>
<p x="-1.56125" z="0.53375" y="1.465"/>
<p x="-1.48875" z="0.57875" y="1.65"/>
<p x="-1.56125" z="0.53375" y="1.465"/>
<p x="-1.44" z="0.79" y="1.47625"/>
<p x="-1.34579" z="0.827939" y="1.71764"/>
<p x="-1.44" z="0.79" y="1.47625"/>
<p x="-1.405" z="1.06625" y="1.44375"/>
<p x="-1.50784" z="0.682056" y="1.2097"/>
<p x="-1.44625" z="0.95875" y="1.1675"/>
<p x="-1.44" z="0.79" y="1.47625"/>
<p x="-1.45318" z="1.22327" y="1.15457"/>
<p x="-1.405" z="1.06625" y="1.44375"/>
<p x="-1.44625" z="0.95875" y="1.1675"/>
<p x="-1.44" z="0.79" y="1.47625"/>
<p x="-1.44625" z="0.95875" y="1.1675"/>
<p x="-1.405" z="1.06625" y="1.44375"/>
<p x="-1.59215" z="0.424531" y="1.57461"/>
<p x="-1.48875" z="0.57875" y="1.65"/>
<p x="-1.60625" z="0.32" y="1.64875"/>
<p x="-1.34579" z="0.827939" y="1.71764"/>
<p x="-1.44875" z="0.48875" y="1.7725"/>
<p x="-1.48875" z="0.57875" y="1.65"/>
<p x="-1.59206" z="0.151276" y="1.76441"/>
<p x="-1.60625" z="0.32" y="1.64875"/>
<p x="-1.44875" z="0.48875" y="1.7725"/>
<p x="-1.48875" z="0.57875" y="1.65"/>
<p x="-1.44875" z="0.48875" y="1.7725"/>
<p x="-1.60625" z="0.32" y="1.64875"/>
<p x="-1.34579" z="0.827939" y="1.71764"/>
<p x="-1.275" z="0.6475" y="1.8925"/>
<p x="-1.44875" z="0.48875" y="1.7725"/>
<p x="-1.19562" z="0.509375" y="2.00312"/>
<p x="-1.3875" z="0.38" y="1.87875"/>
<p x="-1.275" z="0.6475" y="1.8925"/>
<p x="-1.59206" z="0.151276" y="1.76441"/>
<p x="-1.44875" z="0.48875" y="1.7725"/>
<p x="-1.3875" z="0.38" y="1.87875"/>
<p x="-1.275" z="0.6475" y="1.8925"/>
<p x="-1.3875" z="0.38" y="1.87875"/>
<p x="-1.44875" z="0.48875" y="1.7725"/>
<p x="-1.11125" z="0.9575" y="2.08625"/>
<p x="-1.1325" z="0.7125" y="2.04125"/>
<p x="-1.23" z="0.92" y="1.9075"/>
<p x="-1.19562" z="0.509375" y="2.00312"/>
<p x="-1.275" z="0.6475" y="1.8925"/>
<p x="-1.1325" z="0.7125" y="2.04125"/>
<p x="-1.34579" z="0.827939" y="1.71764"/>
<p x="-1.23" z="0.92" y="1.9075"/>
<p x="-1.275" z="0.6475" y="1.8925"/>
<p x="-1.1325" z="0.7125" y="2.04125"/>
<p x="-1.275" z="0.6475" y="1.8925"/>
<p x="-1.23" z="0.92" y="1.9075"/>
<p x="-1.34579" z="0.827939" y="1.71764"/>
<p x="-1.33875" z="1.1775" y="1.695"/>
<p x="-1.23" z="0.92" y="1.9075"/>
<p x="-1.39461" z="1.58441" y="1.7049"/>
<p x="-1.24875" z="1.2525" y="1.9275"/>
<p x="-1.33875" z="1.1775" y="1.695"/>
<p x="-1.11125" z="0.9575" y="2.08625"/>
<p x="-1.23" z="0.92" y="1.9075"/>
<p x="-1.24875" z="1.2525" y="1.9275"/>
<p x="-1.33875" z="1.1775" y="1.695"/>
<p x="-1.24875" z="1.2525" y="1.9275"/>
<p x="-1.23" z="0.92" y="1.9075"/>
<p x="-1.45318" z="1.22327" y="1.15457"/>
<p x="-1.43875" z="1.40125" y="1.38625"/>
<p x="-1.405" z="1.06625" y="1.44375"/>
<p x="-1.39461" z="1.58441" y="1.7049"/>
<p x="-1.33875" z="1.1775" y="1.695"/>
<p x="-1.43875" z="1.40125" y="1.38625"/>
<p x="-1.34579" z="0.827939" y="1.71764"/>
<p x="-1.405" z="1.06625" y="1.44375"/>
<p x="-1.33875" z="1.1775" y="1.695"/>
<p x="-1.43875" z="1.40125" y="1.38625"/>
<p x="-1.33875" z="1.1775" y="1.695"/>
<p x="-1.405" z="1.06625" y="1.44375"/>
<p x="-1.57431" z="1.85744" y="0.938925"/>
<p x="-1.51625" z="1.77625" y="1.33625"/>
<p x="-1.49125" z="1.5075" y="1.02625"/>
<p x="-1.39461" z="1.58441" y="1.7049"/>
<p x="-1.43875" z="1.40125" y="1.38625"/>
<p x="-1.51625" z="1.77625" y="1.33625"/>
<p x="-1.45318" z="1.22327" y="1.15457"/>
<p x="-1.49125" z="1.5075" y="1.02625"/>
<p x="-1.43875" z="1.40125" y="1.38625"/>
<p x="-1.51625" z="1.77625" y="1.33625"/>
<p x="-1.43875" z="1.40125" y="1.38625"/>
<p x="-1.49125" z="1.5075" y="1.02625"/>
<p x="-1.36309" z="0.136272" y="1.99102"/>
<p x="-1.4775" z="-0.06125" y="1.99"/>
<p x="-1.4775" z="0.145" y="1.9025"/>
<p x="-1.5796" z="-0.359415" y="2.01951"/>
<p x="-1.615" z="-0.11" y="1.88625"/>
<p x="-1.4775" z="-0.06125" y="1.99"/>
<p x="-1.59206" z="0.151276" y="1.76441"/>
<p x="-1.4775" z="0.145" y="1.9025"/>
<p x="-1.615" z="-0.11" y="1.88625"/>
<p x="-1.4775" z="-0.06125" y="1.99"/>
<p x="-1.615" z="-0.11" y="1.88625"/>
<p x="-1.4775" z="0.145" y="1.9025"/>
<p x="-1.59206" z="0.151276" y="1.76441"/>
<p x="-1.3875" z="0.38" y="1.87875"/>
<p x="-1.4775" z="0.145" y="1.9025"/>
<p x="-1.19562" z="0.509375" y="2.00312"/>
<p x="-1.29375" z="0.31125" y="1.9775"/>
<p x="-1.3875" z="0.38" y="1.87875"/>
<p x="-1.36309" z="0.136272" y="1.99102"/>
<p x="-1.4775" z="0.145" y="1.9025"/>
<p x="-1.29375" z="0.31125" y="1.9775"/>
<p x="-1.3875" z="0.38" y="1.87875"/>
<p x="-1.29375" z="0.31125" y="1.9775"/>
<p x="-1.4775" z="0.145" y="1.9025"/>
<p x="-1.36309" z="0.136272" y="1.99102"/>
<p x="-1.29375" z="0.31125" y="1.9775"/>
<p x="-1.20125" z="0.19375" y="2.05875"/>
<p x="-1.19562" z="0.509375" y="2.00312"/>
<p x="-1.10875" z="0.37375" y="2.07625"/>
<p x="-1.29375" z="0.31125" y="1.9775"/>
<p x="-1.03625" z="0.219375" y="2.12188"/>
<p x="-1.20125" z="0.19375" y="2.05875"/>
<p x="-1.10875" z="0.37375" y="2.07625"/>
<p x="-1.29375" z="0.31125" y="1.9775"/>
<p x="-1.10875" z="0.37375" y="2.07625"/>
<p x="-1.20125" z="0.19375" y="2.05875"/>
<p x="-1.21682" z="-0.156454" y="2.15468"/>
<p x="-1.37625" z="-0.2475" y="2.10875"/>
<p x="-1.3" z="-0.01375" y="2.0775"/>
<p x="-1.5796" z="-0.359415" y="2.01951"/>
<p x="-1.4775" z="-0.06125" y="1.99"/>
<p x="-1.37625" z="-0.2475" y="2.10875"/>
<p x="-1.36309" z="0.136272" y="1.99102"/>
<p x="-1.3" z="-0.01375" y="2.0775"/>
<p x="-1.4775" z="-0.06125" y="1.99"/>
<p x="-1.37625" z="-0.2475" y="2.10875"/>
<p x="-1.4775" z="-0.06125" y="1.99"/>
<p x="-1.3" z="-0.01375" y="2.0775"/>
<p x="-1.21682" z="-0.156454" y="2.15468"/>
<p x="-1.3" z="-0.01375" y="2.0775"/>
<p x="-1.13" z="0.03" y="2.13125"/>
<p x="-1.36309" z="0.136272" y="1.99102"/>
<p x="-1.20125" z="0.19375" y="2.05875"/>
<p x="-1.3" z="-0.01375" y="2.0775"/>
<p x="-1.03625" z="0.219375" y="2.12188"/>
<p x="-1.13" z="0.03" y="2.13125"/>
<p x="-1.20125" z="0.19375" y="2.05875"/>
<p x="-1.3" z="-0.01375" y="2.0775"/>
<p x="-1.20125" z="0.19375" y="2.05875"/>
<p x="-1.13" z="0.03" y="2.13125"/>
<p x="-1.21682" z="-0.156454" y="2.15468"/>
<p x="-1.13" z="0.03" y="2.13125"/>
<p x="-1.0975" z="-0.14125" y="2.17625"/>
<p x="-1.03625" z="0.219375" y="2.12188"/>
<p x="-0.99625" z="0.0725" y="2.1475"/>
<p x="-1.13" z="0.03" y="2.13125"/>
<p x="-0.98875" z="-0.09375" y="2.16875"/>
<p x="-1.0975" z="-0.14125" y="2.17625"/>
<p x="-0.99625" z="0.0725" y="2.1475"/>
<p x="-1.13" z="0.03" y="2.13125"/>
<p x="-0.99625" z="0.0725" y="2.1475"/>
<p x="-1.0975" z="-0.14125" y="2.17625"/>
<p x="-0.756875" z="0.26" y="2.17875"/>
<p x="-0.87625" z="0.0975" y="2.16125"/>
<p x="-0.89375" z="0.25" y="2.1625"/>
<p x="-0.98875" z="-0.09375" y="2.16875"/>
<p x="-0.99625" z="0.0725" y="2.1475"/>
<p x="-0.87625" z="0.0975" y="2.16125"/>
<p x="-1.03625" z="0.219375" y="2.12188"/>
<p x="-0.89375" z="0.25" y="2.1625"/>
<p x="-0.99625" z="0.0725" y="2.1475"/>
<p x="-0.87625" z="0.0975" y="2.16125"/>
<p x="-0.99625" z="0.0725" y="2.1475"/>
<p x="-0.89375" z="0.25" y="2.1625"/>
<p x="-0.756875" z="0.26" y="2.17875"/>
<p x="-0.77" z="0.08875" y="2.17375"/>
<p x="-0.87625" z="0.0975" y="2.16125"/>
<p x="-0.783125" z="-0.1025" y="2.1875"/>
<p x="-0.885" z="-0.08625" y="2.17875"/>
<p x="-0.77" z="0.08875" y="2.17375"/>
<p x="-0.98875" z="-0.09375" y="2.16875"/>
<p x="-0.87625" z="0.0975" y="2.16125"/>
<p x="-0.885" z="-0.08625" y="2.17875"/>
<p x="-0.77" z="0.08875" y="2.17375"/>
<p x="-0.885" z="-0.08625" y="2.17875"/>
<p x="-0.87625" z="0.0975" y="2.16125"/>
<p x="-0.756875" z="0.26" y="2.17875"/>
<p x="-0.6425" z="0.2425" y="2.175"/>
<p x="-0.77" z="0.08875" y="2.17375"/>
<p x="-0.53875" z="0.1825" y="2.16438"/>
<p x="-0.67125" z="0.065" y="2.17375"/>
<p x="-0.6425" z="0.2425" y="2.175"/>
<p x="-0.783125" z="-0.1025" y="2.1875"/>
<p x="-0.77" z="0.08875" y="2.17375"/>
<p x="-0.67125" z="0.065" y="2.17375"/>
<p x="-0.6425" z="0.2425" y="2.175"/>
<p x="-0.67125" z="0.065" y="2.17375"/>
<p x="-0.77" z="0.08875" y="2.17375"/>
<p x="-0.582523" z="-0.185319" y="2.20177"/>
<p x="-0.67375" z="-0.12125" y="2.19125"/>
<p x="-0.5675" z="-0.00625" y="2.17625"/>
<p x="-0.783125" z="-0.1025" y="2.1875"/>
<p x="-0.67125" z="0.065" y="2.17375"/>
<p x="-0.67375" z="-0.12125" y="2.19125"/>
<p x="-0.53875" z="0.1825" y="2.16438"/>
<p x="-0.5675" z="-0.00625" y="2.17625"/>
<p x="-0.67125" z="0.065" y="2.17375"/>
<p x="-0.67375" z="-0.12125" y="2.19125"/>
<p x="-0.67125" z="0.065" y="2.17375"/>
<p x="-0.5675" z="-0.00625" y="2.17625"/>
<p x="-0.348125" z="-0.18375" y="2.18438"/>
<p x="-0.48375" z="-0.18125" y="2.1975"/>
<p x="-0.4325" z="0.03" y="2.16375"/>
<p x="-0.582523" z="-0.185319" y="2.20177"/>
<p x="-0.5675" z="-0.00625" y="2.17625"/>
<p x="-0.48375" z="-0.18125" y="2.1975"/>
<p x="-0.53875" z="0.1825" y="2.16438"/>
<p x="-0.4325" z="0.03" y="2.16375"/>
<p x="-0.5675" z="-0.00625" y="2.17625"/>
<p x="-0.48375" z="-0.18125" y="2.1975"/>
<p x="-0.5675" z="-0.00625" y="2.17625"/>
<p x="-0.4325" z="0.03" y="2.16375"/>
<p x="-0.348125" z="-0.18375" y="2.18438"/>
<p x="-0.4325" z="0.03" y="2.16375"/>
<p x="-0.27375" z="0.0325" y="2.14375"/>
<p x="-0.53875" z="0.1825" y="2.16438"/>
<p x="-0.37625" z="0.2275" y="2.145"/>
<p x="-0.4325" z="0.03" y="2.16375"/>
<p x="-0.20125" z="0.23875" y="2.11875"/>
<p x="-0.27375" z="0.0325" y="2.14375"/>
<p x="-0.37625" z="0.2275" y="2.145"/>
<p x="-0.4325" z="0.03" y="2.16375"/>
<p x="-0.37625" z="0.2275" y="2.145"/>
<p x="-0.27375" z="0.0325" y="2.14375"/>
<p x="-0.348125" z="-0.18375" y="2.18438"/>
<p x="-0.27375" z="0.0325" y="2.14375"/>
<p x="-0.195" z="-0.18125" y="2.16625"/>
<p x="-0.20125" z="0.23875" y="2.11875"/>
<p x="-0.11875" z="0.0325" y="2.13125"/>
<p x="-0.27375" z="0.0325" y="2.14375"/>
<p x="-0.0533637" z="-0.135998" y="2.15589"/>
<p x="-0.195" z="-0.18125" y="2.16625"/>
<p x="-0.11875" z="0.0325" y="2.13125"/>
<p x="-0.27375" z="0.0325" y="2.14375"/>
<p x="-0.11875" z="0.0325" y="2.13125"/>
<p x="-0.195" z="-0.18125" y="2.16625"/>
<p x="0.303956" z="-0.0681153" y="2.18561"/>
<p x="0.09375" z="-0.11" y="2.16875"/>
<p x="0.1925" z="0.11" y="2.15625"/>
<p x="-0.0533637" z="-0.135998" y="2.15589"/>
<p x="0.03375" z="0.05625" y="2.13625"/>
<p x="0.09375" z="-0.11" y="2.16875"/>
<p x="0.0920034" z="0.357348" y="2.15526"/>
<p x="0.1925" z="0.11" y="2.15625"/>
<p x="0.03375" z="0.05625" y="2.13625"/>
<p x="0.09375" z="-0.11" y="2.16875"/>
<p x="0.03375" z="0.05625" y="2.13625"/>
<p x="0.1925" z="0.11" y="2.15625"/>
<p x="-0.20125" z="0.23875" y="2.11875"/>
<p x="-0.05125" z="0.24" y="2.1125"/>
<p x="-0.11875" z="0.0325" y="2.13125"/>
<p x="0.0920034" z="0.357348" y="2.15526"/>
<p x="0.03375" z="0.05625" y="2.13625"/>
<p x="-0.05125" z="0.24" y="2.1125"/>
<p x="-0.0533637" z="-0.135998" y="2.15589"/>
<p x="-0.11875" z="0.0325" y="2.13125"/>
<p x="0.03375" z="0.05625" y="2.13625"/>
<p x="-0.05125" z="0.24" y="2.1125"/>
<p x="0.03375" z="0.05625" y="2.13625"/>
<p x="-0.11875" z="0.0325" y="2.13125"/>
<p x="-0.20125" z="0.23875" y="2.11875"/>
<p x="-0.14875" z="0.39" y="2.11125"/>
<p x="-0.05125" z="0.24" y="2.1125"/>
<p x="-0.121955" z="0.59157" y="2.14718"/>
<p x="-0.02625" z="0.48125" y="2.13375"/>
<p x="-0.14875" z="0.39" y="2.11125"/>
<p x="0.0920034" z="0.357348" y="2.15526"/>
<p x="-0.05125" z="0.24" y="2.1125"/>
<p x="-0.02625" z="0.48125" y="2.13375"/>
<p x="-0.14875" z="0.39" y="2.11125"/>
<p x="-0.02625" z="0.48125" y="2.13375"/>
<p x="-0.05125" z="0.24" y="2.1125"/>
<p x="-0.20125" z="0.23875" y="2.11875"/>
<p x="-0.32375" z="0.385" y="2.14375"/>
<p x="-0.14875" z="0.39" y="2.11125"/>
<p x="-0.478815" z="0.558081" y="2.21122"/>
<p x="-0.2625" z="0.57" y="2.1675"/>
<p x="-0.32375" z="0.385" y="2.14375"/>
<p x="-0.121955" z="0.59157" y="2.14718"/>
<p x="-0.14875" z="0.39" y="2.11125"/>
<p x="-0.2625" z="0.57" y="2.1675"/>
<p x="-0.32375" z="0.385" y="2.14375"/>
<p x="-0.2625" z="0.57" y="2.1675"/>
<p x="-0.14875" z="0.39" y="2.11125"/>
<p x="-0.20125" z="0.23875" y="2.11875"/>
<p x="-0.37625" z="0.2275" y="2.145"/>
<p x="-0.32375" z="0.385" y="2.14375"/>
<p x="-0.53875" z="0.1825" y="2.16438"/>
<p x="-0.4975" z="0.34625" y="2.17"/>
<p x="-0.37625" z="0.2275" y="2.145"/>
<p x="-0.478815" z="0.558081" y="2.21122"/>
<p x="-0.32375" z="0.385" y="2.14375"/>
<p x="-0.4975" z="0.34625" y="2.17"/>
<p x="-0.37625" z="0.2275" y="2.145"/>
<p x="-0.4975" z="0.34625" y="2.17"/>
<p x="-0.32375" z="0.385" y="2.14375"/>
<p x="-0.756875" z="0.26" y="2.17875"/>
<p x="-0.6325" z="0.395" y="2.19375"/>
<p x="-0.6425" z="0.2425" y="2.175"/>
<p x="-0.478815" z="0.558081" y="2.21122"/>
<p x="-0.4975" z="0.34625" y="2.17"/>
<p x="-0.6325" z="0.395" y="2.19375"/>
<p x="-0.53875" z="0.1825" y="2.16438"/>
<p x="-0.6425" z="0.2425" y="2.175"/>
<p x="-0.4975" z="0.34625" y="2.17"/>
<p x="-0.6325" z="0.395" y="2.19375"/>
<p x="-0.4975" z="0.34625" y="2.17"/>
<p x="-0.6425" z="0.2425" y="2.175"/>
<p x="-0.478815" z="0.558081" y="2.21122"/>
<p x="-0.6325" z="0.395" y="2.19375"/>
<p x="-0.69375" z="0.57" y="2.24125"/>
<p x="-0.756875" z="0.26" y="2.17875"/>
<p x="-0.79375" z="0.40625" y="2.20125"/>
<p x="-0.6325" z="0.395" y="2.19375"/>
<p x="-0.88" z="0.569375" y="2.21938"/>
<p x="-0.69375" z="0.57" y="2.24125"/>
<p x="-0.79375" z="0.40625" y="2.20125"/>
<p x="-0.6325" z="0.395" y="2.19375"/>
<p x="-0.79375" z="0.40625" y="2.20125"/>
<p x="-0.69375" z="0.57" y="2.24125"/>
<p x="-1.03625" z="0.219375" y="2.12188"/>
<p x="-0.9525" z="0.39375" y="2.1625"/>
<p x="-0.89375" z="0.25" y="2.1625"/>
<p x="-0.88" z="0.569375" y="2.21938"/>
<p x="-0.79375" z="0.40625" y="2.20125"/>
<p x="-0.9525" z="0.39375" y="2.1625"/>
<p x="-0.756875" z="0.26" y="2.17875"/>
<p x="-0.89375" z="0.25" y="2.1625"/>
<p x="-0.79375" z="0.40625" y="2.20125"/>
<p x="-0.9525" z="0.39375" y="2.1625"/>
<p x="-0.79375" z="0.40625" y="2.20125"/>
<p x="-0.89375" z="0.25" y="2.1625"/>
<p x="-0.88" z="0.569375" y="2.21938"/>
<p x="-0.9525" z="0.39375" y="2.1625"/>
<p x="-1.03875" z="0.54875" y="2.125"/>
<p x="-1.03625" z="0.219375" y="2.12188"/>
<p x="-1.10875" z="0.37375" y="2.07625"/>
<p x="-0.9525" z="0.39375" y="2.1625"/>
<p x="-1.19562" z="0.509375" y="2.00312"/>
<p x="-1.03875" z="0.54875" y="2.125"/>
<p x="-1.10875" z="0.37375" y="2.07625"/>
<p x="-0.9525" z="0.39375" y="2.1625"/>
<p x="-1.10875" z="0.37375" y="2.07625"/>
<p x="-1.03875" z="0.54875" y="2.125"/>
<p x="-0.88" z="0.569375" y="2.21938"/>
<p x="-1.03875" z="0.54875" y="2.125"/>
<p x="-0.98875" z="0.7475" y="2.1825"/>
<p x="-1.19562" z="0.509375" y="2.00312"/>
<p x="-1.1325" z="0.7125" y="2.04125"/>
<p x="-1.03875" z="0.54875" y="2.125"/>
<p x="-1.11125" z="0.9575" y="2.08625"/>
<p x="-0.98875" z="0.7475" y="2.1825"/>
<p x="-1.1325" z="0.7125" y="2.04125"/>
<p x="-1.03875" z="0.54875" y="2.125"/>
<p x="-1.1325" z="0.7125" y="2.04125"/>
<p x="-0.98875" z="0.7475" y="2.1825"/>
<p x="-0.775198" z="1.1254" y="2.36666"/>
<p x="-0.8125" z="0.7875" y="2.28125"/>
<p x="-0.955" z="1.025" y="2.2525"/>
<p x="-0.88" z="0.569375" y="2.21938"/>
<p x="-0.98875" z="0.7475" y="2.1825"/>
<p x="-0.8125" z="0.7875" y="2.28125"/>
<p x="-1.11125" z="0.9575" y="2.08625"/>
<p x="-0.955" z="1.025" y="2.2525"/>
<p x="-0.98875" z="0.7475" y="2.1825"/>
<p x="-0.8125" z="0.7875" y="2.28125"/>
<p x="-0.98875" z="0.7475" y="2.1825"/>
<p x="-0.955" z="1.025" y="2.2525"/>
<p x="-0.478815" z="0.558081" y="2.21122"/>
<p x="-0.69375" z="0.57" y="2.24125"/>
<p x="-0.63875" z="0.80375" y="2.2975"/>
<p x="-0.88" z="0.569375" y="2.21938"/>
<p x="-0.8125" z="0.7875" y="2.28125"/>
<p x="-0.69375" z="0.57" y="2.24125"/>
<p x="-0.775198" z="1.1254" y="2.36666"/>
<p x="-0.63875" z="0.80375" y="2.2975"/>
<p x="-0.8125" z="0.7875" y="2.28125"/>
<p x="-0.69375" z="0.57" y="2.24125"/>
<p x="-0.8125" z="0.7875" y="2.28125"/>
<p x="-0.63875" z="0.80375" y="2.2975"/>
<p x="-0.478815" z="0.558081" y="2.21122"/>
<p x="-0.63875" z="0.80375" y="2.2975"/>
<p x="-0.50375" z="0.9025" y="2.295"/>
<p x="-0.775198" z="1.1254" y="2.36666"/>
<p x="-0.6225" z="1.13125" y="2.35875"/>
<p x="-0.63875" z="0.80375" y="2.2975"/>
<p x="-0.530313" z="1.15785" y="2.34574"/>
<p x="-0.50375" z="0.9025" y="2.295"/>
<p x="-0.6225" z="1.13125" y="2.35875"/>
<p x="-0.63875" z="0.80375" y="2.2975"/>
<p x="-0.6225" z="1.13125" y="2.35875"/>
<p x="-0.50375" z="0.9025" y="2.295"/>
<p x="-0.530313" z="1.15785" y="2.34574"/>
<p x="-0.4275" z="1.19125" y="2.3475"/>
<p x="-0.50375" z="0.9025" y="2.295"/>
<p x="-0.261081" z="1.27069" y="2.36412"/>
<p x="-0.345" z="0.8575" y="2.26625"/>
<p x="-0.4275" z="1.19125" y="2.3475"/>
<p x="-0.478815" z="0.558081" y="2.21122"/>
<p x="-0.50375" z="0.9025" y="2.295"/>
<p x="-0.345" z="0.8575" y="2.26625"/>
<p x="-0.4275" z="1.19125" y="2.3475"/>
<p x="-0.345" z="0.8575" y="2.26625"/>
<p x="-0.50375" z="0.9025" y="2.295"/>
<p x="-0.261081" z="1.27069" y="2.36412"/>
<p x="-0.18625" z="0.87125" y="2.24"/>
<p x="-0.345" z="0.8575" y="2.26625"/>
<p x="-0.121955" z="0.59157" y="2.14718"/>
<p x="-0.2625" z="0.57" y="2.1675"/>
<p x="-0.18625" z="0.87125" y="2.24"/>
<p x="-0.478815" z="0.558081" y="2.21122"/>
<p x="-0.345" z="0.8575" y="2.26625"/>
<p x="-0.2625" z="0.57" y="2.1675"/>
<p x="-0.18625" z="0.87125" y="2.24"/>
<p x="-0.2625" z="0.57" y="2.1675"/>
<p x="-0.345" z="0.8575" y="2.26625"/>
<p x="-0.0367275" z="1.16095" y="2.32486"/>
<p x="-0.06375" z="0.84375" y="2.2225"/>
<p x="-0.12625" z="1.245" y="2.34375"/>
<p x="-0.121955" z="0.59157" y="2.14718"/>
<p x="-0.18625" z="0.87125" y="2.24"/>
<p x="-0.06375" z="0.84375" y="2.2225"/>
<p x="-0.261081" z="1.27069" y="2.36412"/>
<p x="-0.12625" z="1.245" y="2.34375"/>
<p x="-0.18625" z="0.87125" y="2.24"/>
<p x="-0.06375" z="0.84375" y="2.2225"/>
<p x="-0.18625" z="0.87125" y="2.24"/>
<p x="-0.12625" z="1.245" y="2.34375"/>
<p x="-0.0367275" z="1.16095" y="2.32486"/>
<p x="0.02625" z="0.78125" y="2.235"/>
<p x="-0.06375" z="0.84375" y="2.2225"/>
<p x="0.0920034" z="0.357348" y="2.15526"/>
<p x="-0.02625" z="0.48125" y="2.13375"/>
<p x="0.02625" z="0.78125" y="2.235"/>
<p x="-0.121955" z="0.59157" y="2.14718"/>
<p x="-0.06375" z="0.84375" y="2.2225"/>
<p x="-0.02625" z="0.48125" y="2.13375"/>
<p x="0.02625" z="0.78125" y="2.235"/>
<p x="-0.02625" z="0.48125" y="2.13375"/>
<p x="-0.06375" z="0.84375" y="2.2225"/>
<p x="-0.0367275" z="1.16095" y="2.32486"/>
<p x="0.03125" z="1.2075" y="2.3625"/>
<p x="0.02625" z="0.78125" y="2.235"/>
<p x="0.128125" z="1.29" y="2.40938"/>
<p x="0.1175" z="0.84" y="2.2875"/>
<p x="0.03125" z="1.2075" y="2.3625"/>
<p x="0.0920034" z="0.357348" y="2.15526"/>
<p x="0.02625" z="0.78125" y="2.235"/>
<p x="0.1175" z="0.84" y="2.2875"/>
<p x="0.03125" z="1.2075" y="2.3625"/>
<p x="0.1175" z="0.84" y="2.2875"/>
<p x="0.02625" z="0.78125" y="2.235"/>
<p x="0.35375" z="1.03313" y="2.34625"/>
<p x="0.2175" z="0.6775" y="2.26"/>
<p x="0.23375" z="1.11625" y="2.3725"/>
<p x="0.0920034" z="0.357348" y="2.15526"/>
<p x="0.1175" z="0.84" y="2.2875"/>
<p x="0.2175" z="0.6775" y="2.26"/>
<p x="0.128125" z="1.29" y="2.40938"/>
<p x="0.23375" z="1.11625" y="2.3725"/>
<p x="0.1175" z="0.84" y="2.2875"/>
<p x="0.2175" z="0.6775" y="2.26"/>
<p x="0.1175" z="0.84" y="2.2875"/>
<p x="0.23375" z="1.11625" y="2.3725"/>
<p x="0.348501" z="0.344752" y="2.20589"/>
<p x="0.3225" z="0.1575" y="2.18"/>
<p x="0.24125" z="0.33625" y="2.18875"/>
<p x="0.303956" z="-0.0681153" y="2.18561"/>
<p x="0.1925" z="0.11" y="2.15625"/>
<p x="0.3225" z="0.1575" y="2.18"/>
<p x="0.0920034" z="0.357348" y="2.15526"/>
<p x="0.24125" z="0.33625" y="2.18875"/>
<p x="0.1925" z="0.11" y="2.15625"/>
<p x="0.3225" z="0.1575" y="2.18"/>
<p x="0.1925" z="0.11" y="2.15625"/>
<p x="0.24125" z="0.33625" y="2.18875"/>
<p x="0.348501" z="0.344752" y="2.20589"/>
<p x="0.24125" z="0.33625" y="2.18875"/>
<p x="0.3375" z="0.6175" y="2.25625"/>
<p x="0.0920034" z="0.357348" y="2.15526"/>
<p x="0.2175" z="0.6775" y="2.26"/>
<p x="0.24125" z="0.33625" y="2.18875"/>
<p x="0.35375" z="1.03313" y="2.34625"/>
<p x="0.3375" z="0.6175" y="2.25625"/>
<p x="0.2175" z="0.6775" y="2.26"/>
<p x="0.24125" z="0.33625" y="2.18875"/>
<p x="0.2175" z="0.6775" y="2.26"/>
<p x="0.3375" z="0.6175" y="2.25625"/>
<p x="0.638239" z="0.748239" y="2.18764"/>
<p x="0.455" z="0.52" y="2.22625"/>
<p x="0.48375" z="0.91" y="2.2925"/>
<p x="0.348501" z="0.344752" y="2.20589"/>
<p x="0.3375" z="0.6175" y="2.25625"/>
<p x="0.455" z="0.52" y="2.22625"/>
<p x="0.35375" z="1.03313" y="2.34625"/>
<p x="0.48375" z="0.91" y="2.2925"/>
<p x="0.3375" z="0.6175" y="2.25625"/>
<p x="0.455" z="0.52" y="2.22625"/>
<p x="0.3375" z="0.6175" y="2.25625"/>
<p x="0.48375" z="0.91" y="2.2925"/>
<p x="0.539433" z="0.198774" y="2.16991"/>
<p x="0.43125" z="0.25" y="2.1925"/>
<p x="0.56375" z="0.42" y="2.18375"/>
<p x="0.348501" z="0.344752" y="2.20589"/>
<p x="0.455" z="0.52" y="2.22625"/>
<p x="0.43125" z="0.25" y="2.1925"/>
<p x="0.638239" z="0.748239" y="2.18764"/>
<p x="0.56375" z="0.42" y="2.18375"/>
<p x="0.455" z="0.52" y="2.22625"/>
<p x="0.43125" z="0.25" y="2.1925"/>
<p x="0.455" z="0.52" y="2.22625"/>
<p x="0.56375" z="0.42" y="2.18375"/>
<p x="0.539433" z="0.198774" y="2.16991"/>
<p x="0.455" z="0.07125" y="2.17375"/>
<p x="0.43125" z="0.25" y="2.1925"/>
<p x="0.303956" z="-0.0681153" y="2.18561"/>
<p x="0.3225" z="0.1575" y="2.18"/>
<p x="0.455" z="0.07125" y="2.17375"/>
<p x="0.348501" z="0.344752" y="2.20589"/>
<p x="0.43125" z="0.25" y="2.1925"/>
<p x="0.3225" z="0.1575" y="2.18"/>
<p x="0.455" z="0.07125" y="2.17375"/>
<p x="0.3225" z="0.1575" y="2.18"/>
<p x="0.43125" z="0.25" y="2.1925"/>
<p x="0.764997" z="-0.15951" y="2.12569"/>
<p x="0.53375" z="-0.1475" y="2.17"/>
<p x="0.635" z="0.05875" y="2.14"/>
<p x="0.303956" z="-0.0681153" y="2.18561"/>
<p x="0.455" z="0.07125" y="2.17375"/>
<p x="0.53375" z="-0.1475" y="2.17"/>
<p x="0.539433" z="0.198774" y="2.16991"/>
<p x="0.635" z="0.05875" y="2.14"/>
<p x="0.455" z="0.07125" y="2.17375"/>
<p x="0.53375" z="-0.1475" y="2.17"/>
<p x="0.455" z="0.07125" y="2.17375"/>
<p x="0.635" z="0.05875" y="2.14"/>
<p x="0.539433" z="0.198774" y="2.16991"/>
<p x="0.56375" z="0.42" y="2.18375"/>
<p x="0.68375" z="0.3125" y="2.135"/>
<p x="0.638239" z="0.748239" y="2.18764"/>
<p x="0.74625" z="0.56375" y="2.1075"/>
<p x="0.56375" z="0.42" y="2.18375"/>
<p x="0.834022" z="0.41843" y="2.06832"/>
<p x="0.68375" z="0.3125" y="2.135"/>
<p x="0.74625" z="0.56375" y="2.1075"/>
<p x="0.56375" z="0.42" y="2.18375"/>
<p x="0.74625" z="0.56375" y="2.1075"/>
<p x="0.68375" z="0.3125" y="2.135"/>
<p x="0.834022" z="0.41843" y="2.06832"/>
<p x="0.81" z="0.15875" y="2.09125"/>
<p x="0.68375" z="0.3125" y="2.135"/>
<p x="0.764997" z="-0.15951" y="2.12569"/>
<p x="0.635" z="0.05875" y="2.14"/>
<p x="0.81" z="0.15875" y="2.09125"/>
<p x="0.539433" z="0.198774" y="2.16991"/>
<p x="0.68375" z="0.3125" y="2.135"/>
<p x="0.635" z="0.05875" y="2.14"/>
<p x="0.81" z="0.15875" y="2.09125"/>
<p x="0.635" z="0.05875" y="2.14"/>
<p x="0.68375" z="0.3125" y="2.135"/>
<p x="0.834022" z="0.41843" y="2.06832"/>
<p x="0.95" z="0.29625" y="2.02"/>
<p x="0.81" z="0.15875" y="2.09125"/>
<p x="1.03991" z="0.105887" y="1.99739"/>
<p x="0.93375" z="-0.0025" y="2.06"/>
<p x="0.95" z="0.29625" y="2.02"/>
<p x="0.764997" z="-0.15951" y="2.12569"/>
<p x="0.81" z="0.15875" y="2.09125"/>
<p x="0.93375" z="-0.0025" y="2.06"/>
<p x="0.95" z="0.29625" y="2.02"/>
<p x="0.93375" z="-0.0025" y="2.06"/>
<p x="0.81" z="0.15875" y="2.09125"/>
<p x="1.09412" z="-0.375298" y="2.05098"/>
<p x="0.9375" z="-0.25875" y="2.0975"/>
<p x="1.065" z="-0.13" y="2.01875"/>
<p x="0.764997" z="-0.15951" y="2.12569"/>
<p x="0.93375" z="-0.0025" y="2.06"/>
<p x="0.9375" z="-0.25875" y="2.0975"/>
<p x="1.03991" z="0.105887" y="1.99739"/>
<p x="1.065" z="-0.13" y="2.01875"/>
<p x="0.93375" z="-0.0025" y="2.06"/>
<p x="0.9375" z="-0.25875" y="2.0975"/>
<p x="0.93375" z="-0.0025" y="2.06"/>
<p x="1.065" z="-0.13" y="2.01875"/>
<p x="1.03991" z="0.105887" y="1.99739"/>
<p x="1.15" z="0.02625" y="1.93375"/>
<p x="1.065" z="-0.13" y="2.01875"/>
<p x="1.26188" z="-0.143125" y="1.85938"/>
<p x="1.18625" z="-0.24" y="1.95375"/>
<p x="1.15" z="0.02625" y="1.93375"/>
<p x="1.09412" z="-0.375298" y="2.05098"/>
<p x="1.065" z="-0.13" y="2.01875"/>
<p x="1.18625" z="-0.24" y="1.95375"/>
<p x="1.15" z="0.02625" y="1.93375"/>
<p x="1.18625" z="-0.24" y="1.95375"/>
<p x="1.065" z="-0.13" y="2.01875"/>
<p x="1.34688" z="0.873125" y="1.24187"/>
<p x="1.39" z="0.985" y="0.9825"/>
<p x="1.3875" z="0.74" y="1.0"/>
<p x="1.41062" z="1.11375" y="0.774375"/>
<p x="1.375" z="0.89125" y="0.7875"/>
<p x="1.39" z="0.985" y="0.9825"/>
<p x="1.34117" z="0.625508" y="0.751936"/>
<p x="1.3875" z="0.74" y="1.0"/>
<p x="1.375" z="0.89125" y="0.7875"/>
<p x="1.39" z="0.985" y="0.9825"/>
<p x="1.375" z="0.89125" y="0.7875"/>
<p x="1.3875" z="0.74" y="1.0"/>
<p x="1.41062" z="1.11375" y="0.774375"/>
<p x="1.39" z="0.985" y="0.9825"/>
<p x="1.42125" z="1.19875" y="0.985"/>
<p x="1.34688" z="0.873125" y="1.24187"/>
<p x="1.36" z="1.11" y="1.24125"/>
<p x="1.39" z="0.985" y="0.9825"/>
<p x="1.38625" z="1.32312" y="1.24938"/>
<p x="1.42125" z="1.19875" y="0.985"/>
<p x="1.36" z="1.11" y="1.24125"/>
<p x="1.39" z="0.985" y="0.9825"/>
<p x="1.36" z="1.11" y="1.24125"/>
<p x="1.42125" z="1.19875" y="0.985"/>
<p x="1.41062" z="1.11375" y="0.774375"/>
<p x="1.42125" z="1.19875" y="0.985"/>
<p x="1.44875" z="1.34375" y="0.79625"/>
<p x="1.38625" z="1.32312" y="1.24938"/>
<p x="1.45" z="1.40625" y="1.00125"/>
<p x="1.42125" z="1.19875" y="0.985"/>
<p x="1.47625" z="1.57563" y="0.83375"/>
<p x="1.44875" z="1.34375" y="0.79625"/>
<p x="1.45" z="1.40625" y="1.00125"/>
<p x="1.42125" z="1.19875" y="0.985"/>
<p x="1.45" z="1.40625" y="1.00125"/>
<p x="1.44875" z="1.34375" y="0.79625"/>
<p x="-1.14563" z="1.68937" y="2.24"/>
<p x="-1.285" z="1.9025" y="2.1475"/>
<p x="-1.20625" z="1.98875" y="2.30375"/>
<p x="-1.37969" z="2.03457" y="2.06398"/>
<p x="-1.36375" z="2.14625" y="2.17125"/>
<p x="-1.285" z="1.9025" y="2.1475"/>
<p x="-1.295" z="2.24187" y="2.2975"/>
<p x="-1.20625" z="1.98875" y="2.30375"/>
<p x="-1.36375" z="2.14625" y="2.17125"/>
<p x="-1.285" z="1.9025" y="2.1475"/>
<p x="-1.36375" z="2.14625" y="2.17125"/>
<p x="-1.20625" z="1.98875" y="2.30375"/>
<p x="-1.14563" z="1.68937" y="2.24"/>
<p x="-1.26625" z="1.61125" y="2.015"/>
<p x="-1.285" z="1.9025" y="2.1475"/>
<p x="-1.39461" z="1.58441" y="1.7049"/>
<p x="-1.39375" z="1.8875" y="1.93125"/>
<p x="-1.26625" z="1.61125" y="2.015"/>
<p x="-1.37969" z="2.03457" y="2.06398"/>
<p x="-1.285" z="1.9025" y="2.1475"/>
<p x="-1.39375" z="1.8875" y="1.93125"/>
<p x="-1.26625" z="1.61125" y="2.015"/>
<p x="-1.39375" z="1.8875" y="1.93125"/>
<p x="-1.285" z="1.9025" y="2.1475"/>
<p x="-1.11125" z="0.9575" y="2.08625"/>
<p x="-1.24875" z="1.2525" y="1.9275"/>
<p x="-1.1175" z="1.3175" y="2.15125"/>
<p x="-1.39461" z="1.58441" y="1.7049"/>
<p x="-1.26625" z="1.61125" y="2.015"/>
<p x="-1.24875" z="1.2525" y="1.9275"/>
<p x="-1.14563" z="1.68937" y="2.24"/>
<p x="-1.1175" z="1.3175" y="2.15125"/>
<p x="-1.26625" z="1.61125" y="2.015"/>
<p x="-1.24875" z="1.2525" y="1.9275"/>
<p x="-1.26625" z="1.61125" y="2.015"/>
<p x="-1.1175" z="1.3175" y="2.15125"/>
<p x="-0.775198" z="1.1254" y="2.36666"/>
<p x="-0.955" z="1.025" y="2.2525"/>
<p x="-0.96375" z="1.39375" y="2.325"/>
<p x="-1.11125" z="0.9575" y="2.08625"/>
<p x="-1.1175" z="1.3175" y="2.15125"/>
<p x="-0.955" z="1.025" y="2.2525"/>
<p x="-1.14563" z="1.68937" y="2.24"/>
<p x="-0.96375" z="1.39375" y="2.325"/>
<p x="-1.1175" z="1.3175" y="2.15125"/>
<p x="-0.955" z="1.025" y="2.2525"/>
<p x="-1.1175" z="1.3175" y="2.15125"/>
<p x="-0.96375" z="1.39375" y="2.325"/>
<p x="-1.14563" z="1.68937" y="2.24"/>
<p x="-1.0175" z="1.76" y="2.3775"/>
<p x="-0.96375" z="1.39375" y="2.325"/>
<p x="-0.885" z="1.90375" y="2.46187"/>
<p x="-0.83125" z="1.55375" y="2.4275"/>
<p x="-1.0175" z="1.76" y="2.3775"/>
<p x="-0.775198" z="1.1254" y="2.36666"/>
<p x="-0.96375" z="1.39375" y="2.325"/>
<p x="-0.83125" z="1.55375" y="2.4275"/>
<p x="-1.0175" z="1.76" y="2.3775"/>
<p x="-0.83125" z="1.55375" y="2.4275"/>
<p x="-0.96375" z="1.39375" y="2.325"/>
<p x="-1.14563" z="1.68937" y="2.24"/>
<p x="-1.20625" z="1.98875" y="2.30375"/>
<p x="-1.0175" z="1.76" y="2.3775"/>
<p x="-1.295" z="2.24187" y="2.2975"/>
<p x="-1.08875" z="2.06125" y="2.40625"/>
<p x="-1.20625" z="1.98875" y="2.30375"/>
<p x="-0.885" z="1.90375" y="2.46187"/>
<p x="-1.0175" z="1.76" y="2.3775"/>
<p x="-1.08875" z="2.06125" y="2.40625"/>
<p x="-1.20625" z="1.98875" y="2.30375"/>
<p x="-1.08875" z="2.06125" y="2.40625"/>
<p x="-1.0175" z="1.76" y="2.3775"/>
<p x="-0.885" z="1.90375" y="2.46187"/>
<p x="-1.08875" z="2.06125" y="2.40625"/>
<p x="-0.94125" z="2.19625" y="2.47375"/>
<p x="-1.295" z="2.24187" y="2.2975"/>
<p x="-1.15625" z="2.3175" y="2.40375"/>
<p x="-1.08875" z="2.06125" y="2.40625"/>
<p x="-1.02616" z="2.4185" y="2.45384"/>
<p x="-0.94125" z="2.19625" y="2.47375"/>
<p x="-1.15625" z="2.3175" y="2.40375"/>
<p x="-1.08875" z="2.06125" y="2.40625"/>
<p x="-1.15625" z="2.3175" y="2.40375"/>
<p x="-0.94125" z="2.19625" y="2.47375"/>
<p x="-0.885" z="1.90375" y="2.46187"/>
<p x="-0.94125" z="2.19625" y="2.47375"/>
<p x="-0.7625" z="2.1925" y="2.49625"/>
<p x="-1.02616" z="2.4185" y="2.45384"/>
<p x="-0.855" z="2.44625" y="2.49"/>
<p x="-0.94125" z="2.19625" y="2.47375"/>
<p x="-0.653532" z="2.51323" y="2.49529"/>
<p x="-0.7625" z="2.1925" y="2.49625"/>
<p x="-0.855" z="2.44625" y="2.49"/>
<p x="-0.94125" z="2.19625" y="2.47375"/>
<p x="-0.855" z="2.44625" y="2.49"/>
<p x="-0.7625" z="2.1925" y="2.49625"/>
<p x="-0.5875" z="1.83125" y="2.4625"/>
<p x="-0.72875" z="1.87375" y="2.4775"/>
<p x="-0.60625" z="2.17375" y="2.495"/>
<p x="-0.885" z="1.90375" y="2.46187"/>
<p x="-0.7625" z="2.1925" y="2.49625"/>
<p x="-0.72875" z="1.87375" y="2.4775"/>
<p x="-0.653532" z="2.51323" y="2.49529"/>
<p x="-0.60625" z="2.17375" y="2.495"/>
<p x="-0.7625" z="2.1925" y="2.49625"/>
<p x="-0.72875" z="1.87375" y="2.4775"/>
<p x="-0.7625" z="2.1925" y="2.49625"/>
<p x="-0.60625" z="2.17375" y="2.495"/>
<p x="-0.5875" z="1.83125" y="2.4625"/>
<p x="-0.69" z="1.50125" y="2.4325"/>
<p x="-0.72875" z="1.87375" y="2.4775"/>
<p x="-0.775198" z="1.1254" y="2.36666"/>
<p x="-0.83125" z="1.55375" y="2.4275"/>
<p x="-0.69" z="1.50125" y="2.4325"/>
<p x="-0.885" z="1.90375" y="2.46187"/>
<p x="-0.72875" z="1.87375" y="2.4775"/>
<p x="-0.83125" z="1.55375" y="2.4275"/>
<p x="-0.69" z="1.50125" y="2.4325"/>
<p x="-0.83125" z="1.55375" y="2.4275"/>
<p x="-0.72875" z="1.87375" y="2.4775"/>
<p x="-0.5875" z="1.83125" y="2.4625"/>
<p x="-0.55625" z="1.43875" y="2.4"/>
<p x="-0.69" z="1.50125" y="2.4325"/>
<p x="-0.530313" z="1.15785" y="2.34574"/>
<p x="-0.6225" z="1.13125" y="2.35875"/>
<p x="-0.55625" z="1.43875" y="2.4"/>
<p x="-0.775198" z="1.1254" y="2.36666"/>
<p x="-0.69" z="1.50125" y="2.4325"/>
<p x="-0.6225" z="1.13125" y="2.35875"/>
<p x="-0.55625" z="1.43875" y="2.4"/>
<p x="-0.6225" z="1.13125" y="2.35875"/>
<p x="-0.69" z="1.50125" y="2.4325"/>
<p x="-0.5875" z="1.83125" y="2.4625"/>
<p x="-0.41875" z="1.58875" y="2.4225"/>
<p x="-0.55625" z="1.43875" y="2.4"/>
<p x="-0.261081" z="1.27069" y="2.36412"/>
<p x="-0.4275" z="1.19125" y="2.3475"/>
<p x="-0.41875" z="1.58875" y="2.4225"/>
<p x="-0.530313" z="1.15785" y="2.34574"/>
<p x="-0.55625" z="1.43875" y="2.4"/>
<p x="-0.4275" z="1.19125" y="2.3475"/>
<p x="-0.41875" z="1.58875" y="2.4225"/>
<p x="-0.4275" z="1.19125" y="2.3475"/>
<p x="-0.55625" z="1.43875" y="2.4"/>
<p x="-0.5875" z="1.83125" y="2.4625"/>
<p x="-0.435" z="1.97625" y="2.4775"/>
<p x="-0.41875" z="1.58875" y="2.4225"/>
<p x="-0.308774" z="2.0843" y="2.48655"/>
<p x="-0.2775" z="1.735" y="2.4525"/>
<p x="-0.435" z="1.97625" y="2.4775"/>
<p x="-0.261081" z="1.27069" y="2.36412"/>
<p x="-0.41875" z="1.58875" y="2.4225"/>
<p x="-0.2775" z="1.735" y="2.4525"/>
<p x="-0.435" z="1.97625" y="2.4775"/>
<p x="-0.2775" z="1.735" y="2.4525"/>
<p x="-0.41875" z="1.58875" y="2.4225"/>
<p x="-0.5875" z="1.83125" y="2.4625"/>
<p x="-0.60625" z="2.17375" y="2.495"/>
<p x="-0.435" z="1.97625" y="2.4775"/>
<p x="-0.653532" z="2.51323" y="2.49529"/>
<p x="-0.44625" z="2.32" y="2.495"/>
<p x="-0.60625" z="2.17375" y="2.495"/>
<p x="-0.308774" z="2.0843" y="2.48655"/>
<p x="-0.435" z="1.97625" y="2.4775"/>
<p x="-0.44625" z="2.32" y="2.495"/>
<p x="-0.60625" z="2.17375" y="2.495"/>
<p x="-0.44625" z="2.32" y="2.495"/>
<p x="-0.435" z="1.97625" y="2.4775"/>
<p x="-0.308774" z="2.0843" y="2.48655"/>
<p x="-0.44625" z="2.32" y="2.495"/>
<p x="-0.29875" z="2.385" y="2.48625"/>
<p x="-0.653532" z="2.51323" y="2.49529"/>
<p x="-0.4725" z="2.65125" y="2.47625"/>
<p x="-0.44625" z="2.32" y="2.495"/>
<p x="-0.311081" z="2.75951" y="2.4549"/>
<p x="-0.29875" z="2.385" y="2.48625"/>
<p x="-0.4725" z="2.65125" y="2.47625"/>
<p x="-0.44625" z="2.32" y="2.495"/>
<p x="-0.4725" z="2.65125" y="2.47625"/>
<p x="-0.29875" z="2.385" y="2.48625"/>
<p x="-0.121523" z="2.76457" y="2.47484"/>
<p x="-0.11" z="2.50875" y="2.49625"/>
<p x="-0.19375" z="2.7525" y="2.46375"/>
<p x="-0.0963769" z="2.03359" y="2.50556"/>
<p x="-0.19875" z="2.4075" y="2.48875"/>
<p x="-0.11" z="2.50875" y="2.49625"/>
<p x="-0.311081" z="2.75951" y="2.4549"/>
<p x="-0.19375" z="2.7525" y="2.46375"/>
<p x="-0.19875" z="2.4075" y="2.48875"/>
<p x="-0.11" z="2.50875" y="2.49625"/>
<p x="-0.19875" z="2.4075" y="2.48875"/>
<p x="-0.19375" z="2.7525" y="2.46375"/>
<p x="-0.308774" z="2.0843" y="2.48655"/>
<p x="-0.29875" z="2.385" y="2.48625"/>
<p x="-0.205" z="2.04" y="2.48875"/>
<p x="-0.311081" z="2.75951" y="2.4549"/>
<p x="-0.19875" z="2.4075" y="2.48875"/>
<p x="-0.29875" z="2.385" y="2.48625"/>
<p x="-0.0963769" z="2.03359" y="2.50556"/>
<p x="-0.205" z="2.04" y="2.48875"/>
<p x="-0.19875" z="2.4075" y="2.48875"/>
<p x="-0.29875" z="2.385" y="2.48625"/>
<p x="-0.19875" z="2.4075" y="2.48875"/>
<p x="-0.205" z="2.04" y="2.48875"/>
<p x="-0.0963769" z="2.03359" y="2.50556"/>
<p x="-0.1675" z="1.64" y="2.4425"/>
<p x="-0.205" z="2.04" y="2.48875"/>
<p x="-0.261081" z="1.27069" y="2.36412"/>
<p x="-0.2775" z="1.735" y="2.4525"/>
<p x="-0.1675" z="1.64" y="2.4425"/>
<p x="-0.308774" z="2.0843" y="2.48655"/>
<p x="-0.205" z="2.04" y="2.48875"/>
<p x="-0.2775" z="1.735" y="2.4525"/>
<p x="-0.1675" z="1.64" y="2.4425"/>
<p x="-0.2775" z="1.735" y="2.4525"/>
<p x="-0.205" z="2.04" y="2.48875"/>
<p x="-0.0963769" z="2.03359" y="2.50556"/>
<p x="-0.0675" z="1.535" y="2.42375"/>
<p x="-0.1675" z="1.64" y="2.4425"/>
<p x="-0.0367275" z="1.16095" y="2.32486"/>
<p x="-0.12625" z="1.245" y="2.34375"/>
<p x="-0.0675" z="1.535" y="2.42375"/>
<p x="-0.261081" z="1.27069" y="2.36412"/>
<p x="-0.1675" z="1.64" y="2.4425"/>
<p x="-0.12625" z="1.245" y="2.34375"/>
<p x="-0.0675" z="1.535" y="2.42375"/>
<p x="-0.12625" z="1.245" y="2.34375"/>
<p x="-0.1675" z="1.64" y="2.4425"/>
<p x="-0.0963769" z="2.03359" y="2.50556"/>
<p x="0.02" z="1.62875" y="2.46625"/>
<p x="-0.0675" z="1.535" y="2.42375"/>
<p x="0.128125" z="1.29" y="2.40938"/>
<p x="0.03125" z="1.2075" y="2.3625"/>
<p x="0.02" z="1.62875" y="2.46625"/>
<p x="-0.0367275" z="1.16095" y="2.32486"/>
<p x="-0.0675" z="1.535" y="2.42375"/>
<p x="0.03125" z="1.2075" y="2.3625"/>
<p x="0.02" z="1.62875" y="2.46625"/>
<p x="0.03125" z="1.2075" y="2.3625"/>
<p x="-0.0675" z="1.535" y="2.42375"/>
<p x="0.128125" z="1.29" y="2.40938"/>
<p x="0.02" z="1.62875" y="2.46625"/>
<p x="0.14125" z="1.7125" y="2.49875"/>
<p x="-0.0963769" z="2.03359" y="2.50556"/>
<p x="0.05" z="2.03375" y="2.52875"/>
<p x="0.02" z="1.62875" y="2.46625"/>
<p x="0.175978" z="2.08289" y="2.53636"/>
<p x="0.14125" z="1.7125" y="2.49875"/>
<p x="0.05" z="2.03375" y="2.52875"/>
<p x="0.02" z="1.62875" y="2.46625"/>
<p x="0.05" z="2.03375" y="2.52875"/>
<p x="0.14125" z="1.7125" y="2.49875"/>
<p x="0.175978" z="2.08289" y="2.53636"/>
<p x="0.05" z="2.03375" y="2.52875"/>
<p x="0.15125" z="2.41875" y="2.53375"/>
<p x="-0.0963769" z="2.03359" y="2.50556"/>
<p x="0.01125" z="2.42625" y="2.52375"/>
<p x="0.05" z="2.03375" y="2.52875"/>
<p x="0.106875" z="2.78562" y="2.50938"/>
<p x="0.15125" z="2.41875" y="2.53375"/>
<p x="0.01125" z="2.42625" y="2.52375"/>
<p x="0.05" z="2.03375" y="2.52875"/>
<p x="0.01125" z="2.42625" y="2.52375"/>
<p x="0.15125" z="2.41875" y="2.53375"/>
<p x="0.106875" z="2.78562" y="2.50938"/>
<p x="0.01125" z="2.42625" y="2.52375"/>
<p x="-0.03625" z="2.775" y="2.49"/>
<p x="-0.0963769" z="2.03359" y="2.50556"/>
<p x="-0.11" z="2.50875" y="2.49625"/>
<p x="0.01125" z="2.42625" y="2.52375"/>
<p x="-0.121523" z="2.76457" y="2.47484"/>
<p x="-0.03625" z="2.775" y="2.49"/>
<p x="-0.11" z="2.50875" y="2.49625"/>
<p x="0.01125" z="2.42625" y="2.52375"/>
<p x="-0.11" z="2.50875" y="2.49625"/>
<p x="-0.03625" z="2.775" y="2.49"/>
<p x="0.35375" z="1.03313" y="2.34625"/>
<p x="0.23375" z="1.11625" y="2.3725"/>
<p x="0.3825" z="1.47625" y="2.43125"/>
<p x="0.128125" z="1.29" y="2.40938"/>
<p x="0.2575" z="1.555" y="2.46625"/>
<p x="0.23375" z="1.11625" y="2.3725"/>
<p x="0.409375" z="1.87187" y="2.48687"/>
<p x="0.3825" z="1.47625" y="2.43125"/>
<p x="0.2575" z="1.555" y="2.46625"/>
<p x="0.23375" z="1.11625" y="2.3725"/>
<p x="0.2575" z="1.555" y="2.46625"/>
<p x="0.3825" z="1.47625" y="2.43125"/>
<p x="0.175978" z="2.08289" y="2.53636"/>
<p x="0.28125" z="1.97375" y="2.51875"/>
<p x="0.14125" z="1.7125" y="2.49875"/>
<p x="0.409375" z="1.87187" y="2.48687"/>
<p x="0.2575" z="1.555" y="2.46625"/>
<p x="0.28125" z="1.97375" y="2.51875"/>
<p x="0.128125" z="1.29" y="2.40938"/>
<p x="0.14125" z="1.7125" y="2.49875"/>
<p x="0.2575" z="1.555" y="2.46625"/>
<p x="0.28125" z="1.97375" y="2.51875"/>
<p x="0.2575" z="1.555" y="2.46625"/>
<p x="0.14125" z="1.7125" y="2.49875"/>
<p x="0.175978" z="2.08289" y="2.53636"/>
<p x="0.295" z="2.38" y="2.52"/>
<p x="0.28125" z="1.97375" y="2.51875"/>
<p x="0.466027" z="2.71718" y="2.46519"/>
<p x="0.43375" z="2.255" y="2.4925"/>
<p x="0.295" z="2.38" y="2.52"/>
<p x="0.409375" z="1.87187" y="2.48687"/>
<p x="0.28125" z="1.97375" y="2.51875"/>
<p x="0.43375" z="2.255" y="2.4925"/>
<p x="0.295" z="2.38" y="2.52"/>
<p x="0.43375" z="2.255" y="2.4925"/>
<p x="0.28125" z="1.97375" y="2.51875"/>
<p x="0.175978" z="2.08289" y="2.53636"/>
<p x="0.15125" z="2.41875" y="2.53375"/>
<p x="0.295" z="2.38" y="2.52"/>
<p x="0.106875" z="2.78562" y="2.50938"/>
<p x="0.265" z="2.76625" y="2.50375"/>
<p x="0.15125" z="2.41875" y="2.53375"/>
<p x="0.466027" z="2.71718" y="2.46519"/>
<p x="0.295" z="2.38" y="2.52"/>
<p x="0.265" z="2.76625" y="2.50375"/>
<p x="0.15125" z="2.41875" y="2.53375"/>
<p x="0.265" z="2.76625" y="2.50375"/>
<p x="0.295" z="2.38" y="2.52"/>
<p x="1.4775" z="0.2125" y="1.23687"/>
<p x="1.33" z="0.44125" y="1.5025"/>
<p x="1.38875" z="0.56625" y="1.2475"/>
<p x="1.12162" z="0.634238" y="1.79678"/>
<p x="1.25625" z="0.78375" y="1.52625"/>
<p x="1.33" z="0.44125" y="1.5025"/>
<p x="1.34688" z="0.873125" y="1.24187"/>
<p x="1.38875" z="0.56625" y="1.2475"/>
<p x="1.25625" z="0.78375" y="1.52625"/>
<p x="1.33" z="0.44125" y="1.5025"/>
<p x="1.25625" z="0.78375" y="1.52625"/>
<p x="1.38875" z="0.56625" y="1.2475"/>
<p x="1.4775" z="0.2125" y="1.23687"/>
<p x="1.43875" z="0.08" y="1.45625"/>
<p x="1.33" z="0.44125" y="1.5025"/>
<p x="1.39589" z="-0.0534549" y="1.61384"/>
<p x="1.2875" z="0.26" y="1.685"/>
<p x="1.43875" z="0.08" y="1.45625"/>
<p x="1.12162" z="0.634238" y="1.79678"/>
<p x="1.33" z="0.44125" y="1.5025"/>
<p x="1.2875" z="0.26" y="1.685"/>
<p x="1.43875" z="0.08" y="1.45625"/>
<p x="1.2875" z="0.26" y="1.685"/>
<p x="1.33" z="0.44125" y="1.5025"/>
<p x="1.26188" z="-0.143125" y="1.85938"/>
<p x="1.20125" z="0.22125" y="1.83375"/>
<p x="1.32" z="-0.06125" y="1.76"/>
<p x="1.12162" z="0.634238" y="1.79678"/>
<p x="1.2875" z="0.26" y="1.685"/>
<p x="1.20125" z="0.22125" y="1.83375"/>
<p x="1.39589" z="-0.0534549" y="1.61384"/>
<p x="1.32" z="-0.06125" y="1.76"/>
<p x="1.2875" z="0.26" y="1.685"/>
<p x="1.20125" z="0.22125" y="1.83375"/>
<p x="1.2875" z="0.26" y="1.685"/>
<p x="1.32" z="-0.06125" y="1.76"/>
<p x="1.26188" z="-0.143125" y="1.85938"/>
<p x="1.15" z="0.02625" y="1.93375"/>
<p x="1.20125" z="0.22125" y="1.83375"/>
<p x="1.03991" z="0.105887" y="1.99739"/>
<p x="1.07625" z="0.35375" y="1.92375"/>
<p x="1.15" z="0.02625" y="1.93375"/>
<p x="1.12162" z="0.634238" y="1.79678"/>
<p x="1.20125" z="0.22125" y="1.83375"/>
<p x="1.07625" z="0.35375" y="1.92375"/>
<p x="1.15" z="0.02625" y="1.93375"/>
<p x="1.07625" z="0.35375" y="1.92375"/>
<p x="1.20125" z="0.22125" y="1.83375"/>
<p x="0.834022" z="0.41843" y="2.06832"/>
<p x="0.94125" z="0.5625" y="1.98375"/>
<p x="0.95" z="0.29625" y="2.02"/>
<p x="1.12162" z="0.634238" y="1.79678"/>
<p x="1.07625" z="0.35375" y="1.92375"/>
<p x="0.94125" z="0.5625" y="1.98375"/>
<p x="1.03991" z="0.105887" y="1.99739"/>
<p x="0.95" z="0.29625" y="2.02"/>
<p x="1.07625" z="0.35375" y="1.92375"/>
<p x="0.94125" z="0.5625" y="1.98375"/>
<p x="1.07625" z="0.35375" y="1.92375"/>
<p x="0.95" z="0.29625" y="2.02"/>
<p x="1.12162" z="0.634238" y="1.79678"/>
<p x="0.94125" z="0.5625" y="1.98375"/>
<p x="0.8875" z="0.765" y="2.005"/>
<p x="0.834022" z="0.41843" y="2.06832"/>
<p x="0.74625" z="0.56375" y="2.1075"/>
<p x="0.94125" z="0.5625" y="1.98375"/>
<p x="0.638239" z="0.748239" y="2.18764"/>
<p x="0.8875" z="0.765" y="2.005"/>
<p x="0.74625" z="0.56375" y="2.1075"/>
<p x="0.94125" z="0.5625" y="1.98375"/>
<p x="0.74625" z="0.56375" y="2.1075"/>
<p x="0.8875" z="0.765" y="2.005"/>
<p x="0.638239" z="0.748239" y="2.18764"/>
<p x="0.48375" z="0.91" y="2.2925"/>
<p x="0.6775" z="1.215" y="2.2525"/>
<p x="0.35375" z="1.03313" y="2.34625"/>
<p x="0.5225" z="1.37375" y="2.37"/>
<p x="0.48375" z="0.91" y="2.2925"/>
<p x="0.7225" z="1.6475" y="2.31563"/>
<p x="0.6775" z="1.215" y="2.2525"/>
<p x="0.5225" z="1.37375" y="2.37"/>
<p x="0.48375" z="0.91" y="2.2925"/>
<p x="0.5225" z="1.37375" y="2.37"/>
<p x="0.6775" z="1.215" y="2.2525"/>
<p x="0.35375" z="1.03313" y="2.34625"/>
<p x="0.3825" z="1.47625" y="2.43125"/>
<p x="0.5225" z="1.37375" y="2.37"/>
<p x="0.409375" z="1.87187" y="2.48687"/>
<p x="0.5575" z="1.7625" y="2.43"/>
<p x="0.3825" z="1.47625" y="2.43125"/>
<p x="0.7225" z="1.6475" y="2.31563"/>
<p x="0.5225" z="1.37375" y="2.37"/>
<p x="0.5575" z="1.7625" y="2.43"/>
<p x="0.3825" z="1.47625" y="2.43125"/>
<p x="0.5575" z="1.7625" y="2.43"/>
<p x="0.5225" z="1.37375" y="2.37"/>
<p x="0.409375" z="1.87187" y="2.48687"/>
<p x="0.58125" z="2.05625" y="2.45"/>
<p x="0.5575" z="1.7625" y="2.43"/>
<p x="0.784512" z="2.12363" y="2.34362"/>
<p x="0.7475" z="1.9025" y="2.34875"/>
<p x="0.58125" z="2.05625" y="2.45"/>
<p x="0.7225" z="1.6475" y="2.31563"/>
<p x="0.5575" z="1.7625" y="2.43"/>
<p x="0.7475" z="1.9025" y="2.34875"/>
<p x="0.58125" z="2.05625" y="2.45"/>
<p x="0.7475" z="1.9025" y="2.34875"/>
<p x="0.5575" z="1.7625" y="2.43"/>
<p x="0.466027" z="2.71718" y="2.46519"/>
<p x="0.60625" z="2.37125" y="2.43125"/>
<p x="0.43375" z="2.255" y="2.4925"/>
<p x="0.784512" z="2.12363" y="2.34362"/>
<p x="0.58125" z="2.05625" y="2.45"/>
<p x="0.60625" z="2.37125" y="2.43125"/>
<p x="0.409375" z="1.87187" y="2.48687"/>
<p x="0.43375" z="2.255" y="2.4925"/>
<p x="0.58125" z="2.05625" y="2.45"/>
<p x="0.60625" z="2.37125" y="2.43125"/>
<p x="0.58125" z="2.05625" y="2.45"/>
<p x="0.43375" z="2.255" y="2.4925"/>
<p x="0.824844" z="2.63969" y="2.31273"/>
<p x="0.7925" z="2.425" y="2.32875"/>
<p x="0.69125" z="2.67625" y="2.39"/>
<p x="0.784512" z="2.12363" y="2.34362"/>
<p x="0.60625" z="2.37125" y="2.43125"/>
<p x="0.7925" z="2.425" y="2.32875"/>
<p x="0.466027" z="2.71718" y="2.46519"/>
<p x="0.69125" z="2.67625" y="2.39"/>
<p x="0.60625" z="2.37125" y="2.43125"/>
<p x="0.7925" z="2.425" y="2.32875"/>
<p x="0.60625" z="2.37125" y="2.43125"/>
<p x="0.69125" z="2.67625" y="2.39"/>
<p x="1.14679" z="2.55963" y="1.95432"/>
<p x="0.96125" z="2.32" y="2.19125"/>
<p x="0.95375" z="2.605" y="2.21375"/>
<p x="0.784512" z="2.12363" y="2.34362"/>
<p x="0.7925" z="2.425" y="2.32875"/>
<p x="0.96125" z="2.32" y="2.19125"/>
<p x="0.824844" z="2.63969" y="2.31273"/>
<p x="0.95375" z="2.605" y="2.21375"/>
<p x="0.7925" z="2.425" y="2.32875"/>
<p x="0.96125" z="2.32" y="2.19125"/>
<p x="0.7925" z="2.425" y="2.32875"/>
<p x="0.95375" z="2.605" y="2.21375"/>
<p x="1.13273" z="2.10391" y="1.94824"/>
<p x="0.99875" z="2.10125" y="2.14875"/>
<p x="1.135" z="2.25375" y="1.95"/>
<p x="0.784512" z="2.12363" y="2.34362"/>
<p x="0.96125" z="2.32" y="2.19125"/>
<p x="0.99875" z="2.10125" y="2.14875"/>
<p x="1.14679" z="2.55963" y="1.95432"/>
<p x="1.135" z="2.25375" y="1.95"/>
<p x="0.96125" z="2.32" y="2.19125"/>
<p x="0.99875" z="2.10125" y="2.14875"/>
<p x="0.96125" z="2.32" y="2.19125"/>
<p x="1.135" z="2.25375" y="1.95"/>
<p x="1.14392" z="1.79549" y="1.88744"/>
<p x="0.945" z="1.94" y="2.1825"/>
<p x="1.13125" z="1.98375" y="1.935"/>
<p x="0.784512" z="2.12363" y="2.34362"/>
<p x="0.99875" z="2.10125" y="2.14875"/>
<p x="0.945" z="1.94" y="2.1825"/>
<p x="1.13273" z="2.10391" y="1.94824"/>
<p x="1.13125" z="1.98375" y="1.935"/>
<p x="0.99875" z="2.10125" y="2.14875"/>
<p x="0.945" z="1.94" y="2.1825"/>
<p x="0.99875" z="2.10125" y="2.14875"/>
<p x="1.13125" z="1.98375" y="1.935"/>
<p x="0.7225" z="1.6475" y="2.31563"/>
<p x="0.7475" z="1.9025" y="2.34875"/>
<p x="0.9325" z="1.76125" y="2.15875"/>
<p x="0.784512" z="2.12363" y="2.34362"/>
<p x="0.945" z="1.94" y="2.1825"/>
<p x="0.7475" z="1.9025" y="2.34875"/>
<p x="1.14392" z="1.79549" y="1.88744"/>
<p x="0.9325" z="1.76125" y="2.15875"/>
<p x="0.945" z="1.94" y="2.1825"/>
<p x="0.7475" z="1.9025" y="2.34875"/>
<p x="0.945" z="1.94" y="2.1825"/>
<p x="0.9325" z="1.76125" y="2.15875"/>
<p x="0.7225" z="1.6475" y="2.31563"/>
<p x="0.9325" z="1.76125" y="2.15875"/>
<p x="0.9075" z="1.46" y="2.11625"/>
<p x="1.14392" z="1.79549" y="1.88744"/>
<p x="1.115" z="1.55" y="1.88875"/>
<p x="0.9325" z="1.76125" y="2.15875"/>
<p x="1.09687" z="1.26063" y="1.85"/>
<p x="0.9075" z="1.46" y="2.11625"/>
<p x="1.115" z="1.55" y="1.88875"/>
<p x="0.9325" z="1.76125" y="2.15875"/>
<p x="1.115" z="1.55" y="1.88875"/>
<p x="0.9075" z="1.46" y="2.11625"/>
<p x="1.09687" z="1.26063" y="1.85"/>
<p x="0.87375" z="1.06375" y="2.06"/>
<p x="0.9075" z="1.46" y="2.11625"/>
<p x="0.638239" z="0.748239" y="2.18764"/>
<p x="0.6775" z="1.215" y="2.2525"/>
<p x="0.87375" z="1.06375" y="2.06"/>
<p x="0.7225" z="1.6475" y="2.31563"/>
<p x="0.9075" z="1.46" y="2.11625"/>
<p x="0.6775" z="1.215" y="2.2525"/>
<p x="0.87375" z="1.06375" y="2.06"/>
<p x="0.6775" z="1.215" y="2.2525"/>
<p x="0.9075" z="1.46" y="2.11625"/>
<p x="0.638239" z="0.748239" y="2.18764"/>
<p x="0.87375" z="1.06375" y="2.06"/>
<p x="0.8875" z="0.765" y="2.005"/>
<p x="1.09687" z="1.26063" y="1.85"/>
<p x="1.08125" z="0.95875" y="1.81375"/>
<p x="0.87375" z="1.06375" y="2.06"/>
<p x="1.12162" z="0.634238" y="1.79678"/>
<p x="0.8875" z="0.765" y="2.005"/>
<p x="1.08125" z="0.95875" y="1.81375"/>
<p x="0.87375" z="1.06375" y="2.06"/>
<p x="1.08125" z="0.95875" y="1.81375"/>
<p x="0.8875" z="0.765" y="2.005"/>
<p x="1.09687" z="1.26063" y="1.85"/>
<p x="1.24625" z="1.06625" y="1.54125"/>
<p x="1.08125" z="0.95875" y="1.81375"/>
<p x="1.34688" z="0.873125" y="1.24187"/>
<p x="1.25625" z="0.78375" y="1.52625"/>
<p x="1.24625" z="1.06625" y="1.54125"/>
<p x="1.12162" z="0.634238" y="1.79678"/>
<p x="1.08125" z="0.95875" y="1.81375"/>
<p x="1.25625" z="0.78375" y="1.52625"/>
<p x="1.24625" z="1.06625" y="1.54125"/>
<p x="1.25625" z="0.78375" y="1.52625"/>
<p x="1.08125" z="0.95875" y="1.81375"/>
<p x="1.09687" z="1.26063" y="1.85"/>
<p x="1.265" z="1.3075" y="1.56"/>
<p x="1.24625" z="1.06625" y="1.54125"/>
<p x="1.38625" z="1.32312" y="1.24938"/>
<p x="1.36" z="1.11" y="1.24125"/>
<p x="1.265" z="1.3075" y="1.56"/>
<p x="1.34688" z="0.873125" y="1.24187"/>
<p x="1.24625" z="1.06625" y="1.54125"/>
<p x="1.36" z="1.11" y="1.24125"/>
<p x="1.265" z="1.3075" y="1.56"/>
<p x="1.36" z="1.11" y="1.24125"/>
<p x="1.24625" z="1.06625" y="1.54125"/>
<p x="1.14392" z="1.79549" y="1.88744"/>
<p x="1.28125" z="1.5325" y="1.57625"/>
<p x="1.115" z="1.55" y="1.88875"/>
<p x="1.38625" z="1.32312" y="1.24938"/>
<p x="1.265" z="1.3075" y="1.56"/>
<p x="1.28125" z="1.5325" y="1.57625"/>
<p x="1.09687" z="1.26063" y="1.85"/>
<p x="1.115" z="1.55" y="1.88875"/>
<p x="1.265" z="1.3075" y="1.56"/>
<p x="1.28125" z="1.5325" y="1.57625"/>
<p x="1.265" z="1.3075" y="1.56"/>
<p x="1.115" z="1.55" y="1.88875"/>
<p x="1.14392" z="1.79549" y="1.88744"/>
<p x="1.33" z="1.72" y="1.48"/>
<p x="1.28125" z="1.5325" y="1.57625"/>
<p x="1.42814" z="1.69139" y="1.20177"/>
<p x="1.405" z="1.51625" y="1.25"/>
<p x="1.33" z="1.72" y="1.48"/>
<p x="1.38625" z="1.32312" y="1.24938"/>
<p x="1.28125" z="1.5325" y="1.57625"/>
<p x="1.405" z="1.51625" y="1.25"/>
<p x="1.33" z="1.72" y="1.48"/>
<p x="1.405" z="1.51625" y="1.25"/>
<p x="1.28125" z="1.5325" y="1.57625"/>
<p x="1.42814" z="1.69139" y="1.20177"/>
<p x="1.46625" z="1.61625" y="1.01875"/>
<p x="1.405" z="1.51625" y="1.25"/>
<p x="1.47625" z="1.57563" y="0.83375"/>
<p x="1.45" z="1.40625" y="1.00125"/>
<p x="1.46625" z="1.61625" y="1.01875"/>
<p x="1.38625" z="1.32312" y="1.24938"/>
<p x="1.405" z="1.51625" y="1.25"/>
<p x="1.45" z="1.40625" y="1.00125"/>
<p x="1.46625" z="1.61625" y="1.01875"/>
<p x="1.45" z="1.40625" y="1.00125"/>
<p x="1.405" z="1.51625" y="1.25"/>
<p x="-0.917568" z="1.4285" y="-0.276636"/>
<p x="-0.96375" z="1.57375" y="-0.30625"/>
<p x="-1.0525" z="1.44375" y="-0.18875"/>
<p x="-1.05312" z="1.715" y="-0.349375"/>
<p x="-1.13" z="1.605" y="-0.20125"/>
<p x="-0.96375" z="1.57375" y="-0.30625"/>
<p x="-1.2302" z="1.48167" y="-0.0450975"/>
<p x="-1.0525" z="1.44375" y="-0.18875"/>
<p x="-1.13" z="1.605" y="-0.20125"/>
<p x="-0.96375" z="1.57375" y="-0.30625"/>
<p x="-1.13" z="1.605" y="-0.20125"/>
<p x="-1.0525" z="1.44375" y="-0.18875"/>
<p x="-1.05312" z="1.715" y="-0.349375"/>
<p x="-0.96375" z="1.57375" y="-0.30625"/>
<p x="-0.91125" z="1.71" y="-0.42125"/>
<p x="-0.917568" z="1.4285" y="-0.276636"/>
<p x="-0.83" z="1.54375" y="-0.3625"/>
<p x="-0.96375" z="1.57375" y="-0.30625"/>
<p x="-0.746373" z="1.70862" y="-0.458334"/>
<p x="-0.91125" z="1.71" y="-0.42125"/>
<p x="-0.83" z="1.54375" y="-0.3625"/>
<p x="-0.96375" z="1.57375" y="-0.30625"/>
<p x="-0.83" z="1.54375" y="-0.3625"/>
<p x="-0.91125" z="1.71" y="-0.42125"/>
<p x="-0.917568" z="1.4285" y="-0.276636"/>
<p x="-0.81375" z="1.335" y="-0.3075"/>
<p x="-0.83" z="1.54375" y="-0.3625"/>
<p x="-0.693125" z="1.2025" y="-0.321875"/>
<p x="-0.7" z="1.445" y="-0.3875"/>
<p x="-0.81375" z="1.335" y="-0.3075"/>
<p x="-0.746373" z="1.70862" y="-0.458334"/>
<p x="-0.83" z="1.54375" y="-0.3625"/>
<p x="-0.7" z="1.445" y="-0.3875"/>
<p x="-0.81375" z="1.335" y="-0.3075"/>
<p x="-0.7" z="1.445" y="-0.3875"/>
<p x="-0.83" z="1.54375" y="-0.3625"/>
<p x="-0.746373" z="1.70862" y="-0.458334"/>
<p x="-0.7" z="1.445" y="-0.3875"/>
<p x="-0.5725" z="1.5475" y="-0.4425"/>
<p x="-0.693125" z="1.2025" y="-0.321875"/>
<p x="-0.555" z="1.3" y="-0.3975"/>
<p x="-0.7" z="1.445" y="-0.3875"/>
<p x="-0.3825" z="1.38688" y="-0.431875"/>
<p x="-0.5725" z="1.5475" y="-0.4425"/>
<p x="-0.555" z="1.3" y="-0.3975"/>
<p x="-0.7" z="1.445" y="-0.3875"/>
<p x="-0.555" z="1.3" y="-0.3975"/>
<p x="-0.5725" z="1.5475" y="-0.4425"/>
<p x="-0.3825" z="1.38688" y="-0.431875"/>
<p x="-0.555" z="1.3" y="-0.3975"/>
<p x="-0.38125" z="1.18375" y="-0.3875"/>
<p x="-0.693125" z="1.2025" y="-0.321875"/>
<p x="-0.5625" z="1.08" y="-0.32625"/>
<p x="-0.555" z="1.3" y="-0.3975"/>
<p x="-0.404375" z="1.00312" y="-0.324375"/>
<p x="-0.38125" z="1.18375" y="-0.3875"/>
<p x="-0.5625" z="1.08" y="-0.32625"/>
<p x="-0.555" z="1.3" y="-0.3975"/>
<p x="-0.5625" z="1.08" y="-0.32625"/>
<p x="-0.38125" z="1.18375" y="-0.3875"/>
<p x="-0.404375" z="1.00312" y="-0.324375"/>
<p x="-0.17375" z="1.08875" y="-0.34125"/>
<p x="-0.38125" z="1.18375" y="-0.3875"/>
<p x="0.09125" z="1.16125" y="-0.331875"/>
<p x="-0.145" z="1.27375" y="-0.39125"/>
<p x="-0.17375" z="1.08875" y="-0.34125"/>
<p x="-0.3825" z="1.38688" y="-0.431875"/>
<p x="-0.38125" z="1.18375" y="-0.3875"/>
<p x="-0.145" z="1.27375" y="-0.39125"/>
<p x="-0.17375" z="1.08875" y="-0.34125"/>
<p x="-0.145" z="1.27375" y="-0.39125"/>
<p x="-0.38125" z="1.18375" y="-0.3875"/>
<p x="0.0707844" z="1.64529" y="-0.427997"/>
<p x="-0.23625" z="1.73125" y="-0.4675"/>
<p x="-0.1625" z="1.48875" y="-0.43375"/>
<p x="-0.445613" z="1.83534" y="-0.506727"/>
<p x="-0.40875" z="1.635" y="-0.46625"/>
<p x="-0.23625" z="1.73125" y="-0.4675"/>
<p x="-0.3825" z="1.38688" y="-0.431875"/>
<p x="-0.1625" z="1.48875" y="-0.43375"/>
<p x="-0.40875" z="1.635" y="-0.46625"/>
<p x="-0.23625" z="1.73125" y="-0.4675"/>
<p x="-0.40875" z="1.635" y="-0.46625"/>
<p x="-0.1625" z="1.48875" y="-0.43375"/>
<p x="-0.3825" z="1.38688" y="-0.431875"/>
<p x="-0.145" z="1.27375" y="-0.39125"/>
<p x="-0.1625" z="1.48875" y="-0.43375"/>
<p x="0.09125" z="1.16125" y="-0.331875"/>
<p x="0.09875" z="1.3675" y="-0.385"/>
<p x="-0.145" z="1.27375" y="-0.39125"/>
<p x="0.0707844" z="1.64529" y="-0.427997"/>
<p x="-0.1625" z="1.48875" y="-0.43375"/>
<p x="0.09875" z="1.3675" y="-0.385"/>
<p x="-0.145" z="1.27375" y="-0.39125"/>
<p x="0.09875" z="1.3675" y="-0.385"/>
<p x="-0.1625" z="1.48875" y="-0.43375"/>
<p x="0.0707844" z="1.64529" y="-0.427997"/>
<p x="0.09875" z="1.3675" y="-0.385"/>
<p x="0.3375" z="1.4875" y="-0.37875"/>
<p x="0.09125" z="1.16125" y="-0.331875"/>
<p x="0.32375" z="1.22625" y="-0.335"/>
<p x="0.09875" z="1.3675" y="-0.385"/>
<p x="0.5225" z="1.30062" y="-0.3225"/>
<p x="0.3375" z="1.4875" y="-0.37875"/>
<p x="0.32375" z="1.22625" y="-0.335"/>
<p x="0.09875" z="1.3675" y="-0.385"/>
<p x="0.32375" z="1.22625" y="-0.335"/>
<p x="0.3375" z="1.4875" y="-0.37875"/>
<p x="1.47625" z="1.57563" y="0.83375"/>
<p x="1.4875" z="1.8125" y="0.72625"/>
<p x="1.46375" z="1.545" y="0.67375"/>
<p x="1.48402" z="2.02618" y="0.640841"/>
<p x="1.46875" z="1.79375" y="0.59"/>
<p x="1.4875" z="1.8125" y="0.72625"/>
<p x="1.425" z="1.5125" y="0.536875"/>
<p x="1.46375" z="1.545" y="0.67375"/>
<p x="1.46875" z="1.79375" y="0.59"/>
<p x="1.4875" z="1.8125" y="0.72625"/>
<p x="1.46875" z="1.79375" y="0.59"/>
<p x="1.46375" z="1.545" y="0.67375"/>
<p x="1.48402" z="2.02618" y="0.640841"/>
<p x="1.4875" z="1.8125" y="0.72625"/>
<p x="1.48875" z="2.0825" y="0.7575"/>
<p x="1.47625" z="1.57563" y="0.83375"/>
<p x="1.48625" z="1.8325" y="0.88125"/>
<p x="1.4875" z="1.8125" y="0.72625"/>
<p x="1.47812" z="2.09313" y="0.921875"/>
<p x="1.48875" z="2.0825" y="0.7575"/>
<p x="1.48625" z="1.8325" y="0.88125"/>
<p x="1.4875" z="1.8125" y="0.72625"/>
<p x="1.48625" z="1.8325" y="0.88125"/>
<p x="1.48875" z="2.0825" y="0.7575"/>
<p x="1.42814" z="1.69139" y="1.20177"/>
<p x="1.47" z="1.8575" y="1.0425"/>
<p x="1.46625" z="1.61625" y="1.01875"/>
<p x="1.47812" z="2.09313" y="0.921875"/>
<p x="1.48625" z="1.8325" y="0.88125"/>
<p x="1.47" z="1.8575" y="1.0425"/>
<p x="1.47625" z="1.57563" y="0.83375"/>
<p x="1.46625" z="1.61625" y="1.01875"/>
<p x="1.48625" z="1.8325" y="0.88125"/>
<p x="1.47" z="1.8575" y="1.0425"/>
<p x="1.48625" z="1.8325" y="0.88125"/>
<p x="1.46625" z="1.61625" y="1.01875"/>
<p x="1.42814" z="1.69139" y="1.20177"/>
<p x="1.41625" z="1.89625" y="1.24625"/>
<p x="1.47" z="1.8575" y="1.0425"/>
<p x="1.3925" z="2.11875" y="1.30563"/>
<p x="1.46" z="2.10375" y="1.07375"/>
<p x="1.41625" z="1.89625" y="1.24625"/>
<p x="1.47812" z="2.09313" y="0.921875"/>
<p x="1.47" z="1.8575" y="1.0425"/>
<p x="1.46" z="2.10375" y="1.07375"/>
<p x="1.41625" z="1.89625" y="1.24625"/>
<p x="1.46" z="2.10375" y="1.07375"/>
<p x="1.47" z="1.8575" y="1.0425"/>
<p x="1.14392" z="1.79549" y="1.88744"/>
<p x="1.295" z="1.94" y="1.57375"/>
<p x="1.33" z="1.72" y="1.48"/>
<p x="1.3925" z="2.11875" y="1.30563"/>
<p x="1.41625" z="1.89625" y="1.24625"/>
<p x="1.295" z="1.94" y="1.57375"/>
<p x="1.42814" z="1.69139" y="1.20177"/>
<p x="1.33" z="1.72" y="1.48"/>
<p x="1.41625" z="1.89625" y="1.24625"/>
<p x="1.295" z="1.94" y="1.57375"/>
<p x="1.41625" z="1.89625" y="1.24625"/>
<p x="1.33" z="1.72" y="1.48"/>
<p x="1.14392" z="1.79549" y="1.88744"/>
<p x="1.13125" z="1.98375" y="1.935"/>
<p x="1.295" z="1.94" y="1.57375"/>
<p x="1.13273" z="2.10391" y="1.94824"/>
<p x="1.2575" z="2.11625" y="1.6875"/>
<p x="1.13125" z="1.98375" y="1.935"/>
<p x="1.3925" z="2.11875" y="1.30563"/>
<p x="1.295" z="1.94" y="1.57375"/>
<p x="1.2575" z="2.11625" y="1.6875"/>
<p x="1.13125" z="1.98375" y="1.935"/>
<p x="1.2575" z="2.11625" y="1.6875"/>
<p x="1.295" z="1.94" y="1.57375"/>
<p x="1.14679" z="2.55963" y="1.95432"/>
<p x="1.29375" z="2.32375" y="1.5775"/>
<p x="1.135" z="2.25375" y="1.95"/>
<p x="1.3925" z="2.11875" y="1.30563"/>
<p x="1.2575" z="2.11625" y="1.6875"/>
<p x="1.29375" z="2.32375" y="1.5775"/>
<p x="1.13273" z="2.10391" y="1.94824"/>
<p x="1.135" z="2.25375" y="1.95"/>
<p x="1.2575" z="2.11625" y="1.6875"/>
<p x="1.29375" z="2.32375" y="1.5775"/>
<p x="1.2575" z="2.11625" y="1.6875"/>
<p x="1.135" z="2.25375" y="1.95"/>
<p x="1.14679" z="2.55963" y="1.95432"/>
<p x="1.31" z="2.53" y="1.495"/>
<p x="1.29375" z="2.32375" y="1.5775"/>
<p x="1.4075" z="2.58625" y="1.07875"/>
<p x="1.4025" z="2.3275" y="1.2175"/>
<p x="1.31" z="2.53" y="1.495"/>
<p x="1.3925" z="2.11875" y="1.30563"/>
<p x="1.29375" z="2.32375" y="1.5775"/>
<p x="1.4025" z="2.3275" y="1.2175"/>
<p x="1.31" z="2.53" y="1.495"/>
<p x="1.4025" z="2.3275" y="1.2175"/>
<p x="1.29375" z="2.32375" y="1.5775"/>
<p x="1.47812" z="2.09313" y="0.921875"/>
<p x="1.46" z="2.10375" y="1.07375"/>
<p x="1.45" z="2.32625" y="0.975"/>
<p x="1.3925" z="2.11875" y="1.30563"/>
<p x="1.4025" z="2.3275" y="1.2175"/>
<p x="1.46" z="2.10375" y="1.07375"/>
<p x="1.4075" z="2.58625" y="1.07875"/>
<p x="1.45" z="2.32625" y="0.975"/>
<p x="1.4025" z="2.3275" y="1.2175"/>
<p x="1.46" z="2.10375" y="1.07375"/>
<p x="1.4025" z="2.3275" y="1.2175"/>
<p x="1.45" z="2.32625" y="0.975"/>
<p x="1.45" z="2.57" y="0.54"/>
<p x="1.46625" z="2.32875" y="0.76875"/>
<p x="1.43" z="2.555" y="0.82"/>
<p x="1.47812" z="2.09313" y="0.921875"/>
<p x="1.45" z="2.32625" y="0.975"/>
<p x="1.46625" z="2.32875" y="0.76875"/>
<p x="1.4075" z="2.58625" y="1.07875"/>
<p x="1.43" z="2.555" y="0.82"/>
<p x="1.45" z="2.32625" y="0.975"/>
<p x="1.46625" z="2.32875" y="0.76875"/>
<p x="1.45" z="2.32625" y="0.975"/>
<p x="1.43" z="2.555" y="0.82"/>
<p x="1.45" z="2.57" y="0.54"/>
<p x="1.4725" z="2.26" y="0.60875"/>
<p x="1.46625" z="2.32875" y="0.76875"/>
<p x="1.48402" z="2.02618" y="0.640841"/>
<p x="1.48875" z="2.0825" y="0.7575"/>
<p x="1.4725" z="2.26" y="0.60875"/>
<p x="1.47812" z="2.09313" y="0.921875"/>
<p x="1.46625" z="2.32875" y="0.76875"/>
<p x="1.48875" z="2.0825" y="0.7575"/>
<p x="1.4725" z="2.26" y="0.60875"/>
<p x="1.48875" z="2.0825" y="0.7575"/>
<p x="1.46625" z="2.32875" y="0.76875"/>
<p x="1.45" z="2.57" y="0.54"/>
<p x="1.445" z="2.31625" y="0.455"/>
<p x="1.4725" z="2.26" y="0.60875"/>
<p x="1.41451" z="2.04177" y="0.372546"/>
<p x="1.46375" z="2.05125" y="0.52375"/>
<p x="1.445" z="2.31625" y="0.455"/>
<p x="1.48402" z="2.02618" y="0.640841"/>
<p x="1.4725" z="2.26" y="0.60875"/>
<p x="1.46375" z="2.05125" y="0.52375"/>
<p x="1.445" z="2.31625" y="0.455"/>
<p x="1.46375" z="2.05125" y="0.52375"/>
<p x="1.4725" z="2.26" y="0.60875"/>
<p x="1.425" z="1.5125" y="0.536875"/>
<p x="1.46875" z="1.79375" y="0.59"/>
<p x="1.42375" z="1.765" y="0.4525"/>
<p x="1.48402" z="2.02618" y="0.640841"/>
<p x="1.46375" z="2.05125" y="0.52375"/>
<p x="1.46875" z="1.79375" y="0.59"/>
<p x="1.41451" z="2.04177" y="0.372546"/>
<p x="1.42375" z="1.765" y="0.4525"/>
<p x="1.46375" z="2.05125" y="0.52375"/>
<p x="1.46875" z="1.79375" y="0.59"/>
<p x="1.46375" z="2.05125" y="0.52375"/>
<p x="1.42375" z="1.765" y="0.4525"/>
<p x="1.24813" z="1.43938" y="0.21875"/>
<p x="1.35125" z="1.4675" y="0.385"/>
<p x="1.3425" z="1.72" y="0.29875"/>
<p x="1.425" z="1.5125" y="0.536875"/>
<p x="1.42375" z="1.765" y="0.4525"/>
<p x="1.35125" z="1.4675" y="0.385"/>
<p x="1.41451" z="2.04177" y="0.372546"/>
<p x="1.3425" z="1.72" y="0.29875"/>
<p x="1.42375" z="1.765" y="0.4525"/>
<p x="1.35125" z="1.4675" y="0.385"/>
<p x="1.42375" z="1.765" y="0.4525"/>
<p x="1.3425" z="1.72" y="0.29875"/>
<p x="1.41451" z="2.04177" y="0.372546"/>
<p x="1.32" z="1.94125" y="0.21625"/>
<p x="1.3425" z="1.72" y="0.29875"/>
<p x="1.2175" z="1.8775" y="0.085625"/>
<p x="1.2425" z="1.6725" y="0.155"/>
<p x="1.32" z="1.94125" y="0.21625"/>
<p x="1.24813" z="1.43938" y="0.21875"/>
<p x="1.3425" z="1.72" y="0.29875"/>
<p x="1.2425" z="1.6725" y="0.155"/>
<p x="1.32" z="1.94125" y="0.21625"/>
<p x="1.2425" z="1.6725" y="0.155"/>
<p x="1.3425" z="1.72" y="0.29875"/>
<p x="1.24813" z="1.43938" y="0.21875"/>
<p x="1.2425" z="1.6725" y="0.155"/>
<p x="1.145" z="1.42625" y="0.09"/>
<p x="1.2175" z="1.8775" y="0.085625"/>
<p x="1.135" z="1.62125" y="0.04"/>
<p x="1.2425" z="1.6725" y="0.155"/>
<p x="1.05075" z="1.43036" y="-0.00420466"/>
<p x="1.145" z="1.42625" y="0.09"/>
<p x="1.135" z="1.62125" y="0.04"/>
<p x="1.2425" z="1.6725" y="0.155"/>
<p x="1.135" z="1.62125" y="0.04"/>
<p x="1.145" z="1.42625" y="0.09"/>
<p x="1.05075" z="1.43036" y="-0.00420466"/>
<p x="1.135" z="1.62125" y="0.04"/>
<p x="1.005" z="1.5575" y="-0.0725"/>
<p x="1.2175" z="1.8775" y="0.085625"/>
<p x="1.1" z="1.79125" y="-0.025"/>
<p x="1.135" z="1.62125" y="0.04"/>
<p x="0.961875" z="1.7375" y="-0.13875"/>
<p x="1.005" z="1.5575" y="-0.0725"/>
<p x="1.1" z="1.79125" y="-0.025"/>
<p x="1.135" z="1.62125" y="0.04"/>
<p x="1.1" z="1.79125" y="-0.025"/>
<p x="1.005" z="1.5575" y="-0.0725"/>
<p x="0.961875" z="1.7375" y="-0.13875"/>
<p x="0.855" z="1.5675" y="-0.19125"/>
<p x="1.005" z="1.5575" y="-0.0725"/>
<p x="0.7775" z="1.365" y="-0.210625"/>
<p x="0.92375" z="1.3725" y="-0.10375"/>
<p x="0.855" z="1.5675" y="-0.19125"/>
<p x="1.05075" z="1.43036" y="-0.00420466"/>
<p x="1.005" z="1.5575" y="-0.0725"/>
<p x="0.92375" z="1.3725" y="-0.10375"/>
<p x="0.855" z="1.5675" y="-0.19125"/>
<p x="0.92375" z="1.3725" y="-0.10375"/>
<p x="1.005" z="1.5575" y="-0.0725"/>
<p x="1.295" z="2.34625" y="0.06875"/>
<p x="1.275" z="2.11125" y="0.10375"/>
<p x="1.355" z="2.2" y="0.21"/>
<p x="1.2175" z="1.8775" y="0.085625"/>
<p x="1.32" z="1.94125" y="0.21625"/>
<p x="1.275" z="2.11125" y="0.10375"/>
<p x="1.41451" z="2.04177" y="0.372546"/>
<p x="1.355" z="2.2" y="0.21"/>
<p x="1.32" z="1.94125" y="0.21625"/>
<p x="1.275" z="2.11125" y="0.10375"/>
<p x="1.32" z="1.94125" y="0.21625"/>
<p x="1.355" z="2.2" y="0.21"/>
<p x="1.295" z="2.34625" y="0.06875"/>
<p x="1.355" z="2.2" y="0.21"/>
<p x="1.345" z="2.485" y="0.125"/>
<p x="1.41451" z="2.04177" y="0.372546"/>
<p x="1.405" z="2.36625" y="0.29375"/>
<p x="1.355" z="2.2" y="0.21"/>
<p x="1.3775" z="2.6425" y="0.16625"/>
<p x="1.345" z="2.485" y="0.125"/>
<p x="1.405" z="2.36625" y="0.29375"/>
<p x="1.355" z="2.2" y="0.21"/>
<p x="1.405" z="2.36625" y="0.29375"/>
<p x="1.345" z="2.485" y="0.125"/>
<p x="1.45" z="2.57" y="0.54"/>
<p x="1.4225" z="2.5525" y="0.37125"/>
<p x="1.445" z="2.31625" y="0.455"/>
<p x="1.3775" z="2.6425" y="0.16625"/>
<p x="1.405" z="2.36625" y="0.29375"/>
<p x="1.4225" z="2.5525" y="0.37125"/>
<p x="1.41451" z="2.04177" y="0.372546"/>
<p x="1.445" z="2.31625" y="0.455"/>
<p x="1.405" z="2.36625" y="0.29375"/>
<p x="1.4225" z="2.5525" y="0.37125"/>
<p x="1.405" z="2.36625" y="0.29375"/>
<p x="1.445" z="2.31625" y="0.455"/>
<p x="1.33359" z="3.32354" y="-0.106812"/>
<p x="1.355" z="3.18" y="-0.18"/>
<p x="1.37875" z="3.09375" y="-0.0625"/>
<p x="1.35437" z="3.07187" y="-0.2775"/>
<p x="1.38375" z="3.0125" y="-0.16625"/>
<p x="1.355" z="3.18" y="-0.18"/>
<p x="1.39562" z="2.89" y="-0.059375"/>
<p x="1.37875" z="3.09375" y="-0.0625"/>
<p x="1.38375" z="3.0125" y="-0.16625"/>
<p x="1.355" z="3.18" y="-0.18"/>
<p x="1.38375" z="3.0125" y="-0.16625"/>
<p x="1.37875" z="3.09375" y="-0.0625"/>
<p x="1.39562" z="2.89" y="-0.059375"/>
<p x="1.39125" z="2.93" y="0.0625"/>
<p x="1.37875" z="3.09375" y="-0.0625"/>
<p x="1.38252" z="2.97382" y="0.15309"/>
<p x="1.36875" z="3.13875" y="0.04875"/>
<p x="1.39125" z="2.93" y="0.0625"/>
<p x="1.33359" z="3.32354" y="-0.106812"/>
<p x="1.37875" z="3.09375" y="-0.0625"/>
<p x="1.36875" z="3.13875" y="0.04875"/>
<p x="1.39125" z="2.93" y="0.0625"/>
<p x="1.36875" z="3.13875" y="0.04875"/>
<p x="1.37875" z="3.09375" y="-0.0625"/>
<p x="1.3775" z="2.6425" y="0.16625"/>
<p x="1.3925" z="2.82" y="0.17375"/>
<p x="1.3875" z="2.755" y="0.0475"/>
<p x="1.38252" z="2.97382" y="0.15309"/>
<p x="1.39125" z="2.93" y="0.0625"/>
<p x="1.3925" z="2.82" y="0.17375"/>
<p x="1.39562" z="2.89" y="-0.059375"/>
<p x="1.3875" z="2.755" y="0.0475"/>
<p x="1.39125" z="2.93" y="0.0625"/>
<p x="1.3925" z="2.82" y="0.17375"/>
<p x="1.39125" z="2.93" y="0.0625"/>
<p x="1.3875" z="2.755" y="0.0475"/>
<p x="1.39562" z="2.89" y="-0.059375"/>
<p x="1.36" z="2.70625" y="-0.11625"/>
<p x="1.3875" z="2.755" y="0.0475"/>
<p x="1.28461" z="2.51912" y="-0.194507"/>
<p x="1.345" z="2.5825" y="-0.01125"/>
<p x="1.36" z="2.70625" y="-0.11625"/>
<p x="1.3775" z="2.6425" y="0.16625"/>
<p x="1.3875" z="2.755" y="0.0475"/>
<p x="1.345" z="2.5825" y="-0.01125"/>
<p x="1.36" z="2.70625" y="-0.11625"/>
<p x="1.345" z="2.5825" y="-0.01125"/>
<p x="1.3875" z="2.755" y="0.0475"/>
<p x="1.3775" z="2.6425" y="0.16625"/>
<p x="1.345" z="2.5825" y="-0.01125"/>
<p x="1.345" z="2.485" y="0.125"/>
<p x="1.28461" z="2.51912" y="-0.194507"/>
<p x="1.29125" z="2.41375" y="-0.04"/>
<p x="1.345" z="2.5825" y="-0.01125"/>
<p x="1.295" z="2.34625" y="0.06875"/>
<p x="1.345" z="2.485" y="0.125"/>
<p x="1.29125" z="2.41375" y="-0.04"/>
<p x="1.345" z="2.5825" y="-0.01125"/>
<p x="1.29125" z="2.41375" y="-0.04"/>
<p x="1.345" z="2.485" y="0.125"/>
<p x="1.33814" z="2.81907" y="-0.325795"/>
<p x="1.3175" z="2.69" y="-0.2775"/>
<p x="1.375" z="2.8425" y="-0.19875"/>
<p x="1.28461" z="2.51912" y="-0.194507"/>
<p x="1.36" z="2.70625" y="-0.11625"/>
<p x="1.3175" z="2.69" y="-0.2775"/>
<p x="1.39562" z="2.89" y="-0.059375"/>
<p x="1.375" z="2.8425" y="-0.19875"/>
<p x="1.36" z="2.70625" y="-0.11625"/>
<p x="1.3175" z="2.69" y="-0.2775"/>
<p x="1.36" z="2.70625" y="-0.11625"/>
<p x="1.375" z="2.8425" y="-0.19875"/>
<p x="1.39562" z="2.89" y="-0.059375"/>
<p x="1.38375" z="3.0125" y="-0.16625"/>
<p x="1.375" z="2.8425" y="-0.19875"/>
<p x="1.35437" z="3.07187" y="-0.2775"/>
<p x="1.3625" z="2.94125" y="-0.295"/>
<p x="1.38375" z="3.0125" y="-0.16625"/>
<p x="1.33814" z="2.81907" y="-0.325795"/>
<p x="1.375" z="2.8425" y="-0.19875"/>
<p x="1.3625" z="2.94125" y="-0.295"/>
<p x="1.38375" z="3.0125" y="-0.16625"/>
<p x="1.3625" z="2.94125" y="-0.295"/>
<p x="1.375" z="2.8425" y="-0.19875"/>
<p x="1.28516" z="3.22879" y="-0.322422"/>
<p x="1.32375" z="3.1775" y="-0.2925"/>
<p x="1.3" z="3.27375" y="-0.245"/>
<p x="1.35437" z="3.07187" y="-0.2775"/>
<p x="1.355" z="3.18" y="-0.18"/>
<p x="1.32375" z="3.1775" y="-0.2925"/>
<p x="1.33359" z="3.32354" y="-0.106812"/>
<p x="1.3" z="3.27375" y="-0.245"/>
<p x="1.355" z="3.18" y="-0.18"/>
<p x="1.32375" z="3.1775" y="-0.2925"/>
<p x="1.355" z="3.18" y="-0.18"/>
<p x="1.3" z="3.27375" y="-0.245"/>
<p x="1.2575" z="3.12625" y="-0.491875"/>
<p x="1.3125" z="3.09625" y="-0.39375"/>
<p x="1.27375" z="3.1875" y="-0.395"/>
<p x="1.35437" z="3.07187" y="-0.2775"/>
<p x="1.32375" z="3.1775" y="-0.2925"/>
<p x="1.3125" z="3.09625" y="-0.39375"/>
<p x="1.28516" z="3.22879" y="-0.322422"/>
<p x="1.27375" z="3.1875" y="-0.395"/>
<p x="1.32375" z="3.1775" y="-0.2925"/>
<p x="1.3125" z="3.09625" y="-0.39375"/>
<p x="1.32375" z="3.1775" y="-0.2925"/>
<p x="1.27375" z="3.1875" y="-0.395"/>
<p x="1.27687" z="2.91375" y="-0.52875"/>
<p x="1.32625" z="2.99125" y="-0.4075"/>
<p x="1.2775" z="3.02625" y="-0.51375"/>
<p x="1.35437" z="3.07187" y="-0.2775"/>
<p x="1.3125" z="3.09625" y="-0.39375"/>
<p x="1.32625" z="2.99125" y="-0.4075"/>
<p x="1.2575" z="3.12625" y="-0.491875"/>
<p x="1.2775" z="3.02625" y="-0.51375"/>
<p x="1.3125" z="3.09625" y="-0.39375"/>
<p x="1.32625" z="2.99125" y="-0.4075"/>
<p x="1.3125" z="3.09625" y="-0.39375"/>
<p x="1.2775" z="3.02625" y="-0.51375"/>
<p x="1.33814" z="2.81907" y="-0.325795"/>
<p x="1.3625" z="2.94125" y="-0.295"/>
<p x="1.31125" z="2.8675" y="-0.42875"/>
<p x="1.35437" z="3.07187" y="-0.2775"/>
<p x="1.32625" z="2.99125" y="-0.4075"/>
<p x="1.3625" z="2.94125" y="-0.295"/>
<p x="1.27687" z="2.91375" y="-0.52875"/>
<p x="1.31125" z="2.8675" y="-0.42875"/>
<p x="1.32625" z="2.99125" y="-0.4075"/>
<p x="1.3625" z="2.94125" y="-0.295"/>
<p x="1.32625" z="2.99125" y="-0.4075"/>
<p x="1.31125" z="2.8675" y="-0.42875"/>
<p x="1.33814" z="2.81907" y="-0.325795"/>
<p x="1.31125" z="2.8675" y="-0.42875"/>
<p x="1.27125" z="2.7275" y="-0.41875"/>
<p x="1.27687" z="2.91375" y="-0.52875"/>
<p x="1.24125" z="2.78875" y="-0.52625"/>
<p x="1.31125" z="2.8675" y="-0.42875"/>
<p x="1.16608" z="2.65765" y="-0.519705"/>
<p x="1.27125" z="2.7275" y="-0.41875"/>
<p x="1.24125" z="2.78875" y="-0.52625"/>
<p x="1.31125" z="2.8675" y="-0.42875"/>
<p x="1.24125" z="2.78875" y="-0.52625"/>
<p x="1.27125" z="2.7275" y="-0.41875"/>
<p x="1.16608" z="2.65765" y="-0.519705"/>
<p x="1.23125" z="2.57625" y="-0.3625"/>
<p x="1.27125" z="2.7275" y="-0.41875"/>
<p x="1.28461" z="2.51912" y="-0.194507"/>
<p x="1.3175" z="2.69" y="-0.2775"/>
<p x="1.23125" z="2.57625" y="-0.3625"/>
<p x="1.33814" z="2.81907" y="-0.325795"/>
<p x="1.27125" z="2.7275" y="-0.41875"/>
<p x="1.3175" z="2.69" y="-0.2775"/>
<p x="1.23125" z="2.57625" y="-0.3625"/>
<p x="1.3175" z="2.69" y="-0.2775"/>
<p x="1.27125" z="2.7275" y="-0.41875"/>
<p x="1.075" z="2.3675" y="-0.34125"/>
<p x="1.1925" z="2.4275" y="-0.275"/>
<p x="1.12125" z="2.5075" y="-0.4325"/>
<p x="1.28461" z="2.51912" y="-0.194507"/>
<p x="1.23125" z="2.57625" y="-0.3625"/>
<p x="1.1925" z="2.4275" y="-0.275"/>
<p x="1.16608" z="2.65765" y="-0.519705"/>
<p x="1.12125" z="2.5075" y="-0.4325"/>
<p x="1.23125" z="2.57625" y="-0.3625"/>
<p x="1.1925" z="2.4275" y="-0.275"/>
<p x="1.23125" z="2.57625" y="-0.3625"/>
<p x="1.12125" z="2.5075" y="-0.4325"/>
<p x="1.1575" z="2.17875" y="-0.079375"/>
<p x="1.22375" z="2.3475" y="-0.1325"/>
<p x="1.1325" z="2.285" y="-0.1975"/>
<p x="1.28461" z="2.51912" y="-0.194507"/>
<p x="1.1925" z="2.4275" y="-0.275"/>
<p x="1.22375" z="2.3475" y="-0.1325"/>
<p x="1.075" z="2.3675" y="-0.34125"/>
<p x="1.1325" z="2.285" y="-0.1975"/>
<p x="1.1925" z="2.4275" y="-0.275"/>
<p x="1.22375" z="2.3475" y="-0.1325"/>
<p x="1.1925" z="2.4275" y="-0.275"/>
<p x="1.1325" z="2.285" y="-0.1975"/>
<p x="1.295" z="2.34625" y="0.06875"/>
<p x="1.29125" z="2.41375" y="-0.04"/>
<p x="1.24125" z="2.245" y="-0.00875"/>
<p x="1.28461" z="2.51912" y="-0.194507"/>
<p x="1.22375" z="2.3475" y="-0.1325"/>
<p x="1.29125" z="2.41375" y="-0.04"/>
<p x="1.1575" z="2.17875" y="-0.079375"/>
<p x="1.24125" z="2.245" y="-0.00875"/>
<p x="1.22375" z="2.3475" y="-0.1325"/>
<p x="1.29125" z="2.41375" y="-0.04"/>
<p x="1.22375" z="2.3475" y="-0.1325"/>
<p x="1.24125" z="2.245" y="-0.00875"/>
<p x="1.1575" z="2.17875" y="-0.079375"/>
<p x="1.1825" z="2.0375" y="0.00625"/>
<p x="1.24125" z="2.245" y="-0.00875"/>
<p x="1.2175" z="1.8775" y="0.085625"/>
<p x="1.275" z="2.11125" y="0.10375"/>
<p x="1.1825" z="2.0375" y="0.00625"/>
<p x="1.295" z="2.34625" y="0.06875"/>
<p x="1.24125" z="2.245" y="-0.00875"/>
<p x="1.275" z="2.11125" y="0.10375"/>
<p x="1.1825" z="2.0375" y="0.00625"/>
<p x="1.275" z="2.11125" y="0.10375"/>
<p x="1.24125" z="2.245" y="-0.00875"/>
<p x="0.961875" z="1.7375" y="-0.13875"/>
<p x="1.1" z="1.79125" y="-0.025"/>
<p x="1.06875" z="1.955" y="-0.09125"/>
<p x="1.2175" z="1.8775" y="0.085625"/>
<p x="1.1825" z="2.0375" y="0.00625"/>
<p x="1.1" z="1.79125" y="-0.025"/>
<p x="1.1575" z="2.17875" y="-0.079375"/>
<p x="1.06875" z="1.955" y="-0.09125"/>
<p x="1.1825" z="2.0375" y="0.00625"/>
<p x="1.1" z="1.79125" y="-0.025"/>
<p x="1.1825" z="2.0375" y="0.00625"/>
<p x="1.06875" z="1.955" y="-0.09125"/>
<p x="1.075" z="2.3675" y="-0.34125"/>
<p x="0.99875" z="2.2325" y="-0.285"/>
<p x="1.1325" z="2.285" y="-0.1975"/>
<p x="0.924954" z="2.10673" y="-0.261773"/>
<p x="1.04625" z="2.1175" y="-0.17"/>
<p x="0.99875" z="2.2325" y="-0.285"/>
<p x="1.1575" z="2.17875" y="-0.079375"/>
<p x="1.1325" z="2.285" y="-0.1975"/>
<p x="1.04625" z="2.1175" y="-0.17"/>
<p x="0.99875" z="2.2325" y="-0.285"/>
<p x="1.04625" z="2.1175" y="-0.17"/>
<p x="1.1325" z="2.285" y="-0.1975"/>
<p x="1.1575" z="2.17875" y="-0.079375"/>
<p x="1.04625" z="2.1175" y="-0.17"/>
<p x="1.06875" z="1.955" y="-0.09125"/>
<p x="0.924954" z="2.10673" y="-0.261773"/>
<p x="0.93625" z="1.95" y="-0.1975"/>
<p x="1.04625" z="2.1175" y="-0.17"/>
<p x="0.961875" z="1.7375" y="-0.13875"/>
<p x="1.06875" z="1.955" y="-0.09125"/>
<p x="0.93625" z="1.95" y="-0.1975"/>
<p x="1.04625" z="2.1175" y="-0.17"/>
<p x="0.93625" z="1.95" y="-0.1975"/>
<p x="1.06875" z="1.955" y="-0.09125"/>
<p x="0.961875" z="1.7375" y="-0.13875"/>
<p x="0.93625" z="1.95" y="-0.1975"/>
<p x="0.81375" z="1.83375" y="-0.25"/>
<p x="0.924954" z="2.10673" y="-0.261773"/>
<p x="0.8" z="2.055" y="-0.31125"/>
<p x="0.93625" z="1.95" y="-0.1975"/>
<p x="0.635293" z="1.96342" y="-0.353627"/>
<p x="0.81375" z="1.83375" y="-0.25"/>
<p x="0.8" z="2.055" y="-0.31125"/>
<p x="0.93625" z="1.95" y="-0.1975"/>
<p x="0.8" z="2.055" y="-0.31125"/>
<p x="0.81375" z="1.83375" y="-0.25"/>
<p x="0.635293" z="1.96342" y="-0.353627"/>
<p x="0.715" z="1.65125" y="-0.29"/>
<p x="0.81375" z="1.83375" y="-0.25"/>
<p x="0.7775" z="1.365" y="-0.210625"/>
<p x="0.855" z="1.5675" y="-0.19125"/>
<p x="0.715" z="1.65125" y="-0.29"/>
<p x="0.961875" z="1.7375" y="-0.13875"/>
<p x="0.81375" z="1.83375" y="-0.25"/>
<p x="0.855" z="1.5675" y="-0.19125"/>
<p x="0.715" z="1.65125" y="-0.29"/>
<p x="0.855" z="1.5675" y="-0.19125"/>
<p x="0.81375" z="1.83375" y="-0.25"/>
<p x="0.5225" z="1.30062" y="-0.3225"/>
<p x="0.66125" z="1.355" y="-0.28"/>
<p x="0.5575" z="1.6275" y="-0.35125"/>
<p x="0.7775" z="1.365" y="-0.210625"/>
<p x="0.715" z="1.65125" y="-0.29"/>
<p x="0.66125" z="1.355" y="-0.28"/>
<p x="0.635293" z="1.96342" y="-0.353627"/>
<p x="0.5575" z="1.6275" y="-0.35125"/>
<p x="0.715" z="1.65125" y="-0.29"/>
<p x="0.66125" z="1.355" y="-0.28"/>
<p x="0.715" z="1.65125" y="-0.29"/>
<p x="0.5575" z="1.6275" y="-0.35125"/>
<p x="0.5225" z="1.30062" y="-0.3225"/>
<p x="0.5575" z="1.6275" y="-0.35125"/>
<p x="0.3375" z="1.4875" y="-0.37875"/>
<p x="0.635293" z="1.96342" y="-0.353627"/>
<p x="0.3775" z="1.8" y="-0.39625"/>
<p x="0.5575" z="1.6275" y="-0.35125"/>
<p x="0.0707844" z="1.64529" y="-0.427997"/>
<p x="0.3375" z="1.4875" y="-0.37875"/>
<p x="0.3775" z="1.8" y="-0.39625"/>
<p x="0.5575" z="1.6275" y="-0.35125"/>
<p x="0.3775" z="1.8" y="-0.39625"/>
<p x="0.3375" z="1.4875" y="-0.37875"/>
<p x="1.17789" z="2.8409" y="-0.636367"/>
<p x="1.175" z="2.77125" y="-0.60125"/>
<p x="1.2225" z="2.85875" y="-0.6"/>
<p x="1.16608" z="2.65765" y="-0.519705"/>
<p x="1.24125" z="2.78875" y="-0.52625"/>
<p x="1.175" z="2.77125" y="-0.60125"/>
<p x="1.27687" z="2.91375" y="-0.52875"/>
<p x="1.2225" z="2.85875" y="-0.6"/>
<p x="1.24125" z="2.78875" y="-0.52625"/>
<p x="1.175" z="2.77125" y="-0.60125"/>
<p x="1.24125" z="2.78875" y="-0.52625"/>
<p x="1.2225" z="2.85875" y="-0.6"/>
<p x="1.27687" z="2.91375" y="-0.52875"/>
<p x="1.23" z="2.965" y="-0.61125"/>
<p x="1.2225" z="2.85875" y="-0.6"/>
<p x="1.15431" z="2.99627" y="-0.684312"/>
<p x="1.175" z="2.91" y="-0.665"/>
<p x="1.23" z="2.965" y="-0.61125"/>
<p x="1.17789" z="2.8409" y="-0.636367"/>
<p x="1.2225" z="2.85875" y="-0.6"/>
<p x="1.175" z="2.91" y="-0.665"/>
<p x="1.23" z="2.965" y="-0.61125"/>
<p x="1.175" z="2.91" y="-0.665"/>
<p x="1.2225" z="2.85875" y="-0.6"/>
<p x="1.2575" z="3.12625" y="-0.491875"/>
<p x="1.22125" z="3.06" y="-0.59375"/>
<p x="1.2775" z="3.02625" y="-0.51375"/>
<p x="1.15431" z="2.99627" y="-0.684312"/>
<p x="1.23" z="2.965" y="-0.61125"/>
<p x="1.22125" z="3.06" y="-0.59375"/>
<p x="1.27687" z="2.91375" y="-0.52875"/>
<p x="1.2775" z="3.02625" y="-0.51375"/>
<p x="1.23" z="2.965" y="-0.61125"/>
<p x="1.22125" z="3.06" y="-0.59375"/>
<p x="1.23" z="2.965" y="-0.61125"/>
<p x="1.2775" z="3.02625" y="-0.51375"/>
<p x="1.13141" z="3.15084" y="-0.600841"/>
<p x="1.155" z="3.0775" y="-0.64375"/>
<p x="1.2" z="3.14875" y="-0.555"/>
<p x="1.15431" z="2.99627" y="-0.684312"/>
<p x="1.22125" z="3.06" y="-0.59375"/>
<p x="1.155" z="3.0775" y="-0.64375"/>
<p x="1.2575" z="3.12625" y="-0.491875"/>
<p x="1.2" z="3.14875" y="-0.555"/>
<p x="1.22125" z="3.06" y="-0.59375"/>
<p x="1.155" z="3.0775" y="-0.64375"/>
<p x="1.22125" z="3.06" y="-0.59375"/>
<p x="1.2" z="3.14875" y="-0.555"/>
<p x="1.2575" z="3.12625" y="-0.491875"/>
<p x="1.21" z="3.22375" y="-0.4675"/>
<p x="1.2" z="3.14875" y="-0.555"/>
<p x="1.13265" z="3.32774" y="-0.432156"/>
<p x="1.13375" z="3.23375" y="-0.53"/>
<p x="1.21" z="3.22375" y="-0.4675"/>
<p x="1.13141" z="3.15084" y="-0.600841"/>
<p x="1.2" z="3.14875" y="-0.555"/>
<p x="1.13375" z="3.23375" y="-0.53"/>
<p x="1.21" z="3.22375" y="-0.4675"/>
<p x="1.13375" z="3.23375" y="-0.53"/>
<p x="1.2" z="3.14875" y="-0.555"/>
<p x="1.28516" z="3.22879" y="-0.322422"/>
<p x="1.2375" z="3.275" y="-0.36"/>
<p x="1.27375" z="3.1875" y="-0.395"/>
<p x="1.13265" z="3.32774" y="-0.432156"/>
<p x="1.21" z="3.22375" y="-0.4675"/>
<p x="1.2375" z="3.275" y="-0.36"/>
<p x="1.2575" z="3.12625" y="-0.491875"/>
<p x="1.27375" z="3.1875" y="-0.395"/>
<p x="1.21" z="3.22375" y="-0.4675"/>
<p x="1.2375" z="3.275" y="-0.36"/>
<p x="1.21" z="3.22375" y="-0.4675"/>
<p x="1.27375" z="3.1875" y="-0.395"/>
<p x="1.33359" z="3.32354" y="-0.106812"/>
<p x="1.235" z="3.3525" y="-0.28"/>
<p x="1.3" z="3.27375" y="-0.245"/>
<p x="1.13265" z="3.32774" y="-0.432156"/>
<p x="1.2375" z="3.275" y="-0.36"/>
<p x="1.235" z="3.3525" y="-0.28"/>
<p x="1.28516" z="3.22879" y="-0.322422"/>
<p x="1.3" z="3.27375" y="-0.245"/>
<p x="1.2375" z="3.275" y="-0.36"/>
<p x="1.235" z="3.3525" y="-0.28"/>
<p x="1.2375" z="3.275" y="-0.36"/>
<p x="1.3" z="3.27375" y="-0.245"/>
<p x="1.16938" z="3.52375" y="-0.265625"/>
<p x="1.11625" z="3.41875" y="-0.35"/>
<p x="1.25625" z="3.44125" y="-0.2025"/>
<p x="1.13265" z="3.32774" y="-0.432156"/>
<p x="1.235" z="3.3525" y="-0.28"/>
<p x="1.11625" z="3.41875" y="-0.35"/>
<p x="1.33359" z="3.32354" y="-0.106812"/>
<p x="1.25625" z="3.44125" y="-0.2025"/>
<p x="1.235" z="3.3525" y="-0.28"/>
<p x="1.11625" z="3.41875" y="-0.35"/>
<p x="1.235" z="3.3525" y="-0.28"/>
<p x="1.25625" z="3.44125" y="-0.2025"/>
<p x="1.13141" z="3.15084" y="-0.600841"/>
<p x="1.13375" z="3.23375" y="-0.53"/>
<p x="1.0375" z="3.20125" y="-0.60625"/>
<p x="1.13265" z="3.32774" y="-0.432156"/>
<p x="1.0" z="3.31" y="-0.5325"/>
<p x="1.13375" z="3.23375" y="-0.53"/>
<p x="0.915978" z="3.24561" y="-0.612432"/>
<p x="1.0375" z="3.20125" y="-0.60625"/>
<p x="1.0" z="3.31" y="-0.5325"/>
<p x="1.13375" z="3.23375" y="-0.53"/>
<p x="1.0" z="3.31" y="-0.5325"/>
<p x="1.0375" z="3.20125" y="-0.60625"/>
<p x="0.915978" z="3.24561" y="-0.612432"/>
<p x="1.0" z="3.31" y="-0.5325"/>
<p x="0.83625" z="3.33875" y="-0.56"/>
<p x="1.13265" z="3.32774" y="-0.432156"/>
<p x="0.95375" z="3.41" y="-0.46"/>
<p x="1.0" z="3.31" y="-0.5325"/>
<p x="0.71504" z="3.48891" y="-0.480875"/>
<p x="0.83625" z="3.33875" y="-0.56"/>
<p x="0.95375" z="3.41" y="-0.46"/>
<p x="1.0" z="3.31" y="-0.5325"/>
<p x="0.95375" z="3.41" y="-0.46"/>
<p x="0.83625" z="3.33875" y="-0.56"/>
<p x="0.71504" z="3.48891" y="-0.480875"/>
<p x="0.95375" z="3.41" y="-0.46"/>
<p x="0.9825" z="3.51125" y="-0.37625"/>
<p x="1.13265" z="3.32774" y="-0.432156"/>
<p x="1.11625" z="3.41875" y="-0.35"/>
<p x="0.95375" z="3.41" y="-0.46"/>
<p x="1.16938" z="3.52375" y="-0.265625"/>
<p x="0.9825" z="3.51125" y="-0.37625"/>
<p x="1.11625" z="3.41875" y="-0.35"/>
<p x="0.95375" z="3.41" y="-0.46"/>
<p x="1.11625" z="3.41875" y="-0.35"/>
<p x="0.9825" z="3.51125" y="-0.37625"/>
<p x="1.17789" z="2.8409" y="-0.636367"/>
<p x="1.175" z="2.91" y="-0.665"/>
<p x="1.125" z="2.83625" y="-0.675"/>
<p x="1.15431" z="2.99627" y="-0.684312"/>
<p x="1.0925" z="2.915" y="-0.7225"/>
<p x="1.175" z="2.91" y="-0.665"/>
<p x="1.0443" z="2.82477" y="-0.716363"/>
<p x="1.125" z="2.83625" y="-0.675"/>
<p x="1.0925" z="2.915" y="-0.7225"/>
<p x="1.175" z="2.91" y="-0.665"/>
<p x="1.0925" z="2.915" y="-0.7225"/>
<p x="1.125" z="2.83625" y="-0.675"/>
<p x="1.0443" z="2.82477" y="-0.716363"/>
<p x="1.0925" z="2.915" y="-0.7225"/>
<p x="0.99375" z="2.85625" y="-0.75125"/>
<p x="1.15431" z="2.99627" y="-0.684312"/>
<p x="1.04625" z="2.9525" y="-0.74625"/>
<p x="1.0925" z="2.915" y="-0.7225"/>
<p x="0.926875" z="2.88125" y="-0.76875"/>
<p x="0.99375" z="2.85625" y="-0.75125"/>
<p x="1.04625" z="2.9525" y="-0.74625"/>
<p x="1.0925" z="2.915" y="-0.7225"/>
<p x="1.04625" z="2.9525" y="-0.74625"/>
<p x="0.99375" z="2.85625" y="-0.75125"/>
<p x="0.926875" z="2.88125" y="-0.76875"/>
<p x="1.04625" z="2.9525" y="-0.74625"/>
<p x="0.94875" z="2.955" y="-0.76"/>
<p x="1.15431" z="2.99627" y="-0.684312"/>
<p x="1.07" z="3.015" y="-0.7175"/>
<p x="1.04625" z="2.9525" y="-0.74625"/>
<p x="0.95625" z="3.02313" y="-0.731875"/>
<p x="0.94875" z="2.955" y="-0.76"/>
<p x="1.07" z="3.015" y="-0.7175"/>
<p x="1.04625" z="2.9525" y="-0.74625"/>
<p x="1.07" z="3.015" y="-0.7175"/>
<p x="0.94875" z="2.955" y="-0.76"/>
<p x="0.95625" z="3.02313" y="-0.731875"/>
<p x="1.07" z="3.015" y="-0.7175"/>
<p x="1.06125" z="3.095" y="-0.67125"/>
<p x="1.15431" z="2.99627" y="-0.684312"/>
<p x="1.155" z="3.0775" y="-0.64375"/>
<p x="1.07" z="3.015" y="-0.7175"/>
<p x="1.13141" z="3.15084" y="-0.600841"/>
<p x="1.06125" z="3.095" y="-0.67125"/>
<p x="1.155" z="3.0775" y="-0.64375"/>
<p x="1.07" z="3.015" y="-0.7175"/>
<p x="1.155" z="3.0775" y="-0.64375"/>
<p x="1.06125" z="3.095" y="-0.67125"/>
<p x="1.13141" z="3.15084" y="-0.600841"/>
<p x="1.0375" z="3.20125" y="-0.60625"/>
<p x="1.06125" z="3.095" y="-0.67125"/>
<p x="0.915978" z="3.24561" y="-0.612432"/>
<p x="0.93625" z="3.13125" y="-0.68125"/>
<p x="1.0375" z="3.20125" y="-0.60625"/>
<p x="0.95625" z="3.02313" y="-0.731875"/>
<p x="1.06125" z="3.095" y="-0.67125"/>
<p x="0.93625" z="3.13125" y="-0.68125"/>
<p x="1.0375" z="3.20125" y="-0.60625"/>
<p x="0.93625" z="3.13125" y="-0.68125"/>
<p x="1.06125" z="3.095" y="-0.67125"/>
<p x="0.709341" z="3.09364" y="-0.707204"/>
<p x="0.8175" z="3.04375" y="-0.73125"/>
<p x="0.80875" z="3.1875" y="-0.66375"/>
<p x="0.95625" z="3.02313" y="-0.731875"/>
<p x="0.93625" z="3.13125" y="-0.68125"/>
<p x="0.8175" z="3.04375" y="-0.73125"/>
<p x="0.915978" z="3.24561" y="-0.612432"/>
<p x="0.80875" z="3.1875" y="-0.66375"/>
<p x="0.93625" z="3.13125" y="-0.68125"/>
<p x="0.8175" z="3.04375" y="-0.73125"/>
<p x="0.93625" z="3.13125" y="-0.68125"/>
<p x="0.80875" z="3.1875" y="-0.66375"/>
<p x="0.632451" z="2.87098" y="-0.747744"/>
<p x="0.80875" z="2.95125" y="-0.7575"/>
<p x="0.67375" z="2.98125" y="-0.74375"/>
<p x="0.95625" z="3.02313" y="-0.731875"/>
<p x="0.8175" z="3.04375" y="-0.73125"/>
<p x="0.80875" z="2.95125" y="-0.7575"/>
<p x="0.709341" z="3.09364" y="-0.707204"/>
<p x="0.67375" z="2.98125" y="-0.74375"/>
<p x="0.8175" z="3.04375" y="-0.73125"/>
<p x="0.80875" z="2.95125" y="-0.7575"/>
<p x="0.8175" z="3.04375" y="-0.73125"/>
<p x="0.67375" z="2.98125" y="-0.74375"/>
<p x="0.632451" z="2.87098" y="-0.747744"/>
<p x="0.8" z="2.88125" y="-0.76875"/>
<p x="0.80875" z="2.95125" y="-0.7575"/>
<p x="0.926875" z="2.88125" y="-0.76875"/>
<p x="0.94875" z="2.955" y="-0.76"/>
<p x="0.8" z="2.88125" y="-0.76875"/>
<p x="0.95625" z="3.02313" y="-0.731875"/>
<p x="0.80875" z="2.95125" y="-0.7575"/>
<p x="0.94875" z="2.955" y="-0.76"/>
<p x="0.8" z="2.88125" y="-0.76875"/>
<p x="0.94875" z="2.955" y="-0.76"/>
<p x="0.80875" z="2.95125" y="-0.7575"/>
<p x="0.926875" z="2.88125" y="-0.76875"/>
<p x="0.8" z="2.88125" y="-0.76875"/>
<p x="0.795" z="2.7825" y="-0.75875"/>
<p x="0.632451" z="2.87098" y="-0.747744"/>
<p x="0.65875" z="2.77" y="-0.74625"/>
<p x="0.8" z="2.88125" y="-0.76875"/>
<p x="0.690898" z="2.70969" y="-0.73668"/>
<p x="0.795" z="2.7825" y="-0.75875"/>
<p x="0.65875" z="2.77" y="-0.74625"/>
<p x="0.8" z="2.88125" y="-0.76875"/>
<p x="0.65875" z="2.77" y="-0.74625"/>
<p x="0.795" z="2.7825" y="-0.75875"/>
<p x="0.926875" z="2.88125" y="-0.76875"/>
<p x="0.795" z="2.7825" y="-0.75875"/>
<p x="0.885" z="2.745" y="-0.7425"/>
<p x="0.690898" z="2.70969" y="-0.73668"/>
<p x="0.7375" z="2.65375" y="-0.72"/>
<p x="0.795" z="2.7825" y="-0.75875"/>
<p x="0.847354" z="2.57765" y="-0.664507"/>
<p x="0.885" z="2.745" y="-0.7425"/>
<p x="0.7375" z="2.65375" y="-0.72"/>
<p x="0.795" z="2.7825" y="-0.75875"/>
<p x="0.7375" z="2.65375" y="-0.72"/>
<p x="0.885" z="2.745" y="-0.7425"/>
<p x="0.926875" z="2.88125" y="-0.76875"/>
<p x="0.885" z="2.745" y="-0.7425"/>
<p x="0.99375" z="2.85625" y="-0.75125"/>
<p x="0.847354" z="2.57765" y="-0.664507"/>
<p x="0.96625" z="2.7225" y="-0.705"/>
<p x="0.885" z="2.745" y="-0.7425"/>
<p x="1.0443" z="2.82477" y="-0.716363"/>
<p x="0.99375" z="2.85625" y="-0.75125"/>
<p x="0.96625" z="2.7225" y="-0.705"/>
<p x="0.885" z="2.745" y="-0.7425"/>
<p x="0.96625" z="2.7225" y="-0.705"/>
<p x="0.99375" z="2.85625" y="-0.75125"/>
<p x="1.17789" z="2.8409" y="-0.636367"/>
<p x="1.125" z="2.83625" y="-0.675"/>
<p x="1.175" z="2.77125" y="-0.60125"/>
<p x="1.0443" z="2.82477" y="-0.716363"/>
<p x="1.07875" z="2.7325" y="-0.64625"/>
<p x="1.125" z="2.83625" y="-0.675"/>
<p x="1.16608" z="2.65765" y="-0.519705"/>
<p x="1.175" z="2.77125" y="-0.60125"/>
<p x="1.07875" z="2.7325" y="-0.64625"/>
<p x="1.125" z="2.83625" y="-0.675"/>
<p x="1.07875" z="2.7325" y="-0.64625"/>
<p x="1.175" z="2.77125" y="-0.60125"/>
<p x="1.16608" z="2.65765" y="-0.519705"/>
<p x="1.02125" z="2.60125" y="-0.59125"/>
<p x="1.12125" z="2.5075" y="-0.4325"/>
<p x="0.847354" z="2.57765" y="-0.664507"/>
<p x="0.965" z="2.46" y="-0.51"/>
<p x="1.02125" z="2.60125" y="-0.59125"/>
<p x="1.075" z="2.3675" y="-0.34125"/>
<p x="1.12125" z="2.5075" y="-0.4325"/>
<p x="0.965" z="2.46" y="-0.51"/>
<p x="1.02125" z="2.60125" y="-0.59125"/>
<p x="0.965" z="2.46" y="-0.51"/>
<p x="1.12125" z="2.5075" y="-0.4325"/>
<p x="0.847354" z="2.57765" y="-0.664507"/>
<p x="1.02125" z="2.60125" y="-0.59125"/>
<p x="0.96625" z="2.7225" y="-0.705"/>
<p x="1.16608" z="2.65765" y="-0.519705"/>
<p x="1.07875" z="2.7325" y="-0.64625"/>
<p x="1.02125" z="2.60125" y="-0.59125"/>
<p x="1.0443" z="2.82477" y="-0.716363"/>
<p x="0.96625" z="2.7225" y="-0.705"/>
<p x="1.07875" z="2.7325" y="-0.64625"/>
<p x="1.02125" z="2.60125" y="-0.59125"/>
<p x="1.07875" z="2.7325" y="-0.64625"/>
<p x="0.96625" z="2.7225" y="-0.705"/>
<p x="0.635293" z="1.96342" y="-0.353627"/>
<p x="0.8" z="2.055" y="-0.31125"/>
<p x="0.65625" z="2.15875" y="-0.4175"/>
<p x="0.924954" z="2.10673" y="-0.261773"/>
<p x="0.83125" z="2.195" y="-0.37375"/>
<p x="0.8" z="2.055" y="-0.31125"/>
<p x="0.699375" z="2.28563" y="-0.495"/>
<p x="0.65625" z="2.15875" y="-0.4175"/>
<p x="0.83125" z="2.195" y="-0.37375"/>
<p x="0.8" z="2.055" y="-0.31125"/>
<p x="0.83125" z="2.195" y="-0.37375"/>
<p x="0.65625" z="2.15875" y="-0.4175"/>
<p x="0.699375" z="2.28563" y="-0.495"/>
<p x="0.83125" z="2.195" y="-0.37375"/>
<p x="0.9" z="2.3225" y="-0.4325"/>
<p x="0.924954" z="2.10673" y="-0.261773"/>
<p x="0.99875" z="2.2325" y="-0.285"/>
<p x="0.83125" z="2.195" y="-0.37375"/>
<p x="1.075" z="2.3675" y="-0.34125"/>
<p x="0.9" z="2.3225" y="-0.4325"/>
<p x="0.99875" z="2.2325" y="-0.285"/>
<p x="0.83125" z="2.195" y="-0.37375"/>
<p x="0.99875" z="2.2325" y="-0.285"/>
<p x="0.9" z="2.3225" y="-0.4325"/>
<p x="0.699375" z="2.28563" y="-0.495"/>
<p x="0.9" z="2.3225" y="-0.4325"/>
<p x="0.765" z="2.4275" y="-0.575"/>
<p x="1.075" z="2.3675" y="-0.34125"/>
<p x="0.965" z="2.46" y="-0.51"/>
<p x="0.9" z="2.3225" y="-0.4325"/>
<p x="0.847354" z="2.57765" y="-0.664507"/>
<p x="0.765" z="2.4275" y="-0.575"/>
<p x="0.965" z="2.46" y="-0.51"/>
<p x="0.9" z="2.3225" y="-0.4325"/>
<p x="0.965" z="2.46" y="-0.51"/>
<p x="0.765" z="2.4275" y="-0.575"/>
<p x="0.847354" z="2.57765" y="-0.664507"/>
<p x="0.63375" z="2.535" y="-0.66125"/>
<p x="0.765" z="2.4275" y="-0.575"/>
<p x="0.409233" z="2.5412" y="-0.641586"/>
<p x="0.5475" z="2.39625" y="-0.58125"/>
<p x="0.63375" z="2.535" y="-0.66125"/>
<p x="0.699375" z="2.28563" y="-0.495"/>
<p x="0.765" z="2.4275" y="-0.575"/>
<p x="0.5475" z="2.39625" y="-0.58125"/>
<p x="0.63375" z="2.535" y="-0.66125"/>
<p x="0.5475" z="2.39625" y="-0.58125"/>
<p x="0.765" z="2.4275" y="-0.575"/>
<p x="0.690898" z="2.70969" y="-0.73668"/>
<p x="0.585" z="2.64375" y="-0.70625"/>
<p x="0.7375" z="2.65375" y="-0.72"/>
<p x="0.409233" z="2.5412" y="-0.641586"/>
<p x="0.63375" z="2.535" y="-0.66125"/>
<p x="0.585" z="2.64375" y="-0.70625"/>
<p x="0.847354" z="2.57765" y="-0.664507"/>
<p x="0.7375" z="2.65375" y="-0.72"/>
<p x="0.63375" z="2.535" y="-0.66125"/>
<p x="0.585" z="2.64375" y="-0.70625"/>
<p x="0.63375" z="2.535" y="-0.66125"/>
<p x="0.7375" z="2.65375" y="-0.72"/>
<p x="0.632451" z="2.87098" y="-0.747744"/>
<p x="0.5075" z="2.72125" y="-0.70875"/>
<p x="0.65875" z="2.77" y="-0.74625"/>
<p x="0.409233" z="2.5412" y="-0.641586"/>
<p x="0.585" z="2.64375" y="-0.70625"/>
<p x="0.5075" z="2.72125" y="-0.70875"/>
<p x="0.690898" z="2.70969" y="-0.73668"/>
<p x="0.65875" z="2.77" y="-0.74625"/>
<p x="0.585" z="2.64375" y="-0.70625"/>
<p x="0.5075" z="2.72125" y="-0.70875"/>
<p x="0.585" z="2.64375" y="-0.70625"/>
<p x="0.65875" z="2.77" y="-0.74625"/>
<p x="0.330091" z="2.84589" y="-0.682432"/>
<p x="0.35125" z="2.7075" y="-0.675"/>
<p x="0.46125" z="2.84" y="-0.7125"/>
<p x="0.409233" z="2.5412" y="-0.641586"/>
<p x="0.5075" z="2.72125" y="-0.70875"/>
<p x="0.35125" z="2.7075" y="-0.675"/>
<p x="0.632451" z="2.87098" y="-0.747744"/>
<p x="0.46125" z="2.84" y="-0.7125"/>
<p x="0.5075" z="2.72125" y="-0.70875"/>
<p x="0.35125" z="2.7075" y="-0.675"/>
<p x="0.5075" z="2.72125" y="-0.70875"/>
<p x="0.46125" z="2.84" y="-0.7125"/>
<p x="0.632451" z="2.87098" y="-0.747744"/>
<p x="0.53125" z="2.9575" y="-0.72625"/>
<p x="0.46125" z="2.84" y="-0.7125"/>
<p x="0.476069" z="3.06514" y="-0.683181"/>
<p x="0.3925" z="2.9625" y="-0.695"/>
<p x="0.53125" z="2.9575" y="-0.72625"/>
<p x="0.330091" z="2.84589" y="-0.682432"/>
<p x="0.46125" z="2.84" y="-0.7125"/>
<p x="0.3925" z="2.9625" y="-0.695"/>
<p x="0.53125" z="2.9575" y="-0.72625"/>
<p x="0.3925" z="2.9625" y="-0.695"/>
<p x="0.46125" z="2.84" y="-0.7125"/>
<p x="0.709341" z="3.09364" y="-0.707204"/>
<p x="0.59625" z="3.0875" y="-0.695"/>
<p x="0.67375" z="2.98125" y="-0.74375"/>
<p x="0.476069" z="3.06514" y="-0.683181"/>
<p x="0.53125" z="2.9575" y="-0.72625"/>
<p x="0.59625" z="3.0875" y="-0.695"/>
<p x="0.632451" z="2.87098" y="-0.747744"/>
<p x="0.67375" z="2.98125" y="-0.74375"/>
<p x="0.53125" z="2.9575" y="-0.72625"/>
<p x="0.59625" z="3.0875" y="-0.695"/>
<p x="0.53125" z="2.9575" y="-0.72625"/>
<p x="0.67375" z="2.98125" y="-0.74375"/>
<p x="0.71504" z="3.48891" y="-0.480875"/>
<p x="0.55" z="3.23375" y="-0.61375"/>
<p x="0.6975" z="3.25" y="-0.6225"/>
<p x="0.476069" z="3.06514" y="-0.683181"/>
<p x="0.59625" z="3.0875" y="-0.695"/>
<p x="0.55" z="3.23375" y="-0.61375"/>
<p x="0.709341" z="3.09364" y="-0.707204"/>
<p x="0.6975" z="3.25" y="-0.6225"/>
<p x="0.59625" z="3.0875" y="-0.695"/>
<p x="0.55" z="3.23375" y="-0.61375"/>
<p x="0.59625" z="3.0875" y="-0.695"/>
<p x="0.6975" z="3.25" y="-0.6225"/>
<p x="0.915978" z="3.24561" y="-0.612432"/>
<p x="0.83625" z="3.33875" y="-0.56"/>
<p x="0.80875" z="3.1875" y="-0.66375"/>
<p x="0.71504" z="3.48891" y="-0.480875"/>
<p x="0.6975" z="3.25" y="-0.6225"/>
<p x="0.83625" z="3.33875" y="-0.56"/>
<p x="0.709341" z="3.09364" y="-0.707204"/>
<p x="0.80875" z="3.1875" y="-0.66375"/>
<p x="0.6975" z="3.25" y="-0.6225"/>
<p x="0.83625" z="3.33875" y="-0.56"/>
<p x="0.6975" z="3.25" y="-0.6225"/>
<p x="0.80875" z="3.1875" y="-0.66375"/>
<p x="0.227953" z="3.56177" y="-0.534863"/>
<p x="0.02625" z="3.48125" y="-0.57875"/>
<p x="0.2425" z="3.37625" y="-0.58125"/>
<p x="-0.220395" z="3.37461" y="-0.620195"/>
<p x="0.02125" z="3.28" y="-0.62125"/>
<p x="0.02625" z="3.48125" y="-0.57875"/>
<p x="0.204412" z="3.15608" y="-0.625098"/>
<p x="0.2425" z="3.37625" y="-0.58125"/>
<p x="0.02125" z="3.28" y="-0.62125"/>
<p x="0.02625" z="3.48125" y="-0.57875"/>
<p x="0.02125" z="3.28" y="-0.62125"/>
<p x="0.2425" z="3.37625" y="-0.58125"/>
<p x="0.204412" z="3.15608" y="-0.625098"/>
<p x="0.435" z="3.3225" y="-0.5725"/>
<p x="0.2425" z="3.37625" y="-0.58125"/>
<p x="0.71504" z="3.48891" y="-0.480875"/>
<p x="0.44" z="3.5325" y="-0.51125"/>
<p x="0.435" z="3.3225" y="-0.5725"/>
<p x="0.227953" z="3.56177" y="-0.534863"/>
<p x="0.2425" z="3.37625" y="-0.58125"/>
<p x="0.44" z="3.5325" y="-0.51125"/>
<p x="0.435" z="3.3225" y="-0.5725"/>
<p x="0.44" z="3.5325" y="-0.51125"/>
<p x="0.2425" z="3.37625" y="-0.58125"/>
<p x="0.204412" z="3.15608" y="-0.625098"/>
<p x="0.37375" z="3.12125" y="-0.645"/>
<p x="0.435" z="3.3225" y="-0.5725"/>
<p x="0.476069" z="3.06514" y="-0.683181"/>
<p x="0.55" z="3.23375" y="-0.61375"/>
<p x="0.37375" z="3.12125" y="-0.645"/>
<p x="0.71504" z="3.48891" y="-0.480875"/>
<p x="0.435" z="3.3225" y="-0.5725"/>
<p x="0.55" z="3.23375" y="-0.61375"/>
<p x="0.37375" z="3.12125" y="-0.645"/>
<p x="0.55" z="3.23375" y="-0.61375"/>
<p x="0.435" z="3.3225" y="-0.5725"/>
<p x="0.330091" z="2.84589" y="-0.682432"/>
<p x="0.3925" z="2.9625" y="-0.695"/>
<p x="0.2575" z="2.9625" y="-0.66"/>
<p x="0.476069" z="3.06514" y="-0.683181"/>
<p x="0.37375" z="3.12125" y="-0.645"/>
<p x="0.3925" z="2.9625" y="-0.695"/>
<p x="0.204412" z="3.15608" y="-0.625098"/>
<p x="0.2575" z="2.9625" y="-0.66"/>
<p x="0.37375" z="3.12125" y="-0.645"/>
<p x="0.3925" z="2.9625" y="-0.695"/>
<p x="0.37375" z="3.12125" y="-0.645"/>
<p x="0.2575" z="2.9625" y="-0.66"/>
<p x="0.330091" z="2.84589" y="-0.682432"/>
<p x="0.2575" z="2.9625" y="-0.66"/>
<p x="0.2125" z="2.77125" y="-0.65125"/>
<p x="0.204412" z="3.15608" y="-0.625098"/>
<p x="0.1175" z="2.9175" y="-0.635"/>
<p x="0.2575" z="2.9625" y="-0.66"/>
<p x="0.076875" z="2.68937" y="-0.62125"/>
<p x="0.2125" z="2.77125" y="-0.65125"/>
<p x="0.1175" z="2.9175" y="-0.635"/>
<p x="0.2575" z="2.9625" y="-0.66"/>
<p x="0.1175" z="2.9175" y="-0.635"/>
<p x="0.2125" z="2.77125" y="-0.65125"/>
<p x="0.076875" z="2.68937" y="-0.62125"/>
<p x="0.21875" z="2.58875" y="-0.62625"/>
<p x="0.2125" z="2.77125" y="-0.65125"/>
<p x="0.409233" z="2.5412" y="-0.641586"/>
<p x="0.35125" z="2.7075" y="-0.675"/>
<p x="0.21875" z="2.58875" y="-0.62625"/>
<p x="0.330091" z="2.84589" y="-0.682432"/>
<p x="0.2125" z="2.77125" y="-0.65125"/>
<p x="0.35125" z="2.7075" y="-0.675"/>
<p x="0.21875" z="2.58875" y="-0.62625"/>
<p x="0.35125" z="2.7075" y="-0.675"/>
<p x="0.2125" z="2.77125" y="-0.65125"/>
<p x="0.109159" z="2.34877" y="-0.530182"/>
<p x="0.2275" z="2.415" y="-0.56875"/>
<p x="0.08875" z="2.50125" y="-0.5825"/>
<p x="0.409233" z="2.5412" y="-0.641586"/>
<p x="0.21875" z="2.58875" y="-0.62625"/>
<p x="0.2275" z="2.415" y="-0.56875"/>
<p x="0.076875" z="2.68937" y="-0.62125"/>
<p x="0.08875" z="2.50125" y="-0.5825"/>
<p x="0.21875" z="2.58875" y="-0.62625"/>
<p x="0.2275" z="2.415" y="-0.56875"/>
<p x="0.21875" z="2.58875" y="-0.62625"/>
<p x="0.08875" z="2.50125" y="-0.5825"/>
<p x="0.28875" z="2.14937" y="-0.46375"/>
<p x="0.34875" z="2.33125" y="-0.54125"/>
<p x="0.19" z="2.25125" y="-0.4975"/>
<p x="0.409233" z="2.5412" y="-0.641586"/>
<p x="0.2275" z="2.415" y="-0.56875"/>
<p x="0.34875" z="2.33125" y="-0.54125"/>
<p x="0.109159" z="2.34877" y="-0.530182"/>
<p x="0.19" z="2.25125" y="-0.4975"/>
<p x="0.2275" z="2.415" y="-0.56875"/>
<p x="0.34875" z="2.33125" y="-0.54125"/>
<p x="0.2275" z="2.415" y="-0.56875"/>
<p x="0.19" z="2.25125" y="-0.4975"/>
<p x="0.699375" z="2.28563" y="-0.495"/>
<p x="0.5475" z="2.39625" y="-0.58125"/>
<p x="0.49375" z="2.23625" y="-0.49"/>
<p x="0.409233" z="2.5412" y="-0.641586"/>
<p x="0.34875" z="2.33125" y="-0.54125"/>
<p x="0.5475" z="2.39625" y="-0.58125"/>
<p x="0.28875" z="2.14937" y="-0.46375"/>
<p x="0.49375" z="2.23625" y="-0.49"/>
<p x="0.34875" z="2.33125" y="-0.54125"/>
<p x="0.5475" z="2.39625" y="-0.58125"/>
<p x="0.34875" z="2.33125" y="-0.54125"/>
<p x="0.49375" z="2.23625" y="-0.49"/>
<p x="0.635293" z="1.96342" y="-0.353627"/>
<p x="0.65625" z="2.15875" y="-0.4175"/>
<p x="0.4425" z="2.0625" y="-0.4225"/>
<p x="0.699375" z="2.28563" y="-0.495"/>
<p x="0.49375" z="2.23625" y="-0.49"/>
<p x="0.65625" z="2.15875" y="-0.4175"/>
<p x="0.28875" z="2.14937" y="-0.46375"/>
<p x="0.4425" z="2.0625" y="-0.4225"/>
<p x="0.49375" z="2.23625" y="-0.49"/>
<p x="0.65625" z="2.15875" y="-0.4175"/>
<p x="0.49375" z="2.23625" y="-0.49"/>
<p x="0.4425" z="2.0625" y="-0.4225"/>
<p x="0.28875" z="2.14937" y="-0.46375"/>
<p x="0.21125" z="1.925" y="-0.43125"/>
<p x="0.4425" z="2.0625" y="-0.4225"/>
<p x="0.0707844" z="1.64529" y="-0.427997"/>
<p x="0.3775" z="1.8" y="-0.39625"/>
<p x="0.21125" z="1.925" y="-0.43125"/>
<p x="0.635293" z="1.96342" y="-0.353627"/>
<p x="0.4425" z="2.0625" y="-0.4225"/>
<p x="0.3775" z="1.8" y="-0.39625"/>
<p x="0.21125" z="1.925" y="-0.43125"/>
<p x="0.3775" z="1.8" y="-0.39625"/>
<p x="0.4425" z="2.0625" y="-0.4225"/>
<p x="-1.57431" z="1.85744" y="0.938925"/>
<p x="-1.50875" z="1.605" y="0.59375"/>
<p x="-1.63125" z="1.9525" y="0.745"/>
<p x="-1.41314" z="1.37579" y="0.323237"/>
<p x="-1.555" z="1.71125" y="0.49875"/>
<p x="-1.50875" z="1.605" y="0.59375"/>
<p x="-1.70125" z="2.08875" y="0.6275"/>
<p x="-1.63125" z="1.9525" y="0.745"/>
<p x="-1.555" z="1.71125" y="0.49875"/>
<p x="-1.50875" z="1.605" y="0.59375"/>
<p x="-1.555" z="1.71125" y="0.49875"/>
<p x="-1.63125" z="1.9525" y="0.745"/>
<p x="-1.41314" z="1.37579" y="0.323237"/>
<p x="-1.46875" z="1.56125" y="0.27625"/>
<p x="-1.555" z="1.71125" y="0.49875"/>
<p x="-1.50655" z="1.69793" y="0.218227"/>
<p x="-1.59125" z="1.81375" y="0.3875"/>
<p x="-1.46875" z="1.56125" y="0.27625"/>
<p x="-1.70125" z="2.08875" y="0.6275"/>
<p x="-1.555" z="1.71125" y="0.49875"/>
<p x="-1.59125" z="1.81375" y="0.3875"/>
<p x="-1.46875" z="1.56125" y="0.27625"/>
<p x="-1.59125" z="1.81375" y="0.3875"/>
<p x="-1.555" z="1.71125" y="0.49875"/>
<p x="-1.3925" z="1.8525" y="-0.07625"/>
<p x="-1.46375" z="1.7575" y="0.07625"/>
<p x="-1.30875" z="1.665" y="-0.0625"/>
<p x="-1.50655" z="1.69793" y="0.218227"/>
<p x="-1.38875" z="1.57375" y="0.0975"/>
<p x="-1.46375" z="1.7575" y="0.07625"/>
<p x="-1.2302" z="1.48167" y="-0.0450975"/>
<p x="-1.30875" z="1.665" y="-0.0625"/>
<p x="-1.38875" z="1.57375" y="0.0975"/>
<p x="-1.46375" z="1.7575" y="0.07625"/>
<p x="-1.38875" z="1.57375" y="0.0975"/>
<p x="-1.30875" z="1.665" y="-0.0625"/>
<p x="-1.2302" z="1.48167" y="-0.0450975"/>
<p x="-1.13" z="1.605" y="-0.20125"/>
<p x="-1.30875" z="1.665" y="-0.0625"/>
<p x="-1.05312" z="1.715" y="-0.349375"/>
<p x="-1.2325" z="1.7575" y="-0.2225"/>
<p x="-1.13" z="1.605" y="-0.20125"/>
<p x="-1.3925" z="1.8525" y="-0.07625"/>
<p x="-1.30875" z="1.665" y="-0.0625"/>
<p x="-1.2325" z="1.7575" y="-0.2225"/>
<p x="-1.13" z="1.605" y="-0.20125"/>
<p x="-1.2325" z="1.7575" y="-0.2225"/>
<p x="-1.30875" z="1.665" y="-0.0625"/>
<p x="-1.3925" z="1.8525" y="-0.07625"/>
<p x="-1.2325" z="1.7575" y="-0.2225"/>
<p x="-1.37875" z="1.90125" y="-0.245"/>
<p x="-1.05312" z="1.715" y="-0.349375"/>
<p x="-1.2175" z="1.84125" y="-0.38"/>
<p x="-1.2325" z="1.7575" y="-0.2225"/>
<p x="-1.37062" z="1.96688" y="-0.413125"/>
<p x="-1.37875" z="1.90125" y="-0.245"/>
<p x="-1.2175" z="1.84125" y="-0.38"/>
<p x="-1.2325" z="1.7575" y="-0.2225"/>
<p x="-1.2175" z="1.84125" y="-0.38"/>
<p x="-1.37875" z="1.90125" y="-0.245"/>
<p x="-0.746373" z="1.70862" y="-0.458334"/>
<p x="-0.5725" z="1.5475" y="-0.4425"/>
<p x="-0.58875" z="1.78875" y="-0.50625"/>
<p x="-0.3825" z="1.38688" y="-0.431875"/>
<p x="-0.40875" z="1.635" y="-0.46625"/>
<p x="-0.5725" z="1.5475" y="-0.4425"/>
<p x="-0.445613" z="1.83534" y="-0.506727"/>
<p x="-0.58875" z="1.78875" y="-0.50625"/>
<p x="-0.40875" z="1.635" y="-0.46625"/>
<p x="-0.5725" z="1.5475" y="-0.4425"/>
<p x="-0.40875" z="1.635" y="-0.46625"/>
<p x="-0.58875" z="1.78875" y="-0.50625"/>
<p x="-0.31" z="2.04375" y="-0.525625"/>
<p x="-0.37125" z="1.93375" y="-0.5225"/>
<p x="-0.15" z="1.86625" y="-0.4675"/>
<p x="-0.445613" z="1.83534" y="-0.506727"/>
<p x="-0.23625" z="1.73125" y="-0.4675"/>
<p x="-0.37125" z="1.93375" y="-0.5225"/>
<p x="0.0707844" z="1.64529" y="-0.427997"/>
<p x="-0.15" z="1.86625" y="-0.4675"/>
<p x="-0.23625" z="1.73125" y="-0.4675"/>
<p x="-0.37125" z="1.93375" y="-0.5225"/>
<p x="-0.23625" z="1.73125" y="-0.4675"/>
<p x="-0.15" z="1.86625" y="-0.4675"/>
<p x="-0.31" z="2.04375" y="-0.525625"/>
<p x="-0.15" z="1.86625" y="-0.4675"/>
<p x="-0.1375" z="2.04375" y="-0.475"/>
<p x="0.0707844" z="1.64529" y="-0.427997"/>
<p x="0.02" z="1.91625" y="-0.44875"/>
<p x="-0.15" z="1.86625" y="-0.4675"/>
<p x="-0.019375" z="2.135" y="-0.470625"/>
<p x="-0.1375" z="2.04375" y="-0.475"/>
<p x="0.02" z="1.91625" y="-0.44875"/>
<p x="-0.15" z="1.86625" y="-0.4675"/>
<p x="0.02" z="1.91625" y="-0.44875"/>
<p x="-0.1375" z="2.04375" y="-0.475"/>
<p x="0.28875" z="2.14937" y="-0.46375"/>
<p x="0.12125" z="2.0875" y="-0.455"/>
<p x="0.21125" z="1.925" y="-0.43125"/>
<p x="-0.019375" z="2.135" y="-0.470625"/>
<p x="0.02" z="1.91625" y="-0.44875"/>
<p x="0.12125" z="2.0875" y="-0.455"/>
<p x="0.0707844" z="1.64529" y="-0.427997"/>
<p x="0.21125" z="1.925" y="-0.43125"/>
<p x="0.02" z="1.91625" y="-0.44875"/>
<p x="0.12125" z="2.0875" y="-0.455"/>
<p x="0.02" z="1.91625" y="-0.44875"/>
<p x="0.21125" z="1.925" y="-0.43125"/>
<p x="0.109159" z="2.34877" y="-0.530182"/>
<p x="0.05125" z="2.25375" y="-0.49375"/>
<p x="0.19" z="2.25125" y="-0.4975"/>
<p x="-0.019375" z="2.135" y="-0.470625"/>
<p x="0.12125" z="2.0875" y="-0.455"/>
<p x="0.05125" z="2.25375" y="-0.49375"/>
<p x="0.28875" z="2.14937" y="-0.46375"/>
<p x="0.19" z="2.25125" y="-0.4975"/>
<p x="0.12125" z="2.0875" y="-0.455"/>
<p x="0.05125" z="2.25375" y="-0.49375"/>
<p x="0.12125" z="2.0875" y="-0.455"/>
<p x="0.19" z="2.25125" y="-0.4975"/>
<p x="0.109159" z="2.34877" y="-0.530182"/>
<p x="-0.01375" z="2.44125" y="-0.5575"/>
<p x="0.05125" z="2.25375" y="-0.49375"/>
<p x="-0.174424" z="2.58875" y="-0.624808"/>
<p x="-0.07375" z="2.34625" y="-0.53"/>
<p x="-0.01375" z="2.44125" y="-0.5575"/>
<p x="-0.019375" z="2.135" y="-0.470625"/>
<p x="0.05125" z="2.25375" y="-0.49375"/>
<p x="-0.07375" z="2.34625" y="-0.53"/>
<p x="-0.01375" z="2.44125" y="-0.5575"/>
<p x="-0.07375" z="2.34625" y="-0.53"/>
<p x="0.05125" z="2.25375" y="-0.49375"/>
<p x="-0.174424" z="2.58875" y="-0.624808"/>
<p x="-0.01375" z="2.44125" y="-0.5575"/>
<p x="-0.04375" z="2.6475" y="-0.60875"/>
<p x="0.109159" z="2.34877" y="-0.530182"/>
<p x="0.08875" z="2.50125" y="-0.5825"/>
<p x="-0.01375" z="2.44125" y="-0.5575"/>
<p x="0.076875" z="2.68937" y="-0.62125"/>
<p x="-0.04375" z="2.6475" y="-0.60875"/>
<p x="0.08875" z="2.50125" y="-0.5825"/>
<p x="-0.01375" z="2.44125" y="-0.5575"/>
<p x="0.08875" z="2.50125" y="-0.5825"/>
<p x="-0.04375" z="2.6475" y="-0.60875"/>
<p x="-0.118227" z="3.02375" y="-0.640841"/>
<p x="-0.15375" z="2.83875" y="-0.63875"/>
<p x="-0.025" z="2.8675" y="-0.62875"/>
<p x="-0.174424" z="2.58875" y="-0.624808"/>
<p x="-0.04375" z="2.6475" y="-0.60875"/>
<p x="-0.15375" z="2.83875" y="-0.63875"/>
<p x="0.076875" z="2.68937" y="-0.62125"/>
<p x="-0.025" z="2.8675" y="-0.62875"/>
<p x="-0.04375" z="2.6475" y="-0.60875"/>
<p x="-0.15375" z="2.83875" y="-0.63875"/>
<p x="-0.04375" z="2.6475" y="-0.60875"/>
<p x="-0.025" z="2.8675" y="-0.62875"/>
<p x="-0.118227" z="3.02375" y="-0.640841"/>
<p x="-0.025" z="2.8675" y="-0.62875"/>
<p x="0.00875" z="3.09" y="-0.6325"/>
<p x="0.076875" z="2.68937" y="-0.62125"/>
<p x="0.1175" z="2.9175" y="-0.635"/>
<p x="-0.025" z="2.8675" y="-0.62875"/>
<p x="0.204412" z="3.15608" y="-0.625098"/>
<p x="0.00875" z="3.09" y="-0.6325"/>
<p x="0.1175" z="2.9175" y="-0.635"/>
<p x="-0.025" z="2.8675" y="-0.62875"/>
<p x="0.1175" z="2.9175" y="-0.635"/>
<p x="0.00875" z="3.09" y="-0.6325"/>
<p x="0.204412" z="3.15608" y="-0.625098"/>
<p x="0.02125" z="3.28" y="-0.62125"/>
<p x="0.00875" z="3.09" y="-0.6325"/>
<p x="-0.220395" z="3.37461" y="-0.620195"/>
<p x="-0.14625" z="3.1875" y="-0.64375"/>
<p x="0.02125" z="3.28" y="-0.62125"/>
<p x="-0.118227" z="3.02375" y="-0.640841"/>
<p x="0.00875" z="3.09" y="-0.6325"/>
<p x="-0.14625" z="3.1875" y="-0.64375"/>
<p x="0.02125" z="3.28" y="-0.62125"/>
<p x="-0.14625" z="3.1875" y="-0.64375"/>
<p x="0.00875" z="3.09" y="-0.6325"/>
<p x="-1.30879" z="2.29574" y="-0.880313"/>
<p x="-1.25" z="2.30625" y="-0.9125"/>
<p x="-1.3275" z="2.35625" y="-0.90625"/>
<p x="-1.1402" z="2.35245" y="-0.948429"/>
<p x="-1.25" z="2.405" y="-0.9475"/>
<p x="-1.25" z="2.30625" y="-0.9125"/>
<p x="-1.3572" z="2.44881" y="-0.917562"/>
<p x="-1.3275" z="2.35625" y="-0.90625"/>
<p x="-1.25" z="2.405" y="-0.9475"/>
<p x="-1.25" z="2.30625" y="-0.9125"/>
<p x="-1.25" z="2.405" y="-0.9475"/>
<p x="-1.3275" z="2.35625" y="-0.90625"/>
<p x="-1.1402" z="2.35245" y="-0.948429"/>
<p x="-1.14375" z="2.485" y="-0.96"/>
<p x="-1.25" z="2.405" y="-0.9475"/>
<p x="-1.1575" z="2.60625" y="-0.9375"/>
<p x="-1.25625" z="2.51" y="-0.94625"/>
<p x="-1.14375" z="2.485" y="-0.96"/>
<p x="-1.3572" z="2.44881" y="-0.917562"/>
<p x="-1.25" z="2.405" y="-0.9475"/>
<p x="-1.25625" z="2.51" y="-0.94625"/>
<p x="-1.14375" z="2.485" y="-0.96"/>
<p x="-1.25625" z="2.51" y="-0.94625"/>
<p x="-1.25" z="2.405" y="-0.9475"/>
<p x="-1.3572" z="2.44881" y="-0.917562"/>
<p x="-1.25625" z="2.51" y="-0.94625"/>
<p x="-1.33625" z="2.5525" y="-0.915"/>
<p x="-1.1575" z="2.60625" y="-0.9375"/>
<p x="-1.265" z="2.625" y="-0.915"/>
<p x="-1.25625" z="2.51" y="-0.94625"/>
<p x="-1.34084" z="2.64336" y="-0.876454"/>
<p x="-1.33625" z="2.5525" y="-0.915"/>
<p x="-1.265" z="2.625" y="-0.915"/>
<p x="-1.25625" z="2.51" y="-0.94625"/>
<p x="-1.265" z="2.625" y="-0.915"/>
<p x="-1.33625" z="2.5525" y="-0.915"/>
<p x="-1.34084" z="2.64336" y="-0.876454"/>
<p x="-1.39625" z="2.61" y="-0.855"/>
<p x="-1.33625" z="2.5525" y="-0.915"/>
<p x="-1.42516" z="2.58879" y="-0.836367"/>
<p x="-1.39875" z="2.53125" y="-0.88125"/>
<p x="-1.39625" z="2.61" y="-0.855"/>
<p x="-1.3572" z="2.44881" y="-0.917562"/>
<p x="-1.33625" z="2.5525" y="-0.915"/>
<p x="-1.39875" z="2.53125" y="-0.88125"/>
<p x="-1.39625" z="2.61" y="-0.855"/>
<p x="-1.39875" z="2.53125" y="-0.88125"/>
<p x="-1.33625" z="2.5525" y="-0.915"/>
<p x="-1.47832" z="2.53682" y="-0.789818"/>
<p x="-1.42875" z="2.4875" y="-0.86125"/>
<p x="-1.44875" z="2.565" y="-0.82125"/>
<p x="-1.3572" z="2.44881" y="-0.917562"/>
<p x="-1.39875" z="2.53125" y="-0.88125"/>
<p x="-1.42875" z="2.4875" y="-0.86125"/>
<p x="-1.42516" z="2.58879" y="-0.836367"/>
<p x="-1.44875" z="2.565" y="-0.82125"/>
<p x="-1.39875" z="2.53125" y="-0.88125"/>
<p x="-1.42875" z="2.4875" y="-0.86125"/>
<p x="-1.39875" z="2.53125" y="-0.88125"/>
<p x="-1.44875" z="2.565" y="-0.82125"/>
<p x="-1.3572" z="2.44881" y="-0.917562"/>
<p x="-1.42875" z="2.4875" y="-0.86125"/>
<p x="-1.4325" z="2.43375" y="-0.8525"/>
<p x="-1.47832" z="2.53682" y="-0.789818"/>
<p x="-1.48125" z="2.485" y="-0.79"/>
<p x="-1.42875" z="2.4875" y="-0.86125"/>
<p x="-1.49438" z="2.42875" y="-0.75625"/>
<p x="-1.4325" z="2.43375" y="-0.8525"/>
<p x="-1.48125" z="2.485" y="-0.79"/>
<p x="-1.42875" z="2.4875" y="-0.86125"/>
<p x="-1.48125" z="2.485" y="-0.79"/>
<p x="-1.4325" z="2.43375" y="-0.8525"/>
<p x="-1.3572" z="2.44881" y="-0.917562"/>
<p x="-1.4325" z="2.43375" y="-0.8525"/>
<p x="-1.40625" z="2.38125" y="-0.86"/>
<p x="-1.49438" z="2.42875" y="-0.75625"/>
<p x="-1.46875" z="2.3725" y="-0.7775"/>
<p x="-1.4325" z="2.43375" y="-0.8525"/>
<p x="-1.43309" z="2.32318" y="-0.787477"/>
<p x="-1.40625" z="2.38125" y="-0.86"/>
<p x="-1.46875" z="2.3725" y="-0.7775"/>
<p x="-1.4325" z="2.43375" y="-0.8525"/>
<p x="-1.46875" z="2.3725" y="-0.7775"/>
<p x="-1.40625" z="2.38125" y="-0.86"/>
<p x="-1.30879" z="2.29574" y="-0.880313"/>
<p x="-1.3275" z="2.35625" y="-0.90625"/>
<p x="-1.36625" z="2.3025" y="-0.845"/>
<p x="-1.3572" z="2.44881" y="-0.917562"/>
<p x="-1.40625" z="2.38125" y="-0.86"/>
<p x="-1.3275" z="2.35625" y="-0.90625"/>
<p x="-1.43309" z="2.32318" y="-0.787477"/>
<p x="-1.36625" z="2.3025" y="-0.845"/>
<p x="-1.40625" z="2.38125" y="-0.86"/>
<p x="-1.3275" z="2.35625" y="-0.90625"/>
<p x="-1.40625" z="2.38125" y="-0.86"/>
<p x="-1.36625" z="2.3025" y="-0.845"/>
<p x="-1.43309" z="2.32318" y="-0.787477"/>
<p x="-1.38" z="2.23625" y="-0.76375"/>
<p x="-1.36625" z="2.3025" y="-0.845"/>
<p x="-1.27422" z="2.13961" y="-0.761861"/>
<p x="-1.29" z="2.23625" y="-0.84625"/>
<p x="-1.38" z="2.23625" y="-0.76375"/>
<p x="-1.30879" z="2.29574" y="-0.880313"/>
<p x="-1.36625" z="2.3025" y="-0.845"/>
<p x="-1.29" z="2.23625" y="-0.84625"/>
<p x="-1.38" z="2.23625" y="-0.76375"/>
<p x="-1.29" z="2.23625" y="-0.84625"/>
<p x="-1.36625" z="2.3025" y="-0.845"/>
<p x="-1.1402" z="2.35245" y="-0.948429"/>
<p x="-1.25" z="2.30625" y="-0.9125"/>
<p x="-1.20125" z="2.2325" y="-0.87875"/>
<p x="-1.30879" z="2.29574" y="-0.880313"/>
<p x="-1.29" z="2.23625" y="-0.84625"/>
<p x="-1.25" z="2.30625" y="-0.9125"/>
<p x="-1.27422" z="2.13961" y="-0.761861"/>
<p x="-1.20125" z="2.2325" y="-0.87875"/>
<p x="-1.29" z="2.23625" y="-0.84625"/>
<p x="-1.25" z="2.30625" y="-0.9125"/>
<p x="-1.29" z="2.23625" y="-0.84625"/>
<p x="-1.20125" z="2.2325" y="-0.87875"/>
<p x="-1.27422" z="2.13961" y="-0.761861"/>
<p x="-1.1625" z="2.1425" y="-0.82625"/>
<p x="-1.20125" z="2.2325" y="-0.87875"/>
<p x="-1.04729" z="2.15991" y="-0.858045"/>
<p x="-1.09375" z="2.245" y="-0.9125"/>
<p x="-1.1625" z="2.1425" y="-0.82625"/>
<p x="-1.1402" z="2.35245" y="-0.948429"/>
<p x="-1.20125" z="2.2325" y="-0.87875"/>
<p x="-1.09375" z="2.245" y="-0.9125"/>
<p x="-1.1625" z="2.1425" y="-0.82625"/>
<p x="-1.09375" z="2.245" y="-0.9125"/>
<p x="-1.20125" z="2.2325" y="-0.87875"/>
<p x="-1.1402" z="2.35245" y="-0.948429"/>
<p x="-1.09375" z="2.245" y="-0.9125"/>
<p x="-0.98375" z="2.335" y="-0.94625"/>
<p x="-1.04729" z="2.15991" y="-0.858045"/>
<p x="-0.94125" z="2.22" y="-0.90125"/>
<p x="-1.09375" z="2.245" y="-0.9125"/>
<p x="-0.82" z="2.3" y="-0.911875"/>
<p x="-0.98375" z="2.335" y="-0.94625"/>
<p x="-0.94125" z="2.22" y="-0.90125"/>
<p x="-1.09375" z="2.245" y="-0.9125"/>
<p x="-0.94125" z="2.22" y="-0.90125"/>
<p x="-0.98375" z="2.335" y="-0.94625"/>
<p x="-0.862451" z="2.61265" y="-0.932841"/>
<p x="-1.02" z="2.6075" y="-0.9425"/>
<p x="-1.0025" z="2.4725" y="-0.9575"/>
<p x="-1.1575" z="2.60625" y="-0.9375"/>
<p x="-1.14375" z="2.485" y="-0.96"/>
<p x="-1.02" z="2.6075" y="-0.9425"/>
<p x="-1.1402" z="2.35245" y="-0.948429"/>
<p x="-1.0025" z="2.4725" y="-0.9575"/>
<p x="-1.14375" z="2.485" y="-0.96"/>
<p x="-1.02" z="2.6075" y="-0.9425"/>
<p x="-1.14375" z="2.485" y="-0.96"/>
<p x="-1.0025" z="2.4725" y="-0.9575"/>
<p x="-0.82" z="2.3" y="-0.911875"/>
<p x="-0.84875" z="2.445" y="-0.93875"/>
<p x="-0.98375" z="2.335" y="-0.94625"/>
<p x="-0.862451" z="2.61265" y="-0.932841"/>
<p x="-1.0025" z="2.4725" y="-0.9575"/>
<p x="-0.84875" z="2.445" y="-0.93875"/>
<p x="-1.1402" z="2.35245" y="-0.948429"/>
<p x="-0.98375" z="2.335" y="-0.94625"/>
<p x="-1.0025" z="2.4725" y="-0.9575"/>
<p x="-0.84875" z="2.445" y="-0.93875"/>
<p x="-1.0025" z="2.4725" y="-0.9575"/>
<p x="-0.98375" z="2.335" y="-0.94625"/>
<p x="-0.862451" z="2.61265" y="-0.932841"/>
<p x="-0.72375" z="2.54625" y="-0.9125"/>
<p x="-0.7375" z="2.66875" y="-0.905"/>
<p x="-0.57" z="2.5375" y="-0.84875"/>
<p x="-0.62375" z="2.655" y="-0.87125"/>
<p x="-0.72375" z="2.54625" y="-0.9125"/>
<p x="-0.657891" z="2.72422" y="-0.869727"/>
<p x="-0.7375" z="2.66875" y="-0.905"/>
<p x="-0.62375" z="2.655" y="-0.87125"/>
<p x="-0.72375" z="2.54625" y="-0.9125"/>
<p x="-0.62375" z="2.655" y="-0.87125"/>
<p x="-0.7375" z="2.66875" y="-0.905"/>
<p x="-0.862451" z="2.61265" y="-0.932841"/>
<p x="-0.84875" z="2.445" y="-0.93875"/>
<p x="-0.72375" z="2.54625" y="-0.9125"/>
<p x="-0.82" z="2.3" y="-0.911875"/>
<p x="-0.69375" z="2.41" y="-0.8925"/>
<p x="-0.84875" z="2.445" y="-0.93875"/>
<p x="-0.57" z="2.5375" y="-0.84875"/>
<p x="-0.72375" z="2.54625" y="-0.9125"/>
<p x="-0.69375" z="2.41" y="-0.8925"/>
<p x="-0.84875" z="2.445" y="-0.93875"/>
<p x="-0.69375" z="2.41" y="-0.8925"/>
<p x="-0.72375" z="2.54625" y="-0.9125"/>
<p x="-0.82" z="2.3" y="-0.911875"/>
<p x="-0.65125" z="2.285" y="-0.84"/>
<p x="-0.69375" z="2.41" y="-0.8925"/>
<p x="-0.478125" z="2.29187" y="-0.7375"/>
<p x="-0.52125" z="2.4125" y="-0.80625"/>
<p x="-0.65125" z="2.285" y="-0.84"/>
<p x="-0.57" z="2.5375" y="-0.84875"/>
<p x="-0.69375" z="2.41" y="-0.8925"/>
<p x="-0.52125" z="2.4125" y="-0.80625"/>
<p x="-0.65125" z="2.285" y="-0.84"/>
<p x="-0.52125" z="2.4125" y="-0.80625"/>
<p x="-0.69375" z="2.41" y="-0.8925"/>
<p x="-0.695688" z="2.05608" y="-0.721566"/>
<p x="-0.5825" z="2.1725" y="-0.74625"/>
<p x="-0.76125" z="2.185" y="-0.84"/>
<p x="-0.478125" z="2.29187" y="-0.7375"/>
<p x="-0.65125" z="2.285" y="-0.84"/>
<p x="-0.5825" z="2.1725" y="-0.74625"/>
<p x="-0.82" z="2.3" y="-0.911875"/>
<p x="-0.76125" z="2.185" y="-0.84"/>
<p x="-0.65125" z="2.285" y="-0.84"/>
<p x="-0.5825" z="2.1725" y="-0.74625"/>
<p x="-0.65125" z="2.285" y="-0.84"/>
<p x="-0.76125" z="2.185" y="-0.84"/>
<p x="-0.82" z="2.3" y="-0.911875"/>
<p x="-0.94125" z="2.22" y="-0.90125"/>
<p x="-0.76125" z="2.185" y="-0.84"/>
<p x="-1.04729" z="2.15991" y="-0.858045"/>
<p x="-0.905" z="2.11125" y="-0.81125"/>
<p x="-0.94125" z="2.22" y="-0.90125"/>
<p x="-0.695688" z="2.05608" y="-0.721566"/>
<p x="-0.76125" z="2.185" y="-0.84"/>
<p x="-0.905" z="2.11125" y="-0.81125"/>
<p x="-0.94125" z="2.22" y="-0.90125"/>
<p x="-0.905" z="2.11125" y="-0.81125"/>
<p x="-0.76125" z="2.185" y="-0.84"/>
<p x="-0.695688" z="2.05608" y="-0.721566"/>
<p x="-0.905" z="2.11125" y="-0.81125"/>
<p x="-0.91625" z="1.98125" y="-0.685"/>
<p x="-1.04729" z="2.15991" y="-0.858045"/>
<p x="-1.07875" z="2.05625" y="-0.76125"/>
<p x="-0.905" z="2.11125" y="-0.81125"/>
<p x="-1.10875" z="1.93437" y="-0.621875"/>
<p x="-0.91625" z="1.98125" y="-0.685"/>
<p x="-1.07875" z="2.05625" y="-0.76125"/>
<p x="-0.905" z="2.11125" y="-0.81125"/>
<p x="-1.07875" z="2.05625" y="-0.76125"/>
<p x="-0.91625" z="1.98125" y="-0.685"/>
<p x="-1.10875" z="1.93437" y="-0.621875"/>
<p x="-1.07875" z="2.05625" y="-0.76125"/>
<p x="-1.215" z="2.03" y="-0.69125"/>
<p x="-1.04729" z="2.15991" y="-0.858045"/>
<p x="-1.1625" z="2.1425" y="-0.82625"/>
<p x="-1.07875" z="2.05625" y="-0.76125"/>
<p x="-1.27422" z="2.13961" y="-0.761861"/>
<p x="-1.215" z="2.03" y="-0.69125"/>
<p x="-1.1625" z="2.1425" y="-0.82625"/>
<p x="-1.07875" z="2.05625" y="-0.76125"/>
<p x="-1.1625" z="2.1425" y="-0.82625"/>
<p x="-1.215" z="2.03" y="-0.69125"/>
<p x="-1.10875" z="1.93437" y="-0.621875"/>
<p x="-1.215" z="2.03" y="-0.69125"/>
<p x="-1.23875" z="1.93" y="-0.53375"/>
<p x="-1.27422" z="2.13961" y="-0.761861"/>
<p x="-1.335" z="2.045" y="-0.58875"/>
<p x="-1.215" z="2.03" y="-0.69125"/>
<p x="-1.37062" z="1.96688" y="-0.413125"/>
<p x="-1.23875" z="1.93" y="-0.53375"/>
<p x="-1.335" z="2.045" y="-0.58875"/>
<p x="-1.215" z="2.03" y="-0.69125"/>
<p x="-1.335" z="2.045" y="-0.58875"/>
<p x="-1.23875" z="1.93" y="-0.53375"/>
<p x="-1.10875" z="1.93437" y="-0.621875"/>
<p x="-1.23875" z="1.93" y="-0.53375"/>
<p x="-1.07625" z="1.8225" y="-0.4825"/>
<p x="-1.37062" z="1.96688" y="-0.413125"/>
<p x="-1.2175" z="1.84125" y="-0.38"/>
<p x="-1.23875" z="1.93" y="-0.53375"/>
<p x="-1.05312" z="1.715" y="-0.349375"/>
<p x="-1.07625" z="1.8225" y="-0.4825"/>
<p x="-1.2175" z="1.84125" y="-0.38"/>
<p x="-1.23875" z="1.93" y="-0.53375"/>
<p x="-1.2175" z="1.84125" y="-0.38"/>
<p x="-1.07625" z="1.8225" y="-0.4825"/>
<p x="-1.05312" z="1.715" y="-0.349375"/>
<p x="-0.91125" z="1.71" y="-0.42125"/>
<p x="-1.07625" z="1.8225" y="-0.4825"/>
<p x="-0.746373" z="1.70862" y="-0.458334"/>
<p x="-0.9225" z="1.84375" y="-0.545"/>
<p x="-0.91125" z="1.71" y="-0.42125"/>
<p x="-1.10875" z="1.93437" y="-0.621875"/>
<p x="-1.07625" z="1.8225" y="-0.4825"/>
<p x="-0.9225" z="1.84375" y="-0.545"/>
<p x="-0.91125" z="1.71" y="-0.42125"/>
<p x="-0.9225" z="1.84375" y="-0.545"/>
<p x="-1.07625" z="1.8225" y="-0.4825"/>
<p x="-0.695688" z="2.05608" y="-0.721566"/>
<p x="-0.91625" z="1.98125" y="-0.685"/>
<p x="-0.73625" z="1.90125" y="-0.59125"/>
<p x="-1.10875" z="1.93437" y="-0.621875"/>
<p x="-0.9225" z="1.84375" y="-0.545"/>
<p x="-0.91625" z="1.98125" y="-0.685"/>
<p x="-0.746373" z="1.70862" y="-0.458334"/>
<p x="-0.73625" z="1.90125" y="-0.59125"/>
<p x="-0.9225" z="1.84375" y="-0.545"/>
<p x="-0.91625" z="1.98125" y="-0.685"/>
<p x="-0.9225" z="1.84375" y="-0.545"/>
<p x="-0.73625" z="1.90125" y="-0.59125"/>
<p x="-0.695688" z="2.05608" y="-0.721566"/>
<p x="-0.73625" z="1.90125" y="-0.59125"/>
<p x="-0.56375" z="1.955" y="-0.5875"/>
<p x="-0.746373" z="1.70862" y="-0.458334"/>
<p x="-0.58875" z="1.78875" y="-0.50625"/>
<p x="-0.73625" z="1.90125" y="-0.59125"/>
<p x="-0.445613" z="1.83534" y="-0.506727"/>
<p x="-0.56375" z="1.955" y="-0.5875"/>
<p x="-0.58875" z="1.78875" y="-0.50625"/>
<p x="-0.73625" z="1.90125" y="-0.59125"/>
<p x="-0.58875" z="1.78875" y="-0.50625"/>
<p x="-0.56375" z="1.955" y="-0.5875"/>
<p x="-0.695688" z="2.05608" y="-0.721566"/>
<p x="-0.56375" z="1.955" y="-0.5875"/>
<p x="-0.495" z="2.06375" y="-0.62625"/>
<p x="-0.445613" z="1.83534" y="-0.506727"/>
<p x="-0.37125" z="1.93375" y="-0.5225"/>
<p x="-0.56375" z="1.955" y="-0.5875"/>
<p x="-0.31" z="2.04375" y="-0.525625"/>
<p x="-0.495" z="2.06375" y="-0.62625"/>
<p x="-0.37125" z="1.93375" y="-0.5225"/>
<p x="-0.56375" z="1.955" y="-0.5875"/>
<p x="-0.37125" z="1.93375" y="-0.5225"/>
<p x="-0.495" z="2.06375" y="-0.62625"/>
<p x="-0.31" z="2.04375" y="-0.525625"/>
<p x="-0.4125" z="2.16625" y="-0.63125"/>
<p x="-0.495" z="2.06375" y="-0.62625"/>
<p x="-0.478125" z="2.29187" y="-0.7375"/>
<p x="-0.5825" z="2.1725" y="-0.74625"/>
<p x="-0.4125" z="2.16625" y="-0.63125"/>
<p x="-0.695688" z="2.05608" y="-0.721566"/>
<p x="-0.495" z="2.06375" y="-0.62625"/>
<p x="-0.5825" z="2.1725" y="-0.74625"/>
<p x="-0.4125" z="2.16625" y="-0.63125"/>
<p x="-0.5825" z="2.1725" y="-0.74625"/>
<p x="-0.495" z="2.06375" y="-0.62625"/>
<p x="-0.216641" z="2.25969" y="-0.550273"/>
<p x="-0.315" z="2.28625" y="-0.62"/>
<p x="-0.25375" z="2.16375" y="-0.53375"/>
<p x="-0.478125" z="2.29187" y="-0.7375"/>
<p x="-0.4125" z="2.16625" y="-0.63125"/>
<p x="-0.315" z="2.28625" y="-0.62"/>
<p x="-0.31" z="2.04375" y="-0.525625"/>
<p x="-0.25375" z="2.16375" y="-0.53375"/>
<p x="-0.4125" z="2.16625" y="-0.63125"/>
<p x="-0.315" z="2.28625" y="-0.62"/>
<p x="-0.4125" z="2.16625" y="-0.63125"/>
<p x="-0.25375" z="2.16375" y="-0.53375"/>
<p x="-0.019375" z="2.135" y="-0.470625"/>
<p x="-0.135" z="2.2225" y="-0.50375"/>
<p x="-0.1375" z="2.04375" y="-0.475"/>
<p x="-0.216641" z="2.25969" y="-0.550273"/>
<p x="-0.25375" z="2.16375" y="-0.53375"/>
<p x="-0.135" z="2.2225" y="-0.50375"/>
<p x="-0.31" z="2.04375" y="-0.525625"/>
<p x="-0.1375" z="2.04375" y="-0.475"/>
<p x="-0.25375" z="2.16375" y="-0.53375"/>
<p x="-0.135" z="2.2225" y="-0.50375"/>
<p x="-0.25375" z="2.16375" y="-0.53375"/>
<p x="-0.1375" z="2.04375" y="-0.475"/>
<p x="-0.216641" z="2.25969" y="-0.550273"/>
<p x="-0.135" z="2.2225" y="-0.50375"/>
<p x="-0.19375" z="2.3775" y="-0.57875"/>
<p x="-0.019375" z="2.135" y="-0.470625"/>
<p x="-0.07375" z="2.34625" y="-0.53"/>
<p x="-0.135" z="2.2225" y="-0.50375"/>
<p x="-0.174424" z="2.58875" y="-0.624808"/>
<p x="-0.19375" z="2.3775" y="-0.57875"/>
<p x="-0.07375" z="2.34625" y="-0.53"/>
<p x="-0.135" z="2.2225" y="-0.50375"/>
<p x="-0.07375" z="2.34625" y="-0.53"/>
<p x="-0.19375" z="2.3775" y="-0.57875"/>
<p x="-0.427649" z="2.96108" y="-0.719805"/>
<p x="-0.3375" z="3.17" y="-0.66875"/>
<p x="-0.55875" z="3.09625" y="-0.70625"/>
<p x="-0.220395" z="3.37461" y="-0.620195"/>
<p x="-0.52125" z="3.29625" y="-0.65"/>
<p x="-0.3375" z="3.17" y="-0.66875"/>
<p x="-0.755625" z="3.17625" y="-0.69125"/>
<p x="-0.55875" z="3.09625" y="-0.70625"/>
<p x="-0.52125" z="3.29625" y="-0.65"/>
<p x="-0.3375" z="3.17" y="-0.66875"/>
<p x="-0.52125" z="3.29625" y="-0.65"/>
<p x="-0.55875" z="3.09625" y="-0.70625"/>
<p x="-0.118227" z="3.02375" y="-0.640841"/>
<p x="-0.14625" z="3.1875" y="-0.64375"/>
<p x="-0.24625" z="3.0225" y="-0.6625"/>
<p x="-0.220395" z="3.37461" y="-0.620195"/>
<p x="-0.3375" z="3.17" y="-0.66875"/>
<p x="-0.14625" z="3.1875" y="-0.64375"/>
<p x="-0.427649" z="2.96108" y="-0.719805"/>
<p x="-0.24625" z="3.0225" y="-0.6625"/>
<p x="-0.3375" z="3.17" y="-0.66875"/>
<p x="-0.14625" z="3.1875" y="-0.64375"/>
<p x="-0.3375" z="3.17" y="-0.66875"/>
<p x="-0.24625" z="3.0225" y="-0.6625"/>
<p x="-0.118227" z="3.02375" y="-0.640841"/>
<p x="-0.24625" z="3.0225" y="-0.6625"/>
<p x="-0.15375" z="2.83875" y="-0.63875"/>
<p x="-0.427649" z="2.96108" y="-0.719805"/>
<p x="-0.30125" z="2.80125" y="-0.6875"/>
<p x="-0.24625" z="3.0225" y="-0.6625"/>
<p x="-0.174424" z="2.58875" y="-0.624808"/>
<p x="-0.15375" z="2.83875" y="-0.63875"/>
<p x="-0.30125" z="2.80125" y="-0.6875"/>
<p x="-0.24625" z="3.0225" y="-0.6625"/>
<p x="-0.30125" z="2.80125" y="-0.6875"/>
<p x="-0.15375" z="2.83875" y="-0.63875"/>
<p x="-0.174424" z="2.58875" y="-0.624808"/>
<p x="-0.33875" z="2.43625" y="-0.69125"/>
<p x="-0.19375" z="2.3775" y="-0.57875"/>
<p x="-0.478125" z="2.29187" y="-0.7375"/>
<p x="-0.315" z="2.28625" y="-0.62"/>
<p x="-0.33875" z="2.43625" y="-0.69125"/>
<p x="-0.216641" z="2.25969" y="-0.550273"/>
<p x="-0.19375" z="2.3775" y="-0.57875"/>
<p x="-0.315" z="2.28625" y="-0.62"/>
<p x="-0.33875" z="2.43625" y="-0.69125"/>
<p x="-0.315" z="2.28625" y="-0.62"/>
<p x="-0.19375" z="2.3775" y="-0.57875"/>
<p x="-0.57" z="2.5375" y="-0.84875"/>
<p x="-0.52125" z="2.4125" y="-0.80625"/>
<p x="-0.38625" z="2.58375" y="-0.7425"/>
<p x="-0.478125" z="2.29187" y="-0.7375"/>
<p x="-0.33875" z="2.43625" y="-0.69125"/>
<p x="-0.52125" z="2.4125" y="-0.80625"/>
<p x="-0.174424" z="2.58875" y="-0.624808"/>
<p x="-0.38625" z="2.58375" y="-0.7425"/>
<p x="-0.33875" z="2.43625" y="-0.69125"/>
<p x="-0.52125" z="2.4125" y="-0.80625"/>
<p x="-0.33875" z="2.43625" y="-0.69125"/>
<p x="-0.38625" z="2.58375" y="-0.7425"/>
<p x="-0.174424" z="2.58875" y="-0.624808"/>
<p x="-0.30125" z="2.80125" y="-0.6875"/>
<p x="-0.38625" z="2.58375" y="-0.7425"/>
<p x="-0.427649" z="2.96108" y="-0.719805"/>
<p x="-0.47125" z="2.7275" y="-0.7825"/>
<p x="-0.30125" z="2.80125" y="-0.6875"/>
<p x="-0.57" z="2.5375" y="-0.84875"/>
<p x="-0.38625" z="2.58375" y="-0.7425"/>
<p x="-0.47125" z="2.7275" y="-0.7825"/>
<p x="-0.30125" z="2.80125" y="-0.6875"/>
<p x="-0.47125" z="2.7275" y="-0.7825"/>
<p x="-0.38625" z="2.58375" y="-0.7425"/>
<p x="-0.57" z="2.5375" y="-0.84875"/>
<p x="-0.47125" z="2.7275" y="-0.7825"/>
<p x="-0.62375" z="2.655" y="-0.87125"/>
<p x="-0.427649" z="2.96108" y="-0.719805"/>
<p x="-0.56875" z="2.8075" y="-0.815"/>
<p x="-0.47125" z="2.7275" y="-0.7825"/>
<p x="-0.657891" z="2.72422" y="-0.869727"/>
<p x="-0.62375" z="2.655" y="-0.87125"/>
<p x="-0.56875" z="2.8075" y="-0.815"/>
<p x="-0.47125" z="2.7275" y="-0.7825"/>
<p x="-0.56875" z="2.8075" y="-0.815"/>
<p x="-0.62375" z="2.655" y="-0.87125"/>
<p x="-0.427649" z="2.96108" y="-0.719805"/>
<p x="-0.61125" z="2.93625" y="-0.7725"/>
<p x="-0.56875" z="2.8075" y="-0.815"/>
<p x="-0.736636" z="2.87748" y="-0.819159"/>
<p x="-0.6875" z="2.79375" y="-0.8525"/>
<p x="-0.61125" z="2.93625" y="-0.7725"/>
<p x="-0.657891" z="2.72422" y="-0.869727"/>
<p x="-0.56875" z="2.8075" y="-0.815"/>
<p x="-0.6875" z="2.79375" y="-0.8525"/>
<p x="-0.61125" z="2.93625" y="-0.7725"/>
<p x="-0.6875" z="2.79375" y="-0.8525"/>
<p x="-0.56875" z="2.8075" y="-0.815"/>
<p x="-0.657891" z="2.72422" y="-0.869727"/>
<p x="-0.6875" z="2.79375" y="-0.8525"/>
<p x="-0.7375" z="2.66875" y="-0.905"/>
<p x="-0.736636" z="2.87748" y="-0.819159"/>
<p x="-0.8025" z="2.76" y="-0.88125"/>
<p x="-0.6875" z="2.79375" y="-0.8525"/>
<p x="-0.862451" z="2.61265" y="-0.932841"/>
<p x="-0.7375" z="2.66875" y="-0.905"/>
<p x="-0.8025" z="2.76" y="-0.88125"/>
<p x="-0.6875" z="2.79375" y="-0.8525"/>
<p x="-0.8025" z="2.76" y="-0.88125"/>
<p x="-0.7375" z="2.66875" y="-0.905"/>
<p x="-0.862451" z="2.61265" y="-0.932841"/>
<p x="-0.8025" z="2.76" y="-0.88125"/>
<p x="-0.91625" z="2.74625" y="-0.89375"/>
<p x="-0.736636" z="2.87748" y="-0.819159"/>
<p x="-0.8375" z="2.885" y="-0.8275"/>
<p x="-0.8025" z="2.76" y="-0.88125"/>
<p x="-0.969375" z="2.88312" y="-0.828125"/>
<p x="-0.91625" z="2.74625" y="-0.89375"/>
<p x="-0.8375" z="2.885" y="-0.8275"/>
<p x="-0.8025" z="2.76" y="-0.88125"/>
<p x="-0.8375" z="2.885" y="-0.8275"/>
<p x="-0.91625" z="2.74625" y="-0.89375"/>
<p x="-0.969375" z="2.88312" y="-0.828125"/>
<p x="-1.05625" z="2.7375" y="-0.89375"/>
<p x="-0.91625" z="2.74625" y="-0.89375"/>
<p x="-1.1575" z="2.60625" y="-0.9375"/>
<p x="-1.02" z="2.6075" y="-0.9425"/>
<p x="-1.05625" z="2.7375" y="-0.89375"/>
<p x="-0.862451" z="2.61265" y="-0.932841"/>
<p x="-0.91625" z="2.74625" y="-0.89375"/>
<p x="-1.02" z="2.6075" y="-0.9425"/>
<p x="-1.05625" z="2.7375" y="-0.89375"/>
<p x="-1.02" z="2.6075" y="-0.9425"/>
<p x="-0.91625" z="2.74625" y="-0.89375"/>
<p x="-1.27062" z="2.86063" y="-0.781875"/>
<p x="-1.19375" z="2.7375" y="-0.8775"/>
<p x="-1.12625" z="2.87875" y="-0.81375"/>
<p x="-1.1575" z="2.60625" y="-0.9375"/>
<p x="-1.05625" z="2.7375" y="-0.89375"/>
<p x="-1.19375" z="2.7375" y="-0.8775"/>
<p x="-0.969375" z="2.88312" y="-0.828125"/>
<p x="-1.12625" z="2.87875" y="-0.81375"/>
<p x="-1.05625" z="2.7375" y="-0.89375"/>
<p x="-1.19375" z="2.7375" y="-0.8775"/>
<p x="-1.05625" z="2.7375" y="-0.89375"/>
<p x="-1.12625" z="2.87875" y="-0.81375"/>
<p x="-1.34084" z="2.64336" y="-0.876454"/>
<p x="-1.265" z="2.625" y="-0.915"/>
<p x="-1.3075" z="2.73375" y="-0.8425"/>
<p x="-1.1575" z="2.60625" y="-0.9375"/>
<p x="-1.19375" z="2.7375" y="-0.8775"/>
<p x="-1.265" z="2.625" y="-0.915"/>
<p x="-1.27062" z="2.86063" y="-0.781875"/>
<p x="-1.3075" z="2.73375" y="-0.8425"/>
<p x="-1.19375" z="2.7375" y="-0.8775"/>
<p x="-1.265" z="2.625" y="-0.915"/>
<p x="-1.19375" z="2.7375" y="-0.8775"/>
<p x="-1.3075" z="2.73375" y="-0.8425"/>
<p x="-1.34084" z="2.64336" y="-0.876454"/>
<p x="-1.3075" z="2.73375" y="-0.8425"/>
<p x="-1.40125" z="2.70375" y="-0.7975"/>
<p x="-1.27062" z="2.86063" y="-0.781875"/>
<p x="-1.3975" z="2.815" y="-0.73"/>
<p x="-1.3075" z="2.73375" y="-0.8425"/>
<p x="-1.49804" z="2.73725" y="-0.670195"/>
<p x="-1.40125" z="2.70375" y="-0.7975"/>
<p x="-1.3975" z="2.815" y="-0.73"/>
<p x="-1.3075" z="2.73375" y="-0.8425"/>
<p x="-1.3975" z="2.815" y="-0.73"/>
<p x="-1.40125" z="2.70375" y="-0.7975"/>
<p x="-1.34084" z="2.64336" y="-0.876454"/>
<p x="-1.40125" z="2.70375" y="-0.7975"/>
<p x="-1.39625" z="2.61" y="-0.855"/>
<p x="-1.49804" z="2.73725" y="-0.670195"/>
<p x="-1.45125" z="2.6475" y="-0.78375"/>
<p x="-1.40125" z="2.70375" y="-0.7975"/>
<p x="-1.42516" z="2.58879" y="-0.836367"/>
<p x="-1.39625" z="2.61" y="-0.855"/>
<p x="-1.45125" z="2.6475" y="-0.78375"/>
<p x="-1.40125" z="2.70375" y="-0.7975"/>
<p x="-1.45125" z="2.6475" y="-0.78375"/>
<p x="-1.39625" z="2.61" y="-0.855"/>
<p x="-1.42516" z="2.58879" y="-0.836367"/>
<p x="-1.45125" z="2.6475" y="-0.78375"/>
<p x="-1.44875" z="2.565" y="-0.82125"/>
<p x="-1.49804" z="2.73725" y="-0.670195"/>
<p x="-1.4975" z="2.62375" y="-0.7325"/>
<p x="-1.45125" z="2.6475" y="-0.78375"/>
<p x="-1.47832" z="2.53682" y="-0.789818"/>
<p x="-1.44875" z="2.565" y="-0.82125"/>
<p x="-1.4975" z="2.62375" y="-0.7325"/>
<p x="-1.45125" z="2.6475" y="-0.78375"/>
<p x="-1.4975" z="2.62375" y="-0.7325"/>
<p x="-1.44875" z="2.565" y="-0.82125"/>
<p x="-1.59486" z="2.5858" y="-0.566819"/>
<p x="-1.53125" z="2.56375" y="-0.695"/>
<p x="-1.57375" z="2.6625" y="-0.5825"/>
<p x="-1.47832" z="2.53682" y="-0.789818"/>
<p x="-1.4975" z="2.62375" y="-0.7325"/>
<p x="-1.53125" z="2.56375" y="-0.695"/>
<p x="-1.49804" z="2.73725" y="-0.670195"/>
<p x="-1.57375" z="2.6625" y="-0.5825"/>
<p x="-1.4975" z="2.62375" y="-0.7325"/>
<p x="-1.53125" z="2.56375" y="-0.695"/>
<p x="-1.4975" z="2.62375" y="-0.7325"/>
<p x="-1.57375" z="2.6625" y="-0.5825"/>
<p x="-1.47832" z="2.53682" y="-0.789818"/>
<p x="-1.53125" z="2.56375" y="-0.695"/>
<p x="-1.48125" z="2.485" y="-0.79"/>
<p x="-1.59486" z="2.5858" y="-0.566819"/>
<p x="-1.5475" z="2.5025" y="-0.67"/>
<p x="-1.53125" z="2.56375" y="-0.695"/>
<p x="-1.49438" z="2.42875" y="-0.75625"/>
<p x="-1.48125" z="2.485" y="-0.79"/>
<p x="-1.5475" z="2.5025" y="-0.67"/>
<p x="-1.53125" z="2.56375" y="-0.695"/>
<p x="-1.5475" z="2.5025" y="-0.67"/>
<p x="-1.48125" z="2.485" y="-0.79"/>
<p x="-1.63437" z="2.44062" y="-0.454375"/>
<p x="-1.56375" z="2.42875" y="-0.62"/>
<p x="-1.6225" z="2.535" y="-0.51375"/>
<p x="-1.49438" z="2.42875" y="-0.75625"/>
<p x="-1.5475" z="2.5025" y="-0.67"/>
<p x="-1.56375" z="2.42875" y="-0.62"/>
<p x="-1.59486" z="2.5858" y="-0.566819"/>
<p x="-1.6225" z="2.535" y="-0.51375"/>
<p x="-1.5475" z="2.5025" y="-0.67"/>
<p x="-1.56375" z="2.42875" y="-0.62"/>
<p x="-1.5475" z="2.5025" y="-0.67"/>
<p x="-1.6225" z="2.535" y="-0.51375"/>
<p x="-1.49438" z="2.42875" y="-0.75625"/>
<p x="-1.56375" z="2.42875" y="-0.62"/>
<p x="-1.53" z="2.345" y="-0.6525"/>
<p x="-1.63437" z="2.44062" y="-0.454375"/>
<p x="-1.58875" z="2.325" y="-0.4975"/>
<p x="-1.56375" z="2.42875" y="-0.62"/>
<p x="-1.53438" z="2.23375" y="-0.533125"/>
<p x="-1.53" z="2.345" y="-0.6525"/>
<p x="-1.58875" z="2.325" y="-0.4975"/>
<p x="-1.56375" z="2.42875" y="-0.62"/>
<p x="-1.58875" z="2.325" y="-0.4975"/>
<p x="-1.53" z="2.345" y="-0.6525"/>
<p x="-1.49438" z="2.42875" y="-0.75625"/>
<p x="-1.53" z="2.345" y="-0.6525"/>
<p x="-1.46875" z="2.3725" y="-0.7775"/>
<p x="-1.53438" z="2.23375" y="-0.533125"/>
<p x="-1.47875" z="2.2825" y="-0.685"/>
<p x="-1.53" z="2.345" y="-0.6525"/>
<p x="-1.43309" z="2.32318" y="-0.787477"/>
<p x="-1.46875" z="2.3725" y="-0.7775"/>
<p x="-1.47875" z="2.2825" y="-0.685"/>
<p x="-1.53" z="2.345" y="-0.6525"/>
<p x="-1.47875" z="2.2825" y="-0.685"/>
<p x="-1.46875" z="2.3725" y="-0.7775"/>
<p x="-1.27422" z="2.13961" y="-0.761861"/>
<p x="-1.38" z="2.23625" y="-0.76375"/>
<p x="-1.4175" z="2.1675" y="-0.63375"/>
<p x="-1.43309" z="2.32318" y="-0.787477"/>
<p x="-1.47875" z="2.2825" y="-0.685"/>
<p x="-1.38" z="2.23625" y="-0.76375"/>
<p x="-1.53438" z="2.23375" y="-0.533125"/>
<p x="-1.4175" z="2.1675" y="-0.63375"/>
<p x="-1.47875" z="2.2825" y="-0.685"/>
<p x="-1.38" z="2.23625" y="-0.76375"/>
<p x="-1.47875" z="2.2825" y="-0.685"/>
<p x="-1.4175" z="2.1675" y="-0.63375"/>
<p x="-1.27422" z="2.13961" y="-0.761861"/>
<p x="-1.4175" z="2.1675" y="-0.63375"/>
<p x="-1.335" z="2.045" y="-0.58875"/>
<p x="-1.53438" z="2.23375" y="-0.533125"/>
<p x="-1.47125" z="2.1025" y="-0.46125"/>
<p x="-1.4175" z="2.1675" y="-0.63375"/>
<p x="-1.37062" z="1.96688" y="-0.413125"/>
<p x="-1.335" z="2.045" y="-0.58875"/>
<p x="-1.47125" z="2.1025" y="-0.46125"/>
<p x="-1.4175" z="2.1675" y="-0.63375"/>
<p x="-1.47125" z="2.1025" y="-0.46125"/>
<p x="-1.335" z="2.045" y="-0.58875"/>
<p x="-1.63437" z="2.44062" y="-0.454375"/>
<p x="-1.64125" z="2.31375" y="-0.32"/>
<p x="-1.58875" z="2.325" y="-0.4975"/>
<p x="-1.61" z="2.16625" y="-0.181875"/>
<p x="-1.5775" z="2.195" y="-0.36125"/>
<p x="-1.64125" z="2.31375" y="-0.32"/>
<p x="-1.53438" z="2.23375" y="-0.533125"/>
<p x="-1.58875" z="2.325" y="-0.4975"/>
<p x="-1.5775" z="2.195" y="-0.36125"/>
<p x="-1.64125" z="2.31375" y="-0.32"/>
<p x="-1.5775" z="2.195" y="-0.36125"/>
<p x="-1.58875" z="2.325" y="-0.4975"/>
<p x="-1.53438" z="2.23375" y="-0.533125"/>
<p x="-1.5775" z="2.195" y="-0.36125"/>
<p x="-1.47125" z="2.1025" y="-0.46125"/>
<p x="-1.61" z="2.16625" y="-0.181875"/>
<p x="-1.505" z="2.04875" y="-0.2825"/>
<p x="-1.5775" z="2.195" y="-0.36125"/>
<p x="-1.37062" z="1.96688" y="-0.413125"/>
<p x="-1.47125" z="2.1025" y="-0.46125"/>
<p x="-1.505" z="2.04875" y="-0.2825"/>
<p x="-1.5775" z="2.195" y="-0.36125"/>
<p x="-1.505" z="2.04875" y="-0.2825"/>
<p x="-1.47125" z="2.1025" y="-0.46125"/>
<p x="-1.37062" z="1.96688" y="-0.413125"/>
<p x="-1.505" z="2.04875" y="-0.2825"/>
<p x="-1.37875" z="1.90125" y="-0.245"/>
<p x="-1.61" z="2.16625" y="-0.181875"/>
<p x="-1.52375" z="2.00625" y="-0.11125"/>
<p x="-1.505" z="2.04875" y="-0.2825"/>
<p x="-1.3925" z="1.8525" y="-0.07625"/>
<p x="-1.37875" z="1.90125" y="-0.245"/>
<p x="-1.52375" z="2.00625" y="-0.11125"/>
<p x="-1.505" z="2.04875" y="-0.2825"/>
<p x="-1.52375" z="2.00625" y="-0.11125"/>
<p x="-1.37875" z="1.90125" y="-0.245"/>
<p x="-1.3925" z="1.8525" y="-0.07625"/>
<p x="-1.52375" z="2.00625" y="-0.11125"/>
<p x="-1.51125" z="1.9425" y="0.02375"/>
<p x="-1.61" z="2.16625" y="-0.181875"/>
<p x="-1.64" z="2.1475" y="-0.01"/>
<p x="-1.52375" z="2.00625" y="-0.11125"/>
<p x="-1.68" z="2.13" y="0.18"/>
<p x="-1.51125" z="1.9425" y="0.02375"/>
<p x="-1.64" z="2.1475" y="-0.01"/>
<p x="-1.52375" z="2.00625" y="-0.11125"/>
<p x="-1.64" z="2.1475" y="-0.01"/>
<p x="-1.51125" z="1.9425" y="0.02375"/>
<p x="-1.68" z="2.13" y="0.18"/>
<p x="-1.5875" z="1.9" y="0.225"/>
<p x="-1.51125" z="1.9425" y="0.02375"/>
<p x="-1.50655" z="1.69793" y="0.218227"/>
<p x="-1.46375" z="1.7575" y="0.07625"/>
<p x="-1.5875" z="1.9" y="0.225"/>
<p x="-1.3925" z="1.8525" y="-0.07625"/>
<p x="-1.51125" z="1.9425" y="0.02375"/>
<p x="-1.46375" z="1.7575" y="0.07625"/>
<p x="-1.5875" z="1.9" y="0.225"/>
<p x="-1.46375" z="1.7575" y="0.07625"/>
<p x="-1.51125" z="1.9425" y="0.02375"/>
<p x="-1.70125" z="2.08875" y="0.6275"/>
<p x="-1.59125" z="1.81375" y="0.3875"/>
<p x="-1.68625" z="2.0675" y="0.4675"/>
<p x="-1.50655" z="1.69793" y="0.218227"/>
<p x="-1.5875" z="1.9" y="0.225"/>
<p x="-1.59125" z="1.81375" y="0.3875"/>
<p x="-1.68" z="2.13" y="0.18"/>
<p x="-1.68625" z="2.0675" y="0.4675"/>
<p x="-1.5875" z="1.9" y="0.225"/>
<p x="-1.59125" z="1.81375" y="0.3875"/>
<p x="-1.5875" z="1.9" y="0.225"/>
<p x="-1.68625" z="2.0675" y="0.4675"/>
<p x="-1.68" z="2.13" y="0.18"/>
<p x="-1.64" z="2.1475" y="-0.01"/>
<p x="-1.73" z="2.305" y="0.04"/>
<p x="-1.61" z="2.16625" y="-0.181875"/>
<p x="-1.6925" z="2.31125" y="-0.13375"/>
<p x="-1.64" z="2.1475" y="-0.01"/>
<p x="-1.7675" z="2.47125" y="-0.0725"/>
<p x="-1.73" z="2.305" y="0.04"/>
<p x="-1.6925" z="2.31125" y="-0.13375"/>
<p x="-1.64" z="2.1475" y="-0.01"/>
<p x="-1.6925" z="2.31125" y="-0.13375"/>
<p x="-1.73" z="2.305" y="0.04"/>
<p x="-1.7675" z="2.47125" y="-0.0725"/>
<p x="-1.6925" z="2.31125" y="-0.13375"/>
<p x="-1.705" z="2.46" y="-0.26375"/>
<p x="-1.61" z="2.16625" y="-0.181875"/>
<p x="-1.64125" z="2.31375" y="-0.32"/>
<p x="-1.6925" z="2.31125" y="-0.13375"/>
<p x="-1.63437" z="2.44062" y="-0.454375"/>
<p x="-1.705" z="2.46" y="-0.26375"/>
<p x="-1.64125" z="2.31375" y="-0.32"/>
<p x="-1.6925" z="2.31125" y="-0.13375"/>
<p x="-1.64125" z="2.31375" y="-0.32"/>
<p x="-1.705" z="2.46" y="-0.26375"/>
<p x="-0.755625" z="3.17625" y="-0.69125"/>
<p x="-0.73625" z="3.00625" y="-0.76"/>
<p x="-0.55875" z="3.09625" y="-0.70625"/>
<p x="-0.736636" z="2.87748" y="-0.819159"/>
<p x="-0.61125" z="2.93625" y="-0.7725"/>
<p x="-0.73625" z="3.00625" y="-0.76"/>
<p x="-0.427649" z="2.96108" y="-0.719805"/>
<p x="-0.55875" z="3.09625" y="-0.70625"/>
<p x="-0.61125" z="2.93625" y="-0.7725"/>
<p x="-0.73625" z="3.00625" y="-0.76"/>
<p x="-0.61125" z="2.93625" y="-0.7725"/>
<p x="-0.55875" z="3.09625" y="-0.70625"/>
<p x="-0.969375" z="2.88312" y="-0.828125"/>
<p x="-0.8375" z="2.885" y="-0.8275"/>
<p x="-0.89" z="3.03125" y="-0.755"/>
<p x="-0.736636" z="2.87748" y="-0.819159"/>
<p x="-0.73625" z="3.00625" y="-0.76"/>
<p x="-0.8375" z="2.885" y="-0.8275"/>
<p x="-0.755625" z="3.17625" y="-0.69125"/>
<p x="-0.89" z="3.03125" y="-0.755"/>
<p x="-0.73625" z="3.00625" y="-0.76"/>
<p x="-0.8375" z="2.885" y="-0.8275"/>
<p x="-0.73625" z="3.00625" y="-0.76"/>
<p x="-0.89" z="3.03125" y="-0.755"/>
<p x="-0.755625" z="3.17625" y="-0.69125"/>
<p x="-0.975" z="3.21125" y="-0.66625"/>
<p x="-0.89" z="3.03125" y="-0.755"/>
<p x="-1.21853" z="3.19735" y="-0.626568"/>
<p x="-1.0675" z="3.0325" y="-0.7375"/>
<p x="-0.975" z="3.21125" y="-0.66625"/>
<p x="-0.969375" z="2.88312" y="-0.828125"/>
<p x="-0.89" z="3.03125" y="-0.755"/>
<p x="-1.0675" z="3.0325" y="-0.7375"/>
<p x="-0.975" z="3.21125" y="-0.66625"/>
<p x="-1.0675" z="3.0325" y="-0.7375"/>
<p x="-0.89" z="3.03125" y="-0.755"/>
<p x="-0.969375" z="2.88312" y="-0.828125"/>
<p x="-1.0675" z="3.0325" y="-0.7375"/>
<p x="-1.12625" z="2.87875" y="-0.81375"/>
<p x="-1.21853" z="3.19735" y="-0.626568"/>
<p x="-1.24375" z="3.01" y="-0.70375"/>
<p x="-1.0675" z="3.0325" y="-0.7375"/>
<p x="-1.27062" z="2.86063" y="-0.781875"/>
<p x="-1.12625" z="2.87875" y="-0.81375"/>
<p x="-1.24375" z="3.01" y="-0.70375"/>
<p x="-1.0675" z="3.0325" y="-0.7375"/>
<p x="-1.24375" z="3.01" y="-0.70375"/>
<p x="-1.12625" z="2.87875" y="-0.81375"/>
<p x="-1.27062" z="2.86063" y="-0.781875"/>
<p x="-1.24375" z="3.01" y="-0.70375"/>
<p x="-1.3975" z="2.95125" y="-0.65125"/>
<p x="-1.21853" z="3.19735" y="-0.626568"/>
<p x="-1.40625" z="3.105" y="-0.5825"/>
<p x="-1.24375" z="3.01" y="-0.70375"/>
<p x="-1.55" z="3.01562" y="-0.50625"/>
<p x="-1.3975" z="2.95125" y="-0.65125"/>
<p x="-1.40625" z="3.105" y="-0.5825"/>
<p x="-1.24375" z="3.01" y="-0.70375"/>
<p x="-1.40625" z="3.105" y="-0.5825"/>
<p x="-1.3975" z="2.95125" y="-0.65125"/>
<p x="-1.55" z="3.01562" y="-0.50625"/>
<p x="-1.5275" z="2.8675" y="-0.5625"/>
<p x="-1.3975" z="2.95125" y="-0.65125"/>
<p x="-1.49804" z="2.73725" y="-0.670195"/>
<p x="-1.3975" z="2.815" y="-0.73"/>
<p x="-1.5275" z="2.8675" y="-0.5625"/>
<p x="-1.27062" z="2.86063" y="-0.781875"/>
<p x="-1.3975" z="2.95125" y="-0.65125"/>
<p x="-1.3975" z="2.815" y="-0.73"/>
<p x="-1.5275" z="2.8675" y="-0.5625"/>
<p x="-1.3975" z="2.815" y="-0.73"/>
<p x="-1.3975" z="2.95125" y="-0.65125"/>
<p x="-1.55" z="3.01562" y="-0.50625"/>
<p x="-1.66375" z="2.90375" y="-0.3775"/>
<p x="-1.5275" z="2.8675" y="-0.5625"/>
<p x="-1.80125" z="2.775" y="-0.155"/>
<p x="-1.62625" z="2.7675" y="-0.44625"/>
<p x="-1.66375" z="2.90375" y="-0.3775"/>
<p x="-1.49804" z="2.73725" y="-0.670195"/>
<p x="-1.5275" z="2.8675" y="-0.5625"/>
<p x="-1.62625" z="2.7675" y="-0.44625"/>
<p x="-1.66375" z="2.90375" y="-0.3775"/>
<p x="-1.62625" z="2.7675" y="-0.44625"/>
<p x="-1.5275" z="2.8675" y="-0.5625"/>
<p x="-1.49804" z="2.73725" y="-0.670195"/>
<p x="-1.62625" z="2.7675" y="-0.44625"/>
<p x="-1.57375" z="2.6625" y="-0.5825"/>
<p x="-1.80125" z="2.775" y="-0.155"/>
<p x="-1.6625" z="2.655" y="-0.41375"/>
<p x="-1.62625" z="2.7675" y="-0.44625"/>
<p x="-1.59486" z="2.5858" y="-0.566819"/>
<p x="-1.57375" z="2.6625" y="-0.5825"/>
<p x="-1.6625" z="2.655" y="-0.41375"/>
<p x="-1.62625" z="2.7675" y="-0.44625"/>
<p x="-1.6625" z="2.655" y="-0.41375"/>
<p x="-1.57375" z="2.6625" y="-0.5825"/>
<p x="-1.59486" z="2.5858" y="-0.566819"/>
<p x="-1.6625" z="2.655" y="-0.41375"/>
<p x="-1.6225" z="2.535" y="-0.51375"/>
<p x="-1.80125" z="2.775" y="-0.155"/>
<p x="-1.7025" z="2.58375" y="-0.32875"/>
<p x="-1.6625" z="2.655" y="-0.41375"/>
<p x="-1.63437" z="2.44062" y="-0.454375"/>
<p x="-1.6225" z="2.535" y="-0.51375"/>
<p x="-1.7025" z="2.58375" y="-0.32875"/>
<p x="-1.6625" z="2.655" y="-0.41375"/>
<p x="-1.7025" z="2.58375" y="-0.32875"/>
<p x="-1.6225" z="2.535" y="-0.51375"/>
<p x="-1.63437" z="2.44062" y="-0.454375"/>
<p x="-1.7025" z="2.58375" y="-0.32875"/>
<p x="-1.705" z="2.46" y="-0.26375"/>
<p x="-1.80125" z="2.775" y="-0.155"/>
<p x="-1.78" z="2.62" y="-0.13"/>
<p x="-1.7025" z="2.58375" y="-0.32875"/>
<p x="-1.7675" z="2.47125" y="-0.0725"/>
<p x="-1.705" z="2.46" y="-0.26375"/>
<p x="-1.78" z="2.62" y="-0.13"/>
<p x="-1.7025" z="2.58375" y="-0.32875"/>
<p x="-1.78" z="2.62" y="-0.13"/>
<p x="-1.705" z="2.46" y="-0.26375"/>
<p x="-1.7675" z="2.47125" y="-0.0725"/>
<p x="-1.78" z="2.62" y="-0.13"/>
<p x="-1.90125" z="2.60875" y="-0.15375"/>
<p x="-1.80125" z="2.775" y="-0.155"/>
<p x="-1.91875" z="2.72125" y="-0.17125"/>
<p x="-1.78" z="2.62" y="-0.13"/>
<p x="-2.01336" z="2.69934" y="-0.185795"/>
<p x="-1.90125" z="2.60875" y="-0.15375"/>
<p x="-1.91875" z="2.72125" y="-0.17125"/>
<p x="-1.78" z="2.62" y="-0.13"/>
<p x="-1.91875" z="2.72125" y="-0.17125"/>
<p x="-1.90125" z="2.60875" y="-0.15375"/>
<p x="-1.94075" z="3.18355" y="-0.213637"/>
<p x="-1.88875" z="3.005" y="-0.19625"/>
<p x="-1.855" z="3.13875" y="-0.2675"/>
<p x="-1.80125" z="2.775" y="-0.155"/>
<p x="-1.7775" z="2.985" y="-0.28"/>
<p x="-1.88875" z="3.005" y="-0.19625"/>
<p x="-1.7757" z="3.14252" y="-0.349068"/>
<p x="-1.855" z="3.13875" y="-0.2675"/>
<p x="-1.7775" z="2.985" y="-0.28"/>
<p x="-1.88875" z="3.005" y="-0.19625"/>
<p x="-1.7775" z="2.985" y="-0.28"/>
<p x="-1.855" z="3.13875" y="-0.2675"/>
<p x="-1.7757" z="3.14252" y="-0.349068"/>
<p x="-1.7775" z="2.985" y="-0.28"/>
<p x="-1.685" z="3.0725" y="-0.40125"/>
<p x="-1.80125" z="2.775" y="-0.155"/>
<p x="-1.66375" z="2.90375" y="-0.3775"/>
<p x="-1.7775" z="2.985" y="-0.28"/>
<p x="-1.55" z="3.01562" y="-0.50625"/>
<p x="-1.685" z="3.0725" y="-0.40125"/>
<p x="-1.66375" z="2.90375" y="-0.3775"/>
<p x="-1.7775" z="2.985" y="-0.28"/>
<p x="-1.66375" z="2.90375" y="-0.3775"/>
<p x="-1.685" z="3.0725" y="-0.40125"/>
<p x="-1.61636" z="3.30552" y="-0.470841"/>
<p x="-1.715" z="3.23875" y="-0.41875"/>
<p x="-1.58" z="3.17625" y="-0.4875"/>
<p x="-1.7757" z="3.14252" y="-0.349068"/>
<p x="-1.685" z="3.0725" y="-0.40125"/>
<p x="-1.715" z="3.23875" y="-0.41875"/>
<p x="-1.55" z="3.01562" y="-0.50625"/>
<p x="-1.58" z="3.17625" y="-0.4875"/>
<p x="-1.685" z="3.0725" y="-0.40125"/>
<p x="-1.715" z="3.23875" y="-0.41875"/>
<p x="-1.685" z="3.0725" y="-0.40125"/>
<p x="-1.58" z="3.17625" y="-0.4875"/>
<p x="-1.55" z="3.01562" y="-0.50625"/>
<p x="-1.40625" z="3.105" y="-0.5825"/>
<p x="-1.58" z="3.17625" y="-0.4875"/>
<p x="-1.21853" z="3.19735" y="-0.626568"/>
<p x="-1.45125" z="3.2625" y="-0.53875"/>
<p x="-1.40625" z="3.105" y="-0.5825"/>
<p x="-1.61636" z="3.30552" y="-0.470841"/>
<p x="-1.58" z="3.17625" y="-0.4875"/>
<p x="-1.45125" z="3.2625" y="-0.53875"/>
<p x="-1.40625" z="3.105" y="-0.5825"/>
<p x="-1.45125" z="3.2625" y="-0.53875"/>
<p x="-1.58" z="3.17625" y="-0.4875"/>
<p x="-1.61636" z="3.30552" y="-0.470841"/>
<p x="-1.45125" z="3.2625" y="-0.53875"/>
<p x="-1.54125" z="3.39125" y="-0.49125"/>
<p x="-1.21853" z="3.19735" y="-0.626568"/>
<p x="-1.31375" z="3.385" y="-0.5525"/>
<p x="-1.45125" z="3.2625" y="-0.53875"/>
<p x="-1.43562" z="3.50625" y="-0.49125"/>
<p x="-1.54125" z="3.39125" y="-0.49125"/>
<p x="-1.31375" z="3.385" y="-0.5525"/>
<p x="-1.45125" z="3.2625" y="-0.53875"/>
<p x="-1.31375" z="3.385" y="-0.5525"/>
<p x="-1.54125" z="3.39125" y="-0.49125"/>
<p x="-1.7757" z="3.14252" y="-0.349068"/>
<p x="-1.81125" z="3.28375" y="-0.35125"/>
<p x="-1.855" z="3.13875" y="-0.2675"/>
<p x="-1.81745" z="3.44363" y="-0.356078"/>
<p x="-1.9075" z="3.32" y="-0.27625"/>
<p x="-1.81125" z="3.28375" y="-0.35125"/>
<p x="-1.94075" z="3.18355" y="-0.213637"/>
<p x="-1.855" z="3.13875" y="-0.2675"/>
<p x="-1.9075" z="3.32" y="-0.27625"/>
<p x="-1.81125" z="3.28375" y="-0.35125"/>
<p x="-1.9075" z="3.32" y="-0.27625"/>
<p x="-1.855" z="3.13875" y="-0.2675"/>
<p x="-1.81745" z="3.44363" y="-0.356078"/>
<p x="-1.81125" z="3.28375" y="-0.35125"/>
<p x="-1.7125" z="3.375" y="-0.42"/>
<p x="-1.7757" z="3.14252" y="-0.349068"/>
<p x="-1.715" z="3.23875" y="-0.41875"/>
<p x="-1.81125" z="3.28375" y="-0.35125"/>
<p x="-1.61636" z="3.30552" y="-0.470841"/>
<p x="-1.7125" z="3.375" y="-0.42"/>
<p x="-1.715" z="3.23875" y="-0.41875"/>
<p x="-1.81125" z="3.28375" y="-0.35125"/>
<p x="-1.715" z="3.23875" y="-0.41875"/>
<p x="-1.7125" z="3.375" y="-0.42"/>
<p x="-1.61636" z="3.30552" y="-0.470841"/>
<p x="-1.54125" z="3.39125" y="-0.49125"/>
<p x="-1.7125" z="3.375" y="-0.42"/>
<p x="-1.43562" z="3.50625" y="-0.49125"/>
<p x="-1.64" z="3.4775" y="-0.43375"/>
<p x="-1.54125" z="3.39125" y="-0.49125"/>
<p x="-1.81745" z="3.44363" y="-0.356078"/>
<p x="-1.7125" z="3.375" y="-0.42"/>
<p x="-1.64" z="3.4775" y="-0.43375"/>
<p x="-1.54125" z="3.39125" y="-0.49125"/>
<p x="-1.64" z="3.4775" y="-0.43375"/>
<p x="-1.7125" z="3.375" y="-0.42"/>
<p x="-1.43562" z="3.50625" y="-0.49125"/>
<p x="-1.55" z="3.595" y="-0.43"/>
<p x="-1.64" z="3.4775" y="-0.43375"/>
<p x="-1.63925" z="3.68355" y="-0.359726"/>
<p x="-1.71375" z="3.5575" y="-0.3825"/>
<p x="-1.55" z="3.595" y="-0.43"/>
<p x="-1.81745" z="3.44363" y="-0.356078"/>
<p x="-1.64" z="3.4775" y="-0.43375"/>
<p x="-1.71375" z="3.5575" y="-0.3825"/>
<p x="-1.55" z="3.595" y="-0.43"/>
<p x="-1.71375" z="3.5575" y="-0.3825"/>
<p x="-1.64" z="3.4775" y="-0.43375"/>
<p x="-1.81745" z="3.44363" y="-0.356078"/>
<p x="-1.95375" z="3.49" y="-0.28125"/>
<p x="-1.9075" z="3.32" y="-0.27625"/>
<p x="-2.07598" z="3.5748" y="-0.214802"/>
<p x="-2.015" z="3.355" y="-0.2225"/>
<p x="-1.95375" z="3.49" y="-0.28125"/>
<p x="-1.94075" z="3.18355" y="-0.213637"/>
<p x="-1.9075" z="3.32" y="-0.27625"/>
<p x="-2.015" z="3.355" y="-0.2225"/>
<p x="-1.95375" z="3.49" y="-0.28125"/>
<p x="-2.015" z="3.355" y="-0.2225"/>
<p x="-1.9075" z="3.32" y="-0.27625"/>
<p x="-1.84789" z="3.67391" y="-0.278203"/>
<p x="-1.93625" z="3.66" y="-0.24875"/>
<p x="-1.85375" z="3.565" y="-0.325"/>
<p x="-2.07598" z="3.5748" y="-0.214802"/>
<p x="-1.95375" z="3.49" y="-0.28125"/>
<p x="-1.93625" z="3.66" y="-0.24875"/>
<p x="-1.81745" z="3.44363" y="-0.356078"/>
<p x="-1.85375" z="3.565" y="-0.325"/>
<p x="-1.95375" z="3.49" y="-0.28125"/>
<p x="-1.93625" z="3.66" y="-0.24875"/>
<p x="-1.95375" z="3.49" y="-0.28125"/>
<p x="-1.85375" z="3.565" y="-0.325"/>
<p x="-1.84789" z="3.67391" y="-0.278203"/>
<p x="-1.85375" z="3.565" y="-0.325"/>
<p x="-1.76" z="3.68625" y="-0.30875"/>
<p x="-1.81745" z="3.44363" y="-0.356078"/>
<p x="-1.71375" z="3.5575" y="-0.3825"/>
<p x="-1.85375" z="3.565" y="-0.325"/>
<p x="-1.63925" z="3.68355" y="-0.359726"/>
<p x="-1.76" z="3.68625" y="-0.30875"/>
<p x="-1.71375" z="3.5575" y="-0.3825"/>
<p x="-1.85375" z="3.565" y="-0.325"/>
<p x="-1.71375" z="3.5575" y="-0.3825"/>
<p x="-1.76" z="3.68625" y="-0.30875"/>
<p x="-1.63925" z="3.68355" y="-0.359726"/>
<p x="-1.67625" z="3.8625" y="-0.24625"/>
<p x="-1.76" z="3.68625" y="-0.30875"/>
<p x="-1.75718" z="4.09472" y="-0.0720542"/>
<p x="-1.8275" z="3.82375" y="-0.205"/>
<p x="-1.67625" z="3.8625" y="-0.24625"/>
<p x="-1.84789" z="3.67391" y="-0.278203"/>
<p x="-1.76" z="3.68625" y="-0.30875"/>
<p x="-1.8275" z="3.82375" y="-0.205"/>
<p x="-1.67625" z="3.8625" y="-0.24625"/>
<p x="-1.8275" z="3.82375" y="-0.205"/>
<p x="-1.76" z="3.68625" y="-0.30875"/>
<p x="-1.75718" z="4.09472" y="-0.0720542"/>
<p x="-1.975" z="3.83875" y="-0.14125"/>
<p x="-1.8275" z="3.82375" y="-0.205"/>
<p x="-2.07598" z="3.5748" y="-0.214802"/>
<p x="-1.93625" z="3.66" y="-0.24875"/>
<p x="-1.975" z="3.83875" y="-0.14125"/>
<p x="-1.84789" z="3.67391" y="-0.278203"/>
<p x="-1.8275" z="3.82375" y="-0.205"/>
<p x="-1.93625" z="3.66" y="-0.24875"/>
<p x="-1.975" z="3.83875" y="-0.14125"/>
<p x="-1.93625" z="3.66" y="-0.24875"/>
<p x="-1.8275" z="3.82375" y="-0.205"/>
<p x="-2.29187" z="3.88125" y="-0.00375"/>
<p x="-2.17375" z="3.745" y="-0.125"/>
<p x="-2.055" z="4.00625" y="-0.00625"/>
<p x="-2.07598" z="3.5748" y="-0.214802"/>
<p x="-1.975" z="3.83875" y="-0.14125"/>
<p x="-2.17375" z="3.745" y="-0.125"/>
<p x="-1.75718" z="4.09472" y="-0.0720542"/>
<p x="-2.055" z="4.00625" y="-0.00625"/>
<p x="-1.975" z="3.83875" y="-0.14125"/>
<p x="-2.17375" z="3.745" y="-0.125"/>
<p x="-1.975" z="3.83875" y="-0.14125"/>
<p x="-2.055" z="4.00625" y="-0.00625"/>
<p x="-1.75718" z="4.09472" y="-0.0720542"/>
<p x="-1.875" z="4.28" y="0.125"/>
<p x="-2.055" z="4.00625" y="-0.00625"/>
<p x="-2.01157" z="4.39265" y="0.338429"/>
<p x="-2.17375" z="4.13" y="0.15125"/>
<p x="-1.875" z="4.28" y="0.125"/>
<p x="-2.29187" z="3.88125" y="-0.00375"/>
<p x="-2.055" z="4.00625" y="-0.00625"/>
<p x="-2.17375" z="4.13" y="0.15125"/>
<p x="-1.875" z="4.28" y="0.125"/>
<p x="-2.17375" z="4.13" y="0.15125"/>
<p x="-2.055" z="4.00625" y="-0.00625"/>
<p x="-2.46711" z="4.05495" y="0.26616"/>
<p x="-2.5475" z="3.8925" y="0.1675"/>
<p x="-2.3975" z="3.99" y="0.1275"/>
<p x="-2.60397" z="3.63629" y="0.052438"/>
<p x="-2.46125" z="3.77625" y="0.00625"/>
<p x="-2.5475" z="3.8925" y="0.1675"/>
<p x="-2.29187" z="3.88125" y="-0.00375"/>
<p x="-2.3975" z="3.99" y="0.1275"/>
<p x="-2.46125" z="3.77625" y="0.00625"/>
<p x="-2.5475" z="3.8925" y="0.1675"/>
<p x="-2.46125" z="3.77625" y="0.00625"/>
<p x="-2.3975" z="3.99" y="0.1275"/>
<p x="-2.29187" z="3.88125" y="-0.00375"/>
<p x="-2.17375" z="4.13" y="0.15125"/>
<p x="-2.3975" z="3.99" y="0.1275"/>
<p x="-2.01157" z="4.39265" y="0.338429"/>
<p x="-2.29625" z="4.1925" y="0.2975"/>
<p x="-2.17375" z="4.13" y="0.15125"/>
<p x="-2.46711" z="4.05495" y="0.26616"/>
<p x="-2.3975" z="3.99" y="0.1275"/>
<p x="-2.29625" z="4.1925" y="0.2975"/>
<p x="-2.17375" z="4.13" y="0.15125"/>
<p x="-2.29625" z="4.1925" y="0.2975"/>
<p x="-2.3975" z="3.99" y="0.1275"/>
<p x="-2.01157" z="4.39265" y="0.338429"/>
<p x="-2.23125" z="4.32625" y="0.485"/>
<p x="-2.29625" z="4.1925" y="0.2975"/>
<p x="-2.36108" z="4.28245" y="0.658925"/>
<p x="-2.425" z="4.175" y="0.44"/>
<p x="-2.23125" z="4.32625" y="0.485"/>
<p x="-2.46711" z="4.05495" y="0.26616"/>
<p x="-2.29625" z="4.1925" y="0.2975"/>
<p x="-2.425" z="4.175" y="0.44"/>
<p x="-2.23125" z="4.32625" y="0.485"/>
<p x="-2.425" z="4.175" y="0.44"/>
<p x="-2.29625" z="4.1925" y="0.2975"/>
<p x="-2.01157" z="4.39265" y="0.338429"/>
<p x="-2.00875" z="4.50625" y="0.53625"/>
<p x="-2.23125" z="4.32625" y="0.485"/>
<p x="-1.98609" z="4.57055" y="0.692614"/>
<p x="-2.17375" z="4.42" y="0.665"/>
<p x="-2.00875" z="4.50625" y="0.53625"/>
<p x="-2.36108" z="4.28245" y="0.658925"/>
<p x="-2.23125" z="4.32625" y="0.485"/>
<p x="-2.17375" z="4.42" y="0.665"/>
<p x="-2.00875" z="4.50625" y="0.53625"/>
<p x="-2.17375" z="4.42" y="0.665"/>
<p x="-2.23125" z="4.32625" y="0.485"/>
<p x="-2.3258" z="3.44532" y="-0.172158"/>
<p x="-2.3375" z="3.645" y="-0.11125"/>
<p x="-2.45" z="3.54625" y="-0.09375"/>
<p x="-2.29187" z="3.88125" y="-0.00375"/>
<p x="-2.46125" z="3.77625" y="0.00625"/>
<p x="-2.3375" z="3.645" y="-0.11125"/>
<p x="-2.60397" z="3.63629" y="0.052438"/>
<p x="-2.45" z="3.54625" y="-0.09375"/>
<p x="-2.46125" z="3.77625" y="0.00625"/>
<p x="-2.3375" z="3.645" y="-0.11125"/>
<p x="-2.46125" z="3.77625" y="0.00625"/>
<p x="-2.45" z="3.54625" y="-0.09375"/>
<p x="-2.3258" z="3.44532" y="-0.172158"/>
<p x="-2.21875" z="3.5025" y="-0.19125"/>
<p x="-2.3375" z="3.645" y="-0.11125"/>
<p x="-2.07598" z="3.5748" y="-0.214802"/>
<p x="-2.17375" z="3.745" y="-0.125"/>
<p x="-2.21875" z="3.5025" y="-0.19125"/>
<p x="-2.29187" z="3.88125" y="-0.00375"/>
<p x="-2.3375" z="3.645" y="-0.11125"/>
<p x="-2.17375" z="3.745" y="-0.125"/>
<p x="-2.21875" z="3.5025" y="-0.19125"/>
<p x="-2.17375" z="3.745" y="-0.125"/>
<p x="-2.3375" z="3.645" y="-0.11125"/>
<p x="-2.13" z="3.15313" y="-0.193125"/>
<p x="-2.12125" z="3.345" y="-0.20625"/>
<p x="-2.2375" z="3.3" y="-0.2025"/>
<p x="-2.07598" z="3.5748" y="-0.214802"/>
<p x="-2.21875" z="3.5025" y="-0.19125"/>
<p x="-2.12125" z="3.345" y="-0.20625"/>
<p x="-2.3258" z="3.44532" y="-0.172158"/>
<p x="-2.2375" z="3.3" y="-0.2025"/>
<p x="-2.21875" z="3.5025" y="-0.19125"/>
<p x="-2.12125" z="3.345" y="-0.20625"/>
<p x="-2.21875" z="3.5025" y="-0.19125"/>
<p x="-2.2375" z="3.3" y="-0.2025"/>
<p x="-1.94075" z="3.18355" y="-0.213637"/>
<p x="-2.015" z="3.355" y="-0.2225"/>
<p x="-2.015" z="3.15625" y="-0.1875"/>
<p x="-2.07598" z="3.5748" y="-0.214802"/>
<p x="-2.12125" z="3.345" y="-0.20625"/>
<p x="-2.015" z="3.355" y="-0.2225"/>
<p x="-2.13" z="3.15313" y="-0.193125"/>
<p x="-2.015" z="3.15625" y="-0.1875"/>
<p x="-2.12125" z="3.345" y="-0.20625"/>
<p x="-2.015" z="3.355" y="-0.2225"/>
<p x="-2.12125" z="3.345" y="-0.20625"/>
<p x="-2.015" z="3.15625" y="-0.1875"/>
<p x="-2.13" z="3.15313" y="-0.193125"/>
<p x="-1.985" z="2.97875" y="-0.18125"/>
<p x="-2.015" z="3.15625" y="-0.1875"/>
<p x="-1.80125" z="2.775" y="-0.155"/>
<p x="-1.88875" z="3.005" y="-0.19625"/>
<p x="-1.985" z="2.97875" y="-0.18125"/>
<p x="-1.94075" z="3.18355" y="-0.213637"/>
<p x="-2.015" z="3.15625" y="-0.1875"/>
<p x="-1.88875" z="3.005" y="-0.19625"/>
<p x="-1.985" z="2.97875" y="-0.18125"/>
<p x="-1.88875" z="3.005" y="-0.19625"/>
<p x="-2.015" z="3.15625" y="-0.1875"/>
<p x="-2.1672" z="2.94309" y="-0.207386"/>
<p x="-2.01" z="2.87625" y="-0.19"/>
<p x="-2.14875" z="3.03125" y="-0.1975"/>
<p x="-1.80125" z="2.775" y="-0.155"/>
<p x="-1.985" z="2.97875" y="-0.18125"/>
<p x="-2.01" z="2.87625" y="-0.19"/>
<p x="-2.13" z="3.15313" y="-0.193125"/>
<p x="-2.14875" z="3.03125" y="-0.1975"/>
<p x="-1.985" z="2.97875" y="-0.18125"/>
<p x="-2.01" z="2.87625" y="-0.19"/>
<p x="-1.985" z="2.97875" y="-0.18125"/>
<p x="-2.14875" z="3.03125" y="-0.1975"/>
<p x="-2.01336" z="2.69934" y="-0.185795"/>
<p x="-1.91875" z="2.72125" y="-0.17125"/>
<p x="-2.085" z="2.8125" y="-0.20125"/>
<p x="-1.80125" z="2.775" y="-0.155"/>
<p x="-2.01" z="2.87625" y="-0.19"/>
<p x="-1.91875" z="2.72125" y="-0.17125"/>
<p x="-2.1672" z="2.94309" y="-0.207386"/>
<p x="-2.085" z="2.8125" y="-0.20125"/>
<p x="-2.01" z="2.87625" y="-0.19"/>
<p x="-1.91875" z="2.72125" y="-0.17125"/>
<p x="-2.01" z="2.87625" y="-0.19"/>
<p x="-2.085" z="2.8125" y="-0.20125"/>
<p x="-2.07375" z="2.61875" y="-0.18"/>
<p x="-2.0325" z="2.65" y="-0.18625"/>
<p x="-2.165" z="2.71" y="-0.21"/>
<p x="-2.01336" z="2.69934" y="-0.185795"/>
<p x="-2.1375" z="2.75125" y="-0.20625"/>
<p x="-2.0325" z="2.65" y="-0.18625"/>
<p x="-2.27125" z="2.7875" y="-0.21125"/>
<p x="-2.165" z="2.71" y="-0.21"/>
<p x="-2.1375" z="2.75125" y="-0.20625"/>
<p x="-2.0325" z="2.65" y="-0.18625"/>
<p x="-2.1375" z="2.75125" y="-0.20625"/>
<p x="-2.165" z="2.71" y="-0.21"/>
<p x="-2.3258" z="3.44532" y="-0.172158"/>
<p x="-2.45" z="3.54625" y="-0.09375"/>
<p x="-2.375" z="3.31875" y="-0.17"/>
<p x="-2.60397" z="3.63629" y="0.052438"/>
<p x="-2.51375" z="3.375" y="-0.095"/>
<p x="-2.45" z="3.54625" y="-0.09375"/>
<p x="-2.40823" z="3.15167" y="-0.176273"/>
<p x="-2.375" z="3.31875" y="-0.17"/>
<p x="-2.51375" z="3.375" y="-0.095"/>
<p x="-2.45" z="3.54625" y="-0.09375"/>
<p x="-2.51375" z="3.375" y="-0.095"/>
<p x="-2.375" z="3.31875" y="-0.17"/>
<p x="-2.3258" z="3.44532" y="-0.172158"/>
<p x="-2.375" z="3.31875" y="-0.17"/>
<p x="-2.2375" z="3.3" y="-0.2025"/>
<p x="-2.40823" z="3.15167" y="-0.176273"/>
<p x="-2.2725" z="3.16" y="-0.19625"/>
<p x="-2.375" z="3.31875" y="-0.17"/>
<p x="-2.13" z="3.15313" y="-0.193125"/>
<p x="-2.2375" z="3.3" y="-0.2025"/>
<p x="-2.2725" z="3.16" y="-0.19625"/>
<p x="-2.375" z="3.31875" y="-0.17"/>
<p x="-2.2725" z="3.16" y="-0.19625"/>
<p x="-2.2375" z="3.3" y="-0.2025"/>
<p x="-2.1672" z="2.94309" y="-0.207386"/>
<p x="-2.14875" z="3.03125" y="-0.1975"/>
<p x="-2.2825" z="3.04" y="-0.205"/>
<p x="-2.13" z="3.15313" y="-0.193125"/>
<p x="-2.2725" z="3.16" y="-0.19625"/>
<p x="-2.14875" z="3.03125" y="-0.1975"/>
<p x="-2.40823" z="3.15167" y="-0.176273"/>
<p x="-2.2825" z="3.04" y="-0.205"/>
<p x="-2.2725" z="3.16" y="-0.19625"/>
<p x="-2.14875" z="3.03125" y="-0.1975"/>
<p x="-2.2725" z="3.16" y="-0.19625"/>
<p x="-2.2825" z="3.04" y="-0.205"/>
<p x="-2.01336" z="2.69934" y="-0.185795"/>
<p x="-2.0325" z="2.65" y="-0.18625"/>
<p x="-1.90125" z="2.60875" y="-0.15375"/>
<p x="-2.07375" z="2.61875" y="-0.18"/>
<p x="-1.93625" z="2.54875" y="-0.13875"/>
<p x="-2.0325" z="2.65" y="-0.18625"/>
<p x="-1.7675" z="2.47125" y="-0.0725"/>
<p x="-1.90125" z="2.60875" y="-0.15375"/>
<p x="-1.93625" z="2.54875" y="-0.13875"/>
<p x="-2.0325" z="2.65" y="-0.18625"/>
<p x="-1.93625" z="2.54875" y="-0.13875"/>
<p x="-1.90125" z="2.60875" y="-0.15375"/>
<p x="-2.27125" z="2.7875" y="-0.21125"/>
<p x="-2.1375" z="2.75125" y="-0.20625"/>
<p x="-2.23" z="2.89" y="-0.2125"/>
<p x="-2.01336" z="2.69934" y="-0.185795"/>
<p x="-2.085" z="2.8125" y="-0.20125"/>
<p x="-2.1375" z="2.75125" y="-0.20625"/>
<p x="-2.1672" z="2.94309" y="-0.207386"/>
<p x="-2.23" z="2.89" y="-0.2125"/>
<p x="-2.085" z="2.8125" y="-0.20125"/>
<p x="-2.1375" z="2.75125" y="-0.20625"/>
<p x="-2.085" z="2.8125" y="-0.20125"/>
<p x="-2.23" z="2.89" y="-0.2125"/>
<p x="-2.40823" z="3.15167" y="-0.176273"/>
<p x="-2.345" z="2.96875" y="-0.2025"/>
<p x="-2.2825" z="3.04" y="-0.205"/>
<p x="-2.27125" z="2.7875" y="-0.21125"/>
<p x="-2.23" z="2.89" y="-0.2125"/>
<p x="-2.345" z="2.96875" y="-0.2025"/>
<p x="-2.1672" z="2.94309" y="-0.207386"/>
<p x="-2.2825" z="3.04" y="-0.205"/>
<p x="-2.23" z="2.89" y="-0.2125"/>
<p x="-2.345" z="2.96875" y="-0.2025"/>
<p x="-2.23" z="2.89" y="-0.2125"/>
<p x="-2.2825" z="3.04" y="-0.205"/>
<p x="-2.40823" z="3.15167" y="-0.176273"/>
<p x="-2.4575" z="3.00875" y="-0.17125"/>
<p x="-2.345" z="2.96875" y="-0.2025"/>
<p x="-2.48375" z="2.9225" y="-0.16375"/>
<p x="-2.38" z="2.86" y="-0.195"/>
<p x="-2.4575" z="3.00875" y="-0.17125"/>
<p x="-2.27125" z="2.7875" y="-0.21125"/>
<p x="-2.345" z="2.96875" y="-0.2025"/>
<p x="-2.38" z="2.86" y="-0.195"/>
<p x="-2.4575" z="3.00875" y="-0.17125"/>
<p x="-2.38" z="2.86" y="-0.195"/>
<p x="-2.345" z="2.96875" y="-0.2025"/>
<p x="-2.48375" z="2.9225" y="-0.16375"/>
<p x="-2.4575" z="3.00875" y="-0.17125"/>
<p x="-2.575" z="2.97" y="-0.12"/>
<p x="-2.40823" z="3.15167" y="-0.176273"/>
<p x="-2.54375" z="3.1425" y="-0.115"/>
<p x="-2.4575" z="3.00875" y="-0.17125"/>
<p x="-2.6575" z="3.00375" y="-0.06375"/>
<p x="-2.575" z="2.97" y="-0.12"/>
<p x="-2.54375" z="3.1425" y="-0.115"/>
<p x="-2.4575" z="3.00875" y="-0.17125"/>
<p x="-2.54375" z="3.1425" y="-0.115"/>
<p x="-2.575" z="2.97" y="-0.12"/>
<p x="-2.6575" z="3.00375" y="-0.06375"/>
<p x="-2.54375" z="3.1425" y="-0.115"/>
<p x="-2.63375" z="3.29125" y="-0.02875"/>
<p x="-2.40823" z="3.15167" y="-0.176273"/>
<p x="-2.51375" z="3.375" y="-0.095"/>
<p x="-2.54375" z="3.1425" y="-0.115"/>
<p x="-2.60397" z="3.63629" y="0.052438"/>
<p x="-2.63375" z="3.29125" y="-0.02875"/>
<p x="-2.51375" z="3.375" y="-0.095"/>
<p x="-2.54375" z="3.1425" y="-0.115"/>
<p x="-2.51375" z="3.375" y="-0.095"/>
<p x="-2.63375" z="3.29125" y="-0.02875"/>
<p x="-2.79375" z="3.015" y="0.1225"/>
<p x="-2.735" z="3.025" y="0.0050"/>
<p x="-2.72375" z="3.3375" y="0.0825"/>
<p x="-2.6575" z="3.00375" y="-0.06375"/>
<p x="-2.63375" z="3.29125" y="-0.02875"/>
<p x="-2.735" z="3.025" y="0.0050"/>
<p x="-2.60397" z="3.63629" y="0.052438"/>
<p x="-2.72375" z="3.3375" y="0.0825"/>
<p x="-2.63375" z="3.29125" y="-0.02875"/>
<p x="-2.735" z="3.025" y="0.0050"/>
<p x="-2.63375" z="3.29125" y="-0.02875"/>
<p x="-2.72375" z="3.3375" y="0.0825"/>
<p x="-2.79375" z="3.015" y="0.1225"/>
<p x="-2.67375" z="2.895" y="0.1225"/>
<p x="-2.735" z="3.025" y="0.0050"/>
<p x="-2.51375" z="2.755" y="0.103125"/>
<p x="-2.59375" z="2.895" y="-0.0075"/>
<p x="-2.67375" z="2.895" y="0.1225"/>
<p x="-2.6575" z="3.00375" y="-0.06375"/>
<p x="-2.735" z="3.025" y="0.0050"/>
<p x="-2.59375" z="2.895" y="-0.0075"/>
<p x="-2.67375" z="2.895" y="0.1225"/>
<p x="-2.59375" z="2.895" y="-0.0075"/>
<p x="-2.735" z="3.025" y="0.0050"/>
<p x="-2.6575" z="3.00375" y="-0.06375"/>
<p x="-2.59375" z="2.895" y="-0.0075"/>
<p x="-2.575" z="2.97" y="-0.12"/>
<p x="-2.51375" z="2.755" y="0.103125"/>
<p x="-2.49" z="2.825" y="-0.05125"/>
<p x="-2.59375" z="2.895" y="-0.0075"/>
<p x="-2.48375" z="2.9225" y="-0.16375"/>
<p x="-2.575" z="2.97" y="-0.12"/>
<p x="-2.49" z="2.825" y="-0.05125"/>
<p x="-2.59375" z="2.895" y="-0.0075"/>
<p x="-2.49" z="2.825" y="-0.05125"/>
<p x="-2.575" z="2.97" y="-0.12"/>
<p x="-2.48375" z="2.9225" y="-0.16375"/>
<p x="-2.49" z="2.825" y="-0.05125"/>
<p x="-2.39875" z="2.7775" y="-0.1075"/>
<p x="-2.51375" z="2.755" y="0.103125"/>
<p x="-2.39125" z="2.675" y="0.04625"/>
<p x="-2.49" z="2.825" y="-0.05125"/>
<p x="-2.305" z="2.64313" y="-0.04"/>
<p x="-2.39875" z="2.7775" y="-0.1075"/>
<p x="-2.39125" z="2.675" y="0.04625"/>
<p x="-2.49" z="2.825" y="-0.05125"/>
<p x="-2.39125" z="2.675" y="0.04625"/>
<p x="-2.39875" z="2.7775" y="-0.1075"/>
<p x="-2.305" z="2.64313" y="-0.04"/>
<p x="-2.29" z="2.73125" y="-0.155"/>
<p x="-2.39875" z="2.7775" y="-0.1075"/>
<p x="-2.27125" z="2.7875" y="-0.21125"/>
<p x="-2.38" z="2.86" y="-0.195"/>
<p x="-2.29" z="2.73125" y="-0.155"/>
<p x="-2.48375" z="2.9225" y="-0.16375"/>
<p x="-2.39875" z="2.7775" y="-0.1075"/>
<p x="-2.38" z="2.86" y="-0.195"/>
<p x="-2.29" z="2.73125" y="-0.155"/>
<p x="-2.38" z="2.86" y="-0.195"/>
<p x="-2.39875" z="2.7775" y="-0.1075"/>
<p x="-2.305" z="2.64313" y="-0.04"/>
<p x="-2.19625" z="2.62875" y="-0.12125"/>
<p x="-2.29" z="2.73125" y="-0.155"/>
<p x="-2.07375" z="2.61875" y="-0.18"/>
<p x="-2.165" z="2.71" y="-0.21"/>
<p x="-2.19625" z="2.62875" y="-0.12125"/>
<p x="-2.27125" z="2.7875" y="-0.21125"/>
<p x="-2.29" z="2.73125" y="-0.155"/>
<p x="-2.165" z="2.71" y="-0.21"/>
<p x="-2.19625" z="2.62875" y="-0.12125"/>
<p x="-2.165" z="2.71" y="-0.21"/>
<p x="-2.29" z="2.73125" y="-0.155"/>
<p x="-2.305" z="2.64313" y="-0.04"/>
<p x="-2.21375" z="2.52875" y="0.035"/>
<p x="-2.19625" z="2.62875" y="-0.12125"/>
<p x="-2.1375" z="2.42062" y="0.085625"/>
<p x="-2.1175" z="2.525" y="-0.06375"/>
<p x="-2.21375" z="2.52875" y="0.035"/>
<p x="-2.07375" z="2.61875" y="-0.18"/>
<p x="-2.19625" z="2.62875" y="-0.12125"/>
<p x="-2.1175" z="2.525" y="-0.06375"/>
<p x="-2.21375" z="2.52875" y="0.035"/>
<p x="-2.1175" z="2.525" y="-0.06375"/>
<p x="-2.19625" z="2.62875" y="-0.12125"/>
<p x="-2.1375" z="2.42062" y="0.085625"/>
<p x="-2.04375" z="2.4" y="0.02"/>
<p x="-2.1175" z="2.525" y="-0.06375"/>
<p x="-1.96875" z="2.38125" y="-0.01"/>
<p x="-2.01" z="2.505" y="-0.11"/>
<p x="-2.04375" z="2.4" y="0.02"/>
<p x="-2.07375" z="2.61875" y="-0.18"/>
<p x="-2.1175" z="2.525" y="-0.06375"/>
<p x="-2.01" z="2.505" y="-0.11"/>
<p x="-2.04375" z="2.4" y="0.02"/>
<p x="-2.01" z="2.505" y="-0.11"/>
<p x="-2.1175" z="2.525" y="-0.06375"/>
<p x="-2.07375" z="2.61875" y="-0.18"/>
<p x="-2.01" z="2.505" y="-0.11"/>
<p x="-1.93625" z="2.54875" y="-0.13875"/>
<p x="-1.96875" z="2.38125" y="-0.01"/>
<p x="-1.87" z="2.4175" y="-0.0475"/>
<p x="-2.01" z="2.505" y="-0.11"/>
<p x="-1.7675" z="2.47125" y="-0.0725"/>
<p x="-1.93625" z="2.54875" y="-0.13875"/>
<p x="-1.87" z="2.4175" y="-0.0475"/>
<p x="-2.01" z="2.505" y="-0.11"/>
<p x="-1.87" z="2.4175" y="-0.0475"/>
<p x="-1.93625" z="2.54875" y="-0.13875"/>
<p x="-1.7675" z="2.47125" y="-0.0725"/>
<p x="-1.87" z="2.4175" y="-0.0475"/>
<p x="-1.73" z="2.305" y="0.04"/>
<p x="-1.96875" z="2.38125" y="-0.01"/>
<p x="-1.82875" z="2.26875" y="0.0775"/>
<p x="-1.87" z="2.4175" y="-0.0475"/>
<p x="-1.68" z="2.13" y="0.18"/>
<p x="-1.73" z="2.305" y="0.04"/>
<p x="-1.82875" z="2.26875" y="0.0775"/>
<p x="-1.87" z="2.4175" y="-0.0475"/>
<p x="-1.82875" z="2.26875" y="0.0775"/>
<p x="-1.73" z="2.305" y="0.04"/>
<p x="-1.68" z="2.13" y="0.18"/>
<p x="-1.82875" z="2.26875" y="0.0775"/>
<p x="-1.81" z="2.1525" y="0.235"/>
<p x="-1.96875" z="2.38125" y="-0.01"/>
<p x="-1.945" z="2.26" y="0.11"/>
<p x="-1.82875" z="2.26875" y="0.0775"/>
<p x="-1.93125" z="2.1675" y="0.25"/>
<p x="-1.81" z="2.1525" y="0.235"/>
<p x="-1.945" z="2.26" y="0.11"/>
<p x="-1.82875" z="2.26875" y="0.0775"/>
<p x="-1.945" z="2.26" y="0.11"/>
<p x="-1.81" z="2.1525" y="0.235"/>
<p x="-1.68" z="2.13" y="0.18"/>
<p x="-1.81" z="2.1525" y="0.235"/>
<p x="-1.68625" z="2.0675" y="0.4675"/>
<p x="-1.93125" z="2.1675" y="0.25"/>
<p x="-1.80625" z="2.095" y="0.425"/>
<p x="-1.81" z="2.1525" y="0.235"/>
<p x="-1.70125" z="2.08875" y="0.6275"/>
<p x="-1.68625" z="2.0675" y="0.4675"/>
<p x="-1.80625" z="2.095" y="0.425"/>
<p x="-1.81" z="2.1525" y="0.235"/>
<p x="-1.80625" z="2.095" y="0.425"/>
<p x="-1.68625" z="2.0675" y="0.4675"/>
<p x="-1.93125" z="2.1675" y="0.25"/>
<p x="-1.945" z="2.26" y="0.11"/>
<p x="-2.04375" z="2.2925" y="0.14875"/>
<p x="-1.96875" z="2.38125" y="-0.01"/>
<p x="-2.04375" z="2.4" y="0.02"/>
<p x="-1.945" z="2.26" y="0.11"/>
<p x="-2.1375" z="2.42062" y="0.085625"/>
<p x="-2.04375" z="2.2925" y="0.14875"/>
<p x="-2.04375" z="2.4" y="0.02"/>
<p x="-1.945" z="2.26" y="0.11"/>
<p x="-2.04375" z="2.4" y="0.02"/>
<p x="-2.04375" z="2.2925" y="0.14875"/>
<p x="-2.1375" z="2.42062" y="0.085625"/>
<p x="-2.1225" z="2.32125" y="0.2325"/>
<p x="-2.04375" z="2.2925" y="0.14875"/>
<p x="-2.0873" z="2.25969" y="0.328164"/>
<p x="-2.0275" z="2.215" y="0.28625"/>
<p x="-2.1225" z="2.32125" y="0.2325"/>
<p x="-1.93125" z="2.1675" y="0.25"/>
<p x="-2.04375" z="2.2925" y="0.14875"/>
<p x="-2.0275" z="2.215" y="0.28625"/>
<p x="-2.1225" z="2.32125" y="0.2325"/>
<p x="-2.0275" z="2.215" y="0.28625"/>
<p x="-2.04375" z="2.2925" y="0.14875"/>
<p x="-2.79375" z="3.015" y="0.1225"/>
<p x="-2.72375" z="3.3375" y="0.0825"/>
<p x="-2.8" z="3.2625" y="0.255"/>
<p x="-2.60397" z="3.63629" y="0.052438"/>
<p x="-2.73125" z="3.56625" y="0.24375"/>
<p x="-2.72375" z="3.3375" y="0.0825"/>
<p x="-2.80187" z="3.4475" y="0.43375"/>
<p x="-2.8" z="3.2625" y="0.255"/>
<p x="-2.73125" z="3.56625" y="0.24375"/>
<p x="-2.72375" z="3.3375" y="0.0825"/>
<p x="-2.73125" z="3.56625" y="0.24375"/>
<p x="-2.8" z="3.2625" y="0.255"/>
<p x="-2.79375" z="3.015" y="0.1225"/>
<p x="-2.8" z="3.2625" y="0.255"/>
<p x="-2.82" z="2.955" y="0.325"/>
<p x="-2.80187" z="3.4475" y="0.43375"/>
<p x="-2.8275" z="3.16125" y="0.46875"/>
<p x="-2.8" z="3.2625" y="0.255"/>
<p x="-2.7925" z="2.87375" y="0.56875"/>
<p x="-2.82" z="2.955" y="0.325"/>
<p x="-2.8275" z="3.16125" y="0.46875"/>
<p x="-2.8" z="3.2625" y="0.255"/>
<p x="-2.8275" z="3.16125" y="0.46875"/>
<p x="-2.82" z="2.955" y="0.325"/>
<p x="-2.7925" z="2.87375" y="0.56875"/>
<p x="-2.6225" z="2.775" y="0.3175"/>
<p x="-2.82" z="2.955" y="0.325"/>
<p x="-2.51375" z="2.755" y="0.103125"/>
<p x="-2.67375" z="2.895" y="0.1225"/>
<p x="-2.6225" z="2.775" y="0.3175"/>
<p x="-2.79375" z="3.015" y="0.1225"/>
<p x="-2.82" z="2.955" y="0.325"/>
<p x="-2.67375" z="2.895" y="0.1225"/>
<p x="-2.6225" z="2.775" y="0.3175"/>
<p x="-2.67375" z="2.895" y="0.1225"/>
<p x="-2.82" z="2.955" y="0.325"/>
<p x="-2.23363" z="2.43027" y="0.526923"/>
<p x="-2.40625" z="2.605" y="0.28375"/>
<p x="-2.52" z="2.65375" y="0.54625"/>
<p x="-2.51375" z="2.755" y="0.103125"/>
<p x="-2.6225" z="2.775" y="0.3175"/>
<p x="-2.40625" z="2.605" y="0.28375"/>
<p x="-2.7925" z="2.87375" y="0.56875"/>
<p x="-2.52" z="2.65375" y="0.54625"/>
<p x="-2.6225" z="2.775" y="0.3175"/>
<p x="-2.40625" z="2.605" y="0.28375"/>
<p x="-2.6225" z="2.775" y="0.3175"/>
<p x="-2.52" z="2.65375" y="0.54625"/>
<p x="-2.305" z="2.64313" y="-0.04"/>
<p x="-2.39125" z="2.675" y="0.04625"/>
<p x="-2.28" z="2.53" y="0.1825"/>
<p x="-2.51375" z="2.755" y="0.103125"/>
<p x="-2.40625" z="2.605" y="0.28375"/>
<p x="-2.39125" z="2.675" y="0.04625"/>
<p x="-2.23363" z="2.43027" y="0.526923"/>
<p x="-2.28" z="2.53" y="0.1825"/>
<p x="-2.40625" z="2.605" y="0.28375"/>
<p x="-2.39125" z="2.675" y="0.04625"/>
<p x="-2.40625" z="2.605" y="0.28375"/>
<p x="-2.28" z="2.53" y="0.1825"/>
<p x="-2.1375" z="2.42062" y="0.085625"/>
<p x="-2.21375" z="2.52875" y="0.035"/>
<p x="-2.19375" z="2.41875" y="0.24375"/>
<p x="-2.305" z="2.64313" y="-0.04"/>
<p x="-2.28" z="2.53" y="0.1825"/>
<p x="-2.21375" z="2.52875" y="0.035"/>
<p x="-2.23363" z="2.43027" y="0.526923"/>
<p x="-2.19375" z="2.41875" y="0.24375"/>
<p x="-2.28" z="2.53" y="0.1825"/>
<p x="-2.21375" z="2.52875" y="0.035"/>
<p x="-2.28" z="2.53" y="0.1825"/>
<p x="-2.19375" z="2.41875" y="0.24375"/>
<p x="-2.0873" z="2.25969" y="0.328164"/>
<p x="-2.1225" z="2.32125" y="0.2325"/>
<p x="-2.1325" z="2.30875" y="0.3875"/>
<p x="-2.1375" z="2.42062" y="0.085625"/>
<p x="-2.19375" z="2.41875" y="0.24375"/>
<p x="-2.1225" z="2.32125" y="0.2325"/>
<p x="-2.23363" z="2.43027" y="0.526923"/>
<p x="-2.1325" z="2.30875" y="0.3875"/>
<p x="-2.19375" z="2.41875" y="0.24375"/>
<p x="-2.1225" z="2.32125" y="0.2325"/>
<p x="-2.19375" z="2.41875" y="0.24375"/>
<p x="-2.1325" z="2.30875" y="0.3875"/>
<p x="-2.0873" z="2.25969" y="0.328164"/>
<p x="-2.1325" z="2.30875" y="0.3875"/>
<p x="-2.02875" z="2.205" y="0.4275"/>
<p x="-2.23363" z="2.43027" y="0.526923"/>
<p x="-2.05" z="2.26" y="0.55375"/>
<p x="-2.1325" z="2.30875" y="0.3875"/>
<p x="-1.91375" z="2.145" y="0.57125"/>
<p x="-2.02875" z="2.205" y="0.4275"/>
<p x="-2.05" z="2.26" y="0.55375"/>
<p x="-2.1325" z="2.30875" y="0.3875"/>
<p x="-2.05" z="2.26" y="0.55375"/>
<p x="-2.02875" z="2.205" y="0.4275"/>
<p x="-1.91375" z="2.145" y="0.57125"/>
<p x="-1.92" z="2.13" y="0.41"/>
<p x="-2.02875" z="2.205" y="0.4275"/>
<p x="-1.93125" z="2.1675" y="0.25"/>
<p x="-2.0275" z="2.215" y="0.28625"/>
<p x="-1.92" z="2.13" y="0.41"/>
<p x="-2.0873" z="2.25969" y="0.328164"/>
<p x="-2.02875" z="2.205" y="0.4275"/>
<p x="-2.0275" z="2.215" y="0.28625"/>
<p x="-1.92" z="2.13" y="0.41"/>
<p x="-2.0275" z="2.215" y="0.28625"/>
<p x="-2.02875" z="2.205" y="0.4275"/>
<p x="-1.91375" z="2.145" y="0.57125"/>
<p x="-1.83125" z="2.11125" y="0.59375"/>
<p x="-1.92" z="2.13" y="0.41"/>
<p x="-1.70125" z="2.08875" y="0.6275"/>
<p x="-1.80625" z="2.095" y="0.425"/>
<p x="-1.83125" z="2.11125" y="0.59375"/>
<p x="-1.93125" z="2.1675" y="0.25"/>
<p x="-1.92" z="2.13" y="0.41"/>
<p x="-1.80625" z="2.095" y="0.425"/>
<p x="-1.83125" z="2.11125" y="0.59375"/>
<p x="-1.80625" z="2.095" y="0.425"/>
<p x="-1.92" z="2.13" y="0.41"/>
<p x="-1.95625" z="2.30875" y="0.84875"/>
<p x="-1.81625" z="2.18875" y="0.75625"/>
<p x="-1.915" z="2.21" y="0.715"/>
<p x="-1.70125" z="2.08875" y="0.6275"/>
<p x="-1.83125" z="2.11125" y="0.59375"/>
<p x="-1.81625" z="2.18875" y="0.75625"/>
<p x="-1.91375" z="2.145" y="0.57125"/>
<p x="-1.915" z="2.21" y="0.715"/>
<p x="-1.83125" z="2.11125" y="0.59375"/>
<p x="-1.81625" z="2.18875" y="0.75625"/>
<p x="-1.83125" z="2.11125" y="0.59375"/>
<p x="-1.915" z="2.21" y="0.715"/>
<p x="-1.95625" z="2.30875" y="0.84875"/>
<p x="-1.915" z="2.21" y="0.715"/>
<p x="-2.065" z="2.3425" y="0.72125"/>
<p x="-1.91375" z="2.145" y="0.57125"/>
<p x="-2.05" z="2.26" y="0.55375"/>
<p x="-1.915" z="2.21" y="0.715"/>
<p x="-2.23363" z="2.43027" y="0.526923"/>
<p x="-2.065" z="2.3425" y="0.72125"/>
<p x="-2.05" z="2.26" y="0.55375"/>
<p x="-1.915" z="2.21" y="0.715"/>
<p x="-2.05" z="2.26" y="0.55375"/>
<p x="-2.065" z="2.3425" y="0.72125"/>
<p x="-1.95625" z="2.30875" y="0.84875"/>
<p x="-2.065" z="2.3425" y="0.72125"/>
<p x="-2.07" z="2.425" y="0.98"/>
<p x="-2.23363" z="2.43027" y="0.526923"/>
<p x="-2.2" z="2.47375" y="0.85625"/>
<p x="-2.065" z="2.3425" y="0.72125"/>
<p x="-2.20375" z="2.53375" y="1.08125"/>
<p x="-2.07" z="2.425" y="0.98"/>
<p x="-2.2" z="2.47375" y="0.85625"/>
<p x="-2.065" z="2.3425" y="0.72125"/>
<p x="-2.2" z="2.47375" y="0.85625"/>
<p x="-2.07" z="2.425" y="0.98"/>
<p x="-2.38875" z="2.6625" y="1.125"/>
<p x="-2.305" z="2.61" y="1.125"/>
<p x="-2.32125" z="2.5575" y="0.88875"/>
<p x="-2.20375" z="2.53375" y="1.08125"/>
<p x="-2.2" z="2.47375" y="0.85625"/>
<p x="-2.305" z="2.61" y="1.125"/>
<p x="-2.23363" z="2.43027" y="0.526923"/>
<p x="-2.32125" z="2.5575" y="0.88875"/>
<p x="-2.2" z="2.47375" y="0.85625"/>
<p x="-2.305" z="2.61" y="1.125"/>
<p x="-2.2" z="2.47375" y="0.85625"/>
<p x="-2.32125" z="2.5575" y="0.88875"/>
<p x="-2.38875" z="2.6625" y="1.125"/>
<p x="-2.32125" z="2.5575" y="0.88875"/>
<p x="-2.47" z="2.7" y="1.095"/>
<p x="-2.23363" z="2.43027" y="0.526923"/>
<p x="-2.4375" z="2.6125" y="0.79875"/>
<p x="-2.32125" z="2.5575" y="0.88875"/>
<p x="-2.565" z="2.74" y="1.00125"/>
<p x="-2.47" z="2.7" y="1.095"/>
<p x="-2.4375" z="2.6125" y="0.79875"/>
<p x="-2.32125" z="2.5575" y="0.88875"/>
<p x="-2.4375" z="2.6125" y="0.79875"/>
<p x="-2.47" z="2.7" y="1.095"/>
<p x="-2.7925" z="2.87375" y="0.56875"/>
<p x="-2.69" z="2.8" y="0.81"/>
<p x="-2.52" z="2.65375" y="0.54625"/>
<p x="-2.565" z="2.74" y="1.00125"/>
<p x="-2.4375" z="2.6125" y="0.79875"/>
<p x="-2.69" z="2.8" y="0.81"/>
<p x="-2.23363" z="2.43027" y="0.526923"/>
<p x="-2.52" z="2.65375" y="0.54625"/>
<p x="-2.4375" z="2.6125" y="0.79875"/>
<p x="-2.69" z="2.8" y="0.81"/>
<p x="-2.4375" z="2.6125" y="0.79875"/>
<p x="-2.52" z="2.65375" y="0.54625"/>
<p x="-2.7925" z="2.87375" y="0.56875"/>
<p x="-2.73125" z="2.91625" y="0.8375"/>
<p x="-2.69" z="2.8" y="0.81"/>
<p x="-2.66664" z="2.97382" y="1.0272"/>
<p x="-2.62375" z="2.86875" y="1.0275"/>
<p x="-2.73125" z="2.91625" y="0.8375"/>
<p x="-2.565" z="2.74" y="1.00125"/>
<p x="-2.69" z="2.8" y="0.81"/>
<p x="-2.62375" z="2.86875" y="1.0275"/>
<p x="-2.73125" z="2.91625" y="0.8375"/>
<p x="-2.62375" z="2.86875" y="1.0275"/>
<p x="-2.69" z="2.8" y="0.81"/>
<p x="-2.66664" z="2.97382" y="1.0272"/>
<p x="-2.73125" z="2.91625" y="0.8375"/>
<p x="-2.73375" z="3.075" y="0.905"/>
<p x="-2.7925" z="2.87375" y="0.56875"/>
<p x="-2.8" z="3.08625" y="0.68125"/>
<p x="-2.73125" z="2.91625" y="0.8375"/>
<p x="-2.77309" z="3.23252" y="0.790274"/>
<p x="-2.73375" z="3.075" y="0.905"/>
<p x="-2.8" z="3.08625" y="0.68125"/>
<p x="-2.73125" z="2.91625" y="0.8375"/>
<p x="-2.8" z="3.08625" y="0.68125"/>
<p x="-2.73375" z="3.075" y="0.905"/>
<p x="-2.77309" z="3.23252" y="0.790274"/>
<p x="-2.8" z="3.08625" y="0.68125"/>
<p x="-2.8075" z="3.32625" y="0.62125"/>
<p x="-2.7925" z="2.87375" y="0.56875"/>
<p x="-2.8275" z="3.16125" y="0.46875"/>
<p x="-2.8" z="3.08625" y="0.68125"/>
<p x="-2.80187" z="3.4475" y="0.43375"/>
<p x="-2.8075" z="3.32625" y="0.62125"/>
<p x="-2.8275" z="3.16125" y="0.46875"/>
<p x="-2.8" z="3.08625" y="0.68125"/>
<p x="-2.8275" z="3.16125" y="0.46875"/>
<p x="-2.8075" z="3.32625" y="0.62125"/>
<p x="-2.04514" z="4.5757" y="0.99384"/>
<p x="-2.20125" z="4.4375" y="0.84125"/>
<p x="-2.03125" z="4.5675" y="0.84375"/>
<p x="-2.36108" z="4.28245" y="0.658925"/>
<p x="-2.17375" z="4.42" y="0.665"/>
<p x="-2.20125" z="4.4375" y="0.84125"/>
<p x="-1.98609" z="4.57055" y="0.692614"/>
<p x="-2.03125" z="4.5675" y="0.84375"/>
<p x="-2.17375" z="4.42" y="0.665"/>
<p x="-2.20125" z="4.4375" y="0.84125"/>
<p x="-2.17375" z="4.42" y="0.665"/>
<p x="-2.03125" z="4.5675" y="0.84375"/>
<p x="-2.63875" z="3.94" y="0.56625"/>
<p x="-2.565" z="4.0125" y="0.38625"/>
<p x="-2.52625" z="4.11625" y="0.61375"/>
<p x="-2.46711" z="4.05495" y="0.26616"/>
<p x="-2.425" z="4.175" y="0.44"/>
<p x="-2.565" z="4.0125" y="0.38625"/>
<p x="-2.36108" z="4.28245" y="0.658925"/>
<p x="-2.52625" z="4.11625" y="0.61375"/>
<p x="-2.425" z="4.175" y="0.44"/>
<p x="-2.565" z="4.0125" y="0.38625"/>
<p x="-2.425" z="4.175" y="0.44"/>
<p x="-2.52625" z="4.11625" y="0.61375"/>
<p x="-2.60397" z="3.63629" y="0.052438"/>
<p x="-2.5475" z="3.8925" y="0.1675"/>
<p x="-2.64875" z="3.82125" y="0.3075"/>
<p x="-2.46711" z="4.05495" y="0.26616"/>
<p x="-2.565" z="4.0125" y="0.38625"/>
<p x="-2.5475" z="3.8925" y="0.1675"/>
<p x="-2.63875" z="3.94" y="0.56625"/>
<p x="-2.64875" z="3.82125" y="0.3075"/>
<p x="-2.565" z="4.0125" y="0.38625"/>
<p x="-2.5475" z="3.8925" y="0.1675"/>
<p x="-2.565" z="4.0125" y="0.38625"/>
<p x="-2.64875" z="3.82125" y="0.3075"/>
<p x="-2.63875" z="3.94" y="0.56625"/>
<p x="-2.72875" z="3.71125" y="0.48625"/>
<p x="-2.64875" z="3.82125" y="0.3075"/>
<p x="-2.80187" z="3.4475" y="0.43375"/>
<p x="-2.73125" z="3.56625" y="0.24375"/>
<p x="-2.72875" z="3.71125" y="0.48625"/>
<p x="-2.60397" z="3.63629" y="0.052438"/>
<p x="-2.64875" z="3.82125" y="0.3075"/>
<p x="-2.73125" z="3.56625" y="0.24375"/>
<p x="-2.72875" z="3.71125" y="0.48625"/>
<p x="-2.73125" z="3.56625" y="0.24375"/>
<p x="-2.64875" z="3.82125" y="0.3075"/>
<p x="-2.63875" z="3.94" y="0.56625"/>
<p x="-2.6875" z="3.8025" y="0.74375"/>
<p x="-2.72875" z="3.71125" y="0.48625"/>
<p x="-2.6925" z="3.64687" y="0.91375"/>
<p x="-2.76375" z="3.5675" y="0.6625"/>
<p x="-2.6875" z="3.8025" y="0.74375"/>
<p x="-2.80187" z="3.4475" y="0.43375"/>
<p x="-2.72875" z="3.71125" y="0.48625"/>
<p x="-2.76375" z="3.5675" y="0.6625"/>
<p x="-2.6875" z="3.8025" y="0.74375"/>
<p x="-2.76375" z="3.5675" y="0.6625"/>
<p x="-2.72875" z="3.71125" y="0.48625"/>
<p x="-2.6925" z="3.64687" y="0.91375"/>
<p x="-2.75" z="3.42" y="0.83125"/>
<p x="-2.76375" z="3.5675" y="0.6625"/>
<p x="-2.77309" z="3.23252" y="0.790274"/>
<p x="-2.8075" z="3.32625" y="0.62125"/>
<p x="-2.75" z="3.42" y="0.83125"/>
<p x="-2.80187" z="3.4475" y="0.43375"/>
<p x="-2.76375" z="3.5675" y="0.6625"/>
<p x="-2.8075" z="3.32625" y="0.62125"/>
<p x="-2.75" z="3.42" y="0.83125"/>
<p x="-2.8075" z="3.32625" y="0.62125"/>
<p x="-2.76375" z="3.5675" y="0.6625"/>
<p x="-2.6925" z="3.64687" y="0.91375"/>
<p x="-2.665" z="3.48625" y="1.07125"/>
<p x="-2.75" z="3.42" y="0.83125"/>
<p x="-2.61875" z="3.32875" y="1.19625"/>
<p x="-2.70875" z="3.26125" y="0.98625"/>
<p x="-2.665" z="3.48625" y="1.07125"/>
<p x="-2.77309" z="3.23252" y="0.790274"/>
<p x="-2.75" z="3.42" y="0.83125"/>
<p x="-2.70875" z="3.26125" y="0.98625"/>
<p x="-2.665" z="3.48625" y="1.07125"/>
<p x="-2.70875" z="3.26125" y="0.98625"/>
<p x="-2.75" z="3.42" y="0.83125"/>
<p x="-2.77309" z="3.23252" y="0.790274"/>
<p x="-2.70875" z="3.26125" y="0.98625"/>
<p x="-2.73375" z="3.075" y="0.905"/>
<p x="-2.61875" z="3.32875" y="1.19625"/>
<p x="-2.65" z="3.12" y="1.11125"/>
<p x="-2.70875" z="3.26125" y="0.98625"/>
<p x="-2.66664" z="2.97382" y="1.0272"/>
<p x="-2.73375" z="3.075" y="0.905"/>
<p x="-2.65" z="3.12" y="1.11125"/>
<p x="-2.70875" z="3.26125" y="0.98625"/>
<p x="-2.65" z="3.12" y="1.11125"/>
<p x="-2.73375" z="3.075" y="0.905"/>
<p x="-2.49875" z="3.1525" y="1.31438"/>
<p x="-2.58625" z="3.02" y="1.175"/>
<p x="-2.56" z="3.22375" y="1.27625"/>
<p x="-2.66664" z="2.97382" y="1.0272"/>
<p x="-2.65" z="3.12" y="1.11125"/>
<p x="-2.58625" z="3.02" y="1.175"/>
<p x="-2.61875" z="3.32875" y="1.19625"/>
<p x="-2.56" z="3.22375" y="1.27625"/>
<p x="-2.65" z="3.12" y="1.11125"/>
<p x="-2.58625" z="3.02" y="1.175"/>
<p x="-2.65" z="3.12" y="1.11125"/>
<p x="-2.56" z="3.22375" y="1.27625"/>
<p x="-2.49875" z="3.1525" y="1.31438"/>
<p x="-2.5225" z="2.95125" y="1.19375"/>
<p x="-2.58625" z="3.02" y="1.175"/>
<p x="-2.565" z="2.74" y="1.00125"/>
<p x="-2.62375" z="2.86875" y="1.0275"/>
<p x="-2.5225" z="2.95125" y="1.19375"/>
<p x="-2.66664" z="2.97382" y="1.0272"/>
<p x="-2.58625" z="3.02" y="1.175"/>
<p x="-2.62375" z="2.86875" y="1.0275"/>
<p x="-2.5225" z="2.95125" y="1.19375"/>
<p x="-2.62375" z="2.86875" y="1.0275"/>
<p x="-2.58625" z="3.02" y="1.175"/>
<p x="-2.565" z="2.74" y="1.00125"/>
<p x="-2.5225" z="2.95125" y="1.19375"/>
<p x="-2.4525" z="2.915" y="1.21875"/>
<p x="-2.49875" z="3.1525" y="1.31438"/>
<p x="-2.435" z="3.11375" y="1.34"/>
<p x="-2.5225" z="2.95125" y="1.19375"/>
<p x="-2.35813" z="3.06875" y="1.35125"/>
<p x="-2.4525" z="2.915" y="1.21875"/>
<p x="-2.435" z="3.11375" y="1.34"/>
<p x="-2.5225" z="2.95125" y="1.19375"/>
<p x="-2.435" z="3.11375" y="1.34"/>
<p x="-2.4525" z="2.915" y="1.21875"/>
<p x="-2.565" z="2.74" y="1.00125"/>
<p x="-2.4525" z="2.915" y="1.21875"/>
<p x="-2.47" z="2.7" y="1.095"/>
<p x="-2.35813" z="3.06875" y="1.35125"/>
<p x="-2.37625" z="2.8675" y="1.23625"/>
<p x="-2.4525" z="2.915" y="1.21875"/>
<p x="-2.38875" z="2.6625" y="1.125"/>
<p x="-2.47" z="2.7" y="1.095"/>
<p x="-2.37625" z="2.8675" y="1.23625"/>
<p x="-2.4525" z="2.915" y="1.21875"/>
<p x="-2.37625" z="2.8675" y="1.23625"/>
<p x="-2.47" z="2.7" y="1.095"/>
<p x="-2.19655" z="2.82964" y="1.25393"/>
<p x="-2.2975" z="2.785" y="1.21875"/>
<p x="-2.27875" z="2.96875" y="1.3225"/>
<p x="-2.38875" z="2.6625" y="1.125"/>
<p x="-2.37625" z="2.8675" y="1.23625"/>
<p x="-2.2975" z="2.785" y="1.21875"/>
<p x="-2.35813" z="3.06875" y="1.35125"/>
<p x="-2.27875" z="2.96875" y="1.3225"/>
<p x="-2.37625" z="2.8675" y="1.23625"/>
<p x="-2.2975" z="2.785" y="1.21875"/>
<p x="-2.37625" z="2.8675" y="1.23625"/>
<p x="-2.27875" z="2.96875" y="1.3225"/>
<p x="-2.19655" z="2.82964" y="1.25393"/>
<p x="-2.18375" z="2.66625" y="1.16375"/>
<p x="-2.2975" z="2.785" y="1.21875"/>
<p x="-2.20375" z="2.53375" y="1.08125"/>
<p x="-2.305" z="2.61" y="1.125"/>
<p x="-2.18375" z="2.66625" y="1.16375"/>
<p x="-2.38875" z="2.6625" y="1.125"/>
<p x="-2.2975" z="2.785" y="1.21875"/>
<p x="-2.305" z="2.61" y="1.125"/>
<p x="-2.18375" z="2.66625" y="1.16375"/>
<p x="-2.305" z="2.61" y="1.125"/>
<p x="-2.2975" z="2.785" y="1.21875"/>
<p x="-2.19655" z="2.82964" y="1.25393"/>
<p x="-2.04375" z="2.6875" y="1.17625"/>
<p x="-2.18375" z="2.66625" y="1.16375"/>
<p x="-1.82" z="2.44625" y="1.0125"/>
<p x="-2.02" z="2.5025" y="1.0575"/>
<p x="-2.04375" z="2.6875" y="1.17625"/>
<p x="-2.20375" z="2.53375" y="1.08125"/>
<p x="-2.18375" z="2.66625" y="1.16375"/>
<p x="-2.02" z="2.5025" y="1.0575"/>
<p x="-2.04375" z="2.6875" y="1.17625"/>
<p x="-2.02" z="2.5025" y="1.0575"/>
<p x="-2.18375" z="2.66625" y="1.16375"/>
<p x="-2.20375" z="2.53375" y="1.08125"/>
<p x="-2.02" z="2.5025" y="1.0575"/>
<p x="-2.07" z="2.425" y="0.98"/>
<p x="-1.82" z="2.44625" y="1.0125"/>
<p x="-1.88" z="2.335" y="0.9125"/>
<p x="-2.02" z="2.5025" y="1.0575"/>
<p x="-1.95625" z="2.30875" y="0.84875"/>
<p x="-2.07" z="2.425" y="0.98"/>
<p x="-1.88" z="2.335" y="0.9125"/>
<p x="-2.02" z="2.5025" y="1.0575"/>
<p x="-1.88" z="2.335" y="0.9125"/>
<p x="-2.07" z="2.425" y="0.98"/>
<p x="-1.70125" z="2.08875" y="0.6275"/>
<p x="-1.81625" z="2.18875" y="0.75625"/>
<p x="-1.74" z="2.215" y="0.82"/>
<p x="-1.95625" z="2.30875" y="0.84875"/>
<p x="-1.88" z="2.335" y="0.9125"/>
<p x="-1.81625" z="2.18875" y="0.75625"/>
<p x="-1.82" z="2.44625" y="1.0125"/>
<p x="-1.74" z="2.215" y="0.82"/>
<p x="-1.88" z="2.335" y="0.9125"/>
<p x="-1.81625" z="2.18875" y="0.75625"/>
<p x="-1.88" z="2.335" y="0.9125"/>
<p x="-1.74" z="2.215" y="0.82"/>
<p x="-2.11823" z="3.09588" y="1.47912"/>
<p x="-1.98125" z="2.76875" y="1.29875"/>
<p x="-2.14625" z="2.9425" y="1.325"/>
<p x="-1.82" z="2.44625" y="1.0125"/>
<p x="-2.04375" z="2.6875" y="1.17625"/>
<p x="-1.98125" z="2.76875" y="1.29875"/>
<p x="-2.19655" z="2.82964" y="1.25393"/>
<p x="-2.14625" z="2.9425" y="1.325"/>
<p x="-2.04375" z="2.6875" y="1.17625"/>
<p x="-1.98125" z="2.76875" y="1.29875"/>
<p x="-2.04375" z="2.6875" y="1.17625"/>
<p x="-2.14625" z="2.9425" y="1.325"/>
<p x="-2.11823" z="3.09588" y="1.47912"/>
<p x="-2.14625" z="2.9425" y="1.325"/>
<p x="-2.25375" z="3.135" y="1.42125"/>
<p x="-2.19655" z="2.82964" y="1.25393"/>
<p x="-2.27875" z="2.96875" y="1.3225"/>
<p x="-2.14625" z="2.9425" y="1.325"/>
<p x="-2.35813" z="3.06875" y="1.35125"/>
<p x="-2.25375" z="3.135" y="1.42125"/>
<p x="-2.27875" z="2.96875" y="1.3225"/>
<p x="-2.14625" z="2.9425" y="1.325"/>
<p x="-2.27875" z="2.96875" y="1.3225"/>
<p x="-2.25375" z="3.135" y="1.42125"/>
<p x="-2.32812" z="3.44125" y="1.55937"/>
<p x="-2.24" z="3.29625" y="1.5325"/>
<p x="-2.345" z="3.2475" y="1.45375"/>
<p x="-2.11823" z="3.09588" y="1.47912"/>
<p x="-2.25375" z="3.135" y="1.42125"/>
<p x="-2.24" z="3.29625" y="1.5325"/>
<p x="-2.35813" z="3.06875" y="1.35125"/>
<p x="-2.345" z="3.2475" y="1.45375"/>
<p x="-2.25375" z="3.135" y="1.42125"/>
<p x="-2.24" z="3.29625" y="1.5325"/>
<p x="-2.25375" z="3.135" y="1.42125"/>
<p x="-2.345" z="3.2475" y="1.45375"/>
<p x="-2.32812" z="3.44125" y="1.55937"/>
<p x="-2.345" z="3.2475" y="1.45375"/>
<p x="-2.41625" z="3.315" y="1.45125"/>
<p x="-2.35813" z="3.06875" y="1.35125"/>
<p x="-2.435" z="3.11375" y="1.34"/>
<p x="-2.345" z="3.2475" y="1.45375"/>
<p x="-2.49875" z="3.1525" y="1.31438"/>
<p x="-2.41625" z="3.315" y="1.45125"/>
<p x="-2.435" z="3.11375" y="1.34"/>
<p x="-2.345" z="3.2475" y="1.45375"/>
<p x="-2.435" z="3.11375" y="1.34"/>
<p x="-2.41625" z="3.315" y="1.45125"/>
<p x="-2.49875" z="3.1525" y="1.31438"/>
<p x="-2.4675" z="3.38125" y="1.4275"/>
<p x="-2.41625" z="3.315" y="1.45125"/>
<p x="-2.42841" z="3.60216" y="1.51459"/>
<p x="-2.37875" z="3.55125" y="1.55625"/>
<p x="-2.4675" z="3.38125" y="1.4275"/>
<p x="-2.32812" z="3.44125" y="1.55937"/>
<p x="-2.41625" z="3.315" y="1.45125"/>
<p x="-2.37875" z="3.55125" y="1.55625"/>
<p x="-2.4675" z="3.38125" y="1.4275"/>
<p x="-2.37875" z="3.55125" y="1.55625"/>
<p x="-2.41625" z="3.315" y="1.45125"/>
<p x="-2.61875" z="3.32875" y="1.19625"/>
<p x="-2.51875" z="3.47375" y="1.38125"/>
<p x="-2.56" z="3.22375" y="1.27625"/>
<p x="-2.42841" z="3.60216" y="1.51459"/>
<p x="-2.4675" z="3.38125" y="1.4275"/>
<p x="-2.51875" z="3.47375" y="1.38125"/>
<p x="-2.49875" z="3.1525" y="1.31438"/>
<p x="-2.56" z="3.22375" y="1.27625"/>
<p x="-2.4675" z="3.38125" y="1.4275"/>
<p x="-2.51875" z="3.47375" y="1.38125"/>
<p x="-2.4675" z="3.38125" y="1.4275"/>
<p x="-2.56" z="3.22375" y="1.27625"/>
<p x="-2.49437" z="3.86437" y="1.3825"/>
<p x="-2.45125" z="3.735" y="1.48625"/>
<p x="-2.565" z="3.6025" y="1.29625"/>
<p x="-2.42841" z="3.60216" y="1.51459"/>
<p x="-2.51875" z="3.47375" y="1.38125"/>
<p x="-2.45125" z="3.735" y="1.48625"/>
<p x="-2.61875" z="3.32875" y="1.19625"/>
<p x="-2.565" z="3.6025" y="1.29625"/>
<p x="-2.51875" z="3.47375" y="1.38125"/>
<p x="-2.45125" z="3.735" y="1.48625"/>
<p x="-2.51875" z="3.47375" y="1.38125"/>
<p x="-2.565" z="3.6025" y="1.29625"/>
<p x="-2.49437" z="3.86437" y="1.3825"/>
<p x="-2.565" z="3.6025" y="1.29625"/>
<p x="-2.60125" z="3.74875" y="1.16"/>
<p x="-2.61875" z="3.32875" y="1.19625"/>
<p x="-2.665" z="3.48625" y="1.07125"/>
<p x="-2.565" z="3.6025" y="1.29625"/>
<p x="-2.6925" z="3.64687" y="0.91375"/>
<p x="-2.60125" z="3.74875" y="1.16"/>
<p x="-2.665" z="3.48625" y="1.07125"/>
<p x="-2.565" z="3.6025" y="1.29625"/>
<p x="-2.665" z="3.48625" y="1.07125"/>
<p x="-2.60125" z="3.74875" y="1.16"/>
<p x="-2.49437" z="3.86437" y="1.3825"/>
<p x="-2.60125" z="3.74875" y="1.16"/>
<p x="-2.53" z="3.97625" y="1.22125"/>
<p x="-2.6925" z="3.64687" y="0.91375"/>
<p x="-2.6175" z="3.88375" y="0.98875"/>
<p x="-2.60125" z="3.74875" y="1.16"/>
<p x="-2.5275" z="4.08" y="1.035"/>
<p x="-2.53" z="3.97625" y="1.22125"/>
<p x="-2.6175" z="3.88375" y="0.98875"/>
<p x="-2.60125" z="3.74875" y="1.16"/>
<p x="-2.6175" z="3.88375" y="0.98875"/>
<p x="-2.53" z="3.97625" y="1.22125"/>
<p x="-2.5275" z="4.08" y="1.035"/>
<p x="-2.6175" z="3.88375" y="0.98875"/>
<p x="-2.59125" z="4.01625" y="0.805"/>
<p x="-2.6925" z="3.64687" y="0.91375"/>
<p x="-2.6875" z="3.8025" y="0.74375"/>
<p x="-2.6175" z="3.88375" y="0.98875"/>
<p x="-2.63875" z="3.94" y="0.56625"/>
<p x="-2.59125" z="4.01625" y="0.805"/>
<p x="-2.6875" z="3.8025" y="0.74375"/>
<p x="-2.6175" z="3.88375" y="0.98875"/>
<p x="-2.6875" z="3.8025" y="0.74375"/>
<p x="-2.59125" z="4.01625" y="0.805"/>
<p x="-2.5275" z="4.08" y="1.035"/>
<p x="-2.59125" z="4.01625" y="0.805"/>
<p x="-2.4725" z="4.18375" y="0.83625"/>
<p x="-2.63875" z="3.94" y="0.56625"/>
<p x="-2.52625" z="4.11625" y="0.61375"/>
<p x="-2.59125" z="4.01625" y="0.805"/>
<p x="-2.36108" z="4.28245" y="0.658925"/>
<p x="-2.4725" z="4.18375" y="0.83625"/>
<p x="-2.52625" z="4.11625" y="0.61375"/>
<p x="-2.59125" z="4.01625" y="0.805"/>
<p x="-2.52625" z="4.11625" y="0.61375"/>
<p x="-2.4725" z="4.18375" y="0.83625"/>
<p x="-2.5275" z="4.08" y="1.035"/>
<p x="-2.4725" z="4.18375" y="0.83625"/>
<p x="-2.415" z="4.23625" y="1.05375"/>
<p x="-2.36108" z="4.28245" y="0.658925"/>
<p x="-2.33125" z="4.3325" y="0.8975"/>
<p x="-2.4725" z="4.18375" y="0.83625"/>
<p x="-2.2825" z="4.3775" y="1.10125"/>
<p x="-2.415" z="4.23625" y="1.05375"/>
<p x="-2.33125" z="4.3325" y="0.8975"/>
<p x="-2.4725" z="4.18375" y="0.83625"/>
<p x="-2.33125" z="4.3325" y="0.8975"/>
<p x="-2.415" z="4.23625" y="1.05375"/>
<p x="-2.04514" z="4.5757" y="0.99384"/>
<p x="-2.16875" z="4.48" y="1.035"/>
<p x="-2.20125" z="4.4375" y="0.84125"/>
<p x="-2.2825" z="4.3775" y="1.10125"/>
<p x="-2.33125" z="4.3325" y="0.8975"/>
<p x="-2.16875" z="4.48" y="1.035"/>
<p x="-2.36108" z="4.28245" y="0.658925"/>
<p x="-2.20125" z="4.4375" y="0.84125"/>
<p x="-2.33125" z="4.3325" y="0.8975"/>
<p x="-2.16875" z="4.48" y="1.035"/>
<p x="-2.33125" z="4.3325" y="0.8975"/>
<p x="-2.20125" z="4.4375" y="0.84125"/>
<p x="-2.04514" z="4.5757" y="0.99384"/>
<p x="-1.99" z="4.6325" y="1.15"/>
<p x="-2.16875" z="4.48" y="1.035"/>
<p x="-1.95563" z="4.65562" y="1.31313"/>
<p x="-2.13" z="4.51375" y="1.21375"/>
<p x="-1.99" z="4.6325" y="1.15"/>
<p x="-2.2825" z="4.3775" y="1.10125"/>
<p x="-2.16875" z="4.48" y="1.035"/>
<p x="-2.13" z="4.51375" y="1.21375"/>
<p x="-1.99" z="4.6325" y="1.15"/>
<p x="-2.13" z="4.51375" y="1.21375"/>
<p x="-2.16875" z="4.48" y="1.035"/>
<p x="-2.10188" z="3.4775" y="1.78687"/>
<p x="-2.22" z="3.485" y="1.66"/>
<p x="-2.15875" z="3.71375" y="1.77125"/>
<p x="-2.32812" z="3.44125" y="1.55937"/>
<p x="-2.28125" z="3.6775" y="1.66"/>
<p x="-2.22" z="3.485" y="1.66"/>
<p x="-2.21804" z="3.9496" y="1.70715"/>
<p x="-2.15875" z="3.71375" y="1.77125"/>
<p x="-2.28125" z="3.6775" y="1.66"/>
<p x="-2.22" z="3.485" y="1.66"/>
<p x="-2.28125" z="3.6775" y="1.66"/>
<p x="-2.15875" z="3.71375" y="1.77125"/>
<p x="-2.42841" z="3.60216" y="1.51459"/>
<p x="-2.34625" z="3.7775" y="1.61125"/>
<p x="-2.37875" z="3.55125" y="1.55625"/>
<p x="-2.21804" z="3.9496" y="1.70715"/>
<p x="-2.28125" z="3.6775" y="1.66"/>
<p x="-2.34625" z="3.7775" y="1.61125"/>
<p x="-2.32812" z="3.44125" y="1.55937"/>
<p x="-2.37875" z="3.55125" y="1.55625"/>
<p x="-2.28125" z="3.6775" y="1.66"/>
<p x="-2.34625" z="3.7775" y="1.61125"/>
<p x="-2.28125" z="3.6775" y="1.66"/>
<p x="-2.37875" z="3.55125" y="1.55625"/>
<p x="-2.21804" z="3.9496" y="1.70715"/>
<p x="-2.34625" z="3.7775" y="1.61125"/>
<p x="-2.37" z="3.935" y="1.56"/>
<p x="-2.42841" z="3.60216" y="1.51459"/>
<p x="-2.45125" z="3.735" y="1.48625"/>
<p x="-2.34625" z="3.7775" y="1.61125"/>
<p x="-2.49437" z="3.86437" y="1.3825"/>
<p x="-2.37" z="3.935" y="1.56"/>
<p x="-2.45125" z="3.735" y="1.48625"/>
<p x="-2.34625" z="3.7775" y="1.61125"/>
<p x="-2.45125" z="3.735" y="1.48625"/>
<p x="-2.37" z="3.935" y="1.56"/>
<p x="-2.21804" z="3.9496" y="1.70715"/>
<p x="-2.37" z="3.935" y="1.56"/>
<p x="-2.26625" z="4.13625" y="1.585"/>
<p x="-2.49437" z="3.86437" y="1.3825"/>
<p x="-2.42625" z="4.04625" y="1.42125"/>
<p x="-2.37" z="3.935" y="1.56"/>
<p x="-2.3375" z="4.21437" y="1.42625"/>
<p x="-2.26625" z="4.13625" y="1.585"/>
<p x="-2.42625" z="4.04625" y="1.42125"/>
<p x="-2.37" z="3.935" y="1.56"/>
<p x="-2.42625" z="4.04625" y="1.42125"/>
<p x="-2.26625" z="4.13625" y="1.585"/>
<p x="-2.5275" z="4.08" y="1.035"/>
<p x="-2.44875" z="4.14375" y="1.245"/>
<p x="-2.53" z="3.97625" y="1.22125"/>
<p x="-2.3375" z="4.21437" y="1.42625"/>
<p x="-2.42625" z="4.04625" y="1.42125"/>
<p x="-2.44875" z="4.14375" y="1.245"/>
<p x="-2.49437" z="3.86437" y="1.3825"/>
<p x="-2.53" z="3.97625" y="1.22125"/>
<p x="-2.42625" z="4.04625" y="1.42125"/>
<p x="-2.44875" z="4.14375" y="1.245"/>
<p x="-2.42625" z="4.04625" y="1.42125"/>
<p x="-2.53" z="3.97625" y="1.22125"/>
<p x="-2.3375" z="4.21437" y="1.42625"/>
<p x="-2.44875" z="4.14375" y="1.245"/>
<p x="-2.34875" z="4.2825" y="1.25"/>
<p x="-2.5275" z="4.08" y="1.035"/>
<p x="-2.415" z="4.23625" y="1.05375"/>
<p x="-2.44875" z="4.14375" y="1.245"/>
<p x="-2.2825" z="4.3775" y="1.10125"/>
<p x="-2.34875" z="4.2825" y="1.25"/>
<p x="-2.415" z="4.23625" y="1.05375"/>
<p x="-2.44875" z="4.14375" y="1.245"/>
<p x="-2.415" z="4.23625" y="1.05375"/>
<p x="-2.34875" z="4.2825" y="1.25"/>
<p x="-2.2825" z="4.3775" y="1.10125"/>
<p x="-2.23125" z="4.41" y="1.2825"/>
<p x="-2.34875" z="4.2825" y="1.25"/>
<p x="-2.16125" z="4.44937" y="1.40789"/>
<p x="-2.23375" z="4.365" y="1.42125"/>
<p x="-2.23125" z="4.41" y="1.2825"/>
<p x="-2.3375" z="4.21437" y="1.42625"/>
<p x="-2.34875" z="4.2825" y="1.25"/>
<p x="-2.23375" z="4.365" y="1.42125"/>
<p x="-2.23125" z="4.41" y="1.2825"/>
<p x="-2.23375" z="4.365" y="1.42125"/>
<p x="-2.34875" z="4.2825" y="1.25"/>
<p x="-2.16125" z="4.44937" y="1.40789"/>
<p x="-2.23125" z="4.41" y="1.2825"/>
<p x="-2.08" z="4.53375" y="1.3875"/>
<p x="-2.2825" z="4.3775" y="1.10125"/>
<p x="-2.13" z="4.51375" y="1.21375"/>
<p x="-2.23125" z="4.41" y="1.2825"/>
<p x="-1.95563" z="4.65562" y="1.31313"/>
<p x="-2.08" z="4.53375" y="1.3875"/>
<p x="-2.13" z="4.51375" y="1.21375"/>
<p x="-2.23125" z="4.41" y="1.2825"/>
<p x="-2.13" z="4.51375" y="1.21375"/>
<p x="-2.08" z="4.53375" y="1.3875"/>
<p x="-1.83922" z="4.60272" y="1.67953"/>
<p x="-2.055" z="4.51125" y="1.52625"/>
<p x="-1.90125" z="4.66375" y="1.48875"/>
<p x="-2.16125" z="4.44937" y="1.40789"/>
<p x="-2.08" z="4.53375" y="1.3875"/>
<p x="-2.055" z="4.51125" y="1.52625"/>
<p x="-1.95563" z="4.65562" y="1.31313"/>
<p x="-1.90125" z="4.66375" y="1.48875"/>
<p x="-2.08" z="4.53375" y="1.3875"/>
<p x="-2.055" z="4.51125" y="1.52625"/>
<p x="-2.08" z="4.53375" y="1.3875"/>
<p x="-1.90125" z="4.66375" y="1.48875"/>
<p x="-1.83922" z="4.60272" y="1.67953"/>
<p x="-2.13125" z="4.37" y="1.58"/>
<p x="-2.055" z="4.51125" y="1.52625"/>
<p x="-2.3375" z="4.21437" y="1.42625"/>
<p x="-2.23375" z="4.365" y="1.42125"/>
<p x="-2.13125" z="4.37" y="1.58"/>
<p x="-2.16125" z="4.44937" y="1.40789"/>
<p x="-2.055" z="4.51125" y="1.52625"/>
<p x="-2.23375" z="4.365" y="1.42125"/>
<p x="-2.13125" z="4.37" y="1.58"/>
<p x="-2.23375" z="4.365" y="1.42125"/>
<p x="-2.055" z="4.51125" y="1.52625"/>
<p x="-2.3375" z="4.21437" y="1.42625"/>
<p x="-2.13125" z="4.37" y="1.58"/>
<p x="-2.26625" z="4.13625" y="1.585"/>
<p x="-1.83922" z="4.60272" y="1.67953"/>
<p x="-2.05375" z="4.2525" y="1.72875"/>
<p x="-2.13125" z="4.37" y="1.58"/>
<p x="-2.21804" z="3.9496" y="1.70715"/>
<p x="-2.26625" z="4.13625" y="1.585"/>
<p x="-2.05375" z="4.2525" y="1.72875"/>
<p x="-2.13125" z="4.37" y="1.58"/>
<p x="-2.05375" z="4.2525" y="1.72875"/>
<p x="-2.26625" z="4.13625" y="1.585"/>
<p x="-1.87" z="3.97187" y="1.98"/>
<p x="-2.03875" z="3.98" y="1.845"/>
<p x="-1.8475" z="4.295" y="1.87375"/>
<p x="-2.21804" z="3.9496" y="1.70715"/>
<p x="-2.05375" z="4.2525" y="1.72875"/>
<p x="-2.03875" z="3.98" y="1.845"/>
<p x="-1.83922" z="4.60272" y="1.67953"/>
<p x="-1.8475" z="4.295" y="1.87375"/>
<p x="-2.05375" z="4.2525" y="1.72875"/>
<p x="-2.03875" z="3.98" y="1.845"/>
<p x="-2.05375" z="4.2525" y="1.72875"/>
<p x="-1.8475" z="4.295" y="1.87375"/>
<p x="-1.87" z="3.97187" y="1.98"/>
<p x="-2.01875" z="3.695" y="1.89875"/>
<p x="-2.03875" z="3.98" y="1.845"/>
<p x="-2.10188" z="3.4775" y="1.78687"/>
<p x="-2.15875" z="3.71375" y="1.77125"/>
<p x="-2.01875" z="3.695" y="1.89875"/>
<p x="-2.21804" z="3.9496" y="1.70715"/>
<p x="-2.03875" z="3.98" y="1.845"/>
<p x="-2.15875" z="3.71375" y="1.77125"/>
<p x="-2.01875" z="3.695" y="1.89875"/>
<p x="-2.15875" z="3.71375" y="1.77125"/>
<p x="-2.03875" z="3.98" y="1.845"/>
<p x="-1.87" z="3.97187" y="1.98"/>
<p x="-1.8675" z="3.69875" y="2.02375"/>
<p x="-2.01875" z="3.695" y="1.89875"/>
<p x="-1.83" z="3.47438" y="2.0575"/>
<p x="-1.97875" z="3.4575" y="1.92375"/>
<p x="-1.8675" z="3.69875" y="2.02375"/>
<p x="-2.10188" z="3.4775" y="1.78687"/>
<p x="-2.01875" z="3.695" y="1.89875"/>
<p x="-1.97875" z="3.4575" y="1.92375"/>
<p x="-1.8675" z="3.69875" y="2.02375"/>
<p x="-1.97875" z="3.4575" y="1.92375"/>
<p x="-2.01875" z="3.695" y="1.89875"/>
<p x="-2.10188" z="3.4775" y="1.78687"/>
<p x="-1.97875" z="3.4575" y="1.92375"/>
<p x="-2.03" z="3.28625" y="1.8075"/>
<p x="-1.83" z="3.47438" y="2.0575"/>
<p x="-1.90375" z="3.2725" y="1.9675"/>
<p x="-1.97875" z="3.4575" y="1.92375"/>
<p x="-1.94486" z="3.13682" y="1.8558"/>
<p x="-2.03" z="3.28625" y="1.8075"/>
<p x="-1.90375" z="3.2725" y="1.9675"/>
<p x="-1.97875" z="3.4575" y="1.92375"/>
<p x="-1.90375" z="3.2725" y="1.9675"/>
<p x="-2.03" z="3.28625" y="1.8075"/>
<p x="-2.10188" z="3.4775" y="1.78687"/>
<p x="-2.1325" z="3.2975" y="1.6475"/>
<p x="-2.22" z="3.485" y="1.66"/>
<p x="-2.11823" z="3.09588" y="1.47912"/>
<p x="-2.24" z="3.29625" y="1.5325"/>
<p x="-2.1325" z="3.2975" y="1.6475"/>
<p x="-2.32812" z="3.44125" y="1.55937"/>
<p x="-2.22" z="3.485" y="1.66"/>
<p x="-2.24" z="3.29625" y="1.5325"/>
<p x="-2.1325" z="3.2975" y="1.6475"/>
<p x="-2.24" z="3.29625" y="1.5325"/>
<p x="-2.22" z="3.485" y="1.66"/>
<p x="-2.11823" z="3.09588" y="1.47912"/>
<p x="-2.1325" z="3.2975" y="1.6475"/>
<p x="-2.03375" z="3.1125" y="1.685"/>
<p x="-2.10188" z="3.4775" y="1.78687"/>
<p x="-2.03" z="3.28625" y="1.8075"/>
<p x="-2.1325" z="3.2975" y="1.6475"/>
<p x="-1.94486" z="3.13682" y="1.8558"/>
<p x="-2.03375" z="3.1125" y="1.685"/>
<p x="-2.03" z="3.28625" y="1.8075"/>
<p x="-2.1325" z="3.2975" y="1.6475"/>
<p x="-2.03" z="3.28625" y="1.8075"/>
<p x="-2.03375" z="3.1125" y="1.685"/>
<p x="-2.11823" z="3.09588" y="1.47912"/>
<p x="-2.03375" z="3.1125" y="1.685"/>
<p x="-1.9725" z="2.865" y="1.55375"/>
<p x="-1.94486" z="3.13682" y="1.8558"/>
<p x="-1.90875" z="2.95125" y="1.80625"/>
<p x="-2.03375" z="3.1125" y="1.685"/>
<p x="-1.84" z="2.72" y="1.74"/>
<p x="-1.9725" z="2.865" y="1.55375"/>
<p x="-1.90875" z="2.95125" y="1.80625"/>
<p x="-2.03375" z="3.1125" y="1.685"/>
<p x="-1.90875" z="2.95125" y="1.80625"/>
<p x="-1.9725" z="2.865" y="1.55375"/>
<p x="-2.11823" z="3.09588" y="1.47912"/>
<p x="-1.9725" z="2.865" y="1.55375"/>
<p x="-1.98125" z="2.76875" y="1.29875"/>
<p x="-1.84" z="2.72" y="1.74"/>
<p x="-1.85375" z="2.59625" y="1.425"/>
<p x="-1.9725" z="2.865" y="1.55375"/>
<p x="-1.82" z="2.44625" y="1.0125"/>
<p x="-1.98125" z="2.76875" y="1.29875"/>
<p x="-1.85375" z="2.59625" y="1.425"/>
<p x="-1.9725" z="2.865" y="1.55375"/>
<p x="-1.85375" z="2.59625" y="1.425"/>
<p x="-1.98125" z="2.76875" y="1.29875"/>
<p x="-1.57431" z="1.85744" y="0.938925"/>
<p x="-1.63125" z="1.9525" y="0.745"/>
<p x="-1.69" z="2.18375" y="1.015"/>
<p x="-1.70125" z="2.08875" y="0.6275"/>
<p x="-1.74" z="2.215" y="0.82"/>
<p x="-1.63125" z="1.9525" y="0.745"/>
<p x="-1.82" z="2.44625" y="1.0125"/>
<p x="-1.69" z="2.18375" y="1.015"/>
<p x="-1.74" z="2.215" y="0.82"/>
<p x="-1.63125" z="1.9525" y="0.745"/>
<p x="-1.74" z="2.215" y="0.82"/>
<p x="-1.69" z="2.18375" y="1.015"/>
<p x="-1.82" z="2.44625" y="1.0125"/>
<p x="-1.73875" z="2.3925" y="1.36125"/>
<p x="-1.69" z="2.18375" y="1.015"/>
<p x="-1.6395" z="2.37303" y="1.7397"/>
<p x="-1.62875" z="2.14" y="1.335"/>
<p x="-1.73875" z="2.3925" y="1.36125"/>
<p x="-1.57431" z="1.85744" y="0.938925"/>
<p x="-1.69" z="2.18375" y="1.015"/>
<p x="-1.62875" z="2.14" y="1.335"/>
<p x="-1.73875" z="2.3925" y="1.36125"/>
<p x="-1.62875" z="2.14" y="1.335"/>
<p x="-1.69" z="2.18375" y="1.015"/>
<p x="-1.6395" z="2.37303" y="1.7397"/>
<p x="-1.52875" z="2.01" y="1.67125"/>
<p x="-1.62875" z="2.14" y="1.335"/>
<p x="-1.39461" z="1.58441" y="1.7049"/>
<p x="-1.51625" z="1.77625" y="1.33625"/>
<p x="-1.52875" z="2.01" y="1.67125"/>
<p x="-1.57431" z="1.85744" y="0.938925"/>
<p x="-1.62875" z="2.14" y="1.335"/>
<p x="-1.51625" z="1.77625" y="1.33625"/>
<p x="-1.52875" z="2.01" y="1.67125"/>
<p x="-1.51625" z="1.77625" y="1.33625"/>
<p x="-1.62875" z="2.14" y="1.335"/>
<p x="-1.37969" z="2.03457" y="2.06398"/>
<p x="-1.39375" z="1.8875" y="1.93125"/>
<p x="-1.4875" z="2.1725" y="1.9525"/>
<p x="-1.39461" z="1.58441" y="1.7049"/>
<p x="-1.52875" z="2.01" y="1.67125"/>
<p x="-1.39375" z="1.8875" y="1.93125"/>
<p x="-1.6395" z="2.37303" y="1.7397"/>
<p x="-1.4875" z="2.1725" y="1.9525"/>
<p x="-1.52875" z="2.01" y="1.67125"/>
<p x="-1.39375" z="1.8875" y="1.93125"/>
<p x="-1.52875" z="2.01" y="1.67125"/>
<p x="-1.4875" z="2.1725" y="1.9525"/>
<p x="-1.6395" z="2.37303" y="1.7397"/>
<p x="-1.48125" z="2.3625" y="2.07875"/>
<p x="-1.4875" z="2.1725" y="1.9525"/>
<p x="-1.295" z="2.24187" y="2.2975"/>
<p x="-1.36375" z="2.14625" y="2.17125"/>
<p x="-1.48125" z="2.3625" y="2.07875"/>
<p x="-1.37969" z="2.03457" y="2.06398"/>
<p x="-1.4875" z="2.1725" y="1.9525"/>
<p x="-1.36375" z="2.14625" y="2.17125"/>
<p x="-1.48125" z="2.3625" y="2.07875"/>
<p x="-1.36375" z="2.14625" y="2.17125"/>
<p x="-1.4875" z="2.1725" y="1.9525"/>
<p x="-1.84" z="2.72" y="1.74"/>
<p x="-1.74375" z="2.55125" y="1.71125"/>
<p x="-1.85375" z="2.59625" y="1.425"/>
<p x="-1.6395" z="2.37303" y="1.7397"/>
<p x="-1.73875" z="2.3925" y="1.36125"/>
<p x="-1.74375" z="2.55125" y="1.71125"/>
<p x="-1.82" z="2.44625" y="1.0125"/>
<p x="-1.85375" z="2.59625" y="1.425"/>
<p x="-1.73875" z="2.3925" y="1.36125"/>
<p x="-1.74375" z="2.55125" y="1.71125"/>
<p x="-1.73875" z="2.3925" y="1.36125"/>
<p x="-1.85375" z="2.59625" y="1.425"/>
<p x="-1.3597" z="4.61108" y="2.01637"/>
<p x="-1.64375" z="4.30875" y="2.01875"/>
<p x="-1.59" z="4.62625" y="1.85"/>
<p x="-1.87" z="3.97187" y="1.98"/>
<p x="-1.8475" z="4.295" y="1.87375"/>
<p x="-1.64375" z="4.30875" y="2.01875"/>
<p x="-1.83922" z="4.60272" y="1.67953"/>
<p x="-1.59" z="4.62625" y="1.85"/>
<p x="-1.8475" z="4.295" y="1.87375"/>
<p x="-1.64375" z="4.30875" y="2.01875"/>
<p x="-1.8475" z="4.295" y="1.87375"/>
<p x="-1.59" z="4.62625" y="1.85"/>
<p x="-1.87" z="3.97187" y="1.98"/>
<p x="-1.64375" z="4.30875" y="2.01875"/>
<p x="-1.68375" z="4.02125" y="2.1"/>
<p x="-1.3597" z="4.61108" y="2.01637"/>
<p x="-1.46125" z="4.295" y="2.14625"/>
<p x="-1.64375" z="4.30875" y="2.01875"/>
<p x="-1.52766" z="4.05534" y="2.19141"/>
<p x="-1.68375" z="4.02125" y="2.1"/>
<p x="-1.46125" z="4.295" y="2.14625"/>
<p x="-1.64375" z="4.30875" y="2.01875"/>
<p x="-1.46125" z="4.295" y="2.14625"/>
<p x="-1.68375" z="4.02125" y="2.1"/>
<p x="-1.52766" z="4.05534" y="2.19141"/>
<p x="-1.68875" z="3.77875" y="2.1425"/>
<p x="-1.68375" z="4.02125" y="2.1"/>
<p x="-1.83" z="3.47438" y="2.0575"/>
<p x="-1.8675" z="3.69875" y="2.02375"/>
<p x="-1.68875" z="3.77875" y="2.1425"/>
<p x="-1.87" z="3.97187" y="1.98"/>
<p x="-1.68375" z="4.02125" y="2.1"/>
<p x="-1.8675" z="3.69875" y="2.02375"/>
<p x="-1.68875" z="3.77875" y="2.1425"/>
<p x="-1.8675" z="3.69875" y="2.02375"/>
<p x="-1.68375" z="4.02125" y="2.1"/>
<p x="-1.83" z="3.47438" y="2.0575"/>
<p x="-1.68875" z="3.77875" y="2.1425"/>
<p x="-1.64375" z="3.58625" y="2.19375"/>
<p x="-1.52766" z="4.05534" y="2.19141"/>
<p x="-1.495" z="3.8925" y="2.24875"/>
<p x="-1.68875" z="3.77875" y="2.1425"/>
<p x="-1.47589" z="3.71982" y="2.2872"/>
<p x="-1.64375" z="3.58625" y="2.19375"/>
<p x="-1.495" z="3.8925" y="2.24875"/>
<p x="-1.68875" z="3.77875" y="2.1425"/>
<p x="-1.495" z="3.8925" y="2.24875"/>
<p x="-1.64375" z="3.58625" y="2.19375"/>
<p x="-1.83" z="3.47438" y="2.0575"/>
<p x="-1.64375" z="3.58625" y="2.19375"/>
<p x="-1.7375" z="3.31" y="2.12375"/>
<p x="-1.47589" z="3.71982" y="2.2872"/>
<p x="-1.55125" z="3.45625" y="2.25875"/>
<p x="-1.64375" z="3.58625" y="2.19375"/>
<p x="-1.60382" z="3.1398" y="2.19549"/>
<p x="-1.7375" z="3.31" y="2.12375"/>
<p x="-1.55125" z="3.45625" y="2.25875"/>
<p x="-1.64375" z="3.58625" y="2.19375"/>
<p x="-1.55125" z="3.45625" y="2.25875"/>
<p x="-1.7375" z="3.31" y="2.12375"/>
<p x="-1.60382" z="3.1398" y="2.19549"/>
<p x="-1.81125" z="3.1025" y="2.0025"/>
<p x="-1.7375" z="3.31" y="2.12375"/>
<p x="-1.94486" z="3.13682" y="1.8558"/>
<p x="-1.90375" z="3.2725" y="1.9675"/>
<p x="-1.81125" z="3.1025" y="2.0025"/>
<p x="-1.83" z="3.47438" y="2.0575"/>
<p x="-1.7375" z="3.31" y="2.12375"/>
<p x="-1.90375" z="3.2725" y="1.9675"/>
<p x="-1.81125" z="3.1025" y="2.0025"/>
<p x="-1.90375" z="3.2725" y="1.9675"/>
<p x="-1.7375" z="3.31" y="2.12375"/>
<p x="-1.60382" z="3.1398" y="2.19549"/>
<p x="-1.73875" z="2.89625" y="1.995"/>
<p x="-1.81125" z="3.1025" y="2.0025"/>
<p x="-1.84" z="2.72" y="1.74"/>
<p x="-1.90875" z="2.95125" y="1.80625"/>
<p x="-1.73875" z="2.89625" y="1.995"/>
<p x="-1.94486" z="3.13682" y="1.8558"/>
<p x="-1.81125" z="3.1025" y="2.0025"/>
<p x="-1.90875" z="2.95125" y="1.80625"/>
<p x="-1.73875" z="2.89625" y="1.995"/>
<p x="-1.90875" z="2.95125" y="1.80625"/>
<p x="-1.81125" z="3.1025" y="2.0025"/>
<p x="-1.47589" z="3.71982" y="2.2872"/>
<p x="-1.37375" z="3.6775" y="2.3375"/>
<p x="-1.55125" z="3.45625" y="2.25875"/>
<p x="-1.23563" z="3.56688" y="2.3825"/>
<p x="-1.40625" z="3.36125" y="2.32625"/>
<p x="-1.37375" z="3.6775" y="2.3375"/>
<p x="-1.60382" z="3.1398" y="2.19549"/>
<p x="-1.55125" z="3.45625" y="2.25875"/>
<p x="-1.40625" z="3.36125" y="2.32625"/>
<p x="-1.37375" z="3.6775" y="2.3375"/>
<p x="-1.40625" z="3.36125" y="2.32625"/>
<p x="-1.55125" z="3.45625" y="2.25875"/>
<p x="-1.47589" z="3.71982" y="2.2872"/>
<p x="-1.33" z="3.9375" y="2.3175"/>
<p x="-1.37375" z="3.6775" y="2.3375"/>
<p x="-1.17255" z="4.15206" y="2.29451"/>
<p x="-1.21125" z="3.85125" y="2.36"/>
<p x="-1.33" z="3.9375" y="2.3175"/>
<p x="-1.23563" z="3.56688" y="2.3825"/>
<p x="-1.37375" z="3.6775" y="2.3375"/>
<p x="-1.21125" z="3.85125" y="2.36"/>
<p x="-1.33" z="3.9375" y="2.3175"/>
<p x="-1.21125" z="3.85125" y="2.36"/>
<p x="-1.37375" z="3.6775" y="2.3375"/>
<p x="-1.52766" z="4.05534" y="2.19141"/>
<p x="-1.3525" z="4.15625" y="2.25"/>
<p x="-1.495" z="3.8925" y="2.24875"/>
<p x="-1.17255" z="4.15206" y="2.29451"/>
<p x="-1.33" z="3.9375" y="2.3175"/>
<p x="-1.3525" z="4.15625" y="2.25"/>
<p x="-1.47589" z="3.71982" y="2.2872"/>
<p x="-1.495" z="3.8925" y="2.24875"/>
<p x="-1.33" z="3.9375" y="2.3175"/>
<p x="-1.3525" z="4.15625" y="2.25"/>
<p x="-1.33" z="3.9375" y="2.3175"/>
<p x="-1.495" z="3.8925" y="2.24875"/>
<p x="-1.3597" z="4.61108" y="2.01637"/>
<p x="-1.25375" z="4.41125" y="2.17375"/>
<p x="-1.46125" z="4.295" y="2.14625"/>
<p x="-1.17255" z="4.15206" y="2.29451"/>
<p x="-1.3525" z="4.15625" y="2.25"/>
<p x="-1.25375" z="4.41125" y="2.17375"/>
<p x="-1.52766" z="4.05534" y="2.19141"/>
<p x="-1.46125" z="4.295" y="2.14625"/>
<p x="-1.3525" z="4.15625" y="2.25"/>
<p x="-1.25375" z="4.41125" y="2.17375"/>
<p x="-1.3525" z="4.15625" y="2.25"/>
<p x="-1.46125" z="4.295" y="2.14625"/>
<p x="-0.925" z="4.65813" y="2.05187"/>
<p x="-1.08375" z="4.44375" y="2.175"/>
<p x="-1.11875" z="4.66875" y="2.04625"/>
<p x="-1.17255" z="4.15206" y="2.29451"/>
<p x="-1.25375" z="4.41125" y="2.17375"/>
<p x="-1.08375" z="4.44375" y="2.175"/>
<p x="-1.3597" z="4.61108" y="2.01637"/>
<p x="-1.11875" z="4.66875" y="2.04625"/>
<p x="-1.25375" z="4.41125" y="2.17375"/>
<p x="-1.08375" z="4.44375" y="2.175"/>
<p x="-1.25375" z="4.41125" y="2.17375"/>
<p x="-1.11875" z="4.66875" y="2.04625"/>
<p x="-0.933672" z="4.21" y="2.26094"/>
<p x="-1.035" z="4.19125" y="2.2825"/>
<p x="-0.93125" z="4.40875" y="2.18125"/>
<p x="-1.17255" z="4.15206" y="2.29451"/>
<p x="-1.08375" z="4.44375" y="2.175"/>
<p x="-1.035" z="4.19125" y="2.2825"/>
<p x="-0.925" z="4.65813" y="2.05187"/>
<p x="-0.93125" z="4.40875" y="2.18125"/>
<p x="-1.08375" z="4.44375" y="2.175"/>
<p x="-1.035" z="4.19125" y="2.2825"/>
<p x="-1.08375" z="4.44375" y="2.175"/>
<p x="-0.93125" z="4.40875" y="2.18125"/>
<p x="-0.919375" z="3.72812" y="2.37062"/>
<p x="-1.07125" z="3.9125" y="2.35625"/>
<p x="-0.93125" z="4.00375" y="2.32"/>
<p x="-1.17255" z="4.15206" y="2.29451"/>
<p x="-1.035" z="4.19125" y="2.2825"/>
<p x="-1.07125" z="3.9125" y="2.35625"/>
<p x="-0.933672" z="4.21" y="2.26094"/>
<p x="-0.93125" z="4.00375" y="2.32"/>
<p x="-1.035" z="4.19125" y="2.2825"/>
<p x="-1.07125" z="3.9125" y="2.35625"/>
<p x="-1.035" z="4.19125" y="2.2825"/>
<p x="-0.93125" z="4.00375" y="2.32"/>
<p x="-1.23563" z="3.56688" y="2.3825"/>
<p x="-1.21125" z="3.85125" y="2.36"/>
<p x="-1.075" z="3.65" y="2.39375"/>
<p x="-1.17255" z="4.15206" y="2.29451"/>
<p x="-1.07125" z="3.9125" y="2.35625"/>
<p x="-1.21125" z="3.85125" y="2.36"/>
<p x="-0.919375" z="3.72812" y="2.37062"/>
<p x="-1.075" z="3.65" y="2.39375"/>
<p x="-1.07125" z="3.9125" y="2.35625"/>
<p x="-1.21125" z="3.85125" y="2.36"/>
<p x="-1.07125" z="3.9125" y="2.35625"/>
<p x="-1.075" z="3.65" y="2.39375"/>
<p x="-1.23563" z="3.56688" y="2.3825"/>
<p x="-1.075" z="3.65" y="2.39375"/>
<p x="-1.02" z="3.37875" y="2.415"/>
<p x="-0.919375" z="3.72812" y="2.37062"/>
<p x="-0.86" z="3.4875" y="2.40125"/>
<p x="-1.075" z="3.65" y="2.39375"/>
<p x="-0.749215" z="3.21098" y="2.42461"/>
<p x="-1.02" z="3.37875" y="2.415"/>
<p x="-0.86" z="3.4875" y="2.40125"/>
<p x="-1.075" z="3.65" y="2.39375"/>
<p x="-0.86" z="3.4875" y="2.40125"/>
<p x="-1.02" z="3.37875" y="2.415"/>
<p x="-0.749215" z="3.21098" y="2.42461"/>
<p x="-0.93875" z="3.0525" y="2.43625"/>
<p x="-1.02" z="3.37875" y="2.415"/>
<p x="-1.11375" z="2.89375" y="2.4125"/>
<p x="-1.19" z="3.23" y="2.3925"/>
<p x="-0.93875" z="3.0525" y="2.43625"/>
<p x="-1.23563" z="3.56688" y="2.3825"/>
<p x="-1.02" z="3.37875" y="2.415"/>
<p x="-1.19" z="3.23" y="2.3925"/>
<p x="-0.93875" z="3.0525" y="2.43625"/>
<p x="-1.19" z="3.23" y="2.3925"/>
<p x="-1.02" z="3.37875" y="2.415"/>
<p x="-1.60382" z="3.1398" y="2.19549"/>
<p x="-1.40625" z="3.36125" y="2.32625"/>
<p x="-1.36375" z="3.03875" y="2.325"/>
<p x="-1.23563" z="3.56688" y="2.3825"/>
<p x="-1.19" z="3.23" y="2.3925"/>
<p x="-1.40625" z="3.36125" y="2.32625"/>
<p x="-1.11375" z="2.89375" y="2.4125"/>
<p x="-1.36375" z="3.03875" y="2.325"/>
<p x="-1.19" z="3.23" y="2.3925"/>
<p x="-1.40625" z="3.36125" y="2.32625"/>
<p x="-1.19" z="3.23" y="2.3925"/>
<p x="-1.36375" z="3.03875" y="2.325"/>
<p x="-1.44437" z="2.66125" y="2.21625"/>
<p x="-1.525" z="2.87" y="2.19625"/>
<p x="-1.28625" z="2.7725" y="2.34375"/>
<p x="-1.60382" z="3.1398" y="2.19549"/>
<p x="-1.36375" z="3.03875" y="2.325"/>
<p x="-1.525" z="2.87" y="2.19625"/>
<p x="-1.11375" z="2.89375" y="2.4125"/>
<p x="-1.28625" z="2.7725" y="2.34375"/>
<p x="-1.36375" z="3.03875" y="2.325"/>
<p x="-1.525" z="2.87" y="2.19625"/>
<p x="-1.36375" z="3.03875" y="2.325"/>
<p x="-1.28625" z="2.7725" y="2.34375"/>
<p x="-1.84" z="2.72" y="1.74"/>
<p x="-1.73875" z="2.89625" y="1.995"/>
<p x="-1.6625" z="2.7" y="1.98875"/>
<p x="-1.60382" z="3.1398" y="2.19549"/>
<p x="-1.525" z="2.87" y="2.19625"/>
<p x="-1.73875" z="2.89625" y="1.995"/>
<p x="-1.44437" z="2.66125" y="2.21625"/>
<p x="-1.6625" z="2.7" y="1.98875"/>
<p x="-1.525" z="2.87" y="2.19625"/>
<p x="-1.73875" z="2.89625" y="1.995"/>
<p x="-1.525" z="2.87" y="2.19625"/>
<p x="-1.6625" z="2.7" y="1.98875"/>
<p x="-1.44437" z="2.66125" y="2.21625"/>
<p x="-1.5775" z="2.54" y="2.00875"/>
<p x="-1.6625" z="2.7" y="1.98875"/>
<p x="-1.6395" z="2.37303" y="1.7397"/>
<p x="-1.74375" z="2.55125" y="1.71125"/>
<p x="-1.5775" z="2.54" y="2.00875"/>
<p x="-1.84" z="2.72" y="1.74"/>
<p x="-1.6625" z="2.7" y="1.98875"/>
<p x="-1.74375" z="2.55125" y="1.71125"/>
<p x="-1.5775" z="2.54" y="2.00875"/>
<p x="-1.74375" z="2.55125" y="1.71125"/>
<p x="-1.6625" z="2.7" y="1.98875"/>
<p x="-1.6395" z="2.37303" y="1.7397"/>
<p x="-1.5775" z="2.54" y="2.00875"/>
<p x="-1.48125" z="2.3625" y="2.07875"/>
<p x="-1.44437" z="2.66125" y="2.21625"/>
<p x="-1.37375" z="2.4625" y="2.25125"/>
<p x="-1.5775" z="2.54" y="2.00875"/>
<p x="-1.295" z="2.24187" y="2.2975"/>
<p x="-1.48125" z="2.3625" y="2.07875"/>
<p x="-1.37375" z="2.4625" y="2.25125"/>
<p x="-1.5775" z="2.54" y="2.00875"/>
<p x="-1.37375" z="2.4625" y="2.25125"/>
<p x="-1.48125" z="2.3625" y="2.07875"/>
<p x="-1.295" z="2.24187" y="2.2975"/>
<p x="-1.37375" z="2.4625" y="2.25125"/>
<p x="-1.15625" z="2.3175" y="2.40375"/>
<p x="-1.44437" z="2.66125" y="2.21625"/>
<p x="-1.21875" z="2.5475" y="2.37375"/>
<p x="-1.37375" z="2.4625" y="2.25125"/>
<p x="-1.02616" z="2.4185" y="2.45384"/>
<p x="-1.15625" z="2.3175" y="2.40375"/>
<p x="-1.21875" z="2.5475" y="2.37375"/>
<p x="-1.37375" z="2.4625" y="2.25125"/>
<p x="-1.21875" z="2.5475" y="2.37375"/>
<p x="-1.15625" z="2.3175" y="2.40375"/>
<p x="-1.11375" z="2.89375" y="2.4125"/>
<p x="-1.0475" z="2.63" y="2.44"/>
<p x="-1.28625" z="2.7725" y="2.34375"/>
<p x="-1.02616" z="2.4185" y="2.45384"/>
<p x="-1.21875" z="2.5475" y="2.37375"/>
<p x="-1.0475" z="2.63" y="2.44"/>
<p x="-1.44437" z="2.66125" y="2.21625"/>
<p x="-1.28625" z="2.7725" y="2.34375"/>
<p x="-1.21875" z="2.5475" y="2.37375"/>
<p x="-1.0475" z="2.63" y="2.44"/>
<p x="-1.21875" z="2.5475" y="2.37375"/>
<p x="-1.28625" z="2.7725" y="2.34375"/>
<p x="-1.11375" z="2.89375" y="2.4125"/>
<p x="-0.87125" z="2.73375" y="2.4675"/>
<p x="-1.0475" z="2.63" y="2.44"/>
<p x="-0.653532" z="2.51323" y="2.49529"/>
<p x="-0.855" z="2.44625" y="2.49"/>
<p x="-0.87125" z="2.73375" y="2.4675"/>
<p x="-1.02616" z="2.4185" y="2.45384"/>
<p x="-1.0475" z="2.63" y="2.44"/>
<p x="-0.855" z="2.44625" y="2.49"/>
<p x="-0.87125" z="2.73375" y="2.4675"/>
<p x="-0.855" z="2.44625" y="2.49"/>
<p x="-1.0475" z="2.63" y="2.44"/>
<p x="-1.11375" z="2.89375" y="2.4125"/>
<p x="-0.93875" z="3.0525" y="2.43625"/>
<p x="-0.87125" z="2.73375" y="2.4675"/>
<p x="-0.749215" z="3.21098" y="2.42461"/>
<p x="-0.69625" z="2.86375" y="2.4625"/>
<p x="-0.93875" z="3.0525" y="2.43625"/>
<p x="-0.653532" z="2.51323" y="2.49529"/>
<p x="-0.87125" z="2.73375" y="2.4675"/>
<p x="-0.69625" z="2.86375" y="2.4625"/>
<p x="-0.93875" z="3.0525" y="2.43625"/>
<p x="-0.69625" z="2.86375" y="2.4625"/>
<p x="-0.87125" z="2.73375" y="2.4675"/>
<p x="-0.311081" z="2.75951" y="2.4549"/>
<p x="-0.4725" z="2.65125" y="2.47625"/>
<p x="-0.52125" z="2.9725" y="2.4425"/>
<p x="-0.653532" z="2.51323" y="2.49529"/>
<p x="-0.69625" z="2.86375" y="2.4625"/>
<p x="-0.4725" z="2.65125" y="2.47625"/>
<p x="-0.749215" z="3.21098" y="2.42461"/>
<p x="-0.52125" z="2.9725" y="2.4425"/>
<p x="-0.69625" z="2.86375" y="2.4625"/>
<p x="-0.4725" z="2.65125" y="2.47625"/>
<p x="-0.69625" z="2.86375" y="2.4625"/>
<p x="-0.52125" z="2.9725" y="2.4425"/>
<p x="-0.749215" z="3.21098" y="2.42461"/>
<p x="-0.52375" z="3.25875" y="2.40375"/>
<p x="-0.52125" z="2.9725" y="2.4425"/>
<p x="-0.404531" z="3.28852" y="2.39727"/>
<p x="-0.3725" z="3.0975" y="2.42125"/>
<p x="-0.52375" z="3.25875" y="2.40375"/>
<p x="-0.311081" z="2.75951" y="2.4549"/>
<p x="-0.52125" z="2.9725" y="2.4425"/>
<p x="-0.3725" z="3.0975" y="2.42125"/>
<p x="-0.52375" z="3.25875" y="2.40375"/>
<p x="-0.3725" z="3.0975" y="2.42125"/>
<p x="-0.52125" z="2.9725" y="2.4425"/>
<p x="-0.404531" z="3.28852" y="2.39727"/>
<p x="-0.52375" z="3.25875" y="2.40375"/>
<p x="-0.4325" z="3.4575" y="2.3725"/>
<p x="-0.749215" z="3.21098" y="2.42461"/>
<p x="-0.6225" z="3.46875" y="2.38"/>
<p x="-0.52375" z="3.25875" y="2.40375"/>
<p x="-0.464217" z="3.71363" y="2.32294"/>
<p x="-0.4325" z="3.4575" y="2.3725"/>
<p x="-0.6225" z="3.46875" y="2.38"/>
<p x="-0.52375" z="3.25875" y="2.40375"/>
<p x="-0.6225" z="3.46875" y="2.38"/>
<p x="-0.4325" z="3.4575" y="2.3725"/>
<p x="-0.464217" z="3.71363" y="2.32294"/>
<p x="-0.6225" z="3.46875" y="2.38"/>
<p x="-0.6875" z="3.69875" y="2.345"/>
<p x="-0.749215" z="3.21098" y="2.42461"/>
<p x="-0.86" z="3.4875" y="2.40125"/>
<p x="-0.6225" z="3.46875" y="2.38"/>
<p x="-0.919375" z="3.72812" y="2.37062"/>
<p x="-0.6875" z="3.69875" y="2.345"/>
<p x="-0.86" z="3.4875" y="2.40125"/>
<p x="-0.6225" z="3.46875" y="2.38"/>
<p x="-0.86" z="3.4875" y="2.40125"/>
<p x="-0.6875" z="3.69875" y="2.345"/>
<p x="-0.933672" z="4.21" y="2.26094"/>
<p x="-0.795" z="4.23625" y="2.22625"/>
<p x="-0.93125" z="4.00375" y="2.32"/>
<p x="-0.575625" z="4.28313" y="2.17562"/>
<p x="-0.72875" z="3.96875" y="2.29"/>
<p x="-0.795" z="4.23625" y="2.22625"/>
<p x="-0.919375" z="3.72812" y="2.37062"/>
<p x="-0.93125" z="4.00375" y="2.32"/>
<p x="-0.72875" z="3.96875" y="2.29"/>
<p x="-0.795" z="4.23625" y="2.22625"/>
<p x="-0.72875" z="3.96875" y="2.29"/>
<p x="-0.93125" z="4.00375" y="2.32"/>
<p x="-0.919375" z="3.72812" y="2.37062"/>
<p x="-0.72875" z="3.96875" y="2.29"/>
<p x="-0.6875" z="3.69875" y="2.345"/>
<p x="-0.575625" z="4.28313" y="2.17562"/>
<p x="-0.5275" z="4.00375" y="2.25375"/>
<p x="-0.72875" z="3.96875" y="2.29"/>
<p x="-0.464217" z="3.71363" y="2.32294"/>
<p x="-0.6875" z="3.69875" y="2.345"/>
<p x="-0.5275" z="4.00375" y="2.25375"/>
<p x="-0.72875" z="3.96875" y="2.29"/>
<p x="-0.5275" z="4.00375" y="2.25375"/>
<p x="-0.6875" z="3.69875" y="2.345"/>
<p x="-0.925" z="4.65813" y="2.05187"/>
<p x="-0.72125" z="4.5225" y="2.1"/>
<p x="-0.93125" z="4.40875" y="2.18125"/>
<p x="-0.575625" z="4.28313" y="2.17562"/>
<p x="-0.795" z="4.23625" y="2.22625"/>
<p x="-0.72125" z="4.5225" y="2.1"/>
<p x="-0.933672" z="4.21" y="2.26094"/>
<p x="-0.93125" z="4.40875" y="2.18125"/>
<p x="-0.795" z="4.23625" y="2.22625"/>
<p x="-0.72125" z="4.5225" y="2.1"/>
<p x="-0.795" z="4.23625" y="2.22625"/>
<p x="-0.93125" z="4.40875" y="2.18125"/>
<p x="-0.388529" z="4.86686" y="1.91833"/>
<p x="-0.505" z="4.585" y="2.05375"/>
<p x="-0.67125" z="4.785" y="1.97125"/>
<p x="-0.575625" z="4.28313" y="2.17562"/>
<p x="-0.72125" z="4.5225" y="2.1"/>
<p x="-0.505" z="4.585" y="2.05375"/>
<p x="-0.925" z="4.65813" y="2.05187"/>
<p x="-0.67125" z="4.785" y="1.97125"/>
<p x="-0.72125" z="4.5225" y="2.1"/>
<p x="-0.505" z="4.585" y="2.05375"/>
<p x="-0.72125" z="4.5225" y="2.1"/>
<p x="-0.67125" z="4.785" y="1.97125"/>
<p x="-0.36625" z="4.31125" y="2.16312"/>
<p x="-0.43875" z="4.315" y="2.1525"/>
<p x="-0.37375" z="4.58625" y="2.0575"/>
<p x="-0.575625" z="4.28313" y="2.17562"/>
<p x="-0.505" z="4.585" y="2.05375"/>
<p x="-0.43875" z="4.315" y="2.1525"/>
<p x="-0.388529" z="4.86686" y="1.91833"/>
<p x="-0.37375" z="4.58625" y="2.0575"/>
<p x="-0.505" z="4.585" y="2.05375"/>
<p x="-0.43875" z="4.315" y="2.1525"/>
<p x="-0.505" z="4.585" y="2.05375"/>
<p x="-0.37375" z="4.58625" y="2.0575"/>
<p x="-0.464217" z="3.71363" y="2.32294"/>
<p x="-0.5275" z="4.00375" y="2.25375"/>
<p x="-0.4075" z="4.02875" y="2.2425"/>
<p x="-0.575625" z="4.28313" y="2.17562"/>
<p x="-0.43875" z="4.315" y="2.1525"/>
<p x="-0.5275" z="4.00375" y="2.25375"/>
<p x="-0.36625" z="4.31125" y="2.16312"/>
<p x="-0.4075" z="4.02875" y="2.2425"/>
<p x="-0.43875" z="4.315" y="2.1525"/>
<p x="-0.5275" z="4.00375" y="2.25375"/>
<p x="-0.43875" z="4.315" y="2.1525"/>
<p x="-0.4075" z="4.02875" y="2.2425"/>
<p x="-0.36625" z="4.31125" y="2.16312"/>
<p x="-0.30125" z="4.2925" y="2.18625"/>
<p x="-0.33125" z="4.04375" y="2.24875"/>
<p x="-0.233984" z="4.28789" y="2.21211"/>
<p x="-0.24125" z="4.11125" y="2.26"/>
<p x="-0.30125" z="4.2925" y="2.18625"/>
<p x="-0.214897" z="3.8251" y="2.33196"/>
<p x="-0.33125" z="4.04375" y="2.24875"/>
<p x="-0.24125" z="4.11125" y="2.26"/>
<p x="-0.30125" z="4.2925" y="2.18625"/>
<p x="-0.24125" z="4.11125" y="2.26"/>
<p x="-0.33125" z="4.04375" y="2.24875"/>
<p x="-0.214897" z="3.8251" y="2.33196"/>
<p x="-0.33625" z="3.77" y="2.31625"/>
<p x="-0.33125" z="4.04375" y="2.24875"/>
<p x="-0.464217" z="3.71363" y="2.32294"/>
<p x="-0.4075" z="4.02875" y="2.2425"/>
<p x="-0.33625" z="3.77" y="2.31625"/>
<p x="-0.36625" z="4.31125" y="2.16312"/>
<p x="-0.33125" z="4.04375" y="2.24875"/>
<p x="-0.4075" z="4.02875" y="2.2425"/>
<p x="-0.33625" z="3.77" y="2.31625"/>
<p x="-0.4075" z="4.02875" y="2.2425"/>
<p x="-0.33125" z="4.04375" y="2.24875"/>
<p x="-0.464217" z="3.71363" y="2.32294"/>
<p x="-0.33625" z="3.77" y="2.31625"/>
<p x="-0.3175" z="3.53125" y="2.3675"/>
<p x="-0.214897" z="3.8251" y="2.33196"/>
<p x="-0.19375" z="3.56125" y="2.3825"/>
<p x="-0.33625" z="3.77" y="2.31625"/>
<p x="-0.175588" z="3.29666" y="2.42147"/>
<p x="-0.3175" z="3.53125" y="2.3675"/>
<p x="-0.19375" z="3.56125" y="2.3825"/>
<p x="-0.33625" z="3.77" y="2.31625"/>
<p x="-0.19375" z="3.56125" y="2.3825"/>
<p x="-0.3175" z="3.53125" y="2.3675"/>
<p x="-0.464217" z="3.71363" y="2.32294"/>
<p x="-0.3175" z="3.53125" y="2.3675"/>
<p x="-0.4325" z="3.4575" y="2.3725"/>
<p x="-0.175588" z="3.29666" y="2.42147"/>
<p x="-0.30625" z="3.30375" y="2.4"/>
<p x="-0.3175" z="3.53125" y="2.3675"/>
<p x="-0.404531" z="3.28852" y="2.39727"/>
<p x="-0.4325" z="3.4575" y="2.3725"/>
<p x="-0.30625" z="3.30375" y="2.4"/>
<p x="-0.3175" z="3.53125" y="2.3675"/>
<p x="-0.30625" z="3.30375" y="2.4"/>
<p x="-0.4325" z="3.4575" y="2.3725"/>
<p x="-0.404531" z="3.28852" y="2.39727"/>
<p x="-0.30625" z="3.30375" y="2.4"/>
<p x="-0.3725" z="3.0975" y="2.42125"/>
<p x="-0.175588" z="3.29666" y="2.42147"/>
<p x="-0.24125" z="3.0475" y="2.43375"/>
<p x="-0.30625" z="3.30375" y="2.4"/>
<p x="-0.311081" z="2.75951" y="2.4549"/>
<p x="-0.3725" z="3.0975" y="2.42125"/>
<p x="-0.24125" z="3.0475" y="2.43375"/>
<p x="-0.30625" z="3.30375" y="2.4"/>
<p x="-0.24125" z="3.0475" y="2.43375"/>
<p x="-0.3725" z="3.0975" y="2.42125"/>
<p x="-0.121523" z="2.76457" y="2.47484"/>
<p x="-0.19375" z="2.7525" y="2.46375"/>
<p x="-0.13625" z="2.9925" y="2.455"/>
<p x="-0.311081" z="2.75951" y="2.4549"/>
<p x="-0.24125" z="3.0475" y="2.43375"/>
<p x="-0.19375" z="2.7525" y="2.46375"/>
<p x="-0.175588" z="3.29666" y="2.42147"/>
<p x="-0.13625" z="2.9925" y="2.455"/>
<p x="-0.24125" z="3.0475" y="2.43375"/>
<p x="-0.19375" z="2.7525" y="2.46375"/>
<p x="-0.24125" z="3.0475" y="2.43375"/>
<p x="-0.13625" z="2.9925" y="2.455"/>
<p x="-0.121523" z="2.76457" y="2.47484"/>
<p x="-0.13625" z="2.9925" y="2.455"/>
<p x="-0.03625" z="2.775" y="2.49"/>
<p x="-0.175588" z="3.29666" y="2.42147"/>
<p x="-0.0075" z="3.085" y="2.4725"/>
<p x="-0.13625" z="2.9925" y="2.455"/>
<p x="0.106875" z="2.78562" y="2.50938"/>
<p x="-0.03625" z="2.775" y="2.49"/>
<p x="-0.0075" z="3.085" y="2.4725"/>
<p x="-0.13625" z="2.9925" y="2.455"/>
<p x="-0.0075" z="3.085" y="2.4725"/>
<p x="-0.03625" z="2.775" y="2.49"/>
<p x="0.106875" z="2.78562" y="2.50938"/>
<p x="-0.0075" z="3.085" y="2.4725"/>
<p x="0.165" z="3.105" y="2.49"/>
<p x="-0.175588" z="3.29666" y="2.42147"/>
<p x="-0.00125" z="3.36375" y="2.4475"/>
<p x="-0.0075" z="3.085" y="2.4725"/>
<p x="0.214791" z="3.45162" y="2.47037"/>
<p x="0.165" z="3.105" y="2.49"/>
<p x="-0.00125" z="3.36375" y="2.4475"/>
<p x="-0.0075" z="3.085" y="2.4725"/>
<p x="-0.00125" z="3.36375" y="2.4475"/>
<p x="0.165" z="3.105" y="2.49"/>
<p x="-0.175588" z="3.29666" y="2.42147"/>
<p x="-0.19375" z="3.56125" y="2.3825"/>
<p x="-0.00125" z="3.36375" y="2.4475"/>
<p x="-0.214897" z="3.8251" y="2.33196"/>
<p x="-0.025" z="3.61625" y="2.41375"/>
<p x="-0.19375" z="3.56125" y="2.3825"/>
<p x="0.214791" z="3.45162" y="2.47037"/>
<p x="-0.00125" z="3.36375" y="2.4475"/>
<p x="-0.025" z="3.61625" y="2.41375"/>
<p x="-0.19375" z="3.56125" y="2.3825"/>
<p x="-0.025" z="3.61625" y="2.41375"/>
<p x="-0.00125" z="3.36375" y="2.4475"/>
<p x="0.102523" z="3.94841" y="2.41234"/>
<p x="0.115" z="3.735" y="2.44"/>
<p x="-0.02375" z="3.865" y="2.3875"/>
<p x="0.214791" z="3.45162" y="2.47037"/>
<p x="-0.025" z="3.61625" y="2.41375"/>
<p x="0.115" z="3.735" y="2.44"/>
<p x="-0.214897" z="3.8251" y="2.33196"/>
<p x="-0.02375" z="3.865" y="2.3875"/>
<p x="-0.025" z="3.61625" y="2.41375"/>
<p x="0.115" z="3.735" y="2.44"/>
<p x="-0.025" z="3.61625" y="2.41375"/>
<p x="-0.02375" z="3.865" y="2.3875"/>
<p x="0.0498998" z="4.31902" y="2.30353"/>
<p x="0.06625" z="4.1075" y="2.37125"/>
<p x="-0.09375" z="4.0675" y="2.32625"/>
<p x="0.102523" z="3.94841" y="2.41234"/>
<p x="-0.02375" z="3.865" y="2.3875"/>
<p x="0.06625" z="4.1075" y="2.37125"/>
<p x="-0.214897" z="3.8251" y="2.33196"/>
<p x="-0.09375" z="4.0675" y="2.32625"/>
<p x="-0.02375" z="3.865" y="2.3875"/>
<p x="0.06625" z="4.1075" y="2.37125"/>
<p x="-0.02375" z="3.865" y="2.3875"/>
<p x="-0.09375" z="4.0675" y="2.32625"/>
<p x="-0.214897" z="3.8251" y="2.33196"/>
<p x="-0.24125" z="4.11125" y="2.26"/>
<p x="-0.09375" z="4.0675" y="2.32625"/>
<p x="-0.233984" z="4.28789" y="2.21211"/>
<p x="-0.1325" z="4.28875" y="2.25"/>
<p x="-0.24125" z="4.11125" y="2.26"/>
<p x="0.0498998" z="4.31902" y="2.30353"/>
<p x="-0.09375" z="4.0675" y="2.32625"/>
<p x="-0.1325" z="4.28875" y="2.25"/>
<p x="-0.24125" z="4.11125" y="2.26"/>
<p x="-0.1325" z="4.28875" y="2.25"/>
<p x="-0.09375" z="4.0675" y="2.32625"/>
<p x="-0.156875" z="4.6425" y="2.08438"/>
<p x="-0.06625" z="4.4875" y="2.2"/>
<p x="-0.2075" z="4.445" y="2.16625"/>
<p x="0.0498998" z="4.31902" y="2.30353"/>
<p x="-0.1325" z="4.28875" y="2.25"/>
<p x="-0.06625" z="4.4875" y="2.2"/>
<p x="-0.233984" z="4.28789" y="2.21211"/>
<p x="-0.2075" z="4.445" y="2.16625"/>
<p x="-0.1325" z="4.28875" y="2.25"/>
<p x="-0.06625" z="4.4875" y="2.2"/>
<p x="-0.1325" z="4.28875" y="2.25"/>
<p x="-0.2075" z="4.445" y="2.16625"/>
<p x="-0.156875" z="4.6425" y="2.08438"/>
<p x="-0.2075" z="4.445" y="2.16625"/>
<p x="-0.29" z="4.52625" y="2.10375"/>
<p x="-0.233984" z="4.28789" y="2.21211"/>
<p x="-0.30125" z="4.2925" y="2.18625"/>
<p x="-0.2075" z="4.445" y="2.16625"/>
<p x="-0.36625" z="4.31125" y="2.16312"/>
<p x="-0.29" z="4.52625" y="2.10375"/>
<p x="-0.30125" z="4.2925" y="2.18625"/>
<p x="-0.2075" z="4.445" y="2.16625"/>
<p x="-0.30125" z="4.2925" y="2.18625"/>
<p x="-0.29" z="4.52625" y="2.10375"/>
<p x="-0.156875" z="4.6425" y="2.08438"/>
<p x="-0.29" z="4.52625" y="2.10375"/>
<p x="-0.2425" z="4.77" y="1.98875"/>
<p x="-0.36625" z="4.31125" y="2.16312"/>
<p x="-0.37375" z="4.58625" y="2.0575"/>
<p x="-0.29" z="4.52625" y="2.10375"/>
<p x="-0.388529" z="4.86686" y="1.91833"/>
<p x="-0.2425" z="4.77" y="1.98875"/>
<p x="-0.37375" z="4.58625" y="2.0575"/>
<p x="-0.29" z="4.52625" y="2.10375"/>
<p x="-0.37375" z="4.58625" y="2.0575"/>
<p x="-0.2425" z="4.77" y="1.98875"/>
<p x="0.106875" z="2.78562" y="2.50938"/>
<p x="0.165" z="3.105" y="2.49"/>
<p x="0.265" z="2.76625" y="2.50375"/>
<p x="0.214791" z="3.45162" y="2.47037"/>
<p x="0.33625" z="3.085" y="2.48375"/>
<p x="0.165" z="3.105" y="2.49"/>
<p x="0.466027" z="2.71718" y="2.46519"/>
<p x="0.265" z="2.76625" y="2.50375"/>
<p x="0.33625" z="3.085" y="2.48375"/>
<p x="0.165" z="3.105" y="2.49"/>
<p x="0.33625" z="3.085" y="2.48375"/>
<p x="0.265" z="2.76625" y="2.50375"/>
<p x="0.556055" z="3.34031" y="2.44457"/>
<p x="0.5225" z="3.11625" y="2.4575"/>
<p x="0.4225" z="3.375" y="2.46375"/>
<p x="0.466027" z="2.71718" y="2.46519"/>
<p x="0.33625" z="3.085" y="2.48375"/>
<p x="0.5225" z="3.11625" y="2.4575"/>
<p x="0.214791" z="3.45162" y="2.47037"/>
<p x="0.4225" z="3.375" y="2.46375"/>
<p x="0.33625" z="3.085" y="2.48375"/>
<p x="0.5225" z="3.11625" y="2.4575"/>
<p x="0.33625" z="3.085" y="2.48375"/>
<p x="0.4225" z="3.375" y="2.46375"/>
<p x="0.556055" z="3.34031" y="2.44457"/>
<p x="0.7" z="3.30375" y="2.41125"/>
<p x="0.5225" z="3.11625" y="2.4575"/>
<p x="0.941168" z="3.24279" y="2.30753"/>
<p x="0.7" z="2.99" y="2.40625"/>
<p x="0.7" z="3.30375" y="2.41125"/>
<p x="0.466027" z="2.71718" y="2.46519"/>
<p x="0.5225" z="3.11625" y="2.4575"/>
<p x="0.7" z="2.99" y="2.40625"/>
<p x="0.7" z="3.30375" y="2.41125"/>
<p x="0.7" z="2.99" y="2.40625"/>
<p x="0.5225" z="3.11625" y="2.4575"/>
<p x="0.466027" z="2.71718" y="2.46519"/>
<p x="0.7" z="2.99" y="2.40625"/>
<p x="0.69125" z="2.67625" y="2.39"/>
<p x="0.941168" z="3.24279" y="2.30753"/>
<p x="0.8675" z="2.86375" y="2.31"/>
<p x="0.7" z="2.99" y="2.40625"/>
<p x="0.824844" z="2.63969" y="2.31273"/>
<p x="0.69125" z="2.67625" y="2.39"/>
<p x="0.8675" z="2.86375" y="2.31"/>
<p x="0.7" z="2.99" y="2.40625"/>
<p x="0.8675" z="2.86375" y="2.31"/>
<p x="0.69125" z="2.67625" y="2.39"/>
<p x="0.824844" z="2.63969" y="2.31273"/>
<p x="0.8675" z="2.86375" y="2.31"/>
<p x="0.95375" z="2.605" y="2.21375"/>
<p x="0.941168" z="3.24279" y="2.30753"/>
<p x="1.0475" z="2.905" y="2.17375"/>
<p x="0.8675" z="2.86375" y="2.31"/>
<p x="1.14679" z="2.55963" y="1.95432"/>
<p x="0.95375" z="2.605" y="2.21375"/>
<p x="1.0475" z="2.905" y="2.17375"/>
<p x="0.8675" z="2.86375" y="2.31"/>
<p x="1.0475" z="2.905" y="2.17375"/>
<p x="0.95375" z="2.605" y="2.21375"/>
<p x="1.14679" z="2.55963" y="1.95432"/>
<p x="1.0475" z="2.905" y="2.17375"/>
<p x="1.18125" z="2.93375" y="1.9875"/>
<p x="0.941168" z="3.24279" y="2.30753"/>
<p x="1.12875" z="3.2075" y="2.12875"/>
<p x="1.0475" z="2.905" y="2.17375"/>
<p x="1.24375" z="3.21625" y="1.95"/>
<p x="1.18125" z="2.93375" y="1.9875"/>
<p x="1.12875" z="3.2075" y="2.12875"/>
<p x="1.0475" z="2.905" y="2.17375"/>
<p x="1.12875" z="3.2075" y="2.12875"/>
<p x="1.18125" z="2.93375" y="1.9875"/>
<p x="1.35" z="2.88" y="1.49"/>
<p x="1.2675" z="2.755" y="1.69875"/>
<p x="1.2875" z="3.01" y="1.76375"/>
<p x="1.14679" z="2.55963" y="1.95432"/>
<p x="1.18125" z="2.93375" y="1.9875"/>
<p x="1.2675" z="2.755" y="1.69875"/>
<p x="1.24375" z="3.21625" y="1.95"/>
<p x="1.2875" z="3.01" y="1.76375"/>
<p x="1.18125" z="2.93375" y="1.9875"/>
<p x="1.2675" z="2.755" y="1.69875"/>
<p x="1.18125" z="2.93375" y="1.9875"/>
<p x="1.2875" z="3.01" y="1.76375"/>
<p x="1.35" z="2.88" y="1.49"/>
<p x="1.3875" z="2.6675" y="1.24625"/>
<p x="1.2675" z="2.755" y="1.69875"/>
<p x="1.4075" z="2.58625" y="1.07875"/>
<p x="1.31" z="2.53" y="1.495"/>
<p x="1.3875" z="2.6675" y="1.24625"/>
<p x="1.14679" z="2.55963" y="1.95432"/>
<p x="1.2675" z="2.755" y="1.69875"/>
<p x="1.31" z="2.53" y="1.495"/>
<p x="1.3875" z="2.6675" y="1.24625"/>
<p x="1.31" z="2.53" y="1.495"/>
<p x="1.2675" z="2.755" y="1.69875"/>
<p x="0.102523" z="3.94841" y="2.41234"/>
<p x="0.1825" z="3.93" y="2.42875"/>
<p x="0.115" z="3.735" y="2.44"/>
<p x="0.261172" z="3.92852" y="2.42031"/>
<p x="0.255" z="3.755" y="2.44375"/>
<p x="0.1825" z="3.93" y="2.42875"/>
<p x="0.214791" z="3.45162" y="2.47037"/>
<p x="0.115" z="3.735" y="2.44"/>
<p x="0.255" z="3.755" y="2.44375"/>
<p x="0.1825" z="3.93" y="2.42875"/>
<p x="0.255" z="3.755" y="2.44375"/>
<p x="0.115" z="3.735" y="2.44"/>
<p x="0.630418" z="3.86795" y="2.34838"/>
<p x="0.41125" z="3.66625" y="2.43125"/>
<p x="0.3775" z="3.915" y="2.4025"/>
<p x="0.214791" z="3.45162" y="2.47037"/>
<p x="0.255" z="3.755" y="2.44375"/>
<p x="0.41125" z="3.66625" y="2.43125"/>
<p x="0.261172" z="3.92852" y="2.42031"/>
<p x="0.3775" z="3.915" y="2.4025"/>
<p x="0.255" z="3.755" y="2.44375"/>
<p x="0.41125" z="3.66625" y="2.43125"/>
<p x="0.255" z="3.755" y="2.44375"/>
<p x="0.3775" z="3.915" y="2.4025"/>
<p x="0.556055" z="3.34031" y="2.44457"/>
<p x="0.4225" z="3.375" y="2.46375"/>
<p x="0.58625" z="3.555" y="2.41625"/>
<p x="0.214791" z="3.45162" y="2.47037"/>
<p x="0.41125" z="3.66625" y="2.43125"/>
<p x="0.4225" z="3.375" y="2.46375"/>
<p x="0.630418" z="3.86795" y="2.34838"/>
<p x="0.58625" z="3.555" y="2.41625"/>
<p x="0.41125" z="3.66625" y="2.43125"/>
<p x="0.4225" z="3.375" y="2.46375"/>
<p x="0.41125" z="3.66625" y="2.43125"/>
<p x="0.58625" z="3.555" y="2.41625"/>
<p x="0.630418" z="3.86795" y="2.34838"/>
<p x="0.79625" z="3.5725" y="2.3475"/>
<p x="0.58625" z="3.555" y="2.41625"/>
<p x="0.941168" z="3.24279" y="2.30753"/>
<p x="0.7" z="3.30375" y="2.41125"/>
<p x="0.79625" z="3.5725" y="2.3475"/>
<p x="0.556055" z="3.34031" y="2.44457"/>
<p x="0.58625" z="3.555" y="2.41625"/>
<p x="0.7" z="3.30375" y="2.41125"/>
<p x="0.79625" z="3.5725" y="2.3475"/>
<p x="0.7" z="3.30375" y="2.41125"/>
<p x="0.58625" z="3.555" y="2.41625"/>
<p x="1.05094" z="3.75699" y="2.17516"/>
<p x="1.00625" z="3.58" y="2.23375"/>
<p x="0.90625" z="3.8025" y="2.2525"/>
<p x="0.941168" z="3.24279" y="2.30753"/>
<p x="0.79625" z="3.5725" y="2.3475"/>
<p x="1.00625" z="3.58" y="2.23375"/>
<p x="0.630418" z="3.86795" y="2.34838"/>
<p x="0.90625" z="3.8025" y="2.2525"/>
<p x="0.79625" z="3.5725" y="2.3475"/>
<p x="1.00625" z="3.58" y="2.23375"/>
<p x="0.79625" z="3.5725" y="2.3475"/>
<p x="0.90625" z="3.8025" y="2.2525"/>
<p x="1.27812" z="3.64125" y="1.94938"/>
<p x="1.14" z="3.465" y="2.12625"/>
<p x="1.165" z="3.70875" y="2.0875"/>
<p x="0.941168" z="3.24279" y="2.30753"/>
<p x="1.00625" z="3.58" y="2.23375"/>
<p x="1.14" z="3.465" y="2.12625"/>
<p x="1.05094" z="3.75699" y="2.17516"/>
<p x="1.165" z="3.70875" y="2.0875"/>
<p x="1.00625" z="3.58" y="2.23375"/>
<p x="1.14" z="3.465" y="2.12625"/>
<p x="1.00625" z="3.58" y="2.23375"/>
<p x="1.165" z="3.70875" y="2.0875"/>
<p x="1.24375" z="3.21625" y="1.95"/>
<p x="1.12875" z="3.2075" y="2.12875"/>
<p x="1.25" z="3.435" y="1.97875"/>
<p x="0.941168" z="3.24279" y="2.30753"/>
<p x="1.14" z="3.465" y="2.12625"/>
<p x="1.12875" z="3.2075" y="2.12875"/>
<p x="1.27812" z="3.64125" y="1.94938"/>
<p x="1.25" z="3.435" y="1.97875"/>
<p x="1.14" z="3.465" y="2.12625"/>
<p x="1.12875" z="3.2075" y="2.12875"/>
<p x="1.14" z="3.465" y="2.12625"/>
<p x="1.25" z="3.435" y="1.97875"/>
<p x="1.425" z="3.5425" y="1.65875"/>
<p x="1.33375" z="3.40375" y="1.8175"/>
<p x="1.36125" z="3.58375" y="1.81125"/>
<p x="1.24375" z="3.21625" y="1.95"/>
<p x="1.25" z="3.435" y="1.97875"/>
<p x="1.33375" z="3.40375" y="1.8175"/>
<p x="1.27812" z="3.64125" y="1.94938"/>
<p x="1.36125" z="3.58375" y="1.81125"/>
<p x="1.25" z="3.435" y="1.97875"/>
<p x="1.33375" z="3.40375" y="1.8175"/>
<p x="1.25" z="3.435" y="1.97875"/>
<p x="1.36125" z="3.58375" y="1.81125"/>
<p x="1.35" z="2.88" y="1.49"/>
<p x="1.2875" z="3.01" y="1.76375"/>
<p x="1.38" z="3.03" y="1.535"/>
<p x="1.24375" z="3.21625" y="1.95"/>
<p x="1.33625" z="3.2125" y="1.74375"/>
<p x="1.2875" z="3.01" y="1.76375"/>
<p x="1.40375" z="3.19" y="1.57875"/>
<p x="1.38" z="3.03" y="1.535"/>
<p x="1.33625" z="3.2125" y="1.74375"/>
<p x="1.2875" z="3.01" y="1.76375"/>
<p x="1.33625" z="3.2125" y="1.74375"/>
<p x="1.38" z="3.03" y="1.535"/>
<p x="1.40375" z="3.19" y="1.57875"/>
<p x="1.33625" z="3.2125" y="1.74375"/>
<p x="1.415" z="3.37" y="1.62"/>
<p x="1.24375" z="3.21625" y="1.95"/>
<p x="1.33375" z="3.40375" y="1.8175"/>
<p x="1.33625" z="3.2125" y="1.74375"/>
<p x="1.425" z="3.5425" y="1.65875"/>
<p x="1.415" z="3.37" y="1.62"/>
<p x="1.33375" z="3.40375" y="1.8175"/>
<p x="1.33625" z="3.2125" y="1.74375"/>
<p x="1.33375" z="3.40375" y="1.8175"/>
<p x="1.415" z="3.37" y="1.62"/>
<p x="1.425" z="3.5425" y="1.65875"/>
<p x="1.46125" z="3.6825" y="1.725"/>
<p x="1.57625" z="3.62625" y="1.69125"/>
<p x="1.44982" z="3.81093" y="1.77289"/>
<p x="1.555" z="3.77625" y="1.725"/>
<p x="1.46125" z="3.6825" y="1.725"/>
<p x="1.6875" z="3.735" y="1.7"/>
<p x="1.57625" z="3.62625" y="1.69125"/>
<p x="1.555" z="3.77625" y="1.725"/>
<p x="1.46125" z="3.6825" y="1.725"/>
<p x="1.555" z="3.77625" y="1.725"/>
<p x="1.57625" z="3.62625" y="1.69125"/>
<p x="1.27812" z="3.64125" y="1.94938"/>
<p x="1.36875" z="3.755" y="1.8325"/>
<p x="1.36125" z="3.58375" y="1.81125"/>
<p x="1.44982" z="3.81093" y="1.77289"/>
<p x="1.46125" z="3.6825" y="1.725"/>
<p x="1.36875" z="3.755" y="1.8325"/>
<p x="1.425" z="3.5425" y="1.65875"/>
<p x="1.36125" z="3.58375" y="1.81125"/>
<p x="1.46125" z="3.6825" y="1.725"/>
<p x="1.36875" z="3.755" y="1.8325"/>
<p x="1.46125" z="3.6825" y="1.725"/>
<p x="1.36125" z="3.58375" y="1.81125"/>
<p x="0.0498998" z="4.31902" y="2.30353"/>
<p x="0.18875" z="4.3" y="2.3375"/>
<p x="0.06625" z="4.1075" y="2.37125"/>
<p x="0.305625" z="4.24437" y="2.35062"/>
<p x="0.17875" z="4.125" y="2.39125"/>
<p x="0.18875" z="4.3" y="2.3375"/>
<p x="0.102523" z="3.94841" y="2.41234"/>
<p x="0.06625" z="4.1075" y="2.37125"/>
<p x="0.17875" z="4.125" y="2.39125"/>
<p x="0.18875" z="4.3" y="2.3375"/>
<p x="0.17875" z="4.125" y="2.39125"/>
<p x="0.06625" z="4.1075" y="2.37125"/>
<p x="0.261172" z="3.92852" y="2.42031"/>
<p x="0.1825" z="3.93" y="2.42875"/>
<p x="0.2775" z="4.0775" y="2.395"/>
<p x="0.102523" z="3.94841" y="2.41234"/>
<p x="0.17875" z="4.125" y="2.39125"/>
<p x="0.1825" z="3.93" y="2.42875"/>
<p x="0.305625" z="4.24437" y="2.35062"/>
<p x="0.2775" z="4.0775" y="2.395"/>
<p x="0.17875" z="4.125" y="2.39125"/>
<p x="0.1825" z="3.93" y="2.42875"/>
<p x="0.17875" z="4.125" y="2.39125"/>
<p x="0.2775" z="4.0775" y="2.395"/>
<p x="0.630418" z="3.86795" y="2.34838"/>
<p x="0.3775" z="3.915" y="2.4025"/>
<p x="0.455" z="4.09375" y="2.35625"/>
<p x="0.261172" z="3.92852" y="2.42031"/>
<p x="0.2775" z="4.0775" y="2.395"/>
<p x="0.3775" z="3.915" y="2.4025"/>
<p x="0.305625" z="4.24437" y="2.35062"/>
<p x="0.455" z="4.09375" y="2.35625"/>
<p x="0.2775" z="4.0775" y="2.395"/>
<p x="0.3775" z="3.915" y="2.4025"/>
<p x="0.2775" z="4.0775" y="2.395"/>
<p x="0.455" z="4.09375" y="2.35625"/>
<p x="0.305625" z="4.24437" y="2.35062"/>
<p x="0.4975" z="4.24625" y="2.3025"/>
<p x="0.455" z="4.09375" y="2.35625"/>
<p x="0.711591" z="4.24466" y="2.22384"/>
<p x="0.68625" z="4.0875" y="2.28375"/>
<p x="0.4975" z="4.24625" y="2.3025"/>
<p x="0.630418" z="3.86795" y="2.34838"/>
<p x="0.455" z="4.09375" y="2.35625"/>
<p x="0.68625" z="4.0875" y="2.28375"/>
<p x="0.4975" z="4.24625" y="2.3025"/>
<p x="0.68625" z="4.0875" y="2.28375"/>
<p x="0.455" z="4.09375" y="2.35625"/>
<p x="0.305625" z="4.24437" y="2.35062"/>
<p x="0.33875" z="4.40125" y="2.28375"/>
<p x="0.4975" z="4.24625" y="2.3025"/>
<p x="0.383532" z="4.60049" y="2.15637"/>
<p x="0.57125" z="4.4175" y="2.205"/>
<p x="0.33875" z="4.40125" y="2.28375"/>
<p x="0.711591" z="4.24466" y="2.22384"/>
<p x="0.4975" z="4.24625" y="2.3025"/>
<p x="0.57125" z="4.4175" y="2.205"/>
<p x="0.33875" z="4.40125" y="2.28375"/>
<p x="0.57125" z="4.4175" y="2.205"/>
<p x="0.4975" z="4.24625" y="2.3025"/>
<p x="0.305625" z="4.24437" y="2.35062"/>
<p x="0.18875" z="4.3" y="2.3375"/>
<p x="0.33875" z="4.40125" y="2.28375"/>
<p x="0.0498998" z="4.31902" y="2.30353"/>
<p x="0.2025" z="4.46125" y="2.265"/>
<p x="0.18875" z="4.3" y="2.3375"/>
<p x="0.383532" z="4.60049" y="2.15637"/>
<p x="0.33875" z="4.40125" y="2.28375"/>
<p x="0.2025" z="4.46125" y="2.265"/>
<p x="0.18875" z="4.3" y="2.3375"/>
<p x="0.2025" z="4.46125" y="2.265"/>
<p x="0.33875" z="4.40125" y="2.28375"/>
<p x="0.383532" z="4.60049" y="2.15637"/>
<p x="0.2025" z="4.46125" y="2.265"/>
<p x="0.1775" z="4.6375" y="2.1525"/>
<p x="0.0498998" z="4.31902" y="2.30353"/>
<p x="0.06875" z="4.515" y="2.2225"/>
<p x="0.2025" z="4.46125" y="2.265"/>
<p x="0.0717969" z="4.64937" y="2.13488"/>
<p x="0.1775" z="4.6375" y="2.1525"/>
<p x="0.06875" z="4.515" y="2.2225"/>
<p x="0.2025" z="4.46125" y="2.265"/>
<p x="0.06875" z="4.515" y="2.2225"/>
<p x="0.1775" z="4.6375" y="2.1525"/>
<p x="-0.156875" z="4.6425" y="2.08438"/>
<p x="-0.02125" z="4.66375" y="2.1075"/>
<p x="-0.06625" z="4.4875" y="2.2"/>
<p x="0.0717969" z="4.64937" y="2.13488"/>
<p x="0.06875" z="4.515" y="2.2225"/>
<p x="-0.02125" z="4.66375" y="2.1075"/>
<p x="0.0498998" z="4.31902" y="2.30353"/>
<p x="-0.06625" z="4.4875" y="2.2"/>
<p x="0.06875" z="4.515" y="2.2225"/>
<p x="-0.02125" z="4.66375" y="2.1075"/>
<p x="0.06875" z="4.515" y="2.2225"/>
<p x="-0.06625" z="4.4875" y="2.2"/>
<p x="-0.156875" z="4.6425" y="2.08438"/>
<p x="-0.2425" z="4.77" y="1.98875"/>
<p x="-0.06125" z="4.8525" y="1.9575"/>
<p x="-0.388529" z="4.86686" y="1.91833"/>
<p x="-0.12125" z="4.995" y="1.83625"/>
<p x="-0.2425" z="4.77" y="1.98875"/>
<p x="0.125883" z="5.0248" y="1.81481"/>
<p x="-0.06125" z="4.8525" y="1.9575"/>
<p x="-0.12125" z="4.995" y="1.83625"/>
<p x="-0.2425" z="4.77" y="1.98875"/>
<p x="-0.12125" z="4.995" y="1.83625"/>
<p x="-0.06125" z="4.8525" y="1.9575"/>
<p x="0.125883" z="5.0248" y="1.81481"/>
<p x="0.0875" z="4.80375" y="2.01625"/>
<p x="-0.06125" z="4.8525" y="1.9575"/>
<p x="0.0717969" z="4.64937" y="2.13488"/>
<p x="-0.02125" z="4.66375" y="2.1075"/>
<p x="0.0875" z="4.80375" y="2.01625"/>
<p x="-0.156875" z="4.6425" y="2.08438"/>
<p x="-0.06125" z="4.8525" y="1.9575"/>
<p x="-0.02125" z="4.66375" y="2.1075"/>
<p x="0.0875" z="4.80375" y="2.01625"/>
<p x="-0.02125" z="4.66375" y="2.1075"/>
<p x="-0.06125" z="4.8525" y="1.9575"/>
<p x="0.0717969" z="4.64937" y="2.13488"/>
<p x="0.0875" z="4.80375" y="2.01625"/>
<p x="0.1775" z="4.6375" y="2.1525"/>
<p x="0.125883" z="5.0248" y="1.81481"/>
<p x="0.275" z="4.83875" y="1.9775"/>
<p x="0.0875" z="4.80375" y="2.01625"/>
<p x="0.383532" z="4.60049" y="2.15637"/>
<p x="0.1775" z="4.6375" y="2.1525"/>
<p x="0.275" z="4.83875" y="1.9775"/>
<p x="0.0875" z="4.80375" y="2.01625"/>
<p x="0.275" z="4.83875" y="1.9775"/>
<p x="0.1775" z="4.6375" y="2.1525"/>
<p x="0.677204" z="4.96123" y="1.73439"/>
<p x="0.5475" z="4.82375" y="1.92625"/>
<p x="0.405" z="5.01125" y="1.77875"/>
<p x="0.383532" z="4.60049" y="2.15637"/>
<p x="0.275" z="4.83875" y="1.9775"/>
<p x="0.5475" z="4.82375" y="1.92625"/>
<p x="0.125883" z="5.0248" y="1.81481"/>
<p x="0.405" z="5.01125" y="1.77875"/>
<p x="0.275" z="4.83875" y="1.9775"/>
<p x="0.5475" z="4.82375" y="1.92625"/>
<p x="0.275" z="4.83875" y="1.9775"/>
<p x="0.405" z="5.01125" y="1.77875"/>
<p x="0.677204" z="4.96123" y="1.73439"/>
<p x="0.86" z="4.82" y="1.80375"/>
<p x="0.5475" z="4.82375" y="1.92625"/>
<p x="1.00562" z="4.63938" y="1.89312"/>
<p x="0.7075" z="4.62625" y="2.03375"/>
<p x="0.86" z="4.82" y="1.80375"/>
<p x="0.383532" z="4.60049" y="2.15637"/>
<p x="0.5475" z="4.82375" y="1.92625"/>
<p x="0.7075" z="4.62625" y="2.03375"/>
<p x="0.86" z="4.82" y="1.80375"/>
<p x="0.7075" z="4.62625" y="2.03375"/>
<p x="0.5475" z="4.82375" y="1.92625"/>
<p x="0.711591" z="4.24466" y="2.22384"/>
<p x="0.57125" z="4.4175" y="2.205"/>
<p x="0.8575" z="4.41375" y="2.09125"/>
<p x="0.383532" z="4.60049" y="2.15637"/>
<p x="0.7075" z="4.62625" y="2.03375"/>
<p x="0.57125" z="4.4175" y="2.205"/>
<p x="1.00562" z="4.63938" y="1.89312"/>
<p x="0.8575" z="4.41375" y="2.09125"/>
<p x="0.7075" z="4.62625" y="2.03375"/>
<p x="0.57125" z="4.4175" y="2.205"/>
<p x="0.7075" z="4.62625" y="2.03375"/>
<p x="0.8575" z="4.41375" y="2.09125"/>
<p x="0.630418" z="3.86795" y="2.34838"/>
<p x="0.68625" z="4.0875" y="2.28375"/>
<p x="0.90375" z="4.0075" y="2.20875"/>
<p x="0.711591" z="4.24466" y="2.22384"/>
<p x="0.925" z="4.19125" y="2.14875"/>
<p x="0.68625" z="4.0875" y="2.28375"/>
<p x="1.17317" z="4.11758" y="2.02756"/>
<p x="0.90375" z="4.0075" y="2.20875"/>
<p x="0.925" z="4.19125" y="2.14875"/>
<p x="0.68625" z="4.0875" y="2.28375"/>
<p x="0.925" z="4.19125" y="2.14875"/>
<p x="0.90375" z="4.0075" y="2.20875"/>
<p x="0.630418" z="3.86795" y="2.34838"/>
<p x="0.90375" z="4.0075" y="2.20875"/>
<p x="0.90625" z="3.8025" y="2.2525"/>
<p x="1.17317" z="4.11758" y="2.02756"/>
<p x="1.0925" z="3.91" y="2.12125"/>
<p x="0.90375" z="4.0075" y="2.20875"/>
<p x="1.05094" z="3.75699" y="2.17516"/>
<p x="0.90625" z="3.8025" y="2.2525"/>
<p x="1.0925" z="3.91" y="2.12125"/>
<p x="0.90375" z="4.0075" y="2.20875"/>
<p x="1.0925" z="3.91" y="2.12125"/>
<p x="0.90625" z="3.8025" y="2.2525"/>
<p x="1.05094" z="3.75699" y="2.17516"/>
<p x="1.0925" z="3.91" y="2.12125"/>
<p x="1.165" z="3.70875" y="2.0875"/>
<p x="1.17317" z="4.11758" y="2.02756"/>
<p x="1.25625" z="3.865" y="1.9775"/>
<p x="1.0925" z="3.91" y="2.12125"/>
<p x="1.27812" z="3.64125" y="1.94938"/>
<p x="1.165" z="3.70875" y="2.0875"/>
<p x="1.25625" z="3.865" y="1.9775"/>
<p x="1.0925" z="3.91" y="2.12125"/>
<p x="1.25625" z="3.865" y="1.9775"/>
<p x="1.165" z="3.70875" y="2.0875"/>
<p x="1.5025" z="4.09625" y="1.77375"/>
<p x="1.46875" z="3.93" y="1.80125"/>
<p x="1.35625" z="4.13125" y="1.87625"/>
<p x="1.44982" z="3.81093" y="1.77289"/>
<p x="1.34625" z="3.9375" y="1.885"/>
<p x="1.46875" z="3.93" y="1.80125"/>
<p x="1.17317" z="4.11758" y="2.02756"/>
<p x="1.35625" z="4.13125" y="1.87625"/>
<p x="1.34625" z="3.9375" y="1.885"/>
<p x="1.46875" z="3.93" y="1.80125"/>
<p x="1.34625" z="3.9375" y="1.885"/>
<p x="1.35625" z="4.13125" y="1.87625"/>
<p x="1.17317" z="4.11758" y="2.02756"/>
<p x="1.34625" z="3.9375" y="1.885"/>
<p x="1.25625" z="3.865" y="1.9775"/>
<p x="1.44982" z="3.81093" y="1.77289"/>
<p x="1.36875" z="3.755" y="1.8325"/>
<p x="1.34625" z="3.9375" y="1.885"/>
<p x="1.27812" z="3.64125" y="1.94938"/>
<p x="1.25625" z="3.865" y="1.9775"/>
<p x="1.36875" z="3.755" y="1.8325"/>
<p x="1.34625" z="3.9375" y="1.885"/>
<p x="1.36875" z="3.755" y="1.8325"/>
<p x="1.25625" z="3.865" y="1.9775"/>
<p x="1.6875" z="3.735" y="1.7"/>
<p x="1.555" z="3.77625" y="1.725"/>
<p x="1.60125" z="3.89875" y="1.74875"/>
<p x="1.44982" z="3.81093" y="1.77289"/>
<p x="1.46875" z="3.93" y="1.80125"/>
<p x="1.555" z="3.77625" y="1.725"/>
<p x="1.5025" z="4.09625" y="1.77375"/>
<p x="1.60125" z="3.89875" y="1.74875"/>
<p x="1.46875" z="3.93" y="1.80125"/>
<p x="1.555" z="3.77625" y="1.725"/>
<p x="1.46875" z="3.93" y="1.80125"/>
<p x="1.60125" z="3.89875" y="1.74875"/>
<p x="1.75184" z="4.01637" y="1.6373"/>
<p x="1.74125" z="3.87375" y="1.68625"/>
<p x="1.64875" z="4.06875" y="1.69125"/>
<p x="1.6875" z="3.735" y="1.7"/>
<p x="1.60125" z="3.89875" y="1.74875"/>
<p x="1.74125" z="3.87375" y="1.68625"/>
<p x="1.5025" z="4.09625" y="1.77375"/>
<p x="1.64875" z="4.06875" y="1.69125"/>
<p x="1.60125" z="3.89875" y="1.74875"/>
<p x="1.74125" z="3.87375" y="1.68625"/>
<p x="1.60125" z="3.89875" y="1.74875"/>
<p x="1.64875" z="4.06875" y="1.69125"/>
<p x="1.75184" z="4.01637" y="1.6373"/>
<p x="1.8475" z="3.92625" y="1.5825"/>
<p x="1.74125" z="3.87375" y="1.68625"/>
<p x="1.98636" z="3.73449" y="1.47431"/>
<p x="1.835" z="3.69875" y="1.635"/>
<p x="1.8475" z="3.92625" y="1.5825"/>
<p x="1.6875" z="3.735" y="1.7"/>
<p x="1.74125" z="3.87375" y="1.68625"/>
<p x="1.835" z="3.69875" y="1.635"/>
<p x="1.8475" z="3.92625" y="1.5825"/>
<p x="1.835" z="3.69875" y="1.635"/>
<p x="1.74125" z="3.87375" y="1.68625"/>
<p x="2.045" z="3.38875" y="1.46375"/>
<p x="1.905" z="3.37" y="1.585"/>
<p x="2.0275" z="3.51125" y="1.48"/>
<p x="1.7675" z="3.32375" y="1.6575"/>
<p x="1.88125" z="3.52375" y="1.60625"/>
<p x="1.905" z="3.37" y="1.585"/>
<p x="1.98636" z="3.73449" y="1.47431"/>
<p x="2.0275" z="3.51125" y="1.48"/>
<p x="1.88125" z="3.52375" y="1.60625"/>
<p x="1.905" z="3.37" y="1.585"/>
<p x="1.88125" z="3.52375" y="1.60625"/>
<p x="2.0275" z="3.51125" y="1.48"/>
<p x="1.6875" z="3.735" y="1.7"/>
<p x="1.835" z="3.69875" y="1.635"/>
<p x="1.72625" z="3.55625" y="1.67375"/>
<p x="1.98636" z="3.73449" y="1.47431"/>
<p x="1.88125" z="3.52375" y="1.60625"/>
<p x="1.835" z="3.69875" y="1.635"/>
<p x="1.7675" z="3.32375" y="1.6575"/>
<p x="1.72625" z="3.55625" y="1.67375"/>
<p x="1.88125" z="3.52375" y="1.60625"/>
<p x="1.835" z="3.69875" y="1.635"/>
<p x="1.88125" z="3.52375" y="1.60625"/>
<p x="1.72625" z="3.55625" y="1.67375"/>
<p x="1.7675" z="3.32375" y="1.6575"/>
<p x="1.57875" z="3.45125" y="1.6675"/>
<p x="1.72625" z="3.55625" y="1.67375"/>
<p x="1.425" z="3.5425" y="1.65875"/>
<p x="1.57625" z="3.62625" y="1.69125"/>
<p x="1.57875" z="3.45125" y="1.6675"/>
<p x="1.6875" z="3.735" y="1.7"/>
<p x="1.72625" z="3.55625" y="1.67375"/>
<p x="1.57625" z="3.62625" y="1.69125"/>
<p x="1.57875" z="3.45125" y="1.6675"/>
<p x="1.57625" z="3.62625" y="1.69125"/>
<p x="1.72625" z="3.55625" y="1.67375"/>
<p x="1.7675" z="3.32375" y="1.6575"/>
<p x="1.56" z="3.28375" y="1.63875"/>
<p x="1.57875" z="3.45125" y="1.6675"/>
<p x="1.40375" z="3.19" y="1.57875"/>
<p x="1.415" z="3.37" y="1.62"/>
<p x="1.56" z="3.28375" y="1.63875"/>
<p x="1.425" z="3.5425" y="1.65875"/>
<p x="1.57875" z="3.45125" y="1.6675"/>
<p x="1.415" z="3.37" y="1.62"/>
<p x="1.56" z="3.28375" y="1.63875"/>
<p x="1.415" z="3.37" y="1.62"/>
<p x="1.57875" z="3.45125" y="1.6675"/>
<p x="1.40375" z="3.19" y="1.57875"/>
<p x="1.56" z="3.28375" y="1.63875"/>
<p x="1.50875" z="3.15125" y="1.605"/>
<p x="1.7675" z="3.32375" y="1.6575"/>
<p x="1.665" z="3.245" y="1.665"/>
<p x="1.56" z="3.28375" y="1.63875"/>
<p x="1.5725" z="3.14" y="1.6275"/>
<p x="1.50875" z="3.15125" y="1.605"/>
<p x="1.665" z="3.245" y="1.665"/>
<p x="1.56" z="3.28375" y="1.63875"/>
<p x="1.665" z="3.245" y="1.665"/>
<p x="1.50875" z="3.15125" y="1.605"/>
<p x="1.5725" z="3.14" y="1.6275"/>
<p x="1.465" z="3.015" y="1.565"/>
<p x="1.50875" z="3.15125" y="1.605"/>
<p x="1.35" z="2.88" y="1.49"/>
<p x="1.38" z="3.03" y="1.535"/>
<p x="1.465" z="3.015" y="1.565"/>
<p x="1.40375" z="3.19" y="1.57875"/>
<p x="1.50875" z="3.15125" y="1.605"/>
<p x="1.38" z="3.03" y="1.535"/>
<p x="1.465" z="3.015" y="1.565"/>
<p x="1.38" z="3.03" y="1.535"/>
<p x="1.50875" z="3.15125" y="1.605"/>
<p x="1.5725" z="3.14" y="1.6275"/>
<p x="1.6175" z="3.05375" y="1.5075"/>
<p x="1.465" z="3.015" y="1.565"/>
<p x="1.72108" z="2.97687" y="1.33128"/>
<p x="1.5175" z="2.88625" y="1.39625"/>
<p x="1.6175" z="3.05375" y="1.5075"/>
<p x="1.35" z="2.88" y="1.49"/>
<p x="1.465" z="3.015" y="1.565"/>
<p x="1.5175" z="2.88625" y="1.39625"/>
<p x="1.6175" z="3.05375" y="1.5075"/>
<p x="1.5175" z="2.88625" y="1.39625"/>
<p x="1.465" z="3.015" y="1.565"/>
<p x="1.5725" z="3.14" y="1.6275"/>
<p x="1.665" z="3.245" y="1.665"/>
<p x="1.6175" z="3.05375" y="1.5075"/>
<p x="1.7675" z="3.32375" y="1.6575"/>
<p x="1.74875" z="3.16625" y="1.51875"/>
<p x="1.665" z="3.245" y="1.665"/>
<p x="1.72108" z="2.97687" y="1.33128"/>
<p x="1.6175" z="3.05375" y="1.5075"/>
<p x="1.74875" z="3.16625" y="1.51875"/>
<p x="1.665" z="3.245" y="1.665"/>
<p x="1.74875" z="3.16625" y="1.51875"/>
<p x="1.6175" z="3.05375" y="1.5075"/>
<p x="1.7675" z="3.32375" y="1.6575"/>
<p x="1.905" z="3.37" y="1.585"/>
<p x="1.74875" z="3.16625" y="1.51875"/>
<p x="2.045" z="3.38875" y="1.46375"/>
<p x="1.91" z="3.20875" y="1.40375"/>
<p x="1.905" z="3.37" y="1.585"/>
<p x="1.72108" z="2.97687" y="1.33128"/>
<p x="1.74875" z="3.16625" y="1.51875"/>
<p x="1.91" z="3.20875" y="1.40375"/>
<p x="1.905" z="3.37" y="1.585"/>
<p x="1.91" z="3.20875" y="1.40375"/>
<p x="1.74875" z="3.16625" y="1.51875"/>
<p x="2.045" z="3.38875" y="1.46375"/>
<p x="2.155" z="3.385" y="1.31"/>
<p x="1.91" z="3.20875" y="1.40375"/>
<p x="2.23375" z="3.37375" y="1.1525"/>
<p x="1.98" z="3.14875" y="1.22375"/>
<p x="2.155" z="3.385" y="1.31"/>
<p x="1.72108" z="2.97687" y="1.33128"/>
<p x="1.91" z="3.20875" y="1.40375"/>
<p x="1.98" z="3.14875" y="1.22375"/>
<p x="2.155" z="3.385" y="1.31"/>
<p x="1.98" z="3.14875" y="1.22375"/>
<p x="1.91" z="3.20875" y="1.40375"/>
<p x="1.98636" z="3.73449" y="1.47431"/>
<p x="2.13375" z="3.60375" y="1.30125"/>
<p x="2.0275" z="3.51125" y="1.48"/>
<p x="2.22875" z="3.53625" y="1.12313"/>
<p x="2.1525" z="3.4725" y="1.30875"/>
<p x="2.13375" z="3.60375" y="1.30125"/>
<p x="2.045" z="3.38875" y="1.46375"/>
<p x="2.0275" z="3.51125" y="1.48"/>
<p x="2.1525" z="3.4725" y="1.30875"/>
<p x="2.13375" z="3.60375" y="1.30125"/>
<p x="2.1525" z="3.4725" y="1.30875"/>
<p x="2.0275" z="3.51125" y="1.48"/>
<p x="2.045" z="3.38875" y="1.46375"/>
<p x="2.1525" z="3.4725" y="1.30875"/>
<p x="2.155" z="3.385" y="1.31"/>
<p x="2.22875" z="3.53625" y="1.12313"/>
<p x="2.2375" z="3.42625" y="1.145"/>
<p x="2.1525" z="3.4725" y="1.30875"/>
<p x="2.23375" z="3.37375" y="1.1525"/>
<p x="2.155" z="3.385" y="1.31"/>
<p x="2.2375" z="3.42625" y="1.145"/>
<p x="2.1525" z="3.4725" y="1.30875"/>
<p x="2.2375" z="3.42625" y="1.145"/>
<p x="2.155" z="3.385" y="1.31"/>
<p x="2.22875" z="3.53625" y="1.12313"/>
<p x="2.27375" z="3.47625" y="0.9925"/>
<p x="2.2375" z="3.42625" y="1.145"/>
<p x="2.29375" z="3.34875" y="0.895"/>
<p x="2.28" z="3.37" y="1.02"/>
<p x="2.27375" z="3.47625" y="0.9925"/>
<p x="2.23375" z="3.37375" y="1.1525"/>
<p x="2.2375" z="3.42625" y="1.145"/>
<p x="2.28" z="3.37" y="1.02"/>
<p x="2.27375" z="3.47625" y="0.9925"/>
<p x="2.28" z="3.37" y="1.02"/>
<p x="2.2375" z="3.42625" y="1.145"/>
<p x="2.23375" z="3.37375" y="1.1525"/>
<p x="2.28" z="3.37" y="1.02"/>
<p x="2.06875" z="3.145" y="1.05375"/>
<p x="2.29375" z="3.34875" y="0.895"/>
<p x="2.15125" z="3.18" y="0.90625"/>
<p x="2.28" z="3.37" y="1.02"/>
<p x="1.9425" z="2.965" y="0.939375"/>
<p x="2.06875" z="3.145" y="1.05375"/>
<p x="2.15125" z="3.18" y="0.90625"/>
<p x="2.28" z="3.37" y="1.02"/>
<p x="2.15125" z="3.18" y="0.90625"/>
<p x="2.06875" z="3.145" y="1.05375"/>
<p x="1.9425" z="2.965" y="0.939375"/>
<p x="1.81875" z="2.92875" y="1.12375"/>
<p x="2.06875" z="3.145" y="1.05375"/>
<p x="1.72108" z="2.97687" y="1.33128"/>
<p x="1.98" z="3.14875" y="1.22375"/>
<p x="1.81875" z="2.92875" y="1.12375"/>
<p x="2.23375" z="3.37375" y="1.1525"/>
<p x="2.06875" z="3.145" y="1.05375"/>
<p x="1.98" z="3.14875" y="1.22375"/>
<p x="1.81875" z="2.92875" y="1.12375"/>
<p x="1.98" z="3.14875" y="1.22375"/>
<p x="2.06875" z="3.145" y="1.05375"/>
<p x="1.35" z="2.88" y="1.49"/>
<p x="1.5175" z="2.88625" y="1.39625"/>
<p x="1.3875" z="2.6675" y="1.24625"/>
<p x="1.72108" z="2.97687" y="1.33128"/>
<p x="1.57625" z="2.7725" y="1.21"/>
<p x="1.5175" z="2.88625" y="1.39625"/>
<p x="1.4075" z="2.58625" y="1.07875"/>
<p x="1.3875" z="2.6675" y="1.24625"/>
<p x="1.57625" z="2.7725" y="1.21"/>
<p x="1.5175" z="2.88625" y="1.39625"/>
<p x="1.57625" z="2.7725" y="1.21"/>
<p x="1.3875" z="2.6675" y="1.24625"/>
<p x="1.9425" z="2.965" y="0.939375"/>
<p x="1.69875" z="2.7675" y="1.0075"/>
<p x="1.81875" z="2.92875" y="1.12375"/>
<p x="1.4075" z="2.58625" y="1.07875"/>
<p x="1.57625" z="2.7725" y="1.21"/>
<p x="1.69875" z="2.7675" y="1.0075"/>
<p x="1.72108" z="2.97687" y="1.33128"/>
<p x="1.81875" z="2.92875" y="1.12375"/>
<p x="1.57625" z="2.7725" y="1.21"/>
<p x="1.69875" z="2.7675" y="1.0075"/>
<p x="1.57625" z="2.7725" y="1.21"/>
<p x="1.81875" z="2.92875" y="1.12375"/>
<p x="1.9425" z="2.965" y="0.939375"/>
<p x="1.88125" z="2.8775" y="0.8075"/>
<p x="1.69875" z="2.7675" y="1.0075"/>
<p x="1.84225" z="2.84252" y="0.681114"/>
<p x="1.6525" z="2.70375" y="0.84"/>
<p x="1.88125" z="2.8775" y="0.8075"/>
<p x="1.4075" z="2.58625" y="1.07875"/>
<p x="1.69875" z="2.7675" y="1.0075"/>
<p x="1.6525" z="2.70375" y="0.84"/>
<p x="1.88125" z="2.8775" y="0.8075"/>
<p x="1.6525" z="2.70375" y="0.84"/>
<p x="1.69875" z="2.7675" y="1.0075"/>
<p x="1.4075" z="2.58625" y="1.07875"/>
<p x="1.6525" z="2.70375" y="0.84"/>
<p x="1.43" z="2.555" y="0.82"/>
<p x="1.84225" z="2.84252" y="0.681114"/>
<p x="1.67" z="2.72125" y="0.6375"/>
<p x="1.6525" z="2.70375" y="0.84"/>
<p x="1.45" z="2.57" y="0.54"/>
<p x="1.43" z="2.555" y="0.82"/>
<p x="1.67" z="2.72125" y="0.6375"/>
<p x="1.6525" z="2.70375" y="0.84"/>
<p x="1.67" z="2.72125" y="0.6375"/>
<p x="1.43" z="2.555" y="0.82"/>
<p x="1.00562" z="4.63938" y="1.89312"/>
<p x="1.10125" z="4.40875" y="1.9725"/>
<p x="0.8575" z="4.41375" y="2.09125"/>
<p x="1.17317" z="4.11758" y="2.02756"/>
<p x="0.925" z="4.19125" y="2.14875"/>
<p x="1.10125" z="4.40875" y="1.9725"/>
<p x="0.711591" z="4.24466" y="2.22384"/>
<p x="0.8575" z="4.41375" y="2.09125"/>
<p x="0.925" z="4.19125" y="2.14875"/>
<p x="1.10125" z="4.40875" y="1.9725"/>
<p x="0.925" z="4.19125" y="2.14875"/>
<p x="0.8575" z="4.41375" y="2.09125"/>
<p x="1.35655" z="4.59254" y="1.6843"/>
<p x="1.27625" z="4.395" y="1.86"/>
<p x="1.21125" z="4.6375" y="1.77"/>
<p x="1.17317" z="4.11758" y="2.02756"/>
<p x="1.10125" z="4.40875" y="1.9725"/>
<p x="1.27625" z="4.395" y="1.86"/>
<p x="1.00562" z="4.63938" y="1.89312"/>
<p x="1.21125" z="4.6375" y="1.77"/>
<p x="1.10125" z="4.40875" y="1.9725"/>
<p x="1.27625" z="4.395" y="1.86"/>
<p x="1.10125" z="4.40875" y="1.9725"/>
<p x="1.21125" z="4.6375" y="1.77"/>
<p x="1.35655" z="4.59254" y="1.6843"/>
<p x="1.43375" z="4.36625" y="1.73375"/>
<p x="1.27625" z="4.395" y="1.86"/>
<p x="1.5025" z="4.09625" y="1.77375"/>
<p x="1.35625" z="4.13125" y="1.87625"/>
<p x="1.43375" z="4.36625" y="1.73375"/>
<p x="1.17317" z="4.11758" y="2.02756"/>
<p x="1.27625" z="4.395" y="1.86"/>
<p x="1.35625" z="4.13125" y="1.87625"/>
<p x="1.43375" z="4.36625" y="1.73375"/>
<p x="1.35625" z="4.13125" y="1.87625"/>
<p x="1.27625" z="4.395" y="1.86"/>
<p x="1.35655" z="4.59254" y="1.6843"/>
<p x="1.5025" z="4.595" y="1.535"/>
<p x="1.43375" z="4.36625" y="1.73375"/>
<p x="1.71037" z="4.5211" y="1.3488"/>
<p x="1.59625" z="4.3275" y="1.60625"/>
<p x="1.5025" z="4.595" y="1.535"/>
<p x="1.5025" z="4.09625" y="1.77375"/>
<p x="1.43375" z="4.36625" y="1.73375"/>
<p x="1.59625" z="4.3275" y="1.60625"/>
<p x="1.5025" z="4.595" y="1.535"/>
<p x="1.59625" z="4.3275" y="1.60625"/>
<p x="1.43375" z="4.36625" y="1.73375"/>
<p x="1.75184" z="4.01637" y="1.6373"/>
<p x="1.64875" z="4.06875" y="1.69125"/>
<p x="1.74875" z="4.1925" y="1.55125"/>
<p x="1.5025" z="4.09625" y="1.77375"/>
<p x="1.59625" z="4.3275" y="1.60625"/>
<p x="1.64875" z="4.06875" y="1.69125"/>
<p x="1.71037" z="4.5211" y="1.3488"/>
<p x="1.74875" z="4.1925" y="1.55125"/>
<p x="1.59625" z="4.3275" y="1.60625"/>
<p x="1.64875" z="4.06875" y="1.69125"/>
<p x="1.59625" z="4.3275" y="1.60625"/>
<p x="1.74875" z="4.1925" y="1.55125"/>
<p x="1.75184" z="4.01637" y="1.6373"/>
<p x="1.74875" z="4.1925" y="1.55125"/>
<p x="1.8475" z="3.92625" y="1.5825"/>
<p x="1.71037" z="4.5211" y="1.3488"/>
<p x="1.875" z="4.145" y="1.395"/>
<p x="1.74875" z="4.1925" y="1.55125"/>
<p x="1.98636" z="3.73449" y="1.47431"/>
<p x="1.8475" z="3.92625" y="1.5825"/>
<p x="1.875" z="4.145" y="1.395"/>
<p x="1.74875" z="4.1925" y="1.55125"/>
<p x="1.875" z="4.145" y="1.395"/>
<p x="1.8475" z="3.92625" y="1.5825"/>
<p x="2.185" z="3.70937" y="0.58"/>
<p x="2.25375" z="3.5375" y="0.725"/>
<p x="2.20875" z="3.77125" y="0.68"/>
<p x="2.29375" z="3.34875" y="0.895"/>
<p x="2.26125" z="3.59375" y="0.8275"/>
<p x="2.25375" z="3.5375" y="0.725"/>
<p x="2.20812" z="3.815" y="0.775625"/>
<p x="2.20875" z="3.77125" y="0.68"/>
<p x="2.26125" z="3.59375" y="0.8275"/>
<p x="2.25375" z="3.5375" y="0.725"/>
<p x="2.26125" z="3.59375" y="0.8275"/>
<p x="2.20875" z="3.77125" y="0.68"/>
<p x="2.22875" z="3.53625" y="1.12313"/>
<p x="2.2475" z="3.645" y="0.9325"/>
<p x="2.27375" z="3.47625" y="0.9925"/>
<p x="2.20812" z="3.815" y="0.775625"/>
<p x="2.26125" z="3.59375" y="0.8275"/>
<p x="2.2475" z="3.645" y="0.9325"/>
<p x="2.29375" z="3.34875" y="0.895"/>
<p x="2.27375" z="3.47625" y="0.9925"/>
<p x="2.26125" z="3.59375" y="0.8275"/>
<p x="2.2475" z="3.645" y="0.9325"/>
<p x="2.26125" z="3.59375" y="0.8275"/>
<p x="2.27375" z="3.47625" y="0.9925"/>
<p x="2.20812" z="3.815" y="0.775625"/>
<p x="2.2475" z="3.645" y="0.9325"/>
<p x="2.195" z="3.85625" y="0.89125"/>
<p x="2.22875" z="3.53625" y="1.12313"/>
<p x="2.2025" z="3.69875" y="1.07125"/>
<p x="2.2475" z="3.645" y="0.9325"/>
<p x="2.16488" z="3.8491" y="1.01875"/>
<p x="2.195" z="3.85625" y="0.89125"/>
<p x="2.2025" z="3.69875" y="1.07125"/>
<p x="2.2475" z="3.645" y="0.9325"/>
<p x="2.2025" z="3.69875" y="1.07125"/>
<p x="2.195" z="3.85625" y="0.89125"/>
<p x="1.98636" z="3.73449" y="1.47431"/>
<p x="2.1125" z="3.81125" y="1.1875"/>
<p x="2.13375" z="3.60375" y="1.30125"/>
<p x="2.16488" z="3.8491" y="1.01875"/>
<p x="2.2025" z="3.69875" y="1.07125"/>
<p x="2.1125" z="3.81125" y="1.1875"/>
<p x="2.22875" z="3.53625" y="1.12313"/>
<p x="2.13375" z="3.60375" y="1.30125"/>
<p x="2.2025" z="3.69875" y="1.07125"/>
<p x="2.1125" z="3.81125" y="1.1875"/>
<p x="2.2025" z="3.69875" y="1.07125"/>
<p x="2.13375" z="3.60375" y="1.30125"/>
<p x="1.71037" z="4.5211" y="1.3488"/>
<p x="1.8825" z="4.395" y="1.10875"/>
<p x="1.875" z="4.145" y="1.395"/>
<p x="1.9997" z="4.30411" y="0.874512"/>
<p x="1.99875" z="4.07" y="1.18375"/>
<p x="1.8825" z="4.395" y="1.10875"/>
<p x="1.98636" z="3.73449" y="1.47431"/>
<p x="1.875" z="4.145" y="1.395"/>
<p x="1.99875" z="4.07" y="1.18375"/>
<p x="1.8825" z="4.395" y="1.10875"/>
<p x="1.99875" z="4.07" y="1.18375"/>
<p x="1.875" z="4.145" y="1.395"/>
<p x="2.16488" z="3.8491" y="1.01875"/>
<p x="2.1125" z="3.81125" y="1.1875"/>
<p x="2.10875" z="4.0175" y="0.97"/>
<p x="1.98636" z="3.73449" y="1.47431"/>
<p x="1.99875" z="4.07" y="1.18375"/>
<p x="2.1125" z="3.81125" y="1.1875"/>
<p x="1.9997" z="4.30411" y="0.874512"/>
<p x="2.10875" z="4.0175" y="0.97"/>
<p x="1.99875" z="4.07" y="1.18375"/>
<p x="2.1125" z="3.81125" y="1.1875"/>
<p x="1.99875" z="4.07" y="1.18375"/>
<p x="2.10875" z="4.0175" y="0.97"/>
<p x="1.9997" z="4.30411" y="0.874512"/>
<p x="2.12" z="4.06875" y="0.79125"/>
<p x="2.10875" z="4.0175" y="0.97"/>
<p x="2.20812" z="3.815" y="0.775625"/>
<p x="2.195" z="3.85625" y="0.89125"/>
<p x="2.12" z="4.06875" y="0.79125"/>
<p x="2.16488" z="3.8491" y="1.01875"/>
<p x="2.10875" z="4.0175" y="0.97"/>
<p x="2.195" z="3.85625" y="0.89125"/>
<p x="2.12" z="4.06875" y="0.79125"/>
<p x="2.195" z="3.85625" y="0.89125"/>
<p x="2.10875" z="4.0175" y="0.97"/>
<p x="1.9997" z="4.30411" y="0.874512"/>
<p x="2.025" z="4.2625" y="0.695"/>
<p x="2.12" z="4.06875" y="0.79125"/>
<p x="2.02313" z="4.16312" y="0.5575"/>
<p x="2.12875" z="4.015" y="0.67375"/>
<p x="2.025" z="4.2625" y="0.695"/>
<p x="2.20812" z="3.815" y="0.775625"/>
<p x="2.12" z="4.06875" y="0.79125"/>
<p x="2.12875" z="4.015" y="0.67375"/>
<p x="2.025" z="4.2625" y="0.695"/>
<p x="2.12875" z="4.015" y="0.67375"/>
<p x="2.12" z="4.06875" y="0.79125"/>
<p x="2.185" z="3.70937" y="0.58"/>
<p x="2.20875" z="3.77125" y="0.68"/>
<p x="2.115" z="3.93375" y="0.5575"/>
<p x="2.20812" z="3.815" y="0.775625"/>
<p x="2.12875" z="4.015" y="0.67375"/>
<p x="2.20875" z="3.77125" y="0.68"/>
<p x="2.02313" z="4.16312" y="0.5575"/>
<p x="2.115" z="3.93375" y="0.5575"/>
<p x="2.12875" z="4.015" y="0.67375"/>
<p x="2.20875" z="3.77125" y="0.68"/>
<p x="2.12875" z="4.015" y="0.67375"/>
<p x="2.115" z="3.93375" y="0.5575"/>
<p x="1.20862" z="4.89451" y="1.42549"/>
<p x="1.11875" z="4.8075" y="1.66"/>
<p x="0.91125" z="4.95625" y="1.59875"/>
<p x="1.00562" z="4.63938" y="1.89312"/>
<p x="0.86" z="4.82" y="1.80375"/>
<p x="1.11875" z="4.8075" y="1.66"/>
<p x="0.677204" z="4.96123" y="1.73439"/>
<p x="0.91125" z="4.95625" y="1.59875"/>
<p x="0.86" z="4.82" y="1.80375"/>
<p x="1.11875" z="4.8075" y="1.66"/>
<p x="0.86" z="4.82" y="1.80375"/>
<p x="0.91125" z="4.95625" y="1.59875"/>
<p x="1.00562" z="4.63938" y="1.89312"/>
<p x="1.11875" z="4.8075" y="1.66"/>
<p x="1.21125" z="4.6375" y="1.77"/>
<p x="1.20862" z="4.89451" y="1.42549"/>
<p x="1.32625" z="4.75625" y="1.5575"/>
<p x="1.11875" z="4.8075" y="1.66"/>
<p x="1.35655" z="4.59254" y="1.6843"/>
<p x="1.21125" z="4.6375" y="1.77"/>
<p x="1.32625" z="4.75625" y="1.5575"/>
<p x="1.11875" z="4.8075" y="1.66"/>
<p x="1.32625" z="4.75625" y="1.5575"/>
<p x="1.21125" z="4.6375" y="1.77"/>
<p x="1.35655" z="4.59254" y="1.6843"/>
<p x="1.32625" z="4.75625" y="1.5575"/>
<p x="1.5025" z="4.595" y="1.535"/>
<p x="1.20862" z="4.89451" y="1.42549"/>
<p x="1.49" z="4.74625" y="1.37625"/>
<p x="1.32625" z="4.75625" y="1.5575"/>
<p x="1.71037" z="4.5211" y="1.3488"/>
<p x="1.5025" z="4.595" y="1.535"/>
<p x="1.49" z="4.74625" y="1.37625"/>
<p x="1.32625" z="4.75625" y="1.5575"/>
<p x="1.49" z="4.74625" y="1.37625"/>
<p x="1.5025" z="4.595" y="1.535"/>
<p x="1.57861" z="4.79673" y="1.07907"/>
<p x="1.6475" z="4.71125" y="1.1825"/>
<p x="1.44" z="4.83875" y="1.2325"/>
<p x="1.71037" z="4.5211" y="1.3488"/>
<p x="1.49" z="4.74625" y="1.37625"/>
<p x="1.6475" z="4.71125" y="1.1825"/>
<p x="1.20862" z="4.89451" y="1.42549"/>
<p x="1.44" z="4.83875" y="1.2325"/>
<p x="1.49" z="4.74625" y="1.37625"/>
<p x="1.6475" z="4.71125" y="1.1825"/>
<p x="1.49" z="4.74625" y="1.37625"/>
<p x="1.44" z="4.83875" y="1.2325"/>
<p x="1.79" z="4.65813" y="0.781875"/>
<p x="1.8225" z="4.60625" y="0.645"/>
<p x="1.88375" z="4.52875" y="0.83125"/>
<p x="1.81" z="4.53562" y="0.52125"/>
<p x="1.92" z="4.465" y="0.6825"/>
<p x="1.8225" z="4.60625" y="0.645"/>
<p x="1.9997" z="4.30411" y="0.874512"/>
<p x="1.88375" z="4.52875" y="0.83125"/>
<p x="1.92" z="4.465" y="0.6825"/>
<p x="1.8225" z="4.60625" y="0.645"/>
<p x="1.92" z="4.465" y="0.6825"/>
<p x="1.88375" z="4.52875" y="0.83125"/>
<p x="1.9997" z="4.30411" y="0.874512"/>
<p x="1.8825" z="4.395" y="1.10875"/>
<p x="1.88375" z="4.52875" y="0.83125"/>
<p x="1.71037" z="4.5211" y="1.3488"/>
<p x="1.79125" z="4.60875" y="1.02625"/>
<p x="1.8825" z="4.395" y="1.10875"/>
<p x="1.79" z="4.65813" y="0.781875"/>
<p x="1.88375" z="4.52875" y="0.83125"/>
<p x="1.79125" z="4.60875" y="1.02625"/>
<p x="1.8825" z="4.395" y="1.10875"/>
<p x="1.79125" z="4.60875" y="1.02625"/>
<p x="1.88375" z="4.52875" y="0.83125"/>
<p x="1.57861" z="4.79673" y="1.07907"/>
<p x="1.7075" z="4.725" y="0.95375"/>
<p x="1.6475" z="4.71125" y="1.1825"/>
<p x="1.79" z="4.65813" y="0.781875"/>
<p x="1.79125" z="4.60875" y="1.02625"/>
<p x="1.7075" z="4.725" y="0.95375"/>
<p x="1.71037" z="4.5211" y="1.3488"/>
<p x="1.6475" z="4.71125" y="1.1825"/>
<p x="1.79125" z="4.60875" y="1.02625"/>
<p x="1.7075" z="4.725" y="0.95375"/>
<p x="1.79125" z="4.60875" y="1.02625"/>
<p x="1.6475" z="4.71125" y="1.1825"/>
<p x="1.57861" z="4.79673" y="1.07907"/>
<p x="1.5575" z="4.83" y="0.9275"/>
<p x="1.7075" z="4.725" y="0.95375"/>
<p x="1.49313" z="4.85" y="0.773125"/>
<p x="1.66375" z="4.765" y="0.7725"/>
<p x="1.5575" z="4.83" y="0.9275"/>
<p x="1.79" z="4.65813" y="0.781875"/>
<p x="1.7075" z="4.725" y="0.95375"/>
<p x="1.66375" z="4.765" y="0.7725"/>
<p x="1.5575" z="4.83" y="0.9275"/>
<p x="1.66375" z="4.765" y="0.7725"/>
<p x="1.7075" z="4.725" y="0.95375"/>
<p x="1.81" z="4.53562" y="0.52125"/>
<p x="1.8225" z="4.60625" y="0.645"/>
<p x="1.70625" z="4.64625" y="0.5025"/>
<p x="1.79" z="4.65813" y="0.781875"/>
<p x="1.71125" z="4.7075" y="0.63"/>
<p x="1.8225" z="4.60625" y="0.645"/>
<p x="1.61832" z="4.71561" y="0.515137"/>
<p x="1.70625" z="4.64625" y="0.5025"/>
<p x="1.71125" z="4.7075" y="0.63"/>
<p x="1.8225" z="4.60625" y="0.645"/>
<p x="1.71125" z="4.7075" y="0.63"/>
<p x="1.70625" z="4.64625" y="0.5025"/>
<p x="2.02313" z="4.16312" y="0.5575"/>
<p x="2.025" z="4.2625" y="0.695"/>
<p x="1.91875" z="4.3675" y="0.545"/>
<p x="1.9997" z="4.30411" y="0.874512"/>
<p x="1.92" z="4.465" y="0.6825"/>
<p x="2.025" z="4.2625" y="0.695"/>
<p x="1.81" z="4.53562" y="0.52125"/>
<p x="1.91875" z="4.3675" y="0.545"/>
<p x="1.92" z="4.465" y="0.6825"/>
<p x="2.025" z="4.2625" y="0.695"/>
<p x="1.92" z="4.465" y="0.6825"/>
<p x="1.91875" z="4.3675" y="0.545"/>
<p x="1.72875" z="4.1825" y="0.205625"/>
<p x="1.895" z="4.20125" y="0.38125"/>
<p x="1.785" z="4.38" y="0.3625"/>
<p x="2.02313" z="4.16312" y="0.5575"/>
<p x="1.91875" z="4.3675" y="0.545"/>
<p x="1.895" z="4.20125" y="0.38125"/>
<p x="1.81" z="4.53562" y="0.52125"/>
<p x="1.785" z="4.38" y="0.3625"/>
<p x="1.91875" z="4.3675" y="0.545"/>
<p x="1.895" z="4.20125" y="0.38125"/>
<p x="1.91875" z="4.3675" y="0.545"/>
<p x="1.785" z="4.38" y="0.3625"/>
<p x="1.72875" z="4.1825" y="0.205625"/>
<p x="1.825" z="4.02" y="0.2275"/>
<p x="1.895" z="4.20125" y="0.38125"/>
<p x="1.91938" z="3.86" y="0.2675"/>
<p x="1.98875" z="4.01125" y="0.4025"/>
<p x="1.825" z="4.02" y="0.2275"/>
<p x="2.02313" z="4.16312" y="0.5575"/>
<p x="1.895" z="4.20125" y="0.38125"/>
<p x="1.98875" z="4.01125" y="0.4025"/>
<p x="1.825" z="4.02" y="0.2275"/>
<p x="1.98875" z="4.01125" y="0.4025"/>
<p x="1.895" z="4.20125" y="0.38125"/>
<p x="2.185" z="3.70937" y="0.58"/>
<p x="2.115" z="3.93375" y="0.5575"/>
<p x="2.07375" z="3.82125" y="0.43"/>
<p x="2.02313" z="4.16312" y="0.5575"/>
<p x="1.98875" z="4.01125" y="0.4025"/>
<p x="2.115" z="3.93375" y="0.5575"/>
<p x="1.91938" z="3.86" y="0.2675"/>
<p x="2.07375" z="3.82125" y="0.43"/>
<p x="1.98875" z="4.01125" y="0.4025"/>
<p x="2.115" z="3.93375" y="0.5575"/>
<p x="1.98875" z="4.01125" y="0.4025"/>
<p x="2.07375" z="3.82125" y="0.43"/>
<p x="2.185" z="3.70937" y="0.58"/>
<p x="2.07375" z="3.82125" y="0.43"/>
<p x="2.13875" z="3.6375" y="0.475"/>
<p x="1.91938" z="3.86" y="0.2675"/>
<p x="2.00875" z="3.725" y="0.3325"/>
<p x="2.07375" z="3.82125" y="0.43"/>
<p x="2.055" z="3.56" y="0.394375"/>
<p x="2.13875" z="3.6375" y="0.475"/>
<p x="2.00875" z="3.725" y="0.3325"/>
<p x="2.07375" z="3.82125" y="0.43"/>
<p x="2.00875" z="3.725" y="0.3325"/>
<p x="2.13875" z="3.6375" y="0.475"/>
<p x="2.185" z="3.70937" y="0.58"/>
<p x="2.13875" z="3.6375" y="0.475"/>
<p x="2.22" z="3.4725" y="0.6125"/>
<p x="2.055" z="3.56" y="0.394375"/>
<p x="2.1525" z="3.39875" y="0.50875"/>
<p x="2.13875" z="3.6375" y="0.475"/>
<p x="2.2175" z="3.19625" y="0.63125"/>
<p x="2.22" z="3.4725" y="0.6125"/>
<p x="2.1525" z="3.39875" y="0.50875"/>
<p x="2.13875" z="3.6375" y="0.475"/>
<p x="2.1525" z="3.39875" y="0.50875"/>
<p x="2.22" z="3.4725" y="0.6125"/>
<p x="2.185" z="3.70937" y="0.58"/>
<p x="2.22" z="3.4725" y="0.6125"/>
<p x="2.25375" z="3.5375" y="0.725"/>
<p x="2.2175" z="3.19625" y="0.63125"/>
<p x="2.275" z="3.285" y="0.76"/>
<p x="2.22" z="3.4725" y="0.6125"/>
<p x="2.29375" z="3.34875" y="0.895"/>
<p x="2.25375" z="3.5375" y="0.725"/>
<p x="2.275" z="3.285" y="0.76"/>
<p x="2.22" z="3.4725" y="0.6125"/>
<p x="2.275" z="3.285" y="0.76"/>
<p x="2.25375" z="3.5375" y="0.725"/>
<p x="2.2175" z="3.19625" y="0.63125"/>
<p x="2.08625" z="3.07125" y="0.775"/>
<p x="2.275" z="3.285" y="0.76"/>
<p x="1.9425" z="2.965" y="0.939375"/>
<p x="2.15125" z="3.18" y="0.90625"/>
<p x="2.08625" z="3.07125" y="0.775"/>
<p x="2.29375" z="3.34875" y="0.895"/>
<p x="2.275" z="3.285" y="0.76"/>
<p x="2.15125" z="3.18" y="0.90625"/>
<p x="2.08625" z="3.07125" y="0.775"/>
<p x="2.15125" z="3.18" y="0.90625"/>
<p x="2.275" z="3.285" y="0.76"/>
<p x="2.2175" z="3.19625" y="0.63125"/>
<p x="2.03125" z="3.005" y="0.64625"/>
<p x="2.08625" z="3.07125" y="0.775"/>
<p x="1.84225" z="2.84252" y="0.681114"/>
<p x="1.88125" z="2.8775" y="0.8075"/>
<p x="2.03125" z="3.005" y="0.64625"/>
<p x="1.9425" z="2.965" y="0.939375"/>
<p x="2.08625" z="3.07125" y="0.775"/>
<p x="1.88125" z="2.8775" y="0.8075"/>
<p x="2.03125" z="3.005" y="0.64625"/>
<p x="1.88125" z="2.8775" y="0.8075"/>
<p x="2.08625" z="3.07125" y="0.775"/>
<p x="1.95375" z="2.97125" y="0.4675"/>
<p x="1.90875" z="2.91125" y="0.55"/>
<p x="2.115" z="3.1" y="0.525"/>
<p x="1.84225" z="2.84252" y="0.681114"/>
<p x="2.03125" z="3.005" y="0.64625"/>
<p x="1.90875" z="2.91125" y="0.55"/>
<p x="2.2175" z="3.19625" y="0.63125"/>
<p x="2.115" z="3.1" y="0.525"/>
<p x="2.03125" z="3.005" y="0.64625"/>
<p x="1.90875" z="2.91125" y="0.55"/>
<p x="2.03125" z="3.005" y="0.64625"/>
<p x="2.115" z="3.1" y="0.525"/>
<p x="1.45" z="2.57" y="0.54"/>
<p x="1.67" z="2.72125" y="0.6375"/>
<p x="1.72" z="2.785" y="0.485"/>
<p x="1.84225" z="2.84252" y="0.681114"/>
<p x="1.90875" z="2.91125" y="0.55"/>
<p x="1.67" z="2.72125" y="0.6375"/>
<p x="1.95375" z="2.97125" y="0.4675"/>
<p x="1.72" z="2.785" y="0.485"/>
<p x="1.90875" z="2.91125" y="0.55"/>
<p x="1.67" z="2.72125" y="0.6375"/>
<p x="1.90875" z="2.91125" y="0.55"/>
<p x="1.72" z="2.785" y="0.485"/>
<p x="1.4225" z="2.73875" y="0.41875"/>
<p x="1.435" z="2.65" y="0.475"/>
<p x="1.63625" z="2.84" y="0.42625"/>
<p x="1.45" z="2.57" y="0.54"/>
<p x="1.72" z="2.785" y="0.485"/>
<p x="1.435" z="2.65" y="0.475"/>
<p x="1.95375" z="2.97125" y="0.4675"/>
<p x="1.63625" z="2.84" y="0.42625"/>
<p x="1.72" z="2.785" y="0.485"/>
<p x="1.435" z="2.65" y="0.475"/>
<p x="1.72" z="2.785" y="0.485"/>
<p x="1.63625" z="2.84" y="0.42625"/>
<p x="1.45" z="2.57" y="0.54"/>
<p x="1.435" z="2.65" y="0.475"/>
<p x="1.4225" z="2.5525" y="0.37125"/>
<p x="1.4225" z="2.73875" y="0.41875"/>
<p x="1.41125" z="2.70875" y="0.3325"/>
<p x="1.435" z="2.65" y="0.475"/>
<p x="1.3775" z="2.6425" y="0.16625"/>
<p x="1.4225" z="2.5525" y="0.37125"/>
<p x="1.41125" z="2.70875" y="0.3325"/>
<p x="1.435" z="2.65" y="0.475"/>
<p x="1.41125" z="2.70875" y="0.3325"/>
<p x="1.4225" z="2.5525" y="0.37125"/>
<p x="2.2175" z="3.19625" y="0.63125"/>
<p x="2.1525" z="3.39875" y="0.50875"/>
<p x="2.115" z="3.1" y="0.525"/>
<p x="2.055" z="3.56" y="0.394375"/>
<p x="2.03375" z="3.2975" y="0.42375"/>
<p x="2.1525" z="3.39875" y="0.50875"/>
<p x="1.95375" z="2.97125" y="0.4675"/>
<p x="2.115" z="3.1" y="0.525"/>
<p x="2.03375" z="3.2975" y="0.42375"/>
<p x="2.1525" z="3.39875" y="0.50875"/>
<p x="2.03375" z="3.2975" y="0.42375"/>
<p x="2.115" z="3.1" y="0.525"/>
<p x="1.74402" z="3.32168" y="0.290932"/>
<p x="1.845" z="3.1925" y="0.36"/>
<p x="1.91375" z="3.435" y="0.32875"/>
<p x="1.95375" z="2.97125" y="0.4675"/>
<p x="2.03375" z="3.2975" y="0.42375"/>
<p x="1.845" z="3.1925" y="0.36"/>
<p x="2.055" z="3.56" y="0.394375"/>
<p x="1.91375" z="3.435" y="0.32875"/>
<p x="2.03375" z="3.2975" y="0.42375"/>
<p x="1.845" z="3.1925" y="0.36"/>
<p x="2.03375" z="3.2975" y="0.42375"/>
<p x="1.91375" z="3.435" y="0.32875"/>
<p x="1.74402" z="3.32168" y="0.290932"/>
<p x="1.60875" z="3.1525" y="0.31375"/>
<p x="1.845" z="3.1925" y="0.36"/>
<p x="1.40625" z="2.98375" y="0.3375"/>
<p x="1.6725" z="2.99125" y="0.37875"/>
<p x="1.60875" z="3.1525" y="0.31375"/>
<p x="1.95375" z="2.97125" y="0.4675"/>
<p x="1.845" z="3.1925" y="0.36"/>
<p x="1.6725" z="2.99125" y="0.37875"/>
<p x="1.60875" z="3.1525" y="0.31375"/>
<p x="1.6725" z="2.99125" y="0.37875"/>
<p x="1.845" z="3.1925" y="0.36"/>
<p x="1.4225" z="2.73875" y="0.41875"/>
<p x="1.63625" z="2.84" y="0.42625"/>
<p x="1.415" z="2.845" y="0.38"/>
<p x="1.95375" z="2.97125" y="0.4675"/>
<p x="1.6725" z="2.99125" y="0.37875"/>
<p x="1.63625" z="2.84" y="0.42625"/>
<p x="1.40625" z="2.98375" y="0.3375"/>
<p x="1.415" z="2.845" y="0.38"/>
<p x="1.6725" z="2.99125" y="0.37875"/>
<p x="1.63625" z="2.84" y="0.42625"/>
<p x="1.6725" z="2.99125" y="0.37875"/>
<p x="1.415" z="2.845" y="0.38"/>
<p x="1.40625" z="2.98375" y="0.3375"/>
<p x="1.4" z="2.81" y="0.2725"/>
<p x="1.415" z="2.845" y="0.38"/>
<p x="1.3775" z="2.6425" y="0.16625"/>
<p x="1.41125" z="2.70875" y="0.3325"/>
<p x="1.4" z="2.81" y="0.2725"/>
<p x="1.4225" z="2.73875" y="0.41875"/>
<p x="1.415" z="2.845" y="0.38"/>
<p x="1.41125" z="2.70875" y="0.3325"/>
<p x="1.4" z="2.81" y="0.2725"/>
<p x="1.41125" z="2.70875" y="0.3325"/>
<p x="1.415" z="2.845" y="0.38"/>
<p x="1.91938" z="3.86" y="0.2675"/>
<p x="1.825" z="4.02" y="0.2275"/>
<p x="1.7125" z="3.87125" y="0.125"/>
<p x="1.72875" z="4.1825" y="0.205625"/>
<p x="1.6125" z="4.0075" y="0.08625"/>
<p x="1.825" z="4.02" y="0.2275"/>
<p x="1.47079" z="3.84382" y="-0.0111755"/>
<p x="1.7125" z="3.87125" y="0.125"/>
<p x="1.6125" z="4.0075" y="0.08625"/>
<p x="1.825" z="4.02" y="0.2275"/>
<p x="1.6125" z="4.0075" y="0.08625"/>
<p x="1.7125" z="3.87125" y="0.125"/>
<p x="1.16938" z="3.52375" y="-0.265625"/>
<p x="1.32125" z="3.57625" y="-0.12"/>
<p x="1.2975" z="3.68375" y="-0.14625"/>
<p x="1.42823" z="3.60216" y="0.00570415"/>
<p x="1.44875" z="3.70625" y="-0.0175"/>
<p x="1.32125" z="3.57625" y="-0.12"/>
<p x="1.47079" z="3.84382" y="-0.0111755"/>
<p x="1.2975" z="3.68375" y="-0.14625"/>
<p x="1.44875" z="3.70625" y="-0.0175"/>
<p x="1.32125" z="3.57625" y="-0.12"/>
<p x="1.44875" z="3.70625" y="-0.0175"/>
<p x="1.2975" z="3.68375" y="-0.14625"/>
<p x="1.16938" z="3.52375" y="-0.265625"/>
<p x="1.25625" z="3.44125" y="-0.2025"/>
<p x="1.32125" z="3.57625" y="-0.12"/>
<p x="1.33359" z="3.32354" y="-0.106812"/>
<p x="1.3575" z="3.48375" y="-0.04375"/>
<p x="1.25625" z="3.44125" y="-0.2025"/>
<p x="1.42823" z="3.60216" y="0.00570415"/>
<p x="1.32125" z="3.57625" y="-0.12"/>
<p x="1.3575" z="3.48375" y="-0.04375"/>
<p x="1.25625" z="3.44125" y="-0.2025"/>
<p x="1.3575" z="3.48375" y="-0.04375"/>
<p x="1.32125" z="3.57625" y="-0.12"/>
<p x="1.42313" z="3.35375" y="0.174375"/>
<p x="1.43875" z="3.51" y="0.08625"/>
<p x="1.36875" z="3.3475" y="0.05875"/>
<p x="1.42823" z="3.60216" y="0.00570415"/>
<p x="1.3575" z="3.48375" y="-0.04375"/>
<p x="1.43875" z="3.51" y="0.08625"/>
<p x="1.33359" z="3.32354" y="-0.106812"/>
<p x="1.36875" z="3.3475" y="0.05875"/>
<p x="1.3575" z="3.48375" y="-0.04375"/>
<p x="1.43875" z="3.51" y="0.08625"/>
<p x="1.3575" z="3.48375" y="-0.04375"/>
<p x="1.36875" z="3.3475" y="0.05875"/>
<p x="1.42313" z="3.35375" y="0.174375"/>
<p x="1.36875" z="3.3475" y="0.05875"/>
<p x="1.375" z="3.1525" y="0.17"/>
<p x="1.33359" z="3.32354" y="-0.106812"/>
<p x="1.36875" z="3.13875" y="0.04875"/>
<p x="1.36875" z="3.3475" y="0.05875"/>
<p x="1.38252" z="2.97382" y="0.15309"/>
<p x="1.375" z="3.1525" y="0.17"/>
<p x="1.36875" z="3.13875" y="0.04875"/>
<p x="1.36875" z="3.3475" y="0.05875"/>
<p x="1.36875" z="3.13875" y="0.04875"/>
<p x="1.375" z="3.1525" y="0.17"/>
<p x="1.3775" z="2.6425" y="0.16625"/>
<p x="1.4" z="2.81" y="0.2725"/>
<p x="1.3925" z="2.82" y="0.17375"/>
<p x="1.40625" z="2.98375" y="0.3375"/>
<p x="1.39125" z="2.95875" y="0.245"/>
<p x="1.4" z="2.81" y="0.2725"/>
<p x="1.38252" z="2.97382" y="0.15309"/>
<p x="1.3925" z="2.82" y="0.17375"/>
<p x="1.39125" z="2.95875" y="0.245"/>
<p x="1.4" z="2.81" y="0.2725"/>
<p x="1.39125" z="2.95875" y="0.245"/>
<p x="1.3925" z="2.82" y="0.17375"/>
<p x="1.42313" z="3.35375" y="0.174375"/>
<p x="1.375" z="3.1525" y="0.17"/>
<p x="1.435" z="3.1575" y="0.26"/>
<p x="1.38252" z="2.97382" y="0.15309"/>
<p x="1.39125" z="2.95875" y="0.245"/>
<p x="1.375" z="3.1525" y="0.17"/>
<p x="1.40625" z="2.98375" y="0.3375"/>
<p x="1.435" z="3.1575" y="0.26"/>
<p x="1.39125" z="2.95875" y="0.245"/>
<p x="1.375" z="3.1525" y="0.17"/>
<p x="1.39125" z="2.95875" y="0.245"/>
<p x="1.435" z="3.1575" y="0.26"/>
<p x="1.74402" z="3.32168" y="0.290932"/>
<p x="1.5675" z="3.34" y="0.24"/>
<p x="1.60875" z="3.1525" y="0.31375"/>
<p x="1.42313" z="3.35375" y="0.174375"/>
<p x="1.435" z="3.1575" y="0.26"/>
<p x="1.5675" z="3.34" y="0.24"/>
<p x="1.40625" z="2.98375" y="0.3375"/>
<p x="1.60875" z="3.1525" y="0.31375"/>
<p x="1.435" z="3.1575" y="0.26"/>
<p x="1.5675" z="3.34" y="0.24"/>
<p x="1.435" z="3.1575" y="0.26"/>
<p x="1.60875" z="3.1525" y="0.31375"/>
<p x="1.42313" z="3.35375" y="0.174375"/>
<p x="1.56625" z="3.51" y="0.16875"/>
<p x="1.43875" z="3.51" y="0.08625"/>
<p x="1.71688" z="3.64188" y="0.169375"/>
<p x="1.54625" z="3.6425" y="0.08875"/>
<p x="1.56625" z="3.51" y="0.16875"/>
<p x="1.42823" z="3.60216" y="0.00570415"/>
<p x="1.43875" z="3.51" y="0.08625"/>
<p x="1.54625" z="3.6425" y="0.08875"/>
<p x="1.56625" z="3.51" y="0.16875"/>
<p x="1.54625" z="3.6425" y="0.08875"/>
<p x="1.43875" z="3.51" y="0.08625"/>
<p x="1.74402" z="3.32168" y="0.290932"/>
<p x="1.74625" z="3.4925" y="0.23875"/>
<p x="1.5675" z="3.34" y="0.24"/>
<p x="1.71688" z="3.64188" y="0.169375"/>
<p x="1.56625" z="3.51" y="0.16875"/>
<p x="1.74625" z="3.4925" y="0.23875"/>
<p x="1.42313" z="3.35375" y="0.174375"/>
<p x="1.5675" z="3.34" y="0.24"/>
<p x="1.56625" z="3.51" y="0.16875"/>
<p x="1.74625" z="3.4925" y="0.23875"/>
<p x="1.56625" z="3.51" y="0.16875"/>
<p x="1.5675" z="3.34" y="0.24"/>
<p x="2.055" z="3.56" y="0.394375"/>
<p x="1.9025" z="3.62625" y="0.275"/>
<p x="1.91375" z="3.435" y="0.32875"/>
<p x="1.71688" z="3.64188" y="0.169375"/>
<p x="1.74625" z="3.4925" y="0.23875"/>
<p x="1.9025" z="3.62625" y="0.275"/>
<p x="1.74402" z="3.32168" y="0.290932"/>
<p x="1.91375" z="3.435" y="0.32875"/>
<p x="1.74625" z="3.4925" y="0.23875"/>
<p x="1.9025" z="3.62625" y="0.275"/>
<p x="1.74625" z="3.4925" y="0.23875"/>
<p x="1.91375" z="3.435" y="0.32875"/>
<p x="1.91938" z="3.86" y="0.2675"/>
<p x="1.825" z="3.75125" y="0.1975"/>
<p x="2.00875" z="3.725" y="0.3325"/>
<p x="1.71688" z="3.64188" y="0.169375"/>
<p x="1.9025" z="3.62625" y="0.275"/>
<p x="1.825" z="3.75125" y="0.1975"/>
<p x="2.055" z="3.56" y="0.394375"/>
<p x="2.00875" z="3.725" y="0.3325"/>
<p x="1.9025" z="3.62625" y="0.275"/>
<p x="1.825" z="3.75125" y="0.1975"/>
<p x="1.9025" z="3.62625" y="0.275"/>
<p x="2.00875" z="3.725" y="0.3325"/>
<p x="1.47079" z="3.84382" y="-0.0111755"/>
<p x="1.6225" z="3.75625" y="0.085"/>
<p x="1.7125" z="3.87125" y="0.125"/>
<p x="1.71688" z="3.64188" y="0.169375"/>
<p x="1.825" z="3.75125" y="0.1975"/>
<p x="1.6225" z="3.75625" y="0.085"/>
<p x="1.91938" z="3.86" y="0.2675"/>
<p x="1.7125" z="3.87125" y="0.125"/>
<p x="1.825" z="3.75125" y="0.1975"/>
<p x="1.6225" z="3.75625" y="0.085"/>
<p x="1.825" z="3.75125" y="0.1975"/>
<p x="1.7125" z="3.87125" y="0.125"/>
<p x="1.42823" z="3.60216" y="0.00570415"/>
<p x="1.54625" z="3.6425" y="0.08875"/>
<p x="1.44875" z="3.70625" y="-0.0175"/>
<p x="1.71688" z="3.64188" y="0.169375"/>
<p x="1.6225" z="3.75625" y="0.085"/>
<p x="1.54625" z="3.6425" y="0.08875"/>
<p x="1.47079" z="3.84382" y="-0.0111755"/>
<p x="1.44875" z="3.70625" y="-0.0175"/>
<p x="1.6225" z="3.75625" y="0.085"/>
<p x="1.54625" z="3.6425" y="0.08875"/>
<p x="1.6225" z="3.75625" y="0.085"/>
<p x="1.44875" z="3.70625" y="-0.0175"/>
<p x="1.0925" z="3.81625" y="-0.206875"/>
<p x="0.92625" z="3.6625" y="-0.335"/>
<p x="1.12" z="3.64625" y="-0.26125"/>
<p x="0.71504" z="3.48891" y="-0.480875"/>
<p x="0.9825" z="3.51125" y="-0.37625"/>
<p x="0.92625" z="3.6625" y="-0.335"/>
<p x="1.16938" z="3.52375" y="-0.265625"/>
<p x="1.12" z="3.64625" y="-0.26125"/>
<p x="0.9825" z="3.51125" y="-0.37625"/>
<p x="0.92625" z="3.6625" y="-0.335"/>
<p x="0.9825" z="3.51125" y="-0.37625"/>
<p x="1.12" z="3.64625" y="-0.26125"/>
<p x="1.16938" z="3.52375" y="-0.265625"/>
<p x="1.2975" z="3.68375" y="-0.14625"/>
<p x="1.12" z="3.64625" y="-0.26125"/>
<p x="1.47079" z="3.84382" y="-0.0111755"/>
<p x="1.27" z="3.8125" y="-0.135"/>
<p x="1.2975" z="3.68375" y="-0.14625"/>
<p x="1.0925" z="3.81625" y="-0.206875"/>
<p x="1.12" z="3.64625" y="-0.26125"/>
<p x="1.27" z="3.8125" y="-0.135"/>
<p x="1.2975" z="3.68375" y="-0.14625"/>
<p x="1.27" z="3.8125" y="-0.135"/>
<p x="1.12" z="3.64625" y="-0.26125"/>
<p x="1.47079" z="3.84382" y="-0.0111755"/>
<p x="1.39375" z="3.97625" y="-0.025"/>
<p x="1.27" z="3.8125" y="-0.135"/>
<p x="1.32607" z="4.11018" y="-0.0014083"/>
<p x="1.20875" z="3.9775" y="-0.09125"/>
<p x="1.39375" z="3.97625" y="-0.025"/>
<p x="1.0925" z="3.81625" y="-0.206875"/>
<p x="1.27" z="3.8125" y="-0.135"/>
<p x="1.20875" z="3.9775" y="-0.09125"/>
<p x="1.39375" z="3.97625" y="-0.025"/>
<p x="1.20875" z="3.9775" y="-0.09125"/>
<p x="1.27" z="3.8125" y="-0.135"/>
<p x="1.72875" z="4.1825" y="0.205625"/>
<p x="1.5175" z="4.14875" y="0.0775"/>
<p x="1.6125" z="4.0075" y="0.08625"/>
<p x="1.32607" z="4.11018" y="-0.0014083"/>
<p x="1.39375" z="3.97625" y="-0.025"/>
<p x="1.5175" z="4.14875" y="0.0775"/>
<p x="1.47079" z="3.84382" y="-0.0111755"/>
<p x="1.6125" z="4.0075" y="0.08625"/>
<p x="1.39375" z="3.97625" y="-0.025"/>
<p x="1.5175" z="4.14875" y="0.0775"/>
<p x="1.39375" z="3.97625" y="-0.025"/>
<p x="1.6125" z="4.0075" y="0.08625"/>
<p x="1.46911" z="4.51069" y="0.224808"/>
<p x="1.3925" z="4.295" y="0.09125"/>
<p x="1.6125" z="4.3475" y="0.20125"/>
<p x="1.32607" z="4.11018" y="-0.0014083"/>
<p x="1.5175" z="4.14875" y="0.0775"/>
<p x="1.3925" z="4.295" y="0.09125"/>
<p x="1.72875" z="4.1825" y="0.205625"/>
<p x="1.6125" z="4.3475" y="0.20125"/>
<p x="1.5175" z="4.14875" y="0.0775"/>
<p x="1.3925" z="4.295" y="0.09125"/>
<p x="1.5175" z="4.14875" y="0.0775"/>
<p x="1.6125" z="4.3475" y="0.20125"/>
<p x="1.72875" z="4.1825" y="0.205625"/>
<p x="1.785" z="4.38" y="0.3625"/>
<p x="1.6125" z="4.3475" y="0.20125"/>
<p x="1.81" z="4.53562" y="0.52125"/>
<p x="1.6675" z="4.53125" y="0.355"/>
<p x="1.785" z="4.38" y="0.3625"/>
<p x="1.46911" z="4.51069" y="0.224808"/>
<p x="1.6125" z="4.3475" y="0.20125"/>
<p x="1.6675" z="4.53125" y="0.355"/>
<p x="1.785" z="4.38" y="0.3625"/>
<p x="1.6675" z="4.53125" y="0.355"/>
<p x="1.6125" z="4.3475" y="0.20125"/>
<p x="1.61832" z="4.71561" y="0.515137"/>
<p x="1.57375" z="4.6425" y="0.37875"/>
<p x="1.70625" z="4.64625" y="0.5025"/>
<p x="1.46911" z="4.51069" y="0.224808"/>
<p x="1.6675" z="4.53125" y="0.355"/>
<p x="1.57375" z="4.6425" y="0.37875"/>
<p x="1.81" z="4.53562" y="0.52125"/>
<p x="1.70625" z="4.64625" y="0.5025"/>
<p x="1.6675" z="4.53125" y="0.355"/>
<p x="1.57375" z="4.6425" y="0.37875"/>
<p x="1.6675" z="4.53125" y="0.355"/>
<p x="1.70625" z="4.64625" y="0.5025"/>
<p x="1.46911" z="4.51069" y="0.224808"/>
<p x="1.57375" z="4.6425" y="0.37875"/>
<p x="1.41625" z="4.6675" y="0.34"/>
<p x="1.61832" z="4.71561" y="0.515137"/>
<p x="1.51375" z="4.74" y="0.47125"/>
<p x="1.57375" z="4.6425" y="0.37875"/>
<p x="1.3772" z="4.7658" y="0.460274"/>
<p x="1.41625" z="4.6675" y="0.34"/>
<p x="1.51375" z="4.74" y="0.47125"/>
<p x="1.57375" z="4.6425" y="0.37875"/>
<p x="1.51375" z="4.74" y="0.47125"/>
<p x="1.41625" z="4.6675" y="0.34"/>
<p x="1.61832" z="4.71561" y="0.515137"/>
<p x="1.5825" z="4.7825" y="0.63"/>
<p x="1.51375" z="4.74" y="0.47125"/>
<p x="1.49313" z="4.85" y="0.773125"/>
<p x="1.43125" z="4.825" y="0.60375"/>
<p x="1.5825" z="4.7825" y="0.63"/>
<p x="1.3772" z="4.7658" y="0.460274"/>
<p x="1.51375" z="4.74" y="0.47125"/>
<p x="1.43125" z="4.825" y="0.60375"/>
<p x="1.5825" z="4.7825" y="0.63"/>
<p x="1.43125" z="4.825" y="0.60375"/>
<p x="1.51375" z="4.74" y="0.47125"/>
<p x="1.49313" z="4.85" y="0.773125"/>
<p x="1.5825" z="4.7825" y="0.63"/>
<p x="1.66375" z="4.765" y="0.7725"/>
<p x="1.61832" z="4.71561" y="0.515137"/>
<p x="1.71125" z="4.7075" y="0.63"/>
<p x="1.5825" z="4.7825" y="0.63"/>
<p x="1.79" z="4.65813" y="0.781875"/>
<p x="1.66375" z="4.765" y="0.7725"/>
<p x="1.71125" z="4.7075" y="0.63"/>
<p x="1.5825" z="4.7825" y="0.63"/>
<p x="1.71125" z="4.7075" y="0.63"/>
<p x="1.66375" z="4.765" y="0.7725"/>
<p x="1.0925" z="3.81625" y="-0.206875"/>
<p x="1.20875" z="3.9775" y="-0.09125"/>
<p x="1.0425" z="4.05625" y="-0.095"/>
<p x="1.32607" z="4.11018" y="-0.0014083"/>
<p x="1.18125" z="4.2025" y="0.01"/>
<p x="1.20875" z="3.9775" y="-0.09125"/>
<p x="0.9925" z="4.30563" y="0.034375"/>
<p x="1.0425" z="4.05625" y="-0.095"/>
<p x="1.18125" z="4.2025" y="0.01"/>
<p x="1.20875" z="3.9775" y="-0.09125"/>
<p x="1.18125" z="4.2025" y="0.01"/>
<p x="1.0425" z="4.05625" y="-0.095"/>
<p x="0.9925" z="4.30563" y="0.034375"/>
<p x="1.18125" z="4.2025" y="0.01"/>
<p x="1.215" z="4.42875" y="0.13875"/>
<p x="1.32607" z="4.11018" y="-0.0014083"/>
<p x="1.3925" z="4.295" y="0.09125"/>
<p x="1.18125" z="4.2025" y="0.01"/>
<p x="1.46911" z="4.51069" y="0.224808"/>
<p x="1.215" z="4.42875" y="0.13875"/>
<p x="1.3925" z="4.295" y="0.09125"/>
<p x="1.18125" z="4.2025" y="0.01"/>
<p x="1.3925" z="4.295" y="0.09125"/>
<p x="1.215" z="4.42875" y="0.13875"/>
<p x="1.46911" z="4.51069" y="0.224808"/>
<p x="1.22875" z="4.60875" y="0.26875"/>
<p x="1.215" z="4.42875" y="0.13875"/>
<p x="0.902268" z="4.73801" y="0.335158"/>
<p x="0.975" z="4.5075" y="0.16125"/>
<p x="1.22875" z="4.60875" y="0.26875"/>
<p x="0.9925" z="4.30563" y="0.034375"/>
<p x="1.215" z="4.42875" y="0.13875"/>
<p x="0.975" z="4.5075" y="0.16125"/>
<p x="1.22875" z="4.60875" y="0.26875"/>
<p x="0.975" z="4.5075" y="0.16125"/>
<p x="1.215" z="4.42875" y="0.13875"/>
<p x="1.3772" z="4.7658" y="0.460274"/>
<p x="1.21375" z="4.745" y="0.40375"/>
<p x="1.41625" z="4.6675" y="0.34"/>
<p x="0.902268" z="4.73801" y="0.335158"/>
<p x="1.22875" z="4.60875" y="0.26875"/>
<p x="1.21375" z="4.745" y="0.40375"/>
<p x="1.46911" z="4.51069" y="0.224808"/>
<p x="1.41625" z="4.6675" y="0.34"/>
<p x="1.22875" z="4.60875" y="0.26875"/>
<p x="1.21375" z="4.745" y="0.40375"/>
<p x="1.22875" z="4.60875" y="0.26875"/>
<p x="1.41625" z="4.6675" y="0.34"/>
<p x="1.05682" z="4.93411" y="0.678409"/>
<p x="0.97625" z="4.88" y="0.54375"/>
<p x="1.23125" z="4.84125" y="0.55625"/>
<p x="0.902268" z="4.73801" y="0.335158"/>
<p x="1.21375" z="4.745" y="0.40375"/>
<p x="0.97625" z="4.88" y="0.54375"/>
<p x="1.3772" z="4.7658" y="0.460274"/>
<p x="1.23125" z="4.84125" y="0.55625"/>
<p x="1.21375" z="4.745" y="0.40375"/>
<p x="0.97625" z="4.88" y="0.54375"/>
<p x="1.21375" z="4.745" y="0.40375"/>
<p x="1.23125" z="4.84125" y="0.55625"/>
<p x="1.3772" z="4.7658" y="0.460274"/>
<p x="1.43125" z="4.825" y="0.60375"/>
<p x="1.23125" z="4.84125" y="0.55625"/>
<p x="1.49313" z="4.85" y="0.773125"/>
<p x="1.28" z="4.9" y="0.73125"/>
<p x="1.43125" z="4.825" y="0.60375"/>
<p x="1.05682" z="4.93411" y="0.678409"/>
<p x="1.23125" z="4.84125" y="0.55625"/>
<p x="1.28" z="4.9" y="0.73125"/>
<p x="1.43125" z="4.825" y="0.60375"/>
<p x="1.28" z="4.9" y="0.73125"/>
<p x="1.23125" z="4.84125" y="0.55625"/>
<p x="1.07842" z="5.01177" y="1.05226"/>
<p x="1.05375" z="4.99375" y="0.84375"/>
<p x="1.33625" z="4.9175" y="0.90625"/>
<p x="1.05682" z="4.93411" y="0.678409"/>
<p x="1.28" z="4.9" y="0.73125"/>
<p x="1.05375" z="4.99375" y="0.84375"/>
<p x="1.49313" z="4.85" y="0.773125"/>
<p x="1.33625" z="4.9175" y="0.90625"/>
<p x="1.28" z="4.9" y="0.73125"/>
<p x="1.05375" z="4.99375" y="0.84375"/>
<p x="1.28" z="4.9" y="0.73125"/>
<p x="1.33625" z="4.9175" y="0.90625"/>
<p x="1.49313" z="4.85" y="0.773125"/>
<p x="1.5575" z="4.83" y="0.9275"/>
<p x="1.33625" z="4.9175" y="0.90625"/>
<p x="1.57861" z="4.79673" y="1.07907"/>
<p x="1.39125" z="4.895" y="1.0725"/>
<p x="1.5575" z="4.83" y="0.9275"/>
<p x="1.07842" z="5.01177" y="1.05226"/>
<p x="1.33625" z="4.9175" y="0.90625"/>
<p x="1.39125" z="4.895" y="1.0725"/>
<p x="1.5575" z="4.83" y="0.9275"/>
<p x="1.39125" z="4.895" y="1.0725"/>
<p x="1.33625" z="4.9175" y="0.90625"/>
<p x="1.20862" z="4.89451" y="1.42549"/>
<p x="1.15" z="4.9675" y="1.24625"/>
<p x="1.44" z="4.83875" y="1.2325"/>
<p x="1.07842" z="5.01177" y="1.05226"/>
<p x="1.39125" z="4.895" y="1.0725"/>
<p x="1.15" z="4.9675" y="1.24625"/>
<p x="1.57861" z="4.79673" y="1.07907"/>
<p x="1.44" z="4.83875" y="1.2325"/>
<p x="1.39125" z="4.895" y="1.0725"/>
<p x="1.15" z="4.9675" y="1.24625"/>
<p x="1.39125" z="4.895" y="1.0725"/>
<p x="1.44" z="4.83875" y="1.2325"/>
<p x="1.07842" z="5.01177" y="1.05226"/>
<p x="1.15" z="4.9675" y="1.24625"/>
<p x="0.785" z="5.095" y="1.29875"/>
<p x="1.20862" z="4.89451" y="1.42549"/>
<p x="0.84375" z="5.0425" y="1.45375"/>
<p x="1.15" z="4.9675" y="1.24625"/>
<p x="0.440496" z="5.1699" y="1.5149"/>
<p x="0.785" z="5.095" y="1.29875"/>
<p x="0.84375" z="5.0425" y="1.45375"/>
<p x="1.15" z="4.9675" y="1.24625"/>
<p x="0.84375" z="5.0425" y="1.45375"/>
<p x="0.785" z="5.095" y="1.29875"/>
<p x="1.20862" z="4.89451" y="1.42549"/>
<p x="0.91125" z="4.95625" y="1.59875"/>
<p x="0.84375" z="5.0425" y="1.45375"/>
<p x="0.677204" z="4.96123" y="1.73439"/>
<p x="0.5825" z="5.07625" y="1.62375"/>
<p x="0.91125" z="4.95625" y="1.59875"/>
<p x="0.440496" z="5.1699" y="1.5149"/>
<p x="0.84375" z="5.0425" y="1.45375"/>
<p x="0.5825" z="5.07625" y="1.62375"/>
<p x="0.91125" z="4.95625" y="1.59875"/>
<p x="0.5825" z="5.07625" y="1.62375"/>
<p x="0.84375" z="5.0425" y="1.45375"/>
<p x="0.125883" z="5.0248" y="1.81481"/>
<p x="0.28125" z="5.1425" y="1.65875"/>
<p x="0.405" z="5.01125" y="1.77875"/>
<p x="0.440496" z="5.1699" y="1.5149"/>
<p x="0.5825" z="5.07625" y="1.62375"/>
<p x="0.28125" z="5.1425" y="1.65875"/>
<p x="0.677204" z="4.96123" y="1.73439"/>
<p x="0.405" z="5.01125" y="1.77875"/>
<p x="0.5825" z="5.07625" y="1.62375"/>
<p x="0.28125" z="5.1425" y="1.65875"/>
<p x="0.5825" z="5.07625" y="1.62375"/>
<p x="0.405" z="5.01125" y="1.77875"/>
<p x="0.440496" z="5.1699" y="1.5149"/>
<p x="0.28125" z="5.1425" y="1.65875"/>
<p x="0.17875" z="5.23375" y="1.5525"/>
<p x="0.125883" z="5.0248" y="1.81481"/>
<p x="0.04875" z="5.155" y="1.67875"/>
<p x="0.28125" z="5.1425" y="1.65875"/>
<p x="-0.0669691" z="5.25911" y="1.55814"/>
<p x="0.17875" z="5.23375" y="1.5525"/>
<p x="0.04875" z="5.155" y="1.67875"/>
<p x="0.28125" z="5.1425" y="1.65875"/>
<p x="0.04875" z="5.155" y="1.67875"/>
<p x="0.17875" z="5.23375" y="1.5525"/>
<p x="-0.388529" z="4.86686" y="1.91833"/>
<p x="-0.22875" z="5.0975" y="1.73875"/>
<p x="-0.12125" z="4.995" y="1.83625"/>
<p x="-0.0669691" z="5.25911" y="1.55814"/>
<p x="0.04875" z="5.155" y="1.67875"/>
<p x="-0.22875" z="5.0975" y="1.73875"/>
<p x="0.125883" z="5.0248" y="1.81481"/>
<p x="-0.12125" z="4.995" y="1.83625"/>
<p x="0.04875" z="5.155" y="1.67875"/>
<p x="-0.22875" z="5.0975" y="1.73875"/>
<p x="0.04875" z="5.155" y="1.67875"/>
<p x="-0.12125" z="4.995" y="1.83625"/>
<p x="-0.388529" z="4.86686" y="1.91833"/>
<p x="-0.56875" z="5.00125" y="1.83"/>
<p x="-0.22875" z="5.0975" y="1.73875"/>
<p x="-0.79875" z="5.06125" y="1.77"/>
<p x="-0.4425" z="5.17" y="1.675"/>
<p x="-0.56875" z="5.00125" y="1.83"/>
<p x="-0.0669691" z="5.25911" y="1.55814"/>
<p x="-0.22875" z="5.0975" y="1.73875"/>
<p x="-0.4425" z="5.17" y="1.675"/>
<p x="-0.56875" z="5.00125" y="1.83"/>
<p x="-0.4425" z="5.17" y="1.675"/>
<p x="-0.22875" z="5.0975" y="1.73875"/>
<p x="-0.693621" z="5.34187" y="1.45989"/>
<p x="-0.4" z="5.295" y="1.53"/>
<p x="-0.73625" z="5.2125" y="1.615"/>
<p x="-0.0669691" z="5.25911" y="1.55814"/>
<p x="-0.4425" z="5.17" y="1.675"/>
<p x="-0.4" z="5.295" y="1.53"/>
<p x="-0.79875" z="5.06125" y="1.77"/>
<p x="-0.73625" z="5.2125" y="1.615"/>
<p x="-0.4425" z="5.17" y="1.675"/>
<p x="-0.4" z="5.295" y="1.53"/>
<p x="-0.4425" z="5.17" y="1.675"/>
<p x="-0.73625" z="5.2125" y="1.615"/>
<p x="-0.388529" z="4.86686" y="1.91833"/>
<p x="-0.67125" z="4.785" y="1.97125"/>
<p x="-0.56875" z="5.00125" y="1.83"/>
<p x="-0.925" z="4.65813" y="2.05187"/>
<p x="-0.88375" z="4.8725" y="1.925"/>
<p x="-0.67125" z="4.785" y="1.97125"/>
<p x="-0.79875" z="5.06125" y="1.77"/>
<p x="-0.56875" z="5.00125" y="1.83"/>
<p x="-0.88375" z="4.8725" y="1.925"/>
<p x="-0.67125" z="4.785" y="1.97125"/>
<p x="-0.88375" z="4.8725" y="1.925"/>
<p x="-0.56875" z="5.00125" y="1.83"/>
<p x="-1.3597" z="4.61108" y="2.01637"/>
<p x="-1.09" z="4.89" y="1.875"/>
<p x="-1.11875" z="4.66875" y="2.04625"/>
<p x="-0.79875" z="5.06125" y="1.77"/>
<p x="-0.88375" z="4.8725" y="1.925"/>
<p x="-1.09" z="4.89" y="1.875"/>
<p x="-0.925" z="4.65813" y="2.05187"/>
<p x="-1.11875" z="4.66875" y="2.04625"/>
<p x="-0.88375" z="4.8725" y="1.925"/>
<p x="-1.09" z="4.89" y="1.875"/>
<p x="-0.88375" z="4.8725" y="1.925"/>
<p x="-1.11875" z="4.66875" y="2.04625"/>
<p x="-0.693621" z="5.34187" y="1.45989"/>
<p x="-0.73625" z="5.2125" y="1.615"/>
<p x="-0.9575" z="5.2725" y="1.47625"/>
<p x="-0.79875" z="5.06125" y="1.77"/>
<p x="-1.02625" z="5.10625" y="1.66"/>
<p x="-0.73625" z="5.2125" y="1.615"/>
<p x="-1.22784" z="5.15509" y="1.47206"/>
<p x="-0.9575" z="5.2725" y="1.47625"/>
<p x="-1.02625" z="5.10625" y="1.66"/>
<p x="-0.73625" z="5.2125" y="1.615"/>
<p x="-1.02625" z="5.10625" y="1.66"/>
<p x="-0.9575" z="5.2725" y="1.47625"/>
<p x="-1.3597" z="4.61108" y="2.01637"/>
<p x="-1.30125" z="4.91125" y="1.75375"/>
<p x="-1.09" z="4.89" y="1.875"/>
<p x="-1.22784" z="5.15509" y="1.47206"/>
<p x="-1.02625" z="5.10625" y="1.66"/>
<p x="-1.30125" z="4.91125" y="1.75375"/>
<p x="-0.79875" z="5.06125" y="1.77"/>
<p x="-1.09" z="4.89" y="1.875"/>
<p x="-1.02625" z="5.10625" y="1.66"/>
<p x="-1.30125" z="4.91125" y="1.75375"/>
<p x="-1.02625" z="5.10625" y="1.66"/>
<p x="-1.09" z="4.89" y="1.875"/>
<p x="-1.3597" z="4.61108" y="2.01637"/>
<p x="-1.59" z="4.62625" y="1.85"/>
<p x="-1.30125" z="4.91125" y="1.75375"/>
<p x="-1.83922" z="4.60272" y="1.67953"/>
<p x="-1.51625" z="4.9" y="1.60625"/>
<p x="-1.59" z="4.62625" y="1.85"/>
<p x="-1.22784" z="5.15509" y="1.47206"/>
<p x="-1.30125" z="4.91125" y="1.75375"/>
<p x="-1.51625" z="4.9" y="1.60625"/>
<p x="-1.59" z="4.62625" y="1.85"/>
<p x="-1.51625" z="4.9" y="1.60625"/>
<p x="-1.30125" z="4.91125" y="1.75375"/>
<p x="-1.60832" z="4.95645" y="1.30102"/>
<p x="-1.68875" z="4.84375" y="1.475"/>
<p x="-1.77375" z="4.8125" y="1.325"/>
<p x="-1.83922" z="4.60272" y="1.67953"/>
<p x="-1.90125" z="4.66375" y="1.48875"/>
<p x="-1.68875" z="4.84375" y="1.475"/>
<p x="-1.95563" z="4.65562" y="1.31313"/>
<p x="-1.77375" z="4.8125" y="1.325"/>
<p x="-1.90125" z="4.66375" y="1.48875"/>
<p x="-1.68875" z="4.84375" y="1.475"/>
<p x="-1.90125" z="4.66375" y="1.48875"/>
<p x="-1.77375" z="4.8125" y="1.325"/>
<p x="-1.22784" z="5.15509" y="1.47206"/>
<p x="-1.51625" z="4.9" y="1.60625"/>
<p x="-1.46375" z="5.04625" y="1.38125"/>
<p x="-1.83922" z="4.60272" y="1.67953"/>
<p x="-1.68875" z="4.84375" y="1.475"/>
<p x="-1.51625" z="4.9" y="1.60625"/>
<p x="-1.60832" z="4.95645" y="1.30102"/>
<p x="-1.46375" z="5.04625" y="1.38125"/>
<p x="-1.68875" z="4.84375" y="1.475"/>
<p x="-1.51625" z="4.9" y="1.60625"/>
<p x="-1.68875" z="4.84375" y="1.475"/>
<p x="-1.46375" z="5.04625" y="1.38125"/>
<p x="-1.22784" z="5.15509" y="1.47206"/>
<p x="-1.46375" z="5.04625" y="1.38125"/>
<p x="-1.2975" z="5.19875" y="1.2675"/>
<p x="-1.60832" z="4.95645" y="1.30102"/>
<p x="-1.48" z="5.07" y="1.2125"/>
<p x="-1.46375" z="5.04625" y="1.38125"/>
<p x="-1.36062" z="5.16688" y="1.1025"/>
<p x="-1.2975" z="5.19875" y="1.2675"/>
<p x="-1.48" z="5.07" y="1.2125"/>
<p x="-1.46375" z="5.04625" y="1.38125"/>
<p x="-1.48" z="5.07" y="1.2125"/>
<p x="-1.2975" z="5.19875" y="1.2675"/>
<p x="-1.60832" z="4.95645" y="1.30102"/>
<p x="-1.63125" z="4.9525" y="1.1625"/>
<p x="-1.48" z="5.07" y="1.2125"/>
<p x="-1.66625" z="4.9075" y="0.995"/>
<p x="-1.50625" z="5.04375" y="1.02625"/>
<p x="-1.63125" z="4.9525" y="1.1625"/>
<p x="-1.36062" z="5.16688" y="1.1025"/>
<p x="-1.48" z="5.07" y="1.2125"/>
<p x="-1.50625" z="5.04375" y="1.02625"/>
<p x="-1.63125" z="4.9525" y="1.1625"/>
<p x="-1.50625" z="5.04375" y="1.02625"/>
<p x="-1.48" z="5.07" y="1.2125"/>
<p x="-1.60832" z="4.95645" y="1.30102"/>
<p x="-1.77375" z="4.8125" y="1.325"/>
<p x="-1.63125" z="4.9525" y="1.1625"/>
<p x="-1.95563" z="4.65562" y="1.31313"/>
<p x="-1.80125" z="4.8" y="1.16625"/>
<p x="-1.77375" z="4.8125" y="1.325"/>
<p x="-1.66625" z="4.9075" y="0.995"/>
<p x="-1.63125" z="4.9525" y="1.1625"/>
<p x="-1.80125" z="4.8" y="1.16625"/>
<p x="-1.77375" z="4.8125" y="1.325"/>
<p x="-1.80125" z="4.8" y="1.16625"/>
<p x="-1.63125" z="4.9525" y="1.1625"/>
<p x="-1.66625" z="4.9075" y="0.995"/>
<p x="-1.80125" z="4.8" y="1.16625"/>
<p x="-1.87125" z="4.72625" y="1.01125"/>
<p x="-1.95563" z="4.65562" y="1.31313"/>
<p x="-1.99" z="4.6325" y="1.15"/>
<p x="-1.80125" z="4.8" y="1.16625"/>
<p x="-2.04514" z="4.5757" y="0.99384"/>
<p x="-1.87125" z="4.72625" y="1.01125"/>
<p x="-1.99" z="4.6325" y="1.15"/>
<p x="-1.80125" z="4.8" y="1.16625"/>
<p x="-1.99" z="4.6325" y="1.15"/>
<p x="-1.87125" z="4.72625" y="1.01125"/>
<p x="-1.44628" z="5.00372" y="0.574808"/>
<p x="-1.38625" z="5.1225" y="0.865"/>
<p x="-1.56625" z="4.9575" y="0.80125"/>
<p x="-1.36062" z="5.16688" y="1.1025"/>
<p x="-1.50625" z="5.04375" y="1.02625"/>
<p x="-1.38625" z="5.1225" y="0.865"/>
<p x="-1.66625" z="4.9075" y="0.995"/>
<p x="-1.56625" z="4.9575" y="0.80125"/>
<p x="-1.50625" z="5.04375" y="1.02625"/>
<p x="-1.38625" z="5.1225" y="0.865"/>
<p x="-1.50625" z="5.04375" y="1.02625"/>
<p x="-1.56625" z="4.9575" y="0.80125"/>
<p x="-1.66625" z="4.9075" y="0.995"/>
<p x="-1.87125" z="4.72625" y="1.01125"/>
<p x="-1.80625" z="4.755" y="0.8225"/>
<p x="-2.04514" z="4.5757" y="0.99384"/>
<p x="-2.03125" z="4.5675" y="0.84375"/>
<p x="-1.87125" z="4.72625" y="1.01125"/>
<p x="-1.98609" z="4.57055" y="0.692614"/>
<p x="-1.80625" z="4.755" y="0.8225"/>
<p x="-2.03125" z="4.5675" y="0.84375"/>
<p x="-1.87125" z="4.72625" y="1.01125"/>
<p x="-2.03125" z="4.5675" y="0.84375"/>
<p x="-1.80625" z="4.755" y="0.8225"/>
<p x="-1.66625" z="4.9075" y="0.995"/>
<p x="-1.80625" z="4.755" y="0.8225"/>
<p x="-1.56625" z="4.9575" y="0.80125"/>
<p x="-1.98609" z="4.57055" y="0.692614"/>
<p x="-1.755" z="4.75125" y="0.62625"/>
<p x="-1.80625" z="4.755" y="0.8225"/>
<p x="-1.44628" z="5.00372" y="0.574808"/>
<p x="-1.56625" z="4.9575" y="0.80125"/>
<p x="-1.755" z="4.75125" y="0.62625"/>
<p x="-1.80625" z="4.755" y="0.8225"/>
<p x="-1.755" z="4.75125" y="0.62625"/>
<p x="-1.56625" z="4.9575" y="0.80125"/>
<p x="-2.01157" z="4.39265" y="0.338429"/>
<p x="-1.705" z="4.69625" y="0.43"/>
<p x="-2.00875" z="4.50625" y="0.53625"/>
<p x="-1.44628" z="5.00372" y="0.574808"/>
<p x="-1.755" z="4.75125" y="0.62625"/>
<p x="-1.705" z="4.69625" y="0.43"/>
<p x="-1.98609" z="4.57055" y="0.692614"/>
<p x="-2.00875" z="4.50625" y="0.53625"/>
<p x="-1.755" z="4.75125" y="0.62625"/>
<p x="-1.705" z="4.69625" y="0.43"/>
<p x="-1.755" z="4.75125" y="0.62625"/>
<p x="-2.00875" z="4.50625" y="0.53625"/>
<p x="-1.44628" z="5.00372" y="0.574808"/>
<p x="-1.705" z="4.69625" y="0.43"/>
<p x="-1.39875" z="4.88375" y="0.31625"/>
<p x="-2.01157" z="4.39265" y="0.338429"/>
<p x="-1.6275" z="4.575" y="0.22"/>
<p x="-1.705" z="4.69625" y="0.43"/>
<p x="-1.2802" z="4.71794" y="0.0702952"/>
<p x="-1.39875" z="4.88375" y="0.31625"/>
<p x="-1.6275" z="4.575" y="0.22"/>
<p x="-1.705" z="4.69625" y="0.43"/>
<p x="-1.6275" z="4.575" y="0.22"/>
<p x="-1.39875" z="4.88375" y="0.31625"/>
<p x="-1.75718" z="4.09472" y="-0.0720542"/>
<p x="-1.545" z="4.4075" y="0.025"/>
<p x="-1.875" z="4.28" y="0.125"/>
<p x="-1.2802" z="4.71794" y="0.0702952"/>
<p x="-1.6275" z="4.575" y="0.22"/>
<p x="-1.545" z="4.4075" y="0.025"/>
<p x="-2.01157" z="4.39265" y="0.338429"/>
<p x="-1.875" z="4.28" y="0.125"/>
<p x="-1.6275" z="4.575" y="0.22"/>
<p x="-1.545" z="4.4075" y="0.025"/>
<p x="-1.6275" z="4.575" y="0.22"/>
<p x="-1.875" z="4.28" y="0.125"/>
<p x="-1.25804" z="4.23766" y="-0.209909"/>
<p x="-1.2625" z="4.43875" y="-0.09625"/>
<p x="-1.47125" z="4.21" y="-0.1375"/>
<p x="-1.2802" z="4.71794" y="0.0702952"/>
<p x="-1.545" z="4.4075" y="0.025"/>
<p x="-1.2625" z="4.43875" y="-0.09625"/>
<p x="-1.75718" z="4.09472" y="-0.0720542"/>
<p x="-1.47125" z="4.21" y="-0.1375"/>
<p x="-1.545" z="4.4075" y="0.025"/>
<p x="-1.2625" z="4.43875" y="-0.09625"/>
<p x="-1.545" z="4.4075" y="0.025"/>
<p x="-1.47125" z="4.21" y="-0.1375"/>
<p x="-1.2802" z="4.71794" y="0.0702952"/>
<p x="-1.2625" z="4.43875" y="-0.09625"/>
<p x="-1.035" z="4.6275" y="-0.115"/>
<p x="-1.25804" z="4.23766" y="-0.209909"/>
<p x="-1.0375" z="4.36875" y="-0.215"/>
<p x="-1.2625" z="4.43875" y="-0.09625"/>
<p x="-0.777259" z="4.50667" y="-0.24902"/>
<p x="-1.035" z="4.6275" y="-0.115"/>
<p x="-1.0375" z="4.36875" y="-0.215"/>
<p x="-1.2625" z="4.43875" y="-0.09625"/>
<p x="-1.0375" z="4.36875" y="-0.215"/>
<p x="-1.035" z="4.6275" y="-0.115"/>
<p x="-0.965795" z="4.08084" y="-0.362432"/>
<p x="-0.87" z="4.25875" y="-0.3075"/>
<p x="-1.10875" z="4.15625" y="-0.3"/>
<p x="-0.777259" z="4.50667" y="-0.24902"/>
<p x="-1.0375" z="4.36875" y="-0.215"/>
<p x="-0.87" z="4.25875" y="-0.3075"/>
<p x="-1.25804" z="4.23766" y="-0.209909"/>
<p x="-1.10875" z="4.15625" y="-0.3"/>
<p x="-1.0375" z="4.36875" y="-0.215"/>
<p x="-0.87" z="4.25875" y="-0.3075"/>
<p x="-1.0375" z="4.36875" y="-0.215"/>
<p x="-1.10875" z="4.15625" y="-0.3"/>
<p x="-1.25804" z="4.23766" y="-0.209909"/>
<p x="-1.3325" z="4.0575" y="-0.27625"/>
<p x="-1.10875" z="4.15625" y="-0.3"/>
<p x="-1.3425" z="3.86813" y="-0.36625"/>
<p x="-1.14125" z="3.9675" y="-0.375"/>
<p x="-1.3325" z="4.0575" y="-0.27625"/>
<p x="-0.965795" z="4.08084" y="-0.362432"/>
<p x="-1.10875" z="4.15625" y="-0.3"/>
<p x="-1.14125" z="3.9675" y="-0.375"/>
<p x="-1.3325" z="4.0575" y="-0.27625"/>
<p x="-1.14125" z="3.9675" y="-0.375"/>
<p x="-1.10875" z="4.15625" y="-0.3"/>
<p x="-1.75718" z="4.09472" y="-0.0720542"/>
<p x="-1.535" z="3.985" y="-0.23375"/>
<p x="-1.47125" z="4.21" y="-0.1375"/>
<p x="-1.3425" z="3.86813" y="-0.36625"/>
<p x="-1.3325" z="4.0575" y="-0.27625"/>
<p x="-1.535" z="3.985" y="-0.23375"/>
<p x="-1.25804" z="4.23766" y="-0.209909"/>
<p x="-1.47125" z="4.21" y="-0.1375"/>
<p x="-1.3325" z="4.0575" y="-0.27625"/>
<p x="-1.535" z="3.985" y="-0.23375"/>
<p x="-1.3325" z="4.0575" y="-0.27625"/>
<p x="-1.47125" z="4.21" y="-0.1375"/>
<p x="-1.63925" z="3.68355" y="-0.359726"/>
<p x="-1.51875" z="3.77375" y="-0.3575"/>
<p x="-1.67625" z="3.8625" y="-0.24625"/>
<p x="-1.3425" z="3.86813" y="-0.36625"/>
<p x="-1.535" z="3.985" y="-0.23375"/>
<p x="-1.51875" z="3.77375" y="-0.3575"/>
<p x="-1.75718" z="4.09472" y="-0.0720542"/>
<p x="-1.67625" z="3.8625" y="-0.24625"/>
<p x="-1.535" z="3.985" y="-0.23375"/>
<p x="-1.51875" z="3.77375" y="-0.3575"/>
<p x="-1.535" z="3.985" y="-0.23375"/>
<p x="-1.67625" z="3.8625" y="-0.24625"/>
<p x="-1.43562" z="3.50625" y="-0.49125"/>
<p x="-1.36" z="3.67625" y="-0.44875"/>
<p x="-1.55" z="3.595" y="-0.43"/>
<p x="-1.3425" z="3.86813" y="-0.36625"/>
<p x="-1.51875" z="3.77375" y="-0.3575"/>
<p x="-1.36" z="3.67625" y="-0.44875"/>
<p x="-1.63925" z="3.68355" y="-0.359726"/>
<p x="-1.55" z="3.595" y="-0.43"/>
<p x="-1.51875" z="3.77375" y="-0.3575"/>
<p x="-1.36" z="3.67625" y="-0.44875"/>
<p x="-1.51875" z="3.77375" y="-0.3575"/>
<p x="-1.55" z="3.595" y="-0.43"/>
<p x="-0.22125" z="3.89375" y="-0.45375"/>
<p x="-0.43" z="4.05" y="-0.40625"/>
<p x="-0.5075" z="3.79" y="-0.4975"/>
<p x="-0.571114" z="4.1442" y="-0.372432"/>
<p x="-0.6825" z="3.9375" y="-0.445"/>
<p x="-0.43" z="4.05" y="-0.40625"/>
<p x="-0.866778" z="3.68477" y="-0.522387"/>
<p x="-0.5075" z="3.79" y="-0.4975"/>
<p x="-0.6825" z="3.9375" y="-0.445"/>
<p x="-0.43" z="4.05" y="-0.40625"/>
<p x="-0.6825" z="3.9375" y="-0.445"/>
<p x="-0.5075" z="3.79" y="-0.4975"/>
<p x="-0.965795" z="4.08084" y="-0.362432"/>
<p x="-0.93" z="3.9175" y="-0.4325"/>
<p x="-0.76875" z="4.10625" y="-0.37875"/>
<p x="-0.866778" z="3.68477" y="-0.522387"/>
<p x="-0.6825" z="3.9375" y="-0.445"/>
<p x="-0.93" z="3.9175" y="-0.4325"/>
<p x="-0.571114" z="4.1442" y="-0.372432"/>
<p x="-0.76875" z="4.10625" y="-0.37875"/>
<p x="-0.6825" z="3.9375" y="-0.445"/>
<p x="-0.93" z="3.9175" y="-0.4325"/>
<p x="-0.6825" z="3.9375" y="-0.445"/>
<p x="-0.76875" z="4.10625" y="-0.37875"/>
<p x="-0.965795" z="4.08084" y="-0.362432"/>
<p x="-1.14125" z="3.9675" y="-0.375"/>
<p x="-0.93" z="3.9175" y="-0.4325"/>
<p x="-1.3425" z="3.86813" y="-0.36625"/>
<p x="-1.1375" z="3.78125" y="-0.45125"/>
<p x="-1.14125" z="3.9675" y="-0.375"/>
<p x="-0.866778" z="3.68477" y="-0.522387"/>
<p x="-0.93" z="3.9175" y="-0.4325"/>
<p x="-1.1375" z="3.78125" y="-0.45125"/>
<p x="-1.14125" z="3.9675" y="-0.375"/>
<p x="-1.1375" z="3.78125" y="-0.45125"/>
<p x="-0.93" z="3.9175" y="-0.4325"/>
<p x="-0.866778" z="3.68477" y="-0.522387"/>
<p x="-1.1375" z="3.78125" y="-0.45125"/>
<p x="-1.19125" z="3.5775" y="-0.51625"/>
<p x="-1.3425" z="3.86813" y="-0.36625"/>
<p x="-1.36" z="3.67625" y="-0.44875"/>
<p x="-1.1375" z="3.78125" y="-0.45125"/>
<p x="-1.43562" z="3.50625" y="-0.49125"/>
<p x="-1.19125" z="3.5775" y="-0.51625"/>
<p x="-1.36" z="3.67625" y="-0.44875"/>
<p x="-1.1375" z="3.78125" y="-0.45125"/>
<p x="-1.36" z="3.67625" y="-0.44875"/>
<p x="-1.19125" z="3.5775" y="-0.51625"/>
<p x="-1.43562" z="3.50625" y="-0.49125"/>
<p x="-1.31375" z="3.385" y="-0.5525"/>
<p x="-1.19125" z="3.5775" y="-0.51625"/>
<p x="-1.21853" z="3.19735" y="-0.626568"/>
<p x="-1.06375" z="3.4175" y="-0.585"/>
<p x="-1.31375" z="3.385" y="-0.5525"/>
<p x="-0.866778" z="3.68477" y="-0.522387"/>
<p x="-1.19125" z="3.5775" y="-0.51625"/>
<p x="-1.06375" z="3.4175" y="-0.585"/>
<p x="-1.31375" z="3.385" y="-0.5525"/>
<p x="-1.06375" z="3.4175" y="-0.585"/>
<p x="-1.19125" z="3.5775" y="-0.51625"/>
<p x="-0.866778" z="3.68477" y="-0.522387"/>
<p x="-1.06375" z="3.4175" y="-0.585"/>
<p x="-0.795" z="3.40125" y="-0.615"/>
<p x="-1.21853" z="3.19735" y="-0.626568"/>
<p x="-0.975" z="3.21125" y="-0.66625"/>
<p x="-1.06375" z="3.4175" y="-0.585"/>
<p x="-0.755625" z="3.17625" y="-0.69125"/>
<p x="-0.795" z="3.40125" y="-0.615"/>
<p x="-0.975" z="3.21125" y="-0.66625"/>
<p x="-1.06375" z="3.4175" y="-0.585"/>
<p x="-0.975" z="3.21125" y="-0.66625"/>
<p x="-0.795" z="3.40125" y="-0.615"/>
<p x="-0.755625" z="3.17625" y="-0.69125"/>
<p x="-0.52125" z="3.29625" y="-0.65"/>
<p x="-0.795" z="3.40125" y="-0.615"/>
<p x="-0.220395" z="3.37461" y="-0.620195"/>
<p x="-0.52625" z="3.54" y="-0.57875"/>
<p x="-0.52125" z="3.29625" y="-0.65"/>
<p x="-0.866778" z="3.68477" y="-0.522387"/>
<p x="-0.795" z="3.40125" y="-0.615"/>
<p x="-0.52625" z="3.54" y="-0.57875"/>
<p x="-0.52125" z="3.29625" y="-0.65"/>
<p x="-0.52625" z="3.54" y="-0.57875"/>
<p x="-0.795" z="3.40125" y="-0.615"/>
<p x="-0.866778" z="3.68477" y="-0.522387"/>
<p x="-0.52625" z="3.54" y="-0.57875"/>
<p x="-0.5075" z="3.79" y="-0.4975"/>
<p x="-0.220395" z="3.37461" y="-0.620195"/>
<p x="-0.23375" z="3.63625" y="-0.54375"/>
<p x="-0.52625" z="3.54" y="-0.57875"/>
<p x="-0.22125" z="3.89375" y="-0.45375"/>
<p x="-0.5075" z="3.79" y="-0.4975"/>
<p x="-0.23375" z="3.63625" y="-0.54375"/>
<p x="-0.52625" z="3.54" y="-0.57875"/>
<p x="-0.23375" z="3.63625" y="-0.54375"/>
<p x="-0.5075" z="3.79" y="-0.4975"/>
<p x="-0.22125" z="3.89375" y="-0.45375"/>
<p x="-0.23375" z="3.63625" y="-0.54375"/>
<p x="0.035" z="3.71" y="-0.50375"/>
<p x="-0.220395" z="3.37461" y="-0.620195"/>
<p x="0.02625" z="3.48125" y="-0.57875"/>
<p x="-0.23375" z="3.63625" y="-0.54375"/>
<p x="0.227953" z="3.56177" y="-0.534863"/>
<p x="0.035" z="3.71" y="-0.50375"/>
<p x="0.02625" z="3.48125" y="-0.57875"/>
<p x="-0.23375" z="3.63625" y="-0.54375"/>
<p x="0.02625" z="3.48125" y="-0.57875"/>
<p x="0.035" z="3.71" y="-0.50375"/>
<p x="-0.777259" z="4.50667" y="-0.24902"/>
<p x="-0.87" z="4.25875" y="-0.3075"/>
<p x="-0.6325" z="4.31875" y="-0.3075"/>
<p x="-0.965795" z="4.08084" y="-0.362432"/>
<p x="-0.76875" z="4.10625" y="-0.37875"/>
<p x="-0.87" z="4.25875" y="-0.3075"/>
<p x="-0.571114" z="4.1442" y="-0.372432"/>
<p x="-0.6325" z="4.31875" y="-0.3075"/>
<p x="-0.76875" z="4.10625" y="-0.37875"/>
<p x="-0.87" z="4.25875" y="-0.3075"/>
<p x="-0.76875" z="4.10625" y="-0.37875"/>
<p x="-0.6325" z="4.31875" y="-0.3075"/>
<p x="-0.226688" z="4.5604" y="-0.233447"/>
<p x="-0.51375" z="4.53125" y="-0.2775"/>
<p x="-0.4175" z="4.31875" y="-0.30625"/>
<p x="-0.777259" z="4.50667" y="-0.24902"/>
<p x="-0.6325" z="4.31875" y="-0.3075"/>
<p x="-0.51375" z="4.53125" y="-0.2775"/>
<p x="-0.571114" z="4.1442" y="-0.372432"/>
<p x="-0.4175" z="4.31875" y="-0.30625"/>
<p x="-0.6325" z="4.31875" y="-0.3075"/>
<p x="-0.51375" z="4.53125" y="-0.2775"/>
<p x="-0.6325" z="4.31875" y="-0.3075"/>
<p x="-0.4175" z="4.31875" y="-0.30625"/>
<p x="-0.226688" z="4.5604" y="-0.233447"/>
<p x="-0.4175" z="4.31875" y="-0.30625"/>
<p x="-0.20375" z="4.19125" y="-0.34125"/>
<p x="-0.571114" z="4.1442" y="-0.372432"/>
<p x="-0.43" z="4.05" y="-0.40625"/>
<p x="-0.4175" z="4.31875" y="-0.30625"/>
<p x="-0.22125" z="3.89375" y="-0.45375"/>
<p x="-0.20375" z="4.19125" y="-0.34125"/>
<p x="-0.43" z="4.05" y="-0.40625"/>
<p x="-0.4175" z="4.31875" y="-0.30625"/>
<p x="-0.43" z="4.05" y="-0.40625"/>
<p x="-0.20375" z="4.19125" y="-0.34125"/>
<p x="-0.226688" z="4.5604" y="-0.233447"/>
<p x="-0.20375" z="4.19125" y="-0.34125"/>
<p x="0.06125" z="4.22375" y="-0.295"/>
<p x="-0.22125" z="3.89375" y="-0.45375"/>
<p x="0.0475" z="3.96" y="-0.405"/>
<p x="-0.20375" z="4.19125" y="-0.34125"/>
<p x="0.325" z="3.95625" y="-0.364375"/>
<p x="0.06125" z="4.22375" y="-0.295"/>
<p x="0.0475" z="3.96" y="-0.405"/>
<p x="-0.20375" z="4.19125" y="-0.34125"/>
<p x="0.0475" z="3.96" y="-0.405"/>
<p x="0.06125" z="4.22375" y="-0.295"/>
<p x="0.227953" z="3.56177" y="-0.534863"/>
<p x="0.29375" z="3.7375" y="-0.4625"/>
<p x="0.035" z="3.71" y="-0.50375"/>
<p x="0.325" z="3.95625" y="-0.364375"/>
<p x="0.0475" z="3.96" y="-0.405"/>
<p x="0.29375" z="3.7375" y="-0.4625"/>
<p x="-0.22125" z="3.89375" y="-0.45375"/>
<p x="0.035" z="3.71" y="-0.50375"/>
<p x="0.0475" z="3.96" y="-0.405"/>
<p x="0.29375" z="3.7375" y="-0.4625"/>
<p x="0.0475" z="3.96" y="-0.405"/>
<p x="0.035" z="3.71" y="-0.50375"/>
<p x="0.325" z="3.95625" y="-0.364375"/>
<p x="0.29375" z="3.7375" y="-0.4625"/>
<p x="0.53125" z="3.73375" y="-0.41875"/>
<p x="0.227953" z="3.56177" y="-0.534863"/>
<p x="0.44" z="3.5325" y="-0.51125"/>
<p x="0.29375" z="3.7375" y="-0.4625"/>
<p x="0.71504" z="3.48891" y="-0.480875"/>
<p x="0.53125" z="3.73375" y="-0.41875"/>
<p x="0.44" z="3.5325" y="-0.51125"/>
<p x="0.29375" z="3.7375" y="-0.4625"/>
<p x="0.44" z="3.5325" y="-0.51125"/>
<p x="0.53125" z="3.73375" y="-0.41875"/>
<p x="0.325" z="3.95625" y="-0.364375"/>
<p x="0.5625" z="3.945" y="-0.31625"/>
<p x="0.35375" z="4.1625" y="-0.26625"/>
<p x="0.747295" z="3.97252" y="-0.245795"/>
<p x="0.6125" z="4.13875" y="-0.2025"/>
<p x="0.5625" z="3.945" y="-0.31625"/>
<p x="0.44125" z="4.335" y="-0.14625"/>
<p x="0.35375" z="4.1625" y="-0.26625"/>
<p x="0.6125" z="4.13875" y="-0.2025"/>
<p x="0.5625" z="3.945" y="-0.31625"/>
<p x="0.6125" z="4.13875" y="-0.2025"/>
<p x="0.35375" z="4.1625" y="-0.26625"/>
<p x="0.71504" z="3.48891" y="-0.480875"/>
<p x="0.74125" z="3.7675" y="-0.34875"/>
<p x="0.53125" z="3.73375" y="-0.41875"/>
<p x="0.747295" z="3.97252" y="-0.245795"/>
<p x="0.5625" z="3.945" y="-0.31625"/>
<p x="0.74125" z="3.7675" y="-0.34875"/>
<p x="0.325" z="3.95625" y="-0.364375"/>
<p x="0.53125" z="3.73375" y="-0.41875"/>
<p x="0.5625" z="3.945" y="-0.31625"/>
<p x="0.74125" z="3.7675" y="-0.34875"/>
<p x="0.5625" z="3.945" y="-0.31625"/>
<p x="0.53125" z="3.73375" y="-0.41875"/>
<p x="1.0925" z="3.81625" y="-0.206875"/>
<p x="0.9175" z="3.8875" y="-0.23125"/>
<p x="0.92625" z="3.6625" y="-0.335"/>
<p x="0.747295" z="3.97252" y="-0.245795"/>
<p x="0.74125" z="3.7675" y="-0.34875"/>
<p x="0.9175" z="3.8875" y="-0.23125"/>
<p x="0.71504" z="3.48891" y="-0.480875"/>
<p x="0.92625" z="3.6625" y="-0.335"/>
<p x="0.74125" z="3.7675" y="-0.34875"/>
<p x="0.9175" z="3.8875" y="-0.23125"/>
<p x="0.74125" z="3.7675" y="-0.34875"/>
<p x="0.92625" z="3.6625" y="-0.335"/>
<p x="0.9925" z="4.30563" y="0.034375"/>
<p x="0.8475" z="4.13" y="-0.12"/>
<p x="1.0425" z="4.05625" y="-0.095"/>
<p x="0.747295" z="3.97252" y="-0.245795"/>
<p x="0.9175" z="3.8875" y="-0.23125"/>
<p x="0.8475" z="4.13" y="-0.12"/>
<p x="1.0925" z="3.81625" y="-0.206875"/>
<p x="1.0425" z="4.05625" y="-0.095"/>
<p x="0.9175" z="3.8875" y="-0.23125"/>
<p x="0.8475" z="4.13" y="-0.12"/>
<p x="0.9175" z="3.8875" y="-0.23125"/>
<p x="1.0425" z="4.05625" y="-0.095"/>
<p x="0.44125" z="4.335" y="-0.14625"/>
<p x="0.6125" z="4.13875" y="-0.2025"/>
<p x="0.74375" z="4.33125" y="-0.03125"/>
<p x="0.747295" z="3.97252" y="-0.245795"/>
<p x="0.8475" z="4.13" y="-0.12"/>
<p x="0.6125" z="4.13875" y="-0.2025"/>
<p x="0.9925" z="4.30563" y="0.034375"/>
<p x="0.74375" z="4.33125" y="-0.03125"/>
<p x="0.8475" z="4.13" y="-0.12"/>
<p x="0.6125" z="4.13875" y="-0.2025"/>
<p x="0.8475" z="4.13" y="-0.12"/>
<p x="0.74375" z="4.33125" y="-0.03125"/>
<p x="0.44125" z="4.335" y="-0.14625"/>
<p x="0.11125" z="4.42125" y="-0.19875"/>
<p x="0.35375" z="4.1625" y="-0.26625"/>
<p x="-0.226688" z="4.5604" y="-0.233447"/>
<p x="0.06125" z="4.22375" y="-0.295"/>
<p x="0.11125" z="4.42125" y="-0.19875"/>
<p x="0.325" z="3.95625" y="-0.364375"/>
<p x="0.35375" z="4.1625" y="-0.26625"/>
<p x="0.06125" z="4.22375" y="-0.295"/>
<p x="0.11125" z="4.42125" y="-0.19875"/>
<p x="0.06125" z="4.22375" y="-0.295"/>
<p x="0.35375" z="4.1625" y="-0.26625"/>
<p x="0.44125" z="4.335" y="-0.14625"/>
<p x="0.26" z="4.56875" y="-0.07"/>
<p x="0.11125" z="4.42125" y="-0.19875"/>
<p x="0.12923" z="4.78252" y="-0.0214083"/>
<p x="-0.03" z="4.6975" y="-0.14125"/>
<p x="0.26" z="4.56875" y="-0.07"/>
<p x="-0.226688" z="4.5604" y="-0.233447"/>
<p x="0.11125" z="4.42125" y="-0.19875"/>
<p x="-0.03" z="4.6975" y="-0.14125"/>
<p x="0.26" z="4.56875" y="-0.07"/>
<p x="-0.03" z="4.6975" y="-0.14125"/>
<p x="0.11125" z="4.42125" y="-0.19875"/>
<p x="0.9925" z="4.30563" y="0.034375"/>
<p x="0.975" z="4.5075" y="0.16125"/>
<p x="0.74375" z="4.33125" y="-0.03125"/>
<p x="0.902268" z="4.73801" y="0.335158"/>
<p x="0.65125" z="4.5275" y="0.06625"/>
<p x="0.975" z="4.5075" y="0.16125"/>
<p x="0.44125" z="4.335" y="-0.14625"/>
<p x="0.74375" z="4.33125" y="-0.03125"/>
<p x="0.65125" z="4.5275" y="0.06625"/>
<p x="0.975" z="4.5075" y="0.16125"/>
<p x="0.65125" z="4.5275" y="0.06625"/>
<p x="0.74375" z="4.33125" y="-0.03125"/>
<p x="-0.91625" z="5.60125" y="-0.475"/>
<p x="-0.9475" z="5.71875" y="-0.1875"/>
<p x="-1.015" z="5.705" y="-0.2"/>
<p x="-0.954407" z="5.79982" y="0.0467275"/>
<p x="-1.0125" z="5.8" y="0.07375"/>
<p x="-0.9475" z="5.71875" y="-0.1875"/>
<p x="-1.035" z="5.7925" y="0.1075"/>
<p x="-1.015" z="5.705" y="-0.2"/>
<p x="-1.0125" z="5.8" y="0.07375"/>
<p x="-0.9475" z="5.71875" y="-0.1875"/>
<p x="-1.0125" z="5.8" y="0.07375"/>
<p x="-1.015" z="5.705" y="-0.2"/>
<p x="-0.954407" z="5.79982" y="0.0467275"/>
<p x="-0.9425" z="5.86375" y="0.28875"/>
<p x="-1.0125" z="5.8" y="0.07375"/>
<p x="-0.84" z="5.9175" y="0.5625"/>
<p x="-0.965" z="5.865" y="0.37"/>
<p x="-0.9425" z="5.86375" y="0.28875"/>
<p x="-1.035" z="5.7925" y="0.1075"/>
<p x="-1.0125" z="5.8" y="0.07375"/>
<p x="-0.965" z="5.865" y="0.37"/>
<p x="-0.9425" z="5.86375" y="0.28875"/>
<p x="-0.965" z="5.865" y="0.37"/>
<p x="-1.0125" z="5.8" y="0.07375"/>
<p x="-0.794297" z="5.82488" y="0.213047"/>
<p x="-0.825" z="5.86625" y="0.35625"/>
<p x="-0.88125" z="5.82875" y="0.1575"/>
<p x="-0.84" z="5.9175" y="0.5625"/>
<p x="-0.9425" z="5.86375" y="0.28875"/>
<p x="-0.825" z="5.86625" y="0.35625"/>
<p x="-0.954407" z="5.79982" y="0.0467275"/>
<p x="-0.88125" z="5.82875" y="0.1575"/>
<p x="-0.9425" z="5.86375" y="0.28875"/>
<p x="-0.825" z="5.86625" y="0.35625"/>
<p x="-0.9425" z="5.86375" y="0.28875"/>
<p x="-0.88125" z="5.82875" y="0.1575"/>
<p x="-0.84" z="5.9175" y="0.5625"/>
<p x="-0.6725" z="5.85375" y="0.455"/>
<p x="-0.695" z="5.945" y="0.66"/>
<p x="-0.473188" z="5.76524" y="0.308832"/>
<p x="-0.53625" z="5.8675" y="0.54375"/>
<p x="-0.6725" z="5.85375" y="0.455"/>
<p x="-0.55875" z="5.95" y="0.70125"/>
<p x="-0.695" z="5.945" y="0.66"/>
<p x="-0.53625" z="5.8675" y="0.54375"/>
<p x="-0.6725" z="5.85375" y="0.455"/>
<p x="-0.53625" z="5.8675" y="0.54375"/>
<p x="-0.695" z="5.945" y="0.66"/>
<p x="-0.794297" z="5.82488" y="0.213047"/>
<p x="-0.67875" z="5.79875" y="0.25125"/>
<p x="-0.825" z="5.86625" y="0.35625"/>
<p x="-0.473188" z="5.76524" y="0.308832"/>
<p x="-0.6725" z="5.85375" y="0.455"/>
<p x="-0.67875" z="5.79875" y="0.25125"/>
<p x="-0.84" z="5.9175" y="0.5625"/>
<p x="-0.825" z="5.86625" y="0.35625"/>
<p x="-0.6725" z="5.85375" y="0.455"/>
<p x="-0.67875" z="5.79875" y="0.25125"/>
<p x="-0.6725" z="5.85375" y="0.455"/>
<p x="-0.825" z="5.86625" y="0.35625"/>
<p x="-0.597844" z="5.65804" y="-0.162451"/>
<p x="-0.405" z="5.55875" y="-0.325"/>
<p x="-0.40125" z="5.63125" y="-0.11875"/>
<p x="-0.277842" z="5.48682" y="-0.422999"/>
<p x="-0.25625" z="5.55125" y="-0.27375"/>
<p x="-0.405" z="5.55875" y="-0.325"/>
<p x="-0.250091" z="5.61748" y="-0.102523"/>
<p x="-0.40125" z="5.63125" y="-0.11875"/>
<p x="-0.25625" z="5.55125" y="-0.27375"/>
<p x="-0.405" z="5.55875" y="-0.325"/>
<p x="-0.25625" z="5.55125" y="-0.27375"/>
<p x="-0.40125" z="5.63125" y="-0.11875"/>
<p x="-0.597844" z="5.65804" y="-0.162451"/>
<p x="-0.56125" z="5.555" y="-0.42375"/>
<p x="-0.405" z="5.55875" y="-0.325"/>
<p x="-0.515887" z="5.47009" y="-0.581976"/>
<p x="-0.39125" z="5.4725" y="-0.50875"/>
<p x="-0.56125" z="5.555" y="-0.42375"/>
<p x="-0.277842" z="5.48682" y="-0.422999"/>
<p x="-0.405" z="5.55875" y="-0.325"/>
<p x="-0.39125" z="5.4725" y="-0.50875"/>
<p x="-0.56125" z="5.555" y="-0.42375"/>
<p x="-0.39125" z="5.4725" y="-0.50875"/>
<p x="-0.405" z="5.55875" y="-0.325"/>
<p x="-0.597844" z="5.65804" y="-0.162451"/>
<p x="-0.5375" z="5.71" y="0.065"/>
<p x="-0.7275" z="5.765" y="0.0675"/>
<p x="-0.473188" z="5.76524" y="0.308832"/>
<p x="-0.67875" z="5.79875" y="0.25125"/>
<p x="-0.5375" z="5.71" y="0.065"/>
<p x="-0.794297" z="5.82488" y="0.213047"/>
<p x="-0.7275" z="5.765" y="0.0675"/>
<p x="-0.67875" z="5.79875" y="0.25125"/>
<p x="-0.5375" z="5.71" y="0.065"/>
<p x="-0.67875" z="5.79875" y="0.25125"/>
<p x="-0.7275" z="5.765" y="0.0675"/>
<p x="-0.597844" z="5.65804" y="-0.162451"/>
<p x="-0.7275" z="5.765" y="0.0675"/>
<p x="-0.82875" z="5.73875" y="-0.0825"/>
<p x="-0.794297" z="5.82488" y="0.213047"/>
<p x="-0.88125" z="5.82875" y="0.1575"/>
<p x="-0.7275" z="5.765" y="0.0675"/>
<p x="-0.954407" z="5.79982" y="0.0467275"/>
<p x="-0.82875" z="5.73875" y="-0.0825"/>
<p x="-0.88125" z="5.82875" y="0.1575"/>
<p x="-0.7275" z="5.765" y="0.0675"/>
<p x="-0.88125" z="5.82875" y="0.1575"/>
<p x="-0.82875" z="5.73875" y="-0.0825"/>
<p x="-0.597844" z="5.65804" y="-0.162451"/>
<p x="-0.82875" z="5.73875" y="-0.0825"/>
<p x="-0.76875" z="5.63625" y="-0.33375"/>
<p x="-0.954407" z="5.79982" y="0.0467275"/>
<p x="-0.9475" z="5.71875" y="-0.1875"/>
<p x="-0.82875" z="5.73875" y="-0.0825"/>
<p x="-0.91625" z="5.60125" y="-0.475"/>
<p x="-0.76875" z="5.63625" y="-0.33375"/>
<p x="-0.9475" z="5.71875" y="-0.1875"/>
<p x="-0.82875" z="5.73875" y="-0.0825"/>
<p x="-0.9475" z="5.71875" y="-0.1875"/>
<p x="-0.76875" z="5.63625" y="-0.33375"/>
<p x="-0.597844" z="5.65804" y="-0.162451"/>
<p x="-0.76875" z="5.63625" y="-0.33375"/>
<p x="-0.56125" z="5.555" y="-0.42375"/>
<p x="-0.91625" z="5.60125" y="-0.475"/>
<p x="-0.69" z="5.5275" y="-0.5525"/>
<p x="-0.76875" z="5.63625" y="-0.33375"/>
<p x="-0.515887" z="5.47009" y="-0.581976"/>
<p x="-0.56125" z="5.555" y="-0.42375"/>
<p x="-0.69" z="5.5275" y="-0.5525"/>
<p x="-0.76875" z="5.63625" y="-0.33375"/>
<p x="-0.69" z="5.5275" y="-0.5525"/>
<p x="-0.56125" z="5.555" y="-0.42375"/>
<p x="-0.5675" z="5.38" y="-0.705"/>
<p x="-0.5525" z="5.42125" y="-0.66375"/>
<p x="-0.75" z="5.48" y="-0.64"/>
<p x="-0.515887" z="5.47009" y="-0.581976"/>
<p x="-0.69" z="5.5275" y="-0.5525"/>
<p x="-0.5525" z="5.42125" y="-0.66375"/>
<p x="-0.91625" z="5.60125" y="-0.475"/>
<p x="-0.75" z="5.48" y="-0.64"/>
<p x="-0.69" z="5.5275" y="-0.5525"/>
<p x="-0.5525" z="5.42125" y="-0.66375"/>
<p x="-0.69" z="5.5275" y="-0.5525"/>
<p x="-0.75" z="5.48" y="-0.64"/>
<p x="-0.28875" z="5.35125" y="-0.595"/>
<p x="-0.39875" z="5.39875" y="-0.62"/>
<p x="-0.42" z="5.34" y="-0.68"/>
<p x="-0.515887" z="5.47009" y="-0.581976"/>
<p x="-0.5525" z="5.42125" y="-0.66375"/>
<p x="-0.39875" z="5.39875" y="-0.62"/>
<p x="-0.5675" z="5.38" y="-0.705"/>
<p x="-0.42" z="5.34" y="-0.68"/>
<p x="-0.5525" z="5.42125" y="-0.66375"/>
<p x="-0.39875" z="5.39875" y="-0.62"/>
<p x="-0.5525" z="5.42125" y="-0.66375"/>
<p x="-0.42" z="5.34" y="-0.68"/>
<p x="-0.28875" z="5.35125" y="-0.595"/>
<p x="-0.265" z="5.4175" y="-0.525"/>
<p x="-0.39875" z="5.39875" y="-0.62"/>
<p x="-0.277842" z="5.48682" y="-0.422999"/>
<p x="-0.39125" z="5.4725" y="-0.50875"/>
<p x="-0.265" z="5.4175" y="-0.525"/>
<p x="-0.515887" z="5.47009" y="-0.581976"/>
<p x="-0.39875" z="5.39875" y="-0.62"/>
<p x="-0.39125" z="5.4725" y="-0.50875"/>
<p x="-0.265" z="5.4175" y="-0.525"/>
<p x="-0.39125" z="5.4725" y="-0.50875"/>
<p x="-0.39875" z="5.39875" y="-0.62"/>
<p x="-0.05" z="5.49125" y="-0.32"/>
<p x="-0.16375" z="5.475" y="-0.3925"/>
<p x="-0.155" z="5.405" y="-0.48"/>
<p x="-0.277842" z="5.48682" y="-0.422999"/>
<p x="-0.265" z="5.4175" y="-0.525"/>
<p x="-0.16375" z="5.475" y="-0.3925"/>
<p x="-0.28875" z="5.35125" y="-0.595"/>
<p x="-0.155" z="5.405" y="-0.48"/>
<p x="-0.265" z="5.4175" y="-0.525"/>
<p x="-0.16375" z="5.475" y="-0.3925"/>
<p x="-0.265" z="5.4175" y="-0.525"/>
<p x="-0.155" z="5.405" y="-0.48"/>
<p x="-0.277842" z="5.48682" y="-0.422999"/>
<p x="-0.16375" z="5.475" y="-0.3925"/>
<p x="-0.25625" z="5.55125" y="-0.27375"/>
<p x="-0.05" z="5.49125" y="-0.32"/>
<p x="-0.12625" z="5.56125" y="-0.2075"/>
<p x="-0.16375" z="5.475" y="-0.3925"/>
<p x="-0.250091" z="5.61748" y="-0.102523"/>
<p x="-0.25625" z="5.55125" y="-0.27375"/>
<p x="-0.12625" z="5.56125" y="-0.2075"/>
<p x="-0.16375" z="5.475" y="-0.3925"/>
<p x="-0.12625" z="5.56125" y="-0.2075"/>
<p x="-0.25625" z="5.55125" y="-0.27375"/>
<p x="-0.250091" z="5.61748" y="-0.102523"/>
<p x="-0.3425" z="5.6825" y="0.07"/>
<p x="-0.40125" z="5.63125" y="-0.11875"/>
<p x="-0.473188" z="5.76524" y="0.308832"/>
<p x="-0.5375" z="5.71" y="0.065"/>
<p x="-0.3425" z="5.6825" y="0.07"/>
<p x="-0.597844" z="5.65804" y="-0.162451"/>
<p x="-0.40125" z="5.63125" y="-0.11875"/>
<p x="-0.5375" z="5.71" y="0.065"/>
<p x="-0.3425" z="5.6825" y="0.07"/>
<p x="-0.5375" z="5.71" y="0.065"/>
<p x="-0.40125" z="5.63125" y="-0.11875"/>
<p x="-0.02375" z="5.71125" y="0.145"/>
<p x="-0.235" z="5.73625" y="0.22875"/>
<p x="-0.14875" z="5.655" y="0.01125"/>
<p x="-0.473188" z="5.76524" y="0.308832"/>
<p x="-0.3425" z="5.6825" y="0.07"/>
<p x="-0.235" z="5.73625" y="0.22875"/>
<p x="-0.250091" z="5.61748" y="-0.102523"/>
<p x="-0.14875" z="5.655" y="0.01125"/>
<p x="-0.3425" z="5.6825" y="0.07"/>
<p x="-0.235" z="5.73625" y="0.22875"/>
<p x="-0.3425" z="5.6825" y="0.07"/>
<p x="-0.14875" z="5.655" y="0.01125"/>
<p x="-0.02375" z="5.71125" y="0.145"/>
<p x="-0.14875" z="5.655" y="0.01125"/>
<p x="-0.0050" z="5.6" y="-0.1"/>
<p x="-0.250091" z="5.61748" y="-0.102523"/>
<p x="-0.12625" z="5.56125" y="-0.2075"/>
<p x="-0.14875" z="5.655" y="0.01125"/>
<p x="-0.05" z="5.49125" y="-0.32"/>
<p x="-0.0050" z="5.6" y="-0.1"/>
<p x="-0.12625" z="5.56125" y="-0.2075"/>
<p x="-0.14875" z="5.655" y="0.01125"/>
<p x="-0.12625" z="5.56125" y="-0.2075"/>
<p x="-0.0050" z="5.6" y="-0.1"/>
<p x="-0.55875" z="5.95" y="0.70125"/>
<p x="-0.53625" z="5.8675" y="0.54375"/>
<p x="-0.46" z="5.935" y="0.725"/>
<p x="-0.473188" z="5.76524" y="0.308832"/>
<p x="-0.41875" z="5.85" y="0.55125"/>
<p x="-0.53625" z="5.8675" y="0.54375"/>
<p x="-0.38125" z="5.91375" y="0.72"/>
<p x="-0.46" z="5.935" y="0.725"/>
<p x="-0.41875" z="5.85" y="0.55125"/>
<p x="-0.53625" z="5.8675" y="0.54375"/>
<p x="-0.41875" z="5.85" y="0.55125"/>
<p x="-0.46" z="5.935" y="0.725"/>
<p x="-0.38125" z="5.91375" y="0.72"/>
<p x="-0.41875" z="5.85" y="0.55125"/>
<p x="-0.305" z="5.9" y="0.675"/>
<p x="-0.473188" z="5.76524" y="0.308832"/>
<p x="-0.3125" z="5.815" y="0.44875"/>
<p x="-0.41875" z="5.85" y="0.55125"/>
<p x="-0.21875" z="5.87125" y="0.56875"/>
<p x="-0.305" z="5.9" y="0.675"/>
<p x="-0.3125" z="5.815" y="0.44875"/>
<p x="-0.41875" z="5.85" y="0.55125"/>
<p x="-0.3125" z="5.815" y="0.44875"/>
<p x="-0.305" z="5.9" y="0.675"/>
<p x="-0.21875" z="5.87125" y="0.56875"/>
<p x="-0.3125" z="5.815" y="0.44875"/>
<p x="-0.11" z="5.805" y="0.38"/>
<p x="-0.473188" z="5.76524" y="0.308832"/>
<p x="-0.235" z="5.73625" y="0.22875"/>
<p x="-0.3125" z="5.815" y="0.44875"/>
<p x="-0.02375" z="5.71125" y="0.145"/>
<p x="-0.11" z="5.805" y="0.38"/>
<p x="-0.235" z="5.73625" y="0.22875"/>
<p x="-0.3125" z="5.815" y="0.44875"/>
<p x="-0.235" z="5.73625" y="0.22875"/>
<p x="-0.11" z="5.805" y="0.38"/>
<p x="0.44125" z="4.335" y="-0.14625"/>
<p x="0.65125" z="4.5275" y="0.06625"/>
<p x="0.26" z="4.56875" y="-0.07"/>
<p x="0.902268" z="4.73801" y="0.335158"/>
<p x="0.45375" z="4.74375" y="0.13125"/>
<p x="0.65125" z="4.5275" y="0.06625"/>
<p x="0.12923" z="4.78252" y="-0.0214083"/>
<p x="0.26" z="4.56875" y="-0.07"/>
<p x="0.45375" z="4.74375" y="0.13125"/>
<p x="0.65125" z="4.5275" y="0.06625"/>
<p x="0.45375" z="4.74375" y="0.13125"/>
<p x="0.26" z="4.56875" y="-0.07"/>
<p x="0.12923" z="4.78252" y="-0.0214083"/>
<p x="0.45375" z="4.74375" y="0.13125"/>
<p x="0.20125" z="4.95375" y="0.11875"/>
<p x="0.902268" z="4.73801" y="0.335158"/>
<p x="0.48125" z="4.94875" y="0.34875"/>
<p x="0.45375" z="4.74375" y="0.13125"/>
<p x="0.196875" z="5.13375" y="0.313125"/>
<p x="0.20125" z="4.95375" y="0.11875"/>
<p x="0.48125" z="4.94875" y="0.34875"/>
<p x="0.45375" z="4.74375" y="0.13125"/>
<p x="0.48125" z="4.94875" y="0.34875"/>
<p x="0.20125" z="4.95375" y="0.11875"/>
<p x="0.196875" z="5.13375" y="0.313125"/>
<p x="0.48125" z="4.94875" y="0.34875"/>
<p x="0.31375" z="5.17375" y="0.565"/>
<p x="0.902268" z="4.73801" y="0.335158"/>
<p x="0.6475" z="5.00375" y="0.56875"/>
<p x="0.48125" z="4.94875" y="0.34875"/>
<p x="0.388482" z="5.23075" y="0.828397"/>
<p x="0.31375" z="5.17375" y="0.565"/>
<p x="0.6475" z="5.00375" y="0.56875"/>
<p x="0.48125" z="4.94875" y="0.34875"/>
<p x="0.6475" z="5.00375" y="0.56875"/>
<p x="0.31375" z="5.17375" y="0.565"/>
<p x="0.388482" z="5.23075" y="0.828397"/>
<p x="0.6475" z="5.00375" y="0.56875"/>
<p x="0.78375" z="5.04125" y="0.7375"/>
<p x="0.902268" z="4.73801" y="0.335158"/>
<p x="0.97625" z="4.88" y="0.54375"/>
<p x="0.6475" z="5.00375" y="0.56875"/>
<p x="1.05682" z="4.93411" y="0.678409"/>
<p x="0.78375" z="5.04125" y="0.7375"/>
<p x="0.97625" z="4.88" y="0.54375"/>
<p x="0.6475" z="5.00375" y="0.56875"/>
<p x="0.97625" z="4.88" y="0.54375"/>
<p x="0.78375" z="5.04125" y="0.7375"/>
<p x="1.07842" z="5.01177" y="1.05226"/>
<p x="0.74125" z="5.12375" y="0.93375"/>
<p x="1.05375" z="4.99375" y="0.84375"/>
<p x="0.388482" z="5.23075" y="0.828397"/>
<p x="0.78375" z="5.04125" y="0.7375"/>
<p x="0.74125" z="5.12375" y="0.93375"/>
<p x="1.05682" z="4.93411" y="0.678409"/>
<p x="1.05375" z="4.99375" y="0.84375"/>
<p x="0.78375" z="5.04125" y="0.7375"/>
<p x="0.74125" z="5.12375" y="0.93375"/>
<p x="0.78375" z="5.04125" y="0.7375"/>
<p x="1.05375" z="4.99375" y="0.84375"/>
<p x="0.457539" z="5.23488" y="1.19121"/>
<p x="0.4425" z="5.24125" y="1.055"/>
<p x="0.68" z="5.1575" y="1.135"/>
<p x="0.388482" z="5.23075" y="0.828397"/>
<p x="0.74125" z="5.12375" y="0.93375"/>
<p x="0.4425" z="5.24125" y="1.055"/>
<p x="1.07842" z="5.01177" y="1.05226"/>
<p x="0.68" z="5.1575" y="1.135"/>
<p x="0.74125" z="5.12375" y="0.93375"/>
<p x="0.4425" z="5.24125" y="1.055"/>
<p x="0.74125" z="5.12375" y="0.93375"/>
<p x="0.68" z="5.1575" y="1.135"/>
<p x="0.440496" z="5.1699" y="1.5149"/>
<p x="0.46125" z="5.215" y="1.32875"/>
<p x="0.785" z="5.095" y="1.29875"/>
<p x="0.457539" z="5.23488" y="1.19121"/>
<p x="0.68" z="5.1575" y="1.135"/>
<p x="0.46125" z="5.215" y="1.32875"/>
<p x="1.07842" z="5.01177" y="1.05226"/>
<p x="0.785" z="5.095" y="1.29875"/>
<p x="0.68" z="5.1575" y="1.135"/>
<p x="0.46125" z="5.215" y="1.32875"/>
<p x="0.68" z="5.1575" y="1.135"/>
<p x="0.785" z="5.095" y="1.29875"/>
<p x="0.196875" z="5.13375" y="0.313125"/>
<p x="0.31375" z="5.17375" y="0.565"/>
<p x="0.1025" z="5.32875" y="0.525"/>
<p x="0.388482" z="5.23075" y="0.828397"/>
<p x="0.14875" z="5.36125" y="0.74625"/>
<p x="0.31375" z="5.17375" y="0.565"/>
<p x="-0.01375" z="5.49875" y="0.710625"/>
<p x="0.1025" z="5.32875" y="0.525"/>
<p x="0.14875" z="5.36125" y="0.74625"/>
<p x="0.31375" z="5.17375" y="0.565"/>
<p x="0.14875" z="5.36125" y="0.74625"/>
<p x="0.1025" z="5.32875" y="0.525"/>
<p x="0.457539" z="5.23488" y="1.19121"/>
<p x="0.29" z="5.285" y="1.2475"/>
<p x="0.4425" z="5.24125" y="1.055"/>
<p x="0.135625" z="5.33188" y="1.295"/>
<p x="0.23125" z="5.3125" y="1.08125"/>
<p x="0.29" z="5.285" y="1.2475"/>
<p x="0.388482" z="5.23075" y="0.828397"/>
<p x="0.4425" z="5.24125" y="1.055"/>
<p x="0.23125" z="5.3125" y="1.08125"/>
<p x="0.29" z="5.285" y="1.2475"/>
<p x="0.23125" z="5.3125" y="1.08125"/>
<p x="0.4425" z="5.24125" y="1.055"/>
<p x="0.457539" z="5.23488" y="1.19121"/>
<p x="0.46125" z="5.215" y="1.32875"/>
<p x="0.29" z="5.285" y="1.2475"/>
<p x="0.440496" z="5.1699" y="1.5149"/>
<p x="0.24125" z="5.26875" y="1.42875"/>
<p x="0.46125" z="5.215" y="1.32875"/>
<p x="0.135625" z="5.33188" y="1.295"/>
<p x="0.29" z="5.285" y="1.2475"/>
<p x="0.24125" z="5.26875" y="1.42875"/>
<p x="0.46125" z="5.215" y="1.32875"/>
<p x="0.24125" z="5.26875" y="1.42875"/>
<p x="0.29" z="5.285" y="1.2475"/>
<p x="0.440496" z="5.1699" y="1.5149"/>
<p x="0.17875" z="5.23375" y="1.5525"/>
<p x="0.24125" z="5.26875" y="1.42875"/>
<p x="-0.0669691" z="5.25911" y="1.55814"/>
<p x="0.0725" z="5.31875" y="1.43125"/>
<p x="0.17875" z="5.23375" y="1.5525"/>
<p x="0.135625" z="5.33188" y="1.295"/>
<p x="0.24125" z="5.26875" y="1.42875"/>
<p x="0.0725" z="5.31875" y="1.43125"/>
<p x="0.17875" z="5.23375" y="1.5525"/>
<p x="0.0725" z="5.31875" y="1.43125"/>
<p x="0.24125" z="5.26875" y="1.42875"/>
<p x="0.0404762" z="5.43589" y="0.988683"/>
<p x="0.1675" z="5.36625" y="0.9275"/>
<p x="0.0925" z="5.38" y="1.11875"/>
<p x="0.388482" z="5.23075" y="0.828397"/>
<p x="0.23125" z="5.3125" y="1.08125"/>
<p x="0.1675" z="5.36625" y="0.9275"/>
<p x="0.135625" z="5.33188" y="1.295"/>
<p x="0.0925" z="5.38" y="1.11875"/>
<p x="0.23125" z="5.3125" y="1.08125"/>
<p x="0.1675" z="5.36625" y="0.9275"/>
<p x="0.23125" z="5.3125" y="1.08125"/>
<p x="0.0925" z="5.38" y="1.11875"/>
<p x="-0.171682" z="5.44057" y="1.26345"/>
<p x="-0.06" z="5.45875" y="1.12375"/>
<p x="-0.01125" z="5.39375" y="1.2825"/>
<p x="0.0404762" z="5.43589" y="0.988683"/>
<p x="0.0925" z="5.38" y="1.11875"/>
<p x="-0.06" z="5.45875" y="1.12375"/>
<p x="0.135625" z="5.33188" y="1.295"/>
<p x="-0.01125" z="5.39375" y="1.2825"/>
<p x="0.0925" z="5.38" y="1.11875"/>
<p x="-0.06" z="5.45875" y="1.12375"/>
<p x="0.0925" z="5.38" y="1.11875"/>
<p x="-0.01125" z="5.39375" y="1.2825"/>
<p x="0.135625" z="5.33188" y="1.295"/>
<p x="0.0725" z="5.31875" y="1.43125"/>
<p x="-0.01125" z="5.39375" y="1.2825"/>
<p x="-0.0669691" z="5.25911" y="1.55814"/>
<p x="-0.14" z="5.36625" y="1.405"/>
<p x="0.0725" z="5.31875" y="1.43125"/>
<p x="-0.171682" z="5.44057" y="1.26345"/>
<p x="-0.01125" z="5.39375" y="1.2825"/>
<p x="-0.14" z="5.36625" y="1.405"/>
<p x="0.0725" z="5.31875" y="1.43125"/>
<p x="-0.14" z="5.36625" y="1.405"/>
<p x="-0.01125" z="5.39375" y="1.2825"/>
<p x="-0.693621" z="5.34187" y="1.45989"/>
<p x="-0.38375" z="5.4075" y="1.36625"/>
<p x="-0.4" z="5.295" y="1.53"/>
<p x="-0.171682" z="5.44057" y="1.26345"/>
<p x="-0.14" z="5.36625" y="1.405"/>
<p x="-0.38375" z="5.4075" y="1.36625"/>
<p x="-0.0669691" z="5.25911" y="1.55814"/>
<p x="-0.4" z="5.295" y="1.53"/>
<p x="-0.14" z="5.36625" y="1.405"/>
<p x="-0.38375" z="5.4075" y="1.36625"/>
<p x="-0.14" z="5.36625" y="1.405"/>
<p x="-0.4" z="5.295" y="1.53"/>
<p x="0.0404762" z="5.43589" y="0.988683"/>
<p x="0.02125" z="5.4675" y="0.86875"/>
<p x="0.1675" z="5.36625" y="0.9275"/>
<p x="-0.01375" z="5.49875" y="0.710625"/>
<p x="0.14875" z="5.36125" y="0.74625"/>
<p x="0.02125" z="5.4675" y="0.86875"/>
<p x="0.388482" z="5.23075" y="0.828397"/>
<p x="0.1675" z="5.36625" y="0.9275"/>
<p x="0.14875" z="5.36125" y="0.74625"/>
<p x="0.02125" z="5.4675" y="0.86875"/>
<p x="0.14875" z="5.36125" y="0.74625"/>
<p x="0.1675" z="5.36625" y="0.9275"/>
<p x="-0.314607" z="5.61627" y="1.0299"/>
<p x="-0.15" z="5.59625" y="0.86625"/>
<p x="-0.115" z="5.52125" y="0.99875"/>
<p x="-0.01375" z="5.49875" y="0.710625"/>
<p x="0.02125" z="5.4675" y="0.86875"/>
<p x="-0.15" z="5.59625" y="0.86625"/>
<p x="0.0404762" z="5.43589" y="0.988683"/>
<p x="-0.115" z="5.52125" y="0.99875"/>
<p x="0.02125" z="5.4675" y="0.86875"/>
<p x="-0.15" z="5.59625" y="0.86625"/>
<p x="0.02125" z="5.4675" y="0.86875"/>
<p x="-0.115" z="5.52125" y="0.99875"/>
<p x="0.0404762" z="5.43589" y="0.988683"/>
<p x="-0.06" z="5.45875" y="1.12375"/>
<p x="-0.115" z="5.52125" y="0.99875"/>
<p x="-0.171682" z="5.44057" y="1.26345"/>
<p x="-0.2675" z="5.505" y="1.1725"/>
<p x="-0.06" z="5.45875" y="1.12375"/>
<p x="-0.314607" z="5.61627" y="1.0299"/>
<p x="-0.115" z="5.52125" y="0.99875"/>
<p x="-0.2675" z="5.505" y="1.1725"/>
<p x="-0.06" z="5.45875" y="1.12375"/>
<p x="-0.2675" z="5.505" y="1.1725"/>
<p x="-0.115" z="5.52125" y="0.99875"/>
<p x="-0.693621" z="5.34187" y="1.45989"/>
<p x="-0.50375" z="5.48625" y="1.26375"/>
<p x="-0.38375" z="5.4075" y="1.36625"/>
<p x="-0.314607" z="5.61627" y="1.0299"/>
<p x="-0.2675" z="5.505" y="1.1725"/>
<p x="-0.50375" z="5.48625" y="1.26375"/>
<p x="-0.171682" z="5.44057" y="1.26345"/>
<p x="-0.38375" z="5.4075" y="1.36625"/>
<p x="-0.2675" z="5.505" y="1.1725"/>
<p x="-0.50375" z="5.48625" y="1.26375"/>
<p x="-0.2675" z="5.505" y="1.1725"/>
<p x="-0.38375" z="5.4075" y="1.36625"/>
<p x="-0.314607" z="5.61627" y="1.0299"/>
<p x="-0.505" z="5.61375" y="1.0975"/>
<p x="-0.3725" z="5.76375" y="0.8875"/>
<p x="-0.6425" z="5.64187" y="1.05812"/>
<p x="-0.49375" z="5.765" y="0.9175"/>
<p x="-0.505" z="5.61375" y="1.0975"/>
<p x="-0.38125" z="5.91375" y="0.72"/>
<p x="-0.3725" z="5.76375" y="0.8875"/>
<p x="-0.49375" z="5.765" y="0.9175"/>
<p x="-0.505" z="5.61375" y="1.0975"/>
<p x="-0.49375" z="5.765" y="0.9175"/>
<p x="-0.3725" z="5.76375" y="0.8875"/>
<p x="-0.38125" z="5.91375" y="0.72"/>
<p x="-0.49375" z="5.765" y="0.9175"/>
<p x="-0.46" z="5.935" y="0.725"/>
<p x="-0.6425" z="5.64187" y="1.05812"/>
<p x="-0.6" z="5.815" y="0.855"/>
<p x="-0.49375" z="5.765" y="0.9175"/>
<p x="-0.55875" z="5.95" y="0.70125"/>
<p x="-0.46" z="5.935" y="0.725"/>
<p x="-0.6" z="5.815" y="0.855"/>
<p x="-0.49375" z="5.765" y="0.9175"/>
<p x="-0.6" z="5.815" y="0.855"/>
<p x="-0.46" z="5.935" y="0.725"/>
<p x="-0.693621" z="5.34187" y="1.45989"/>
<p x="-0.6825" z="5.48625" y="1.26125"/>
<p x="-0.50375" z="5.48625" y="1.26375"/>
<p x="-0.6425" z="5.64187" y="1.05812"/>
<p x="-0.505" z="5.61375" y="1.0975"/>
<p x="-0.6825" z="5.48625" y="1.26125"/>
<p x="-0.314607" z="5.61627" y="1.0299"/>
<p x="-0.50375" z="5.48625" y="1.26375"/>
<p x="-0.505" z="5.61375" y="1.0975"/>
<p x="-0.6825" z="5.48625" y="1.26125"/>
<p x="-0.505" z="5.61375" y="1.0975"/>
<p x="-0.50375" z="5.48625" y="1.26375"/>
<p x="-0.693621" z="5.34187" y="1.45989"/>
<p x="-0.8675" z="5.41625" y="1.30375"/>
<p x="-0.6825" z="5.48625" y="1.26125"/>
<p x="-0.958125" z="5.49688" y="1.1025"/>
<p x="-0.79625" z="5.57875" y="1.09625"/>
<p x="-0.8675" z="5.41625" y="1.30375"/>
<p x="-0.6425" z="5.64187" y="1.05812"/>
<p x="-0.6825" z="5.48625" y="1.26125"/>
<p x="-0.79625" z="5.57875" y="1.09625"/>
<p x="-0.8675" z="5.41625" y="1.30375"/>
<p x="-0.79625" z="5.57875" y="1.09625"/>
<p x="-0.6825" z="5.48625" y="1.26125"/>
<p x="-0.55875" z="5.95" y="0.70125"/>
<p x="-0.6" z="5.815" y="0.855"/>
<p x="-0.695" z="5.945" y="0.66"/>
<p x="-0.6425" z="5.64187" y="1.05812"/>
<p x="-0.7475" z="5.76" y="0.87375"/>
<p x="-0.6" z="5.815" y="0.855"/>
<p x="-0.84" z="5.9175" y="0.5625"/>
<p x="-0.695" z="5.945" y="0.66"/>
<p x="-0.7475" z="5.76" y="0.87375"/>
<p x="-0.6" z="5.815" y="0.855"/>
<p x="-0.7475" z="5.76" y="0.87375"/>
<p x="-0.695" z="5.945" y="0.66"/>
<p x="-0.958125" z="5.49688" y="1.1025"/>
<p x="-0.88625" z="5.67875" y="0.88875"/>
<p x="-0.79625" z="5.57875" y="1.09625"/>
<p x="-0.84" z="5.9175" y="0.5625"/>
<p x="-0.7475" z="5.76" y="0.87375"/>
<p x="-0.88625" z="5.67875" y="0.88875"/>
<p x="-0.6425" z="5.64187" y="1.05812"/>
<p x="-0.79625" z="5.57875" y="1.09625"/>
<p x="-0.7475" z="5.76" y="0.87375"/>
<p x="-0.88625" z="5.67875" y="0.88875"/>
<p x="-0.7475" z="5.76" y="0.87375"/>
<p x="-0.79625" z="5.57875" y="1.09625"/>
<p x="-0.693621" z="5.34187" y="1.45989"/>
<p x="-0.9575" z="5.2725" y="1.47625"/>
<p x="-0.8675" z="5.41625" y="1.30375"/>
<p x="-1.22784" z="5.15509" y="1.47206"/>
<p x="-1.0775" z="5.335" y="1.28625"/>
<p x="-0.9575" z="5.2725" y="1.47625"/>
<p x="-0.958125" z="5.49688" y="1.1025"/>
<p x="-0.8675" z="5.41625" y="1.30375"/>
<p x="-1.0775" z="5.335" y="1.28625"/>
<p x="-0.9575" z="5.2725" y="1.47625"/>
<p x="-1.0775" z="5.335" y="1.28625"/>
<p x="-0.8675" z="5.41625" y="1.30375"/>
<p x="-1.36062" z="5.16688" y="1.1025"/>
<p x="-1.16" z="5.3375" y="1.12875"/>
<p x="-1.2975" z="5.19875" y="1.2675"/>
<p x="-0.958125" z="5.49688" y="1.1025"/>
<p x="-1.0775" z="5.335" y="1.28625"/>
<p x="-1.16" z="5.3375" y="1.12875"/>
<p x="-1.22784" z="5.15509" y="1.47206"/>
<p x="-1.2975" z="5.19875" y="1.2675"/>
<p x="-1.0775" z="5.335" y="1.28625"/>
<p x="-1.16" z="5.3375" y="1.12875"/>
<p x="-1.0775" z="5.335" y="1.28625"/>
<p x="-1.2975" z="5.19875" y="1.2675"/>
<p x="-1.107" z="5.42729" y="0.831135"/>
<p x="-1.03375" z="5.5025" y="0.96125"/>
<p x="-1.21625" z="5.29625" y="0.965"/>
<p x="-0.958125" z="5.49688" y="1.1025"/>
<p x="-1.16" z="5.3375" y="1.12875"/>
<p x="-1.03375" z="5.5025" y="0.96125"/>
<p x="-1.36062" z="5.16688" y="1.1025"/>
<p x="-1.21625" z="5.29625" y="0.965"/>
<p x="-1.16" z="5.3375" y="1.12875"/>
<p x="-1.03375" z="5.5025" y="0.96125"/>
<p x="-1.16" z="5.3375" y="1.12875"/>
<p x="-1.21625" z="5.29625" y="0.965"/>
<p x="-0.958125" z="5.49688" y="1.1025"/>
<p x="-1.03375" z="5.5025" y="0.96125"/>
<p x="-0.88625" z="5.67875" y="0.88875"/>
<p x="-1.107" z="5.42729" y="0.831135"/>
<p x="-0.9875" z="5.625" y="0.745"/>
<p x="-1.03375" z="5.5025" y="0.96125"/>
<p x="-0.84" z="5.9175" y="0.5625"/>
<p x="-0.88625" z="5.67875" y="0.88875"/>
<p x="-0.9875" z="5.625" y="0.745"/>
<p x="-1.03375" z="5.5025" y="0.96125"/>
<p x="-0.9875" z="5.625" y="0.745"/>
<p x="-0.88625" z="5.67875" y="0.88875"/>
<p x="-1.44628" z="5.00372" y="0.574808"/>
<p x="-1.25375" z="5.24375" y="0.725"/>
<p x="-1.38625" z="5.1225" y="0.865"/>
<p x="-1.107" z="5.42729" y="0.831135"/>
<p x="-1.21625" z="5.29625" y="0.965"/>
<p x="-1.25375" z="5.24375" y="0.725"/>
<p x="-1.36062" z="5.16688" y="1.1025"/>
<p x="-1.38625" z="5.1225" y="0.865"/>
<p x="-1.21625" z="5.29625" y="0.965"/>
<p x="-1.25375" z="5.24375" y="0.725"/>
<p x="-1.21625" z="5.29625" y="0.965"/>
<p x="-1.38625" z="5.1225" y="0.865"/>
<p x="-1.107" z="5.42729" y="0.831135"/>
<p x="-1.25375" z="5.24375" y="0.725"/>
<p x="-1.13375" z="5.41375" y="0.61625"/>
<p x="-1.44628" z="5.00372" y="0.574808"/>
<p x="-1.2675" z="5.1625" y="0.46"/>
<p x="-1.25375" z="5.24375" y="0.725"/>
<p x="-1.16875" z="5.33563" y="0.3625"/>
<p x="-1.13375" z="5.41375" y="0.61625"/>
<p x="-1.2675" z="5.1625" y="0.46"/>
<p x="-1.25375" z="5.24375" y="0.725"/>
<p x="-1.2675" z="5.1625" y="0.46"/>
<p x="-1.13375" z="5.41375" y="0.61625"/>
<p x="-1.107" z="5.42729" y="0.831135"/>
<p x="-1.13375" z="5.41375" y="0.61625"/>
<p x="-0.9875" z="5.625" y="0.745"/>
<p x="-1.16875" z="5.33563" y="0.3625"/>
<p x="-1.0375" z="5.62875" y="0.495"/>
<p x="-1.13375" z="5.41375" y="0.61625"/>
<p x="-0.84" z="5.9175" y="0.5625"/>
<p x="-0.9875" z="5.625" y="0.745"/>
<p x="-1.0375" z="5.62875" y="0.495"/>
<p x="-1.13375" z="5.41375" y="0.61625"/>
<p x="-1.0375" z="5.62875" y="0.495"/>
<p x="-0.9875" z="5.625" y="0.745"/>
<p x="-1.16875" z="5.33563" y="0.3625"/>
<p x="-1.0925" z="5.55375" y="0.2475"/>
<p x="-1.0375" z="5.62875" y="0.495"/>
<p x="-1.035" z="5.7925" y="0.1075"/>
<p x="-0.965" z="5.865" y="0.37"/>
<p x="-1.0925" z="5.55375" y="0.2475"/>
<p x="-0.84" z="5.9175" y="0.5625"/>
<p x="-1.0375" z="5.62875" y="0.495"/>
<p x="-0.965" z="5.865" y="0.37"/>
<p x="-1.0925" z="5.55375" y="0.2475"/>
<p x="-0.965" z="5.865" y="0.37"/>
<p x="-1.0375" z="5.62875" y="0.495"/>
<p x="-1.2802" z="4.71794" y="0.0702952"/>
<p x="-1.2225" z="5.045" y="0.2125"/>
<p x="-1.39875" z="4.88375" y="0.31625"/>
<p x="-1.16875" z="5.33563" y="0.3625"/>
<p x="-1.2675" z="5.1625" y="0.46"/>
<p x="-1.2225" z="5.045" y="0.2125"/>
<p x="-1.44628" z="5.00372" y="0.574808"/>
<p x="-1.39875" z="4.88375" y="0.31625"/>
<p x="-1.2675" z="5.1625" y="0.46"/>
<p x="-1.2225" z="5.045" y="0.2125"/>
<p x="-1.2675" z="5.1625" y="0.46"/>
<p x="-1.39875" z="4.88375" y="0.31625"/>
<p x="-1.2802" z="4.71794" y="0.0702952"/>
<p x="-1.10125" z="4.92125" y="-0.01125"/>
<p x="-1.2225" z="5.045" y="0.2125"/>
<p x="-1.01937" z="5.12312" y="-0.125625"/>
<p x="-1.13375" z="5.2325" y="0.11375"/>
<p x="-1.10125" z="4.92125" y="-0.01125"/>
<p x="-1.16875" z="5.33563" y="0.3625"/>
<p x="-1.2225" z="5.045" y="0.2125"/>
<p x="-1.13375" z="5.2325" y="0.11375"/>
<p x="-1.10125" z="4.92125" y="-0.01125"/>
<p x="-1.13375" z="5.2325" y="0.11375"/>
<p x="-1.2225" z="5.045" y="0.2125"/>
<p x="-0.777259" z="4.50667" y="-0.24902"/>
<p x="-0.90125" z="4.805" y="-0.19625"/>
<p x="-1.035" z="4.6275" y="-0.115"/>
<p x="-1.01937" z="5.12312" y="-0.125625"/>
<p x="-1.10125" z="4.92125" y="-0.01125"/>
<p x="-0.90125" z="4.805" y="-0.19625"/>
<p x="-1.2802" z="4.71794" y="0.0702952"/>
<p x="-1.035" z="4.6275" y="-0.115"/>
<p x="-1.10125" z="4.92125" y="-0.01125"/>
<p x="-0.90125" z="4.805" y="-0.19625"/>
<p x="-1.10125" z="4.92125" y="-0.01125"/>
<p x="-1.035" z="4.6275" y="-0.115"/>
<p x="-1.01937" z="5.12312" y="-0.125625"/>
<p x="-0.90125" z="4.805" y="-0.19625"/>
<p x="-0.83" z="5.01625" y="-0.33"/>
<p x="-0.777259" z="4.50667" y="-0.24902"/>
<p x="-0.665" z="4.7325" y="-0.31875"/>
<p x="-0.90125" z="4.805" y="-0.19625"/>
<p x="-0.611875" z="4.945" y="-0.448125"/>
<p x="-0.83" z="5.01625" y="-0.33"/>
<p x="-0.665" z="4.7325" y="-0.31875"/>
<p x="-0.90125" z="4.805" y="-0.19625"/>
<p x="-0.665" z="4.7325" y="-0.31875"/>
<p x="-0.83" z="5.01625" y="-0.33"/>
<p x="-0.611875" z="4.945" y="-0.448125"/>
<p x="-0.665" z="4.7325" y="-0.31875"/>
<p x="-0.4425" z="4.73875" y="-0.34125"/>
<p x="-0.777259" z="4.50667" y="-0.24902"/>
<p x="-0.51375" z="4.53125" y="-0.2775"/>
<p x="-0.665" z="4.7325" y="-0.31875"/>
<p x="-0.226688" z="4.5604" y="-0.233447"/>
<p x="-0.4425" z="4.73875" y="-0.34125"/>
<p x="-0.51375" z="4.53125" y="-0.2775"/>
<p x="-0.665" z="4.7325" y="-0.31875"/>
<p x="-0.51375" z="4.53125" y="-0.2775"/>
<p x="-0.4425" z="4.73875" y="-0.34125"/>
<p x="-0.611875" z="4.945" y="-0.448125"/>
<p x="-0.4425" z="4.73875" y="-0.34125"/>
<p x="-0.41875" z="4.94625" y="-0.45625"/>
<p x="-0.226688" z="4.5604" y="-0.233447"/>
<p x="-0.2625" z="4.8475" y="-0.31375"/>
<p x="-0.4425" z="4.73875" y="-0.34125"/>
<p x="-0.287001" z="5.01868" y="-0.425978"/>
<p x="-0.41875" z="4.94625" y="-0.45625"/>
<p x="-0.2625" z="4.8475" y="-0.31375"/>
<p x="-0.4425" z="4.73875" y="-0.34125"/>
<p x="-0.2625" z="4.8475" y="-0.31375"/>
<p x="-0.41875" z="4.94625" y="-0.45625"/>
<p x="-0.022438" z="5.19359" y="-0.166761"/>
<p x="-0.16125" z="5.05625" y="-0.32625"/>
<p x="-0.12125" z="4.8875" y="-0.20375"/>
<p x="-0.287001" z="5.01868" y="-0.425978"/>
<p x="-0.2625" z="4.8475" y="-0.31375"/>
<p x="-0.16125" z="5.05625" y="-0.32625"/>
<p x="-0.226688" z="4.5604" y="-0.233447"/>
<p x="-0.12125" z="4.8875" y="-0.20375"/>
<p x="-0.2625" z="4.8475" y="-0.31375"/>
<p x="-0.16125" z="5.05625" y="-0.32625"/>
<p x="-0.2625" z="4.8475" y="-0.31375"/>
<p x="-0.12125" z="4.8875" y="-0.20375"/>
<p x="-0.022438" z="5.19359" y="-0.166761"/>
<p x="-0.12125" z="4.8875" y="-0.20375"/>
<p x="0.0025" z="4.955" y="-0.07625"/>
<p x="-0.226688" z="4.5604" y="-0.233447"/>
<p x="-0.03" z="4.6975" y="-0.14125"/>
<p x="-0.12125" z="4.8875" y="-0.20375"/>
<p x="0.12923" z="4.78252" y="-0.0214083"/>
<p x="0.0025" z="4.955" y="-0.07625"/>
<p x="-0.03" z="4.6975" y="-0.14125"/>
<p x="-0.12125" z="4.8875" y="-0.20375"/>
<p x="-0.03" z="4.6975" y="-0.14125"/>
<p x="0.0025" z="4.955" y="-0.07625"/>
<p x="-0.022438" z="5.19359" y="-0.166761"/>
<p x="0.0025" z="4.955" y="-0.07625"/>
<p x="0.075" z="5.14875" y="0.06625"/>
<p x="0.12923" z="4.78252" y="-0.0214083"/>
<p x="0.20125" z="4.95375" y="0.11875"/>
<p x="0.0025" z="4.955" y="-0.07625"/>
<p x="0.196875" z="5.13375" y="0.313125"/>
<p x="0.075" z="5.14875" y="0.06625"/>
<p x="0.20125" z="4.95375" y="0.11875"/>
<p x="0.0025" z="4.955" y="-0.07625"/>
<p x="0.20125" z="4.95375" y="0.11875"/>
<p x="0.075" z="5.14875" y="0.06625"/>
<p x="-0.022438" z="5.19359" y="-0.166761"/>
<p x="0.075" z="5.14875" y="0.06625"/>
<p x="0.035" z="5.34875" y="0.06875"/>
<p x="0.196875" z="5.13375" y="0.313125"/>
<p x="0.075" z="5.30375" y="0.2675"/>
<p x="0.075" z="5.14875" y="0.06625"/>
<p x="0.0114995" z="5.46682" y="0.263728"/>
<p x="0.035" z="5.34875" y="0.06875"/>
<p x="0.075" z="5.30375" y="0.2675"/>
<p x="0.075" z="5.14875" y="0.06625"/>
<p x="0.075" z="5.30375" y="0.2675"/>
<p x="0.035" z="5.34875" y="0.06875"/>
<p x="0.0114995" z="5.46682" y="0.263728"/>
<p x="0.075" z="5.30375" y="0.2675"/>
<p x="-0.00625" z="5.49" y="0.475"/>
<p x="0.196875" z="5.13375" y="0.313125"/>
<p x="0.1025" z="5.32875" y="0.525"/>
<p x="0.075" z="5.30375" y="0.2675"/>
<p x="-0.01375" z="5.49875" y="0.710625"/>
<p x="-0.00625" z="5.49" y="0.475"/>
<p x="0.1025" z="5.32875" y="0.525"/>
<p x="0.075" z="5.30375" y="0.2675"/>
<p x="0.1025" z="5.32875" y="0.525"/>
<p x="-0.00625" z="5.49" y="0.475"/>
<p x="-0.314607" z="5.61627" y="1.0299"/>
<p x="-0.3725" z="5.76375" y="0.8875"/>
<p x="-0.2575" z="5.74875" y="0.8075"/>
<p x="-0.38125" z="5.91375" y="0.72"/>
<p x="-0.305" z="5.9" y="0.675"/>
<p x="-0.3725" z="5.76375" y="0.8875"/>
<p x="-0.21875" z="5.87125" y="0.56875"/>
<p x="-0.2575" z="5.74875" y="0.8075"/>
<p x="-0.305" z="5.9" y="0.675"/>
<p x="-0.3725" z="5.76375" y="0.8875"/>
<p x="-0.305" z="5.9" y="0.675"/>
<p x="-0.2575" z="5.74875" y="0.8075"/>
<p x="-0.314607" z="5.61627" y="1.0299"/>
<p x="-0.2575" z="5.74875" y="0.8075"/>
<p x="-0.15" z="5.59625" y="0.86625"/>
<p x="-0.21875" z="5.87125" y="0.56875"/>
<p x="-0.13375" z="5.66375" y="0.665"/>
<p x="-0.2575" z="5.74875" y="0.8075"/>
<p x="-0.01375" z="5.49875" y="0.710625"/>
<p x="-0.15" z="5.59625" y="0.86625"/>
<p x="-0.13375" z="5.66375" y="0.665"/>
<p x="-0.2575" z="5.74875" y="0.8075"/>
<p x="-0.13375" z="5.66375" y="0.665"/>
<p x="-0.15" z="5.59625" y="0.86625"/>
<p x="-0.01375" z="5.49875" y="0.710625"/>
<p x="-0.13375" z="5.66375" y="0.665"/>
<p x="-0.00625" z="5.49" y="0.475"/>
<p x="-0.21875" z="5.87125" y="0.56875"/>
<p x="-0.0775" z="5.6575" y="0.4225"/>
<p x="-0.13375" z="5.66375" y="0.665"/>
<p x="0.0114995" z="5.46682" y="0.263728"/>
<p x="-0.00625" z="5.49" y="0.475"/>
<p x="-0.0775" z="5.6575" y="0.4225"/>
<p x="-0.13375" z="5.66375" y="0.665"/>
<p x="-0.0775" z="5.6575" y="0.4225"/>
<p x="-0.00625" z="5.49" y="0.475"/>
<p x="-0.02375" z="5.71125" y="0.145"/>
<p x="-0.01375" z="5.575" y="0.19125"/>
<p x="-0.11" z="5.805" y="0.38"/>
<p x="0.0114995" z="5.46682" y="0.263728"/>
<p x="-0.0775" z="5.6575" y="0.4225"/>
<p x="-0.01375" z="5.575" y="0.19125"/>
<p x="-0.21875" z="5.87125" y="0.56875"/>
<p x="-0.11" z="5.805" y="0.38"/>
<p x="-0.0775" z="5.6575" y="0.4225"/>
<p x="-0.01375" z="5.575" y="0.19125"/>
<p x="-0.0775" z="5.6575" y="0.4225"/>
<p x="-0.11" z="5.805" y="0.38"/>
<p x="-0.022438" z="5.19359" y="-0.166761"/>
<p x="0.035" z="5.34875" y="0.06875"/>
<p x="0.0050" z="5.46125" y="-0.03125"/>
<p x="0.0114995" z="5.46682" y="0.263728"/>
<p x="-0.01375" z="5.575" y="0.19125"/>
<p x="0.035" z="5.34875" y="0.06875"/>
<p x="-0.02375" z="5.71125" y="0.145"/>
<p x="0.0050" z="5.46125" y="-0.03125"/>
<p x="-0.01375" z="5.575" y="0.19125"/>
<p x="0.035" z="5.34875" y="0.06875"/>
<p x="-0.01375" z="5.575" y="0.19125"/>
<p x="0.0050" z="5.46125" y="-0.03125"/>
<p x="-0.022438" z="5.19359" y="-0.166761"/>
<p x="0.0050" z="5.46125" y="-0.03125"/>
<p x="-0.0425" z="5.38625" y="-0.26"/>
<p x="-0.02375" z="5.71125" y="0.145"/>
<p x="-0.0050" z="5.6" y="-0.1"/>
<p x="0.0050" z="5.46125" y="-0.03125"/>
<p x="-0.05" z="5.49125" y="-0.32"/>
<p x="-0.0425" z="5.38625" y="-0.26"/>
<p x="-0.0050" z="5.6" y="-0.1"/>
<p x="0.0050" z="5.46125" y="-0.03125"/>
<p x="-0.0050" z="5.6" y="-0.1"/>
<p x="-0.0425" z="5.38625" y="-0.26"/>
<p x="-0.022438" z="5.19359" y="-0.166761"/>
<p x="-0.0425" z="5.38625" y="-0.26"/>
<p x="-0.1425" z="5.25625" y="-0.395"/>
<p x="-0.05" z="5.49125" y="-0.32"/>
<p x="-0.155" z="5.405" y="-0.48"/>
<p x="-0.0425" z="5.38625" y="-0.26"/>
<p x="-0.28875" z="5.35125" y="-0.595"/>
<p x="-0.1425" z="5.25625" y="-0.395"/>
<p x="-0.155" z="5.405" y="-0.48"/>
<p x="-0.0425" z="5.38625" y="-0.26"/>
<p x="-0.155" z="5.405" y="-0.48"/>
<p x="-0.1425" z="5.25625" y="-0.395"/>
<p x="-0.022438" z="5.19359" y="-0.166761"/>
<p x="-0.1425" z="5.25625" y="-0.395"/>
<p x="-0.16125" z="5.05625" y="-0.32625"/>
<p x="-0.28875" z="5.35125" y="-0.595"/>
<p x="-0.27125" z="5.185" y="-0.5"/>
<p x="-0.1425" z="5.25625" y="-0.395"/>
<p x="-0.287001" z="5.01868" y="-0.425978"/>
<p x="-0.16125" z="5.05625" y="-0.32625"/>
<p x="-0.27125" z="5.185" y="-0.5"/>
<p x="-0.1425" z="5.25625" y="-0.395"/>
<p x="-0.27125" z="5.185" y="-0.5"/>
<p x="-0.16125" z="5.05625" y="-0.32625"/>
<p x="-0.5675" z="5.38" y="-0.705"/>
<p x="-0.41125" z="5.1525" y="-0.5725"/>
<p x="-0.42" z="5.34" y="-0.68"/>
<p x="-0.287001" z="5.01868" y="-0.425978"/>
<p x="-0.27125" z="5.185" y="-0.5"/>
<p x="-0.41125" z="5.1525" y="-0.5725"/>
<p x="-0.28875" z="5.35125" y="-0.595"/>
<p x="-0.42" z="5.34" y="-0.68"/>
<p x="-0.27125" z="5.185" y="-0.5"/>
<p x="-0.41125" z="5.1525" y="-0.5725"/>
<p x="-0.27125" z="5.185" y="-0.5"/>
<p x="-0.42" z="5.34" y="-0.68"/>
<p x="-0.287001" z="5.01868" y="-0.425978"/>
<p x="-0.41125" z="5.1525" y="-0.5725"/>
<p x="-0.41875" z="4.94625" y="-0.45625"/>
<p x="-0.5675" z="5.38" y="-0.705"/>
<p x="-0.58125" z="5.1675" y="-0.5825"/>
<p x="-0.41125" z="5.1525" y="-0.5725"/>
<p x="-0.611875" z="4.945" y="-0.448125"/>
<p x="-0.41875" z="4.94625" y="-0.45625"/>
<p x="-0.58125" z="5.1675" y="-0.5825"/>
<p x="-0.41125" z="5.1525" y="-0.5725"/>
<p x="-0.58125" z="5.1675" y="-0.5825"/>
<p x="-0.41875" z="4.94625" y="-0.45625"/>
<p x="-0.91625" z="5.60125" y="-0.475"/>
<p x="-0.78125" z="5.24875" y="-0.4925"/>
<p x="-0.75" z="5.48" y="-0.64"/>
<p x="-0.611875" z="4.945" y="-0.448125"/>
<p x="-0.58125" z="5.1675" y="-0.5825"/>
<p x="-0.78125" z="5.24875" y="-0.4925"/>
<p x="-0.5675" z="5.38" y="-0.705"/>
<p x="-0.75" z="5.48" y="-0.64"/>
<p x="-0.58125" z="5.1675" y="-0.5825"/>
<p x="-0.78125" z="5.24875" y="-0.4925"/>
<p x="-0.58125" z="5.1675" y="-0.5825"/>
<p x="-0.75" z="5.48" y="-0.64"/>
<p x="-0.91625" z="5.60125" y="-0.475"/>
<p x="-0.96" z="5.3575" y="-0.2925"/>
<p x="-0.78125" z="5.24875" y="-0.4925"/>
<p x="-1.01937" z="5.12312" y="-0.125625"/>
<p x="-0.83" z="5.01625" y="-0.33"/>
<p x="-0.96" z="5.3575" y="-0.2925"/>
<p x="-0.611875" z="4.945" y="-0.448125"/>
<p x="-0.78125" z="5.24875" y="-0.4925"/>
<p x="-0.83" z="5.01625" y="-0.33"/>
<p x="-0.96" z="5.3575" y="-0.2925"/>
<p x="-0.83" z="5.01625" y="-0.33"/>
<p x="-0.78125" z="5.24875" y="-0.4925"/>
<p x="-1.035" z="5.7925" y="0.1075"/>
<p x="-1.0675" z="5.45875" y="-0.02"/>
<p x="-1.015" z="5.705" y="-0.2"/>
<p x="-1.01937" z="5.12312" y="-0.125625"/>
<p x="-0.96" z="5.3575" y="-0.2925"/>
<p x="-1.0675" z="5.45875" y="-0.02"/>
<p x="-0.91625" z="5.60125" y="-0.475"/>
<p x="-1.015" z="5.705" y="-0.2"/>
<p x="-0.96" z="5.3575" y="-0.2925"/>
<p x="-1.0675" z="5.45875" y="-0.02"/>
<p x="-0.96" z="5.3575" y="-0.2925"/>
<p x="-1.015" z="5.705" y="-0.2"/>
<p x="1.455" z="-4.5175" y="1.055"/>
<p x="1.625" z="-4.48" y="0.955"/>
<p x="1.8075" z="-4.25125" y="0.47"/>
<p x="1.76" z="-4.4" y="0.78"/>
<p x="1.915" z="-4.26" y="0.465"/>
<p x="1.625" z="-4.48" y="0.955"/>
<p x="2.025" z="-4.08625" y="0.1025"/>
<p x="1.8075" z="-4.25125" y="0.47"/>
<p x="1.915" z="-4.26" y="0.465"/>
<p x="1.625" z="-4.48" y="0.955"/>
<p x="1.915" z="-4.26" y="0.465"/>
<p x="1.8075" z="-4.25125" y="0.47"/>
<set_material sval="defaultMat"/>
<f b="1" a="0" c="2"/>
<f b="4" a="3" c="5"/>
<f b="7" a="6" c="8"/>
<f b="10" a="9" c="11"/>
<f b="13" a="12" c="14"/>
<f b="16" a="15" c="17"/>
<f b="19" a="18" c="20"/>
<f b="22" a="21" c="23"/>
<f b="25" a="24" c="26"/>
<f b="28" a="27" c="29"/>
<f b="31" a="30" c="32"/>
<f b="34" a="33" c="35"/>
<f b="37" a="36" c="38"/>
<f b="40" a="39" c="41"/>
<f b="43" a="42" c="44"/>
<f b="46" a="45" c="47"/>
<f b="49" a="48" c="50"/>
<f b="52" a="51" c="53"/>
<f b="55" a="54" c="56"/>
<f b="58" a="57" c="59"/>
<f b="61" a="60" c="62"/>
<f b="64" a="63" c="65"/>
<f b="67" a="66" c="68"/>
<f b="70" a="69" c="71"/>
<f b="73" a="72" c="74"/>
<f b="76" a="75" c="77"/>
<f b="79" a="78" c="80"/>
<f b="82" a="81" c="83"/>
<f b="85" a="84" c="86"/>
<f b="88" a="87" c="89"/>
<f b="91" a="90" c="92"/>
<f b="94" a="93" c="95"/>
<f b="97" a="96" c="98"/>
<f b="100" a="99" c="101"/>
<f b="103" a="102" c="104"/>
<f b="106" a="105" c="107"/>
<f b="109" a="108" c="110"/>
<f b="112" a="111" c="113"/>
<f b="115" a="114" c="116"/>
<f b="118" a="117" c="119"/>
<f b="121" a="120" c="122"/>
<f b="124" a="123" c="125"/>
<f b="127" a="126" c="128"/>
<f b="130" a="129" c="131"/>
<f b="133" a="132" c="134"/>
<f b="136" a="135" c="137"/>
<f b="139" a="138" c="140"/>
<f b="142" a="141" c="143"/>
<f b="145" a="144" c="146"/>
<f b="148" a="147" c="149"/>
<f b="151" a="150" c="152"/>
<f b="154" a="153" c="155"/>
<f b="157" a="156" c="158"/>
<f b="160" a="159" c="161"/>
<f b="163" a="162" c="164"/>
<f b="166" a="165" c="167"/>
<f b="169" a="168" c="170"/>
<f b="172" a="171" c="173"/>
<f b="175" a="174" c="176"/>
<f b="178" a="177" c="179"/>
<f b="181" a="180" c="182"/>
<f b="184" a="183" c="185"/>
<f b="187" a="186" c="188"/>
<f b="190" a="189" c="191"/>
<f b="193" a="192" c="194"/>
<f b="196" a="195" c="197"/>
<f b="199" a="198" c="200"/>
<f b="202" a="201" c="203"/>
<f b="205" a="204" c="206"/>
<f b="208" a="207" c="209"/>
<f b="211" a="210" c="212"/>
<f b="214" a="213" c="215"/>
<f b="217" a="216" c="218"/>
<f b="220" a="219" c="221"/>
<f b="223" a="222" c="224"/>
<f b="226" a="225" c="227"/>
<f b="229" a="228" c="230"/>
<f b="232" a="231" c="233"/>
<f b="235" a="234" c="236"/>
<f b="238" a="237" c="239"/>
<f b="241" a="240" c="242"/>
<f b="244" a="243" c="245"/>
<f b="247" a="246" c="248"/>
<f b="250" a="249" c="251"/>
<f b="253" a="252" c="254"/>
<f b="256" a="255" c="257"/>
<f b="259" a="258" c="260"/>
<f b="262" a="261" c="263"/>
<f b="265" a="264" c="266"/>
<f b="268" a="267" c="269"/>
<f b="271" a="270" c="272"/>
<f b="274" a="273" c="275"/>
<f b="277" a="276" c="278"/>
<f b="280" a="279" c="281"/>
<f b="283" a="282" c="284"/>
<f b="286" a="285" c="287"/>
<f b="289" a="288" c="290"/>
<f b="292" a="291" c="293"/>
<f b="295" a="294" c="296"/>
<f b="298" a="297" c="299"/>
<f b="301" a="300" c="302"/>
<f b="304" a="303" c="305"/>
<f b="307" a="306" c="308"/>
<f b="310" a="309" c="311"/>
<f b="313" a="312" c="314"/>
<f b="316" a="315" c="317"/>
<f b="319" a="318" c="320"/>
<f b="322" a="321" c="323"/>
<f b="325" a="324" c="326"/>
<f b="328" a="327" c="329"/>
<f b="331" a="330" c="332"/>
<f b="334" a="333" c="335"/>
<f b="337" a="336" c="338"/>
<f b="340" a="339" c="341"/>
<f b="343" a="342" c="344"/>
<f b="346" a="345" c="347"/>
<f b="349" a="348" c="350"/>
<f b="352" a="351" c="353"/>
<f b="355" a="354" c="356"/>
<f b="358" a="357" c="359"/>
<f b="361" a="360" c="362"/>
<f b="364" a="363" c="365"/>
<f b="367" a="366" c="368"/>
<f b="370" a="369" c="371"/>
<f b="373" a="372" c="374"/>
<f b="376" a="375" c="377"/>
<f b="379" a="378" c="380"/>
<f b="382" a="381" c="383"/>
<f b="385" a="384" c="386"/>
<f b="388" a="387" c="389"/>
<f b="391" a="390" c="392"/>
<f b="394" a="393" c="395"/>
<f b="397" a="396" c="398"/>
<f b="400" a="399" c="401"/>
<f b="403" a="402" c="404"/>
<f b="406" a="405" c="407"/>
<f b="409" a="408" c="410"/>
<f b="412" a="411" c="413"/>
<f b="415" a="414" c="416"/>
<f b="418" a="417" c="419"/>
<f b="421" a="420" c="422"/>
<f b="424" a="423" c="425"/>
<f b="427" a="426" c="428"/>
<f b="430" a="429" c="431"/>
<f b="433" a="432" c="434"/>
<f b="436" a="435" c="437"/>
<f b="439" a="438" c="440"/>
<f b="442" a="441" c="443"/>
<f b="445" a="444" c="446"/>
<f b="448" a="447" c="449"/>
<f b="451" a="450" c="452"/>
<f b="454" a="453" c="455"/>
<f b="457" a="456" c="458"/>
<f b="460" a="459" c="461"/>
<f b="463" a="462" c="464"/>
<f b="466" a="465" c="467"/>
<f b="469" a="468" c="470"/>
<f b="472" a="471" c="473"/>
<f b="475" a="474" c="476"/>
<f b="478" a="477" c="479"/>
<f b="481" a="480" c="482"/>
<f b="484" a="483" c="485"/>
<f b="487" a="486" c="488"/>
<f b="490" a="489" c="491"/>
<f b="493" a="492" c="494"/>
<f b="496" a="495" c="497"/>
<f b="499" a="498" c="500"/>
<f b="502" a="501" c="503"/>
<f b="505" a="504" c="506"/>
<f b="508" a="507" c="509"/>
<f b="511" a="510" c="512"/>
<f b="514" a="513" c="515"/>
<f b="517" a="516" c="518"/>
<f b="520" a="519" c="521"/>
<f b="523" a="522" c="524"/>
<f b="526" a="525" c="527"/>
<f b="529" a="528" c="530"/>
<f b="532" a="531" c="533"/>
<f b="535" a="534" c="536"/>
<f b="538" a="537" c="539"/>
<f b="541" a="540" c="542"/>
<f b="544" a="543" c="545"/>
<f b="547" a="546" c="548"/>
<f b="550" a="549" c="551"/>
<f b="553" a="552" c="554"/>
<f b="556" a="555" c="557"/>
<f b="559" a="558" c="560"/>
<f b="562" a="561" c="563"/>
<f b="565" a="564" c="566"/>
<f b="568" a="567" c="569"/>
<f b="571" a="570" c="572"/>
<f b="574" a="573" c="575"/>
<f b="577" a="576" c="578"/>
<f b="580" a="579" c="581"/>
<f b="583" a="582" c="584"/>
<f b="586" a="585" c="587"/>
<f b="589" a="588" c="590"/>
<f b="592" a="591" c="593"/>
<f b="595" a="594" c="596"/>
<f b="598" a="597" c="599"/>
<f b="601" a="600" c="602"/>
<f b="604" a="603" c="605"/>
<f b="607" a="606" c="608"/>
<f b="610" a="609" c="611"/>
<f b="613" a="612" c="614"/>
<f b="616" a="615" c="617"/>
<f b="619" a="618" c="620"/>
<f b="622" a="621" c="623"/>
<f b="625" a="624" c="626"/>
<f b="628" a="627" c="629"/>
<f b="631" a="630" c="632"/>
<f b="634" a="633" c="635"/>
<f b="637" a="636" c="638"/>
<f b="640" a="639" c="641"/>
<f b="643" a="642" c="644"/>
<f b="646" a="645" c="647"/>
<f b="649" a="648" c="650"/>
<f b="652" a="651" c="653"/>
<f b="655" a="654" c="656"/>
<f b="658" a="657" c="659"/>
<f b="661" a="660" c="662"/>
<f b="664" a="663" c="665"/>
<f b="667" a="666" c="668"/>
<f b="670" a="669" c="671"/>
<f b="673" a="672" c="674"/>
<f b="676" a="675" c="677"/>
<f b="679" a="678" c="680"/>
<f b="682" a="681" c="683"/>
<f b="685" a="684" c="686"/>
<f b="688" a="687" c="689"/>
<f b="691" a="690" c="692"/>
<f b="694" a="693" c="695"/>
<f b="697" a="696" c="698"/>
<f b="700" a="699" c="701"/>
<f b="703" a="702" c="704"/>
<f b="706" a="705" c="707"/>
<f b="709" a="708" c="710"/>
<f b="712" a="711" c="713"/>
<f b="715" a="714" c="716"/>
<f b="718" a="717" c="719"/>
<f b="721" a="720" c="722"/>
<f b="724" a="723" c="725"/>
<f b="727" a="726" c="728"/>
<f b="730" a="729" c="731"/>
<f b="733" a="732" c="734"/>
<f b="736" a="735" c="737"/>
<f b="739" a="738" c="740"/>
<f b="742" a="741" c="743"/>
<f b="745" a="744" c="746"/>
<f b="748" a="747" c="749"/>
<f b="751" a="750" c="752"/>
<f b="754" a="753" c="755"/>
<f b="757" a="756" c="758"/>
<f b="760" a="759" c="761"/>
<f b="763" a="762" c="764"/>
<f b="766" a="765" c="767"/>
<f b="769" a="768" c="770"/>
<f b="772" a="771" c="773"/>
<f b="775" a="774" c="776"/>
<f b="778" a="777" c="779"/>
<f b="781" a="780" c="782"/>
<f b="784" a="783" c="785"/>
<f b="787" a="786" c="788"/>
<f b="790" a="789" c="791"/>
<f b="793" a="792" c="794"/>
<f b="796" a="795" c="797"/>
<f b="799" a="798" c="800"/>
<f b="802" a="801" c="803"/>
<f b="805" a="804" c="806"/>
<f b="808" a="807" c="809"/>
<f b="811" a="810" c="812"/>
<f b="814" a="813" c="815"/>
<f b="817" a="816" c="818"/>
<f b="820" a="819" c="821"/>
<f b="823" a="822" c="824"/>
<f b="826" a="825" c="827"/>
<f b="829" a="828" c="830"/>
<f b="832" a="831" c="833"/>
<f b="835" a="834" c="836"/>
<f b="838" a="837" c="839"/>
<f b="841" a="840" c="842"/>
<f b="844" a="843" c="845"/>
<f b="847" a="846" c="848"/>
<f b="850" a="849" c="851"/>
<f b="853" a="852" c="854"/>
<f b="856" a="855" c="857"/>
<f b="859" a="858" c="860"/>
<f b="862" a="861" c="863"/>
<f b="865" a="864" c="866"/>
<f b="868" a="867" c="869"/>
<f b="871" a="870" c="872"/>
<f b="874" a="873" c="875"/>
<f b="877" a="876" c="878"/>
<f b="880" a="879" c="881"/>
<f b="883" a="882" c="884"/>
<f b="886" a="885" c="887"/>
<f b="889" a="888" c="890"/>
<f b="892" a="891" c="893"/>
<f b="895" a="894" c="896"/>
<f b="898" a="897" c="899"/>
<f b="901" a="900" c="902"/>
<f b="904" a="903" c="905"/>
<f b="907" a="906" c="908"/>
<f b="910" a="909" c="911"/>
<f b="913" a="912" c="914"/>
<f b="916" a="915" c="917"/>
<f b="919" a="918" c="920"/>
<f b="922" a="921" c="923"/>
<f b="925" a="924" c="926"/>
<f b="928" a="927" c="929"/>
<f b="931" a="930" c="932"/>
<f b="934" a="933" c="935"/>
<f b="937" a="936" c="938"/>
<f b="940" a="939" c="941"/>
<f b="943" a="942" c="944"/>
<f b="946" a="945" c="947"/>
<f b="949" a="948" c="950"/>
<f b="952" a="951" c="953"/>
<f b="955" a="954" c="956"/>
<f b="958" a="957" c="959"/>
<f b="961" a="960" c="962"/>
<f b="964" a="963" c="965"/>
<f b="967" a="966" c="968"/>
<f b="970" a="969" c="971"/>
<f b="973" a="972" c="974"/>
<f b="976" a="975" c="977"/>
<f b="979" a="978" c="980"/>
<f b="982" a="981" c="983"/>
<f b="985" a="984" c="986"/>
<f b="988" a="987" c="989"/>
<f b="991" a="990" c="992"/>
<f b="994" a="993" c="995"/>
<f b="997" a="996" c="998"/>
<f b="1000" a="999" c="1001"/>
<f b="1003" a="1002" c="1004"/>
<f b="1006" a="1005" c="1007"/>
<f b="1009" a="1008" c="1010"/>
<f b="1012" a="1011" c="1013"/>
<f b="1015" a="1014" c="1016"/>
<f b="1018" a="1017" c="1019"/>
<f b="1021" a="1020" c="1022"/>
<f b="1024" a="1023" c="1025"/>
<f b="1027" a="1026" c="1028"/>
<f b="1030" a="1029" c="1031"/>
<f b="1033" a="1032" c="1034"/>
<f b="1036" a="1035" c="1037"/>
<f b="1039" a="1038" c="1040"/>
<f b="1042" a="1041" c="1043"/>
<f b="1045" a="1044" c="1046"/>
<f b="1048" a="1047" c="1049"/>
<f b="1051" a="1050" c="1052"/>
<f b="1054" a="1053" c="1055"/>
<f b="1057" a="1056" c="1058"/>
<f b="1060" a="1059" c="1061"/>
<f b="1063" a="1062" c="1064"/>
<f b="1066" a="1065" c="1067"/>
<f b="1069" a="1068" c="1070"/>
<f b="1072" a="1071" c="1073"/>
<f b="1075" a="1074" c="1076"/>
<f b="1078" a="1077" c="1079"/>
<f b="1081" a="1080" c="1082"/>
<f b="1084" a="1083" c="1085"/>
<f b="1087" a="1086" c="1088"/>
<f b="1090" a="1089" c="1091"/>
<f b="1093" a="1092" c="1094"/>
<f b="1096" a="1095" c="1097"/>
<f b="1099" a="1098" c="1100"/>
<f b="1102" a="1101" c="1103"/>
<f b="1105" a="1104" c="1106"/>
<f b="1108" a="1107" c="1109"/>
<f b="1111" a="1110" c="1112"/>
<f b="1114" a="1113" c="1115"/>
<f b="1117" a="1116" c="1118"/>
<f b="1120" a="1119" c="1121"/>
<f b="1123" a="1122" c="1124"/>
<f b="1126" a="1125" c="1127"/>
<f b="1129" a="1128" c="1130"/>
<f b="1132" a="1131" c="1133"/>
<f b="1135" a="1134" c="1136"/>
<f b="1138" a="1137" c="1139"/>
<f b="1141" a="1140" c="1142"/>
<f b="1144" a="1143" c="1145"/>
<f b="1147" a="1146" c="1148"/>
<f b="1150" a="1149" c="1151"/>
<f b="1153" a="1152" c="1154"/>
<f b="1156" a="1155" c="1157"/>
<f b="1159" a="1158" c="1160"/>
<f b="1162" a="1161" c="1163"/>
<f b="1165" a="1164" c="1166"/>
<f b="1168" a="1167" c="1169"/>
<f b="1171" a="1170" c="1172"/>
<f b="1174" a="1173" c="1175"/>
<f b="1177" a="1176" c="1178"/>
<f b="1180" a="1179" c="1181"/>
<f b="1183" a="1182" c="1184"/>
<f b="1186" a="1185" c="1187"/>
<f b="1189" a="1188" c="1190"/>
<f b="1192" a="1191" c="1193"/>
<f b="1195" a="1194" c="1196"/>
<f b="1198" a="1197" c="1199"/>
<f b="1201" a="1200" c="1202"/>
<f b="1204" a="1203" c="1205"/>
<f b="1207" a="1206" c="1208"/>
<f b="1210" a="1209" c="1211"/>
<f b="1213" a="1212" c="1214"/>
<f b="1216" a="1215" c="1217"/>
<f b="1219" a="1218" c="1220"/>
<f b="1222" a="1221" c="1223"/>
<f b="1225" a="1224" c="1226"/>
<f b="1228" a="1227" c="1229"/>
<f b="1231" a="1230" c="1232"/>
<f b="1234" a="1233" c="1235"/>
<f b="1237" a="1236" c="1238"/>
<f b="1240" a="1239" c="1241"/>
<f b="1243" a="1242" c="1244"/>
<f b="1246" a="1245" c="1247"/>
<f b="1249" a="1248" c="1250"/>
<f b="1252" a="1251" c="1253"/>
<f b="1255" a="1254" c="1256"/>
<f b="1258" a="1257" c="1259"/>
<f b="1261" a="1260" c="1262"/>
<f b="1264" a="1263" c="1265"/>
<f b="1267" a="1266" c="1268"/>
<f b="1270" a="1269" c="1271"/>
<f b="1273" a="1272" c="1274"/>
<f b="1276" a="1275" c="1277"/>
<f b="1279" a="1278" c="1280"/>
<f b="1282" a="1281" c="1283"/>
<f b="1285" a="1284" c="1286"/>
<f b="1288" a="1287" c="1289"/>
<f b="1291" a="1290" c="1292"/>
<f b="1294" a="1293" c="1295"/>
<f b="1297" a="1296" c="1298"/>
<f b="1300" a="1299" c="1301"/>
<f b="1303" a="1302" c="1304"/>
<f b="1306" a="1305" c="1307"/>
<f b="1309" a="1308" c="1310"/>
<f b="1312" a="1311" c="1313"/>
<f b="1315" a="1314" c="1316"/>
<f b="1318" a="1317" c="1319"/>
<f b="1321" a="1320" c="1322"/>
<f b="1324" a="1323" c="1325"/>
<f b="1327" a="1326" c="1328"/>
<f b="1330" a="1329" c="1331"/>
<f b="1333" a="1332" c="1334"/>
<f b="1336" a="1335" c="1337"/>
<f b="1339" a="1338" c="1340"/>
<f b="1342" a="1341" c="1343"/>
<f b="1345" a="1344" c="1346"/>
<f b="1348" a="1347" c="1349"/>
<f b="1351" a="1350" c="1352"/>
<f b="1354" a="1353" c="1355"/>
<f b="1357" a="1356" c="1358"/>
<f b="1360" a="1359" c="1361"/>
<f b="1363" a="1362" c="1364"/>
<f b="1366" a="1365" c="1367"/>
<f b="1369" a="1368" c="1370"/>
<f b="1372" a="1371" c="1373"/>
<f b="1375" a="1374" c="1376"/>
<f b="1378" a="1377" c="1379"/>
<f b="1381" a="1380" c="1382"/>
<f b="1384" a="1383" c="1385"/>
<f b="1387" a="1386" c="1388"/>
<f b="1390" a="1389" c="1391"/>
<f b="1393" a="1392" c="1394"/>
<f b="1396" a="1395" c="1397"/>
<f b="1399" a="1398" c="1400"/>
<f b="1402" a="1401" c="1403"/>
<f b="1405" a="1404" c="1406"/>
<f b="1408" a="1407" c="1409"/>
<f b="1411" a="1410" c="1412"/>
<f b="1414" a="1413" c="1415"/>
<f b="1417" a="1416" c="1418"/>
<f b="1420" a="1419" c="1421"/>
<f b="1423" a="1422" c="1424"/>
<f b="1426" a="1425" c="1427"/>
<f b="1429" a="1428" c="1430"/>
<f b="1432" a="1431" c="1433"/>
<f b="1435" a="1434" c="1436"/>
<f b="1438" a="1437" c="1439"/>
<f b="1441" a="1440" c="1442"/>
<f b="1444" a="1443" c="1445"/>
<f b="1447" a="1446" c="1448"/>
<f b="1450" a="1449" c="1451"/>
<f b="1453" a="1452" c="1454"/>
<f b="1456" a="1455" c="1457"/>
<f b="1459" a="1458" c="1460"/>
<f b="1462" a="1461" c="1463"/>
<f b="1465" a="1464" c="1466"/>
<f b="1468" a="1467" c="1469"/>
<f b="1471" a="1470" c="1472"/>
<f b="1474" a="1473" c="1475"/>
<f b="1477" a="1476" c="1478"/>
<f b="1480" a="1479" c="1481"/>
<f b="1483" a="1482" c="1484"/>
<f b="1486" a="1485" c="1487"/>
<f b="1489" a="1488" c="1490"/>
<f b="1492" a="1491" c="1493"/>
<f b="1495" a="1494" c="1496"/>
<f b="1498" a="1497" c="1499"/>
<f b="1501" a="1500" c="1502"/>
<f b="1504" a="1503" c="1505"/>
<f b="1507" a="1506" c="1508"/>
<f b="1510" a="1509" c="1511"/>
<f b="1513" a="1512" c="1514"/>
<f b="1516" a="1515" c="1517"/>
<f b="1519" a="1518" c="1520"/>
<f b="1522" a="1521" c="1523"/>
<f b="1525" a="1524" c="1526"/>
<f b="1528" a="1527" c="1529"/>
<f b="1531" a="1530" c="1532"/>
<f b="1534" a="1533" c="1535"/>
<f b="1537" a="1536" c="1538"/>
<f b="1540" a="1539" c="1541"/>
<f b="1543" a="1542" c="1544"/>
<f b="1546" a="1545" c="1547"/>
<f b="1549" a="1548" c="1550"/>
<f b="1552" a="1551" c="1553"/>
<f b="1555" a="1554" c="1556"/>
<f b="1558" a="1557" c="1559"/>
<f b="1561" a="1560" c="1562"/>
<f b="1564" a="1563" c="1565"/>
<f b="1567" a="1566" c="1568"/>
<f b="1570" a="1569" c="1571"/>
<f b="1573" a="1572" c="1574"/>
<f b="1576" a="1575" c="1577"/>
<f b="1579" a="1578" c="1580"/>
<f b="1582" a="1581" c="1583"/>
<f b="1585" a="1584" c="1586"/>
<f b="1588" a="1587" c="1589"/>
<f b="1591" a="1590" c="1592"/>
<f b="1594" a="1593" c="1595"/>
<f b="1597" a="1596" c="1598"/>
<f b="1600" a="1599" c="1601"/>
<f b="1603" a="1602" c="1604"/>
<f b="1606" a="1605" c="1607"/>
<f b="1609" a="1608" c="1610"/>
<f b="1612" a="1611" c="1613"/>
<f b="1615" a="1614" c="1616"/>
<f b="1618" a="1617" c="1619"/>
<f b="1621" a="1620" c="1622"/>
<f b="1624" a="1623" c="1625"/>
<f b="1627" a="1626" c="1628"/>
<f b="1630" a="1629" c="1631"/>
<f b="1633" a="1632" c="1634"/>
<f b="1636" a="1635" c="1637"/>
<f b="1639" a="1638" c="1640"/>
<f b="1642" a="1641" c="1643"/>
<f b="1645" a="1644" c="1646"/>
<f b="1648" a="1647" c="1649"/>
<f b="1651" a="1650" c="1652"/>
<f b="1654" a="1653" c="1655"/>
<f b="1657" a="1656" c="1658"/>
<f b="1660" a="1659" c="1661"/>
<f b="1663" a="1662" c="1664"/>
<f b="1666" a="1665" c="1667"/>
<f b="1669" a="1668" c="1670"/>
<f b="1672" a="1671" c="1673"/>
<f b="1675" a="1674" c="1676"/>
<f b="1678" a="1677" c="1679"/>
<f b="1681" a="1680" c="1682"/>
<f b="1684" a="1683" c="1685"/>
<f b="1687" a="1686" c="1688"/>
<f b="1690" a="1689" c="1691"/>
<f b="1693" a="1692" c="1694"/>
<f b="1696" a="1695" c="1697"/>
<f b="1699" a="1698" c="1700"/>
<f b="1702" a="1701" c="1703"/>
<f b="1705" a="1704" c="1706"/>
<f b="1708" a="1707" c="1709"/>
<f b="1711" a="1710" c="1712"/>
<f b="1714" a="1713" c="1715"/>
<f b="1717" a="1716" c="1718"/>
<f b="1720" a="1719" c="1721"/>
<f b="1723" a="1722" c="1724"/>
<f b="1726" a="1725" c="1727"/>
<f b="1729" a="1728" c="1730"/>
<f b="1732" a="1731" c="1733"/>
<f b="1735" a="1734" c="1736"/>
<f b="1738" a="1737" c="1739"/>
<f b="1741" a="1740" c="1742"/>
<f b="1744" a="1743" c="1745"/>
<f b="1747" a="1746" c="1748"/>
<f b="1750" a="1749" c="1751"/>
<f b="1753" a="1752" c="1754"/>
<f b="1756" a="1755" c="1757"/>
<f b="1759" a="1758" c="1760"/>
<f b="1762" a="1761" c="1763"/>
<f b="1765" a="1764" c="1766"/>
<f b="1768" a="1767" c="1769"/>
<f b="1771" a="1770" c="1772"/>
<f b="1774" a="1773" c="1775"/>
<f b="1777" a="1776" c="1778"/>
<f b="1780" a="1779" c="1781"/>
<f b="1783" a="1782" c="1784"/>
<f b="1786" a="1785" c="1787"/>
<f b="1789" a="1788" c="1790"/>
<f b="1792" a="1791" c="1793"/>
<f b="1795" a="1794" c="1796"/>
<f b="1798" a="1797" c="1799"/>
<f b="1801" a="1800" c="1802"/>
<f b="1804" a="1803" c="1805"/>
<f b="1807" a="1806" c="1808"/>
<f b="1810" a="1809" c="1811"/>
<f b="1813" a="1812" c="1814"/>
<f b="1816" a="1815" c="1817"/>
<f b="1819" a="1818" c="1820"/>
<f b="1822" a="1821" c="1823"/>
<f b="1825" a="1824" c="1826"/>
<f b="1828" a="1827" c="1829"/>
<f b="1831" a="1830" c="1832"/>
<f b="1834" a="1833" c="1835"/>
<f b="1837" a="1836" c="1838"/>
<f b="1840" a="1839" c="1841"/>
<f b="1843" a="1842" c="1844"/>
<f b="1846" a="1845" c="1847"/>
<f b="1849" a="1848" c="1850"/>
<f b="1852" a="1851" c="1853"/>
<f b="1855" a="1854" c="1856"/>
<f b="1858" a="1857" c="1859"/>
<f b="1861" a="1860" c="1862"/>
<f b="1864" a="1863" c="1865"/>
<f b="1867" a="1866" c="1868"/>
<f b="1870" a="1869" c="1871"/>
<f b="1873" a="1872" c="1874"/>
<f b="1876" a="1875" c="1877"/>
<f b="1879" a="1878" c="1880"/>
<f b="1882" a="1881" c="1883"/>
<f b="1885" a="1884" c="1886"/>
<f b="1888" a="1887" c="1889"/>
<f b="1891" a="1890" c="1892"/>
<f b="1894" a="1893" c="1895"/>
<f b="1897" a="1896" c="1898"/>
<f b="1900" a="1899" c="1901"/>
<f b="1903" a="1902" c="1904"/>
<f b="1906" a="1905" c="1907"/>
<f b="1909" a="1908" c="1910"/>
<f b="1912" a="1911" c="1913"/>
<f b="1915" a="1914" c="1916"/>
<f b="1918" a="1917" c="1919"/>
<f b="1921" a="1920" c="1922"/>
<f b="1924" a="1923" c="1925"/>
<f b="1927" a="1926" c="1928"/>
<f b="1930" a="1929" c="1931"/>
<f b="1933" a="1932" c="1934"/>
<f b="1936" a="1935" c="1937"/>
<f b="1939" a="1938" c="1940"/>
<f b="1942" a="1941" c="1943"/>
<f b="1945" a="1944" c="1946"/>
<f b="1948" a="1947" c="1949"/>
<f b="1951" a="1950" c="1952"/>
<f b="1954" a="1953" c="1955"/>
<f b="1957" a="1956" c="1958"/>
<f b="1960" a="1959" c="1961"/>
<f b="1963" a="1962" c="1964"/>
<f b="1966" a="1965" c="1967"/>
<f b="1969" a="1968" c="1970"/>
<f b="1972" a="1971" c="1973"/>
<f b="1975" a="1974" c="1976"/>
<f b="1978" a="1977" c="1979"/>
<f b="1981" a="1980" c="1982"/>
<f b="1984" a="1983" c="1985"/>
<f b="1987" a="1986" c="1988"/>
<f b="1990" a="1989" c="1991"/>
<f b="1993" a="1992" c="1994"/>
<f b="1996" a="1995" c="1997"/>
<f b="1999" a="1998" c="2000"/>
<f b="2002" a="2001" c="2003"/>
<f b="2005" a="2004" c="2006"/>
<f b="2008" a="2007" c="2009"/>
<f b="2011" a="2010" c="2012"/>
<f b="2014" a="2013" c="2015"/>
<f b="2017" a="2016" c="2018"/>
<f b="2020" a="2019" c="2021"/>
<f b="2023" a="2022" c="2024"/>
<f b="2026" a="2025" c="2027"/>
<f b="2029" a="2028" c="2030"/>
<f b="2032" a="2031" c="2033"/>
<f b="2035" a="2034" c="2036"/>
<f b="2038" a="2037" c="2039"/>
<f b="2041" a="2040" c="2042"/>
<f b="2044" a="2043" c="2045"/>
<f b="2047" a="2046" c="2048"/>
<f b="2050" a="2049" c="2051"/>
<f b="2053" a="2052" c="2054"/>
<f b="2056" a="2055" c="2057"/>
<f b="2059" a="2058" c="2060"/>
<f b="2062" a="2061" c="2063"/>
<f b="2065" a="2064" c="2066"/>
<f b="2068" a="2067" c="2069"/>
<f b="2071" a="2070" c="2072"/>
<f b="2074" a="2073" c="2075"/>
<f b="2077" a="2076" c="2078"/>
<f b="2080" a="2079" c="2081"/>
<f b="2083" a="2082" c="2084"/>
<f b="2086" a="2085" c="2087"/>
<f b="2089" a="2088" c="2090"/>
<f b="2092" a="2091" c="2093"/>
<f b="2095" a="2094" c="2096"/>
<f b="2098" a="2097" c="2099"/>
<f b="2101" a="2100" c="2102"/>
<f b="2104" a="2103" c="2105"/>
<f b="2107" a="2106" c="2108"/>
<f b="2110" a="2109" c="2111"/>
<f b="2113" a="2112" c="2114"/>
<f b="2116" a="2115" c="2117"/>
<f b="2119" a="2118" c="2120"/>
<f b="2122" a="2121" c="2123"/>
<f b="2125" a="2124" c="2126"/>
<f b="2128" a="2127" c="2129"/>
<f b="2131" a="2130" c="2132"/>
<f b="2134" a="2133" c="2135"/>
<f b="2137" a="2136" c="2138"/>
<f b="2140" a="2139" c="2141"/>
<f b="2143" a="2142" c="2144"/>
<f b="2146" a="2145" c="2147"/>
<f b="2149" a="2148" c="2150"/>
<f b="2152" a="2151" c="2153"/>
<f b="2155" a="2154" c="2156"/>
<f b="2158" a="2157" c="2159"/>
<f b="2161" a="2160" c="2162"/>
<f b="2164" a="2163" c="2165"/>
<f b="2167" a="2166" c="2168"/>
<f b="2170" a="2169" c="2171"/>
<f b="2173" a="2172" c="2174"/>
<f b="2176" a="2175" c="2177"/>
<f b="2179" a="2178" c="2180"/>
<f b="2182" a="2181" c="2183"/>
<f b="2185" a="2184" c="2186"/>
<f b="2188" a="2187" c="2189"/>
<f b="2191" a="2190" c="2192"/>
<f b="2194" a="2193" c="2195"/>
<f b="2197" a="2196" c="2198"/>
<f b="2200" a="2199" c="2201"/>
<f b="2203" a="2202" c="2204"/>
<f b="2206" a="2205" c="2207"/>
<f b="2209" a="2208" c="2210"/>
<f b="2212" a="2211" c="2213"/>
<f b="2215" a="2214" c="2216"/>
<f b="2218" a="2217" c="2219"/>
<f b="2221" a="2220" c="2222"/>
<f b="2224" a="2223" c="2225"/>
<f b="2227" a="2226" c="2228"/>
<f b="2230" a="2229" c="2231"/>
<f b="2233" a="2232" c="2234"/>
<f b="2236" a="2235" c="2237"/>
<f b="2239" a="2238" c="2240"/>
<f b="2242" a="2241" c="2243"/>
<f b="2245" a="2244" c="2246"/>
<f b="2248" a="2247" c="2249"/>
<f b="2251" a="2250" c="2252"/>
<f b="2254" a="2253" c="2255"/>
<f b="2257" a="2256" c="2258"/>
<f b="2260" a="2259" c="2261"/>
<f b="2263" a="2262" c="2264"/>
<f b="2266" a="2265" c="2267"/>
<f b="2269" a="2268" c="2270"/>
<f b="2272" a="2271" c="2273"/>
<f b="2275" a="2274" c="2276"/>
<f b="2278" a="2277" c="2279"/>
<f b="2281" a="2280" c="2282"/>
<f b="2284" a="2283" c="2285"/>
<f b="2287" a="2286" c="2288"/>
<f b="2290" a="2289" c="2291"/>
<f b="2293" a="2292" c="2294"/>
<f b="2296" a="2295" c="2297"/>
<f b="2299" a="2298" c="2300"/>
<f b="2302" a="2301" c="2303"/>
<f b="2305" a="2304" c="2306"/>
<f b="2308" a="2307" c="2309"/>
<f b="2311" a="2310" c="2312"/>
<f b="2314" a="2313" c="2315"/>
<f b="2317" a="2316" c="2318"/>
<f b="2320" a="2319" c="2321"/>
<f b="2323" a="2322" c="2324"/>
<f b="2326" a="2325" c="2327"/>
<f b="2329" a="2328" c="2330"/>
<f b="2332" a="2331" c="2333"/>
<f b="2335" a="2334" c="2336"/>
<f b="2338" a="2337" c="2339"/>
<f b="2341" a="2340" c="2342"/>
<f b="2344" a="2343" c="2345"/>
<f b="2347" a="2346" c="2348"/>
<f b="2350" a="2349" c="2351"/>
<f b="2353" a="2352" c="2354"/>
<f b="2356" a="2355" c="2357"/>
<f b="2359" a="2358" c="2360"/>
<f b="2362" a="2361" c="2363"/>
<f b="2365" a="2364" c="2366"/>
<f b="2368" a="2367" c="2369"/>
<f b="2371" a="2370" c="2372"/>
<f b="2374" a="2373" c="2375"/>
<f b="2377" a="2376" c="2378"/>
<f b="2380" a="2379" c="2381"/>
<f b="2383" a="2382" c="2384"/>
<f b="2386" a="2385" c="2387"/>
<f b="2389" a="2388" c="2390"/>
<f b="2392" a="2391" c="2393"/>
<f b="2395" a="2394" c="2396"/>
<f b="2398" a="2397" c="2399"/>
<f b="2401" a="2400" c="2402"/>
<f b="2404" a="2403" c="2405"/>
<f b="2407" a="2406" c="2408"/>
<f b="2410" a="2409" c="2411"/>
<f b="2413" a="2412" c="2414"/>
<f b="2416" a="2415" c="2417"/>
<f b="2419" a="2418" c="2420"/>
<f b="2422" a="2421" c="2423"/>
<f b="2425" a="2424" c="2426"/>
<f b="2428" a="2427" c="2429"/>
<f b="2431" a="2430" c="2432"/>
<f b="2434" a="2433" c="2435"/>
<f b="2437" a="2436" c="2438"/>
<f b="2440" a="2439" c="2441"/>
<f b="2443" a="2442" c="2444"/>
<f b="2446" a="2445" c="2447"/>
<f b="2449" a="2448" c="2450"/>
<f b="2452" a="2451" c="2453"/>
<f b="2455" a="2454" c="2456"/>
<f b="2458" a="2457" c="2459"/>
<f b="2461" a="2460" c="2462"/>
<f b="2464" a="2463" c="2465"/>
<f b="2467" a="2466" c="2468"/>
<f b="2470" a="2469" c="2471"/>
<f b="2473" a="2472" c="2474"/>
<f b="2476" a="2475" c="2477"/>
<f b="2479" a="2478" c="2480"/>
<f b="2482" a="2481" c="2483"/>
<f b="2485" a="2484" c="2486"/>
<f b="2488" a="2487" c="2489"/>
<f b="2491" a="2490" c="2492"/>
<f b="2494" a="2493" c="2495"/>
<f b="2497" a="2496" c="2498"/>
<f b="2500" a="2499" c="2501"/>
<f b="2503" a="2502" c="2504"/>
<f b="2506" a="2505" c="2507"/>
<f b="2509" a="2508" c="2510"/>
<f b="2512" a="2511" c="2513"/>
<f b="2515" a="2514" c="2516"/>
<f b="2518" a="2517" c="2519"/>
<f b="2521" a="2520" c="2522"/>
<f b="2524" a="2523" c="2525"/>
<f b="2527" a="2526" c="2528"/>
<f b="2530" a="2529" c="2531"/>
<f b="2533" a="2532" c="2534"/>
<f b="2536" a="2535" c="2537"/>
<f b="2539" a="2538" c="2540"/>
<f b="2542" a="2541" c="2543"/>
<f b="2545" a="2544" c="2546"/>
<f b="2548" a="2547" c="2549"/>
<f b="2551" a="2550" c="2552"/>
<f b="2554" a="2553" c="2555"/>
<f b="2557" a="2556" c="2558"/>
<f b="2560" a="2559" c="2561"/>
<f b="2563" a="2562" c="2564"/>
<f b="2566" a="2565" c="2567"/>
<f b="2569" a="2568" c="2570"/>
<f b="2572" a="2571" c="2573"/>
<f b="2575" a="2574" c="2576"/>
<f b="2578" a="2577" c="2579"/>
<f b="2581" a="2580" c="2582"/>
<f b="2584" a="2583" c="2585"/>
<f b="2587" a="2586" c="2588"/>
<f b="2590" a="2589" c="2591"/>
<f b="2593" a="2592" c="2594"/>
<f b="2596" a="2595" c="2597"/>
<f b="2599" a="2598" c="2600"/>
<f b="2602" a="2601" c="2603"/>
<f b="2605" a="2604" c="2606"/>
<f b="2608" a="2607" c="2609"/>
<f b="2611" a="2610" c="2612"/>
<f b="2614" a="2613" c="2615"/>
<f b="2617" a="2616" c="2618"/>
<f b="2620" a="2619" c="2621"/>
<f b="2623" a="2622" c="2624"/>
<f b="2626" a="2625" c="2627"/>
<f b="2629" a="2628" c="2630"/>
<f b="2632" a="2631" c="2633"/>
<f b="2635" a="2634" c="2636"/>
<f b="2638" a="2637" c="2639"/>
<f b="2641" a="2640" c="2642"/>
<f b="2644" a="2643" c="2645"/>
<f b="2647" a="2646" c="2648"/>
<f b="2650" a="2649" c="2651"/>
<f b="2653" a="2652" c="2654"/>
<f b="2656" a="2655" c="2657"/>
<f b="2659" a="2658" c="2660"/>
<f b="2662" a="2661" c="2663"/>
<f b="2665" a="2664" c="2666"/>
<f b="2668" a="2667" c="2669"/>
<f b="2671" a="2670" c="2672"/>
<f b="2674" a="2673" c="2675"/>
<f b="2677" a="2676" c="2678"/>
<f b="2680" a="2679" c="2681"/>
<f b="2683" a="2682" c="2684"/>
<f b="2686" a="2685" c="2687"/>
<f b="2689" a="2688" c="2690"/>
<f b="2692" a="2691" c="2693"/>
<f b="2695" a="2694" c="2696"/>
<f b="2698" a="2697" c="2699"/>
<f b="2701" a="2700" c="2702"/>
<f b="2704" a="2703" c="2705"/>
<f b="2707" a="2706" c="2708"/>
<f b="2710" a="2709" c="2711"/>
<f b="2713" a="2712" c="2714"/>
<f b="2716" a="2715" c="2717"/>
<f b="2719" a="2718" c="2720"/>
<f b="2722" a="2721" c="2723"/>
<f b="2725" a="2724" c="2726"/>
<f b="2728" a="2727" c="2729"/>
<f b="2731" a="2730" c="2732"/>
<f b="2734" a="2733" c="2735"/>
<f b="2737" a="2736" c="2738"/>
<f b="2740" a="2739" c="2741"/>
<f b="2743" a="2742" c="2744"/>
<f b="2746" a="2745" c="2747"/>
<f b="2749" a="2748" c="2750"/>
<f b="2752" a="2751" c="2753"/>
<f b="2755" a="2754" c="2756"/>
<f b="2758" a="2757" c="2759"/>
<f b="2761" a="2760" c="2762"/>
<f b="2764" a="2763" c="2765"/>
<f b="2767" a="2766" c="2768"/>
<f b="2770" a="2769" c="2771"/>
<f b="2773" a="2772" c="2774"/>
<f b="2776" a="2775" c="2777"/>
<f b="2779" a="2778" c="2780"/>
<f b="2782" a="2781" c="2783"/>
<f b="2785" a="2784" c="2786"/>
<f b="2788" a="2787" c="2789"/>
<f b="2791" a="2790" c="2792"/>
<f b="2794" a="2793" c="2795"/>
<f b="2797" a="2796" c="2798"/>
<f b="2800" a="2799" c="2801"/>
<f b="2803" a="2802" c="2804"/>
<f b="2806" a="2805" c="2807"/>
<f b="2809" a="2808" c="2810"/>
<f b="2812" a="2811" c="2813"/>
<f b="2815" a="2814" c="2816"/>
<f b="2818" a="2817" c="2819"/>
<f b="2821" a="2820" c="2822"/>
<f b="2824" a="2823" c="2825"/>
<f b="2827" a="2826" c="2828"/>
<f b="2830" a="2829" c="2831"/>
<f b="2833" a="2832" c="2834"/>
<f b="2836" a="2835" c="2837"/>
<f b="2839" a="2838" c="2840"/>
<f b="2842" a="2841" c="2843"/>
<f b="2845" a="2844" c="2846"/>
<f b="2848" a="2847" c="2849"/>
<f b="2851" a="2850" c="2852"/>
<f b="2854" a="2853" c="2855"/>
<f b="2857" a="2856" c="2858"/>
<f b="2860" a="2859" c="2861"/>
<f b="2863" a="2862" c="2864"/>
<f b="2866" a="2865" c="2867"/>
<f b="2869" a="2868" c="2870"/>
<f b="2872" a="2871" c="2873"/>
<f b="2875" a="2874" c="2876"/>
<f b="2878" a="2877" c="2879"/>
<f b="2881" a="2880" c="2882"/>
<f b="2884" a="2883" c="2885"/>
<f b="2887" a="2886" c="2888"/>
<f b="2890" a="2889" c="2891"/>
<f b="2893" a="2892" c="2894"/>
<f b="2896" a="2895" c="2897"/>
<f b="2899" a="2898" c="2900"/>
<f b="2902" a="2901" c="2903"/>
<f b="2905" a="2904" c="2906"/>
<f b="2908" a="2907" c="2909"/>
<f b="2911" a="2910" c="2912"/>
<f b="2914" a="2913" c="2915"/>
<f b="2917" a="2916" c="2918"/>
<f b="2920" a="2919" c="2921"/>
<f b="2923" a="2922" c="2924"/>
<f b="2926" a="2925" c="2927"/>
<f b="2929" a="2928" c="2930"/>
<f b="2932" a="2931" c="2933"/>
<f b="2935" a="2934" c="2936"/>
<f b="2938" a="2937" c="2939"/>
<f b="2941" a="2940" c="2942"/>
<f b="2944" a="2943" c="2945"/>
<f b="2947" a="2946" c="2948"/>
<f b="2950" a="2949" c="2951"/>
<f b="2953" a="2952" c="2954"/>
<f b="2956" a="2955" c="2957"/>
<f b="2959" a="2958" c="2960"/>
<f b="2962" a="2961" c="2963"/>
<f b="2965" a="2964" c="2966"/>
<f b="2968" a="2967" c="2969"/>
<f b="2971" a="2970" c="2972"/>
<f b="2974" a="2973" c="2975"/>
<f b="2977" a="2976" c="2978"/>
<f b="2980" a="2979" c="2981"/>
<f b="2983" a="2982" c="2984"/>
<f b="2986" a="2985" c="2987"/>
<f b="2989" a="2988" c="2990"/>
<f b="2992" a="2991" c="2993"/>
<f b="2995" a="2994" c="2996"/>
<f b="2998" a="2997" c="2999"/>
<f b="3001" a="3000" c="3002"/>
<f b="3004" a="3003" c="3005"/>
<f b="3007" a="3006" c="3008"/>
<f b="3010" a="3009" c="3011"/>
<f b="3013" a="3012" c="3014"/>
<f b="3016" a="3015" c="3017"/>
<f b="3019" a="3018" c="3020"/>
<f b="3022" a="3021" c="3023"/>
<f b="3025" a="3024" c="3026"/>
<f b="3028" a="3027" c="3029"/>
<f b="3031" a="3030" c="3032"/>
<f b="3034" a="3033" c="3035"/>
<f b="3037" a="3036" c="3038"/>
<f b="3040" a="3039" c="3041"/>
<f b="3043" a="3042" c="3044"/>
<f b="3046" a="3045" c="3047"/>
<f b="3049" a="3048" c="3050"/>
<f b="3052" a="3051" c="3053"/>
<f b="3055" a="3054" c="3056"/>
<f b="3058" a="3057" c="3059"/>
<f b="3061" a="3060" c="3062"/>
<f b="3064" a="3063" c="3065"/>
<f b="3067" a="3066" c="3068"/>
<f b="3070" a="3069" c="3071"/>
<f b="3073" a="3072" c="3074"/>
<f b="3076" a="3075" c="3077"/>
<f b="3079" a="3078" c="3080"/>
<f b="3082" a="3081" c="3083"/>
<f b="3085" a="3084" c="3086"/>
<f b="3088" a="3087" c="3089"/>
<f b="3091" a="3090" c="3092"/>
<f b="3094" a="3093" c="3095"/>
<f b="3097" a="3096" c="3098"/>
<f b="3100" a="3099" c="3101"/>
<f b="3103" a="3102" c="3104"/>
<f b="3106" a="3105" c="3107"/>
<f b="3109" a="3108" c="3110"/>
<f b="3112" a="3111" c="3113"/>
<f b="3115" a="3114" c="3116"/>
<f b="3118" a="3117" c="3119"/>
<f b="3121" a="3120" c="3122"/>
<f b="3124" a="3123" c="3125"/>
<f b="3127" a="3126" c="3128"/>
<f b="3130" a="3129" c="3131"/>
<f b="3133" a="3132" c="3134"/>
<f b="3136" a="3135" c="3137"/>
<f b="3139" a="3138" c="3140"/>
<f b="3142" a="3141" c="3143"/>
<f b="3145" a="3144" c="3146"/>
<f b="3148" a="3147" c="3149"/>
<f b="3151" a="3150" c="3152"/>
<f b="3154" a="3153" c="3155"/>
<f b="3157" a="3156" c="3158"/>
<f b="3160" a="3159" c="3161"/>
<f b="3163" a="3162" c="3164"/>
<f b="3166" a="3165" c="3167"/>
<f b="3169" a="3168" c="3170"/>
<f b="3172" a="3171" c="3173"/>
<f b="3175" a="3174" c="3176"/>
<f b="3178" a="3177" c="3179"/>
<f b="3181" a="3180" c="3182"/>
<f b="3184" a="3183" c="3185"/>
<f b="3187" a="3186" c="3188"/>
<f b="3190" a="3189" c="3191"/>
<f b="3193" a="3192" c="3194"/>
<f b="3196" a="3195" c="3197"/>
<f b="3199" a="3198" c="3200"/>
<f b="3202" a="3201" c="3203"/>
<f b="3205" a="3204" c="3206"/>
<f b="3208" a="3207" c="3209"/>
<f b="3211" a="3210" c="3212"/>
<f b="3214" a="3213" c="3215"/>
<f b="3217" a="3216" c="3218"/>
<f b="3220" a="3219" c="3221"/>
<f b="3223" a="3222" c="3224"/>
<f b="3226" a="3225" c="3227"/>
<f b="3229" a="3228" c="3230"/>
<f b="3232" a="3231" c="3233"/>
<f b="3235" a="3234" c="3236"/>
<f b="3238" a="3237" c="3239"/>
<f b="3241" a="3240" c="3242"/>
<f b="3244" a="3243" c="3245"/>
<f b="3247" a="3246" c="3248"/>
<f b="3250" a="3249" c="3251"/>
<f b="3253" a="3252" c="3254"/>
<f b="3256" a="3255" c="3257"/>
<f b="3259" a="3258" c="3260"/>
<f b="3262" a="3261" c="3263"/>
<f b="3265" a="3264" c="3266"/>
<f b="3268" a="3267" c="3269"/>
<f b="3271" a="3270" c="3272"/>
<f b="3274" a="3273" c="3275"/>
<f b="3277" a="3276" c="3278"/>
<f b="3280" a="3279" c="3281"/>
<f b="3283" a="3282" c="3284"/>
<f b="3286" a="3285" c="3287"/>
<f b="3289" a="3288" c="3290"/>
<f b="3292" a="3291" c="3293"/>
<f b="3295" a="3294" c="3296"/>
<f b="3298" a="3297" c="3299"/>
<f b="3301" a="3300" c="3302"/>
<f b="3304" a="3303" c="3305"/>
<f b="3307" a="3306" c="3308"/>
<f b="3310" a="3309" c="3311"/>
<f b="3313" a="3312" c="3314"/>
<f b="3316" a="3315" c="3317"/>
<f b="3319" a="3318" c="3320"/>
<f b="3322" a="3321" c="3323"/>
<f b="3325" a="3324" c="3326"/>
<f b="3328" a="3327" c="3329"/>
<f b="3331" a="3330" c="3332"/>
<f b="3334" a="3333" c="3335"/>
<f b="3337" a="3336" c="3338"/>
<f b="3340" a="3339" c="3341"/>
<f b="3343" a="3342" c="3344"/>
<f b="3346" a="3345" c="3347"/>
<f b="3349" a="3348" c="3350"/>
<f b="3352" a="3351" c="3353"/>
<f b="3355" a="3354" c="3356"/>
<f b="3358" a="3357" c="3359"/>
<f b="3361" a="3360" c="3362"/>
<f b="3364" a="3363" c="3365"/>
<f b="3367" a="3366" c="3368"/>
<f b="3370" a="3369" c="3371"/>
<f b="3373" a="3372" c="3374"/>
<f b="3376" a="3375" c="3377"/>
<f b="3379" a="3378" c="3380"/>
<f b="3382" a="3381" c="3383"/>
<f b="3385" a="3384" c="3386"/>
<f b="3388" a="3387" c="3389"/>
<f b="3391" a="3390" c="3392"/>
<f b="3394" a="3393" c="3395"/>
<f b="3397" a="3396" c="3398"/>
<f b="3400" a="3399" c="3401"/>
<f b="3403" a="3402" c="3404"/>
<f b="3406" a="3405" c="3407"/>
<f b="3409" a="3408" c="3410"/>
<f b="3412" a="3411" c="3413"/>
<f b="3415" a="3414" c="3416"/>
<f b="3418" a="3417" c="3419"/>
<f b="3421" a="3420" c="3422"/>
<f b="3424" a="3423" c="3425"/>
<f b="3427" a="3426" c="3428"/>
<f b="3430" a="3429" c="3431"/>
<f b="3433" a="3432" c="3434"/>
<f b="3436" a="3435" c="3437"/>
<f b="3439" a="3438" c="3440"/>
<f b="3442" a="3441" c="3443"/>
<f b="3445" a="3444" c="3446"/>
<f b="3448" a="3447" c="3449"/>
<f b="3451" a="3450" c="3452"/>
<f b="3454" a="3453" c="3455"/>
<f b="3457" a="3456" c="3458"/>
<f b="3460" a="3459" c="3461"/>
<f b="3463" a="3462" c="3464"/>
<f b="3466" a="3465" c="3467"/>
<f b="3469" a="3468" c="3470"/>
<f b="3472" a="3471" c="3473"/>
<f b="3475" a="3474" c="3476"/>
<f b="3478" a="3477" c="3479"/>
<f b="3481" a="3480" c="3482"/>
<f b="3484" a="3483" c="3485"/>
<f b="3487" a="3486" c="3488"/>
<f b="3490" a="3489" c="3491"/>
<f b="3493" a="3492" c="3494"/>
<f b="3496" a="3495" c="3497"/>
<f b="3499" a="3498" c="3500"/>
<f b="3502" a="3501" c="3503"/>
<f b="3505" a="3504" c="3506"/>
<f b="3508" a="3507" c="3509"/>
<f b="3511" a="3510" c="3512"/>
<f b="3514" a="3513" c="3515"/>
<f b="3517" a="3516" c="3518"/>
<f b="3520" a="3519" c="3521"/>
<f b="3523" a="3522" c="3524"/>
<f b="3526" a="3525" c="3527"/>
<f b="3529" a="3528" c="3530"/>
<f b="3532" a="3531" c="3533"/>
<f b="3535" a="3534" c="3536"/>
<f b="3538" a="3537" c="3539"/>
<f b="3541" a="3540" c="3542"/>
<f b="3544" a="3543" c="3545"/>
<f b="3547" a="3546" c="3548"/>
<f b="3550" a="3549" c="3551"/>
<f b="3553" a="3552" c="3554"/>
<f b="3556" a="3555" c="3557"/>
<f b="3559" a="3558" c="3560"/>
<f b="3562" a="3561" c="3563"/>
<f b="3565" a="3564" c="3566"/>
<f b="3568" a="3567" c="3569"/>
<f b="3571" a="3570" c="3572"/>
<f b="3574" a="3573" c="3575"/>
<f b="3577" a="3576" c="3578"/>
<f b="3580" a="3579" c="3581"/>
<f b="3583" a="3582" c="3584"/>
<f b="3586" a="3585" c="3587"/>
<f b="3589" a="3588" c="3590"/>
<f b="3592" a="3591" c="3593"/>
<f b="3595" a="3594" c="3596"/>
<f b="3598" a="3597" c="3599"/>
<f b="3601" a="3600" c="3602"/>
<f b="3604" a="3603" c="3605"/>
<f b="3607" a="3606" c="3608"/>
<f b="3610" a="3609" c="3611"/>
<f b="3613" a="3612" c="3614"/>
<f b="3616" a="3615" c="3617"/>
<f b="3619" a="3618" c="3620"/>
<f b="3622" a="3621" c="3623"/>
<f b="3625" a="3624" c="3626"/>
<f b="3628" a="3627" c="3629"/>
<f b="3631" a="3630" c="3632"/>
<f b="3634" a="3633" c="3635"/>
<f b="3637" a="3636" c="3638"/>
<f b="3640" a="3639" c="3641"/>
<f b="3643" a="3642" c="3644"/>
<f b="3646" a="3645" c="3647"/>
<f b="3649" a="3648" c="3650"/>
<f b="3652" a="3651" c="3653"/>
<f b="3655" a="3654" c="3656"/>
<f b="3658" a="3657" c="3659"/>
<f b="3661" a="3660" c="3662"/>
<f b="3664" a="3663" c="3665"/>
<f b="3667" a="3666" c="3668"/>
<f b="3670" a="3669" c="3671"/>
<f b="3673" a="3672" c="3674"/>
<f b="3676" a="3675" c="3677"/>
<f b="3679" a="3678" c="3680"/>
<f b="3682" a="3681" c="3683"/>
<f b="3685" a="3684" c="3686"/>
<f b="3688" a="3687" c="3689"/>
<f b="3691" a="3690" c="3692"/>
<f b="3694" a="3693" c="3695"/>
<f b="3697" a="3696" c="3698"/>
<f b="3700" a="3699" c="3701"/>
<f b="3703" a="3702" c="3704"/>
<f b="3706" a="3705" c="3707"/>
<f b="3709" a="3708" c="3710"/>
<f b="3712" a="3711" c="3713"/>
<f b="3715" a="3714" c="3716"/>
<f b="3718" a="3717" c="3719"/>
<f b="3721" a="3720" c="3722"/>
<f b="3724" a="3723" c="3725"/>
<f b="3727" a="3726" c="3728"/>
<f b="3730" a="3729" c="3731"/>
<f b="3733" a="3732" c="3734"/>
<f b="3736" a="3735" c="3737"/>
<f b="3739" a="3738" c="3740"/>
<f b="3742" a="3741" c="3743"/>
<f b="3745" a="3744" c="3746"/>
<f b="3748" a="3747" c="3749"/>
<f b="3751" a="3750" c="3752"/>
<f b="3754" a="3753" c="3755"/>
<f b="3757" a="3756" c="3758"/>
<f b="3760" a="3759" c="3761"/>
<f b="3763" a="3762" c="3764"/>
<f b="3766" a="3765" c="3767"/>
<f b="3769" a="3768" c="3770"/>
<f b="3772" a="3771" c="3773"/>
<f b="3775" a="3774" c="3776"/>
<f b="3778" a="3777" c="3779"/>
<f b="3781" a="3780" c="3782"/>
<f b="3784" a="3783" c="3785"/>
<f b="3787" a="3786" c="3788"/>
<f b="3790" a="3789" c="3791"/>
<f b="3793" a="3792" c="3794"/>
<f b="3796" a="3795" c="3797"/>
<f b="3799" a="3798" c="3800"/>
<f b="3802" a="3801" c="3803"/>
<f b="3805" a="3804" c="3806"/>
<f b="3808" a="3807" c="3809"/>
<f b="3811" a="3810" c="3812"/>
<f b="3814" a="3813" c="3815"/>
<f b="3817" a="3816" c="3818"/>
<f b="3820" a="3819" c="3821"/>
<f b="3823" a="3822" c="3824"/>
<f b="3826" a="3825" c="3827"/>
<f b="3829" a="3828" c="3830"/>
<f b="3832" a="3831" c="3833"/>
<f b="3835" a="3834" c="3836"/>
<f b="3838" a="3837" c="3839"/>
<f b="3841" a="3840" c="3842"/>
<f b="3844" a="3843" c="3845"/>
<f b="3847" a="3846" c="3848"/>
<f b="3850" a="3849" c="3851"/>
<f b="3853" a="3852" c="3854"/>
<f b="3856" a="3855" c="3857"/>
<f b="3859" a="3858" c="3860"/>
<f b="3862" a="3861" c="3863"/>
<f b="3865" a="3864" c="3866"/>
<f b="3868" a="3867" c="3869"/>
<f b="3871" a="3870" c="3872"/>
<f b="3874" a="3873" c="3875"/>
<f b="3877" a="3876" c="3878"/>
<f b="3880" a="3879" c="3881"/>
<f b="3883" a="3882" c="3884"/>
<f b="3886" a="3885" c="3887"/>
<f b="3889" a="3888" c="3890"/>
<f b="3892" a="3891" c="3893"/>
<f b="3895" a="3894" c="3896"/>
<f b="3898" a="3897" c="3899"/>
<f b="3901" a="3900" c="3902"/>
<f b="3904" a="3903" c="3905"/>
<f b="3907" a="3906" c="3908"/>
<f b="3910" a="3909" c="3911"/>
<f b="3913" a="3912" c="3914"/>
<f b="3916" a="3915" c="3917"/>
<f b="3919" a="3918" c="3920"/>
<f b="3922" a="3921" c="3923"/>
<f b="3925" a="3924" c="3926"/>
<f b="3928" a="3927" c="3929"/>
<f b="3931" a="3930" c="3932"/>
<f b="3934" a="3933" c="3935"/>
<f b="3937" a="3936" c="3938"/>
<f b="3940" a="3939" c="3941"/>
<f b="3943" a="3942" c="3944"/>
<f b="3946" a="3945" c="3947"/>
<f b="3949" a="3948" c="3950"/>
<f b="3952" a="3951" c="3953"/>
<f b="3955" a="3954" c="3956"/>
<f b="3958" a="3957" c="3959"/>
<f b="3961" a="3960" c="3962"/>
<f b="3964" a="3963" c="3965"/>
<f b="3967" a="3966" c="3968"/>
<f b="3970" a="3969" c="3971"/>
<f b="3973" a="3972" c="3974"/>
<f b="3976" a="3975" c="3977"/>
<f b="3979" a="3978" c="3980"/>
<f b="3982" a="3981" c="3983"/>
<f b="3985" a="3984" c="3986"/>
<f b="3988" a="3987" c="3989"/>
<f b="3991" a="3990" c="3992"/>
<f b="3994" a="3993" c="3995"/>
<f b="3997" a="3996" c="3998"/>
<f b="4000" a="3999" c="4001"/>
<f b="4003" a="4002" c="4004"/>
<f b="4006" a="4005" c="4007"/>
<f b="4009" a="4008" c="4010"/>
<f b="4012" a="4011" c="4013"/>
<f b="4015" a="4014" c="4016"/>
<f b="4018" a="4017" c="4019"/>
<f b="4021" a="4020" c="4022"/>
<f b="4024" a="4023" c="4025"/>
<f b="4027" a="4026" c="4028"/>
<f b="4030" a="4029" c="4031"/>
<f b="4033" a="4032" c="4034"/>
<f b="4036" a="4035" c="4037"/>
<f b="4039" a="4038" c="4040"/>
<f b="4042" a="4041" c="4043"/>
<f b="4045" a="4044" c="4046"/>
<f b="4048" a="4047" c="4049"/>
<f b="4051" a="4050" c="4052"/>
<f b="4054" a="4053" c="4055"/>
<f b="4057" a="4056" c="4058"/>
<f b="4060" a="4059" c="4061"/>
<f b="4063" a="4062" c="4064"/>
<f b="4066" a="4065" c="4067"/>
<f b="4069" a="4068" c="4070"/>
<f b="4072" a="4071" c="4073"/>
<f b="4075" a="4074" c="4076"/>
<f b="4078" a="4077" c="4079"/>
<f b="4081" a="4080" c="4082"/>
<f b="4084" a="4083" c="4085"/>
<f b="4087" a="4086" c="4088"/>
<f b="4090" a="4089" c="4091"/>
<f b="4093" a="4092" c="4094"/>
<f b="4096" a="4095" c="4097"/>
<f b="4099" a="4098" c="4100"/>
<f b="4102" a="4101" c="4103"/>
<f b="4105" a="4104" c="4106"/>
<f b="4108" a="4107" c="4109"/>
<f b="4111" a="4110" c="4112"/>
<f b="4114" a="4113" c="4115"/>
<f b="4117" a="4116" c="4118"/>
<f b="4120" a="4119" c="4121"/>
<f b="4123" a="4122" c="4124"/>
<f b="4126" a="4125" c="4127"/>
<f b="4129" a="4128" c="4130"/>
<f b="4132" a="4131" c="4133"/>
<f b="4135" a="4134" c="4136"/>
<f b="4138" a="4137" c="4139"/>
<f b="4141" a="4140" c="4142"/>
<f b="4144" a="4143" c="4145"/>
<f b="4147" a="4146" c="4148"/>
<f b="4150" a="4149" c="4151"/>
<f b="4153" a="4152" c="4154"/>
<f b="4156" a="4155" c="4157"/>
<f b="4159" a="4158" c="4160"/>
<f b="4162" a="4161" c="4163"/>
<f b="4165" a="4164" c="4166"/>
<f b="4168" a="4167" c="4169"/>
<f b="4171" a="4170" c="4172"/>
<f b="4174" a="4173" c="4175"/>
<f b="4177" a="4176" c="4178"/>
<f b="4180" a="4179" c="4181"/>
<f b="4183" a="4182" c="4184"/>
<f b="4186" a="4185" c="4187"/>
<f b="4189" a="4188" c="4190"/>
<f b="4192" a="4191" c="4193"/>
<f b="4195" a="4194" c="4196"/>
<f b="4198" a="4197" c="4199"/>
<f b="4201" a="4200" c="4202"/>
<f b="4204" a="4203" c="4205"/>
<f b="4207" a="4206" c="4208"/>
<f b="4210" a="4209" c="4211"/>
<f b="4213" a="4212" c="4214"/>
<f b="4216" a="4215" c="4217"/>
<f b="4219" a="4218" c="4220"/>
<f b="4222" a="4221" c="4223"/>
<f b="4225" a="4224" c="4226"/>
<f b="4228" a="4227" c="4229"/>
<f b="4231" a="4230" c="4232"/>
<f b="4234" a="4233" c="4235"/>
<f b="4237" a="4236" c="4238"/>
<f b="4240" a="4239" c="4241"/>
<f b="4243" a="4242" c="4244"/>
<f b="4246" a="4245" c="4247"/>
<f b="4249" a="4248" c="4250"/>
<f b="4252" a="4251" c="4253"/>
<f b="4255" a="4254" c="4256"/>
<f b="4258" a="4257" c="4259"/>
<f b="4261" a="4260" c="4262"/>
<f b="4264" a="4263" c="4265"/>
<f b="4267" a="4266" c="4268"/>
<f b="4270" a="4269" c="4271"/>
<f b="4273" a="4272" c="4274"/>
<f b="4276" a="4275" c="4277"/>
<f b="4279" a="4278" c="4280"/>
<f b="4282" a="4281" c="4283"/>
<f b="4285" a="4284" c="4286"/>
<f b="4288" a="4287" c="4289"/>
<f b="4291" a="4290" c="4292"/>
<f b="4294" a="4293" c="4295"/>
<f b="4297" a="4296" c="4298"/>
<f b="4300" a="4299" c="4301"/>
<f b="4303" a="4302" c="4304"/>
<f b="4306" a="4305" c="4307"/>
<f b="4309" a="4308" c="4310"/>
<f b="4312" a="4311" c="4313"/>
<f b="4315" a="4314" c="4316"/>
<f b="4318" a="4317" c="4319"/>
<f b="4321" a="4320" c="4322"/>
<f b="4324" a="4323" c="4325"/>
<f b="4327" a="4326" c="4328"/>
<f b="4330" a="4329" c="4331"/>
<f b="4333" a="4332" c="4334"/>
<f b="4336" a="4335" c="4337"/>
<f b="4339" a="4338" c="4340"/>
<f b="4342" a="4341" c="4343"/>
<f b="4345" a="4344" c="4346"/>
<f b="4348" a="4347" c="4349"/>
<f b="4351" a="4350" c="4352"/>
<f b="4354" a="4353" c="4355"/>
<f b="4357" a="4356" c="4358"/>
<f b="4360" a="4359" c="4361"/>
<f b="4363" a="4362" c="4364"/>
<f b="4366" a="4365" c="4367"/>
<f b="4369" a="4368" c="4370"/>
<f b="4372" a="4371" c="4373"/>
<f b="4375" a="4374" c="4376"/>
<f b="4378" a="4377" c="4379"/>
<f b="4381" a="4380" c="4382"/>
<f b="4384" a="4383" c="4385"/>
<f b="4387" a="4386" c="4388"/>
<f b="4390" a="4389" c="4391"/>
<f b="4393" a="4392" c="4394"/>
<f b="4396" a="4395" c="4397"/>
<f b="4399" a="4398" c="4400"/>
<f b="4402" a="4401" c="4403"/>
<f b="4405" a="4404" c="4406"/>
<f b="4408" a="4407" c="4409"/>
<f b="4411" a="4410" c="4412"/>
<f b="4414" a="4413" c="4415"/>
<f b="4417" a="4416" c="4418"/>
<f b="4420" a="4419" c="4421"/>
<f b="4423" a="4422" c="4424"/>
<f b="4426" a="4425" c="4427"/>
<f b="4429" a="4428" c="4430"/>
<f b="4432" a="4431" c="4433"/>
<f b="4435" a="4434" c="4436"/>
<f b="4438" a="4437" c="4439"/>
<f b="4441" a="4440" c="4442"/>
<f b="4444" a="4443" c="4445"/>
<f b="4447" a="4446" c="4448"/>
<f b="4450" a="4449" c="4451"/>
<f b="4453" a="4452" c="4454"/>
<f b="4456" a="4455" c="4457"/>
<f b="4459" a="4458" c="4460"/>
<f b="4462" a="4461" c="4463"/>
<f b="4465" a="4464" c="4466"/>
<f b="4468" a="4467" c="4469"/>
<f b="4471" a="4470" c="4472"/>
<f b="4474" a="4473" c="4475"/>
<f b="4477" a="4476" c="4478"/>
<f b="4480" a="4479" c="4481"/>
<f b="4483" a="4482" c="4484"/>
<f b="4486" a="4485" c="4487"/>
<f b="4489" a="4488" c="4490"/>
<f b="4492" a="4491" c="4493"/>
<f b="4495" a="4494" c="4496"/>
<f b="4498" a="4497" c="4499"/>
<f b="4501" a="4500" c="4502"/>
<f b="4504" a="4503" c="4505"/>
<f b="4507" a="4506" c="4508"/>
<f b="4510" a="4509" c="4511"/>
<f b="4513" a="4512" c="4514"/>
<f b="4516" a="4515" c="4517"/>
<f b="4519" a="4518" c="4520"/>
<f b="4522" a="4521" c="4523"/>
<f b="4525" a="4524" c="4526"/>
<f b="4528" a="4527" c="4529"/>
<f b="4531" a="4530" c="4532"/>
<f b="4534" a="4533" c="4535"/>
<f b="4537" a="4536" c="4538"/>
<f b="4540" a="4539" c="4541"/>
<f b="4543" a="4542" c="4544"/>
<f b="4546" a="4545" c="4547"/>
<f b="4549" a="4548" c="4550"/>
<f b="4552" a="4551" c="4553"/>
<f b="4555" a="4554" c="4556"/>
<f b="4558" a="4557" c="4559"/>
<f b="4561" a="4560" c="4562"/>
<f b="4564" a="4563" c="4565"/>
<f b="4567" a="4566" c="4568"/>
<f b="4570" a="4569" c="4571"/>
<f b="4573" a="4572" c="4574"/>
<f b="4576" a="4575" c="4577"/>
<f b="4579" a="4578" c="4580"/>
<f b="4582" a="4581" c="4583"/>
<f b="4585" a="4584" c="4586"/>
<f b="4588" a="4587" c="4589"/>
<f b="4591" a="4590" c="4592"/>
<f b="4594" a="4593" c="4595"/>
<f b="4597" a="4596" c="4598"/>
<f b="4600" a="4599" c="4601"/>
<f b="4603" a="4602" c="4604"/>
<f b="4606" a="4605" c="4607"/>
<f b="4609" a="4608" c="4610"/>
<f b="4612" a="4611" c="4613"/>
<f b="4615" a="4614" c="4616"/>
<f b="4618" a="4617" c="4619"/>
<f b="4621" a="4620" c="4622"/>
<f b="4624" a="4623" c="4625"/>
<f b="4627" a="4626" c="4628"/>
<f b="4630" a="4629" c="4631"/>
<f b="4633" a="4632" c="4634"/>
<f b="4636" a="4635" c="4637"/>
<f b="4639" a="4638" c="4640"/>
<f b="4642" a="4641" c="4643"/>
<f b="4645" a="4644" c="4646"/>
<f b="4648" a="4647" c="4649"/>
<f b="4651" a="4650" c="4652"/>
<f b="4654" a="4653" c="4655"/>
<f b="4657" a="4656" c="4658"/>
<f b="4660" a="4659" c="4661"/>
<f b="4663" a="4662" c="4664"/>
<f b="4666" a="4665" c="4667"/>
<f b="4669" a="4668" c="4670"/>
<f b="4672" a="4671" c="4673"/>
<f b="4675" a="4674" c="4676"/>
<f b="4678" a="4677" c="4679"/>
<f b="4681" a="4680" c="4682"/>
<f b="4684" a="4683" c="4685"/>
<f b="4687" a="4686" c="4688"/>
<f b="4690" a="4689" c="4691"/>
<f b="4693" a="4692" c="4694"/>
<f b="4696" a="4695" c="4697"/>
<f b="4699" a="4698" c="4700"/>
<f b="4702" a="4701" c="4703"/>
<f b="4705" a="4704" c="4706"/>
<f b="4708" a="4707" c="4709"/>
<f b="4711" a="4710" c="4712"/>
<f b="4714" a="4713" c="4715"/>
<f b="4717" a="4716" c="4718"/>
<f b="4720" a="4719" c="4721"/>
<f b="4723" a="4722" c="4724"/>
<f b="4726" a="4725" c="4727"/>
<f b="4729" a="4728" c="4730"/>
<f b="4732" a="4731" c="4733"/>
<f b="4735" a="4734" c="4736"/>
<f b="4738" a="4737" c="4739"/>
<f b="4741" a="4740" c="4742"/>
<f b="4744" a="4743" c="4745"/>
<f b="4747" a="4746" c="4748"/>
<f b="4750" a="4749" c="4751"/>
<f b="4753" a="4752" c="4754"/>
<f b="4756" a="4755" c="4757"/>
<f b="4759" a="4758" c="4760"/>
<f b="4762" a="4761" c="4763"/>
<f b="4765" a="4764" c="4766"/>
<f b="4768" a="4767" c="4769"/>
<f b="4771" a="4770" c="4772"/>
<f b="4774" a="4773" c="4775"/>
<f b="4777" a="4776" c="4778"/>
<f b="4780" a="4779" c="4781"/>
<f b="4783" a="4782" c="4784"/>
<f b="4786" a="4785" c="4787"/>
<f b="4789" a="4788" c="4790"/>
<f b="4792" a="4791" c="4793"/>
<f b="4795" a="4794" c="4796"/>
<f b="4798" a="4797" c="4799"/>
<f b="4801" a="4800" c="4802"/>
<f b="4804" a="4803" c="4805"/>
<f b="4807" a="4806" c="4808"/>
<f b="4810" a="4809" c="4811"/>
<f b="4813" a="4812" c="4814"/>
<f b="4816" a="4815" c="4817"/>
<f b="4819" a="4818" c="4820"/>
<f b="4822" a="4821" c="4823"/>
<f b="4825" a="4824" c="4826"/>
<f b="4828" a="4827" c="4829"/>
<f b="4831" a="4830" c="4832"/>
<f b="4834" a="4833" c="4835"/>
<f b="4837" a="4836" c="4838"/>
<f b="4840" a="4839" c="4841"/>
<f b="4843" a="4842" c="4844"/>
<f b="4846" a="4845" c="4847"/>
<f b="4849" a="4848" c="4850"/>
<f b="4852" a="4851" c="4853"/>
<f b="4855" a="4854" c="4856"/>
<f b="4858" a="4857" c="4859"/>
<f b="4861" a="4860" c="4862"/>
<f b="4864" a="4863" c="4865"/>
<f b="4867" a="4866" c="4868"/>
<f b="4870" a="4869" c="4871"/>
<f b="4873" a="4872" c="4874"/>
<f b="4876" a="4875" c="4877"/>
<f b="4879" a="4878" c="4880"/>
<f b="4882" a="4881" c="4883"/>
<f b="4885" a="4884" c="4886"/>
<f b="4888" a="4887" c="4889"/>
<f b="4891" a="4890" c="4892"/>
<f b="4894" a="4893" c="4895"/>
<f b="4897" a="4896" c="4898"/>
<f b="4900" a="4899" c="4901"/>
<f b="4903" a="4902" c="4904"/>
<f b="4906" a="4905" c="4907"/>
<f b="4909" a="4908" c="4910"/>
<f b="4912" a="4911" c="4913"/>
<f b="4915" a="4914" c="4916"/>
<f b="4918" a="4917" c="4919"/>
<f b="4921" a="4920" c="4922"/>
<f b="4924" a="4923" c="4925"/>
<f b="4927" a="4926" c="4928"/>
<f b="4930" a="4929" c="4931"/>
<f b="4933" a="4932" c="4934"/>
<f b="4936" a="4935" c="4937"/>
<f b="4939" a="4938" c="4940"/>
<f b="4942" a="4941" c="4943"/>
<f b="4945" a="4944" c="4946"/>
<f b="4948" a="4947" c="4949"/>
<f b="4951" a="4950" c="4952"/>
<f b="4954" a="4953" c="4955"/>
<f b="4957" a="4956" c="4958"/>
<f b="4960" a="4959" c="4961"/>
<f b="4963" a="4962" c="4964"/>
<f b="4966" a="4965" c="4967"/>
<f b="4969" a="4968" c="4970"/>
<f b="4972" a="4971" c="4973"/>
<f b="4975" a="4974" c="4976"/>
<f b="4978" a="4977" c="4979"/>
<f b="4981" a="4980" c="4982"/>
<f b="4984" a="4983" c="4985"/>
<f b="4987" a="4986" c="4988"/>
<f b="4990" a="4989" c="4991"/>
<f b="4993" a="4992" c="4994"/>
<f b="4996" a="4995" c="4997"/>
<f b="4999" a="4998" c="5000"/>
<f b="5002" a="5001" c="5003"/>
<f b="5005" a="5004" c="5006"/>
<f b="5008" a="5007" c="5009"/>
<f b="5011" a="5010" c="5012"/>
<f b="5014" a="5013" c="5015"/>
<f b="5017" a="5016" c="5018"/>
<f b="5020" a="5019" c="5021"/>
<f b="5023" a="5022" c="5024"/>
<f b="5026" a="5025" c="5027"/>
<f b="5029" a="5028" c="5030"/>
<f b="5032" a="5031" c="5033"/>
<f b="5035" a="5034" c="5036"/>
<f b="5038" a="5037" c="5039"/>
<f b="5041" a="5040" c="5042"/>
<f b="5044" a="5043" c="5045"/>
<f b="5047" a="5046" c="5048"/>
<f b="5050" a="5049" c="5051"/>
<f b="5053" a="5052" c="5054"/>
<f b="5056" a="5055" c="5057"/>
<f b="5059" a="5058" c="5060"/>
<f b="5062" a="5061" c="5063"/>
<f b="5065" a="5064" c="5066"/>
<f b="5068" a="5067" c="5069"/>
<f b="5071" a="5070" c="5072"/>
<f b="5074" a="5073" c="5075"/>
<f b="5077" a="5076" c="5078"/>
<f b="5080" a="5079" c="5081"/>
<f b="5083" a="5082" c="5084"/>
<f b="5086" a="5085" c="5087"/>
<f b="5089" a="5088" c="5090"/>
<f b="5092" a="5091" c="5093"/>
<f b="5095" a="5094" c="5096"/>
<f b="5098" a="5097" c="5099"/>
<f b="5101" a="5100" c="5102"/>
<f b="5104" a="5103" c="5105"/>
<f b="5107" a="5106" c="5108"/>
<f b="5110" a="5109" c="5111"/>
<f b="5113" a="5112" c="5114"/>
<f b="5116" a="5115" c="5117"/>
<f b="5119" a="5118" c="5120"/>
<f b="5122" a="5121" c="5123"/>
<f b="5125" a="5124" c="5126"/>
<f b="5128" a="5127" c="5129"/>
<f b="5131" a="5130" c="5132"/>
<f b="5134" a="5133" c="5135"/>
<f b="5137" a="5136" c="5138"/>
<f b="5140" a="5139" c="5141"/>
<f b="5143" a="5142" c="5144"/>
<f b="5146" a="5145" c="5147"/>
<f b="5149" a="5148" c="5150"/>
<f b="5152" a="5151" c="5153"/>
<f b="5155" a="5154" c="5156"/>
<f b="5158" a="5157" c="5159"/>
<f b="5161" a="5160" c="5162"/>
<f b="5164" a="5163" c="5165"/>
<f b="5167" a="5166" c="5168"/>
<f b="5170" a="5169" c="5171"/>
<f b="5173" a="5172" c="5174"/>
<f b="5176" a="5175" c="5177"/>
<f b="5179" a="5178" c="5180"/>
<f b="5182" a="5181" c="5183"/>
<f b="5185" a="5184" c="5186"/>
<f b="5188" a="5187" c="5189"/>
<f b="5191" a="5190" c="5192"/>
<f b="5194" a="5193" c="5195"/>
<f b="5197" a="5196" c="5198"/>
<f b="5200" a="5199" c="5201"/>
<f b="5203" a="5202" c="5204"/>
<f b="5206" a="5205" c="5207"/>
<f b="5209" a="5208" c="5210"/>
<f b="5212" a="5211" c="5213"/>
<f b="5215" a="5214" c="5216"/>
<f b="5218" a="5217" c="5219"/>
<f b="5221" a="5220" c="5222"/>
<f b="5224" a="5223" c="5225"/>
<f b="5227" a="5226" c="5228"/>
<f b="5230" a="5229" c="5231"/>
<f b="5233" a="5232" c="5234"/>
<f b="5236" a="5235" c="5237"/>
<f b="5239" a="5238" c="5240"/>
<f b="5242" a="5241" c="5243"/>
<f b="5245" a="5244" c="5246"/>
<f b="5248" a="5247" c="5249"/>
<f b="5251" a="5250" c="5252"/>
<f b="5254" a="5253" c="5255"/>
<f b="5257" a="5256" c="5258"/>
<f b="5260" a="5259" c="5261"/>
<f b="5263" a="5262" c="5264"/>
<f b="5266" a="5265" c="5267"/>
<f b="5269" a="5268" c="5270"/>
<f b="5272" a="5271" c="5273"/>
<f b="5275" a="5274" c="5276"/>
<f b="5278" a="5277" c="5279"/>
<f b="5281" a="5280" c="5282"/>
<f b="5284" a="5283" c="5285"/>
<f b="5287" a="5286" c="5288"/>
<f b="5290" a="5289" c="5291"/>
<f b="5293" a="5292" c="5294"/>
<f b="5296" a="5295" c="5297"/>
<f b="5299" a="5298" c="5300"/>
<f b="5302" a="5301" c="5303"/>
<f b="5305" a="5304" c="5306"/>
<f b="5308" a="5307" c="5309"/>
<f b="5311" a="5310" c="5312"/>
<f b="5314" a="5313" c="5315"/>
<f b="5317" a="5316" c="5318"/>
<f b="5320" a="5319" c="5321"/>
<f b="5323" a="5322" c="5324"/>
<f b="5326" a="5325" c="5327"/>
<f b="5329" a="5328" c="5330"/>
<f b="5332" a="5331" c="5333"/>
<f b="5335" a="5334" c="5336"/>
<f b="5338" a="5337" c="5339"/>
<f b="5341" a="5340" c="5342"/>
<f b="5344" a="5343" c="5345"/>
<f b="5347" a="5346" c="5348"/>
<f b="5350" a="5349" c="5351"/>
<f b="5353" a="5352" c="5354"/>
<f b="5356" a="5355" c="5357"/>
<f b="5359" a="5358" c="5360"/>
<f b="5362" a="5361" c="5363"/>
<f b="5365" a="5364" c="5366"/>
<f b="5368" a="5367" c="5369"/>
<f b="5371" a="5370" c="5372"/>
<f b="5374" a="5373" c="5375"/>
<f b="5377" a="5376" c="5378"/>
<f b="5380" a="5379" c="5381"/>
<f b="5383" a="5382" c="5384"/>
<f b="5386" a="5385" c="5387"/>
<f b="5389" a="5388" c="5390"/>
<f b="5392" a="5391" c="5393"/>
<f b="5395" a="5394" c="5396"/>
<f b="5398" a="5397" c="5399"/>
<f b="5401" a="5400" c="5402"/>
<f b="5404" a="5403" c="5405"/>
<f b="5407" a="5406" c="5408"/>
<f b="5410" a="5409" c="5411"/>
<f b="5413" a="5412" c="5414"/>
<f b="5416" a="5415" c="5417"/>
<f b="5419" a="5418" c="5420"/>
<f b="5422" a="5421" c="5423"/>
<f b="5425" a="5424" c="5426"/>
<f b="5428" a="5427" c="5429"/>
<f b="5431" a="5430" c="5432"/>
<f b="5434" a="5433" c="5435"/>
<f b="5437" a="5436" c="5438"/>
<f b="5440" a="5439" c="5441"/>
<f b="5443" a="5442" c="5444"/>
<f b="5446" a="5445" c="5447"/>
<f b="5449" a="5448" c="5450"/>
<f b="5452" a="5451" c="5453"/>
<f b="5455" a="5454" c="5456"/>
<f b="5458" a="5457" c="5459"/>
<f b="5461" a="5460" c="5462"/>
<f b="5464" a="5463" c="5465"/>
<f b="5467" a="5466" c="5468"/>
<f b="5470" a="5469" c="5471"/>
<f b="5473" a="5472" c="5474"/>
<f b="5476" a="5475" c="5477"/>
<f b="5479" a="5478" c="5480"/>
<f b="5482" a="5481" c="5483"/>
<f b="5485" a="5484" c="5486"/>
<f b="5488" a="5487" c="5489"/>
<f b="5491" a="5490" c="5492"/>
<f b="5494" a="5493" c="5495"/>
<f b="5497" a="5496" c="5498"/>
<f b="5500" a="5499" c="5501"/>
<f b="5503" a="5502" c="5504"/>
<f b="5506" a="5505" c="5507"/>
<f b="5509" a="5508" c="5510"/>
<f b="5512" a="5511" c="5513"/>
<f b="5515" a="5514" c="5516"/>
<f b="5518" a="5517" c="5519"/>
<f b="5521" a="5520" c="5522"/>
<f b="5524" a="5523" c="5525"/>
<f b="5527" a="5526" c="5528"/>
<f b="5530" a="5529" c="5531"/>
<f b="5533" a="5532" c="5534"/>
<f b="5536" a="5535" c="5537"/>
<f b="5539" a="5538" c="5540"/>
<f b="5542" a="5541" c="5543"/>
<f b="5545" a="5544" c="5546"/>
<f b="5548" a="5547" c="5549"/>
<f b="5551" a="5550" c="5552"/>
<f b="5554" a="5553" c="5555"/>
<f b="5557" a="5556" c="5558"/>
<f b="5560" a="5559" c="5561"/>
<f b="5563" a="5562" c="5564"/>
<f b="5566" a="5565" c="5567"/>
<f b="5569" a="5568" c="5570"/>
<f b="5572" a="5571" c="5573"/>
<f b="5575" a="5574" c="5576"/>
<f b="5578" a="5577" c="5579"/>
<f b="5581" a="5580" c="5582"/>
<f b="5584" a="5583" c="5585"/>
<f b="5587" a="5586" c="5588"/>
<f b="5590" a="5589" c="5591"/>
<f b="5593" a="5592" c="5594"/>
<f b="5596" a="5595" c="5597"/>
<f b="5599" a="5598" c="5600"/>
<f b="5602" a="5601" c="5603"/>
<f b="5605" a="5604" c="5606"/>
<f b="5608" a="5607" c="5609"/>
<f b="5611" a="5610" c="5612"/>
<f b="5614" a="5613" c="5615"/>
<f b="5617" a="5616" c="5618"/>
<f b="5620" a="5619" c="5621"/>
<f b="5623" a="5622" c="5624"/>
<f b="5626" a="5625" c="5627"/>
<f b="5629" a="5628" c="5630"/>
<f b="5632" a="5631" c="5633"/>
<f b="5635" a="5634" c="5636"/>
<f b="5638" a="5637" c="5639"/>
<f b="5641" a="5640" c="5642"/>
<f b="5644" a="5643" c="5645"/>
<f b="5647" a="5646" c="5648"/>
<f b="5650" a="5649" c="5651"/>
<f b="5653" a="5652" c="5654"/>
<f b="5656" a="5655" c="5657"/>
<f b="5659" a="5658" c="5660"/>
<f b="5662" a="5661" c="5663"/>
<f b="5665" a="5664" c="5666"/>
<f b="5668" a="5667" c="5669"/>
<f b="5671" a="5670" c="5672"/>
<f b="5674" a="5673" c="5675"/>
<f b="5677" a="5676" c="5678"/>
<f b="5680" a="5679" c="5681"/>
<f b="5683" a="5682" c="5684"/>
<f b="5686" a="5685" c="5687"/>
<f b="5689" a="5688" c="5690"/>
<f b="5692" a="5691" c="5693"/>
<f b="5695" a="5694" c="5696"/>
<f b="5698" a="5697" c="5699"/>
<f b="5701" a="5700" c="5702"/>
<f b="5704" a="5703" c="5705"/>
<f b="5707" a="5706" c="5708"/>
<f b="5710" a="5709" c="5711"/>
<f b="5713" a="5712" c="5714"/>
<f b="5716" a="5715" c="5717"/>
<f b="5719" a="5718" c="5720"/>
<f b="5722" a="5721" c="5723"/>
<f b="5725" a="5724" c="5726"/>
<f b="5728" a="5727" c="5729"/>
<f b="5731" a="5730" c="5732"/>
<f b="5734" a="5733" c="5735"/>
<f b="5737" a="5736" c="5738"/>
<f b="5740" a="5739" c="5741"/>
<f b="5743" a="5742" c="5744"/>
<f b="5746" a="5745" c="5747"/>
<f b="5749" a="5748" c="5750"/>
<f b="5752" a="5751" c="5753"/>
<f b="5755" a="5754" c="5756"/>
<f b="5758" a="5757" c="5759"/>
<f b="5761" a="5760" c="5762"/>
<f b="5764" a="5763" c="5765"/>
<f b="5767" a="5766" c="5768"/>
<f b="5770" a="5769" c="5771"/>
<f b="5773" a="5772" c="5774"/>
<f b="5776" a="5775" c="5777"/>
<f b="5779" a="5778" c="5780"/>
<f b="5782" a="5781" c="5783"/>
<f b="5785" a="5784" c="5786"/>
<f b="5788" a="5787" c="5789"/>
<f b="5791" a="5790" c="5792"/>
<f b="5794" a="5793" c="5795"/>
<f b="5797" a="5796" c="5798"/>
<f b="5800" a="5799" c="5801"/>
<f b="5803" a="5802" c="5804"/>
<f b="5806" a="5805" c="5807"/>
<f b="5809" a="5808" c="5810"/>
<f b="5812" a="5811" c="5813"/>
<f b="5815" a="5814" c="5816"/>
<f b="5818" a="5817" c="5819"/>
<f b="5821" a="5820" c="5822"/>
<f b="5824" a="5823" c="5825"/>
<f b="5827" a="5826" c="5828"/>
<f b="5830" a="5829" c="5831"/>
<f b="5833" a="5832" c="5834"/>
<f b="5836" a="5835" c="5837"/>
<f b="5839" a="5838" c="5840"/>
<f b="5842" a="5841" c="5843"/>
<f b="5845" a="5844" c="5846"/>
<f b="5848" a="5847" c="5849"/>
<f b="5851" a="5850" c="5852"/>
<f b="5854" a="5853" c="5855"/>
<f b="5857" a="5856" c="5858"/>
<f b="5860" a="5859" c="5861"/>
<f b="5863" a="5862" c="5864"/>
<f b="5866" a="5865" c="5867"/>
<f b="5869" a="5868" c="5870"/>
<f b="5872" a="5871" c="5873"/>
<f b="5875" a="5874" c="5876"/>
<f b="5878" a="5877" c="5879"/>
<f b="5881" a="5880" c="5882"/>
<f b="5884" a="5883" c="5885"/>
<f b="5887" a="5886" c="5888"/>
<f b="5890" a="5889" c="5891"/>
<f b="5893" a="5892" c="5894"/>
<f b="5896" a="5895" c="5897"/>
<f b="5899" a="5898" c="5900"/>
<f b="5902" a="5901" c="5903"/>
<f b="5905" a="5904" c="5906"/>
<f b="5908" a="5907" c="5909"/>
<f b="5911" a="5910" c="5912"/>
<f b="5914" a="5913" c="5915"/>
<f b="5917" a="5916" c="5918"/>
<f b="5920" a="5919" c="5921"/>
<f b="5923" a="5922" c="5924"/>
<f b="5926" a="5925" c="5927"/>
<f b="5929" a="5928" c="5930"/>
<f b="5932" a="5931" c="5933"/>
<f b="5935" a="5934" c="5936"/>
<f b="5938" a="5937" c="5939"/>
<f b="5941" a="5940" c="5942"/>
<f b="5944" a="5943" c="5945"/>
<f b="5947" a="5946" c="5948"/>
<f b="5950" a="5949" c="5951"/>
<f b="5953" a="5952" c="5954"/>
<f b="5956" a="5955" c="5957"/>
<f b="5959" a="5958" c="5960"/>
<f b="5962" a="5961" c="5963"/>
<f b="5965" a="5964" c="5966"/>
<f b="5968" a="5967" c="5969"/>
<f b="5971" a="5970" c="5972"/>
<f b="5974" a="5973" c="5975"/>
<f b="5977" a="5976" c="5978"/>
<f b="5980" a="5979" c="5981"/>
<f b="5983" a="5982" c="5984"/>
<f b="5986" a="5985" c="5987"/>
<f b="5989" a="5988" c="5990"/>
<f b="5992" a="5991" c="5993"/>
<f b="5995" a="5994" c="5996"/>
<f b="5998" a="5997" c="5999"/>
<f b="6001" a="6000" c="6002"/>
<f b="6004" a="6003" c="6005"/>
<f b="6007" a="6006" c="6008"/>
<f b="6010" a="6009" c="6011"/>
<f b="6013" a="6012" c="6014"/>
<f b="6016" a="6015" c="6017"/>
<f b="6019" a="6018" c="6020"/>
<f b="6022" a="6021" c="6023"/>
<f b="6025" a="6024" c="6026"/>
<f b="6028" a="6027" c="6029"/>
<f b="6031" a="6030" c="6032"/>
<f b="6034" a="6033" c="6035"/>
<f b="6037" a="6036" c="6038"/>
<f b="6040" a="6039" c="6041"/>
<f b="6043" a="6042" c="6044"/>
<f b="6046" a="6045" c="6047"/>
<f b="6049" a="6048" c="6050"/>
<f b="6052" a="6051" c="6053"/>
<f b="6055" a="6054" c="6056"/>
<f b="6058" a="6057" c="6059"/>
<f b="6061" a="6060" c="6062"/>
<f b="6064" a="6063" c="6065"/>
<f b="6067" a="6066" c="6068"/>
<f b="6070" a="6069" c="6071"/>
<f b="6073" a="6072" c="6074"/>
<f b="6076" a="6075" c="6077"/>
<f b="6079" a="6078" c="6080"/>
<f b="6082" a="6081" c="6083"/>
<f b="6085" a="6084" c="6086"/>
<f b="6088" a="6087" c="6089"/>
<f b="6091" a="6090" c="6092"/>
<f b="6094" a="6093" c="6095"/>
<f b="6097" a="6096" c="6098"/>
<f b="6100" a="6099" c="6101"/>
<f b="6103" a="6102" c="6104"/>
<f b="6106" a="6105" c="6107"/>
<f b="6109" a="6108" c="6110"/>
<f b="6112" a="6111" c="6113"/>
<f b="6115" a="6114" c="6116"/>
<f b="6118" a="6117" c="6119"/>
<f b="6121" a="6120" c="6122"/>
<f b="6124" a="6123" c="6125"/>
<f b="6127" a="6126" c="6128"/>
<f b="6130" a="6129" c="6131"/>
<f b="6133" a="6132" c="6134"/>
<f b="6136" a="6135" c="6137"/>
<f b="6139" a="6138" c="6140"/>
<f b="6142" a="6141" c="6143"/>
<f b="6145" a="6144" c="6146"/>
<f b="6148" a="6147" c="6149"/>
<f b="6151" a="6150" c="6152"/>
<f b="6154" a="6153" c="6155"/>
<f b="6157" a="6156" c="6158"/>
<f b="6160" a="6159" c="6161"/>
<f b="6163" a="6162" c="6164"/>
<f b="6166" a="6165" c="6167"/>
<f b="6169" a="6168" c="6170"/>
<f b="6172" a="6171" c="6173"/>
<f b="6175" a="6174" c="6176"/>
<f b="6178" a="6177" c="6179"/>
<f b="6181" a="6180" c="6182"/>
<f b="6184" a="6183" c="6185"/>
<f b="6187" a="6186" c="6188"/>
<f b="6190" a="6189" c="6191"/>
<f b="6193" a="6192" c="6194"/>
<f b="6196" a="6195" c="6197"/>
<f b="6199" a="6198" c="6200"/>
<f b="6202" a="6201" c="6203"/>
<f b="6205" a="6204" c="6206"/>
<f b="6208" a="6207" c="6209"/>
<f b="6211" a="6210" c="6212"/>
<f b="6214" a="6213" c="6215"/>
<f b="6217" a="6216" c="6218"/>
<f b="6220" a="6219" c="6221"/>
<f b="6223" a="6222" c="6224"/>
<f b="6226" a="6225" c="6227"/>
<f b="6229" a="6228" c="6230"/>
<f b="6232" a="6231" c="6233"/>
<f b="6235" a="6234" c="6236"/>
<f b="6238" a="6237" c="6239"/>
<f b="6241" a="6240" c="6242"/>
<f b="6244" a="6243" c="6245"/>
<f b="6247" a="6246" c="6248"/>
<f b="6250" a="6249" c="6251"/>
<f b="6253" a="6252" c="6254"/>
<f b="6256" a="6255" c="6257"/>
<f b="6259" a="6258" c="6260"/>
<f b="6262" a="6261" c="6263"/>
<f b="6265" a="6264" c="6266"/>
<f b="6268" a="6267" c="6269"/>
<f b="6271" a="6270" c="6272"/>
<f b="6274" a="6273" c="6275"/>
<f b="6277" a="6276" c="6278"/>
<f b="6280" a="6279" c="6281"/>
<f b="6283" a="6282" c="6284"/>
<f b="6286" a="6285" c="6287"/>
<f b="6289" a="6288" c="6290"/>
<f b="6292" a="6291" c="6293"/>
<f b="6295" a="6294" c="6296"/>
<f b="6298" a="6297" c="6299"/>
<f b="6301" a="6300" c="6302"/>
<f b="6304" a="6303" c="6305"/>
<f b="6307" a="6306" c="6308"/>
<f b="6310" a="6309" c="6311"/>
<f b="6313" a="6312" c="6314"/>
<f b="6316" a="6315" c="6317"/>
<f b="6319" a="6318" c="6320"/>
<f b="6322" a="6321" c="6323"/>
<f b="6325" a="6324" c="6326"/>
<f b="6328" a="6327" c="6329"/>
<f b="6331" a="6330" c="6332"/>
<f b="6334" a="6333" c="6335"/>
<f b="6337" a="6336" c="6338"/>
<f b="6340" a="6339" c="6341"/>
<f b="6343" a="6342" c="6344"/>
<f b="6346" a="6345" c="6347"/>
<f b="6349" a="6348" c="6350"/>
<f b="6352" a="6351" c="6353"/>
<f b="6355" a="6354" c="6356"/>
<f b="6358" a="6357" c="6359"/>
<f b="6361" a="6360" c="6362"/>
<f b="6364" a="6363" c="6365"/>
<f b="6367" a="6366" c="6368"/>
<f b="6370" a="6369" c="6371"/>
<f b="6373" a="6372" c="6374"/>
<f b="6376" a="6375" c="6377"/>
<f b="6379" a="6378" c="6380"/>
<f b="6382" a="6381" c="6383"/>
<f b="6385" a="6384" c="6386"/>
<f b="6388" a="6387" c="6389"/>
<f b="6391" a="6390" c="6392"/>
<f b="6394" a="6393" c="6395"/>
<f b="6397" a="6396" c="6398"/>
<f b="6400" a="6399" c="6401"/>
<f b="6403" a="6402" c="6404"/>
<f b="6406" a="6405" c="6407"/>
<f b="6409" a="6408" c="6410"/>
<f b="6412" a="6411" c="6413"/>
<f b="6415" a="6414" c="6416"/>
<f b="6418" a="6417" c="6419"/>
<f b="6421" a="6420" c="6422"/>
<f b="6424" a="6423" c="6425"/>
<f b="6427" a="6426" c="6428"/>
<f b="6430" a="6429" c="6431"/>
<f b="6433" a="6432" c="6434"/>
<f b="6436" a="6435" c="6437"/>
<f b="6439" a="6438" c="6440"/>
<f b="6442" a="6441" c="6443"/>
<f b="6445" a="6444" c="6446"/>
<f b="6448" a="6447" c="6449"/>
<f b="6451" a="6450" c="6452"/>
<f b="6454" a="6453" c="6455"/>
<f b="6457" a="6456" c="6458"/>
<f b="6460" a="6459" c="6461"/>
<f b="6463" a="6462" c="6464"/>
<f b="6466" a="6465" c="6467"/>
<f b="6469" a="6468" c="6470"/>
<f b="6472" a="6471" c="6473"/>
<f b="6475" a="6474" c="6476"/>
<f b="6478" a="6477" c="6479"/>
<f b="6481" a="6480" c="6482"/>
<f b="6484" a="6483" c="6485"/>
<f b="6487" a="6486" c="6488"/>
<f b="6490" a="6489" c="6491"/>
<f b="6493" a="6492" c="6494"/>
<f b="6496" a="6495" c="6497"/>
<f b="6499" a="6498" c="6500"/>
<f b="6502" a="6501" c="6503"/>
<f b="6505" a="6504" c="6506"/>
<f b="6508" a="6507" c="6509"/>
<f b="6511" a="6510" c="6512"/>
<f b="6514" a="6513" c="6515"/>
<f b="6517" a="6516" c="6518"/>
<f b="6520" a="6519" c="6521"/>
<f b="6523" a="6522" c="6524"/>
<f b="6526" a="6525" c="6527"/>
<f b="6529" a="6528" c="6530"/>
<f b="6532" a="6531" c="6533"/>
<f b="6535" a="6534" c="6536"/>
<f b="6538" a="6537" c="6539"/>
<f b="6541" a="6540" c="6542"/>
<f b="6544" a="6543" c="6545"/>
<f b="6547" a="6546" c="6548"/>
<f b="6550" a="6549" c="6551"/>
<f b="6553" a="6552" c="6554"/>
<f b="6556" a="6555" c="6557"/>
<f b="6559" a="6558" c="6560"/>
<f b="6562" a="6561" c="6563"/>
<f b="6565" a="6564" c="6566"/>
<f b="6568" a="6567" c="6569"/>
<f b="6571" a="6570" c="6572"/>
<f b="6574" a="6573" c="6575"/>
<f b="6577" a="6576" c="6578"/>
<f b="6580" a="6579" c="6581"/>
<f b="6583" a="6582" c="6584"/>
<f b="6586" a="6585" c="6587"/>
<f b="6589" a="6588" c="6590"/>
<f b="6592" a="6591" c="6593"/>
<f b="6595" a="6594" c="6596"/>
<f b="6598" a="6597" c="6599"/>
<f b="6601" a="6600" c="6602"/>
<f b="6604" a="6603" c="6605"/>
<f b="6607" a="6606" c="6608"/>
<f b="6610" a="6609" c="6611"/>
<f b="6613" a="6612" c="6614"/>
<f b="6616" a="6615" c="6617"/>
<f b="6619" a="6618" c="6620"/>
<f b="6622" a="6621" c="6623"/>
<f b="6625" a="6624" c="6626"/>
<f b="6628" a="6627" c="6629"/>
<f b="6631" a="6630" c="6632"/>
<f b="6634" a="6633" c="6635"/>
<f b="6637" a="6636" c="6638"/>
<f b="6640" a="6639" c="6641"/>
<f b="6643" a="6642" c="6644"/>
<f b="6646" a="6645" c="6647"/>
<f b="6649" a="6648" c="6650"/>
<f b="6652" a="6651" c="6653"/>
<f b="6655" a="6654" c="6656"/>
<f b="6658" a="6657" c="6659"/>
<f b="6661" a="6660" c="6662"/>
<f b="6664" a="6663" c="6665"/>
<f b="6667" a="6666" c="6668"/>
<f b="6670" a="6669" c="6671"/>
<f b="6673" a="6672" c="6674"/>
<f b="6676" a="6675" c="6677"/>
<f b="6679" a="6678" c="6680"/>
<f b="6682" a="6681" c="6683"/>
<f b="6685" a="6684" c="6686"/>
<f b="6688" a="6687" c="6689"/>
<f b="6691" a="6690" c="6692"/>
<f b="6694" a="6693" c="6695"/>
<f b="6697" a="6696" c="6698"/>
<f b="6700" a="6699" c="6701"/>
<f b="6703" a="6702" c="6704"/>
<f b="6706" a="6705" c="6707"/>
<f b="6709" a="6708" c="6710"/>
<f b="6712" a="6711" c="6713"/>
<f b="6715" a="6714" c="6716"/>
<f b="6718" a="6717" c="6719"/>
<f b="6721" a="6720" c="6722"/>
<f b="6724" a="6723" c="6725"/>
<f b="6727" a="6726" c="6728"/>
<f b="6730" a="6729" c="6731"/>
<f b="6733" a="6732" c="6734"/>
<f b="6736" a="6735" c="6737"/>
<f b="6739" a="6738" c="6740"/>
<f b="6742" a="6741" c="6743"/>
<f b="6745" a="6744" c="6746"/>
<f b="6748" a="6747" c="6749"/>
<f b="6751" a="6750" c="6752"/>
<f b="6754" a="6753" c="6755"/>
<f b="6757" a="6756" c="6758"/>
<f b="6760" a="6759" c="6761"/>
<f b="6763" a="6762" c="6764"/>
<f b="6766" a="6765" c="6767"/>
<f b="6769" a="6768" c="6770"/>
<f b="6772" a="6771" c="6773"/>
<f b="6775" a="6774" c="6776"/>
<f b="6778" a="6777" c="6779"/>
<f b="6781" a="6780" c="6782"/>
<f b="6784" a="6783" c="6785"/>
<f b="6787" a="6786" c="6788"/>
<f b="6790" a="6789" c="6791"/>
<f b="6793" a="6792" c="6794"/>
<f b="6796" a="6795" c="6797"/>
<f b="6799" a="6798" c="6800"/>
<f b="6802" a="6801" c="6803"/>
<f b="6805" a="6804" c="6806"/>
<f b="6808" a="6807" c="6809"/>
<f b="6811" a="6810" c="6812"/>
<f b="6814" a="6813" c="6815"/>
<f b="6817" a="6816" c="6818"/>
<f b="6820" a="6819" c="6821"/>
<f b="6823" a="6822" c="6824"/>
<f b="6826" a="6825" c="6827"/>
<f b="6829" a="6828" c="6830"/>
<f b="6832" a="6831" c="6833"/>
<f b="6835" a="6834" c="6836"/>
<f b="6838" a="6837" c="6839"/>
<f b="6841" a="6840" c="6842"/>
<f b="6844" a="6843" c="6845"/>
<f b="6847" a="6846" c="6848"/>
<f b="6850" a="6849" c="6851"/>
<f b="6853" a="6852" c="6854"/>
<f b="6856" a="6855" c="6857"/>
<f b="6859" a="6858" c="6860"/>
<f b="6862" a="6861" c="6863"/>
<f b="6865" a="6864" c="6866"/>
<f b="6868" a="6867" c="6869"/>
<f b="6871" a="6870" c="6872"/>
<f b="6874" a="6873" c="6875"/>
<f b="6877" a="6876" c="6878"/>
<f b="6880" a="6879" c="6881"/>
<f b="6883" a="6882" c="6884"/>
<f b="6886" a="6885" c="6887"/>
<f b="6889" a="6888" c="6890"/>
<f b="6892" a="6891" c="6893"/>
<f b="6895" a="6894" c="6896"/>
<f b="6898" a="6897" c="6899"/>
<f b="6901" a="6900" c="6902"/>
<f b="6904" a="6903" c="6905"/>
<f b="6907" a="6906" c="6908"/>
<f b="6910" a="6909" c="6911"/>
<f b="6913" a="6912" c="6914"/>
<f b="6916" a="6915" c="6917"/>
<f b="6919" a="6918" c="6920"/>
<f b="6922" a="6921" c="6923"/>
<f b="6925" a="6924" c="6926"/>
<f b="6928" a="6927" c="6929"/>
<f b="6931" a="6930" c="6932"/>
<f b="6934" a="6933" c="6935"/>
<f b="6937" a="6936" c="6938"/>
<f b="6940" a="6939" c="6941"/>
<f b="6943" a="6942" c="6944"/>
<f b="6946" a="6945" c="6947"/>
<f b="6949" a="6948" c="6950"/>
<f b="6952" a="6951" c="6953"/>
<f b="6955" a="6954" c="6956"/>
<f b="6958" a="6957" c="6959"/>
<f b="6961" a="6960" c="6962"/>
<f b="6964" a="6963" c="6965"/>
<f b="6967" a="6966" c="6968"/>
<f b="6970" a="6969" c="6971"/>
<f b="6973" a="6972" c="6974"/>
<f b="6976" a="6975" c="6977"/>
<f b="6979" a="6978" c="6980"/>
<f b="6982" a="6981" c="6983"/>
<f b="6985" a="6984" c="6986"/>
<f b="6988" a="6987" c="6989"/>
<f b="6991" a="6990" c="6992"/>
<f b="6994" a="6993" c="6995"/>
<f b="6997" a="6996" c="6998"/>
<f b="7000" a="6999" c="7001"/>
<f b="7003" a="7002" c="7004"/>
<f b="7006" a="7005" c="7007"/>
<f b="7009" a="7008" c="7010"/>
<f b="7012" a="7011" c="7013"/>
<f b="7015" a="7014" c="7016"/>
<f b="7018" a="7017" c="7019"/>
<f b="7021" a="7020" c="7022"/>
<f b="7024" a="7023" c="7025"/>
<f b="7027" a="7026" c="7028"/>
<f b="7030" a="7029" c="7031"/>
<f b="7033" a="7032" c="7034"/>
<f b="7036" a="7035" c="7037"/>
<f b="7039" a="7038" c="7040"/>
<f b="7042" a="7041" c="7043"/>
<f b="7045" a="7044" c="7046"/>
<f b="7048" a="7047" c="7049"/>
<f b="7051" a="7050" c="7052"/>
<f b="7054" a="7053" c="7055"/>
<f b="7057" a="7056" c="7058"/>
<f b="7060" a="7059" c="7061"/>
<f b="7063" a="7062" c="7064"/>
<f b="7066" a="7065" c="7067"/>
<f b="7069" a="7068" c="7070"/>
<f b="7072" a="7071" c="7073"/>
<f b="7075" a="7074" c="7076"/>
<f b="7078" a="7077" c="7079"/>
<f b="7081" a="7080" c="7082"/>
<f b="7084" a="7083" c="7085"/>
<f b="7087" a="7086" c="7088"/>
<f b="7090" a="7089" c="7091"/>
<f b="7093" a="7092" c="7094"/>
<f b="7096" a="7095" c="7097"/>
<f b="7099" a="7098" c="7100"/>
<f b="7102" a="7101" c="7103"/>
<f b="7105" a="7104" c="7106"/>
<f b="7108" a="7107" c="7109"/>
<f b="7111" a="7110" c="7112"/>
<f b="7114" a="7113" c="7115"/>
<f b="7117" a="7116" c="7118"/>
<f b="7120" a="7119" c="7121"/>
<f b="7123" a="7122" c="7124"/>
<f b="7126" a="7125" c="7127"/>
<f b="7129" a="7128" c="7130"/>
<f b="7132" a="7131" c="7133"/>
<f b="7135" a="7134" c="7136"/>
<f b="7138" a="7137" c="7139"/>
<f b="7141" a="7140" c="7142"/>
<f b="7144" a="7143" c="7145"/>
<f b="7147" a="7146" c="7148"/>
<f b="7150" a="7149" c="7151"/>
<f b="7153" a="7152" c="7154"/>
<f b="7156" a="7155" c="7157"/>
<f b="7159" a="7158" c="7160"/>
<f b="7162" a="7161" c="7163"/>
<f b="7165" a="7164" c="7166"/>
<f b="7168" a="7167" c="7169"/>
<f b="7171" a="7170" c="7172"/>
<f b="7174" a="7173" c="7175"/>
<f b="7177" a="7176" c="7178"/>
<f b="7180" a="7179" c="7181"/>
<f b="7183" a="7182" c="7184"/>
<f b="7186" a="7185" c="7187"/>
<f b="7189" a="7188" c="7190"/>
<f b="7192" a="7191" c="7193"/>
<f b="7195" a="7194" c="7196"/>
<f b="7198" a="7197" c="7199"/>
<f b="7201" a="7200" c="7202"/>
<f b="7204" a="7203" c="7205"/>
<f b="7207" a="7206" c="7208"/>
<f b="7210" a="7209" c="7211"/>
<f b="7213" a="7212" c="7214"/>
<f b="7216" a="7215" c="7217"/>
<f b="7219" a="7218" c="7220"/>
<f b="7222" a="7221" c="7223"/>
<f b="7225" a="7224" c="7226"/>
<f b="7228" a="7227" c="7229"/>
<f b="7231" a="7230" c="7232"/>
<f b="7234" a="7233" c="7235"/>
<f b="7237" a="7236" c="7238"/>
<f b="7240" a="7239" c="7241"/>
<f b="7243" a="7242" c="7244"/>
<f b="7246" a="7245" c="7247"/>
<f b="7249" a="7248" c="7250"/>
<f b="7252" a="7251" c="7253"/>
<f b="7255" a="7254" c="7256"/>
<f b="7258" a="7257" c="7259"/>
<f b="7261" a="7260" c="7262"/>
<f b="7264" a="7263" c="7265"/>
<f b="7267" a="7266" c="7268"/>
<f b="7270" a="7269" c="7271"/>
<f b="7273" a="7272" c="7274"/>
<f b="7276" a="7275" c="7277"/>
<f b="7279" a="7278" c="7280"/>
<f b="7282" a="7281" c="7283"/>
<f b="7285" a="7284" c="7286"/>
<f b="7288" a="7287" c="7289"/>
<f b="7291" a="7290" c="7292"/>
<f b="7294" a="7293" c="7295"/>
<f b="7297" a="7296" c="7298"/>
<f b="7300" a="7299" c="7301"/>
<f b="7303" a="7302" c="7304"/>
<f b="7306" a="7305" c="7307"/>
<f b="7309" a="7308" c="7310"/>
<f b="7312" a="7311" c="7313"/>
<f b="7315" a="7314" c="7316"/>
<f b="7318" a="7317" c="7319"/>
<f b="7321" a="7320" c="7322"/>
<f b="7324" a="7323" c="7325"/>
<f b="7327" a="7326" c="7328"/>
<f b="7330" a="7329" c="7331"/>
<f b="7333" a="7332" c="7334"/>
<f b="7336" a="7335" c="7337"/>
<f b="7339" a="7338" c="7340"/>
<f b="7342" a="7341" c="7343"/>
<f b="7345" a="7344" c="7346"/>
<f b="7348" a="7347" c="7349"/>
<f b="7351" a="7350" c="7352"/>
<f b="7354" a="7353" c="7355"/>
<f b="7357" a="7356" c="7358"/>
<f b="7360" a="7359" c="7361"/>
<f b="7363" a="7362" c="7364"/>
<f b="7366" a="7365" c="7367"/>
<f b="7369" a="7368" c="7370"/>
<f b="7372" a="7371" c="7373"/>
<f b="7375" a="7374" c="7376"/>
<f b="7378" a="7377" c="7379"/>
<f b="7381" a="7380" c="7382"/>
<f b="7384" a="7383" c="7385"/>
<f b="7387" a="7386" c="7388"/>
<f b="7390" a="7389" c="7391"/>
<f b="7393" a="7392" c="7394"/>
<f b="7396" a="7395" c="7397"/>
<f b="7399" a="7398" c="7400"/>
<f b="7402" a="7401" c="7403"/>
<f b="7405" a="7404" c="7406"/>
<f b="7408" a="7407" c="7409"/>
<f b="7411" a="7410" c="7412"/>
<f b="7414" a="7413" c="7415"/>
<f b="7417" a="7416" c="7418"/>
<f b="7420" a="7419" c="7421"/>
<f b="7423" a="7422" c="7424"/>
<f b="7426" a="7425" c="7427"/>
<f b="7429" a="7428" c="7430"/>
<f b="7432" a="7431" c="7433"/>
<f b="7435" a="7434" c="7436"/>
<f b="7438" a="7437" c="7439"/>
<f b="7441" a="7440" c="7442"/>
<f b="7444" a="7443" c="7445"/>
<f b="7447" a="7446" c="7448"/>
<f b="7450" a="7449" c="7451"/>
<f b="7453" a="7452" c="7454"/>
<f b="7456" a="7455" c="7457"/>
<f b="7459" a="7458" c="7460"/>
<f b="7462" a="7461" c="7463"/>
<f b="7465" a="7464" c="7466"/>
<f b="7468" a="7467" c="7469"/>
<f b="7471" a="7470" c="7472"/>
<f b="7474" a="7473" c="7475"/>
<f b="7477" a="7476" c="7478"/>
<f b="7480" a="7479" c="7481"/>
<f b="7483" a="7482" c="7484"/>
<f b="7486" a="7485" c="7487"/>
<f b="7489" a="7488" c="7490"/>
<f b="7492" a="7491" c="7493"/>
<f b="7495" a="7494" c="7496"/>
<f b="7498" a="7497" c="7499"/>
<f b="7501" a="7500" c="7502"/>
<f b="7504" a="7503" c="7505"/>
<f b="7507" a="7506" c="7508"/>
<f b="7510" a="7509" c="7511"/>
<f b="7513" a="7512" c="7514"/>
<f b="7516" a="7515" c="7517"/>
<f b="7519" a="7518" c="7520"/>
<f b="7522" a="7521" c="7523"/>
<f b="7525" a="7524" c="7526"/>
<f b="7528" a="7527" c="7529"/>
<f b="7531" a="7530" c="7532"/>
<f b="7534" a="7533" c="7535"/>
<f b="7537" a="7536" c="7538"/>
<f b="7540" a="7539" c="7541"/>
<f b="7543" a="7542" c="7544"/>
<f b="7546" a="7545" c="7547"/>
<f b="7549" a="7548" c="7550"/>
<f b="7552" a="7551" c="7553"/>
<f b="7555" a="7554" c="7556"/>
<f b="7558" a="7557" c="7559"/>
<f b="7561" a="7560" c="7562"/>
<f b="7564" a="7563" c="7565"/>
<f b="7567" a="7566" c="7568"/>
<f b="7570" a="7569" c="7571"/>
<f b="7573" a="7572" c="7574"/>
<f b="7576" a="7575" c="7577"/>
<f b="7579" a="7578" c="7580"/>
<f b="7582" a="7581" c="7583"/>
<f b="7585" a="7584" c="7586"/>
<f b="7588" a="7587" c="7589"/>
<f b="7591" a="7590" c="7592"/>
<f b="7594" a="7593" c="7595"/>
<f b="7597" a="7596" c="7598"/>
<f b="7600" a="7599" c="7601"/>
<f b="7603" a="7602" c="7604"/>
<f b="7606" a="7605" c="7607"/>
<f b="7609" a="7608" c="7610"/>
<f b="7612" a="7611" c="7613"/>
<f b="7615" a="7614" c="7616"/>
<f b="7618" a="7617" c="7619"/>
<f b="7621" a="7620" c="7622"/>
<f b="7624" a="7623" c="7625"/>
<f b="7627" a="7626" c="7628"/>
<f b="7630" a="7629" c="7631"/>
<f b="7633" a="7632" c="7634"/>
<f b="7636" a="7635" c="7637"/>
<f b="7639" a="7638" c="7640"/>
<f b="7642" a="7641" c="7643"/>
<f b="7645" a="7644" c="7646"/>
<f b="7648" a="7647" c="7649"/>
<f b="7651" a="7650" c="7652"/>
<f b="7654" a="7653" c="7655"/>
<f b="7657" a="7656" c="7658"/>
<f b="7660" a="7659" c="7661"/>
<f b="7663" a="7662" c="7664"/>
<f b="7666" a="7665" c="7667"/>
<f b="7669" a="7668" c="7670"/>
<f b="7672" a="7671" c="7673"/>
<f b="7675" a="7674" c="7676"/>
<f b="7678" a="7677" c="7679"/>
<f b="7681" a="7680" c="7682"/>
<f b="7684" a="7683" c="7685"/>
<f b="7687" a="7686" c="7688"/>
<f b="7690" a="7689" c="7691"/>
<f b="7693" a="7692" c="7694"/>
<f b="7696" a="7695" c="7697"/>
<f b="7699" a="7698" c="7700"/>
<f b="7702" a="7701" c="7703"/>
<f b="7705" a="7704" c="7706"/>
<f b="7708" a="7707" c="7709"/>
<f b="7711" a="7710" c="7712"/>
<f b="7714" a="7713" c="7715"/>
<f b="7717" a="7716" c="7718"/>
<f b="7720" a="7719" c="7721"/>
<f b="7723" a="7722" c="7724"/>
<f b="7726" a="7725" c="7727"/>
<f b="7729" a="7728" c="7730"/>
<f b="7732" a="7731" c="7733"/>
<f b="7735" a="7734" c="7736"/>
<f b="7738" a="7737" c="7739"/>
<f b="7741" a="7740" c="7742"/>
<f b="7744" a="7743" c="7745"/>
<f b="7747" a="7746" c="7748"/>
<f b="7750" a="7749" c="7751"/>
<f b="7753" a="7752" c="7754"/>
<f b="7756" a="7755" c="7757"/>
<f b="7759" a="7758" c="7760"/>
<f b="7762" a="7761" c="7763"/>
<f b="7765" a="7764" c="7766"/>
<f b="7768" a="7767" c="7769"/>
<f b="7771" a="7770" c="7772"/>
<f b="7774" a="7773" c="7775"/>
<f b="7777" a="7776" c="7778"/>
<f b="7780" a="7779" c="7781"/>
<f b="7783" a="7782" c="7784"/>
<f b="7786" a="7785" c="7787"/>
<f b="7789" a="7788" c="7790"/>
<f b="7792" a="7791" c="7793"/>
<f b="7795" a="7794" c="7796"/>
<f b="7798" a="7797" c="7799"/>
<f b="7801" a="7800" c="7802"/>
<f b="7804" a="7803" c="7805"/>
<f b="7807" a="7806" c="7808"/>
<f b="7810" a="7809" c="7811"/>
<f b="7813" a="7812" c="7814"/>
<f b="7816" a="7815" c="7817"/>
<f b="7819" a="7818" c="7820"/>
<f b="7822" a="7821" c="7823"/>
<f b="7825" a="7824" c="7826"/>
<f b="7828" a="7827" c="7829"/>
<f b="7831" a="7830" c="7832"/>
<f b="7834" a="7833" c="7835"/>
<f b="7837" a="7836" c="7838"/>
<f b="7840" a="7839" c="7841"/>
<f b="7843" a="7842" c="7844"/>
<f b="7846" a="7845" c="7847"/>
<f b="7849" a="7848" c="7850"/>
<f b="7852" a="7851" c="7853"/>
<f b="7855" a="7854" c="7856"/>
<f b="7858" a="7857" c="7859"/>
<f b="7861" a="7860" c="7862"/>
<f b="7864" a="7863" c="7865"/>
<f b="7867" a="7866" c="7868"/>
<f b="7870" a="7869" c="7871"/>
<f b="7873" a="7872" c="7874"/>
<f b="7876" a="7875" c="7877"/>
<f b="7879" a="7878" c="7880"/>
<f b="7882" a="7881" c="7883"/>
<f b="7885" a="7884" c="7886"/>
<f b="7888" a="7887" c="7889"/>
<f b="7891" a="7890" c="7892"/>
<f b="7894" a="7893" c="7895"/>
<f b="7897" a="7896" c="7898"/>
<f b="7900" a="7899" c="7901"/>
<f b="7903" a="7902" c="7904"/>
<f b="7906" a="7905" c="7907"/>
<f b="7909" a="7908" c="7910"/>
<f b="7912" a="7911" c="7913"/>
<f b="7915" a="7914" c="7916"/>
<f b="7918" a="7917" c="7919"/>
<f b="7921" a="7920" c="7922"/>
<f b="7924" a="7923" c="7925"/>
<f b="7927" a="7926" c="7928"/>
<f b="7930" a="7929" c="7931"/>
<f b="7933" a="7932" c="7934"/>
<f b="7936" a="7935" c="7937"/>
<f b="7939" a="7938" c="7940"/>
<f b="7942" a="7941" c="7943"/>
<f b="7945" a="7944" c="7946"/>
<f b="7948" a="7947" c="7949"/>
<f b="7951" a="7950" c="7952"/>
<f b="7954" a="7953" c="7955"/>
<f b="7957" a="7956" c="7958"/>
<f b="7960" a="7959" c="7961"/>
<f b="7963" a="7962" c="7964"/>
<f b="7966" a="7965" c="7967"/>
<f b="7969" a="7968" c="7970"/>
<f b="7972" a="7971" c="7973"/>
<f b="7975" a="7974" c="7976"/>
<f b="7978" a="7977" c="7979"/>
<f b="7981" a="7980" c="7982"/>
<f b="7984" a="7983" c="7985"/>
<f b="7987" a="7986" c="7988"/>
<f b="7990" a="7989" c="7991"/>
<f b="7993" a="7992" c="7994"/>
<f b="7996" a="7995" c="7997"/>
<f b="7999" a="7998" c="8000"/>
<f b="8002" a="8001" c="8003"/>
<f b="8005" a="8004" c="8006"/>
<f b="8008" a="8007" c="8009"/>
<f b="8011" a="8010" c="8012"/>
<f b="8014" a="8013" c="8015"/>
<f b="8017" a="8016" c="8018"/>
<f b="8020" a="8019" c="8021"/>
<f b="8023" a="8022" c="8024"/>
<f b="8026" a="8025" c="8027"/>
<f b="8029" a="8028" c="8030"/>
<f b="8032" a="8031" c="8033"/>
<f b="8035" a="8034" c="8036"/>
<f b="8038" a="8037" c="8039"/>
<f b="8041" a="8040" c="8042"/>
<f b="8044" a="8043" c="8045"/>
<f b="8047" a="8046" c="8048"/>
<f b="8050" a="8049" c="8051"/>
<f b="8053" a="8052" c="8054"/>
<f b="8056" a="8055" c="8057"/>
<f b="8059" a="8058" c="8060"/>
<f b="8062" a="8061" c="8063"/>
<f b="8065" a="8064" c="8066"/>
<f b="8068" a="8067" c="8069"/>
<f b="8071" a="8070" c="8072"/>
<f b="8074" a="8073" c="8075"/>
<f b="8077" a="8076" c="8078"/>
<f b="8080" a="8079" c="8081"/>
<f b="8083" a="8082" c="8084"/>
<f b="8086" a="8085" c="8087"/>
<f b="8089" a="8088" c="8090"/>
<f b="8092" a="8091" c="8093"/>
<f b="8095" a="8094" c="8096"/>
<f b="8098" a="8097" c="8099"/>
<f b="8101" a="8100" c="8102"/>
<f b="8104" a="8103" c="8105"/>
<f b="8107" a="8106" c="8108"/>
<f b="8110" a="8109" c="8111"/>
<f b="8113" a="8112" c="8114"/>
<f b="8116" a="8115" c="8117"/>
<f b="8119" a="8118" c="8120"/>
<f b="8122" a="8121" c="8123"/>
<f b="8125" a="8124" c="8126"/>
<f b="8128" a="8127" c="8129"/>
<f b="8131" a="8130" c="8132"/>
<f b="8134" a="8133" c="8135"/>
<f b="8137" a="8136" c="8138"/>
<f b="8140" a="8139" c="8141"/>
<f b="8143" a="8142" c="8144"/>
<f b="8146" a="8145" c="8147"/>
<f b="8149" a="8148" c="8150"/>
<f b="8152" a="8151" c="8153"/>
<f b="8155" a="8154" c="8156"/>
<f b="8158" a="8157" c="8159"/>
<f b="8161" a="8160" c="8162"/>
<f b="8164" a="8163" c="8165"/>
<f b="8167" a="8166" c="8168"/>
<f b="8170" a="8169" c="8171"/>
<f b="8173" a="8172" c="8174"/>
<f b="8176" a="8175" c="8177"/>
<f b="8179" a="8178" c="8180"/>
<f b="8182" a="8181" c="8183"/>
<f b="8185" a="8184" c="8186"/>
<f b="8188" a="8187" c="8189"/>
<f b="8191" a="8190" c="8192"/>
<f b="8194" a="8193" c="8195"/>
<f b="8197" a="8196" c="8198"/>
<f b="8200" a="8199" c="8201"/>
<f b="8203" a="8202" c="8204"/>
<f b="8206" a="8205" c="8207"/>
<f b="8209" a="8208" c="8210"/>
<f b="8212" a="8211" c="8213"/>
<f b="8215" a="8214" c="8216"/>
<f b="8218" a="8217" c="8219"/>
<f b="8221" a="8220" c="8222"/>
<f b="8224" a="8223" c="8225"/>
<f b="8227" a="8226" c="8228"/>
<f b="8230" a="8229" c="8231"/>
<f b="8233" a="8232" c="8234"/>
<f b="8236" a="8235" c="8237"/>
<f b="8239" a="8238" c="8240"/>
<f b="8242" a="8241" c="8243"/>
<f b="8245" a="8244" c="8246"/>
<f b="8248" a="8247" c="8249"/>
<f b="8251" a="8250" c="8252"/>
<f b="8254" a="8253" c="8255"/>
<f b="8257" a="8256" c="8258"/>
<f b="8260" a="8259" c="8261"/>
<f b="8263" a="8262" c="8264"/>
<f b="8266" a="8265" c="8267"/>
<f b="8269" a="8268" c="8270"/>
<f b="8272" a="8271" c="8273"/>
<f b="8275" a="8274" c="8276"/>
<f b="8278" a="8277" c="8279"/>
<f b="8281" a="8280" c="8282"/>
<f b="8284" a="8283" c="8285"/>
<f b="8287" a="8286" c="8288"/>
<f b="8290" a="8289" c="8291"/>
<f b="8293" a="8292" c="8294"/>
<f b="8296" a="8295" c="8297"/>
<f b="8299" a="8298" c="8300"/>
<f b="8302" a="8301" c="8303"/>
<f b="8305" a="8304" c="8306"/>
<f b="8308" a="8307" c="8309"/>
<f b="8311" a="8310" c="8312"/>
<f b="8314" a="8313" c="8315"/>
<f b="8317" a="8316" c="8318"/>
<f b="8320" a="8319" c="8321"/>
<f b="8323" a="8322" c="8324"/>
<f b="8326" a="8325" c="8327"/>
<f b="8329" a="8328" c="8330"/>
<f b="8332" a="8331" c="8333"/>
<f b="8335" a="8334" c="8336"/>
<f b="8338" a="8337" c="8339"/>
<f b="8341" a="8340" c="8342"/>
<f b="8344" a="8343" c="8345"/>
<f b="8347" a="8346" c="8348"/>
<f b="8350" a="8349" c="8351"/>
<f b="8353" a="8352" c="8354"/>
<f b="8356" a="8355" c="8357"/>
<f b="8359" a="8358" c="8360"/>
<f b="8362" a="8361" c="8363"/>
<f b="8365" a="8364" c="8366"/>
<f b="8368" a="8367" c="8369"/>
<f b="8371" a="8370" c="8372"/>
<f b="8374" a="8373" c="8375"/>
<f b="8377" a="8376" c="8378"/>
<f b="8380" a="8379" c="8381"/>
<f b="8383" a="8382" c="8384"/>
<f b="8386" a="8385" c="8387"/>
<f b="8389" a="8388" c="8390"/>
<f b="8392" a="8391" c="8393"/>
<f b="8395" a="8394" c="8396"/>
<f b="8398" a="8397" c="8399"/>
<f b="8401" a="8400" c="8402"/>
<f b="8404" a="8403" c="8405"/>
<f b="8407" a="8406" c="8408"/>
<f b="8410" a="8409" c="8411"/>
<f b="8413" a="8412" c="8414"/>
<f b="8416" a="8415" c="8417"/>
<f b="8419" a="8418" c="8420"/>
<f b="8422" a="8421" c="8423"/>
<f b="8425" a="8424" c="8426"/>
<f b="8428" a="8427" c="8429"/>
<f b="8431" a="8430" c="8432"/>
<f b="8434" a="8433" c="8435"/>
<f b="8437" a="8436" c="8438"/>
<f b="8440" a="8439" c="8441"/>
<f b="8443" a="8442" c="8444"/>
<f b="8446" a="8445" c="8447"/>
<f b="8449" a="8448" c="8450"/>
<f b="8452" a="8451" c="8453"/>
<f b="8455" a="8454" c="8456"/>
<f b="8458" a="8457" c="8459"/>
<f b="8461" a="8460" c="8462"/>
<f b="8464" a="8463" c="8465"/>
<f b="8467" a="8466" c="8468"/>
<f b="8470" a="8469" c="8471"/>
<f b="8473" a="8472" c="8474"/>
<f b="8476" a="8475" c="8477"/>
<f b="8479" a="8478" c="8480"/>
<f b="8482" a="8481" c="8483"/>
<f b="8485" a="8484" c="8486"/>
<f b="8488" a="8487" c="8489"/>
<f b="8491" a="8490" c="8492"/>
<f b="8494" a="8493" c="8495"/>
<f b="8497" a="8496" c="8498"/>
<f b="8500" a="8499" c="8501"/>
<f b="8503" a="8502" c="8504"/>
<f b="8506" a="8505" c="8507"/>
<f b="8509" a="8508" c="8510"/>
<f b="8512" a="8511" c="8513"/>
<f b="8515" a="8514" c="8516"/>
<f b="8518" a="8517" c="8519"/>
<f b="8521" a="8520" c="8522"/>
<f b="8524" a="8523" c="8525"/>
<f b="8527" a="8526" c="8528"/>
<f b="8530" a="8529" c="8531"/>
<f b="8533" a="8532" c="8534"/>
<f b="8536" a="8535" c="8537"/>
<f b="8539" a="8538" c="8540"/>
<f b="8542" a="8541" c="8543"/>
<f b="8545" a="8544" c="8546"/>
<f b="8548" a="8547" c="8549"/>
<f b="8551" a="8550" c="8552"/>
<f b="8554" a="8553" c="8555"/>
<f b="8557" a="8556" c="8558"/>
<f b="8560" a="8559" c="8561"/>
<f b="8563" a="8562" c="8564"/>
<f b="8566" a="8565" c="8567"/>
<f b="8569" a="8568" c="8570"/>
<f b="8572" a="8571" c="8573"/>
<f b="8575" a="8574" c="8576"/>
<f b="8578" a="8577" c="8579"/>
<f b="8581" a="8580" c="8582"/>
<f b="8584" a="8583" c="8585"/>
<f b="8587" a="8586" c="8588"/>
<f b="8590" a="8589" c="8591"/>
<f b="8593" a="8592" c="8594"/>
<f b="8596" a="8595" c="8597"/>
<f b="8599" a="8598" c="8600"/>
<f b="8602" a="8601" c="8603"/>
<f b="8605" a="8604" c="8606"/>
<f b="8608" a="8607" c="8609"/>
<f b="8611" a="8610" c="8612"/>
<f b="8614" a="8613" c="8615"/>
<f b="8617" a="8616" c="8618"/>
<f b="8620" a="8619" c="8621"/>
<f b="8623" a="8622" c="8624"/>
<f b="8626" a="8625" c="8627"/>
<f b="8629" a="8628" c="8630"/>
<f b="8632" a="8631" c="8633"/>
<f b="8635" a="8634" c="8636"/>
<f b="8638" a="8637" c="8639"/>
<f b="8641" a="8640" c="8642"/>
<f b="8644" a="8643" c="8645"/>
<f b="8647" a="8646" c="8648"/>
<f b="8650" a="8649" c="8651"/>
<f b="8653" a="8652" c="8654"/>
<f b="8656" a="8655" c="8657"/>
<f b="8659" a="8658" c="8660"/>
<f b="8662" a="8661" c="8663"/>
<f b="8665" a="8664" c="8666"/>
<f b="8668" a="8667" c="8669"/>
<f b="8671" a="8670" c="8672"/>
<f b="8674" a="8673" c="8675"/>
<f b="8677" a="8676" c="8678"/>
<f b="8680" a="8679" c="8681"/>
<f b="8683" a="8682" c="8684"/>
<f b="8686" a="8685" c="8687"/>
<f b="8689" a="8688" c="8690"/>
<f b="8692" a="8691" c="8693"/>
<f b="8695" a="8694" c="8696"/>
<f b="8698" a="8697" c="8699"/>
<f b="8701" a="8700" c="8702"/>
<f b="8704" a="8703" c="8705"/>
<f b="8707" a="8706" c="8708"/>
<f b="8710" a="8709" c="8711"/>
<f b="8713" a="8712" c="8714"/>
<f b="8716" a="8715" c="8717"/>
<f b="8719" a="8718" c="8720"/>
<f b="8722" a="8721" c="8723"/>
<f b="8725" a="8724" c="8726"/>
<f b="8728" a="8727" c="8729"/>
<f b="8731" a="8730" c="8732"/>
<f b="8734" a="8733" c="8735"/>
<f b="8737" a="8736" c="8738"/>
<f b="8740" a="8739" c="8741"/>
<f b="8743" a="8742" c="8744"/>
<f b="8746" a="8745" c="8747"/>
<f b="8749" a="8748" c="8750"/>
<f b="8752" a="8751" c="8753"/>
<f b="8755" a="8754" c="8756"/>
<f b="8758" a="8757" c="8759"/>
<f b="8761" a="8760" c="8762"/>
<f b="8764" a="8763" c="8765"/>
<f b="8767" a="8766" c="8768"/>
<f b="8770" a="8769" c="8771"/>
<f b="8773" a="8772" c="8774"/>
<f b="8776" a="8775" c="8777"/>
<f b="8779" a="8778" c="8780"/>
<f b="8782" a="8781" c="8783"/>
<f b="8785" a="8784" c="8786"/>
<f b="8788" a="8787" c="8789"/>
<f b="8791" a="8790" c="8792"/>
<f b="8794" a="8793" c="8795"/>
<f b="8797" a="8796" c="8798"/>
<f b="8800" a="8799" c="8801"/>
<f b="8803" a="8802" c="8804"/>
<f b="8806" a="8805" c="8807"/>
<f b="8809" a="8808" c="8810"/>
<f b="8812" a="8811" c="8813"/>
<f b="8815" a="8814" c="8816"/>
<f b="8818" a="8817" c="8819"/>
<f b="8821" a="8820" c="8822"/>
<f b="8824" a="8823" c="8825"/>
<f b="8827" a="8826" c="8828"/>
<f b="8830" a="8829" c="8831"/>
<f b="8833" a="8832" c="8834"/>
<f b="8836" a="8835" c="8837"/>
<f b="8839" a="8838" c="8840"/>
<f b="8842" a="8841" c="8843"/>
<f b="8845" a="8844" c="8846"/>
<f b="8848" a="8847" c="8849"/>
<f b="8851" a="8850" c="8852"/>
<f b="8854" a="8853" c="8855"/>
<f b="8857" a="8856" c="8858"/>
<f b="8860" a="8859" c="8861"/>
<f b="8863" a="8862" c="8864"/>
<f b="8866" a="8865" c="8867"/>
<f b="8869" a="8868" c="8870"/>
<f b="8872" a="8871" c="8873"/>
<f b="8875" a="8874" c="8876"/>
<f b="8878" a="8877" c="8879"/>
<f b="8881" a="8880" c="8882"/>
<f b="8884" a="8883" c="8885"/>
<f b="8887" a="8886" c="8888"/>
<f b="8890" a="8889" c="8891"/>
<f b="8893" a="8892" c="8894"/>
<f b="8896" a="8895" c="8897"/>
<f b="8899" a="8898" c="8900"/>
<f b="8902" a="8901" c="8903"/>
<f b="8905" a="8904" c="8906"/>
<f b="8908" a="8907" c="8909"/>
<f b="8911" a="8910" c="8912"/>
<f b="8914" a="8913" c="8915"/>
<f b="8917" a="8916" c="8918"/>
<f b="8920" a="8919" c="8921"/>
<f b="8923" a="8922" c="8924"/>
<f b="8926" a="8925" c="8927"/>
<f b="8929" a="8928" c="8930"/>
<f b="8932" a="8931" c="8933"/>
<f b="8935" a="8934" c="8936"/>
<f b="8938" a="8937" c="8939"/>
<f b="8941" a="8940" c="8942"/>
<f b="8944" a="8943" c="8945"/>
<f b="8947" a="8946" c="8948"/>
<f b="8950" a="8949" c="8951"/>
<f b="8953" a="8952" c="8954"/>
<f b="8956" a="8955" c="8957"/>
<f b="8959" a="8958" c="8960"/>
<f b="8962" a="8961" c="8963"/>
<f b="8965" a="8964" c="8966"/>
<f b="8968" a="8967" c="8969"/>
<f b="8971" a="8970" c="8972"/>
<f b="8974" a="8973" c="8975"/>
<f b="8977" a="8976" c="8978"/>
<f b="8980" a="8979" c="8981"/>
<f b="8983" a="8982" c="8984"/>
<f b="8986" a="8985" c="8987"/>
<f b="8989" a="8988" c="8990"/>
<f b="8992" a="8991" c="8993"/>
<f b="8995" a="8994" c="8996"/>
<f b="8998" a="8997" c="8999"/>
<f b="9001" a="9000" c="9002"/>
<f b="9004" a="9003" c="9005"/>
<f b="9007" a="9006" c="9008"/>
<f b="9010" a="9009" c="9011"/>
<f b="9013" a="9012" c="9014"/>
<f b="9016" a="9015" c="9017"/>
<f b="9019" a="9018" c="9020"/>
<f b="9022" a="9021" c="9023"/>
<f b="9025" a="9024" c="9026"/>
<f b="9028" a="9027" c="9029"/>
<f b="9031" a="9030" c="9032"/>
<f b="9034" a="9033" c="9035"/>
<f b="9037" a="9036" c="9038"/>
<f b="9040" a="9039" c="9041"/>
<f b="9043" a="9042" c="9044"/>
<f b="9046" a="9045" c="9047"/>
<f b="9049" a="9048" c="9050"/>
<f b="9052" a="9051" c="9053"/>
<f b="9055" a="9054" c="9056"/>
<f b="9058" a="9057" c="9059"/>
<f b="9061" a="9060" c="9062"/>
<f b="9064" a="9063" c="9065"/>
<f b="9067" a="9066" c="9068"/>
<f b="9070" a="9069" c="9071"/>
<f b="9073" a="9072" c="9074"/>
<f b="9076" a="9075" c="9077"/>
<f b="9079" a="9078" c="9080"/>
<f b="9082" a="9081" c="9083"/>
<f b="9085" a="9084" c="9086"/>
<f b="9088" a="9087" c="9089"/>
<f b="9091" a="9090" c="9092"/>
<f b="9094" a="9093" c="9095"/>
<f b="9097" a="9096" c="9098"/>
<f b="9100" a="9099" c="9101"/>
<f b="9103" a="9102" c="9104"/>
<f b="9106" a="9105" c="9107"/>
<f b="9109" a="9108" c="9110"/>
<f b="9112" a="9111" c="9113"/>
<f b="9115" a="9114" c="9116"/>
<f b="9118" a="9117" c="9119"/>
<f b="9121" a="9120" c="9122"/>
<f b="9124" a="9123" c="9125"/>
<f b="9127" a="9126" c="9128"/>
<f b="9130" a="9129" c="9131"/>
<f b="9133" a="9132" c="9134"/>
<f b="9136" a="9135" c="9137"/>
<f b="9139" a="9138" c="9140"/>
<f b="9142" a="9141" c="9143"/>
<f b="9145" a="9144" c="9146"/>
<f b="9148" a="9147" c="9149"/>
<f b="9151" a="9150" c="9152"/>
<f b="9154" a="9153" c="9155"/>
<f b="9157" a="9156" c="9158"/>
<f b="9160" a="9159" c="9161"/>
<f b="9163" a="9162" c="9164"/>
<f b="9166" a="9165" c="9167"/>
<f b="9169" a="9168" c="9170"/>
<f b="9172" a="9171" c="9173"/>
<f b="9175" a="9174" c="9176"/>
<f b="9178" a="9177" c="9179"/>
<f b="9181" a="9180" c="9182"/>
<f b="9184" a="9183" c="9185"/>
<f b="9187" a="9186" c="9188"/>
<f b="9190" a="9189" c="9191"/>
<f b="9193" a="9192" c="9194"/>
<f b="9196" a="9195" c="9197"/>
<f b="9199" a="9198" c="9200"/>
<f b="9202" a="9201" c="9203"/>
<f b="9205" a="9204" c="9206"/>
<f b="9208" a="9207" c="9209"/>
<f b="9211" a="9210" c="9212"/>
<f b="9214" a="9213" c="9215"/>
<f b="9217" a="9216" c="9218"/>
<f b="9220" a="9219" c="9221"/>
<f b="9223" a="9222" c="9224"/>
<f b="9226" a="9225" c="9227"/>
<f b="9229" a="9228" c="9230"/>
<f b="9232" a="9231" c="9233"/>
<f b="9235" a="9234" c="9236"/>
<f b="9238" a="9237" c="9239"/>
<f b="9241" a="9240" c="9242"/>
<f b="9244" a="9243" c="9245"/>
<f b="9247" a="9246" c="9248"/>
<f b="9250" a="9249" c="9251"/>
<f b="9253" a="9252" c="9254"/>
<f b="9256" a="9255" c="9257"/>
<f b="9259" a="9258" c="9260"/>
<f b="9262" a="9261" c="9263"/>
<f b="9265" a="9264" c="9266"/>
<f b="9268" a="9267" c="9269"/>
<f b="9271" a="9270" c="9272"/>
<f b="9274" a="9273" c="9275"/>
<f b="9277" a="9276" c="9278"/>
<f b="9280" a="9279" c="9281"/>
<f b="9283" a="9282" c="9284"/>
<f b="9286" a="9285" c="9287"/>
<f b="9289" a="9288" c="9290"/>
<f b="9292" a="9291" c="9293"/>
<f b="9295" a="9294" c="9296"/>
<f b="9298" a="9297" c="9299"/>
<f b="9301" a="9300" c="9302"/>
<f b="9304" a="9303" c="9305"/>
<f b="9307" a="9306" c="9308"/>
<f b="9310" a="9309" c="9311"/>
<f b="9313" a="9312" c="9314"/>
<f b="9316" a="9315" c="9317"/>
<f b="9319" a="9318" c="9320"/>
<f b="9322" a="9321" c="9323"/>
<f b="9325" a="9324" c="9326"/>
<f b="9328" a="9327" c="9329"/>
<f b="9331" a="9330" c="9332"/>
<f b="9334" a="9333" c="9335"/>
<f b="9337" a="9336" c="9338"/>
<f b="9340" a="9339" c="9341"/>
<f b="9343" a="9342" c="9344"/>
<f b="9346" a="9345" c="9347"/>
<f b="9349" a="9348" c="9350"/>
<f b="9352" a="9351" c="9353"/>
<f b="9355" a="9354" c="9356"/>
<f b="9358" a="9357" c="9359"/>
<f b="9361" a="9360" c="9362"/>
<f b="9364" a="9363" c="9365"/>
<f b="9367" a="9366" c="9368"/>
<f b="9370" a="9369" c="9371"/>
<f b="9373" a="9372" c="9374"/>
<f b="9376" a="9375" c="9377"/>
<f b="9379" a="9378" c="9380"/>
<f b="9382" a="9381" c="9383"/>
<f b="9385" a="9384" c="9386"/>
<f b="9388" a="9387" c="9389"/>
<f b="9391" a="9390" c="9392"/>
<f b="9394" a="9393" c="9395"/>
<f b="9397" a="9396" c="9398"/>
<f b="9400" a="9399" c="9401"/>
<f b="9403" a="9402" c="9404"/>
<f b="9406" a="9405" c="9407"/>
<f b="9409" a="9408" c="9410"/>
<f b="9412" a="9411" c="9413"/>
<f b="9415" a="9414" c="9416"/>
<f b="9418" a="9417" c="9419"/>
<f b="9421" a="9420" c="9422"/>
<f b="9424" a="9423" c="9425"/>
<f b="9427" a="9426" c="9428"/>
<f b="9430" a="9429" c="9431"/>
<f b="9433" a="9432" c="9434"/>
<f b="9436" a="9435" c="9437"/>
<f b="9439" a="9438" c="9440"/>
<f b="9442" a="9441" c="9443"/>
<f b="9445" a="9444" c="9446"/>
<f b="9448" a="9447" c="9449"/>
<f b="9451" a="9450" c="9452"/>
<f b="9454" a="9453" c="9455"/>
<f b="9457" a="9456" c="9458"/>
<f b="9460" a="9459" c="9461"/>
<f b="9463" a="9462" c="9464"/>
<f b="9466" a="9465" c="9467"/>
<f b="9469" a="9468" c="9470"/>
<f b="9472" a="9471" c="9473"/>
<f b="9475" a="9474" c="9476"/>
<f b="9478" a="9477" c="9479"/>
<f b="9481" a="9480" c="9482"/>
<f b="9484" a="9483" c="9485"/>
<f b="9487" a="9486" c="9488"/>
<f b="9490" a="9489" c="9491"/>
<f b="9493" a="9492" c="9494"/>
<f b="9496" a="9495" c="9497"/>
<f b="9499" a="9498" c="9500"/>
<f b="9502" a="9501" c="9503"/>
<f b="9505" a="9504" c="9506"/>
<f b="9508" a="9507" c="9509"/>
<f b="9511" a="9510" c="9512"/>
<f b="9514" a="9513" c="9515"/>
<f b="9517" a="9516" c="9518"/>
<f b="9520" a="9519" c="9521"/>
<f b="9523" a="9522" c="9524"/>
<f b="9526" a="9525" c="9527"/>
<f b="9529" a="9528" c="9530"/>
<f b="9532" a="9531" c="9533"/>
<f b="9535" a="9534" c="9536"/>
<f b="9538" a="9537" c="9539"/>
<f b="9541" a="9540" c="9542"/>
<f b="9544" a="9543" c="9545"/>
<f b="9547" a="9546" c="9548"/>
<f b="9550" a="9549" c="9551"/>
<f b="9553" a="9552" c="9554"/>
<f b="9556" a="9555" c="9557"/>
<f b="9559" a="9558" c="9560"/>
<f b="9562" a="9561" c="9563"/>
<f b="9565" a="9564" c="9566"/>
<f b="9568" a="9567" c="9569"/>
<f b="9571" a="9570" c="9572"/>
<f b="9574" a="9573" c="9575"/>
<f b="9577" a="9576" c="9578"/>
<f b="9580" a="9579" c="9581"/>
<f b="9583" a="9582" c="9584"/>
<f b="9586" a="9585" c="9587"/>
<f b="9589" a="9588" c="9590"/>
<f b="9592" a="9591" c="9593"/>
<f b="9595" a="9594" c="9596"/>
<f b="9598" a="9597" c="9599"/>
<f b="9601" a="9600" c="9602"/>
<f b="9604" a="9603" c="9605"/>
<f b="9607" a="9606" c="9608"/>
<f b="9610" a="9609" c="9611"/>
<f b="9613" a="9612" c="9614"/>
<f b="9616" a="9615" c="9617"/>
<f b="9619" a="9618" c="9620"/>
<f b="9622" a="9621" c="9623"/>
<f b="9625" a="9624" c="9626"/>
<f b="9628" a="9627" c="9629"/>
<f b="9631" a="9630" c="9632"/>
<f b="9634" a="9633" c="9635"/>
<f b="9637" a="9636" c="9638"/>
<f b="9640" a="9639" c="9641"/>
<f b="9643" a="9642" c="9644"/>
<f b="9646" a="9645" c="9647"/>
<f b="9649" a="9648" c="9650"/>
<f b="9652" a="9651" c="9653"/>
<f b="9655" a="9654" c="9656"/>
<f b="9658" a="9657" c="9659"/>
<f b="9661" a="9660" c="9662"/>
<f b="9664" a="9663" c="9665"/>
<f b="9667" a="9666" c="9668"/>
<f b="9670" a="9669" c="9671"/>
<f b="9673" a="9672" c="9674"/>
<f b="9676" a="9675" c="9677"/>
<f b="9679" a="9678" c="9680"/>
<f b="9682" a="9681" c="9683"/>
<f b="9685" a="9684" c="9686"/>
<f b="9688" a="9687" c="9689"/>
<f b="9691" a="9690" c="9692"/>
<f b="9694" a="9693" c="9695"/>
<f b="9697" a="9696" c="9698"/>
<f b="9700" a="9699" c="9701"/>
<f b="9703" a="9702" c="9704"/>
<f b="9706" a="9705" c="9707"/>
<f b="9709" a="9708" c="9710"/>
<f b="9712" a="9711" c="9713"/>
<f b="9715" a="9714" c="9716"/>
<f b="9718" a="9717" c="9719"/>
<f b="9721" a="9720" c="9722"/>
<f b="9724" a="9723" c="9725"/>
<f b="9727" a="9726" c="9728"/>
<f b="9730" a="9729" c="9731"/>
<f b="9733" a="9732" c="9734"/>
<f b="9736" a="9735" c="9737"/>
<f b="9739" a="9738" c="9740"/>
<f b="9742" a="9741" c="9743"/>
<f b="9745" a="9744" c="9746"/>
<f b="9748" a="9747" c="9749"/>
<f b="9751" a="9750" c="9752"/>
<f b="9754" a="9753" c="9755"/>
<f b="9757" a="9756" c="9758"/>
<f b="9760" a="9759" c="9761"/>
<f b="9763" a="9762" c="9764"/>
<f b="9766" a="9765" c="9767"/>
<f b="9769" a="9768" c="9770"/>
<f b="9772" a="9771" c="9773"/>
<f b="9775" a="9774" c="9776"/>
<f b="9778" a="9777" c="9779"/>
<f b="9781" a="9780" c="9782"/>
<f b="9784" a="9783" c="9785"/>
<f b="9787" a="9786" c="9788"/>
<f b="9790" a="9789" c="9791"/>
<f b="9793" a="9792" c="9794"/>
<f b="9796" a="9795" c="9797"/>
<f b="9799" a="9798" c="9800"/>
<f b="9802" a="9801" c="9803"/>
<f b="9805" a="9804" c="9806"/>
<f b="9808" a="9807" c="9809"/>
<f b="9811" a="9810" c="9812"/>
<f b="9814" a="9813" c="9815"/>
<f b="9817" a="9816" c="9818"/>
<f b="9820" a="9819" c="9821"/>
<f b="9823" a="9822" c="9824"/>
<f b="9826" a="9825" c="9827"/>
<f b="9829" a="9828" c="9830"/>
<f b="9832" a="9831" c="9833"/>
<f b="9835" a="9834" c="9836"/>
<f b="9838" a="9837" c="9839"/>
<f b="9841" a="9840" c="9842"/>
<f b="9844" a="9843" c="9845"/>
<f b="9847" a="9846" c="9848"/>
<f b="9850" a="9849" c="9851"/>
<f b="9853" a="9852" c="9854"/>
<f b="9856" a="9855" c="9857"/>
<f b="9859" a="9858" c="9860"/>
<f b="9862" a="9861" c="9863"/>
<f b="9865" a="9864" c="9866"/>
<f b="9868" a="9867" c="9869"/>
<f b="9871" a="9870" c="9872"/>
<f b="9874" a="9873" c="9875"/>
<f b="9877" a="9876" c="9878"/>
<f b="9880" a="9879" c="9881"/>
<f b="9883" a="9882" c="9884"/>
<f b="9886" a="9885" c="9887"/>
<f b="9889" a="9888" c="9890"/>
<f b="9892" a="9891" c="9893"/>
<f b="9895" a="9894" c="9896"/>
<f b="9898" a="9897" c="9899"/>
<f b="9901" a="9900" c="9902"/>
<f b="9904" a="9903" c="9905"/>
<f b="9907" a="9906" c="9908"/>
<f b="9910" a="9909" c="9911"/>
<f b="9913" a="9912" c="9914"/>
<f b="9916" a="9915" c="9917"/>
<f b="9919" a="9918" c="9920"/>
<f b="9922" a="9921" c="9923"/>
<f b="9925" a="9924" c="9926"/>
<f b="9928" a="9927" c="9929"/>
<f b="9931" a="9930" c="9932"/>
<f b="9934" a="9933" c="9935"/>
<f b="9937" a="9936" c="9938"/>
<f b="9940" a="9939" c="9941"/>
<f b="9943" a="9942" c="9944"/>
<f b="9946" a="9945" c="9947"/>
<f b="9949" a="9948" c="9950"/>
<f b="9952" a="9951" c="9953"/>
<f b="9955" a="9954" c="9956"/>
<f b="9958" a="9957" c="9959"/>
<f b="9961" a="9960" c="9962"/>
<f b="9964" a="9963" c="9965"/>
<f b="9967" a="9966" c="9968"/>
<f b="9970" a="9969" c="9971"/>
<f b="9973" a="9972" c="9974"/>
<f b="9976" a="9975" c="9977"/>
<f b="9979" a="9978" c="9980"/>
<f b="9982" a="9981" c="9983"/>
<f b="9985" a="9984" c="9986"/>
<f b="9988" a="9987" c="9989"/>
<f b="9991" a="9990" c="9992"/>
<f b="9994" a="9993" c="9995"/>
<f b="9997" a="9996" c="9998"/>
<f b="10000" a="9999" c="10001"/>
<f b="10003" a="10002" c="10004"/>
<f b="10006" a="10005" c="10007"/>
<f b="10009" a="10008" c="10010"/>
<f b="10012" a="10011" c="10013"/>
<f b="10015" a="10014" c="10016"/>
<f b="10018" a="10017" c="10019"/>
<f b="10021" a="10020" c="10022"/>
<f b="10024" a="10023" c="10025"/>
<f b="10027" a="10026" c="10028"/>
<f b="10030" a="10029" c="10031"/>
<f b="10033" a="10032" c="10034"/>
<f b="10036" a="10035" c="10037"/>
<f b="10039" a="10038" c="10040"/>
<f b="10042" a="10041" c="10043"/>
<f b="10045" a="10044" c="10046"/>
<f b="10048" a="10047" c="10049"/>
<f b="10051" a="10050" c="10052"/>
<f b="10054" a="10053" c="10055"/>
<f b="10057" a="10056" c="10058"/>
<f b="10060" a="10059" c="10061"/>
<f b="10063" a="10062" c="10064"/>
<f b="10066" a="10065" c="10067"/>
<f b="10069" a="10068" c="10070"/>
<f b="10072" a="10071" c="10073"/>
<f b="10075" a="10074" c="10076"/>
<f b="10078" a="10077" c="10079"/>
<f b="10081" a="10080" c="10082"/>
<f b="10084" a="10083" c="10085"/>
<f b="10087" a="10086" c="10088"/>
<f b="10090" a="10089" c="10091"/>
<f b="10093" a="10092" c="10094"/>
<f b="10096" a="10095" c="10097"/>
<f b="10099" a="10098" c="10100"/>
<f b="10102" a="10101" c="10103"/>
<f b="10105" a="10104" c="10106"/>
<f b="10108" a="10107" c="10109"/>
<f b="10111" a="10110" c="10112"/>
<f b="10114" a="10113" c="10115"/>
<f b="10117" a="10116" c="10118"/>
<f b="10120" a="10119" c="10121"/>
<f b="10123" a="10122" c="10124"/>
<f b="10126" a="10125" c="10127"/>
<f b="10129" a="10128" c="10130"/>
<f b="10132" a="10131" c="10133"/>
<f b="10135" a="10134" c="10136"/>
<f b="10138" a="10137" c="10139"/>
<f b="10141" a="10140" c="10142"/>
<f b="10144" a="10143" c="10145"/>
<f b="10147" a="10146" c="10148"/>
<f b="10150" a="10149" c="10151"/>
<f b="10153" a="10152" c="10154"/>
<f b="10156" a="10155" c="10157"/>
<f b="10159" a="10158" c="10160"/>
<f b="10162" a="10161" c="10163"/>
<f b="10165" a="10164" c="10166"/>
<f b="10168" a="10167" c="10169"/>
<f b="10171" a="10170" c="10172"/>
<f b="10174" a="10173" c="10175"/>
<f b="10177" a="10176" c="10178"/>
<f b="10180" a="10179" c="10181"/>
<f b="10183" a="10182" c="10184"/>
<f b="10186" a="10185" c="10187"/>
<f b="10189" a="10188" c="10190"/>
<f b="10192" a="10191" c="10193"/>
<f b="10195" a="10194" c="10196"/>
<f b="10198" a="10197" c="10199"/>
<f b="10201" a="10200" c="10202"/>
<f b="10204" a="10203" c="10205"/>
<f b="10207" a="10206" c="10208"/>
<f b="10210" a="10209" c="10211"/>
<f b="10213" a="10212" c="10214"/>
<f b="10216" a="10215" c="10217"/>
<f b="10219" a="10218" c="10220"/>
<f b="10222" a="10221" c="10223"/>
<f b="10225" a="10224" c="10226"/>
<f b="10228" a="10227" c="10229"/>
<f b="10231" a="10230" c="10232"/>
<f b="10234" a="10233" c="10235"/>
<f b="10237" a="10236" c="10238"/>
<f b="10240" a="10239" c="10241"/>
<f b="10243" a="10242" c="10244"/>
<f b="10246" a="10245" c="10247"/>
<f b="10249" a="10248" c="10250"/>
<f b="10252" a="10251" c="10253"/>
<f b="10255" a="10254" c="10256"/>
<f b="10258" a="10257" c="10259"/>
<f b="10261" a="10260" c="10262"/>
<f b="10264" a="10263" c="10265"/>
<f b="10267" a="10266" c="10268"/>
<f b="10270" a="10269" c="10271"/>
<f b="10273" a="10272" c="10274"/>
<f b="10276" a="10275" c="10277"/>
<f b="10279" a="10278" c="10280"/>
<f b="10282" a="10281" c="10283"/>
<f b="10285" a="10284" c="10286"/>
<f b="10288" a="10287" c="10289"/>
<f b="10291" a="10290" c="10292"/>
<f b="10294" a="10293" c="10295"/>
<f b="10297" a="10296" c="10298"/>
<f b="10300" a="10299" c="10301"/>
<f b="10303" a="10302" c="10304"/>
<f b="10306" a="10305" c="10307"/>
<f b="10309" a="10308" c="10310"/>
<f b="10312" a="10311" c="10313"/>
<f b="10315" a="10314" c="10316"/>
<f b="10318" a="10317" c="10319"/>
<f b="10321" a="10320" c="10322"/>
<f b="10324" a="10323" c="10325"/>
<f b="10327" a="10326" c="10328"/>
<f b="10330" a="10329" c="10331"/>
<f b="10333" a="10332" c="10334"/>
<f b="10336" a="10335" c="10337"/>
<f b="10339" a="10338" c="10340"/>
<f b="10342" a="10341" c="10343"/>
<f b="10345" a="10344" c="10346"/>
<f b="10348" a="10347" c="10349"/>
<f b="10351" a="10350" c="10352"/>
<f b="10354" a="10353" c="10355"/>
<f b="10357" a="10356" c="10358"/>
<f b="10360" a="10359" c="10361"/>
<f b="10363" a="10362" c="10364"/>
<f b="10366" a="10365" c="10367"/>
<f b="10369" a="10368" c="10370"/>
<f b="10372" a="10371" c="10373"/>
<f b="10375" a="10374" c="10376"/>
<f b="10378" a="10377" c="10379"/>
<f b="10381" a="10380" c="10382"/>
<f b="10384" a="10383" c="10385"/>
<f b="10387" a="10386" c="10388"/>
<f b="10390" a="10389" c="10391"/>
<f b="10393" a="10392" c="10394"/>
<f b="10396" a="10395" c="10397"/>
<f b="10399" a="10398" c="10400"/>
<f b="10402" a="10401" c="10403"/>
<f b="10405" a="10404" c="10406"/>
<f b="10408" a="10407" c="10409"/>
<f b="10411" a="10410" c="10412"/>
<f b="10414" a="10413" c="10415"/>
<f b="10417" a="10416" c="10418"/>
<f b="10420" a="10419" c="10421"/>
<f b="10423" a="10422" c="10424"/>
<f b="10426" a="10425" c="10427"/>
<f b="10429" a="10428" c="10430"/>
<f b="10432" a="10431" c="10433"/>
<f b="10435" a="10434" c="10436"/>
<f b="10438" a="10437" c="10439"/>
<f b="10441" a="10440" c="10442"/>
<f b="10444" a="10443" c="10445"/>
<f b="10447" a="10446" c="10448"/>
<f b="10450" a="10449" c="10451"/>
<f b="10453" a="10452" c="10454"/>
<f b="10456" a="10455" c="10457"/>
<f b="10459" a="10458" c="10460"/>
<f b="10462" a="10461" c="10463"/>
<f b="10465" a="10464" c="10466"/>
<f b="10468" a="10467" c="10469"/>
<f b="10471" a="10470" c="10472"/>
<f b="10474" a="10473" c="10475"/>
<f b="10477" a="10476" c="10478"/>
<f b="10480" a="10479" c="10481"/>
<f b="10483" a="10482" c="10484"/>
<f b="10486" a="10485" c="10487"/>
<f b="10489" a="10488" c="10490"/>
<f b="10492" a="10491" c="10493"/>
<f b="10495" a="10494" c="10496"/>
<f b="10498" a="10497" c="10499"/>
<f b="10501" a="10500" c="10502"/>
<f b="10504" a="10503" c="10505"/>
<f b="10507" a="10506" c="10508"/>
<f b="10510" a="10509" c="10511"/>
<f b="10513" a="10512" c="10514"/>
<f b="10516" a="10515" c="10517"/>
<f b="10519" a="10518" c="10520"/>
<f b="10522" a="10521" c="10523"/>
<f b="10525" a="10524" c="10526"/>
<f b="10528" a="10527" c="10529"/>
<f b="10531" a="10530" c="10532"/>
<f b="10534" a="10533" c="10535"/>
<f b="10537" a="10536" c="10538"/>
<f b="10540" a="10539" c="10541"/>
<f b="10543" a="10542" c="10544"/>
<f b="10546" a="10545" c="10547"/>
<f b="10549" a="10548" c="10550"/>
<f b="10552" a="10551" c="10553"/>
<f b="10555" a="10554" c="10556"/>
<f b="10558" a="10557" c="10559"/>
<f b="10561" a="10560" c="10562"/>
<f b="10564" a="10563" c="10565"/>
<f b="10567" a="10566" c="10568"/>
<f b="10570" a="10569" c="10571"/>
<f b="10573" a="10572" c="10574"/>
<f b="10576" a="10575" c="10577"/>
<f b="10579" a="10578" c="10580"/>
<f b="10582" a="10581" c="10583"/>
<f b="10585" a="10584" c="10586"/>
<f b="10588" a="10587" c="10589"/>
<f b="10591" a="10590" c="10592"/>
<f b="10594" a="10593" c="10595"/>
<f b="10597" a="10596" c="10598"/>
<f b="10600" a="10599" c="10601"/>
<f b="10603" a="10602" c="10604"/>
<f b="10606" a="10605" c="10607"/>
<f b="10609" a="10608" c="10610"/>
<f b="10612" a="10611" c="10613"/>
<f b="10615" a="10614" c="10616"/>
<f b="10618" a="10617" c="10619"/>
<f b="10621" a="10620" c="10622"/>
<f b="10624" a="10623" c="10625"/>
<f b="10627" a="10626" c="10628"/>
<f b="10630" a="10629" c="10631"/>
<f b="10633" a="10632" c="10634"/>
<f b="10636" a="10635" c="10637"/>
<f b="10639" a="10638" c="10640"/>
<f b="10642" a="10641" c="10643"/>
<f b="10645" a="10644" c="10646"/>
<f b="10648" a="10647" c="10649"/>
<f b="10651" a="10650" c="10652"/>
<f b="10654" a="10653" c="10655"/>
<f b="10657" a="10656" c="10658"/>
<f b="10660" a="10659" c="10661"/>
<f b="10663" a="10662" c="10664"/>
<f b="10666" a="10665" c="10667"/>
<f b="10669" a="10668" c="10670"/>
<f b="10672" a="10671" c="10673"/>
<f b="10675" a="10674" c="10676"/>
<f b="10678" a="10677" c="10679"/>
<f b="10681" a="10680" c="10682"/>
<f b="10684" a="10683" c="10685"/>
<f b="10687" a="10686" c="10688"/>
<f b="10690" a="10689" c="10691"/>
<f b="10693" a="10692" c="10694"/>
<f b="10696" a="10695" c="10697"/>
<f b="10699" a="10698" c="10700"/>
<f b="10702" a="10701" c="10703"/>
<f b="10705" a="10704" c="10706"/>
<f b="10708" a="10707" c="10709"/>
<f b="10711" a="10710" c="10712"/>
<f b="10714" a="10713" c="10715"/>
<f b="10717" a="10716" c="10718"/>
<f b="10720" a="10719" c="10721"/>
<f b="10723" a="10722" c="10724"/>
<f b="10726" a="10725" c="10727"/>
<f b="10729" a="10728" c="10730"/>
<f b="10732" a="10731" c="10733"/>
<f b="10735" a="10734" c="10736"/>
<f b="10738" a="10737" c="10739"/>
<f b="10741" a="10740" c="10742"/>
<f b="10744" a="10743" c="10745"/>
<f b="10747" a="10746" c="10748"/>
<f b="10750" a="10749" c="10751"/>
<f b="10753" a="10752" c="10754"/>
<f b="10756" a="10755" c="10757"/>
<f b="10759" a="10758" c="10760"/>
<f b="10762" a="10761" c="10763"/>
<f b="10765" a="10764" c="10766"/>
<f b="10768" a="10767" c="10769"/>
<f b="10771" a="10770" c="10772"/>
<f b="10774" a="10773" c="10775"/>
<f b="10777" a="10776" c="10778"/>
<f b="10780" a="10779" c="10781"/>
<f b="10783" a="10782" c="10784"/>
<f b="10786" a="10785" c="10787"/>
<f b="10789" a="10788" c="10790"/>
<f b="10792" a="10791" c="10793"/>
<f b="10795" a="10794" c="10796"/>
<f b="10798" a="10797" c="10799"/>
<f b="10801" a="10800" c="10802"/>
<f b="10804" a="10803" c="10805"/>
<f b="10807" a="10806" c="10808"/>
<f b="10810" a="10809" c="10811"/>
<f b="10813" a="10812" c="10814"/>
<f b="10816" a="10815" c="10817"/>
<f b="10819" a="10818" c="10820"/>
<f b="10822" a="10821" c="10823"/>
<f b="10825" a="10824" c="10826"/>
<f b="10828" a="10827" c="10829"/>
<f b="10831" a="10830" c="10832"/>
<f b="10834" a="10833" c="10835"/>
<f b="10837" a="10836" c="10838"/>
<f b="10840" a="10839" c="10841"/>
<f b="10843" a="10842" c="10844"/>
<f b="10846" a="10845" c="10847"/>
<f b="10849" a="10848" c="10850"/>
<f b="10852" a="10851" c="10853"/>
<f b="10855" a="10854" c="10856"/>
<f b="10858" a="10857" c="10859"/>
<f b="10861" a="10860" c="10862"/>
<f b="10864" a="10863" c="10865"/>
<f b="10867" a="10866" c="10868"/>
<f b="10870" a="10869" c="10871"/>
<f b="10873" a="10872" c="10874"/>
<f b="10876" a="10875" c="10877"/>
<f b="10879" a="10878" c="10880"/>
<f b="10882" a="10881" c="10883"/>
<f b="10885" a="10884" c="10886"/>
<f b="10888" a="10887" c="10889"/>
<f b="10891" a="10890" c="10892"/>
<f b="10894" a="10893" c="10895"/>
<f b="10897" a="10896" c="10898"/>
<f b="10900" a="10899" c="10901"/>
<f b="10903" a="10902" c="10904"/>
<f b="10906" a="10905" c="10907"/>
<f b="10909" a="10908" c="10910"/>
<f b="10912" a="10911" c="10913"/>
<f b="10915" a="10914" c="10916"/>
<f b="10918" a="10917" c="10919"/>
<f b="10921" a="10920" c="10922"/>
<f b="10924" a="10923" c="10925"/>
<f b="10927" a="10926" c="10928"/>
<f b="10930" a="10929" c="10931"/>
<f b="10933" a="10932" c="10934"/>
<f b="10936" a="10935" c="10937"/>
<f b="10939" a="10938" c="10940"/>
<f b="10942" a="10941" c="10943"/>
<f b="10945" a="10944" c="10946"/>
<f b="10948" a="10947" c="10949"/>
<f b="10951" a="10950" c="10952"/>
<f b="10954" a="10953" c="10955"/>
<f b="10957" a="10956" c="10958"/>
<f b="10960" a="10959" c="10961"/>
<f b="10963" a="10962" c="10964"/>
<f b="10966" a="10965" c="10967"/>
<f b="10969" a="10968" c="10970"/>
<f b="10972" a="10971" c="10973"/>
<f b="10975" a="10974" c="10976"/>
<f b="10978" a="10977" c="10979"/>
<f b="10981" a="10980" c="10982"/>
<f b="10984" a="10983" c="10985"/>
<f b="10987" a="10986" c="10988"/>
<f b="10990" a="10989" c="10991"/>
<f b="10993" a="10992" c="10994"/>
<f b="10996" a="10995" c="10997"/>
<f b="10999" a="10998" c="11000"/>
<f b="11002" a="11001" c="11003"/>
<f b="11005" a="11004" c="11006"/>
<f b="11008" a="11007" c="11009"/>
<f b="11011" a="11010" c="11012"/>
<f b="11014" a="11013" c="11015"/>
<f b="11017" a="11016" c="11018"/>
<f b="11020" a="11019" c="11021"/>
<f b="11023" a="11022" c="11024"/>
<f b="11026" a="11025" c="11027"/>
<f b="11029" a="11028" c="11030"/>
<f b="11032" a="11031" c="11033"/>
<f b="11035" a="11034" c="11036"/>
<f b="11038" a="11037" c="11039"/>
<f b="11041" a="11040" c="11042"/>
<f b="11044" a="11043" c="11045"/>
<f b="11047" a="11046" c="11048"/>
<f b="11050" a="11049" c="11051"/>
<f b="11053" a="11052" c="11054"/>
<f b="11056" a="11055" c="11057"/>
<f b="11059" a="11058" c="11060"/>
<f b="11062" a="11061" c="11063"/>
<f b="11065" a="11064" c="11066"/>
<f b="11068" a="11067" c="11069"/>
<f b="11071" a="11070" c="11072"/>
<f b="11074" a="11073" c="11075"/>
<f b="11077" a="11076" c="11078"/>
<f b="11080" a="11079" c="11081"/>
<f b="11083" a="11082" c="11084"/>
<f b="11086" a="11085" c="11087"/>
<f b="11089" a="11088" c="11090"/>
<f b="11092" a="11091" c="11093"/>
<f b="11095" a="11094" c="11096"/>
<f b="11098" a="11097" c="11099"/>
<f b="11101" a="11100" c="11102"/>
<f b="11104" a="11103" c="11105"/>
<f b="11107" a="11106" c="11108"/>
<f b="11110" a="11109" c="11111"/>
<f b="11113" a="11112" c="11114"/>
<f b="11116" a="11115" c="11117"/>
<f b="11119" a="11118" c="11120"/>
<f b="11122" a="11121" c="11123"/>
<f b="11125" a="11124" c="11126"/>
<f b="11128" a="11127" c="11129"/>
<f b="11131" a="11130" c="11132"/>
<f b="11134" a="11133" c="11135"/>
<f b="11137" a="11136" c="11138"/>
<f b="11140" a="11139" c="11141"/>
<f b="11143" a="11142" c="11144"/>
<f b="11146" a="11145" c="11147"/>
<f b="11149" a="11148" c="11150"/>
<f b="11152" a="11151" c="11153"/>
<f b="11155" a="11154" c="11156"/>
<f b="11158" a="11157" c="11159"/>
<f b="11161" a="11160" c="11162"/>
<f b="11164" a="11163" c="11165"/>
<f b="11167" a="11166" c="11168"/>
<f b="11170" a="11169" c="11171"/>
<f b="11173" a="11172" c="11174"/>
<f b="11176" a="11175" c="11177"/>
<f b="11179" a="11178" c="11180"/>
<f b="11182" a="11181" c="11183"/>
<f b="11185" a="11184" c="11186"/>
<f b="11188" a="11187" c="11189"/>
<f b="11191" a="11190" c="11192"/>
<f b="11194" a="11193" c="11195"/>
<f b="11197" a="11196" c="11198"/>
<f b="11200" a="11199" c="11201"/>
<f b="11203" a="11202" c="11204"/>
<f b="11206" a="11205" c="11207"/>
<f b="11209" a="11208" c="11210"/>
<f b="11212" a="11211" c="11213"/>
<f b="11215" a="11214" c="11216"/>
<f b="11218" a="11217" c="11219"/>
<f b="11221" a="11220" c="11222"/>
<f b="11224" a="11223" c="11225"/>
<f b="11227" a="11226" c="11228"/>
<f b="11230" a="11229" c="11231"/>
<f b="11233" a="11232" c="11234"/>
<f b="11236" a="11235" c="11237"/>
<f b="11239" a="11238" c="11240"/>
<f b="11242" a="11241" c="11243"/>
<f b="11245" a="11244" c="11246"/>
<f b="11248" a="11247" c="11249"/>
<f b="11251" a="11250" c="11252"/>
<f b="11254" a="11253" c="11255"/>
<f b="11257" a="11256" c="11258"/>
<f b="11260" a="11259" c="11261"/>
<f b="11263" a="11262" c="11264"/>
<f b="11266" a="11265" c="11267"/>
<f b="11269" a="11268" c="11270"/>
<f b="11272" a="11271" c="11273"/>
<f b="11275" a="11274" c="11276"/>
<f b="11278" a="11277" c="11279"/>
<f b="11281" a="11280" c="11282"/>
<f b="11284" a="11283" c="11285"/>
<f b="11287" a="11286" c="11288"/>
<f b="11290" a="11289" c="11291"/>
<f b="11293" a="11292" c="11294"/>
<f b="11296" a="11295" c="11297"/>
<f b="11299" a="11298" c="11300"/>
<f b="11302" a="11301" c="11303"/>
<f b="11305" a="11304" c="11306"/>
<f b="11308" a="11307" c="11309"/>
<f b="11311" a="11310" c="11312"/>
<f b="11314" a="11313" c="11315"/>
<f b="11317" a="11316" c="11318"/>
<f b="11320" a="11319" c="11321"/>
<f b="11323" a="11322" c="11324"/>
<f b="11326" a="11325" c="11327"/>
<f b="11329" a="11328" c="11330"/>
<f b="11332" a="11331" c="11333"/>
<f b="11335" a="11334" c="11336"/>
<f b="11338" a="11337" c="11339"/>
<f b="11341" a="11340" c="11342"/>
<f b="11344" a="11343" c="11345"/>
<f b="11347" a="11346" c="11348"/>
<f b="11350" a="11349" c="11351"/>
<f b="11353" a="11352" c="11354"/>
<f b="11356" a="11355" c="11357"/>
<f b="11359" a="11358" c="11360"/>
<f b="11362" a="11361" c="11363"/>
<f b="11365" a="11364" c="11366"/>
<f b="11368" a="11367" c="11369"/>
<f b="11371" a="11370" c="11372"/>
<f b="11374" a="11373" c="11375"/>
<f b="11377" a="11376" c="11378"/>
<f b="11380" a="11379" c="11381"/>
<f b="11383" a="11382" c="11384"/>
<f b="11386" a="11385" c="11387"/>
<f b="11389" a="11388" c="11390"/>
<f b="11392" a="11391" c="11393"/>
<f b="11395" a="11394" c="11396"/>
<f b="11398" a="11397" c="11399"/>
<f b="11401" a="11400" c="11402"/>
<f b="11404" a="11403" c="11405"/>
<f b="11407" a="11406" c="11408"/>
<f b="11410" a="11409" c="11411"/>
<f b="11413" a="11412" c="11414"/>
<f b="11416" a="11415" c="11417"/>
<f b="11419" a="11418" c="11420"/>
<f b="11422" a="11421" c="11423"/>
<f b="11425" a="11424" c="11426"/>
<f b="11428" a="11427" c="11429"/>
<f b="11431" a="11430" c="11432"/>
<f b="11434" a="11433" c="11435"/>
<f b="11437" a="11436" c="11438"/>
<f b="11440" a="11439" c="11441"/>
<f b="11443" a="11442" c="11444"/>
<f b="11446" a="11445" c="11447"/>
<f b="11449" a="11448" c="11450"/>
<f b="11452" a="11451" c="11453"/>
<f b="11455" a="11454" c="11456"/>
<f b="11458" a="11457" c="11459"/>
<f b="11461" a="11460" c="11462"/>
<f b="11464" a="11463" c="11465"/>
<f b="11467" a="11466" c="11468"/>
<f b="11470" a="11469" c="11471"/>
<f b="11473" a="11472" c="11474"/>
<f b="11476" a="11475" c="11477"/>
<f b="11479" a="11478" c="11480"/>
<f b="11482" a="11481" c="11483"/>
<f b="11485" a="11484" c="11486"/>
<f b="11488" a="11487" c="11489"/>
<f b="11491" a="11490" c="11492"/>
<f b="11494" a="11493" c="11495"/>
<f b="11497" a="11496" c="11498"/>
<f b="11500" a="11499" c="11501"/>
<f b="11503" a="11502" c="11504"/>
<f b="11506" a="11505" c="11507"/>
<f b="11509" a="11508" c="11510"/>
<f b="11512" a="11511" c="11513"/>
<f b="11515" a="11514" c="11516"/>
<f b="11518" a="11517" c="11519"/>
<f b="11521" a="11520" c="11522"/>
<f b="11524" a="11523" c="11525"/>
<f b="11527" a="11526" c="11528"/>
<f b="11530" a="11529" c="11531"/>
<f b="11533" a="11532" c="11534"/>
<f b="11536" a="11535" c="11537"/>
<f b="11539" a="11538" c="11540"/>
<f b="11542" a="11541" c="11543"/>
<f b="11545" a="11544" c="11546"/>
<f b="11548" a="11547" c="11549"/>
<f b="11551" a="11550" c="11552"/>
<f b="11554" a="11553" c="11555"/>
<f b="11557" a="11556" c="11558"/>
<f b="11560" a="11559" c="11561"/>
<f b="11563" a="11562" c="11564"/>
<f b="11566" a="11565" c="11567"/>
<f b="11569" a="11568" c="11570"/>
<f b="11572" a="11571" c="11573"/>
<f b="11575" a="11574" c="11576"/>
<f b="11578" a="11577" c="11579"/>
<f b="11581" a="11580" c="11582"/>
<f b="11584" a="11583" c="11585"/>
<f b="11587" a="11586" c="11588"/>
<f b="11590" a="11589" c="11591"/>
<f b="11593" a="11592" c="11594"/>
<f b="11596" a="11595" c="11597"/>
<f b="11599" a="11598" c="11600"/>
<f b="11602" a="11601" c="11603"/>
<f b="11605" a="11604" c="11606"/>
<f b="11608" a="11607" c="11609"/>
<f b="11611" a="11610" c="11612"/>
<f b="11614" a="11613" c="11615"/>
<f b="11617" a="11616" c="11618"/>
<f b="11620" a="11619" c="11621"/>
<f b="11623" a="11622" c="11624"/>
<f b="11626" a="11625" c="11627"/>
<f b="11629" a="11628" c="11630"/>
<f b="11632" a="11631" c="11633"/>
<f b="11635" a="11634" c="11636"/>
<f b="11638" a="11637" c="11639"/>
<f b="11641" a="11640" c="11642"/>
<f b="11644" a="11643" c="11645"/>
<f b="11647" a="11646" c="11648"/>
<f b="11650" a="11649" c="11651"/>
<f b="11653" a="11652" c="11654"/>
<f b="11656" a="11655" c="11657"/>
<f b="11659" a="11658" c="11660"/>
<f b="11662" a="11661" c="11663"/>
<f b="11665" a="11664" c="11666"/>
<f b="11668" a="11667" c="11669"/>
<f b="11671" a="11670" c="11672"/>
<f b="11674" a="11673" c="11675"/>
<f b="11677" a="11676" c="11678"/>
<f b="11680" a="11679" c="11681"/>
<f b="11683" a="11682" c="11684"/>
<f b="11686" a="11685" c="11687"/>
<f b="11689" a="11688" c="11690"/>
<f b="11692" a="11691" c="11693"/>
<f b="11695" a="11694" c="11696"/>
<f b="11698" a="11697" c="11699"/>
<f b="11701" a="11700" c="11702"/>
<f b="11704" a="11703" c="11705"/>
<f b="11707" a="11706" c="11708"/>
<f b="11710" a="11709" c="11711"/>
<f b="11713" a="11712" c="11714"/>
<f b="11716" a="11715" c="11717"/>
<f b="11719" a="11718" c="11720"/>
<f b="11722" a="11721" c="11723"/>
<f b="11725" a="11724" c="11726"/>
<f b="11728" a="11727" c="11729"/>
<f b="11731" a="11730" c="11732"/>
<f b="11734" a="11733" c="11735"/>
<f b="11737" a="11736" c="11738"/>
<f b="11740" a="11739" c="11741"/>
<f b="11743" a="11742" c="11744"/>
<f b="11746" a="11745" c="11747"/>
<f b="11749" a="11748" c="11750"/>
<f b="11752" a="11751" c="11753"/>
<f b="11755" a="11754" c="11756"/>
<f b="11758" a="11757" c="11759"/>
<f b="11761" a="11760" c="11762"/>
<f b="11764" a="11763" c="11765"/>
<f b="11767" a="11766" c="11768"/>
<f b="11770" a="11769" c="11771"/>
<f b="11773" a="11772" c="11774"/>
<f b="11776" a="11775" c="11777"/>
<f b="11779" a="11778" c="11780"/>
<f b="11782" a="11781" c="11783"/>
<f b="11785" a="11784" c="11786"/>
<f b="11788" a="11787" c="11789"/>
<f b="11791" a="11790" c="11792"/>
<f b="11794" a="11793" c="11795"/>
<f b="11797" a="11796" c="11798"/>
<f b="11800" a="11799" c="11801"/>
<f b="11803" a="11802" c="11804"/>
<f b="11806" a="11805" c="11807"/>
<f b="11809" a="11808" c="11810"/>
<f b="11812" a="11811" c="11813"/>
<f b="11815" a="11814" c="11816"/>
<f b="11818" a="11817" c="11819"/>
<f b="11821" a="11820" c="11822"/>
<f b="11824" a="11823" c="11825"/>
<f b="11827" a="11826" c="11828"/>
<f b="11830" a="11829" c="11831"/>
<f b="11833" a="11832" c="11834"/>
<f b="11836" a="11835" c="11837"/>
<f b="11839" a="11838" c="11840"/>
<f b="11842" a="11841" c="11843"/>
<f b="11845" a="11844" c="11846"/>
<f b="11848" a="11847" c="11849"/>
<f b="11851" a="11850" c="11852"/>
<f b="11854" a="11853" c="11855"/>
<f b="11857" a="11856" c="11858"/>
<f b="11860" a="11859" c="11861"/>
<f b="11863" a="11862" c="11864"/>
<f b="11866" a="11865" c="11867"/>
<f b="11869" a="11868" c="11870"/>
<f b="11872" a="11871" c="11873"/>
<f b="11875" a="11874" c="11876"/>
<f b="11878" a="11877" c="11879"/>
<f b="11881" a="11880" c="11882"/>
<f b="11884" a="11883" c="11885"/>
<f b="11887" a="11886" c="11888"/>
<f b="11890" a="11889" c="11891"/>
<f b="11893" a="11892" c="11894"/>
<f b="11896" a="11895" c="11897"/>
<f b="11899" a="11898" c="11900"/>
<f b="11902" a="11901" c="11903"/>
<f b="11905" a="11904" c="11906"/>
<f b="11908" a="11907" c="11909"/>
<f b="11911" a="11910" c="11912"/>
<f b="11914" a="11913" c="11915"/>
<f b="11917" a="11916" c="11918"/>
<f b="11920" a="11919" c="11921"/>
<f b="11923" a="11922" c="11924"/>
<f b="11926" a="11925" c="11927"/>
<f b="11929" a="11928" c="11930"/>
<f b="11932" a="11931" c="11933"/>
<f b="11935" a="11934" c="11936"/>
<f b="11938" a="11937" c="11939"/>
<f b="11941" a="11940" c="11942"/>
<f b="11944" a="11943" c="11945"/>
<f b="11947" a="11946" c="11948"/>
<f b="11950" a="11949" c="11951"/>
<f b="11953" a="11952" c="11954"/>
<f b="11956" a="11955" c="11957"/>
<f b="11959" a="11958" c="11960"/>
<f b="11962" a="11961" c="11963"/>
<f b="11965" a="11964" c="11966"/>
<f b="11968" a="11967" c="11969"/>
<f b="11971" a="11970" c="11972"/>
<f b="11974" a="11973" c="11975"/>
<f b="11977" a="11976" c="11978"/>
<f b="11980" a="11979" c="11981"/>
<f b="11983" a="11982" c="11984"/>
<f b="11986" a="11985" c="11987"/>
<f b="11989" a="11988" c="11990"/>
<f b="11992" a="11991" c="11993"/>
<f b="11995" a="11994" c="11996"/>
<f b="11998" a="11997" c="11999"/>
<f b="12001" a="12000" c="12002"/>
<f b="12004" a="12003" c="12005"/>
<f b="12007" a="12006" c="12008"/>
<f b="12010" a="12009" c="12011"/>
<f b="12013" a="12012" c="12014"/>
<f b="12016" a="12015" c="12017"/>
<f b="12019" a="12018" c="12020"/>
<f b="12022" a="12021" c="12023"/>
<f b="12025" a="12024" c="12026"/>
<f b="12028" a="12027" c="12029"/>
<f b="12031" a="12030" c="12032"/>
<f b="12034" a="12033" c="12035"/>
<f b="12037" a="12036" c="12038"/>
<f b="12040" a="12039" c="12041"/>
<f b="12043" a="12042" c="12044"/>
<f b="12046" a="12045" c="12047"/>
<f b="12049" a="12048" c="12050"/>
<f b="12052" a="12051" c="12053"/>
<f b="12055" a="12054" c="12056"/>
<f b="12058" a="12057" c="12059"/>
<f b="12061" a="12060" c="12062"/>
<f b="12064" a="12063" c="12065"/>
<f b="12067" a="12066" c="12068"/>
<f b="12070" a="12069" c="12071"/>
<f b="12073" a="12072" c="12074"/>
<f b="12076" a="12075" c="12077"/>
<f b="12079" a="12078" c="12080"/>
<f b="12082" a="12081" c="12083"/>
<f b="12085" a="12084" c="12086"/>
<f b="12088" a="12087" c="12089"/>
<f b="12091" a="12090" c="12092"/>
<f b="12094" a="12093" c="12095"/>
<f b="12097" a="12096" c="12098"/>
<f b="12100" a="12099" c="12101"/>
<f b="12103" a="12102" c="12104"/>
<f b="12106" a="12105" c="12107"/>
<f b="12109" a="12108" c="12110"/>
<f b="12112" a="12111" c="12113"/>
<f b="12115" a="12114" c="12116"/>
<f b="12118" a="12117" c="12119"/>
<f b="12121" a="12120" c="12122"/>
<f b="12124" a="12123" c="12125"/>
<f b="12127" a="12126" c="12128"/>
<f b="12130" a="12129" c="12131"/>
<f b="12133" a="12132" c="12134"/>
<f b="12136" a="12135" c="12137"/>
<f b="12139" a="12138" c="12140"/>
<f b="12142" a="12141" c="12143"/>
<f b="12145" a="12144" c="12146"/>
<f b="12148" a="12147" c="12149"/>
<f b="12151" a="12150" c="12152"/>
<f b="12154" a="12153" c="12155"/>
<f b="12157" a="12156" c="12158"/>
<f b="12160" a="12159" c="12161"/>
<f b="12163" a="12162" c="12164"/>
<f b="12166" a="12165" c="12167"/>
<f b="12169" a="12168" c="12170"/>
<f b="12172" a="12171" c="12173"/>
<f b="12175" a="12174" c="12176"/>
<f b="12178" a="12177" c="12179"/>
<f b="12181" a="12180" c="12182"/>
<f b="12184" a="12183" c="12185"/>
<f b="12187" a="12186" c="12188"/>
<f b="12190" a="12189" c="12191"/>
<f b="12193" a="12192" c="12194"/>
<f b="12196" a="12195" c="12197"/>
<f b="12199" a="12198" c="12200"/>
<f b="12202" a="12201" c="12203"/>
<f b="12205" a="12204" c="12206"/>
<f b="12208" a="12207" c="12209"/>
<f b="12211" a="12210" c="12212"/>
<f b="12214" a="12213" c="12215"/>
<f b="12217" a="12216" c="12218"/>
<f b="12220" a="12219" c="12221"/>
<f b="12223" a="12222" c="12224"/>
<f b="12226" a="12225" c="12227"/>
<f b="12229" a="12228" c="12230"/>
<f b="12232" a="12231" c="12233"/>
<f b="12235" a="12234" c="12236"/>
<f b="12238" a="12237" c="12239"/>
<f b="12241" a="12240" c="12242"/>
<f b="12244" a="12243" c="12245"/>
<f b="12247" a="12246" c="12248"/>
<f b="12250" a="12249" c="12251"/>
<f b="12253" a="12252" c="12254"/>
<f b="12256" a="12255" c="12257"/>
<f b="12259" a="12258" c="12260"/>
<f b="12262" a="12261" c="12263"/>
<f b="12265" a="12264" c="12266"/>
<f b="12268" a="12267" c="12269"/>
<f b="12271" a="12270" c="12272"/>
<f b="12274" a="12273" c="12275"/>
<f b="12277" a="12276" c="12278"/>
<f b="12280" a="12279" c="12281"/>
<f b="12283" a="12282" c="12284"/>
<f b="12286" a="12285" c="12287"/>
<f b="12289" a="12288" c="12290"/>
<f b="12292" a="12291" c="12293"/>
<f b="12295" a="12294" c="12296"/>
<f b="12298" a="12297" c="12299"/>
<f b="12301" a="12300" c="12302"/>
<f b="12304" a="12303" c="12305"/>
<f b="12307" a="12306" c="12308"/>
<f b="12310" a="12309" c="12311"/>
<f b="12313" a="12312" c="12314"/>
<f b="12316" a="12315" c="12317"/>
<f b="12319" a="12318" c="12320"/>
<f b="12322" a="12321" c="12323"/>
<f b="12325" a="12324" c="12326"/>
<f b="12328" a="12327" c="12329"/>
<f b="12331" a="12330" c="12332"/>
<f b="12334" a="12333" c="12335"/>
<f b="12337" a="12336" c="12338"/>
<f b="12340" a="12339" c="12341"/>
<f b="12343" a="12342" c="12344"/>
<f b="12346" a="12345" c="12347"/>
<f b="12349" a="12348" c="12350"/>
<f b="12352" a="12351" c="12353"/>
<f b="12355" a="12354" c="12356"/>
<f b="12358" a="12357" c="12359"/>
<f b="12361" a="12360" c="12362"/>
<f b="12364" a="12363" c="12365"/>
<f b="12367" a="12366" c="12368"/>
<f b="12370" a="12369" c="12371"/>
<f b="12373" a="12372" c="12374"/>
<f b="12376" a="12375" c="12377"/>
<f b="12379" a="12378" c="12380"/>
<f b="12382" a="12381" c="12383"/>
<f b="12385" a="12384" c="12386"/>
<f b="12388" a="12387" c="12389"/>
<f b="12391" a="12390" c="12392"/>
<f b="12394" a="12393" c="12395"/>
<f b="12397" a="12396" c="12398"/>
<f b="12400" a="12399" c="12401"/>
<f b="12403" a="12402" c="12404"/>
<f b="12406" a="12405" c="12407"/>
<f b="12409" a="12408" c="12410"/>
<f b="12412" a="12411" c="12413"/>
<f b="12415" a="12414" c="12416"/>
<f b="12418" a="12417" c="12419"/>
<f b="12421" a="12420" c="12422"/>
<f b="12424" a="12423" c="12425"/>
<f b="12427" a="12426" c="12428"/>
<f b="12430" a="12429" c="12431"/>
<f b="12433" a="12432" c="12434"/>
<f b="12436" a="12435" c="12437"/>
<f b="12439" a="12438" c="12440"/>
<f b="12442" a="12441" c="12443"/>
<f b="12445" a="12444" c="12446"/>
<f b="12448" a="12447" c="12449"/>
<f b="12451" a="12450" c="12452"/>
<f b="12454" a="12453" c="12455"/>
<f b="12457" a="12456" c="12458"/>
<f b="12460" a="12459" c="12461"/>
<f b="12463" a="12462" c="12464"/>
<f b="12466" a="12465" c="12467"/>
<f b="12469" a="12468" c="12470"/>
<f b="12472" a="12471" c="12473"/>
<f b="12475" a="12474" c="12476"/>
<f b="12478" a="12477" c="12479"/>
<f b="12481" a="12480" c="12482"/>
<f b="12484" a="12483" c="12485"/>
<f b="12487" a="12486" c="12488"/>
<f b="12490" a="12489" c="12491"/>
<f b="12493" a="12492" c="12494"/>
<f b="12496" a="12495" c="12497"/>
<f b="12499" a="12498" c="12500"/>
<f b="12502" a="12501" c="12503"/>
<f b="12505" a="12504" c="12506"/>
<f b="12508" a="12507" c="12509"/>
<f b="12511" a="12510" c="12512"/>
<f b="12514" a="12513" c="12515"/>
<f b="12517" a="12516" c="12518"/>
<f b="12520" a="12519" c="12521"/>
<f b="12523" a="12522" c="12524"/>
<f b="12526" a="12525" c="12527"/>
<f b="12529" a="12528" c="12530"/>
<f b="12532" a="12531" c="12533"/>
<f b="12535" a="12534" c="12536"/>
<f b="12538" a="12537" c="12539"/>
<f b="12541" a="12540" c="12542"/>
<f b="12544" a="12543" c="12545"/>
<f b="12547" a="12546" c="12548"/>
<f b="12550" a="12549" c="12551"/>
<f b="12553" a="12552" c="12554"/>
<f b="12556" a="12555" c="12557"/>
<f b="12559" a="12558" c="12560"/>
<f b="12562" a="12561" c="12563"/>
<f b="12565" a="12564" c="12566"/>
<f b="12568" a="12567" c="12569"/>
<f b="12571" a="12570" c="12572"/>
<f b="12574" a="12573" c="12575"/>
<f b="12577" a="12576" c="12578"/>
<f b="12580" a="12579" c="12581"/>
<f b="12583" a="12582" c="12584"/>
<f b="12586" a="12585" c="12587"/>
<f b="12589" a="12588" c="12590"/>
<f b="12592" a="12591" c="12593"/>
<f b="12595" a="12594" c="12596"/>
<f b="12598" a="12597" c="12599"/>
<f b="12601" a="12600" c="12602"/>
<f b="12604" a="12603" c="12605"/>
<f b="12607" a="12606" c="12608"/>
<f b="12610" a="12609" c="12611"/>
<f b="12613" a="12612" c="12614"/>
<f b="12616" a="12615" c="12617"/>
<f b="12619" a="12618" c="12620"/>
<f b="12622" a="12621" c="12623"/>
<f b="12625" a="12624" c="12626"/>
<f b="12628" a="12627" c="12629"/>
<f b="12631" a="12630" c="12632"/>
<f b="12634" a="12633" c="12635"/>
<f b="12637" a="12636" c="12638"/>
<f b="12640" a="12639" c="12641"/>
<f b="12643" a="12642" c="12644"/>
<f b="12646" a="12645" c="12647"/>
<f b="12649" a="12648" c="12650"/>
<f b="12652" a="12651" c="12653"/>
<f b="12655" a="12654" c="12656"/>
<f b="12658" a="12657" c="12659"/>
<f b="12661" a="12660" c="12662"/>
<f b="12664" a="12663" c="12665"/>
<f b="12667" a="12666" c="12668"/>
<f b="12670" a="12669" c="12671"/>
<f b="12673" a="12672" c="12674"/>
<f b="12676" a="12675" c="12677"/>
<f b="12679" a="12678" c="12680"/>
<f b="12682" a="12681" c="12683"/>
<f b="12685" a="12684" c="12686"/>
<f b="12688" a="12687" c="12689"/>
<f b="12691" a="12690" c="12692"/>
<f b="12694" a="12693" c="12695"/>
<f b="12697" a="12696" c="12698"/>
<f b="12700" a="12699" c="12701"/>
<f b="12703" a="12702" c="12704"/>
<f b="12706" a="12705" c="12707"/>
<f b="12709" a="12708" c="12710"/>
<f b="12712" a="12711" c="12713"/>
<f b="12715" a="12714" c="12716"/>
<f b="12718" a="12717" c="12719"/>
<f b="12721" a="12720" c="12722"/>
<f b="12724" a="12723" c="12725"/>
<f b="12727" a="12726" c="12728"/>
<f b="12730" a="12729" c="12731"/>
<f b="12733" a="12732" c="12734"/>
<f b="12736" a="12735" c="12737"/>
<f b="12739" a="12738" c="12740"/>
<f b="12742" a="12741" c="12743"/>
<f b="12745" a="12744" c="12746"/>
<f b="12748" a="12747" c="12749"/>
<f b="12751" a="12750" c="12752"/>
<f b="12754" a="12753" c="12755"/>
<f b="12757" a="12756" c="12758"/>
<f b="12760" a="12759" c="12761"/>
<f b="12763" a="12762" c="12764"/>
<f b="12766" a="12765" c="12767"/>
<f b="12769" a="12768" c="12770"/>
<f b="12772" a="12771" c="12773"/>
<f b="12775" a="12774" c="12776"/>
<f b="12778" a="12777" c="12779"/>
<f b="12781" a="12780" c="12782"/>
<f b="12784" a="12783" c="12785"/>
<f b="12787" a="12786" c="12788"/>
<f b="12790" a="12789" c="12791"/>
<f b="12793" a="12792" c="12794"/>
<f b="12796" a="12795" c="12797"/>
<f b="12799" a="12798" c="12800"/>
<f b="12802" a="12801" c="12803"/>
<f b="12805" a="12804" c="12806"/>
<f b="12808" a="12807" c="12809"/>
<f b="12811" a="12810" c="12812"/>
<f b="12814" a="12813" c="12815"/>
<f b="12817" a="12816" c="12818"/>
<f b="12820" a="12819" c="12821"/>
<f b="12823" a="12822" c="12824"/>
<f b="12826" a="12825" c="12827"/>
<f b="12829" a="12828" c="12830"/>
<f b="12832" a="12831" c="12833"/>
<f b="12835" a="12834" c="12836"/>
<f b="12838" a="12837" c="12839"/>
<f b="12841" a="12840" c="12842"/>
<f b="12844" a="12843" c="12845"/>
<f b="12847" a="12846" c="12848"/>
<f b="12850" a="12849" c="12851"/>
<f b="12853" a="12852" c="12854"/>
<f b="12856" a="12855" c="12857"/>
<f b="12859" a="12858" c="12860"/>
<f b="12862" a="12861" c="12863"/>
<f b="12865" a="12864" c="12866"/>
<f b="12868" a="12867" c="12869"/>
<f b="12871" a="12870" c="12872"/>
<f b="12874" a="12873" c="12875"/>
<f b="12877" a="12876" c="12878"/>
<f b="12880" a="12879" c="12881"/>
<f b="12883" a="12882" c="12884"/>
<f b="12886" a="12885" c="12887"/>
<f b="12889" a="12888" c="12890"/>
<f b="12892" a="12891" c="12893"/>
<f b="12895" a="12894" c="12896"/>
<f b="12898" a="12897" c="12899"/>
<f b="12901" a="12900" c="12902"/>
<f b="12904" a="12903" c="12905"/>
<f b="12907" a="12906" c="12908"/>
<f b="12910" a="12909" c="12911"/>
<f b="12913" a="12912" c="12914"/>
<f b="12916" a="12915" c="12917"/>
<f b="12919" a="12918" c="12920"/>
<f b="12922" a="12921" c="12923"/>
<f b="12925" a="12924" c="12926"/>
<f b="12928" a="12927" c="12929"/>
<f b="12931" a="12930" c="12932"/>
<f b="12934" a="12933" c="12935"/>
<f b="12937" a="12936" c="12938"/>
<f b="12940" a="12939" c="12941"/>
<f b="12943" a="12942" c="12944"/>
<f b="12946" a="12945" c="12947"/>
<f b="12949" a="12948" c="12950"/>
<f b="12952" a="12951" c="12953"/>
<f b="12955" a="12954" c="12956"/>
<f b="12958" a="12957" c="12959"/>
<f b="12961" a="12960" c="12962"/>
<f b="12964" a="12963" c="12965"/>
<f b="12967" a="12966" c="12968"/>
<f b="12970" a="12969" c="12971"/>
<f b="12973" a="12972" c="12974"/>
<f b="12976" a="12975" c="12977"/>
<f b="12979" a="12978" c="12980"/>
<f b="12982" a="12981" c="12983"/>
<f b="12985" a="12984" c="12986"/>
<f b="12988" a="12987" c="12989"/>
<f b="12991" a="12990" c="12992"/>
<f b="12994" a="12993" c="12995"/>
<f b="12997" a="12996" c="12998"/>
<f b="13000" a="12999" c="13001"/>
<f b="13003" a="13002" c="13004"/>
<f b="13006" a="13005" c="13007"/>
<f b="13009" a="13008" c="13010"/>
<f b="13012" a="13011" c="13013"/>
<f b="13015" a="13014" c="13016"/>
<f b="13018" a="13017" c="13019"/>
<f b="13021" a="13020" c="13022"/>
<f b="13024" a="13023" c="13025"/>
<f b="13027" a="13026" c="13028"/>
<f b="13030" a="13029" c="13031"/>
<f b="13033" a="13032" c="13034"/>
<f b="13036" a="13035" c="13037"/>
<f b="13039" a="13038" c="13040"/>
<f b="13042" a="13041" c="13043"/>
<f b="13045" a="13044" c="13046"/>
<f b="13048" a="13047" c="13049"/>
<f b="13051" a="13050" c="13052"/>
<f b="13054" a="13053" c="13055"/>
<f b="13057" a="13056" c="13058"/>
<f b="13060" a="13059" c="13061"/>
<f b="13063" a="13062" c="13064"/>
<f b="13066" a="13065" c="13067"/>
<f b="13069" a="13068" c="13070"/>
<f b="13072" a="13071" c="13073"/>
<f b="13075" a="13074" c="13076"/>
<f b="13078" a="13077" c="13079"/>
<f b="13081" a="13080" c="13082"/>
<f b="13084" a="13083" c="13085"/>
<f b="13087" a="13086" c="13088"/>
<f b="13090" a="13089" c="13091"/>
<f b="13093" a="13092" c="13094"/>
<f b="13096" a="13095" c="13097"/>
<f b="13099" a="13098" c="13100"/>
<f b="13102" a="13101" c="13103"/>
<f b="13105" a="13104" c="13106"/>
<f b="13108" a="13107" c="13109"/>
<f b="13111" a="13110" c="13112"/>
<f b="13114" a="13113" c="13115"/>
<f b="13117" a="13116" c="13118"/>
<f b="13120" a="13119" c="13121"/>
<f b="13123" a="13122" c="13124"/>
<f b="13126" a="13125" c="13127"/>
<f b="13129" a="13128" c="13130"/>
<f b="13132" a="13131" c="13133"/>
<f b="13135" a="13134" c="13136"/>
<f b="13138" a="13137" c="13139"/>
<f b="13141" a="13140" c="13142"/>
<f b="13144" a="13143" c="13145"/>
<f b="13147" a="13146" c="13148"/>
<f b="13150" a="13149" c="13151"/>
<f b="13153" a="13152" c="13154"/>
<f b="13156" a="13155" c="13157"/>
<f b="13159" a="13158" c="13160"/>
<f b="13162" a="13161" c="13163"/>
<f b="13165" a="13164" c="13166"/>
<f b="13168" a="13167" c="13169"/>
<f b="13171" a="13170" c="13172"/>
<f b="13174" a="13173" c="13175"/>
<f b="13177" a="13176" c="13178"/>
<f b="13180" a="13179" c="13181"/>
<f b="13183" a="13182" c="13184"/>
<f b="13186" a="13185" c="13187"/>
<f b="13189" a="13188" c="13190"/>
<f b="13192" a="13191" c="13193"/>
<f b="13195" a="13194" c="13196"/>
<f b="13198" a="13197" c="13199"/>
<f b="13201" a="13200" c="13202"/>
<f b="13204" a="13203" c="13205"/>
<f b="13207" a="13206" c="13208"/>
<f b="13210" a="13209" c="13211"/>
<f b="13213" a="13212" c="13214"/>
<f b="13216" a="13215" c="13217"/>
<f b="13219" a="13218" c="13220"/>
<f b="13222" a="13221" c="13223"/>
<f b="13225" a="13224" c="13226"/>
<f b="13228" a="13227" c="13229"/>
<f b="13231" a="13230" c="13232"/>
<f b="13234" a="13233" c="13235"/>
<f b="13237" a="13236" c="13238"/>
<f b="13240" a="13239" c="13241"/>
<f b="13243" a="13242" c="13244"/>
<f b="13246" a="13245" c="13247"/>
<f b="13249" a="13248" c="13250"/>
<f b="13252" a="13251" c="13253"/>
<f b="13255" a="13254" c="13256"/>
<f b="13258" a="13257" c="13259"/>
<f b="13261" a="13260" c="13262"/>
<f b="13264" a="13263" c="13265"/>
<f b="13267" a="13266" c="13268"/>
<f b="13270" a="13269" c="13271"/>
<f b="13273" a="13272" c="13274"/>
<f b="13276" a="13275" c="13277"/>
<f b="13279" a="13278" c="13280"/>
<f b="13282" a="13281" c="13283"/>
<f b="13285" a="13284" c="13286"/>
<f b="13288" a="13287" c="13289"/>
<f b="13291" a="13290" c="13292"/>
<f b="13294" a="13293" c="13295"/>
<f b="13297" a="13296" c="13298"/>
<f b="13300" a="13299" c="13301"/>
<f b="13303" a="13302" c="13304"/>
<f b="13306" a="13305" c="13307"/>
<f b="13309" a="13308" c="13310"/>
<f b="13312" a="13311" c="13313"/>
<f b="13315" a="13314" c="13316"/>
<f b="13318" a="13317" c="13319"/>
<f b="13321" a="13320" c="13322"/>
<f b="13324" a="13323" c="13325"/>
<f b="13327" a="13326" c="13328"/>
<f b="13330" a="13329" c="13331"/>
<f b="13333" a="13332" c="13334"/>
<f b="13336" a="13335" c="13337"/>
<f b="13339" a="13338" c="13340"/>
<f b="13342" a="13341" c="13343"/>
<f b="13345" a="13344" c="13346"/>
<f b="13348" a="13347" c="13349"/>
<f b="13351" a="13350" c="13352"/>
<f b="13354" a="13353" c="13355"/>
<f b="13357" a="13356" c="13358"/>
<f b="13360" a="13359" c="13361"/>
<f b="13363" a="13362" c="13364"/>
<f b="13366" a="13365" c="13367"/>
<f b="13369" a="13368" c="13370"/>
<f b="13372" a="13371" c="13373"/>
<f b="13375" a="13374" c="13376"/>
<f b="13378" a="13377" c="13379"/>
<f b="13381" a="13380" c="13382"/>
<f b="13384" a="13383" c="13385"/>
<f b="13387" a="13386" c="13388"/>
<f b="13390" a="13389" c="13391"/>
<f b="13393" a="13392" c="13394"/>
<f b="13396" a="13395" c="13397"/>
<f b="13399" a="13398" c="13400"/>
<f b="13402" a="13401" c="13403"/>
<f b="13405" a="13404" c="13406"/>
<f b="13408" a="13407" c="13409"/>
<f b="13411" a="13410" c="13412"/>
<f b="13414" a="13413" c="13415"/>
<f b="13417" a="13416" c="13418"/>
<f b="13420" a="13419" c="13421"/>
<f b="13423" a="13422" c="13424"/>
<f b="13426" a="13425" c="13427"/>
<f b="13429" a="13428" c="13430"/>
<f b="13432" a="13431" c="13433"/>
<f b="13435" a="13434" c="13436"/>
<f b="13438" a="13437" c="13439"/>
<f b="13441" a="13440" c="13442"/>
<f b="13444" a="13443" c="13445"/>
<f b="13447" a="13446" c="13448"/>
<f b="13450" a="13449" c="13451"/>
<f b="13453" a="13452" c="13454"/>
<f b="13456" a="13455" c="13457"/>
<f b="13459" a="13458" c="13460"/>
<f b="13462" a="13461" c="13463"/>
<f b="13465" a="13464" c="13466"/>
<f b="13468" a="13467" c="13469"/>
<f b="13471" a="13470" c="13472"/>
<f b="13474" a="13473" c="13475"/>
<f b="13477" a="13476" c="13478"/>
<f b="13480" a="13479" c="13481"/>
<f b="13483" a="13482" c="13484"/>
<f b="13486" a="13485" c="13487"/>
<f b="13489" a="13488" c="13490"/>
<f b="13492" a="13491" c="13493"/>
<f b="13495" a="13494" c="13496"/>
<f b="13498" a="13497" c="13499"/>
<f b="13501" a="13500" c="13502"/>
<f b="13504" a="13503" c="13505"/>
<f b="13507" a="13506" c="13508"/>
<f b="13510" a="13509" c="13511"/>
<f b="13513" a="13512" c="13514"/>
<f b="13516" a="13515" c="13517"/>
<f b="13519" a="13518" c="13520"/>
<f b="13522" a="13521" c="13523"/>
<f b="13525" a="13524" c="13526"/>
<f b="13528" a="13527" c="13529"/>
<f b="13531" a="13530" c="13532"/>
<f b="13534" a="13533" c="13535"/>
<f b="13537" a="13536" c="13538"/>
<f b="13540" a="13539" c="13541"/>
<f b="13543" a="13542" c="13544"/>
<f b="13546" a="13545" c="13547"/>
<f b="13549" a="13548" c="13550"/>
<f b="13552" a="13551" c="13553"/>
<f b="13555" a="13554" c="13556"/>
<f b="13558" a="13557" c="13559"/>
<f b="13561" a="13560" c="13562"/>
<f b="13564" a="13563" c="13565"/>
<f b="13567" a="13566" c="13568"/>
<f b="13570" a="13569" c="13571"/>
<f b="13573" a="13572" c="13574"/>
<f b="13576" a="13575" c="13577"/>
<f b="13579" a="13578" c="13580"/>
<f b="13582" a="13581" c="13583"/>
<f b="13585" a="13584" c="13586"/>
<f b="13588" a="13587" c="13589"/>
<f b="13591" a="13590" c="13592"/>
<f b="13594" a="13593" c="13595"/>
<f b="13597" a="13596" c="13598"/>
<f b="13600" a="13599" c="13601"/>
<f b="13603" a="13602" c="13604"/>
<f b="13606" a="13605" c="13607"/>
<f b="13609" a="13608" c="13610"/>
<f b="13612" a="13611" c="13613"/>
<f b="13615" a="13614" c="13616"/>
<f b="13618" a="13617" c="13619"/>
<f b="13621" a="13620" c="13622"/>
<f b="13624" a="13623" c="13625"/>
<f b="13627" a="13626" c="13628"/>
<f b="13630" a="13629" c="13631"/>
<f b="13633" a="13632" c="13634"/>
<f b="13636" a="13635" c="13637"/>
<f b="13639" a="13638" c="13640"/>
<f b="13642" a="13641" c="13643"/>
<f b="13645" a="13644" c="13646"/>
<f b="13648" a="13647" c="13649"/>
<f b="13651" a="13650" c="13652"/>
<f b="13654" a="13653" c="13655"/>
<f b="13657" a="13656" c="13658"/>
<f b="13660" a="13659" c="13661"/>
<f b="13663" a="13662" c="13664"/>
<f b="13666" a="13665" c="13667"/>
<f b="13669" a="13668" c="13670"/>
<f b="13672" a="13671" c="13673"/>
<f b="13675" a="13674" c="13676"/>
<f b="13678" a="13677" c="13679"/>
<f b="13681" a="13680" c="13682"/>
<f b="13684" a="13683" c="13685"/>
<f b="13687" a="13686" c="13688"/>
<f b="13690" a="13689" c="13691"/>
<f b="13693" a="13692" c="13694"/>
<f b="13696" a="13695" c="13697"/>
<f b="13699" a="13698" c="13700"/>
<f b="13702" a="13701" c="13703"/>
<f b="13705" a="13704" c="13706"/>
<f b="13708" a="13707" c="13709"/>
<f b="13711" a="13710" c="13712"/>
<f b="13714" a="13713" c="13715"/>
<f b="13717" a="13716" c="13718"/>
<f b="13720" a="13719" c="13721"/>
<f b="13723" a="13722" c="13724"/>
<f b="13726" a="13725" c="13727"/>
<f b="13729" a="13728" c="13730"/>
<f b="13732" a="13731" c="13733"/>
<f b="13735" a="13734" c="13736"/>
<f b="13738" a="13737" c="13739"/>
<f b="13741" a="13740" c="13742"/>
<f b="13744" a="13743" c="13745"/>
<f b="13747" a="13746" c="13748"/>
<f b="13750" a="13749" c="13751"/>
<f b="13753" a="13752" c="13754"/>
<f b="13756" a="13755" c="13757"/>
<f b="13759" a="13758" c="13760"/>
<f b="13762" a="13761" c="13763"/>
<f b="13765" a="13764" c="13766"/>
<f b="13768" a="13767" c="13769"/>
<f b="13771" a="13770" c="13772"/>
<f b="13774" a="13773" c="13775"/>
<f b="13777" a="13776" c="13778"/>
<f b="13780" a="13779" c="13781"/>
<f b="13783" a="13782" c="13784"/>
<f b="13786" a="13785" c="13787"/>
<f b="13789" a="13788" c="13790"/>
<f b="13792" a="13791" c="13793"/>
<f b="13795" a="13794" c="13796"/>
<f b="13798" a="13797" c="13799"/>
<f b="13801" a="13800" c="13802"/>
<f b="13804" a="13803" c="13805"/>
<f b="13807" a="13806" c="13808"/>
<f b="13810" a="13809" c="13811"/>
<f b="13813" a="13812" c="13814"/>
<f b="13816" a="13815" c="13817"/>
<f b="13819" a="13818" c="13820"/>
<f b="13822" a="13821" c="13823"/>
<f b="13825" a="13824" c="13826"/>
<f b="13828" a="13827" c="13829"/>
<f b="13831" a="13830" c="13832"/>
<f b="13834" a="13833" c="13835"/>
<f b="13837" a="13836" c="13838"/>
<f b="13840" a="13839" c="13841"/>
<f b="13843" a="13842" c="13844"/>
<f b="13846" a="13845" c="13847"/>
<f b="13849" a="13848" c="13850"/>
<f b="13852" a="13851" c="13853"/>
<f b="13855" a="13854" c="13856"/>
<f b="13858" a="13857" c="13859"/>
<f b="13861" a="13860" c="13862"/>
<f b="13864" a="13863" c="13865"/>
<f b="13867" a="13866" c="13868"/>
<f b="13870" a="13869" c="13871"/>
<f b="13873" a="13872" c="13874"/>
<f b="13876" a="13875" c="13877"/>
<f b="13879" a="13878" c="13880"/>
<f b="13882" a="13881" c="13883"/>
<f b="13885" a="13884" c="13886"/>
<f b="13888" a="13887" c="13889"/>
<f b="13891" a="13890" c="13892"/>
<f b="13894" a="13893" c="13895"/>
<f b="13897" a="13896" c="13898"/>
<f b="13900" a="13899" c="13901"/>
<f b="13903" a="13902" c="13904"/>
<f b="13906" a="13905" c="13907"/>
<f b="13909" a="13908" c="13910"/>
<f b="13912" a="13911" c="13913"/>
<f b="13915" a="13914" c="13916"/>
<f b="13918" a="13917" c="13919"/>
<f b="13921" a="13920" c="13922"/>
<f b="13924" a="13923" c="13925"/>
<f b="13927" a="13926" c="13928"/>
<f b="13930" a="13929" c="13931"/>
<f b="13933" a="13932" c="13934"/>
<f b="13936" a="13935" c="13937"/>
<f b="13939" a="13938" c="13940"/>
<f b="13942" a="13941" c="13943"/>
<f b="13945" a="13944" c="13946"/>
<f b="13948" a="13947" c="13949"/>
<f b="13951" a="13950" c="13952"/>
<f b="13954" a="13953" c="13955"/>
<f b="13957" a="13956" c="13958"/>
<f b="13960" a="13959" c="13961"/>
<f b="13963" a="13962" c="13964"/>
<f b="13966" a="13965" c="13967"/>
<f b="13969" a="13968" c="13970"/>
<f b="13972" a="13971" c="13973"/>
<f b="13975" a="13974" c="13976"/>
<f b="13978" a="13977" c="13979"/>
<f b="13981" a="13980" c="13982"/>
<f b="13984" a="13983" c="13985"/>
<f b="13987" a="13986" c="13988"/>
<f b="13990" a="13989" c="13991"/>
<f b="13993" a="13992" c="13994"/>
<f b="13996" a="13995" c="13997"/>
<f b="13999" a="13998" c="14000"/>
<f b="14002" a="14001" c="14003"/>
<f b="14005" a="14004" c="14006"/>
<f b="14008" a="14007" c="14009"/>
<f b="14011" a="14010" c="14012"/>
<f b="14014" a="14013" c="14015"/>
<f b="14017" a="14016" c="14018"/>
<f b="14020" a="14019" c="14021"/>
<f b="14023" a="14022" c="14024"/>
<f b="14026" a="14025" c="14027"/>
<f b="14029" a="14028" c="14030"/>
<f b="14032" a="14031" c="14033"/>
<f b="14035" a="14034" c="14036"/>
<f b="14038" a="14037" c="14039"/>
<f b="14041" a="14040" c="14042"/>
<f b="14044" a="14043" c="14045"/>
<f b="14047" a="14046" c="14048"/>
<f b="14050" a="14049" c="14051"/>
<f b="14053" a="14052" c="14054"/>
<f b="14056" a="14055" c="14057"/>
<f b="14059" a="14058" c="14060"/>
<f b="14062" a="14061" c="14063"/>
<f b="14065" a="14064" c="14066"/>
<f b="14068" a="14067" c="14069"/>
<f b="14071" a="14070" c="14072"/>
<f b="14074" a="14073" c="14075"/>
<f b="14077" a="14076" c="14078"/>
<f b="14080" a="14079" c="14081"/>
<f b="14083" a="14082" c="14084"/>
<f b="14086" a="14085" c="14087"/>
<f b="14089" a="14088" c="14090"/>
<f b="14092" a="14091" c="14093"/>
<f b="14095" a="14094" c="14096"/>
<f b="14098" a="14097" c="14099"/>
<f b="14101" a="14100" c="14102"/>
<f b="14104" a="14103" c="14105"/>
<f b="14107" a="14106" c="14108"/>
<f b="14110" a="14109" c="14111"/>
<f b="14113" a="14112" c="14114"/>
<f b="14116" a="14115" c="14117"/>
<f b="14119" a="14118" c="14120"/>
<f b="14122" a="14121" c="14123"/>
<f b="14125" a="14124" c="14126"/>
<f b="14128" a="14127" c="14129"/>
<f b="14131" a="14130" c="14132"/>
<f b="14134" a="14133" c="14135"/>
<f b="14137" a="14136" c="14138"/>
<f b="14140" a="14139" c="14141"/>
<f b="14143" a="14142" c="14144"/>
<f b="14146" a="14145" c="14147"/>
<f b="14149" a="14148" c="14150"/>
<f b="14152" a="14151" c="14153"/>
<f b="14155" a="14154" c="14156"/>
<f b="14158" a="14157" c="14159"/>
<f b="14161" a="14160" c="14162"/>
<f b="14164" a="14163" c="14165"/>
<f b="14167" a="14166" c="14168"/>
<f b="14170" a="14169" c="14171"/>
<f b="14173" a="14172" c="14174"/>
<f b="14176" a="14175" c="14177"/>
<f b="14179" a="14178" c="14180"/>
<f b="14182" a="14181" c="14183"/>
<f b="14185" a="14184" c="14186"/>
<f b="14188" a="14187" c="14189"/>
<f b="14191" a="14190" c="14192"/>
<f b="14194" a="14193" c="14195"/>
<f b="14197" a="14196" c="14198"/>
<f b="14200" a="14199" c="14201"/>
<f b="14203" a="14202" c="14204"/>
<f b="14206" a="14205" c="14207"/>
<f b="14209" a="14208" c="14210"/>
<f b="14212" a="14211" c="14213"/>
<f b="14215" a="14214" c="14216"/>
<f b="14218" a="14217" c="14219"/>
<f b="14221" a="14220" c="14222"/>
<f b="14224" a="14223" c="14225"/>
<f b="14227" a="14226" c="14228"/>
<f b="14230" a="14229" c="14231"/>
<f b="14233" a="14232" c="14234"/>
<f b="14236" a="14235" c="14237"/>
<f b="14239" a="14238" c="14240"/>
<f b="14242" a="14241" c="14243"/>
<f b="14245" a="14244" c="14246"/>
<f b="14248" a="14247" c="14249"/>
<f b="14251" a="14250" c="14252"/>
<f b="14254" a="14253" c="14255"/>
<f b="14257" a="14256" c="14258"/>
<f b="14260" a="14259" c="14261"/>
<f b="14263" a="14262" c="14264"/>
<f b="14266" a="14265" c="14267"/>
<f b="14269" a="14268" c="14270"/>
<f b="14272" a="14271" c="14273"/>
<f b="14275" a="14274" c="14276"/>
<f b="14278" a="14277" c="14279"/>
<f b="14281" a="14280" c="14282"/>
<f b="14284" a="14283" c="14285"/>
<f b="14287" a="14286" c="14288"/>
<f b="14290" a="14289" c="14291"/>
<f b="14293" a="14292" c="14294"/>
<f b="14296" a="14295" c="14297"/>
<f b="14299" a="14298" c="14300"/>
<f b="14302" a="14301" c="14303"/>
<f b="14305" a="14304" c="14306"/>
<f b="14308" a="14307" c="14309"/>
<f b="14311" a="14310" c="14312"/>
<f b="14314" a="14313" c="14315"/>
<f b="14317" a="14316" c="14318"/>
<f b="14320" a="14319" c="14321"/>
<f b="14323" a="14322" c="14324"/>
<f b="14326" a="14325" c="14327"/>
<f b="14329" a="14328" c="14330"/>
<f b="14332" a="14331" c="14333"/>
<f b="14335" a="14334" c="14336"/>
<f b="14338" a="14337" c="14339"/>
<f b="14341" a="14340" c="14342"/>
<f b="14344" a="14343" c="14345"/>
<f b="14347" a="14346" c="14348"/>
<f b="14350" a="14349" c="14351"/>
<f b="14353" a="14352" c="14354"/>
<f b="14356" a="14355" c="14357"/>
<f b="14359" a="14358" c="14360"/>
<f b="14362" a="14361" c="14363"/>
<f b="14365" a="14364" c="14366"/>
<f b="14368" a="14367" c="14369"/>
<f b="14371" a="14370" c="14372"/>
<f b="14374" a="14373" c="14375"/>
<f b="14377" a="14376" c="14378"/>
<f b="14380" a="14379" c="14381"/>
<f b="14383" a="14382" c="14384"/>
<f b="14386" a="14385" c="14387"/>
<f b="14389" a="14388" c="14390"/>
<f b="14392" a="14391" c="14393"/>
<f b="14395" a="14394" c="14396"/>
<f b="14398" a="14397" c="14399"/>
<f b="14401" a="14400" c="14402"/>
<f b="14404" a="14403" c="14405"/>
<f b="14407" a="14406" c="14408"/>
<f b="14410" a="14409" c="14411"/>
<f b="14413" a="14412" c="14414"/>
<f b="14416" a="14415" c="14417"/>
<f b="14419" a="14418" c="14420"/>
<f b="14422" a="14421" c="14423"/>
<f b="14425" a="14424" c="14426"/>
<f b="14428" a="14427" c="14429"/>
<f b="14431" a="14430" c="14432"/>
<f b="14434" a="14433" c="14435"/>
<f b="14437" a="14436" c="14438"/>
<f b="14440" a="14439" c="14441"/>
<f b="14443" a="14442" c="14444"/>
<f b="14446" a="14445" c="14447"/>
<f b="14449" a="14448" c="14450"/>
<f b="14452" a="14451" c="14453"/>
<f b="14455" a="14454" c="14456"/>
<f b="14458" a="14457" c="14459"/>
<f b="14461" a="14460" c="14462"/>
<f b="14464" a="14463" c="14465"/>
<f b="14467" a="14466" c="14468"/>
<f b="14470" a="14469" c="14471"/>
<f b="14473" a="14472" c="14474"/>
<f b="14476" a="14475" c="14477"/>
<f b="14479" a="14478" c="14480"/>
<f b="14482" a="14481" c="14483"/>
<f b="14485" a="14484" c="14486"/>
<f b="14488" a="14487" c="14489"/>
<f b="14491" a="14490" c="14492"/>
<f b="14494" a="14493" c="14495"/>
<f b="14497" a="14496" c="14498"/>
<f b="14500" a="14499" c="14501"/>
<f b="14503" a="14502" c="14504"/>
<f b="14506" a="14505" c="14507"/>
<f b="14509" a="14508" c="14510"/>
<f b="14512" a="14511" c="14513"/>
<f b="14515" a="14514" c="14516"/>
<f b="14518" a="14517" c="14519"/>
<f b="14521" a="14520" c="14522"/>
<f b="14524" a="14523" c="14525"/>
<f b="14527" a="14526" c="14528"/>
<f b="14530" a="14529" c="14531"/>
<f b="14533" a="14532" c="14534"/>
<f b="14536" a="14535" c="14537"/>
<f b="14539" a="14538" c="14540"/>
<f b="14542" a="14541" c="14543"/>
<f b="14545" a="14544" c="14546"/>
<f b="14548" a="14547" c="14549"/>
<f b="14551" a="14550" c="14552"/>
<f b="14554" a="14553" c="14555"/>
<f b="14557" a="14556" c="14558"/>
<f b="14560" a="14559" c="14561"/>
<f b="14563" a="14562" c="14564"/>
<f b="14566" a="14565" c="14567"/>
<f b="14569" a="14568" c="14570"/>
<f b="14572" a="14571" c="14573"/>
<f b="14575" a="14574" c="14576"/>
<f b="14578" a="14577" c="14579"/>
<f b="14581" a="14580" c="14582"/>
<f b="14584" a="14583" c="14585"/>
<f b="14587" a="14586" c="14588"/>
<f b="14590" a="14589" c="14591"/>
<f b="14593" a="14592" c="14594"/>
<f b="14596" a="14595" c="14597"/>
<f b="14599" a="14598" c="14600"/>
<f b="14602" a="14601" c="14603"/>
<f b="14605" a="14604" c="14606"/>
<f b="14608" a="14607" c="14609"/>
<f b="14611" a="14610" c="14612"/>
<f b="14614" a="14613" c="14615"/>
<f b="14617" a="14616" c="14618"/>
<f b="14620" a="14619" c="14621"/>
<f b="14623" a="14622" c="14624"/>
<f b="14626" a="14625" c="14627"/>
<f b="14629" a="14628" c="14630"/>
<f b="14632" a="14631" c="14633"/>
<f b="14635" a="14634" c="14636"/>
<f b="14638" a="14637" c="14639"/>
<f b="14641" a="14640" c="14642"/>
<f b="14644" a="14643" c="14645"/>
<f b="14647" a="14646" c="14648"/>
<f b="14650" a="14649" c="14651"/>
<f b="14653" a="14652" c="14654"/>
<f b="14656" a="14655" c="14657"/>
<f b="14659" a="14658" c="14660"/>
<f b="14662" a="14661" c="14663"/>
<f b="14665" a="14664" c="14666"/>
<f b="14668" a="14667" c="14669"/>
<f b="14671" a="14670" c="14672"/>
<f b="14674" a="14673" c="14675"/>
<f b="14677" a="14676" c="14678"/>
<f b="14680" a="14679" c="14681"/>
<f b="14683" a="14682" c="14684"/>
<f b="14686" a="14685" c="14687"/>
<f b="14689" a="14688" c="14690"/>
<f b="14692" a="14691" c="14693"/>
<f b="14695" a="14694" c="14696"/>
<f b="14698" a="14697" c="14699"/>
<f b="14701" a="14700" c="14702"/>
<f b="14704" a="14703" c="14705"/>
<f b="14707" a="14706" c="14708"/>
<f b="14710" a="14709" c="14711"/>
<f b="14713" a="14712" c="14714"/>
<f b="14716" a="14715" c="14717"/>
<f b="14719" a="14718" c="14720"/>
<f b="14722" a="14721" c="14723"/>
<f b="14725" a="14724" c="14726"/>
<f b="14728" a="14727" c="14729"/>
<f b="14731" a="14730" c="14732"/>
<f b="14734" a="14733" c="14735"/>
<f b="14737" a="14736" c="14738"/>
<f b="14740" a="14739" c="14741"/>
<f b="14743" a="14742" c="14744"/>
<f b="14746" a="14745" c="14747"/>
<f b="14749" a="14748" c="14750"/>
<f b="14752" a="14751" c="14753"/>
<f b="14755" a="14754" c="14756"/>
<f b="14758" a="14757" c="14759"/>
<f b="14761" a="14760" c="14762"/>
<f b="14764" a="14763" c="14765"/>
<f b="14767" a="14766" c="14768"/>
<f b="14770" a="14769" c="14771"/>
<f b="14773" a="14772" c="14774"/>
<f b="14776" a="14775" c="14777"/>
<f b="14779" a="14778" c="14780"/>
<f b="14782" a="14781" c="14783"/>
<f b="14785" a="14784" c="14786"/>
<f b="14788" a="14787" c="14789"/>
<f b="14791" a="14790" c="14792"/>
<f b="14794" a="14793" c="14795"/>
<f b="14797" a="14796" c="14798"/>
<f b="14800" a="14799" c="14801"/>
<f b="14803" a="14802" c="14804"/>
<f b="14806" a="14805" c="14807"/>
<f b="14809" a="14808" c="14810"/>
<f b="14812" a="14811" c="14813"/>
<f b="14815" a="14814" c="14816"/>
<f b="14818" a="14817" c="14819"/>
<f b="14821" a="14820" c="14822"/>
<f b="14824" a="14823" c="14825"/>
<f b="14827" a="14826" c="14828"/>
<f b="14830" a="14829" c="14831"/>
<f b="14833" a="14832" c="14834"/>
<f b="14836" a="14835" c="14837"/>
<f b="14839" a="14838" c="14840"/>
<f b="14842" a="14841" c="14843"/>
<f b="14845" a="14844" c="14846"/>
<f b="14848" a="14847" c="14849"/>
<f b="14851" a="14850" c="14852"/>
<f b="14854" a="14853" c="14855"/>
<f b="14857" a="14856" c="14858"/>
<f b="14860" a="14859" c="14861"/>
<f b="14863" a="14862" c="14864"/>
<f b="14866" a="14865" c="14867"/>
<f b="14869" a="14868" c="14870"/>
<f b="14872" a="14871" c="14873"/>
<f b="14875" a="14874" c="14876"/>
<f b="14878" a="14877" c="14879"/>
<f b="14881" a="14880" c="14882"/>
<f b="14884" a="14883" c="14885"/>
<f b="14887" a="14886" c="14888"/>
<f b="14890" a="14889" c="14891"/>
<f b="14893" a="14892" c="14894"/>
<f b="14896" a="14895" c="14897"/>
<f b="14899" a="14898" c="14900"/>
<f b="14902" a="14901" c="14903"/>
<f b="14905" a="14904" c="14906"/>
<f b="14908" a="14907" c="14909"/>
<f b="14911" a="14910" c="14912"/>
<f b="14914" a="14913" c="14915"/>
<f b="14917" a="14916" c="14918"/>
<f b="14920" a="14919" c="14921"/>
<f b="14923" a="14922" c="14924"/>
<f b="14926" a="14925" c="14927"/>
<f b="14929" a="14928" c="14930"/>
<f b="14932" a="14931" c="14933"/>
<f b="14935" a="14934" c="14936"/>
<f b="14938" a="14937" c="14939"/>
<f b="14941" a="14940" c="14942"/>
<f b="14944" a="14943" c="14945"/>
<f b="14947" a="14946" c="14948"/>
<f b="14950" a="14949" c="14951"/>
<f b="14953" a="14952" c="14954"/>
<f b="14956" a="14955" c="14957"/>
<f b="14959" a="14958" c="14960"/>
<f b="14962" a="14961" c="14963"/>
<f b="14965" a="14964" c="14966"/>
<f b="14968" a="14967" c="14969"/>
<f b="14971" a="14970" c="14972"/>
<f b="14974" a="14973" c="14975"/>
<f b="14977" a="14976" c="14978"/>
<f b="14980" a="14979" c="14981"/>
<f b="14983" a="14982" c="14984"/>
<f b="14986" a="14985" c="14987"/>
<f b="14989" a="14988" c="14990"/>
<f b="14992" a="14991" c="14993"/>
<f b="14995" a="14994" c="14996"/>
<f b="14998" a="14997" c="14999"/>
<f b="15001" a="15000" c="15002"/>
<f b="15004" a="15003" c="15005"/>
<f b="15007" a="15006" c="15008"/>
<f b="15010" a="15009" c="15011"/>
<f b="15013" a="15012" c="15014"/>
<f b="15016" a="15015" c="15017"/>
<f b="15019" a="15018" c="15020"/>
<f b="15022" a="15021" c="15023"/>
<f b="15025" a="15024" c="15026"/>
<f b="15028" a="15027" c="15029"/>
<f b="15031" a="15030" c="15032"/>
<f b="15034" a="15033" c="15035"/>
<f b="15037" a="15036" c="15038"/>
<f b="15040" a="15039" c="15041"/>
<f b="15043" a="15042" c="15044"/>
<f b="15046" a="15045" c="15047"/>
<f b="15049" a="15048" c="15050"/>
<f b="15052" a="15051" c="15053"/>
<f b="15055" a="15054" c="15056"/>
<f b="15058" a="15057" c="15059"/>
<f b="15061" a="15060" c="15062"/>
<f b="15064" a="15063" c="15065"/>
<f b="15067" a="15066" c="15068"/>
<f b="15070" a="15069" c="15071"/>
<f b="15073" a="15072" c="15074"/>
<f b="15076" a="15075" c="15077"/>
<f b="15079" a="15078" c="15080"/>
<f b="15082" a="15081" c="15083"/>
<f b="15085" a="15084" c="15086"/>
<f b="15088" a="15087" c="15089"/>
<f b="15091" a="15090" c="15092"/>
<f b="15094" a="15093" c="15095"/>
<f b="15097" a="15096" c="15098"/>
<f b="15100" a="15099" c="15101"/>
<f b="15103" a="15102" c="15104"/>
<f b="15106" a="15105" c="15107"/>
<f b="15109" a="15108" c="15110"/>
<f b="15112" a="15111" c="15113"/>
<f b="15115" a="15114" c="15116"/>
<f b="15118" a="15117" c="15119"/>
<f b="15121" a="15120" c="15122"/>
<f b="15124" a="15123" c="15125"/>
<f b="15127" a="15126" c="15128"/>
<f b="15130" a="15129" c="15131"/>
<f b="15133" a="15132" c="15134"/>
<f b="15136" a="15135" c="15137"/>
<f b="15139" a="15138" c="15140"/>
<f b="15142" a="15141" c="15143"/>
<f b="15145" a="15144" c="15146"/>
<f b="15148" a="15147" c="15149"/>
<f b="15151" a="15150" c="15152"/>
<f b="15154" a="15153" c="15155"/>
<f b="15157" a="15156" c="15158"/>
<f b="15160" a="15159" c="15161"/>
<f b="15163" a="15162" c="15164"/>
<f b="15166" a="15165" c="15167"/>
<f b="15169" a="15168" c="15170"/>
<f b="15172" a="15171" c="15173"/>
<f b="15175" a="15174" c="15176"/>
<f b="15178" a="15177" c="15179"/>
<f b="15181" a="15180" c="15182"/>
<f b="15184" a="15183" c="15185"/>
<f b="15187" a="15186" c="15188"/>
<f b="15190" a="15189" c="15191"/>
<f b="15193" a="15192" c="15194"/>
<f b="15196" a="15195" c="15197"/>
<f b="15199" a="15198" c="15200"/>
<f b="15202" a="15201" c="15203"/>
<f b="15205" a="15204" c="15206"/>
<f b="15208" a="15207" c="15209"/>
<f b="15211" a="15210" c="15212"/>
<f b="15214" a="15213" c="15215"/>
<f b="15217" a="15216" c="15218"/>
<f b="15220" a="15219" c="15221"/>
<f b="15223" a="15222" c="15224"/>
<f b="15226" a="15225" c="15227"/>
<f b="15229" a="15228" c="15230"/>
<f b="15232" a="15231" c="15233"/>
<f b="15235" a="15234" c="15236"/>
<f b="15238" a="15237" c="15239"/>
<f b="15241" a="15240" c="15242"/>
<f b="15244" a="15243" c="15245"/>
<f b="15247" a="15246" c="15248"/>
<f b="15250" a="15249" c="15251"/>
<f b="15253" a="15252" c="15254"/>
<f b="15256" a="15255" c="15257"/>
<f b="15259" a="15258" c="15260"/>
<f b="15262" a="15261" c="15263"/>
<f b="15265" a="15264" c="15266"/>
<f b="15268" a="15267" c="15269"/>
<f b="15271" a="15270" c="15272"/>
<f b="15274" a="15273" c="15275"/>
<f b="15277" a="15276" c="15278"/>
<f b="15280" a="15279" c="15281"/>
<f b="15283" a="15282" c="15284"/>
<f b="15286" a="15285" c="15287"/>
<f b="15289" a="15288" c="15290"/>
<f b="15292" a="15291" c="15293"/>
<f b="15295" a="15294" c="15296"/>
<f b="15298" a="15297" c="15299"/>
<f b="15301" a="15300" c="15302"/>
<f b="15304" a="15303" c="15305"/>
<f b="15307" a="15306" c="15308"/>
<f b="15310" a="15309" c="15311"/>
<f b="15313" a="15312" c="15314"/>
<f b="15316" a="15315" c="15317"/>
<f b="15319" a="15318" c="15320"/>
<f b="15322" a="15321" c="15323"/>
<f b="15325" a="15324" c="15326"/>
<f b="15328" a="15327" c="15329"/>
<f b="15331" a="15330" c="15332"/>
<f b="15334" a="15333" c="15335"/>
<f b="15337" a="15336" c="15338"/>
<f b="15340" a="15339" c="15341"/>
<f b="15343" a="15342" c="15344"/>
<f b="15346" a="15345" c="15347"/>
<f b="15349" a="15348" c="15350"/>
<f b="15352" a="15351" c="15353"/>
<f b="15355" a="15354" c="15356"/>
<f b="15358" a="15357" c="15359"/>
<f b="15361" a="15360" c="15362"/>
<f b="15364" a="15363" c="15365"/>
<f b="15367" a="15366" c="15368"/>
<f b="15370" a="15369" c="15371"/>
<f b="15373" a="15372" c="15374"/>
<f b="15376" a="15375" c="15377"/>
<f b="15379" a="15378" c="15380"/>
<f b="15382" a="15381" c="15383"/>
<f b="15385" a="15384" c="15386"/>
<f b="15388" a="15387" c="15389"/>
<f b="15391" a="15390" c="15392"/>
<f b="15394" a="15393" c="15395"/>
<f b="15397" a="15396" c="15398"/>
<f b="15400" a="15399" c="15401"/>
<f b="15403" a="15402" c="15404"/>
<f b="15406" a="15405" c="15407"/>
<f b="15409" a="15408" c="15410"/>
<f b="15412" a="15411" c="15413"/>
<f b="15415" a="15414" c="15416"/>
<f b="15418" a="15417" c="15419"/>
<f b="15421" a="15420" c="15422"/>
<f b="15424" a="15423" c="15425"/>
<f b="15427" a="15426" c="15428"/>
<f b="15430" a="15429" c="15431"/>
<f b="15433" a="15432" c="15434"/>
<f b="15436" a="15435" c="15437"/>
<f b="15439" a="15438" c="15440"/>
<f b="15442" a="15441" c="15443"/>
<f b="15445" a="15444" c="15446"/>
<f b="15448" a="15447" c="15449"/>
<f b="15451" a="15450" c="15452"/>
<f b="15454" a="15453" c="15455"/>
<f b="15457" a="15456" c="15458"/>
<f b="15460" a="15459" c="15461"/>
<f b="15463" a="15462" c="15464"/>
<f b="15466" a="15465" c="15467"/>
<f b="15469" a="15468" c="15470"/>
<f b="15472" a="15471" c="15473"/>
<f b="15475" a="15474" c="15476"/>
<f b="15478" a="15477" c="15479"/>
<f b="15481" a="15480" c="15482"/>
<f b="15484" a="15483" c="15485"/>
<f b="15487" a="15486" c="15488"/>
<f b="15490" a="15489" c="15491"/>
<f b="15493" a="15492" c="15494"/>
<f b="15496" a="15495" c="15497"/>
<f b="15499" a="15498" c="15500"/>
<f b="15502" a="15501" c="15503"/>
<f b="15505" a="15504" c="15506"/>
<f b="15508" a="15507" c="15509"/>
<f b="15511" a="15510" c="15512"/>
<f b="15514" a="15513" c="15515"/>
<f b="15517" a="15516" c="15518"/>
<f b="15520" a="15519" c="15521"/>
<f b="15523" a="15522" c="15524"/>
<f b="15526" a="15525" c="15527"/>
<f b="15529" a="15528" c="15530"/>
<f b="15532" a="15531" c="15533"/>
<f b="15535" a="15534" c="15536"/>
<f b="15538" a="15537" c="15539"/>
<f b="15541" a="15540" c="15542"/>
<f b="15544" a="15543" c="15545"/>
<f b="15547" a="15546" c="15548"/>
<f b="15550" a="15549" c="15551"/>
<f b="15553" a="15552" c="15554"/>
<f b="15556" a="15555" c="15557"/>
<f b="15559" a="15558" c="15560"/>
<f b="15562" a="15561" c="15563"/>
<f b="15565" a="15564" c="15566"/>
<f b="15568" a="15567" c="15569"/>
<f b="15571" a="15570" c="15572"/>
<f b="15574" a="15573" c="15575"/>
<f b="15577" a="15576" c="15578"/>
<f b="15580" a="15579" c="15581"/>
<f b="15583" a="15582" c="15584"/>
<f b="15586" a="15585" c="15587"/>
<f b="15589" a="15588" c="15590"/>
<f b="15592" a="15591" c="15593"/>
<f b="15595" a="15594" c="15596"/>
<f b="15598" a="15597" c="15599"/>
<f b="15601" a="15600" c="15602"/>
<f b="15604" a="15603" c="15605"/>
<f b="15607" a="15606" c="15608"/>
<f b="15610" a="15609" c="15611"/>
<f b="15613" a="15612" c="15614"/>
<f b="15616" a="15615" c="15617"/>
<f b="15619" a="15618" c="15620"/>
<f b="15622" a="15621" c="15623"/>
<f b="15625" a="15624" c="15626"/>
<f b="15628" a="15627" c="15629"/>
<f b="15631" a="15630" c="15632"/>
<f b="15634" a="15633" c="15635"/>
<f b="15637" a="15636" c="15638"/>
<f b="15640" a="15639" c="15641"/>
<f b="15643" a="15642" c="15644"/>
<f b="15646" a="15645" c="15647"/>
<f b="15649" a="15648" c="15650"/>
<f b="15652" a="15651" c="15653"/>
<f b="15655" a="15654" c="15656"/>
<f b="15658" a="15657" c="15659"/>
<f b="15661" a="15660" c="15662"/>
<f b="15664" a="15663" c="15665"/>
<f b="15667" a="15666" c="15668"/>
<f b="15670" a="15669" c="15671"/>
<f b="15673" a="15672" c="15674"/>
<f b="15676" a="15675" c="15677"/>
<f b="15679" a="15678" c="15680"/>
<f b="15682" a="15681" c="15683"/>
<f b="15685" a="15684" c="15686"/>
<f b="15688" a="15687" c="15689"/>
<f b="15691" a="15690" c="15692"/>
<f b="15694" a="15693" c="15695"/>
<f b="15697" a="15696" c="15698"/>
<f b="15700" a="15699" c="15701"/>
<f b="15703" a="15702" c="15704"/>
<f b="15706" a="15705" c="15707"/>
<f b="15709" a="15708" c="15710"/>
<f b="15712" a="15711" c="15713"/>
<f b="15715" a="15714" c="15716"/>
<f b="15718" a="15717" c="15719"/>
<f b="15721" a="15720" c="15722"/>
<f b="15724" a="15723" c="15725"/>
<f b="15727" a="15726" c="15728"/>
<f b="15730" a="15729" c="15731"/>
<f b="15733" a="15732" c="15734"/>
<f b="15736" a="15735" c="15737"/>
<f b="15739" a="15738" c="15740"/>
<f b="15742" a="15741" c="15743"/>
<f b="15745" a="15744" c="15746"/>
<f b="15748" a="15747" c="15749"/>
<f b="15751" a="15750" c="15752"/>
<f b="15754" a="15753" c="15755"/>
<f b="15757" a="15756" c="15758"/>
<f b="15760" a="15759" c="15761"/>
<f b="15763" a="15762" c="15764"/>
<f b="15766" a="15765" c="15767"/>
<f b="15769" a="15768" c="15770"/>
<f b="15772" a="15771" c="15773"/>
<f b="15775" a="15774" c="15776"/>
<f b="15778" a="15777" c="15779"/>
<f b="15781" a="15780" c="15782"/>
<f b="15784" a="15783" c="15785"/>
<f b="15787" a="15786" c="15788"/>
<f b="15790" a="15789" c="15791"/>
<f b="15793" a="15792" c="15794"/>
<f b="15796" a="15795" c="15797"/>
<f b="15799" a="15798" c="15800"/>
<f b="15802" a="15801" c="15803"/>
<f b="15805" a="15804" c="15806"/>
<f b="15808" a="15807" c="15809"/>
<f b="15811" a="15810" c="15812"/>
<f b="15814" a="15813" c="15815"/>
<f b="15817" a="15816" c="15818"/>
<f b="15820" a="15819" c="15821"/>
<f b="15823" a="15822" c="15824"/>
<f b="15826" a="15825" c="15827"/>
<f b="15829" a="15828" c="15830"/>
<f b="15832" a="15831" c="15833"/>
<f b="15835" a="15834" c="15836"/>
<f b="15838" a="15837" c="15839"/>
<f b="15841" a="15840" c="15842"/>
<f b="15844" a="15843" c="15845"/>
<f b="15847" a="15846" c="15848"/>
<f b="15850" a="15849" c="15851"/>
<f b="15853" a="15852" c="15854"/>
<f b="15856" a="15855" c="15857"/>
<f b="15859" a="15858" c="15860"/>
<f b="15862" a="15861" c="15863"/>
<f b="15865" a="15864" c="15866"/>
<f b="15868" a="15867" c="15869"/>
<f b="15871" a="15870" c="15872"/>
<f b="15874" a="15873" c="15875"/>
<f b="15877" a="15876" c="15878"/>
<f b="15880" a="15879" c="15881"/>
<f b="15883" a="15882" c="15884"/>
<f b="15886" a="15885" c="15887"/>
<f b="15889" a="15888" c="15890"/>
<f b="15892" a="15891" c="15893"/>
<f b="15895" a="15894" c="15896"/>
<f b="15898" a="15897" c="15899"/>
<f b="15901" a="15900" c="15902"/>
<f b="15904" a="15903" c="15905"/>
<f b="15907" a="15906" c="15908"/>
<f b="15910" a="15909" c="15911"/>
<f b="15913" a="15912" c="15914"/>
<f b="15916" a="15915" c="15917"/>
<f b="15919" a="15918" c="15920"/>
<f b="15922" a="15921" c="15923"/>
<f b="15925" a="15924" c="15926"/>
<f b="15928" a="15927" c="15929"/>
<f b="15931" a="15930" c="15932"/>
<f b="15934" a="15933" c="15935"/>
<f b="15937" a="15936" c="15938"/>
<f b="15940" a="15939" c="15941"/>
<f b="15943" a="15942" c="15944"/>
<f b="15946" a="15945" c="15947"/>
<f b="15949" a="15948" c="15950"/>
<f b="15952" a="15951" c="15953"/>
<f b="15955" a="15954" c="15956"/>
<f b="15958" a="15957" c="15959"/>
<f b="15961" a="15960" c="15962"/>
<f b="15964" a="15963" c="15965"/>
<f b="15967" a="15966" c="15968"/>
<f b="15970" a="15969" c="15971"/>
<f b="15973" a="15972" c="15974"/>
<f b="15976" a="15975" c="15977"/>
<f b="15979" a="15978" c="15980"/>
<f b="15982" a="15981" c="15983"/>
<f b="15985" a="15984" c="15986"/>
<f b="15988" a="15987" c="15989"/>
<f b="15991" a="15990" c="15992"/>
<f b="15994" a="15993" c="15995"/>
<f b="15997" a="15996" c="15998"/>
<f b="16000" a="15999" c="16001"/>
<f b="16003" a="16002" c="16004"/>
<f b="16006" a="16005" c="16007"/>
<f b="16009" a="16008" c="16010"/>
<f b="16012" a="16011" c="16013"/>
<f b="16015" a="16014" c="16016"/>
<f b="16018" a="16017" c="16019"/>
<f b="16021" a="16020" c="16022"/>
<f b="16024" a="16023" c="16025"/>
<f b="16027" a="16026" c="16028"/>
<f b="16030" a="16029" c="16031"/>
<f b="16033" a="16032" c="16034"/>
<f b="16036" a="16035" c="16037"/>
<f b="16039" a="16038" c="16040"/>
<f b="16042" a="16041" c="16043"/>
<f b="16045" a="16044" c="16046"/>
<f b="16048" a="16047" c="16049"/>
<f b="16051" a="16050" c="16052"/>
<f b="16054" a="16053" c="16055"/>
<f b="16057" a="16056" c="16058"/>
<f b="16060" a="16059" c="16061"/>
<f b="16063" a="16062" c="16064"/>
<f b="16066" a="16065" c="16067"/>
<f b="16069" a="16068" c="16070"/>
<f b="16072" a="16071" c="16073"/>
<f b="16075" a="16074" c="16076"/>
<f b="16078" a="16077" c="16079"/>
<f b="16081" a="16080" c="16082"/>
<f b="16084" a="16083" c="16085"/>
<f b="16087" a="16086" c="16088"/>
<f b="16090" a="16089" c="16091"/>
<f b="16093" a="16092" c="16094"/>
<f b="16096" a="16095" c="16097"/>
<f b="16099" a="16098" c="16100"/>
<f b="16102" a="16101" c="16103"/>
<f b="16105" a="16104" c="16106"/>
<f b="16108" a="16107" c="16109"/>
<f b="16111" a="16110" c="16112"/>
<f b="16114" a="16113" c="16115"/>
<f b="16117" a="16116" c="16118"/>
<f b="16120" a="16119" c="16121"/>
<f b="16123" a="16122" c="16124"/>
<f b="16126" a="16125" c="16127"/>
<f b="16129" a="16128" c="16130"/>
<f b="16132" a="16131" c="16133"/>
<f b="16135" a="16134" c="16136"/>
<f b="16138" a="16137" c="16139"/>
<f b="16141" a="16140" c="16142"/>
<f b="16144" a="16143" c="16145"/>
<f b="16147" a="16146" c="16148"/>
<f b="16150" a="16149" c="16151"/>
<f b="16153" a="16152" c="16154"/>
<f b="16156" a="16155" c="16157"/>
<f b="16159" a="16158" c="16160"/>
<f b="16162" a="16161" c="16163"/>
<f b="16165" a="16164" c="16166"/>
<f b="16168" a="16167" c="16169"/>
<f b="16171" a="16170" c="16172"/>
<f b="16174" a="16173" c="16175"/>
<f b="16177" a="16176" c="16178"/>
<f b="16180" a="16179" c="16181"/>
<f b="16183" a="16182" c="16184"/>
<f b="16186" a="16185" c="16187"/>
<f b="16189" a="16188" c="16190"/>
<f b="16192" a="16191" c="16193"/>
<f b="16195" a="16194" c="16196"/>
<f b="16198" a="16197" c="16199"/>
<f b="16201" a="16200" c="16202"/>
<f b="16204" a="16203" c="16205"/>
<f b="16207" a="16206" c="16208"/>
<f b="16210" a="16209" c="16211"/>
<f b="16213" a="16212" c="16214"/>
<f b="16216" a="16215" c="16217"/>
<f b="16219" a="16218" c="16220"/>
<f b="16222" a="16221" c="16223"/>
<f b="16225" a="16224" c="16226"/>
<f b="16228" a="16227" c="16229"/>
<f b="16231" a="16230" c="16232"/>
<f b="16234" a="16233" c="16235"/>
<f b="16237" a="16236" c="16238"/>
<f b="16240" a="16239" c="16241"/>
<f b="16243" a="16242" c="16244"/>
<f b="16246" a="16245" c="16247"/>
<f b="16249" a="16248" c="16250"/>
<f b="16252" a="16251" c="16253"/>
<f b="16255" a="16254" c="16256"/>
<f b="16258" a="16257" c="16259"/>
<f b="16261" a="16260" c="16262"/>
<f b="16264" a="16263" c="16265"/>
<f b="16267" a="16266" c="16268"/>
<f b="16270" a="16269" c="16271"/>
<f b="16273" a="16272" c="16274"/>
<f b="16276" a="16275" c="16277"/>
<f b="16279" a="16278" c="16280"/>
<f b="16282" a="16281" c="16283"/>
<f b="16285" a="16284" c="16286"/>
<f b="16288" a="16287" c="16289"/>
<f b="16291" a="16290" c="16292"/>
<f b="16294" a="16293" c="16295"/>
<f b="16297" a="16296" c="16298"/>
<f b="16300" a="16299" c="16301"/>
<f b="16303" a="16302" c="16304"/>
<f b="16306" a="16305" c="16307"/>
<f b="16309" a="16308" c="16310"/>
<f b="16312" a="16311" c="16313"/>
<f b="16315" a="16314" c="16316"/>
<f b="16318" a="16317" c="16319"/>
<f b="16321" a="16320" c="16322"/>
<f b="16324" a="16323" c="16325"/>
<f b="16327" a="16326" c="16328"/>
<f b="16330" a="16329" c="16331"/>
<f b="16333" a="16332" c="16334"/>
<f b="16336" a="16335" c="16337"/>
<f b="16339" a="16338" c="16340"/>
<f b="16342" a="16341" c="16343"/>
<f b="16345" a="16344" c="16346"/>
<f b="16348" a="16347" c="16349"/>
<f b="16351" a="16350" c="16352"/>
<f b="16354" a="16353" c="16355"/>
<f b="16357" a="16356" c="16358"/>
<f b="16360" a="16359" c="16361"/>
<f b="16363" a="16362" c="16364"/>
<f b="16366" a="16365" c="16367"/>
<f b="16369" a="16368" c="16370"/>
<f b="16372" a="16371" c="16373"/>
<f b="16375" a="16374" c="16376"/>
<f b="16378" a="16377" c="16379"/>
<f b="16381" a="16380" c="16382"/>
<f b="16384" a="16383" c="16385"/>
<f b="16387" a="16386" c="16388"/>
<f b="16390" a="16389" c="16391"/>
<f b="16393" a="16392" c="16394"/>
<f b="16396" a="16395" c="16397"/>
<f b="16399" a="16398" c="16400"/>
<f b="16402" a="16401" c="16403"/>
<f b="16405" a="16404" c="16406"/>
<f b="16408" a="16407" c="16409"/>
<f b="16411" a="16410" c="16412"/>
<f b="16414" a="16413" c="16415"/>
<f b="16417" a="16416" c="16418"/>
<f b="16420" a="16419" c="16421"/>
<f b="16423" a="16422" c="16424"/>
<f b="16426" a="16425" c="16427"/>
<f b="16429" a="16428" c="16430"/>
<f b="16432" a="16431" c="16433"/>
<f b="16435" a="16434" c="16436"/>
<f b="16438" a="16437" c="16439"/>
<f b="16441" a="16440" c="16442"/>
<f b="16444" a="16443" c="16445"/>
<f b="16447" a="16446" c="16448"/>
<f b="16450" a="16449" c="16451"/>
<f b="16453" a="16452" c="16454"/>
<f b="16456" a="16455" c="16457"/>
<f b="16459" a="16458" c="16460"/>
<f b="16462" a="16461" c="16463"/>
<f b="16465" a="16464" c="16466"/>
<f b="16468" a="16467" c="16469"/>
<f b="16471" a="16470" c="16472"/>
<f b="16474" a="16473" c="16475"/>
<f b="16477" a="16476" c="16478"/>
<f b="16480" a="16479" c="16481"/>
<f b="16483" a="16482" c="16484"/>
<f b="16486" a="16485" c="16487"/>
<f b="16489" a="16488" c="16490"/>
<f b="16492" a="16491" c="16493"/>
<f b="16495" a="16494" c="16496"/>
<f b="16498" a="16497" c="16499"/>
<f b="16501" a="16500" c="16502"/>
<f b="16504" a="16503" c="16505"/>
<f b="16507" a="16506" c="16508"/>
<f b="16510" a="16509" c="16511"/>
<f b="16513" a="16512" c="16514"/>
<f b="16516" a="16515" c="16517"/>
<f b="16519" a="16518" c="16520"/>
<f b="16522" a="16521" c="16523"/>
<f b="16525" a="16524" c="16526"/>
<f b="16528" a="16527" c="16529"/>
<f b="16531" a="16530" c="16532"/>
<f b="16534" a="16533" c="16535"/>
<f b="16537" a="16536" c="16538"/>
<f b="16540" a="16539" c="16541"/>
<f b="16543" a="16542" c="16544"/>
<f b="16546" a="16545" c="16547"/>
<f b="16549" a="16548" c="16550"/>
<f b="16552" a="16551" c="16553"/>
<f b="16555" a="16554" c="16556"/>
<f b="16558" a="16557" c="16559"/>
<f b="16561" a="16560" c="16562"/>
<f b="16564" a="16563" c="16565"/>
<f b="16567" a="16566" c="16568"/>
<f b="16570" a="16569" c="16571"/>
<f b="16573" a="16572" c="16574"/>
<f b="16576" a="16575" c="16577"/>
<f b="16579" a="16578" c="16580"/>
<f b="16582" a="16581" c="16583"/>
<f b="16585" a="16584" c="16586"/>
<f b="16588" a="16587" c="16589"/>
<f b="16591" a="16590" c="16592"/>
<f b="16594" a="16593" c="16595"/>
<f b="16597" a="16596" c="16598"/>
<f b="16600" a="16599" c="16601"/>
<f b="16603" a="16602" c="16604"/>
<f b="16606" a="16605" c="16607"/>
<f b="16609" a="16608" c="16610"/>
<f b="16612" a="16611" c="16613"/>
<f b="16615" a="16614" c="16616"/>
<f b="16618" a="16617" c="16619"/>
<f b="16621" a="16620" c="16622"/>
<f b="16624" a="16623" c="16625"/>
<f b="16627" a="16626" c="16628"/>
<f b="16630" a="16629" c="16631"/>
<f b="16633" a="16632" c="16634"/>
<f b="16636" a="16635" c="16637"/>
<f b="16639" a="16638" c="16640"/>
<f b="16642" a="16641" c="16643"/>
<f b="16645" a="16644" c="16646"/>
<f b="16648" a="16647" c="16649"/>
<f b="16651" a="16650" c="16652"/>
<f b="16654" a="16653" c="16655"/>
<f b="16657" a="16656" c="16658"/>
<f b="16660" a="16659" c="16661"/>
<f b="16663" a="16662" c="16664"/>
<f b="16666" a="16665" c="16667"/>
<f b="16669" a="16668" c="16670"/>
<f b="16672" a="16671" c="16673"/>
<f b="16675" a="16674" c="16676"/>
<f b="16678" a="16677" c="16679"/>
<f b="16681" a="16680" c="16682"/>
<f b="16684" a="16683" c="16685"/>
<f b="16687" a="16686" c="16688"/>
<f b="16690" a="16689" c="16691"/>
<f b="16693" a="16692" c="16694"/>
<f b="16696" a="16695" c="16697"/>
<f b="16699" a="16698" c="16700"/>
<f b="16702" a="16701" c="16703"/>
<f b="16705" a="16704" c="16706"/>
<f b="16708" a="16707" c="16709"/>
<f b="16711" a="16710" c="16712"/>
<f b="16714" a="16713" c="16715"/>
<f b="16717" a="16716" c="16718"/>
<f b="16720" a="16719" c="16721"/>
<f b="16723" a="16722" c="16724"/>
<f b="16726" a="16725" c="16727"/>
<f b="16729" a="16728" c="16730"/>
<f b="16732" a="16731" c="16733"/>
<f b="16735" a="16734" c="16736"/>
<f b="16738" a="16737" c="16739"/>
<f b="16741" a="16740" c="16742"/>
<f b="16744" a="16743" c="16745"/>
<f b="16747" a="16746" c="16748"/>
<f b="16750" a="16749" c="16751"/>
<f b="16753" a="16752" c="16754"/>
<f b="16756" a="16755" c="16757"/>
<f b="16759" a="16758" c="16760"/>
<f b="16762" a="16761" c="16763"/>
<f b="16765" a="16764" c="16766"/>
<f b="16768" a="16767" c="16769"/>
<f b="16771" a="16770" c="16772"/>
<f b="16774" a="16773" c="16775"/>
<f b="16777" a="16776" c="16778"/>
<f b="16780" a="16779" c="16781"/>
<f b="16783" a="16782" c="16784"/>
<f b="16786" a="16785" c="16787"/>
<f b="16789" a="16788" c="16790"/>
<f b="16792" a="16791" c="16793"/>
<f b="16795" a="16794" c="16796"/>
<f b="16798" a="16797" c="16799"/>
<f b="16801" a="16800" c="16802"/>
<f b="16804" a="16803" c="16805"/>
<f b="16807" a="16806" c="16808"/>
<f b="16810" a="16809" c="16811"/>
<f b="16813" a="16812" c="16814"/>
<f b="16816" a="16815" c="16817"/>
<f b="16819" a="16818" c="16820"/>
<f b="16822" a="16821" c="16823"/>
<f b="16825" a="16824" c="16826"/>
<f b="16828" a="16827" c="16829"/>
<f b="16831" a="16830" c="16832"/>
<f b="16834" a="16833" c="16835"/>
<f b="16837" a="16836" c="16838"/>
<f b="16840" a="16839" c="16841"/>
<f b="16843" a="16842" c="16844"/>
<f b="16846" a="16845" c="16847"/>
<f b="16849" a="16848" c="16850"/>
<f b="16852" a="16851" c="16853"/>
<f b="16855" a="16854" c="16856"/>
<f b="16858" a="16857" c="16859"/>
<f b="16861" a="16860" c="16862"/>
<f b="16864" a="16863" c="16865"/>
<f b="16867" a="16866" c="16868"/>
<f b="16870" a="16869" c="16871"/>
<f b="16873" a="16872" c="16874"/>
<f b="16876" a="16875" c="16877"/>
<f b="16879" a="16878" c="16880"/>
<f b="16882" a="16881" c="16883"/>
<f b="16885" a="16884" c="16886"/>
<f b="16888" a="16887" c="16889"/>
<f b="16891" a="16890" c="16892"/>
<f b="16894" a="16893" c="16895"/>
<f b="16897" a="16896" c="16898"/>
<f b="16900" a="16899" c="16901"/>
<f b="16903" a="16902" c="16904"/>
<f b="16906" a="16905" c="16907"/>
<f b="16909" a="16908" c="16910"/>
<f b="16912" a="16911" c="16913"/>
<f b="16915" a="16914" c="16916"/>
<f b="16918" a="16917" c="16919"/>
<f b="16921" a="16920" c="16922"/>
<f b="16924" a="16923" c="16925"/>
<f b="16927" a="16926" c="16928"/>
<f b="16930" a="16929" c="16931"/>
<f b="16933" a="16932" c="16934"/>
<f b="16936" a="16935" c="16937"/>
<f b="16939" a="16938" c="16940"/>
<f b="16942" a="16941" c="16943"/>
<f b="16945" a="16944" c="16946"/>
<f b="16948" a="16947" c="16949"/>
<f b="16951" a="16950" c="16952"/>
<f b="16954" a="16953" c="16955"/>
<f b="16957" a="16956" c="16958"/>
<f b="16960" a="16959" c="16961"/>
<f b="16963" a="16962" c="16964"/>
<f b="16966" a="16965" c="16967"/>
<f b="16969" a="16968" c="16970"/>
<f b="16972" a="16971" c="16973"/>
<f b="16975" a="16974" c="16976"/>
<f b="16978" a="16977" c="16979"/>
<f b="16981" a="16980" c="16982"/>
<f b="16984" a="16983" c="16985"/>
<f b="16987" a="16986" c="16988"/>
<f b="16990" a="16989" c="16991"/>
<f b="16993" a="16992" c="16994"/>
<f b="16996" a="16995" c="16997"/>
<f b="16999" a="16998" c="17000"/>
<f b="17002" a="17001" c="17003"/>
<f b="17005" a="17004" c="17006"/>
<f b="17008" a="17007" c="17009"/>
<f b="17011" a="17010" c="17012"/>
<f b="17014" a="17013" c="17015"/>
</mesh>
<camera name="cam">
<from x="0.0" z="480.0" y="0.0"/>
<resx ival="640"/>
<resy ival="480"/>
<to x="0.0" z="0.0" y="0.0"/>
<type sval="perspective"/>
<up x="0.0" z="0.0" y="1.0"/>
</camera>
</scene>
